2.1997 	WARNING 	sounddevice audio lib was requested but not loaded: sounddevice not working
73.5181 	WARNING 	User requested fullscreen with size [1024  768], but screen is actually [1440, 900]. Using actual size
74.3216 	EXP 	Created window1 = Window(allowGUI=False, allowStencil=False, args=UNKNOWN, autoLog=True, bitsMode=UNKNOWN, blendMode='avg', color=array([0., 0., 0.]), colorSpace='rgb', fullscr=<method-wrapper '__getattribute__' of attributeSetter object at 0x10e483cf8>, gamma=None, kwargs=UNKNOWN, lms=UNKNOWN, monitor=<psychopy.monitors.calibTools.Monitor object at 0x1107d57b8>, multiSample=False, name='window1', numSamples=2, pos=[0.0, 0.0], screen=0, size=array([1440,  900]), stereo=False, units='norm', useFBO=True, useRetina=False, viewOri=0.0, viewPos=None, viewScale=None, waitBlanking=True, winType='pyglet')
74.3217 	EXP 	window1: recordFrameIntervals = False
74.5207 	EXP 	window1: recordFrameIntervals = True
74.7045 	EXP 	window1: recordFrameIntervals = False
74.8701 	EXP 	Created welcome_2 = TextStim(__class__=<class 'psychopy.visual.text.TextStim'>, alignHoriz='center', alignVert='center', antialias=True, autoLog=True, bold=False, color='white', colorSpace='named', contrast=1.0, depth=0.0, flipHoriz=False, flipVert=False, font='Arial', fontFiles=[], height=0.1, italic=False, languageStyle='LTR', name='welcome_2', opacity=1.0, ori=0, pos=array([0. , 0.5]), rgb=array([255., 255., 255.]), text='default text', units='norm', win=Window(...), wrapWidth=1)
74.8722 	EXP 	Created image_10 = ImageStim(__class__=<class 'psychopy.visual.image.ImageStim'>, autoLog=True, color=array([1., 1., 1.]), colorSpace='rgb', contrast=1.0, depth=-3.0, flipHoriz=False, flipVert=False, image='sin', interpolate=True, mask=None, maskParams=None, name='image_10', opacity=1.0, ori=0.0, pos=array([ 0. , -0.3]), size=array([1., 1.]), texRes=128, units='norm', win=Window(...))
74.8742 	EXP 	Created image = ImageStim(__class__=<class 'psychopy.visual.image.ImageStim'>, autoLog=True, color=array([1., 1., 1.]), colorSpace='rgb', contrast=1.0, depth=0.0, flipHoriz=False, flipVert=False, image='sin', interpolate=True, mask=None, maskParams=None, name='image', opacity=1.0, ori=0.0, pos=array([0., 0.]), size=array([0.5, 0.5]), texRes=128, units='norm', win=Window(...))
74.8791 	EXP 	Created text_2 = TextStim(__class__=<class 'psychopy.visual.text.TextStim'>, alignHoriz='center', alignVert='center', antialias=True, autoLog=True, bold=False, color='white', colorSpace='named', contrast=1.0, depth=-2.0, flipHoriz=False, flipVert=False, font='Arial', fontFiles=[], height=0.1, italic=False, languageStyle='LTR', name='text_2', opacity=1.0, ori=0, pos=array([ 0. , -0.5]), rgb=array([255., 255., 255.]), text='default text', units='norm', win=Window(...), wrapWidth=1)
74.8839 	EXP 	Created welcome = TextStim(__class__=<class 'psychopy.visual.text.TextStim'>, alignHoriz='center', alignVert='center', antialias=True, autoLog=True, bold=False, color='white', colorSpace='named', contrast=1.0, depth=0.0, flipHoriz=False, flipVert=False, font='Arial', fontFiles=[], height=0.1, italic=False, languageStyle='LTR', name='welcome', opacity=1.0, ori=0, pos=array([0., 0.]), rgb=array([255., 255., 255.]), text='default text', units='norm', win=Window(...), wrapWidth=1)
74.8888 	EXP 	Created text_12 = TextStim(__class__=<class 'psychopy.visual.text.TextStim'>, alignHoriz='center', alignVert='center', antialias=True, autoLog=True, bold=False, color='white', colorSpace='named', contrast=1.0, depth=-2.0, flipHoriz=False, flipVert=False, font='Arial', fontFiles=[], height=0.1, italic=False, languageStyle='LTR', name='text_12', opacity=1.0, ori=0, pos=array([ 0. , -0.6]), rgb=array([255., 255., 255.]), text='default text', units='norm', win=Window(...), wrapWidth=1)
74.8937 	EXP 	Created text_18 = TextStim(__class__=<class 'psychopy.visual.text.TextStim'>, alignHoriz='center', alignVert='center', antialias=True, autoLog=True, bold=False, color='white', colorSpace='named', contrast=1.0, depth=0.0, flipHoriz=False, flipVert=False, font='Arial', fontFiles=[], height=0.1, italic=False, languageStyle='LTR', name='text_18', opacity=1.0, ori=0, pos=array([-0.25,  0.25]), rgb=array([255., 255., 255.]), text='default text', units='norm', win=Window(...), wrapWidth=0.5)
74.8957 	EXP 	Created image_9 = ImageStim(__class__=<class 'psychopy.visual.image.ImageStim'>, autoLog=True, color=array([1., 1., 1.]), colorSpace='rgb', contrast=1.0, depth=-1.0, flipHoriz=False, flipVert=False, image='sin', interpolate=True, mask=None, maskParams=None, name='image_9', opacity=1.0, ori=0.0, pos=array([0.25, 0.25]), size=array([0.5, 0.5]), texRes=128, units='norm', win=Window(...))
74.9005 	EXP 	Created text_8 = TextStim(__class__=<class 'psychopy.visual.text.TextStim'>, alignHoriz='center', alignVert='center', antialias=True, autoLog=True, bold=False, color='white', colorSpace='named', contrast=1.0, depth=0.0, flipHoriz=False, flipVert=False, font='Arial', fontFiles=[], height=0.1, italic=False, languageStyle='LTR', name='text_8', opacity=1.0, ori=0, pos=array([ 0. , -0.4]), rgb=array([255., 255., 255.]), text='default text', units='norm', win=Window(...), wrapWidth=1)
74.9054 	EXP 	Created text_9 = TextStim(__class__=<class 'psychopy.visual.text.TextStim'>, alignHoriz='center', alignVert='center', antialias=True, autoLog=True, bold=False, color='white', colorSpace='named', contrast=1.0, depth=-1.0, flipHoriz=False, flipVert=False, font='Arial', fontFiles=[], height=0.1, italic=False, languageStyle='LTR', name='text_9', opacity=1.0, ori=0, pos=array([-0.25,  0.25]), rgb=array([255., 255., 255.]), text='default text', units='norm', win=Window(...), wrapWidth=0.5)
74.9073 	EXP 	Created image_5 = ImageStim(__class__=<class 'psychopy.visual.image.ImageStim'>, autoLog=True, color=array([1., 1., 1.]), colorSpace='rgb', contrast=1.0, depth=-2.0, flipHoriz=False, flipVert=False, image='sin', interpolate=True, mask=None, maskParams=None, name='image_5', opacity=1.0, ori=0.0, pos=array([0.25, 0.25]), size=array([0.5, 0.5]), texRes=128, units='norm', win=Window(...))
74.9122 	EXP 	Created text_10 = TextStim(__class__=<class 'psychopy.visual.text.TextStim'>, alignHoriz='center', alignVert='center', antialias=True, autoLog=True, bold=False, color='white', colorSpace='named', contrast=1.0, depth=0.0, flipHoriz=False, flipVert=False, font='Arial', fontFiles=[], height=0.1, italic=False, languageStyle='LTR', name='text_10', opacity=1.0, ori=0, pos=array([ 0. , -0.4]), rgb=array([255., 255., 255.]), text='default text', units='norm', win=Window(...), wrapWidth=1)
74.9172 	EXP 	Created text_11 = TextStim(__class__=<class 'psychopy.visual.text.TextStim'>, alignHoriz='center', alignVert='center', antialias=True, autoLog=True, bold=False, color='white', colorSpace='named', contrast=1.0, depth=-1.0, flipHoriz=False, flipVert=False, font='Arial', fontFiles=[], height=0.1, italic=False, languageStyle='LTR', name='text_11', opacity=1.0, ori=0, pos=array([-0.25,  0.25]), rgb=array([255., 255., 255.]), text='default text', units='norm', win=Window(...), wrapWidth=0.5)
74.9192 	EXP 	Created image_6 = ImageStim(__class__=<class 'psychopy.visual.image.ImageStim'>, autoLog=True, color=array([1., 1., 1.]), colorSpace='rgb', contrast=1.0, depth=-2.0, flipHoriz=False, flipVert=False, image='sin', interpolate=True, mask=None, maskParams=None, name='image_6', opacity=1.0, ori=0.0, pos=array([0.25, 0.25]), size=array([0.5, 0.5]), texRes=128, units='norm', win=Window(...))
74.9241 	EXP 	Created text_13 = TextStim(__class__=<class 'psychopy.visual.text.TextStim'>, alignHoriz='center', alignVert='center', antialias=True, autoLog=True, bold=False, color='white', colorSpace='named', contrast=1.0, depth=0.0, flipHoriz=False, flipVert=False, font='Arial', fontFiles=[], height=0.1, italic=False, languageStyle='LTR', name='text_13', opacity=1.0, ori=0, pos=array([ 0. , -0.4]), rgb=array([255., 255., 255.]), text='default text', units='norm', win=Window(...), wrapWidth=1)
74.9288 	EXP 	Created text_14 = TextStim(__class__=<class 'psychopy.visual.text.TextStim'>, alignHoriz='center', alignVert='center', antialias=True, autoLog=True, bold=False, color='white', colorSpace='named', contrast=1.0, depth=-1.0, flipHoriz=False, flipVert=False, font='Arial', fontFiles=[], height=0.1, italic=False, languageStyle='LTR', name='text_14', opacity=1.0, ori=0, pos=array([-0.25,  0.25]), rgb=array([255., 255., 255.]), text='default text', units='norm', win=Window(...), wrapWidth=0.5)
74.9311 	EXP 	Created image_7 = ImageStim(__class__=<class 'psychopy.visual.image.ImageStim'>, autoLog=True, color=array([1., 1., 1.]), colorSpace='rgb', contrast=1.0, depth=-2.0, flipHoriz=False, flipVert=False, image='sin', interpolate=True, mask=None, maskParams=None, name='image_7', opacity=1.0, ori=0.0, pos=array([0.25, 0.25]), size=array([0.5, 0.5]), texRes=128, units='norm', win=Window(...))
74.9361 	EXP 	Created text_15 = TextStim(__class__=<class 'psychopy.visual.text.TextStim'>, alignHoriz='center', alignVert='center', antialias=True, autoLog=True, bold=False, color='white', colorSpace='named', contrast=1.0, depth=0.0, flipHoriz=False, flipVert=False, font='Arial', fontFiles=[], height=0.1, italic=False, languageStyle='LTR', name='text_15', opacity=1.0, ori=0, pos=array([ 0. , -0.4]), rgb=array([255., 255., 255.]), text='default text', units='norm', win=Window(...), wrapWidth=1)
74.9409 	EXP 	Created text_16 = TextStim(__class__=<class 'psychopy.visual.text.TextStim'>, alignHoriz='center', alignVert='center', antialias=True, autoLog=True, bold=False, color='white', colorSpace='named', contrast=1.0, depth=-1.0, flipHoriz=False, flipVert=False, font='Arial', fontFiles=[], height=0.1, italic=False, languageStyle='LTR', name='text_16', opacity=1.0, ori=0, pos=array([-0.25,  0.25]), rgb=array([255., 255., 255.]), text='default text', units='norm', win=Window(...), wrapWidth=0.5)
74.9538 	EXP 	Created image_8 = ImageStim(__class__=<class 'psychopy.visual.image.ImageStim'>, autoLog=True, color=array([1., 1., 1.]), colorSpace='rgb', contrast=1.0, depth=-2.0, flipHoriz=False, flipVert=False, image='sin', interpolate=True, mask=None, maskParams=None, name='image_8', opacity=1.0, ori=0.0, pos=array([0.25, 0.25]), size=array([0.5, 0.5]), texRes=128, units='norm', win=Window(...))
74.9768 	EXP 	Created text_5 = TextStim(__class__=<class 'psychopy.visual.text.TextStim'>, alignHoriz='center', alignVert='center', antialias=True, autoLog=True, bold=False, color='white', colorSpace='named', contrast=1.0, depth=0.0, flipHoriz=False, flipVert=False, font='Arial', fontFiles=[], height=0.1, italic=False, languageStyle='LTR', name='text_5', opacity=1.0, ori=0, pos=array([0., 0.]), rgb=array([255., 255., 255.]), text=str(...), units='norm', win=Window(...), wrapWidth=1)
74.9820 	EXP 	Created question1_2 = TextStim(__class__=<class 'psychopy.visual.text.TextStim'>, alignHoriz='center', alignVert='center', antialias=True, autoLog=True, bold=False, color='white', colorSpace='named', contrast=1.0, depth=-1.0, flipHoriz=False, flipVert=False, font='Arial', fontFiles=[], height=0.1, italic=False, languageStyle='LTR', name='question1_2', opacity=1.0, ori=0, pos=array([0. , 0.6]), rgb=array([255., 255., 255.]), text='default text', units='norm', win=Window(...), wrapWidth=2)
74.9868 	EXP 	Created question2_2 = TextStim(__class__=<class 'psychopy.visual.text.TextStim'>, alignHoriz='center', alignVert='center', antialias=True, autoLog=True, bold=False, color='white', colorSpace='named', contrast=1.0, depth=-2.0, flipHoriz=False, flipVert=False, font='Arial', fontFiles=[], height=0.1, italic=False, languageStyle='LTR', name='question2_2', opacity=1.0, ori=0, pos=array([0.  , 0.35]), rgb=array([255., 255., 255.]), text='default text', units='norm', win=Window(...), wrapWidth=2)
74.9916 	EXP 	Created question3_2 = TextStim(__class__=<class 'psychopy.visual.text.TextStim'>, alignHoriz='center', alignVert='center', antialias=True, autoLog=True, bold=False, color='white', colorSpace='named', contrast=1.0, depth=-3.0, flipHoriz=False, flipVert=False, font='Arial', fontFiles=[], height=0.1, italic=False, languageStyle='LTR', name='question3_2', opacity=1.0, ori=0, pos=array([0.  , 0.12]), rgb=array([255., 255., 255.]), text='default text', units='norm', win=Window(...), wrapWidth=2)
74.9963 	EXP 	Created question4_2 = TextStim(__class__=<class 'psychopy.visual.text.TextStim'>, alignHoriz='center', alignVert='center', antialias=True, autoLog=True, bold=False, color='white', colorSpace='named', contrast=1.0, depth=-4.0, flipHoriz=False, flipVert=False, font='Arial', fontFiles=[], height=0.1, italic=False, languageStyle='LTR', name='question4_2', opacity=1.0, ori=0, pos=array([ 0.  , -0.12]), rgb=array([255., 255., 255.]), text='default text', units='norm', win=Window(...), wrapWidth=2)
75.0013 	EXP 	Created question5_2 = TextStim(__class__=<class 'psychopy.visual.text.TextStim'>, alignHoriz='center', alignVert='center', antialias=True, autoLog=True, bold=False, color='white', colorSpace='named', contrast=1.0, depth=-5.0, flipHoriz=False, flipVert=False, font='Arial', fontFiles=[], height=0.1, italic=False, languageStyle='LTR', name='question5_2', opacity=1.0, ori=0, pos=array([ 0.  , -0.35]), rgb=array([255., 255., 255.]), text='default text', units='norm', win=Window(...), wrapWidth=2)
75.0062 	EXP 	Created question6_2 = TextStim(__class__=<class 'psychopy.visual.text.TextStim'>, alignHoriz='center', alignVert='center', antialias=True, autoLog=True, bold=False, color='white', colorSpace='named', contrast=1.0, depth=-6.0, flipHoriz=False, flipVert=False, font='Arial', fontFiles=[], height=0.1, italic=False, languageStyle='LTR', name='question6_2', opacity=1.0, ori=0, pos=array([ 0. , -0.6]), rgb=array([255., 255., 255.]), text='default text', units='norm', win=Window(...), wrapWidth=2)
75.0082 	EXP 	Created image_3 = ImageStim(__class__=<class 'psychopy.visual.image.ImageStim'>, autoLog=True, color=array([1., 1., 1.]), colorSpace='rgb', contrast=1.0, depth=-8.0, flipHoriz=False, flipVert=False, image='sin', interpolate=True, mask=None, maskParams=None, name='image_3', opacity=1.0, ori=0.0, pos=array([ 0.  , -0.85]), size=array([0.25 , 0.125]), texRes=128, units='norm', win=Window(...))
75.0196 	EXP 	Created text_3 = TextStim(__class__=<class 'psychopy.visual.text.TextStim'>, alignHoriz='center', alignVert='center', antialias=True, autoLog=True, bold=False, color='white', colorSpace='named', contrast=1.0, depth=0.0, flipHoriz=False, flipVert=False, font='Arial', fontFiles=[], height=0.1, italic=False, languageStyle='LTR', name='text_3', opacity=1.0, ori=0, pos=array([0., 0.]), rgb=array([255., 255., 255.]), text='Final Tests', units='norm', win=Window(...), wrapWidth=1)
75.0222 	EXP 	Created image_2 = ImageStim(__class__=<class 'psychopy.visual.image.ImageStim'>, autoLog=True, color=array([1., 1., 1.]), colorSpace='rgb', contrast=1.0, depth=0.0, flipHoriz=False, flipVert=False, image='sin', interpolate=True, mask=None, maskParams=None, name='image_2', opacity=1.0, ori=0.0, pos=array([0., 0.]), size=array([0.5, 0.5]), texRes=128, units='norm', win=Window(...))
75.0276 	EXP 	Created text_4 = TextStim(__class__=<class 'psychopy.visual.text.TextStim'>, alignHoriz='center', alignVert='center', antialias=True, autoLog=True, bold=False, color='white', colorSpace='named', contrast=1.0, depth=-2.0, flipHoriz=False, flipVert=False, font='Arial', fontFiles=[], height=0.1, italic=False, languageStyle='LTR', name='text_4', opacity=1.0, ori=0, pos=array([ 0. , -0.5]), rgb=array([255., 255., 255.]), text='default text', units='norm', win=Window(...), wrapWidth=1)
75.0324 	EXP 	Created question1_3 = TextStim(__class__=<class 'psychopy.visual.text.TextStim'>, alignHoriz='center', alignVert='center', antialias=True, autoLog=True, bold=False, color='white', colorSpace='named', contrast=1.0, depth=-1.0, flipHoriz=False, flipVert=False, font='Arial', fontFiles=[], height=0.1, italic=False, languageStyle='LTR', name='question1_3', opacity=1.0, ori=0, pos=array([0. , 0.6]), rgb=array([255., 255., 255.]), text='default text', units='norm', win=Window(...), wrapWidth=2)
75.0388 	EXP 	Created question2_3 = TextStim(__class__=<class 'psychopy.visual.text.TextStim'>, alignHoriz='center', alignVert='center', antialias=True, autoLog=True, bold=False, color='white', colorSpace='named', contrast=1.0, depth=-2.0, flipHoriz=False, flipVert=False, font='Arial', fontFiles=[], height=0.1, italic=False, languageStyle='LTR', name='question2_3', opacity=1.0, ori=0, pos=array([0.  , 0.35]), rgb=array([255., 255., 255.]), text='default text', units='norm', win=Window(...), wrapWidth=2)
75.0469 	EXP 	Created question3_3 = TextStim(__class__=<class 'psychopy.visual.text.TextStim'>, alignHoriz='center', alignVert='center', antialias=True, autoLog=True, bold=False, color='white', colorSpace='named', contrast=1.0, depth=-3.0, flipHoriz=False, flipVert=False, font='Arial', fontFiles=[], height=0.1, italic=False, languageStyle='LTR', name='question3_3', opacity=1.0, ori=0, pos=array([0.  , 0.12]), rgb=array([255., 255., 255.]), text='default text', units='norm', win=Window(...), wrapWidth=2)
75.0541 	EXP 	Created question4_3 = TextStim(__class__=<class 'psychopy.visual.text.TextStim'>, alignHoriz='center', alignVert='center', antialias=True, autoLog=True, bold=False, color='white', colorSpace='named', contrast=1.0, depth=-4.0, flipHoriz=False, flipVert=False, font='Arial', fontFiles=[], height=0.1, italic=False, languageStyle='LTR', name='question4_3', opacity=1.0, ori=0, pos=array([ 0.  , -0.12]), rgb=array([255., 255., 255.]), text='default text', units='norm', win=Window(...), wrapWidth=2)
75.0622 	EXP 	Created question5_3 = TextStim(__class__=<class 'psychopy.visual.text.TextStim'>, alignHoriz='center', alignVert='center', antialias=True, autoLog=True, bold=False, color='white', colorSpace='named', contrast=1.0, depth=-5.0, flipHoriz=False, flipVert=False, font='Arial', fontFiles=[], height=0.1, italic=False, languageStyle='LTR', name='question5_3', opacity=1.0, ori=0, pos=array([ 0.  , -0.35]), rgb=array([255., 255., 255.]), text='default text', units='norm', win=Window(...), wrapWidth=2)
75.0678 	EXP 	Created question6_3 = TextStim(__class__=<class 'psychopy.visual.text.TextStim'>, alignHoriz='center', alignVert='center', antialias=True, autoLog=True, bold=False, color='white', colorSpace='named', contrast=1.0, depth=-6.0, flipHoriz=False, flipVert=False, font='Arial', fontFiles=[], height=0.1, italic=False, languageStyle='LTR', name='question6_3', opacity=1.0, ori=0, pos=array([ 0. , -0.6]), rgb=array([255., 255., 255.]), text='default text', units='norm', win=Window(...), wrapWidth=2)
75.0698 	EXP 	Created image_4 = ImageStim(__class__=<class 'psychopy.visual.image.ImageStim'>, autoLog=True, color=array([1., 1., 1.]), colorSpace='rgb', contrast=1.0, depth=-8.0, flipHoriz=False, flipVert=False, image='sin', interpolate=True, mask=None, maskParams=None, name='image_4', opacity=1.0, ori=0.0, pos=array([ 0.  , -0.85]), size=array([0.25 , 0.125]), texRes=128, units='norm', win=Window(...))
75.0769 	EXP 	Created text_6 = TextStim(__class__=<class 'psychopy.visual.text.TextStim'>, alignHoriz='center', alignVert='center', antialias=True, autoLog=True, bold=False, color='white', colorSpace='named', contrast=1.0, depth=-1.0, flipHoriz=False, flipVert=False, font='Arial', fontFiles=[], height=0.1, italic=False, languageStyle='LTR', name='text_6', opacity=1.0, ori=0, pos=array([0., 0.]), rgb=array([255., 255., 255.]), text='default text', units='norm', win=Window(...), wrapWidth=1)
75.0866 	EXP 	Created text = TextStim(__class__=<class 'psychopy.visual.text.TextStim'>, alignHoriz='center', alignVert='center', antialias=True, autoLog=True, bold=False, color='white', colorSpace='named', contrast=1.0, depth=0.0, flipHoriz=False, flipVert=False, font='Arial', fontFiles=[], height=0.1, italic=False, languageStyle='LTR', name='text', opacity=1.0, ori=0, pos=array([0., 0.]), rgb=array([255., 255., 255.]), text='end of introduction', units='norm', win=Window(...), wrapWidth=1)
75.1121 	EXP 	Imported instructions.xlsx as conditions, 8 conditions, 2 params
75.1124 	EXP 	Created sequence: sequential, trialTypes=8, nReps=1, seed=None
75.1127 	EXP 	New trial (rep=0, index=0): OrderedDict([('instruct_text', 'Welcome to the Job Simulator Task!'), ('this_pic', 'instructions_photos/pixel.png')])
75.2042 	EXP 	welcome_2: text = 'Welcome to the Job Simulator Task!'
75.2042 	EXP 	image_10: image = 'instructions_photos/pixel.png'
75.2042 	EXP 	welcome_2: autoDraw = True
75.2042 	EXP 	image_10: autoDraw = True
75.6081 	DATA 	Keypress: space
75.6108 	EXP 	New trial (rep=0, index=1): OrderedDict([('instruct_text', 'In this task, you’ll first be introduced to the perspectives of 8 different jobs. '), ('this_pic', 'instructions_photos/i1.png')])
75.8994 	DATA 	Keypress: space
75.9375 	EXP 	welcome_2: autoDraw = False
75.9375 	EXP 	image_10: autoDraw = False
75.9375 	EXP 	welcome_2: text = 'In this task, you’ll first be introduced to the perspectives of 8 different jobs. '
75.9375 	EXP 	image_10: image = 'instructions_photos/i1.png'
75.9375 	EXP 	welcome_2: autoDraw = True
75.9375 	EXP 	image_10: autoDraw = True
76.1899 	DATA 	Keypress: space
76.1923 	EXP 	New trial (rep=0, index=2): OrderedDict([('instruct_text', 'You’ll then learn 4 questions associated with each perspective. '), ('this_pic', 'instructions_photos/i2.png')])
76.4836 	DATA 	Keypress: space
76.5043 	EXP 	welcome_2: autoDraw = False
76.5043 	EXP 	image_10: autoDraw = False
76.5043 	EXP 	welcome_2: text = 'You’ll then learn 4 questions associated with each perspective. '
76.5043 	EXP 	image_10: image = 'instructions_photos/i2.png'
76.5043 	EXP 	welcome_2: autoDraw = True
76.5043 	EXP 	image_10: autoDraw = True
76.5565 	DATA 	Keypress: space
76.5588 	EXP 	New trial (rep=0, index=3): OrderedDict([('instruct_text', 'Subsequently, you will be asked to apply those perspectives and questions to 8 stories.'), ('this_pic', 'instructions_photos/i3.png')])
76.8279 	DATA 	Keypress: space
76.8542 	EXP 	welcome_2: autoDraw = False
76.8542 	EXP 	image_10: autoDraw = False
76.8542 	EXP 	welcome_2: text = 'Subsequently, you will be asked to apply those perspectives and questions to 8 stories.'
76.8542 	EXP 	image_10: image = 'instructions_photos/i3.png'
76.8542 	EXP 	welcome_2: autoDraw = True
76.8542 	EXP 	image_10: autoDraw = True
76.9065 	DATA 	Keypress: space
76.9088 	EXP 	New trial (rep=0, index=4): OrderedDict([('instruct_text', 'For each story you read, you will be asked to assume one of the perspectives. '), ('this_pic', 'instructions_photos/i3.png')])
77.1645 	DATA 	Keypress: space
77.1876 	EXP 	welcome_2: autoDraw = False
77.1876 	EXP 	image_10: autoDraw = False
77.1876 	EXP 	welcome_2: text = 'For each story you read, you will be asked to assume one of the perspectives. '
77.1876 	EXP 	image_10: image = 'instructions_photos/i3.png'
77.1876 	EXP 	welcome_2: autoDraw = True
77.1876 	EXP 	image_10: autoDraw = True
77.2900 	DATA 	Keypress: space
77.2924 	EXP 	New trial (rep=0, index=5): OrderedDict([('instruct_text', 'While reading, try to remember the perspective and the questions of that perspective. '), ('this_pic', 'instructions_photos/i3.png')])
77.5455 	DATA 	Keypress: space
77.5710 	EXP 	welcome_2: autoDraw = False
77.5710 	EXP 	image_10: autoDraw = False
77.5710 	EXP 	welcome_2: text = 'While reading, try to remember the perspective and the questions of that perspective. '
77.5710 	EXP 	image_10: image = 'instructions_photos/i3.png'
77.5710 	EXP 	welcome_2: autoDraw = True
77.5710 	EXP 	image_10: autoDraw = True
77.7088 	DATA 	Keypress: space
77.7233 	EXP 	New trial (rep=0, index=6): OrderedDict([('instruct_text', 'After you’re finished reading all the stories, you will be asked to recall the stories and answer questions about them. '), ('this_pic', 'instructions_photos/i4.png')])
77.9999 	DATA 	Keypress: space
78.0377 	EXP 	welcome_2: autoDraw = False
78.0377 	EXP 	image_10: autoDraw = False
78.0377 	EXP 	welcome_2: text = 'After you’re finished reading all the stories, you will be asked to recall the stories and answer questions about them. '
78.0377 	EXP 	image_10: image = 'instructions_photos/i4.png'
78.0377 	EXP 	welcome_2: autoDraw = True
78.0377 	EXP 	image_10: autoDraw = True
78.0900 	DATA 	Keypress: space
78.0923 	EXP 	New trial (rep=0, index=7): OrderedDict([('instruct_text', 'Let’s begin! The 8 perspectives are as follows:'), ('this_pic', None)])
78.1211 	EXP 	welcome_2: autoDraw = False
78.1211 	EXP 	image_10: autoDraw = False
78.1211 	EXP 	welcome_2: text = 'Let’s begin! The 8 perspectives are as follows:'
78.1211 	EXP 	image_10: image = None
78.1211 	EXP 	welcome_2: autoDraw = True
78.1211 	EXP 	image_10: autoDraw = True
78.2902 	DATA 	Keypress: space
78.3117 	EXP 	Imported jobsPics.xlsx as conditions, 8 conditions, 2 params
78.3122 	EXP 	Created sequence: random, trialTypes=8, nReps=1, seed=None
78.3126 	EXP 	New trial (rep=0, index=0): OrderedDict([('rolePic', 'jobphotos/weddingplanner.jpg'), ('job', 'Wedding Planner')])
78.3544 	EXP 	welcome_2: autoDraw = False
78.3544 	EXP 	image_10: autoDraw = False
78.3544 	EXP 	image: image = 'jobphotos/weddingplanner.jpg'
78.3544 	EXP 	text_2: text = 'Wedding Planner'
78.3544 	EXP 	image: autoDraw = True
78.3544 	EXP 	text_2: autoDraw = True
78.4568 	DATA 	Keypress: space
78.4596 	EXP 	New trial (rep=0, index=1): OrderedDict([('rolePic', 'jobphotos/business_reporter.jpg'), ('job', 'Business Reporter')])
78.5210 	EXP 	image: autoDraw = False
78.5210 	EXP 	text_2: autoDraw = False
78.5210 	EXP 	image: image = 'jobphotos/business_reporter.jpg'
78.5210 	EXP 	text_2: text = 'Business Reporter'
78.5210 	EXP 	image: autoDraw = True
78.5210 	EXP 	text_2: autoDraw = True
78.6401 	DATA 	Keypress: space
78.6424 	EXP 	New trial (rep=0, index=2): OrderedDict([('rolePic', 'jobphotos/dean.jpg'), ('job', 'Dean of Academic Studies')])
78.7044 	EXP 	image: autoDraw = False
78.7044 	EXP 	text_2: autoDraw = False
78.7044 	EXP 	image: image = 'jobphotos/dean.jpg'
78.7044 	EXP 	text_2: text = 'Dean of Academic Studies'
78.7044 	EXP 	image: autoDraw = True
78.7044 	EXP 	text_2: autoDraw = True
78.7898 	DATA 	Keypress: space
78.7921 	EXP 	New trial (rep=0, index=3): OrderedDict([('rolePic', 'jobphotos/matchmaker.jpg'), ('job', 'Matchmaker')])
78.8544 	EXP 	image: autoDraw = False
78.8544 	EXP 	text_2: autoDraw = False
78.8544 	EXP 	image: image = 'jobphotos/matchmaker.jpg'
78.8544 	EXP 	text_2: text = 'Matchmaker'
78.8544 	EXP 	image: autoDraw = True
78.8544 	EXP 	text_2: autoDraw = True
78.9567 	DATA 	Keypress: space
78.9590 	EXP 	New trial (rep=0, index=4): OrderedDict([('rolePic', 'jobphotos/acem.jpg'), ('job', 'Airport Customer Experience Manager')])
79.0211 	EXP 	image: autoDraw = False
79.0211 	EXP 	text_2: autoDraw = False
79.0211 	EXP 	image: image = 'jobphotos/acem.jpg'
79.0211 	EXP 	text_2: text = 'Airport Customer Experience Manager'
79.0211 	EXP 	image: autoDraw = True
79.0211 	EXP 	text_2: autoDraw = True
79.1234 	DATA 	Keypress: space
79.1258 	EXP 	New trial (rep=0, index=5): OrderedDict([('rolePic', 'jobphotos/restaurant_critic.jpg'), ('job', 'Restaurant Critic')])
79.1878 	EXP 	image: autoDraw = False
79.1878 	EXP 	text_2: autoDraw = False
79.1878 	EXP 	image: image = 'jobphotos/restaurant_critic.jpg'
79.1878 	EXP 	text_2: text = 'Restaurant Critic'
79.1878 	EXP 	image: autoDraw = True
79.1878 	EXP 	text_2: autoDraw = True
79.2732 	DATA 	Keypress: space
79.2755 	EXP 	New trial (rep=0, index=6): OrderedDict([('rolePic', 'jobphotos/couples.jpeg'), ('job', 'Couples Therapist\n')])
79.2758 	WARNING 	Requested image 'jobphotos/couples.jpeg' not found but similar filename 'jobphotos/couples.jpg' exists. This will be used instead but changing the filename is advised.
79.3377 	EXP 	image: autoDraw = False
79.3377 	EXP 	text_2: autoDraw = False
79.3377 	EXP 	image: image = 'jobphotos/couples.jpeg'
79.3377 	EXP 	text_2: text = 'Couples Therapist\n'
79.3377 	EXP 	image: autoDraw = True
79.3377 	EXP 	text_2: autoDraw = True
79.5235 	DATA 	Keypress: space
79.5258 	EXP 	New trial (rep=0, index=7): OrderedDict([('rolePic', 'jobphotos/gscem.jpg'), ('job', 'Grocery Store Customer Experience Manager\n')])
79.5878 	EXP 	image: autoDraw = False
79.5878 	EXP 	text_2: autoDraw = False
79.5878 	EXP 	image: image = 'jobphotos/gscem.jpg'
79.5878 	EXP 	text_2: text = 'Grocery Store Customer Experience Manager\n'
79.5878 	EXP 	image: autoDraw = True
79.5878 	EXP 	text_2: autoDraw = True
79.7902 	DATA 	Keypress: space
79.8107 	EXP 	Imported instructions2.xlsx as conditions, 6 conditions, 2 params
79.8111 	EXP 	Created sequence: sequential, trialTypes=6, nReps=1, seed=None
79.8115 	EXP 	New trial (rep=0, index=0): OrderedDict([('instruct_text', 'Each of these perspectives will be applied to one story. '), ('instruct_text2', '(press space to continue)')])
79.8378 	EXP 	image: autoDraw = False
79.8378 	EXP 	text_2: autoDraw = False
79.8378 	EXP 	welcome: text = 'Each of these perspectives will be applied to one story. '
79.8378 	EXP 	text_12: text = '(press space to continue)'
79.8378 	EXP 	welcome: autoDraw = True
79.8378 	EXP 	text_12: autoDraw = True
80.0904 	DATA 	Keypress: space
80.0930 	EXP 	New trial (rep=0, index=1): OrderedDict([('instruct_text', 'Each perspective has 4 questions, and you will answer these questions about each story.'), ('instruct_text2', None)])
80.1378 	EXP 	welcome: autoDraw = False
80.1378 	EXP 	text_12: autoDraw = False
80.1378 	EXP 	welcome: text = 'Each perspective has 4 questions, and you will answer these questions about each story.'
80.1378 	EXP 	text_12: text = '(press space to continue)'
80.1378 	EXP 	welcome: autoDraw = True
80.1378 	EXP 	text_12: autoDraw = True
80.4736 	DATA 	Keypress: space
80.4760 	EXP 	New trial (rep=0, index=2): OrderedDict([('instruct_text', 'You’ll answer these questions about each story after reading all 8 stories. '), ('instruct_text2', None)])
80.5045 	EXP 	welcome: autoDraw = False
80.5045 	EXP 	text_12: autoDraw = False
80.5045 	EXP 	welcome: text = 'You’ll answer these questions about each story after reading all 8 stories. '
80.5045 	EXP 	text_12: text = '(press space to continue)'
80.5045 	EXP 	welcome: autoDraw = True
80.5045 	EXP 	text_12: autoDraw = True
80.8402 	DATA 	Keypress: space
80.8427 	EXP 	New trial (rep=0, index=3): OrderedDict([('instruct_text', 'You’ll learn these questions with a series of pre-task quizzes and then the story reading will begin.'), ('instruct_text2', None)])
80.8879 	EXP 	welcome: autoDraw = False
80.8879 	EXP 	text_12: autoDraw = False
80.8879 	EXP 	welcome: text = 'You’ll learn these questions with a series of pre-task quizzes and then the story reading will begin.'
80.8879 	EXP 	text_12: text = '(press space to continue)'
80.8879 	EXP 	welcome: autoDraw = True
80.8879 	EXP 	text_12: autoDraw = True
81.2570 	DATA 	Keypress: space
81.2594 	EXP 	New trial (rep=0, index=4): OrderedDict([('instruct_text', 'Once the story-reading task has begun, remember your answers to the questions for each story.'), ('instruct_text2', None)])
81.3046 	EXP 	welcome: autoDraw = False
81.3046 	EXP 	text_12: autoDraw = False
81.3046 	EXP 	welcome: text = 'Once the story-reading task has begun, remember your answers to the questions for each story.'
81.3046 	EXP 	text_12: text = '(press space to continue)'
81.3046 	EXP 	welcome: autoDraw = True
81.3046 	EXP 	text_12: autoDraw = True
81.8571 	DATA 	Keypress: space
81.8595 	EXP 	New trial (rep=0, index=5): OrderedDict([('instruct_text', 'Press the space bar to begin learning the perspectives and the questions for each one.'), ('instruct_text2', None)])
81.9046 	EXP 	welcome: autoDraw = False
81.9046 	EXP 	text_12: autoDraw = False
81.9046 	EXP 	welcome: text = 'Press the space bar to begin learning the perspectives and the questions for each one.'
81.9046 	EXP 	text_12: text = '(press space to continue)'
81.9046 	EXP 	welcome: autoDraw = True
81.9046 	EXP 	text_12: autoDraw = True
82.3079 	DATA 	Keypress: space
82.3433 	EXP 	Imported whichRole.xlsx as conditions, 8 conditions, 8 params
82.3436 	EXP 	Created sequence: random, trialTypes=8, nReps=1, seed=None
82.3440 	EXP 	New trial (rep=0, index=0): OrderedDict([('Q1', 'How is the restaurant decorated?'), ('Q2', 'What are the menus like?'), ('Q3', 'What do the clients order?\n'), ('Q4', 'How do the clients like the food?'), ('D1', 'How old is the waiter?'), ('D2', 'What meal is being served?'), ('roleName', 'Restaurant Critic'), ('rolePic', 'jobphotos/restaurant_critic.jpg')])
82.3444 	EXP 	Created sequence: sequential, trialTypes=1, nReps=5, seed=None
82.3446 	EXP 	New trial (rep=0, index=0): None
82.3880 	EXP 	welcome: autoDraw = False
82.3880 	EXP 	text_12: autoDraw = False
82.3880 	EXP 	text_18: text = 'Restaurant Critic'
82.3880 	EXP 	image_9: image = 'jobphotos/restaurant_critic.jpg'
82.3880 	EXP 	text_18: autoDraw = True
82.3880 	EXP 	image_9: autoDraw = True
82.7571 	DATA 	Keypress: space
82.8214 	EXP 	text_18: autoDraw = False
82.8214 	EXP 	image_9: autoDraw = False
82.8214 	EXP 	text_8: text = 'A: How is the restaurant decorated?'
82.8214 	EXP 	text_9: text = 'Restaurant Critic'
82.8214 	EXP 	image_5: image = 'jobphotos/restaurant_critic.jpg'
82.8214 	EXP 	text_8: autoDraw = True
82.8214 	EXP 	text_9: autoDraw = True
82.8214 	EXP 	image_5: autoDraw = True
83.1403 	DATA 	Keypress: space
83.1880 	EXP 	text_8: autoDraw = False
83.1880 	EXP 	text_9: autoDraw = False
83.1880 	EXP 	image_5: autoDraw = False
83.1880 	EXP 	text_10: text = 'B: What are the menus like?'
83.1880 	EXP 	text_11: text = 'Restaurant Critic'
83.1880 	EXP 	image_6: image = 'jobphotos/restaurant_critic.jpg'
83.1880 	EXP 	text_10: autoDraw = True
83.1880 	EXP 	text_11: autoDraw = True
83.1880 	EXP 	image_6: autoDraw = True
83.5405 	DATA 	Keypress: space
83.6047 	EXP 	text_10: autoDraw = False
83.6047 	EXP 	text_11: autoDraw = False
83.6047 	EXP 	image_6: autoDraw = False
83.6047 	EXP 	text_13: text = 'C: What do the clients order?\n'
83.6047 	EXP 	text_14: text = 'Restaurant Critic'
83.6047 	EXP 	image_7: image = 'jobphotos/restaurant_critic.jpg'
83.6047 	EXP 	text_13: autoDraw = True
83.6047 	EXP 	text_14: autoDraw = True
83.6047 	EXP 	image_7: autoDraw = True
83.8759 	DATA 	Keypress: space
83.9381 	EXP 	text_13: autoDraw = False
83.9381 	EXP 	text_14: autoDraw = False
83.9381 	EXP 	image_7: autoDraw = False
83.9381 	EXP 	text_15: text = 'D: How do the clients like the food?'
83.9381 	EXP 	text_16: text = 'Restaurant Critic'
83.9381 	EXP 	image_8: image = 'jobphotos/restaurant_critic.jpg'
83.9381 	EXP 	text_15: autoDraw = True
83.9381 	EXP 	text_16: autoDraw = True
83.9381 	EXP 	image_8: autoDraw = True
84.2405 	DATA 	Keypress: space
84.2548 	EXP 	text_15: autoDraw = False
84.2548 	EXP 	text_16: autoDraw = False
84.2548 	EXP 	image_8: autoDraw = False
84.2548 	EXP 	text_5: autoDraw = True
84.7087 	DATA 	Keypress: space
84.7433 	EXP 	Created unnamed ImageStim = ImageStim(__class__=<class 'psychopy.visual.image.ImageStim'>, autoLog=True, color=array([1., 1., 1.]), colorSpace='rgb', contrast=1.0, depth=0, flipHoriz=False, flipVert=False, image='checkmark.png', interpolate=False, mask=None, maskParams=None, name='unnamed ImageStim', opacity=1.0, ori=0.0, pos=array([0., 0.]), size=array([0.48055556, 0.75555556]), texRes=128, units='norm', win=Window(...))
84.7522 	EXP 	Created unnamed ImageStim = ImageStim(__class__=<class 'psychopy.visual.image.ImageStim'>, autoLog=True, color=array([1., 1., 1.]), colorSpace='rgb', contrast=1.0, depth=0, flipHoriz=False, flipVert=False, image='redx.png', interpolate=False, mask=None, maskParams=None, name='unnamed ImageStim', opacity=1.0, ori=0.0, pos=array([0., 0.]), size=array([0.5, 0.8]), texRes=128, units='norm', win=Window(...))
84.7768 	EXP 	Created unnamed ImageStim = ImageStim(__class__=<class 'psychopy.visual.image.ImageStim'>, autoLog=True, color=array([1., 1., 1.]), colorSpace='rgb', contrast=1.0, depth=0, flipHoriz=False, flipVert=False, image='thumbsup.png', interpolate=False, mask=None, maskParams=None, name='unnamed ImageStim', opacity=1.0, ori=0.0, pos=array([0., 0.]), size=array([0.66666667, 1.14      ]), texRes=128, units='norm', win=Window(...))
84.8881 	EXP 	text_5: autoDraw = False
84.8881 	EXP 	question1_2: text = '1: How is the restaurant decorated?'
84.8881 	EXP 	question2_2: text = '2: What meal is being served?'
84.8881 	EXP 	question3_2: text = '3: What do the clients order?\n'
84.8881 	EXP 	question4_2: text = '4: How old is the waiter?'
84.8881 	EXP 	question5_2: text = '5: What are the menus like?'
84.8881 	EXP 	question6_2: text = '6: How do the clients like the food?'
84.8881 	EXP 	question1_2: autoDraw = True
84.8881 	EXP 	question2_2: autoDraw = True
84.8881 	EXP 	question3_2: autoDraw = True
84.8881 	EXP 	question4_2: autoDraw = True
84.8881 	EXP 	question5_2: autoDraw = True
84.8881 	EXP 	question6_2: autoDraw = True
84.8881 	EXP 	image_3: autoDraw = True
85.7791 	DATA 	Keypress: 2
86.8464 	EXP 	New trial (rep=1, index=0): None
86.8883 	EXP 	question1_2: autoDraw = False
86.8883 	EXP 	question2_2: autoDraw = False
86.8883 	EXP 	question3_2: autoDraw = False
86.8883 	EXP 	question4_2: autoDraw = False
86.8883 	EXP 	question5_2: autoDraw = False
86.8883 	EXP 	question6_2: autoDraw = False
86.8883 	EXP 	image_3: autoDraw = False
86.8883 	EXP 	text_18: text = 'Restaurant Critic'
86.8883 	EXP 	image_9: image = 'jobphotos/restaurant_critic.jpg'
86.8883 	EXP 	text_18: autoDraw = True
86.8883 	EXP 	image_9: autoDraw = True
87.6904 	DATA 	Keypress: escape
87.9593 	EXP 	window1: mouseVisible = True
