8.3786 	WARNING 	User requested fullscreen with size [1024  768], but screen is actually [2560, 1440]. Using actual size
9.1172 	EXP 	Created window1 = Window(allowGUI=False, allowStencil=False, args=UNKNOWN, autoLog=True, bitsMode=UNKNOWN, blendMode='avg', color=array([0., 0., 0.]), colorSpace='rgb', fullscr=<method-wrapper '__getattribute__' of attributeSetter object at 0x1243d1d30>, gamma=None, kwargs=UNKNOWN, lms=UNKNOWN, monitor=<psychopy.monitors.calibTools.Monitor object at 0x1229053c8>, multiSample=False, name='window1', numSamples=2, pos=[0.0, 0.0], screen=0, size=array([5120, 2880]), stereo=False, units='norm', useFBO=True, useRetina=True, viewOri=0.0, viewPos=None, viewScale=None, waitBlanking=True, winType='pyglet')
9.1172 	EXP 	window1: recordFrameIntervals = False
9.2839 	EXP 	window1: recordFrameIntervals = True
9.4672 	EXP 	window1: recordFrameIntervals = False
9.5509 	EXP 	Created welcome = TextStim(__class__=<class 'psychopy.visual.text.TextStim'>, alignHoriz='center', alignVert='center', antialias=True, autoLog=True, bold=False, color='white', colorSpace='named', contrast=1.0, depth=0.0, flipHoriz=False, flipVert=False, font='Arial', fontFiles=[], height=0.1, italic=False, languageStyle='LTR', name='welcome', opacity=1.0, ori=0, pos=array([0., 0.]), rgb=array([255., 255., 255.]), text='default text', units='norm', win=Window(...), wrapWidth=1)
9.5544 	EXP 	Created text_12 = TextStim(__class__=<class 'psychopy.visual.text.TextStim'>, alignHoriz='center', alignVert='center', antialias=True, autoLog=True, bold=False, color='white', colorSpace='named', contrast=1.0, depth=-2.0, flipHoriz=False, flipVert=False, font='Arial', fontFiles=[], height=0.1, italic=False, languageStyle='LTR', name='text_12', opacity=1.0, ori=0, pos=array([ 0. , -0.6]), rgb=array([255., 255., 255.]), text='default text', units='norm', win=Window(...), wrapWidth=1)
9.5613 	EXP 	Created image = ImageStim(__class__=<class 'psychopy.visual.image.ImageStim'>, autoLog=True, color=array([1., 1., 1.]), colorSpace='rgb', contrast=1.0, depth=0.0, flipHoriz=False, flipVert=False, image='sin', interpolate=True, mask=None, maskParams=None, name='image', opacity=1.0, ori=0.0, pos=array([0., 0.]), size=array([0.5, 0.5]), texRes=128, units='norm', win=Window(...))
9.5651 	EXP 	Created text_2 = TextStim(__class__=<class 'psychopy.visual.text.TextStim'>, alignHoriz='center', alignVert='center', antialias=True, autoLog=True, bold=False, color='white', colorSpace='named', contrast=1.0, depth=-2.0, flipHoriz=False, flipVert=False, font='Arial', fontFiles=[], height=0.1, italic=False, languageStyle='LTR', name='text_2', opacity=1.0, ori=0, pos=array([ 0. , -0.5]), rgb=array([255., 255., 255.]), text='default text', units='norm', win=Window(...), wrapWidth=1)
9.5685 	EXP 	Created welcome = TextStim(__class__=<class 'psychopy.visual.text.TextStim'>, alignHoriz='center', alignVert='center', antialias=True, autoLog=True, bold=False, color='white', colorSpace='named', contrast=1.0, depth=0.0, flipHoriz=False, flipVert=False, font='Arial', fontFiles=[], height=0.1, italic=False, languageStyle='LTR', name='welcome', opacity=1.0, ori=0, pos=array([0., 0.]), rgb=array([255., 255., 255.]), text='default text', units='norm', win=Window(...), wrapWidth=1)
9.5722 	EXP 	Created text_12 = TextStim(__class__=<class 'psychopy.visual.text.TextStim'>, alignHoriz='center', alignVert='center', antialias=True, autoLog=True, bold=False, color='white', colorSpace='named', contrast=1.0, depth=-2.0, flipHoriz=False, flipVert=False, font='Arial', fontFiles=[], height=0.1, italic=False, languageStyle='LTR', name='text_12', opacity=1.0, ori=0, pos=array([ 0. , -0.6]), rgb=array([255., 255., 255.]), text='default text', units='norm', win=Window(...), wrapWidth=1)
9.5758 	EXP 	Created text_18 = TextStim(__class__=<class 'psychopy.visual.text.TextStim'>, alignHoriz='center', alignVert='center', antialias=True, autoLog=True, bold=False, color='white', colorSpace='named', contrast=1.0, depth=0.0, flipHoriz=False, flipVert=False, font='Arial', fontFiles=[], height=0.1, italic=False, languageStyle='LTR', name='text_18', opacity=1.0, ori=0, pos=array([-0.25,  0.25]), rgb=array([255., 255., 255.]), text='default text', units='norm', win=Window(...), wrapWidth=0.5)
9.5772 	EXP 	Created image_9 = ImageStim(__class__=<class 'psychopy.visual.image.ImageStim'>, autoLog=True, color=array([1., 1., 1.]), colorSpace='rgb', contrast=1.0, depth=-1.0, flipHoriz=False, flipVert=False, image='sin', interpolate=True, mask=None, maskParams=None, name='image_9', opacity=1.0, ori=0.0, pos=array([0.25, 0.25]), size=array([0.5, 0.5]), texRes=128, units='norm', win=Window(...))
9.5805 	EXP 	Created text_8 = TextStim(__class__=<class 'psychopy.visual.text.TextStim'>, alignHoriz='center', alignVert='center', antialias=True, autoLog=True, bold=False, color='white', colorSpace='named', contrast=1.0, depth=0.0, flipHoriz=False, flipVert=False, font='Arial', fontFiles=[], height=0.1, italic=False, languageStyle='LTR', name='text_8', opacity=1.0, ori=0, pos=array([ 0. , -0.4]), rgb=array([255., 255., 255.]), text='default text', units='norm', win=Window(...), wrapWidth=1)
9.5837 	EXP 	Created text_9 = TextStim(__class__=<class 'psychopy.visual.text.TextStim'>, alignHoriz='center', alignVert='center', antialias=True, autoLog=True, bold=False, color='white', colorSpace='named', contrast=1.0, depth=-1.0, flipHoriz=False, flipVert=False, font='Arial', fontFiles=[], height=0.1, italic=False, languageStyle='LTR', name='text_9', opacity=1.0, ori=0, pos=array([-0.25,  0.25]), rgb=array([255., 255., 255.]), text='default text', units='norm', win=Window(...), wrapWidth=0.5)
9.5849 	EXP 	Created image_5 = ImageStim(__class__=<class 'psychopy.visual.image.ImageStim'>, autoLog=True, color=array([1., 1., 1.]), colorSpace='rgb', contrast=1.0, depth=-2.0, flipHoriz=False, flipVert=False, image='sin', interpolate=True, mask=None, maskParams=None, name='image_5', opacity=1.0, ori=0.0, pos=array([0.25, 0.25]), size=array([0.5, 0.5]), texRes=128, units='norm', win=Window(...))
9.5884 	EXP 	Created text_10 = TextStim(__class__=<class 'psychopy.visual.text.TextStim'>, alignHoriz='center', alignVert='center', antialias=True, autoLog=True, bold=False, color='white', colorSpace='named', contrast=1.0, depth=0.0, flipHoriz=False, flipVert=False, font='Arial', fontFiles=[], height=0.1, italic=False, languageStyle='LTR', name='text_10', opacity=1.0, ori=0, pos=array([ 0. , -0.4]), rgb=array([255., 255., 255.]), text='default text', units='norm', win=Window(...), wrapWidth=1)
9.5916 	EXP 	Created text_11 = TextStim(__class__=<class 'psychopy.visual.text.TextStim'>, alignHoriz='center', alignVert='center', antialias=True, autoLog=True, bold=False, color='white', colorSpace='named', contrast=1.0, depth=-1.0, flipHoriz=False, flipVert=False, font='Arial', fontFiles=[], height=0.1, italic=False, languageStyle='LTR', name='text_11', opacity=1.0, ori=0, pos=array([-0.25,  0.25]), rgb=array([255., 255., 255.]), text='default text', units='norm', win=Window(...), wrapWidth=0.5)
9.5927 	EXP 	Created image_6 = ImageStim(__class__=<class 'psychopy.visual.image.ImageStim'>, autoLog=True, color=array([1., 1., 1.]), colorSpace='rgb', contrast=1.0, depth=-2.0, flipHoriz=False, flipVert=False, image='sin', interpolate=True, mask=None, maskParams=None, name='image_6', opacity=1.0, ori=0.0, pos=array([0.25, 0.25]), size=array([0.5, 0.5]), texRes=128, units='norm', win=Window(...))
9.5960 	EXP 	Created text_13 = TextStim(__class__=<class 'psychopy.visual.text.TextStim'>, alignHoriz='center', alignVert='center', antialias=True, autoLog=True, bold=False, color='white', colorSpace='named', contrast=1.0, depth=0.0, flipHoriz=False, flipVert=False, font='Arial', fontFiles=[], height=0.1, italic=False, languageStyle='LTR', name='text_13', opacity=1.0, ori=0, pos=array([ 0. , -0.4]), rgb=array([255., 255., 255.]), text='default text', units='norm', win=Window(...), wrapWidth=1)
9.5992 	EXP 	Created text_14 = TextStim(__class__=<class 'psychopy.visual.text.TextStim'>, alignHoriz='center', alignVert='center', antialias=True, autoLog=True, bold=False, color='white', colorSpace='named', contrast=1.0, depth=-1.0, flipHoriz=False, flipVert=False, font='Arial', fontFiles=[], height=0.1, italic=False, languageStyle='LTR', name='text_14', opacity=1.0, ori=0, pos=array([-0.25,  0.25]), rgb=array([255., 255., 255.]), text='default text', units='norm', win=Window(...), wrapWidth=0.5)
9.6004 	EXP 	Created image_7 = ImageStim(__class__=<class 'psychopy.visual.image.ImageStim'>, autoLog=True, color=array([1., 1., 1.]), colorSpace='rgb', contrast=1.0, depth=-2.0, flipHoriz=False, flipVert=False, image='sin', interpolate=True, mask=None, maskParams=None, name='image_7', opacity=1.0, ori=0.0, pos=array([0.25, 0.25]), size=array([0.5, 0.5]), texRes=128, units='norm', win=Window(...))
9.6049 	EXP 	Created text_15 = TextStim(__class__=<class 'psychopy.visual.text.TextStim'>, alignHoriz='center', alignVert='center', antialias=True, autoLog=True, bold=False, color='white', colorSpace='named', contrast=1.0, depth=0.0, flipHoriz=False, flipVert=False, font='Arial', fontFiles=[], height=0.1, italic=False, languageStyle='LTR', name='text_15', opacity=1.0, ori=0, pos=array([ 0. , -0.4]), rgb=array([255., 255., 255.]), text='default text', units='norm', win=Window(...), wrapWidth=1)
9.6082 	EXP 	Created text_16 = TextStim(__class__=<class 'psychopy.visual.text.TextStim'>, alignHoriz='center', alignVert='center', antialias=True, autoLog=True, bold=False, color='white', colorSpace='named', contrast=1.0, depth=-1.0, flipHoriz=False, flipVert=False, font='Arial', fontFiles=[], height=0.1, italic=False, languageStyle='LTR', name='text_16', opacity=1.0, ori=0, pos=array([-0.25,  0.25]), rgb=array([255., 255., 255.]), text='default text', units='norm', win=Window(...), wrapWidth=0.5)
9.6095 	EXP 	Created image_8 = ImageStim(__class__=<class 'psychopy.visual.image.ImageStim'>, autoLog=True, color=array([1., 1., 1.]), colorSpace='rgb', contrast=1.0, depth=-2.0, flipHoriz=False, flipVert=False, image='sin', interpolate=True, mask=None, maskParams=None, name='image_8', opacity=1.0, ori=0.0, pos=array([0.25, 0.25]), size=array([0.5, 0.5]), texRes=128, units='norm', win=Window(...))
9.6331 	EXP 	Created text_5 = TextStim(__class__=<class 'psychopy.visual.text.TextStim'>, alignHoriz='center', alignVert='center', antialias=True, autoLog=True, bold=False, color='white', colorSpace='named', contrast=1.0, depth=0.0, flipHoriz=False, flipVert=False, font='Arial', fontFiles=[], height=0.1, italic=False, languageStyle='LTR', name='text_5', opacity=1.0, ori=0, pos=array([0., 0.]), rgb=array([255., 255., 255.]), text=str(...), units='norm', win=Window(...), wrapWidth=1)
9.6367 	EXP 	Created question1_2 = TextStim(__class__=<class 'psychopy.visual.text.TextStim'>, alignHoriz='center', alignVert='center', antialias=True, autoLog=True, bold=False, color='white', colorSpace='named', contrast=1.0, depth=-1.0, flipHoriz=False, flipVert=False, font='Arial', fontFiles=[], height=0.1, italic=False, languageStyle='LTR', name='question1_2', opacity=1.0, ori=0, pos=array([0. , 0.6]), rgb=array([255., 255., 255.]), text='default text', units='norm', win=Window(...), wrapWidth=2)
9.6399 	EXP 	Created question2_2 = TextStim(__class__=<class 'psychopy.visual.text.TextStim'>, alignHoriz='center', alignVert='center', antialias=True, autoLog=True, bold=False, color='white', colorSpace='named', contrast=1.0, depth=-2.0, flipHoriz=False, flipVert=False, font='Arial', fontFiles=[], height=0.1, italic=False, languageStyle='LTR', name='question2_2', opacity=1.0, ori=0, pos=array([0.  , 0.35]), rgb=array([255., 255., 255.]), text='default text', units='norm', win=Window(...), wrapWidth=2)
9.6432 	EXP 	Created question3_2 = TextStim(__class__=<class 'psychopy.visual.text.TextStim'>, alignHoriz='center', alignVert='center', antialias=True, autoLog=True, bold=False, color='white', colorSpace='named', contrast=1.0, depth=-3.0, flipHoriz=False, flipVert=False, font='Arial', fontFiles=[], height=0.1, italic=False, languageStyle='LTR', name='question3_2', opacity=1.0, ori=0, pos=array([0.  , 0.12]), rgb=array([255., 255., 255.]), text='default text', units='norm', win=Window(...), wrapWidth=2)
9.6464 	EXP 	Created question4_2 = TextStim(__class__=<class 'psychopy.visual.text.TextStim'>, alignHoriz='center', alignVert='center', antialias=True, autoLog=True, bold=False, color='white', colorSpace='named', contrast=1.0, depth=-4.0, flipHoriz=False, flipVert=False, font='Arial', fontFiles=[], height=0.1, italic=False, languageStyle='LTR', name='question4_2', opacity=1.0, ori=0, pos=array([ 0.  , -0.12]), rgb=array([255., 255., 255.]), text='default text', units='norm', win=Window(...), wrapWidth=2)
9.6499 	EXP 	Created question5_2 = TextStim(__class__=<class 'psychopy.visual.text.TextStim'>, alignHoriz='center', alignVert='center', antialias=True, autoLog=True, bold=False, color='white', colorSpace='named', contrast=1.0, depth=-5.0, flipHoriz=False, flipVert=False, font='Arial', fontFiles=[], height=0.1, italic=False, languageStyle='LTR', name='question5_2', opacity=1.0, ori=0, pos=array([ 0.  , -0.35]), rgb=array([255., 255., 255.]), text='default text', units='norm', win=Window(...), wrapWidth=2)
9.6531 	EXP 	Created question6_2 = TextStim(__class__=<class 'psychopy.visual.text.TextStim'>, alignHoriz='center', alignVert='center', antialias=True, autoLog=True, bold=False, color='white', colorSpace='named', contrast=1.0, depth=-6.0, flipHoriz=False, flipVert=False, font='Arial', fontFiles=[], height=0.1, italic=False, languageStyle='LTR', name='question6_2', opacity=1.0, ori=0, pos=array([ 0. , -0.6]), rgb=array([255., 255., 255.]), text='default text', units='norm', win=Window(...), wrapWidth=2)
9.6544 	EXP 	Created image_3 = ImageStim(__class__=<class 'psychopy.visual.image.ImageStim'>, autoLog=True, color=array([1., 1., 1.]), colorSpace='rgb', contrast=1.0, depth=-8.0, flipHoriz=False, flipVert=False, image='sin', interpolate=True, mask=None, maskParams=None, name='image_3', opacity=1.0, ori=0.0, pos=array([ 0.  , -0.85]), size=array([0.25 , 0.125]), texRes=128, units='norm', win=Window(...))
9.6592 	EXP 	Created text_3 = TextStim(__class__=<class 'psychopy.visual.text.TextStim'>, alignHoriz='center', alignVert='center', antialias=True, autoLog=True, bold=False, color='white', colorSpace='named', contrast=1.0, depth=0.0, flipHoriz=False, flipVert=False, font='Arial', fontFiles=[], height=0.1, italic=False, languageStyle='LTR', name='text_3', opacity=1.0, ori=0, pos=array([0., 0.]), rgb=array([255., 255., 255.]), text='Final Tests', units='norm', win=Window(...), wrapWidth=1)
9.6605 	EXP 	Created image_2 = ImageStim(__class__=<class 'psychopy.visual.image.ImageStim'>, autoLog=True, color=array([1., 1., 1.]), colorSpace='rgb', contrast=1.0, depth=0.0, flipHoriz=False, flipVert=False, image='sin', interpolate=True, mask=None, maskParams=None, name='image_2', opacity=1.0, ori=0.0, pos=array([0., 0.]), size=array([0.5, 0.5]), texRes=128, units='norm', win=Window(...))
9.6638 	EXP 	Created text_4 = TextStim(__class__=<class 'psychopy.visual.text.TextStim'>, alignHoriz='center', alignVert='center', antialias=True, autoLog=True, bold=False, color='white', colorSpace='named', contrast=1.0, depth=-2.0, flipHoriz=False, flipVert=False, font='Arial', fontFiles=[], height=0.1, italic=False, languageStyle='LTR', name='text_4', opacity=1.0, ori=0, pos=array([ 0. , -0.5]), rgb=array([255., 255., 255.]), text='default text', units='norm', win=Window(...), wrapWidth=1)
9.6670 	EXP 	Created question1_3 = TextStim(__class__=<class 'psychopy.visual.text.TextStim'>, alignHoriz='center', alignVert='center', antialias=True, autoLog=True, bold=False, color='white', colorSpace='named', contrast=1.0, depth=-1.0, flipHoriz=False, flipVert=False, font='Arial', fontFiles=[], height=0.1, italic=False, languageStyle='LTR', name='question1_3', opacity=1.0, ori=0, pos=array([0. , 0.6]), rgb=array([255., 255., 255.]), text='default text', units='norm', win=Window(...), wrapWidth=2)
9.6702 	EXP 	Created question2_3 = TextStim(__class__=<class 'psychopy.visual.text.TextStim'>, alignHoriz='center', alignVert='center', antialias=True, autoLog=True, bold=False, color='white', colorSpace='named', contrast=1.0, depth=-2.0, flipHoriz=False, flipVert=False, font='Arial', fontFiles=[], height=0.1, italic=False, languageStyle='LTR', name='question2_3', opacity=1.0, ori=0, pos=array([0.  , 0.35]), rgb=array([255., 255., 255.]), text='default text', units='norm', win=Window(...), wrapWidth=2)
9.6734 	EXP 	Created question3_3 = TextStim(__class__=<class 'psychopy.visual.text.TextStim'>, alignHoriz='center', alignVert='center', antialias=True, autoLog=True, bold=False, color='white', colorSpace='named', contrast=1.0, depth=-3.0, flipHoriz=False, flipVert=False, font='Arial', fontFiles=[], height=0.1, italic=False, languageStyle='LTR', name='question3_3', opacity=1.0, ori=0, pos=array([0.  , 0.12]), rgb=array([255., 255., 255.]), text='default text', units='norm', win=Window(...), wrapWidth=2)
9.6768 	EXP 	Created question4_3 = TextStim(__class__=<class 'psychopy.visual.text.TextStim'>, alignHoriz='center', alignVert='center', antialias=True, autoLog=True, bold=False, color='white', colorSpace='named', contrast=1.0, depth=-4.0, flipHoriz=False, flipVert=False, font='Arial', fontFiles=[], height=0.1, italic=False, languageStyle='LTR', name='question4_3', opacity=1.0, ori=0, pos=array([ 0.  , -0.12]), rgb=array([255., 255., 255.]), text='default text', units='norm', win=Window(...), wrapWidth=2)
9.6800 	EXP 	Created question5_3 = TextStim(__class__=<class 'psychopy.visual.text.TextStim'>, alignHoriz='center', alignVert='center', antialias=True, autoLog=True, bold=False, color='white', colorSpace='named', contrast=1.0, depth=-5.0, flipHoriz=False, flipVert=False, font='Arial', fontFiles=[], height=0.1, italic=False, languageStyle='LTR', name='question5_3', opacity=1.0, ori=0, pos=array([ 0.  , -0.35]), rgb=array([255., 255., 255.]), text='default text', units='norm', win=Window(...), wrapWidth=2)
9.6832 	EXP 	Created question6_3 = TextStim(__class__=<class 'psychopy.visual.text.TextStim'>, alignHoriz='center', alignVert='center', antialias=True, autoLog=True, bold=False, color='white', colorSpace='named', contrast=1.0, depth=-6.0, flipHoriz=False, flipVert=False, font='Arial', fontFiles=[], height=0.1, italic=False, languageStyle='LTR', name='question6_3', opacity=1.0, ori=0, pos=array([ 0. , -0.6]), rgb=array([255., 255., 255.]), text='default text', units='norm', win=Window(...), wrapWidth=2)
9.6845 	EXP 	Created image_4 = ImageStim(__class__=<class 'psychopy.visual.image.ImageStim'>, autoLog=True, color=array([1., 1., 1.]), colorSpace='rgb', contrast=1.0, depth=-8.0, flipHoriz=False, flipVert=False, image='sin', interpolate=True, mask=None, maskParams=None, name='image_4', opacity=1.0, ori=0.0, pos=array([ 0.  , -0.85]), size=array([0.25 , 0.125]), texRes=128, units='norm', win=Window(...))
9.6877 	EXP 	Created text_6 = TextStim(__class__=<class 'psychopy.visual.text.TextStim'>, alignHoriz='center', alignVert='center', antialias=True, autoLog=True, bold=False, color='white', colorSpace='named', contrast=1.0, depth=-1.0, flipHoriz=False, flipVert=False, font='Arial', fontFiles=[], height=0.1, italic=False, languageStyle='LTR', name='text_6', opacity=1.0, ori=0, pos=array([0., 0.]), rgb=array([255., 255., 255.]), text='default text', units='norm', win=Window(...), wrapWidth=1)
9.6917 	EXP 	Created text = TextStim(__class__=<class 'psychopy.visual.text.TextStim'>, alignHoriz='center', alignVert='center', antialias=True, autoLog=True, bold=False, color='white', colorSpace='named', contrast=1.0, depth=0.0, flipHoriz=False, flipVert=False, font='Arial', fontFiles=[], height=0.1, italic=False, languageStyle='LTR', name='text', opacity=1.0, ori=0, pos=array([0., 0.]), rgb=array([255., 255., 255.]), text='end of introduction', units='norm', win=Window(...), wrapWidth=1)
9.7138 	EXP 	Imported instructions.xlsx as conditions, 5 conditions, 2 params
9.7141 	EXP 	Created sequence: sequential, trialTypes=5, nReps=1, seed=None
9.7143 	EXP 	New trial (rep=0, index=0): OrderedDict([('instruct_text', 'Welcome to the Job Simulator Task!'), ('instruct_text2', '(press the space bar to continue)')])
9.7504 	EXP 	welcome: text = 'Welcome to the Job Simulator Task!'
9.7504 	EXP 	text_12: text = '(press the space bar to continue)'
9.7504 	EXP 	welcome: autoDraw = True
9.7504 	EXP 	text_12: autoDraw = True
50.8003 	DATA 	Keypress: space
50.8143 	EXP 	New trial (rep=0, index=1): OrderedDict([('instruct_text', 'In this task, you will read 16 stories.'), ('instruct_text2', None)])
50.8465 	EXP 	welcome: autoDraw = False
50.8465 	EXP 	text_12: autoDraw = False
50.8465 	EXP 	welcome: text = 'In this task, you will read 16 stories.'
50.8465 	EXP 	text_12: text = '(press the space bar to continue)'
50.8465 	EXP 	welcome: autoDraw = True
50.8465 	EXP 	text_12: autoDraw = True
51.2995 	DATA 	Keypress: space
51.3002 	EXP 	New trial (rep=0, index=2): OrderedDict([('instruct_text', 'Before each story you will be assigned a perspective of a particular career to assume while reading that story.\n'), ('instruct_text2', None)])
51.3305 	EXP 	welcome: autoDraw = False
51.3305 	EXP 	text_12: autoDraw = False
51.3305 	EXP 	welcome: text = 'Before each story you will be assigned a perspective of a particular career to assume while reading that story.\n'
51.3305 	EXP 	text_12: text = '(press the space bar to continue)'
51.3305 	EXP 	welcome: autoDraw = True
51.3305 	EXP 	text_12: autoDraw = True
51.8157 	DATA 	Keypress: space
51.8163 	EXP 	New trial (rep=0, index=3): OrderedDict([('instruct_text', 'You should read the story according to the designated perspective.'), ('instruct_text2', None)])
51.8483 	EXP 	welcome: autoDraw = False
51.8483 	EXP 	text_12: autoDraw = False
51.8483 	EXP 	welcome: text = 'You should read the story according to the designated perspective.'
51.8483 	EXP 	text_12: text = '(press the space bar to continue)'
51.8483 	EXP 	welcome: autoDraw = True
51.8483 	EXP 	text_12: autoDraw = True
52.3180 	DATA 	Keypress: space
52.3317 	EXP 	New trial (rep=0, index=4): OrderedDict([('instruct_text', 'The perspectives are as follows:'), ('instruct_text2', None)])
52.3656 	EXP 	welcome: autoDraw = False
52.3656 	EXP 	text_12: autoDraw = False
52.3656 	EXP 	welcome: text = 'The perspectives are as follows:'
52.3656 	EXP 	text_12: text = '(press the space bar to continue)'
52.3656 	EXP 	welcome: autoDraw = True
52.3656 	EXP 	text_12: autoDraw = True
52.8160 	DATA 	Keypress: space
52.8208 	EXP 	Imported jobsPics.xlsx as conditions, 8 conditions, 2 params
52.8255 	EXP 	Created sequence: random, trialTypes=8, nReps=1, seed=None
52.8257 	EXP 	New trial (rep=0, index=0): OrderedDict([('rolePic', 'jobphotos/dean.jpg'), ('job', 'Dean of Academic Studies')])
52.9284 	EXP 	welcome: autoDraw = False
52.9284 	EXP 	text_12: autoDraw = False
52.9284 	EXP 	image: image = 'jobphotos/dean.jpg'
52.9284 	EXP 	text_2: text = 'Dean of Academic Studies'
52.9284 	EXP 	image: autoDraw = True
52.9284 	EXP 	text_2: autoDraw = True
54.7495 	DATA 	Keypress: space
54.7503 	EXP 	New trial (rep=0, index=1): OrderedDict([('rolePic', 'jobphotos/weddingplanner.jpg'), ('job', 'Wedding Planner')])
54.7811 	EXP 	image: autoDraw = False
54.7811 	EXP 	text_2: autoDraw = False
54.7811 	EXP 	image: image = 'jobphotos/weddingplanner.jpg'
54.7811 	EXP 	text_2: text = 'Wedding Planner'
54.7811 	EXP 	image: autoDraw = True
54.7811 	EXP 	text_2: autoDraw = True
55.0656 	DATA 	Keypress: space
55.0663 	EXP 	New trial (rep=0, index=2): OrderedDict([('rolePic', 'jobphotos/business_reporter.jpg'), ('job', 'Business Reporter')])
55.0986 	EXP 	image: autoDraw = False
55.0986 	EXP 	text_2: autoDraw = False
55.0986 	EXP 	image: image = 'jobphotos/business_reporter.jpg'
55.0986 	EXP 	text_2: text = 'Business Reporter'
55.0986 	EXP 	image: autoDraw = True
55.0986 	EXP 	text_2: autoDraw = True
55.2662 	DATA 	Keypress: space
55.2669 	EXP 	New trial (rep=0, index=3): OrderedDict([('rolePic', 'jobphotos/couples.jpeg'), ('job', 'Couples Therapist\n')])
55.2671 	WARNING 	Requested image 'jobphotos/couples.jpeg' not found but similar filename 'jobphotos/couples.jpg' exists. This will be used instead but changing the filename is advised.
55.3145 	EXP 	image: autoDraw = False
55.3145 	EXP 	text_2: autoDraw = False
55.3145 	EXP 	image: image = 'jobphotos/couples.jpeg'
55.3145 	EXP 	text_2: text = 'Couples Therapist\n'
55.3145 	EXP 	image: autoDraw = True
55.3145 	EXP 	text_2: autoDraw = True
55.4158 	DATA 	Keypress: space
55.4164 	EXP 	New trial (rep=0, index=4): OrderedDict([('rolePic', 'jobphotos/gscem.jpg'), ('job', 'Grocery Store Customer Experience Manager\n')])
55.5146 	EXP 	image: autoDraw = False
55.5146 	EXP 	text_2: autoDraw = False
55.5146 	EXP 	image: image = 'jobphotos/gscem.jpg'
55.5146 	EXP 	text_2: text = 'Grocery Store Customer Experience Manager\n'
55.5146 	EXP 	image: autoDraw = True
55.5146 	EXP 	text_2: autoDraw = True
55.7160 	DATA 	Keypress: space
55.7166 	EXP 	New trial (rep=0, index=5): OrderedDict([('rolePic', 'jobphotos/acem.jpg'), ('job', 'Airport Customer Experience Manager')])
55.7650 	EXP 	image: autoDraw = False
55.7650 	EXP 	text_2: autoDraw = False
55.7650 	EXP 	image: image = 'jobphotos/acem.jpg'
55.7650 	EXP 	text_2: text = 'Airport Customer Experience Manager'
55.7650 	EXP 	image: autoDraw = True
55.7650 	EXP 	text_2: autoDraw = True
56.1675 	DATA 	Keypress: space
56.1682 	EXP 	New trial (rep=0, index=6): OrderedDict([('rolePic', 'jobphotos/matchmaker.jpg'), ('job', 'Matchmaker')])
56.2155 	EXP 	image: autoDraw = False
56.2155 	EXP 	text_2: autoDraw = False
56.2155 	EXP 	image: image = 'jobphotos/matchmaker.jpg'
56.2155 	EXP 	text_2: text = 'Matchmaker'
56.2155 	EXP 	image: autoDraw = True
56.2155 	EXP 	text_2: autoDraw = True
56.6177 	DATA 	Keypress: space
56.6184 	EXP 	New trial (rep=0, index=7): OrderedDict([('rolePic', 'jobphotos/restaurant_critic.jpg'), ('job', 'Restaurant Critic')])
56.6657 	EXP 	image: autoDraw = False
56.6657 	EXP 	text_2: autoDraw = False
56.6657 	EXP 	image: image = 'jobphotos/restaurant_critic.jpg'
56.6657 	EXP 	text_2: text = 'Restaurant Critic'
56.6657 	EXP 	image: autoDraw = True
56.6657 	EXP 	text_2: autoDraw = True
57.0342 	DATA 	Keypress: space
57.0390 	EXP 	Imported instructions2.xlsx as conditions, 10 conditions, 2 params
57.0392 	EXP 	Created sequence: sequential, trialTypes=10, nReps=1, seed=None
57.0394 	EXP 	New trial (rep=0, index=0): OrderedDict([('instruct_text', 'In addition to reading all 16 stories, your task will be to answer perspective-related questions about each story.\n'), ('instruct_text2', '(press the space bar to continue)')])
57.0666 	EXP 	image: autoDraw = False
57.0666 	EXP 	text_2: autoDraw = False
57.0666 	EXP 	welcome: text = 'In addition to reading all 16 stories, your task will be to answer perspective-related questions about each story.\n'
57.0666 	EXP 	text_12: text = '(press the space bar to continue)'
57.0666 	EXP 	welcome: autoDraw = True
57.0666 	EXP 	text_12: autoDraw = True
59.4180 	DATA 	Keypress: space
59.4188 	EXP 	New trial (rep=0, index=1): OrderedDict([('instruct_text', 'You will answer the questions about each story after reading all 16 stories. '), ('instruct_text2', None)])
59.4493 	EXP 	welcome: autoDraw = False
59.4493 	EXP 	text_12: autoDraw = False
59.4493 	EXP 	welcome: text = 'You will answer the questions about each story after reading all 16 stories. '
59.4493 	EXP 	text_12: text = '(press the space bar to continue)'
59.4493 	EXP 	welcome: autoDraw = True
59.4493 	EXP 	text_12: autoDraw = True
59.8008 	DATA 	Keypress: space
59.8015 	EXP 	New trial (rep=0, index=2): OrderedDict([('instruct_text', 'There will be four questions to answer per story.'), ('instruct_text2', None)])
59.8330 	EXP 	welcome: autoDraw = False
59.8330 	EXP 	text_12: autoDraw = False
59.8330 	EXP 	welcome: text = 'There will be four questions to answer per story.'
59.8330 	EXP 	text_12: text = '(press the space bar to continue)'
59.8330 	EXP 	welcome: autoDraw = True
59.8330 	EXP 	text_12: autoDraw = True
60.1344 	DATA 	Keypress: space
60.1351 	EXP 	New trial (rep=0, index=3): OrderedDict([('instruct_text', 'These questions are determined by the perspective you take during the story. '), ('instruct_text2', None)])
60.1664 	EXP 	welcome: autoDraw = False
60.1664 	EXP 	text_12: autoDraw = False
60.1664 	EXP 	welcome: text = 'These questions are determined by the perspective you take during the story. '
60.1664 	EXP 	text_12: text = '(press the space bar to continue)'
60.1664 	EXP 	welcome: autoDraw = True
60.1664 	EXP 	text_12: autoDraw = True
60.5009 	DATA 	Keypress: space
60.5016 	EXP 	New trial (rep=0, index=4): OrderedDict([('instruct_text', 'The questions will be the same for the stories read with the same perspective. '), ('instruct_text2', None)])
60.5330 	EXP 	welcome: autoDraw = False
60.5330 	EXP 	text_12: autoDraw = False
60.5330 	EXP 	welcome: text = 'The questions will be the same for the stories read with the same perspective. '
60.5330 	EXP 	text_12: text = '(press the space bar to continue)'
60.5330 	EXP 	welcome: autoDraw = True
60.5330 	EXP 	text_12: autoDraw = True
61.0526 	DATA 	Keypress: space
61.0532 	EXP 	New trial (rep=0, index=5): OrderedDict([('instruct_text', 'Before reading the stories, you will learn the questions associated with each career perspective in order to help you answer them. '), ('instruct_text2', None)])
61.0837 	EXP 	welcome: autoDraw = False
61.0837 	EXP 	text_12: autoDraw = False
61.0837 	EXP 	welcome: text = 'Before reading the stories, you will learn the questions associated with each career perspective in order to help you answer them. '
61.0837 	EXP 	text_12: text = '(press the space bar to continue)'
61.0837 	EXP 	welcome: autoDraw = True
61.0837 	EXP 	text_12: autoDraw = True
61.4535 	DATA 	Keypress: space
61.4679 	EXP 	New trial (rep=0, index=6): OrderedDict([('instruct_text', 'You will have to try to learn these questions with a series of pre-task quizzes.'), ('instruct_text2', None)])
61.5013 	EXP 	welcome: autoDraw = False
61.5013 	EXP 	text_12: autoDraw = False
61.5013 	EXP 	welcome: text = 'You will have to try to learn these questions with a series of pre-task quizzes.'
61.5013 	EXP 	text_12: text = '(press the space bar to continue)'
61.5013 	EXP 	welcome: autoDraw = True
61.5013 	EXP 	text_12: autoDraw = True
61.8185 	DATA 	Keypress: space
61.8192 	EXP 	New trial (rep=0, index=7): OrderedDict([('instruct_text', 'Once the story-reading task has begun, remember your answers to the questions for each story.'), ('instruct_text2', None)])
61.8515 	EXP 	welcome: autoDraw = False
61.8515 	EXP 	text_12: autoDraw = False
61.8515 	EXP 	welcome: text = 'Once the story-reading task has begun, remember your answers to the questions for each story.'
61.8515 	EXP 	text_12: text = '(press the space bar to continue)'
61.8515 	EXP 	welcome: autoDraw = True
61.8515 	EXP 	text_12: autoDraw = True
62.1520 	DATA 	Keypress: space
62.1527 	EXP 	New trial (rep=0, index=8): OrderedDict([('instruct_text', 'Again, you will be asked about the answers to these questions for each story at end of the experiment. '), ('instruct_text2', None)])
62.1849 	EXP 	welcome: autoDraw = False
62.1849 	EXP 	text_12: autoDraw = False
62.1849 	EXP 	welcome: text = 'Again, you will be asked about the answers to these questions for each story at end of the experiment. '
62.1849 	EXP 	text_12: text = '(press the space bar to continue)'
62.1849 	EXP 	welcome: autoDraw = True
62.1849 	EXP 	text_12: autoDraw = True
62.5021 	DATA 	Keypress: space
62.5030 	EXP 	New trial (rep=0, index=9): OrderedDict([('instruct_text', 'Press the space bar to begin learning the perspectives and the questions for each one.'), ('instruct_text2', None)])
62.5350 	EXP 	welcome: autoDraw = False
62.5350 	EXP 	text_12: autoDraw = False
62.5350 	EXP 	welcome: text = 'Press the space bar to begin learning the perspectives and the questions for each one.'
62.5350 	EXP 	text_12: text = '(press the space bar to continue)'
62.5350 	EXP 	welcome: autoDraw = True
62.5350 	EXP 	text_12: autoDraw = True
62.7696 	DATA 	Keypress: space
62.7761 	EXP 	Imported whichRole.xlsx as conditions, 8 conditions, 8 params
62.7763 	EXP 	Created sequence: random, trialTypes=8, nReps=1, seed=None
62.7766 	EXP 	New trial (rep=0, index=0): OrderedDict([('Q1', 'How is the restaurant decorated?'), ('Q2', 'What are the menus like?'), ('Q3', 'What do the clients order?\n'), ('Q4', 'How do the clients like the food?'), ('D1', 'How old is the waiter?'), ('D2', 'What meal is being served?'), ('roleName', 'Restaurant Critic'), ('rolePic', 'jobphotos/restaurant_critic.jpg')])
62.7768 	EXP 	Created sequence: sequential, trialTypes=1, nReps=5, seed=None
62.7770 	EXP 	New trial (rep=0, index=0): None
62.8015 	EXP 	welcome: autoDraw = False
62.8015 	EXP 	text_12: autoDraw = False
62.8015 	EXP 	text_18: text = 'Restaurant Critic'
62.8015 	EXP 	image_9: image = 'jobphotos/restaurant_critic.jpg'
62.8015 	EXP 	text_18: autoDraw = True
62.8015 	EXP 	image_9: autoDraw = True
63.5354 	DATA 	Keypress: space
63.5684 	EXP 	text_18: autoDraw = False
63.5684 	EXP 	image_9: autoDraw = False
63.5684 	EXP 	text_8: text = 'A: How is the restaurant decorated?'
63.5684 	EXP 	text_9: text = 'Restaurant Critic'
63.5684 	EXP 	image_5: image = 'jobphotos/restaurant_critic.jpg'
63.5684 	EXP 	text_8: autoDraw = True
63.5684 	EXP 	text_9: autoDraw = True
63.5684 	EXP 	image_5: autoDraw = True
65.0023 	DATA 	Keypress: tab
66.1703 	DATA 	Keypress: escape
66.4410 	EXP 	window1: mouseVisible = True
