3.5440 	WARNING 	User requested fullscreen with size [1024  768], but screen is actually [2560, 1440]. Using actual size
4.2264 	EXP 	Created window1 = Window(allowGUI=False, allowStencil=False, args=UNKNOWN, autoLog=True, bitsMode=UNKNOWN, blendMode='avg', color=array([0., 0., 0.]), colorSpace='rgb', fullscr=<method-wrapper '__getattribute__' of attributeSetter object at 0x124062e48>, gamma=None, kwargs=UNKNOWN, lms=UNKNOWN, monitor=<psychopy.monitors.calibTools.Monitor object at 0x126a700b8>, multiSample=False, name='window1', numSamples=2, pos=[0.0, 0.0], screen=0, size=array([5120, 2880]), stereo=False, units='norm', useFBO=True, useRetina=True, viewOri=0.0, viewPos=None, viewScale=None, waitBlanking=True, winType='pyglet')
4.2264 	EXP 	window1: recordFrameIntervals = False
4.3930 	EXP 	window1: recordFrameIntervals = True
4.5763 	EXP 	window1: recordFrameIntervals = False
4.6428 	EXP 	Created text_4 = TextStim(__class__=<class 'psychopy.visual.text.TextStim'>, alignHoriz='center', alignVert='center', antialias=True, autoLog=True, bold=False, color='white', colorSpace='named', contrast=1.0, depth=-1.0, flipHoriz=False, flipVert=False, font='Arial', fontFiles=[], height=0.1, italic=False, languageStyle='LTR', name='text_4', opacity=1.0, ori=0, pos=array([0., 0.]), rgb=array([255., 255., 255.]), text='default text', units='norm', win=Window(...), wrapWidth=1)
4.6444 	EXP 	Created image = ImageStim(__class__=<class 'psychopy.visual.image.ImageStim'>, autoLog=True, color=array([1., 1., 1.]), colorSpace='rgb', contrast=1.0, depth=-2.0, flipHoriz=False, flipVert=False, image='sin', interpolate=True, mask=None, maskParams=None, name='image', opacity=1.0, ori=0.0, pos=array([0. , 0.5]), size=array([0.5, 0.5]), texRes=128, units='norm', win=Window(...))
4.6539 	EXP 	Created text_5 = TextStim(__class__=<class 'psychopy.visual.text.TextStim'>, alignHoriz='center', alignVert='center', antialias=True, autoLog=True, bold=False, color='white', colorSpace='named', contrast=1.0, depth=-3.0, flipHoriz=False, flipVert=False, font='Arial', fontFiles=[], height=0.1, italic=False, languageStyle='LTR', name='text_5', opacity=1.0, ori=0, pos=array([ 0. , -0.7]), rgb=array([255., 255., 255.]), text='(press space to continue)', units='norm', win=Window(...), wrapWidth=1)
4.6576 	EXP 	Created text = TextStim(__class__=<class 'psychopy.visual.text.TextStim'>, alignHoriz='center', alignVert='center', antialias=True, autoLog=True, bold=False, color='white', colorSpace='named', contrast=1.0, depth=0.0, flipHoriz=False, flipVert=False, font='Arial', fontFiles=[], height=0.1, italic=False, languageStyle='LTR', name='text', opacity=1.0, ori=0, pos=array([ 0. , -0.5]), rgb=array([255., 255., 255.]), text='default text', units='norm', win=Window(...), wrapWidth=1)
4.6590 	EXP 	Created image_2 = ImageStim(__class__=<class 'psychopy.visual.image.ImageStim'>, autoLog=True, color=array([1., 1., 1.]), colorSpace='rgb', contrast=1.0, depth=-2.0, flipHoriz=False, flipVert=False, image='sin', interpolate=True, mask=None, maskParams=None, name='image_2', opacity=1.0, ori=0.0, pos=array([0. , 0.4]), size=array([1., 1.]), texRes=128, units='norm', win=Window(...))
4.6627 	EXP 	Created text_6 = TextStim(__class__=<class 'psychopy.visual.text.TextStim'>, alignHoriz='center', alignVert='center', antialias=True, autoLog=True, bold=False, color='white', colorSpace='named', contrast=1.0, depth=-1.0, flipHoriz=False, flipVert=False, font='Arial', fontFiles=[], height=0.1, italic=False, languageStyle='LTR', name='text_6', opacity=1.0, ori=0, pos=array([0., 0.]), rgb=array([255., 255., 255.]), text='default text', units='norm', win=Window(...), wrapWidth=1)
4.6671 	EXP 	Created text_24 = TextStim(__class__=<class 'psychopy.visual.text.TextStim'>, alignHoriz='center', alignVert='center', antialias=True, autoLog=True, bold=False, color='white', colorSpace='named', contrast=1.0, depth=-2.0, flipHoriz=False, flipVert=False, font='Arial', fontFiles=[], height=0.1, italic=False, languageStyle='LTR', name='text_24', opacity=1.0, ori=0, pos=array([ 0. , -0.4]), rgb=array([255., 255., 255.]), text='(press space to continue)', units='norm', win=Window(...), wrapWidth=1)
4.6797 	EXP 	Created text_9 = TextStim(__class__=<class 'psychopy.visual.text.TextStim'>, alignHoriz='center', alignVert='center', antialias=True, autoLog=True, bold=False, color='white', colorSpace='named', contrast=1.0, depth=-1.0, flipHoriz=False, flipVert=False, font='Arial', fontFiles=[], height=0.1, italic=False, languageStyle='LTR', name='text_9', opacity=1.0, ori=0, pos=array([0., 0.]), rgb=array([255., 255., 255.]), text=str(...), units='norm', win=Window(...), wrapWidth=1.5)
4.6833 	EXP 	Created text_10 = TextStim(__class__=<class 'psychopy.visual.text.TextStim'>, alignHoriz='center', alignVert='center', antialias=True, autoLog=True, bold=False, color='white', colorSpace='named', contrast=1.0, depth=-2.0, flipHoriz=False, flipVert=False, font='Arial', fontFiles=[], height=0.1, italic=False, languageStyle='LTR', name='text_10', opacity=1.0, ori=0, pos=array([-0.9 , -0.15]), rgb=array([255., 255., 255.]), text='default text', units='norm', win=Window(...), wrapWidth=1)
4.6847 	EXP 	Created image_4 = ImageStim(__class__=<class 'psychopy.visual.image.ImageStim'>, autoLog=True, color=array([1., 1., 1.]), colorSpace='rgb', contrast=1.0, depth=-3.0, flipHoriz=False, flipVert=False, image='sin', interpolate=True, mask=None, maskParams=None, name='image_4', opacity=1.0, ori=0.0, pos=array([0. , 0.5]), size=array([0.75, 0.75]), texRes=128, units='norm', win=Window(...))
4.6912 	EXP 	Created polygon = Line(__class__=<class 'psychopy.visual.line.Line'>, autoDraw=False, autoLog=True, closeShape=False, contrast=1.0, depth=-4.0, fillColor=None, fillColorSpace='rgb255', interpolate=True, lineColor=array([1., 1., 1.]), lineColorSpace='rgb', lineWidth=20, name='polygon', opacity=1.0, ori=array(0.), pos=array([ 0.   , -0.125]), size=array([1., 1.]), units='norm', vertices=ndarray(...), win=Window(...), windingRule=None)
4.6919 	EXP 	Created bottom_line = Line(__class__=<class 'psychopy.visual.line.Line'>, autoDraw=False, autoLog=True, closeShape=False, contrast=1.0, depth=-5.0, fillColor=None, fillColorSpace='rgb255', interpolate=True, lineColor=array([1., 1., 1.]), lineColorSpace='rgb', lineWidth=20, name='bottom_line', opacity=1.0, ori=array(0.), pos=array([ 0.   , -0.975]), size=array([1., 1.]), units='norm', vertices=ndarray(...), win=Window(...), windingRule=None)
4.6927 	EXP 	Created right_line_2 = Line(__class__=<class 'psychopy.visual.line.Line'>, autoDraw=False, autoLog=True, closeShape=False, contrast=1.0, depth=-6.0, fillColor=None, fillColorSpace='rgb255', interpolate=True, lineColor=array([1., 1., 1.]), lineColorSpace='rgb', lineWidth=20, name='right_line_2', opacity=1.0, ori=array(90.), pos=array([ 0.925, -0.55 ]), size=array([1., 1.]), units='norm', vertices=ndarray(...), win=Window(...), windingRule=None)
4.6934 	EXP 	Created left_line = Line(__class__=<class 'psychopy.visual.line.Line'>, autoDraw=False, autoLog=True, closeShape=False, contrast=1.0, depth=-7.0, fillColor=None, fillColorSpace='rgb255', interpolate=True, lineColor=array([1., 1., 1.]), lineColorSpace='rgb', lineWidth=20, name='left_line', opacity=1.0, ori=array(90.), pos=array([-0.925, -0.55 ]), size=array([1., 1.]), units='norm', vertices=ndarray(...), win=Window(...), windingRule=None)
4.6971 	EXP 	Created text_13 = TextStim(__class__=<class 'psychopy.visual.text.TextStim'>, alignHoriz='center', alignVert='center', antialias=True, autoLog=True, bold=False, color='white', colorSpace='named', contrast=1.0, depth=-1.0, flipHoriz=False, flipVert=False, font='Arial', fontFiles=[], height=0.1, italic=False, languageStyle='LTR', name='text_13', opacity=1.0, ori=0, pos=array([0., 0.]), rgb=array([255., 255., 255.]), text='default text', units='norm', win=Window(...), wrapWidth=1)
4.7016 	EXP 	Created text_23 = TextStim(__class__=<class 'psychopy.visual.text.TextStim'>, alignHoriz='center', alignVert='center', antialias=True, autoLog=True, bold=False, color='white', colorSpace='named', contrast=1.0, depth=-2.0, flipHoriz=False, flipVert=False, font='Arial', fontFiles=[], height=0.1, italic=False, languageStyle='LTR', name='text_23', opacity=1.0, ori=0, pos=array([ 0. , -0.4]), rgb=array([255., 255., 255.]), text='(press space to continue)', units='norm', win=Window(...), wrapWidth=1)
4.7029 	EXP 	Created image_10 = ImageStim(__class__=<class 'psychopy.visual.image.ImageStim'>, autoLog=True, color=array([1., 1., 1.]), colorSpace='rgb', contrast=1.0, depth=-1.0, flipHoriz=False, flipVert=False, image='sin', interpolate=True, mask=None, maskParams=None, name='image_10', opacity=1.0, ori=0.0, pos=array([0., 0.]), size=array([0.75, 0.75]), texRes=128, units='norm', win=Window(...))
4.7074 	EXP 	Created text_22 = TextStim(__class__=<class 'psychopy.visual.text.TextStim'>, alignHoriz='center', alignVert='center', antialias=True, autoLog=True, bold=False, color='white', colorSpace='named', contrast=1.0, depth=-3.0, flipHoriz=False, flipVert=False, font='Arial', fontFiles=[], height=0.1, italic=False, languageStyle='LTR', name='text_22', opacity=1.0, ori=0, pos=array([ 0. , -0.5]), rgb=array([255., 255., 255.]), text='(press space to continue)', units='norm', win=Window(...), wrapWidth=1)
4.7110 	EXP 	Created text_14 = TextStim(__class__=<class 'psychopy.visual.text.TextStim'>, alignHoriz='center', alignVert='center', antialias=True, autoLog=True, bold=False, color='white', colorSpace='named', contrast=1.0, depth=-1.0, flipHoriz=False, flipVert=False, font='Arial', fontFiles=[], height=0.1, italic=False, languageStyle='LTR', name='text_14', opacity=1.0, ori=0, pos=array([0., 0.]), rgb=array([255., 255., 255.]), text='default text', units='norm', win=Window(...), wrapWidth=1.5)
4.7145 	EXP 	Created text_15 = TextStim(__class__=<class 'psychopy.visual.text.TextStim'>, alignHoriz='center', alignVert='center', antialias=True, autoLog=True, bold=False, color='white', colorSpace='named', contrast=1.0, depth=-2.0, flipHoriz=False, flipVert=False, font='Arial', fontFiles=[], height=0.1, italic=False, languageStyle='LTR', name='text_15', opacity=1.0, ori=0, pos=array([-0.9 , -0.15]), rgb=array([255., 255., 255.]), text='default text', units='norm', win=Window(...), wrapWidth=1)
4.7159 	EXP 	Created image_6 = ImageStim(__class__=<class 'psychopy.visual.image.ImageStim'>, autoLog=True, color=array([1., 1., 1.]), colorSpace='rgb', contrast=1.0, depth=-3.0, flipHoriz=False, flipVert=False, image='sin', interpolate=True, mask=None, maskParams=None, name='image_6', opacity=1.0, ori=0.0, pos=array([0. , 0.5]), size=array([0.75, 0.75]), texRes=128, units='norm', win=Window(...))
4.7167 	EXP 	Created polygon_3 = Line(__class__=<class 'psychopy.visual.line.Line'>, autoDraw=False, autoLog=True, closeShape=False, contrast=1.0, depth=-4.0, fillColor=None, fillColorSpace='rgb255', interpolate=True, lineColor=array([1., 1., 1.]), lineColorSpace='rgb', lineWidth=20, name='polygon_3', opacity=1.0, ori=array(0.), pos=array([ 0.   , -0.125]), size=array([1., 1.]), units='norm', vertices=ndarray(...), win=Window(...), windingRule=None)
4.7174 	EXP 	Created bottom_line_3 = Line(__class__=<class 'psychopy.visual.line.Line'>, autoDraw=False, autoLog=True, closeShape=False, contrast=1.0, depth=-5.0, fillColor=None, fillColorSpace='rgb255', interpolate=True, lineColor=array([1., 1., 1.]), lineColorSpace='rgb', lineWidth=20, name='bottom_line_3', opacity=1.0, ori=array(0.), pos=array([ 0. , -0.5]), size=array([1., 1.]), units='norm', vertices=ndarray(...), win=Window(...), windingRule=None)
4.7181 	EXP 	Created right_line_3 = Line(__class__=<class 'psychopy.visual.line.Line'>, autoDraw=False, autoLog=True, closeShape=False, contrast=1.0, depth=-6.0, fillColor=None, fillColorSpace='rgb255', interpolate=True, lineColor=array([1., 1., 1.]), lineColorSpace='rgb', lineWidth=20, name='right_line_3', opacity=1.0, ori=array(90.), pos=array([ 0.925 , -0.3125]), size=array([1., 1.]), units='norm', vertices=ndarray(...), win=Window(...), windingRule=None)
4.7189 	EXP 	Created left_line_3 = Line(__class__=<class 'psychopy.visual.line.Line'>, autoDraw=False, autoLog=True, closeShape=False, contrast=1.0, depth=-7.0, fillColor=None, fillColorSpace='rgb255', interpolate=True, lineColor=array([1., 1., 1.]), lineColorSpace='rgb', lineWidth=20, name='left_line_3', opacity=1.0, ori=array(90.), pos=array([-0.925 , -0.3125]), size=array([1., 1.]), units='norm', vertices=ndarray(...), win=Window(...), windingRule=None)
4.7226 	EXP 	Created text_16 = TextStim(__class__=<class 'psychopy.visual.text.TextStim'>, alignHoriz='center', alignVert='center', antialias=True, autoLog=True, bold=False, color='white', colorSpace='named', contrast=1.0, depth=-1.0, flipHoriz=False, flipVert=False, font='Arial', fontFiles=[], height=0.1, italic=False, languageStyle='LTR', name='text_16', opacity=1.0, ori=0, pos=array([0., 0.]), rgb=array([255., 255., 255.]), text='default text', units='norm', win=Window(...), wrapWidth=1.5)
4.7260 	EXP 	Created text_17 = TextStim(__class__=<class 'psychopy.visual.text.TextStim'>, alignHoriz='center', alignVert='center', antialias=True, autoLog=True, bold=False, color='white', colorSpace='named', contrast=1.0, depth=-2.0, flipHoriz=False, flipVert=False, font='Arial', fontFiles=[], height=0.1, italic=False, languageStyle='LTR', name='text_17', opacity=1.0, ori=0, pos=array([-0.9 , -0.15]), rgb=array([255., 255., 255.]), text='default text', units='norm', win=Window(...), wrapWidth=1)
4.7273 	EXP 	Created image_7 = ImageStim(__class__=<class 'psychopy.visual.image.ImageStim'>, autoLog=True, color=array([1., 1., 1.]), colorSpace='rgb', contrast=1.0, depth=-3.0, flipHoriz=False, flipVert=False, image='sin', interpolate=True, mask=None, maskParams=None, name='image_7', opacity=1.0, ori=0.0, pos=array([0. , 0.5]), size=array([0.75, 0.75]), texRes=128, units='norm', win=Window(...))
4.7281 	EXP 	Created polygon_4 = Line(__class__=<class 'psychopy.visual.line.Line'>, autoDraw=False, autoLog=True, closeShape=False, contrast=1.0, depth=-4.0, fillColor=None, fillColorSpace='rgb255', interpolate=True, lineColor=array([1., 1., 1.]), lineColorSpace='rgb', lineWidth=20, name='polygon_4', opacity=1.0, ori=array(0.), pos=array([ 0.   , -0.125]), size=array([1., 1.]), units='norm', vertices=ndarray(...), win=Window(...), windingRule=None)
4.7288 	EXP 	Created bottom_line_4 = Line(__class__=<class 'psychopy.visual.line.Line'>, autoDraw=False, autoLog=True, closeShape=False, contrast=1.0, depth=-5.0, fillColor=None, fillColorSpace='rgb255', interpolate=True, lineColor=array([1., 1., 1.]), lineColorSpace='rgb', lineWidth=20, name='bottom_line_4', opacity=1.0, ori=array(0.), pos=array([ 0. , -0.5]), size=array([1., 1.]), units='norm', vertices=ndarray(...), win=Window(...), windingRule=None)
4.7296 	EXP 	Created right_line_4 = Line(__class__=<class 'psychopy.visual.line.Line'>, autoDraw=False, autoLog=True, closeShape=False, contrast=1.0, depth=-6.0, fillColor=None, fillColorSpace='rgb255', interpolate=True, lineColor=array([1., 1., 1.]), lineColorSpace='rgb', lineWidth=20, name='right_line_4', opacity=1.0, ori=array(90.), pos=array([ 0.925 , -0.3125]), size=array([1., 1.]), units='norm', vertices=ndarray(...), win=Window(...), windingRule=None)
4.7304 	EXP 	Created left_line_4 = Line(__class__=<class 'psychopy.visual.line.Line'>, autoDraw=False, autoLog=True, closeShape=False, contrast=1.0, depth=-7.0, fillColor=None, fillColorSpace='rgb255', interpolate=True, lineColor=array([1., 1., 1.]), lineColorSpace='rgb', lineWidth=20, name='left_line_4', opacity=1.0, ori=array(90.), pos=array([-0.925 , -0.3125]), size=array([1., 1.]), units='norm', vertices=ndarray(...), win=Window(...), windingRule=None)
4.7340 	EXP 	Created text_18 = TextStim(__class__=<class 'psychopy.visual.text.TextStim'>, alignHoriz='center', alignVert='center', antialias=True, autoLog=True, bold=False, color='white', colorSpace='named', contrast=1.0, depth=-1.0, flipHoriz=False, flipVert=False, font='Arial', fontFiles=[], height=0.1, italic=False, languageStyle='LTR', name='text_18', opacity=1.0, ori=0, pos=array([0., 0.]), rgb=array([255., 255., 255.]), text='default text', units='norm', win=Window(...), wrapWidth=1.5)
4.7375 	EXP 	Created text_19 = TextStim(__class__=<class 'psychopy.visual.text.TextStim'>, alignHoriz='center', alignVert='center', antialias=True, autoLog=True, bold=False, color='white', colorSpace='named', contrast=1.0, depth=-2.0, flipHoriz=False, flipVert=False, font='Arial', fontFiles=[], height=0.1, italic=False, languageStyle='LTR', name='text_19', opacity=1.0, ori=0, pos=array([-0.9 , -0.15]), rgb=array([255., 255., 255.]), text='default text', units='norm', win=Window(...), wrapWidth=1)
4.7390 	EXP 	Created image_8 = ImageStim(__class__=<class 'psychopy.visual.image.ImageStim'>, autoLog=True, color=array([1., 1., 1.]), colorSpace='rgb', contrast=1.0, depth=-3.0, flipHoriz=False, flipVert=False, image='sin', interpolate=True, mask=None, maskParams=None, name='image_8', opacity=1.0, ori=0.0, pos=array([0. , 0.5]), size=array([0.75, 0.75]), texRes=128, units='norm', win=Window(...))
4.7398 	EXP 	Created polygon_5 = Line(__class__=<class 'psychopy.visual.line.Line'>, autoDraw=False, autoLog=True, closeShape=False, contrast=1.0, depth=-4.0, fillColor=None, fillColorSpace='rgb255', interpolate=True, lineColor=array([1., 1., 1.]), lineColorSpace='rgb', lineWidth=20, name='polygon_5', opacity=1.0, ori=array(0.), pos=array([ 0.   , -0.125]), size=array([1., 1.]), units='norm', vertices=ndarray(...), win=Window(...), windingRule=None)
4.7405 	EXP 	Created bottom_line_5 = Line(__class__=<class 'psychopy.visual.line.Line'>, autoDraw=False, autoLog=True, closeShape=False, contrast=1.0, depth=-5.0, fillColor=None, fillColorSpace='rgb255', interpolate=True, lineColor=array([1., 1., 1.]), lineColorSpace='rgb', lineWidth=20, name='bottom_line_5', opacity=1.0, ori=array(0.), pos=array([ 0. , -0.5]), size=array([1., 1.]), units='norm', vertices=ndarray(...), win=Window(...), windingRule=None)
4.7413 	EXP 	Created right_line_5 = Line(__class__=<class 'psychopy.visual.line.Line'>, autoDraw=False, autoLog=True, closeShape=False, contrast=1.0, depth=-6.0, fillColor=None, fillColorSpace='rgb255', interpolate=True, lineColor=array([1., 1., 1.]), lineColorSpace='rgb', lineWidth=20, name='right_line_5', opacity=1.0, ori=array(90.), pos=array([ 0.925 , -0.3125]), size=array([1., 1.]), units='norm', vertices=ndarray(...), win=Window(...), windingRule=None)
4.7420 	EXP 	Created left_line_5 = Line(__class__=<class 'psychopy.visual.line.Line'>, autoDraw=False, autoLog=True, closeShape=False, contrast=1.0, depth=-7.0, fillColor=None, fillColorSpace='rgb255', interpolate=True, lineColor=array([1., 1., 1.]), lineColorSpace='rgb', lineWidth=20, name='left_line_5', opacity=1.0, ori=array(90.), pos=array([-0.925 , -0.3125]), size=array([1., 1.]), units='norm', vertices=ndarray(...), win=Window(...), windingRule=None)
4.7455 	EXP 	Created text_20 = TextStim(__class__=<class 'psychopy.visual.text.TextStim'>, alignHoriz='center', alignVert='center', antialias=True, autoLog=True, bold=False, color='white', colorSpace='named', contrast=1.0, depth=-1.0, flipHoriz=False, flipVert=False, font='Arial', fontFiles=[], height=0.1, italic=False, languageStyle='LTR', name='text_20', opacity=1.0, ori=0, pos=array([0., 0.]), rgb=array([255., 255., 255.]), text='default text', units='norm', win=Window(...), wrapWidth=1.5)
4.7490 	EXP 	Created text_21 = TextStim(__class__=<class 'psychopy.visual.text.TextStim'>, alignHoriz='center', alignVert='center', antialias=True, autoLog=True, bold=False, color='white', colorSpace='named', contrast=1.0, depth=-2.0, flipHoriz=False, flipVert=False, font='Arial', fontFiles=[], height=0.1, italic=False, languageStyle='LTR', name='text_21', opacity=1.0, ori=0, pos=array([-0.9 , -0.15]), rgb=array([255., 255., 255.]), text='default text', units='norm', win=Window(...), wrapWidth=1)
4.7503 	EXP 	Created image_9 = ImageStim(__class__=<class 'psychopy.visual.image.ImageStim'>, autoLog=True, color=array([1., 1., 1.]), colorSpace='rgb', contrast=1.0, depth=-3.0, flipHoriz=False, flipVert=False, image='sin', interpolate=True, mask=None, maskParams=None, name='image_9', opacity=1.0, ori=0.0, pos=array([0. , 0.5]), size=array([0.75, 0.75]), texRes=128, units='norm', win=Window(...))
4.7511 	EXP 	Created polygon_6 = Line(__class__=<class 'psychopy.visual.line.Line'>, autoDraw=False, autoLog=True, closeShape=False, contrast=1.0, depth=-4.0, fillColor=None, fillColorSpace='rgb255', interpolate=True, lineColor=array([1., 1., 1.]), lineColorSpace='rgb', lineWidth=20, name='polygon_6', opacity=1.0, ori=array(0.), pos=array([ 0.   , -0.125]), size=array([1., 1.]), units='norm', vertices=ndarray(...), win=Window(...), windingRule=None)
4.7518 	EXP 	Created bottom_line_6 = Line(__class__=<class 'psychopy.visual.line.Line'>, autoDraw=False, autoLog=True, closeShape=False, contrast=1.0, depth=-5.0, fillColor=None, fillColorSpace='rgb255', interpolate=True, lineColor=array([1., 1., 1.]), lineColorSpace='rgb', lineWidth=20, name='bottom_line_6', opacity=1.0, ori=array(0.), pos=array([ 0. , -0.5]), size=array([1., 1.]), units='norm', vertices=ndarray(...), win=Window(...), windingRule=None)
4.7525 	EXP 	Created right_line_6 = Line(__class__=<class 'psychopy.visual.line.Line'>, autoDraw=False, autoLog=True, closeShape=False, contrast=1.0, depth=-6.0, fillColor=None, fillColorSpace='rgb255', interpolate=True, lineColor=array([1., 1., 1.]), lineColorSpace='rgb', lineWidth=20, name='right_line_6', opacity=1.0, ori=array(90.), pos=array([ 0.925 , -0.3125]), size=array([1., 1.]), units='norm', vertices=ndarray(...), win=Window(...), windingRule=None)
4.7533 	EXP 	Created left_line_6 = Line(__class__=<class 'psychopy.visual.line.Line'>, autoDraw=False, autoLog=True, closeShape=False, contrast=1.0, depth=-7.0, fillColor=None, fillColorSpace='rgb255', interpolate=True, lineColor=array([1., 1., 1.]), lineColorSpace='rgb', lineWidth=20, name='left_line_6', opacity=1.0, ori=array(90.), pos=array([-0.925 , -0.3125]), size=array([1., 1.]), units='norm', vertices=ndarray(...), win=Window(...), windingRule=None)
4.7605 	EXP 	Imported count.xlsx as conditions, 16 conditions, 1 params
4.7608 	EXP 	Created sequence: sequential, trialTypes=16, nReps=1, seed=None
4.7610 	EXP 	New trial (rep=0, index=0): OrderedDict([('count', 0)])
4.8424 	EXP 	text_4: text = 'Dean of Academic Studies'
4.8424 	EXP 	image: image = 'jobphotos/dean.jpg'
4.8424 	EXP 	text_4: autoDraw = True
4.8424 	EXP 	image: autoDraw = True
4.8424 	EXP 	text_5: autoDraw = True
5.4285 	DATA 	Keypress: space
5.4333 	EXP 	Imported story_xlsx_files/24.xlsx as conditions, 2 conditions, 1 params
5.4336 	EXP 	Created sequence: sequential, trialTypes=2, nReps=1, seed=None
5.4339 	EXP 	New trial (rep=0, index=0): OrderedDict([('storyText', 24)])
5.4382 	WARNING 	Requested image 'storypics/24_storypic' not found but similar filename 'storypics/24_storypic.jpg' exists. This will be used instead but changing the filename is advised.
5.4764 	EXP 	text_4: autoDraw = False
5.4764 	EXP 	image: autoDraw = False
5.4764 	EXP 	text_5: autoDraw = False
5.4764 	EXP 	text: text = 24
5.4764 	EXP 	image_2: image = 'storypics/24_storypic'
5.4764 	EXP 	text: autoDraw = True
5.4764 	EXP 	image_2: autoDraw = True
6.6122 	DATA 	Keypress: 1
6.6130 	EXP 	New trial (rep=0, index=1): OrderedDict([('storyText', 'Attending a Lecture Proposal')])
6.6213 	WARNING 	Requested image 'storypics/24_storypic' not found but similar filename 'storypics/24_storypic.jpg' exists. This will be used instead but changing the filename is advised.
6.6448 	EXP 	text: autoDraw = False
6.6448 	EXP 	image_2: autoDraw = False
6.6448 	EXP 	text: text = 'Attending a Lecture Proposal'
6.6448 	EXP 	image_2: image = 'storypics/24_storypic'
6.6448 	EXP 	text: autoDraw = True
6.6448 	EXP 	image_2: autoDraw = True
6.8294 	DATA 	Keypress: 9
6.8302 	EXP 	New trial (rep=0, index=1): OrderedDict([('count', 1)])
6.8603 	EXP 	text: autoDraw = False
6.8603 	EXP 	image_2: autoDraw = False
6.8603 	EXP 	text_4: text = 'Restaurant Critic'
6.8603 	EXP 	image: image = 'jobphotos/restaurant_critic.jpg'
6.8603 	EXP 	text_4: autoDraw = True
6.8603 	EXP 	image: autoDraw = True
6.8603 	EXP 	text_5: autoDraw = True
7.3292 	DATA 	Keypress: space
7.3343 	EXP 	Imported story_xlsx_files/31.xlsx as conditions, 2 conditions, 1 params
7.3346 	EXP 	Created sequence: sequential, trialTypes=2, nReps=1, seed=None
7.3348 	EXP 	New trial (rep=0, index=0): OrderedDict([('storyText', 31)])
7.3384 	WARNING 	Requested image 'storypics/31_storypic' not found but similar filename 'storypics/31_storypic.jpg' exists. This will be used instead but changing the filename is advised.
7.3608 	EXP 	text_4: autoDraw = False
7.3608 	EXP 	image: autoDraw = False
7.3608 	EXP 	text_5: autoDraw = False
7.3608 	EXP 	text: text = 31
7.3608 	EXP 	image_2: image = 'storypics/31_storypic'
7.3608 	EXP 	text: autoDraw = True
7.3608 	EXP 	image_2: autoDraw = True
7.9959 	DATA 	Keypress: 1
7.9967 	EXP 	New trial (rep=0, index=1): OrderedDict([('storyText', 'Restaurant Business Deal')])
8.0027 	WARNING 	Requested image 'storypics/31_storypic' not found but similar filename 'storypics/31_storypic.jpg' exists. This will be used instead but changing the filename is advised.
8.0281 	EXP 	text: autoDraw = False
8.0281 	EXP 	image_2: autoDraw = False
8.0281 	EXP 	text: text = 'Restaurant Business Deal'
8.0281 	EXP 	image_2: image = 'storypics/31_storypic'
8.0281 	EXP 	text: autoDraw = True
8.0281 	EXP 	image_2: autoDraw = True
8.1965 	DATA 	Keypress: 9
8.1972 	EXP 	New trial (rep=0, index=2): OrderedDict([('count', 2)])
8.2278 	EXP 	text: autoDraw = False
8.2278 	EXP 	image_2: autoDraw = False
8.2278 	EXP 	text_4: text = 'Airport Customer Experience Manager'
8.2278 	EXP 	image: image = 'jobphotos/acem.jpg'
8.2278 	EXP 	text_4: autoDraw = True
8.2278 	EXP 	image: autoDraw = True
8.2278 	EXP 	text_5: autoDraw = True
8.5466 	DATA 	Keypress: space
8.5513 	EXP 	Imported story_xlsx_files/12.xlsx as conditions, 2 conditions, 1 params
8.5515 	EXP 	Created sequence: sequential, trialTypes=2, nReps=1, seed=None
8.5517 	EXP 	New trial (rep=0, index=0): OrderedDict([('storyText', 12)])
8.5544 	WARNING 	Requested image 'storypics/12_storypic' not found but similar filename 'storypics/12_storypic.jpg' exists. This will be used instead but changing the filename is advised.
8.5944 	EXP 	text_4: autoDraw = False
8.5944 	EXP 	image: autoDraw = False
8.5944 	EXP 	text_5: autoDraw = False
8.5944 	EXP 	text: text = 12
8.5944 	EXP 	image_2: image = 'storypics/12_storypic'
8.5944 	EXP 	text: autoDraw = True
8.5944 	EXP 	image_2: autoDraw = True
8.9624 	DATA 	Keypress: 1
8.9633 	EXP 	New trial (rep=0, index=1): OrderedDict([('storyText', 'Airport Breakup')])
8.9698 	WARNING 	Requested image 'storypics/12_storypic' not found but similar filename 'storypics/12_storypic.jpg' exists. This will be used instead but changing the filename is advised.
8.9939 	EXP 	text: autoDraw = False
8.9939 	EXP 	image_2: autoDraw = False
8.9939 	EXP 	text: text = 'Airport Breakup'
8.9939 	EXP 	image_2: image = 'storypics/12_storypic'
8.9939 	EXP 	text: autoDraw = True
8.9939 	EXP 	image_2: autoDraw = True
9.0959 	DATA 	Keypress: 9
9.0968 	EXP 	New trial (rep=0, index=3): OrderedDict([('count', 3)])
9.1274 	EXP 	text: autoDraw = False
9.1274 	EXP 	image_2: autoDraw = False
9.1274 	EXP 	text_4: text = 'Business Reporter'
9.1274 	EXP 	image: image = 'jobphotos/business_reporter.jpg'
9.1274 	EXP 	text_4: autoDraw = True
9.1274 	EXP 	image: autoDraw = True
9.1274 	EXP 	text_5: autoDraw = True
9.5122 	DATA 	Keypress: space
9.5167 	EXP 	Imported story_xlsx_files/32.xlsx as conditions, 2 conditions, 1 params
9.5169 	EXP 	Created sequence: sequential, trialTypes=2, nReps=1, seed=None
9.5171 	EXP 	New trial (rep=0, index=0): OrderedDict([('storyText', 32)])
9.5196 	WARNING 	Requested image 'storypics/32_storypic' not found but similar filename 'storypics/32_storypic.jpg' exists. This will be used instead but changing the filename is advised.
9.5446 	EXP 	text_4: autoDraw = False
9.5446 	EXP 	image: autoDraw = False
9.5446 	EXP 	text_5: autoDraw = False
9.5446 	EXP 	text: text = 32
9.5446 	EXP 	image_2: image = 'storypics/32_storypic'
9.5446 	EXP 	text: autoDraw = True
9.5446 	EXP 	image_2: autoDraw = True
9.9794 	DATA 	Keypress: 1
9.9803 	EXP 	New trial (rep=0, index=1): OrderedDict([('storyText', 'Airport Business Deal')])
9.9851 	WARNING 	Requested image 'storypics/32_storypic' not found but similar filename 'storypics/32_storypic.jpg' exists. This will be used instead but changing the filename is advised.
10.0110 	EXP 	text: autoDraw = False
10.0110 	EXP 	image_2: autoDraw = False
10.0110 	EXP 	text: text = 'Airport Business Deal'
10.0110 	EXP 	image_2: image = 'storypics/32_storypic'
10.0110 	EXP 	text: autoDraw = True
10.0110 	EXP 	image_2: autoDraw = True
10.0961 	DATA 	Keypress: 9
10.0971 	EXP 	New trial (rep=0, index=4): OrderedDict([('count', 4)])
10.1277 	EXP 	text: autoDraw = False
10.1277 	EXP 	image_2: autoDraw = False
10.1277 	EXP 	text_4: text = 'Wedding Planner'
10.1277 	EXP 	image: image = 'jobphotos/weddingplanner.jpg'
10.1277 	EXP 	text_4: autoDraw = True
10.1277 	EXP 	image: autoDraw = True
10.1277 	EXP 	text_5: autoDraw = True
10.2631 	DATA 	Keypress: space
10.2678 	EXP 	Imported story_xlsx_files/23.xlsx as conditions, 2 conditions, 1 params
10.2680 	EXP 	Created sequence: sequential, trialTypes=2, nReps=1, seed=None
10.2682 	EXP 	New trial (rep=0, index=0): OrderedDict([('storyText', 23)])
10.2707 	WARNING 	Requested image 'storypics/23_storypic' not found but similar filename 'storypics/23_storypic.jpg' exists. This will be used instead but changing the filename is advised.
10.3252 	EXP 	text_4: autoDraw = False
10.3252 	EXP 	image: autoDraw = False
10.3252 	EXP 	text_5: autoDraw = False
10.3252 	EXP 	text: text = 23
10.3252 	EXP 	image_2: image = 'storypics/23_storypic'
10.3252 	EXP 	text: autoDraw = True
10.3252 	EXP 	image_2: autoDraw = True
10.7957 	DATA 	Keypress: 1
10.7966 	EXP 	New trial (rep=0, index=1): OrderedDict([('storyText', 'Grocery shopping Proposal')])
10.8030 	WARNING 	Requested image 'storypics/23_storypic' not found but similar filename 'storypics/23_storypic.jpg' exists. This will be used instead but changing the filename is advised.
10.8284 	EXP 	text: autoDraw = False
10.8284 	EXP 	image_2: autoDraw = False
10.8284 	EXP 	text: text = 'Grocery shopping Proposal'
10.8284 	EXP 	image_2: image = 'storypics/23_storypic'
10.8284 	EXP 	text: autoDraw = True
10.8284 	EXP 	image_2: autoDraw = True
10.9122 	DATA 	Keypress: 9
10.9129 	EXP 	New trial (rep=0, index=5): OrderedDict([('count', 5)])
10.9444 	EXP 	text: autoDraw = False
10.9444 	EXP 	image_2: autoDraw = False
10.9444 	EXP 	text_4: text = 'Couples Therapist'
10.9444 	EXP 	image: image = 'jobphotos/couples.jpg'
10.9444 	EXP 	text_4: autoDraw = True
10.9444 	EXP 	image: autoDraw = True
10.9444 	EXP 	text_5: autoDraw = True
11.1630 	DATA 	Keypress: space
11.1766 	EXP 	Imported story_xlsx_files/11.xlsx as conditions, 60 conditions, 5 params
11.1769 	EXP 	Created sequence: sequential, trialTypes=60, nReps=1, seed=None
11.1772 	EXP 	New trial (rep=0, index=0): OrderedDict([('storyText', 'Thomas got to Annika’s Finer Diner early, dreading the conversation he was about to have.'), ('locationEvent', 1), ('socialEvent', 1), ('locationEventSize', None), ('socialEventSize', None)])
11.1947 	WARNING 	Requested image 'storypics/11_storypic' not found but similar filename 'storypics/11_storypic.jpg' exists. This will be used instead but changing the filename is advised.
11.2281 	EXP 	text_4: autoDraw = False
11.2281 	EXP 	image: autoDraw = False
11.2281 	EXP 	text_5: autoDraw = False
11.2281 	EXP 	text: text = 'Thomas got to Annika’s Finer Diner early, dreading the conversation he was about to have.'
11.2281 	EXP 	image_2: image = 'storypics/11_storypic'
11.2281 	EXP 	text: autoDraw = True
11.2281 	EXP 	image_2: autoDraw = True
17.7486 	DATA 	Keypress: 1
17.7496 	EXP 	New trial (rep=0, index=1): OrderedDict([('storyText', 'The restaurant had a kitschy charm and was reminiscent of a diner from the 70’s. '), ('locationEvent', 1), ('socialEvent', 1), ('locationEventSize', None), ('socialEventSize', None)])
17.7625 	WARNING 	Requested image 'storypics/11_storypic' not found but similar filename 'storypics/11_storypic.jpg' exists. This will be used instead but changing the filename is advised.
17.7981 	EXP 	text: autoDraw = False
17.7981 	EXP 	image_2: autoDraw = False
17.7981 	EXP 	text: text = 'The restaurant had a kitschy charm and was reminiscent of a diner from the 70’s. '
17.7981 	EXP 	image_2: image = 'storypics/11_storypic'
17.7981 	EXP 	text: autoDraw = True
17.7981 	EXP 	image_2: autoDraw = True
23.3843 	DATA 	Keypress: escape
23.6568 	EXP 	window1: mouseVisible = True
