4.1825 	WARNING 	User requested fullscreen with size [1024  768], but screen is actually [2560, 1440]. Using actual size
4.8687 	EXP 	Created window1 = Window(allowGUI=False, allowStencil=False, args=UNKNOWN, autoLog=True, bitsMode=UNKNOWN, blendMode='avg', color=array([0., 0., 0.]), colorSpace='rgb', fullscr=<method-wrapper '__getattribute__' of attributeSetter object at 0x124350e10>, gamma=None, kwargs=UNKNOWN, lms=UNKNOWN, monitor=<psychopy.monitors.calibTools.Monitor object at 0x1241390b8>, multiSample=False, name='window1', numSamples=2, pos=[0.0, 0.0], screen=0, size=array([5120, 2880]), stereo=False, units='norm', useFBO=True, useRetina=True, viewOri=0.0, viewPos=None, viewScale=None, waitBlanking=True, winType='pyglet')
4.8687 	EXP 	window1: recordFrameIntervals = False
5.0353 	EXP 	window1: recordFrameIntervals = True
5.2189 	EXP 	window1: recordFrameIntervals = False
5.2855 	EXP 	Created text_4 = TextStim(__class__=<class 'psychopy.visual.text.TextStim'>, alignHoriz='center', alignVert='center', antialias=True, autoLog=True, bold=False, color='white', colorSpace='named', contrast=1.0, depth=-1.0, flipHoriz=False, flipVert=False, font='Arial', fontFiles=[], height=0.1, italic=False, languageStyle='LTR', name='text_4', opacity=1.0, ori=0, pos=array([0., 0.]), rgb=array([255., 255., 255.]), text='default text', units='norm', win=Window(...), wrapWidth=1)
5.2872 	EXP 	Created image = ImageStim(__class__=<class 'psychopy.visual.image.ImageStim'>, autoLog=True, color=array([1., 1., 1.]), colorSpace='rgb', contrast=1.0, depth=-2.0, flipHoriz=False, flipVert=False, image='sin', interpolate=True, mask=None, maskParams=None, name='image', opacity=1.0, ori=0.0, pos=array([0. , 0.5]), size=array([0.5, 0.5]), texRes=128, units='norm', win=Window(...))
5.2966 	EXP 	Created text_5 = TextStim(__class__=<class 'psychopy.visual.text.TextStim'>, alignHoriz='center', alignVert='center', antialias=True, autoLog=True, bold=False, color='white', colorSpace='named', contrast=1.0, depth=-3.0, flipHoriz=False, flipVert=False, font='Arial', fontFiles=[], height=0.1, italic=False, languageStyle='LTR', name='text_5', opacity=1.0, ori=0, pos=array([ 0. , -0.7]), rgb=array([255., 255., 255.]), text='(press space to continue)', units='norm', win=Window(...), wrapWidth=1)
5.3004 	EXP 	Created text = TextStim(__class__=<class 'psychopy.visual.text.TextStim'>, alignHoriz='center', alignVert='center', antialias=True, autoLog=True, bold=False, color='white', colorSpace='named', contrast=1.0, depth=0.0, flipHoriz=False, flipVert=False, font='Arial', fontFiles=[], height=0.1, italic=False, languageStyle='LTR', name='text', opacity=1.0, ori=0, pos=array([ 0. , -0.5]), rgb=array([255., 255., 255.]), text='default text', units='norm', win=Window(...), wrapWidth=1)
5.3018 	EXP 	Created image_2 = ImageStim(__class__=<class 'psychopy.visual.image.ImageStim'>, autoLog=True, color=array([1., 1., 1.]), colorSpace='rgb', contrast=1.0, depth=-2.0, flipHoriz=False, flipVert=False, image='sin', interpolate=True, mask=None, maskParams=None, name='image_2', opacity=1.0, ori=0.0, pos=array([0. , 0.4]), size=array([1., 1.]), texRes=128, units='norm', win=Window(...))
5.3054 	EXP 	Created text_6 = TextStim(__class__=<class 'psychopy.visual.text.TextStim'>, alignHoriz='center', alignVert='center', antialias=True, autoLog=True, bold=False, color='white', colorSpace='named', contrast=1.0, depth=-1.0, flipHoriz=False, flipVert=False, font='Arial', fontFiles=[], height=0.1, italic=False, languageStyle='LTR', name='text_6', opacity=1.0, ori=0, pos=array([0., 0.]), rgb=array([255., 255., 255.]), text='default text', units='norm', win=Window(...), wrapWidth=1)
5.3097 	EXP 	Created text_24 = TextStim(__class__=<class 'psychopy.visual.text.TextStim'>, alignHoriz='center', alignVert='center', antialias=True, autoLog=True, bold=False, color='white', colorSpace='named', contrast=1.0, depth=-2.0, flipHoriz=False, flipVert=False, font='Arial', fontFiles=[], height=0.1, italic=False, languageStyle='LTR', name='text_24', opacity=1.0, ori=0, pos=array([ 0. , -0.4]), rgb=array([255., 255., 255.]), text='(press space to continue)', units='norm', win=Window(...), wrapWidth=1)
5.3223 	EXP 	Created text_9 = TextStim(__class__=<class 'psychopy.visual.text.TextStim'>, alignHoriz='center', alignVert='center', antialias=True, autoLog=True, bold=False, color='white', colorSpace='named', contrast=1.0, depth=-1.0, flipHoriz=False, flipVert=False, font='Arial', fontFiles=[], height=0.1, italic=False, languageStyle='LTR', name='text_9', opacity=1.0, ori=0, pos=array([0., 0.]), rgb=array([255., 255., 255.]), text=str(...), units='norm', win=Window(...), wrapWidth=1.5)
5.3258 	EXP 	Created text_10 = TextStim(__class__=<class 'psychopy.visual.text.TextStim'>, alignHoriz='center', alignVert='center', antialias=True, autoLog=True, bold=False, color='white', colorSpace='named', contrast=1.0, depth=-2.0, flipHoriz=False, flipVert=False, font='Arial', fontFiles=[], height=0.1, italic=False, languageStyle='LTR', name='text_10', opacity=1.0, ori=0, pos=array([-0.9 , -0.15]), rgb=array([255., 255., 255.]), text='default text', units='norm', win=Window(...), wrapWidth=1)
5.3272 	EXP 	Created image_4 = ImageStim(__class__=<class 'psychopy.visual.image.ImageStim'>, autoLog=True, color=array([1., 1., 1.]), colorSpace='rgb', contrast=1.0, depth=-3.0, flipHoriz=False, flipVert=False, image='sin', interpolate=True, mask=None, maskParams=None, name='image_4', opacity=1.0, ori=0.0, pos=array([0. , 0.5]), size=array([0.75, 0.75]), texRes=128, units='norm', win=Window(...))
5.3336 	EXP 	Created polygon = Line(__class__=<class 'psychopy.visual.line.Line'>, autoDraw=False, autoLog=True, closeShape=False, contrast=1.0, depth=-4.0, fillColor=None, fillColorSpace='rgb255', interpolate=True, lineColor=array([1., 1., 1.]), lineColorSpace='rgb', lineWidth=20, name='polygon', opacity=1.0, ori=array(0.), pos=array([ 0.   , -0.125]), size=array([1., 1.]), units='norm', vertices=ndarray(...), win=Window(...), windingRule=None)
5.3343 	EXP 	Created bottom_line = Line(__class__=<class 'psychopy.visual.line.Line'>, autoDraw=False, autoLog=True, closeShape=False, contrast=1.0, depth=-5.0, fillColor=None, fillColorSpace='rgb255', interpolate=True, lineColor=array([1., 1., 1.]), lineColorSpace='rgb', lineWidth=20, name='bottom_line', opacity=1.0, ori=array(0.), pos=array([ 0.   , -0.975]), size=array([1., 1.]), units='norm', vertices=ndarray(...), win=Window(...), windingRule=None)
5.3350 	EXP 	Created right_line_2 = Line(__class__=<class 'psychopy.visual.line.Line'>, autoDraw=False, autoLog=True, closeShape=False, contrast=1.0, depth=-6.0, fillColor=None, fillColorSpace='rgb255', interpolate=True, lineColor=array([1., 1., 1.]), lineColorSpace='rgb', lineWidth=20, name='right_line_2', opacity=1.0, ori=array(90.), pos=array([ 0.925, -0.55 ]), size=array([1., 1.]), units='norm', vertices=ndarray(...), win=Window(...), windingRule=None)
5.3358 	EXP 	Created left_line = Line(__class__=<class 'psychopy.visual.line.Line'>, autoDraw=False, autoLog=True, closeShape=False, contrast=1.0, depth=-7.0, fillColor=None, fillColorSpace='rgb255', interpolate=True, lineColor=array([1., 1., 1.]), lineColorSpace='rgb', lineWidth=20, name='left_line', opacity=1.0, ori=array(90.), pos=array([-0.925, -0.55 ]), size=array([1., 1.]), units='norm', vertices=ndarray(...), win=Window(...), windingRule=None)
5.3395 	EXP 	Created text_13 = TextStim(__class__=<class 'psychopy.visual.text.TextStim'>, alignHoriz='center', alignVert='center', antialias=True, autoLog=True, bold=False, color='white', colorSpace='named', contrast=1.0, depth=-1.0, flipHoriz=False, flipVert=False, font='Arial', fontFiles=[], height=0.1, italic=False, languageStyle='LTR', name='text_13', opacity=1.0, ori=0, pos=array([0., 0.]), rgb=array([255., 255., 255.]), text='default text', units='norm', win=Window(...), wrapWidth=1)
5.3443 	EXP 	Created text_23 = TextStim(__class__=<class 'psychopy.visual.text.TextStim'>, alignHoriz='center', alignVert='center', antialias=True, autoLog=True, bold=False, color='white', colorSpace='named', contrast=1.0, depth=-2.0, flipHoriz=False, flipVert=False, font='Arial', fontFiles=[], height=0.1, italic=False, languageStyle='LTR', name='text_23', opacity=1.0, ori=0, pos=array([ 0. , -0.4]), rgb=array([255., 255., 255.]), text='(press space to continue)', units='norm', win=Window(...), wrapWidth=1)
5.3458 	EXP 	Created image_10 = ImageStim(__class__=<class 'psychopy.visual.image.ImageStim'>, autoLog=True, color=array([1., 1., 1.]), colorSpace='rgb', contrast=1.0, depth=-1.0, flipHoriz=False, flipVert=False, image='sin', interpolate=True, mask=None, maskParams=None, name='image_10', opacity=1.0, ori=0.0, pos=array([0., 0.]), size=array([0.75, 0.75]), texRes=128, units='norm', win=Window(...))
5.3502 	EXP 	Created text_22 = TextStim(__class__=<class 'psychopy.visual.text.TextStim'>, alignHoriz='center', alignVert='center', antialias=True, autoLog=True, bold=False, color='white', colorSpace='named', contrast=1.0, depth=-3.0, flipHoriz=False, flipVert=False, font='Arial', fontFiles=[], height=0.1, italic=False, languageStyle='LTR', name='text_22', opacity=1.0, ori=0, pos=array([ 0. , -0.5]), rgb=array([255., 255., 255.]), text='(press space to continue)', units='norm', win=Window(...), wrapWidth=1)
5.3538 	EXP 	Created text_14 = TextStim(__class__=<class 'psychopy.visual.text.TextStim'>, alignHoriz='center', alignVert='center', antialias=True, autoLog=True, bold=False, color='white', colorSpace='named', contrast=1.0, depth=-1.0, flipHoriz=False, flipVert=False, font='Arial', fontFiles=[], height=0.1, italic=False, languageStyle='LTR', name='text_14', opacity=1.0, ori=0, pos=array([0., 0.]), rgb=array([255., 255., 255.]), text='default text', units='norm', win=Window(...), wrapWidth=1.5)
5.3574 	EXP 	Created text_15 = TextStim(__class__=<class 'psychopy.visual.text.TextStim'>, alignHoriz='center', alignVert='center', antialias=True, autoLog=True, bold=False, color='white', colorSpace='named', contrast=1.0, depth=-2.0, flipHoriz=False, flipVert=False, font='Arial', fontFiles=[], height=0.1, italic=False, languageStyle='LTR', name='text_15', opacity=1.0, ori=0, pos=array([-0.9 , -0.15]), rgb=array([255., 255., 255.]), text='default text', units='norm', win=Window(...), wrapWidth=1)
5.3587 	EXP 	Created image_6 = ImageStim(__class__=<class 'psychopy.visual.image.ImageStim'>, autoLog=True, color=array([1., 1., 1.]), colorSpace='rgb', contrast=1.0, depth=-3.0, flipHoriz=False, flipVert=False, image='sin', interpolate=True, mask=None, maskParams=None, name='image_6', opacity=1.0, ori=0.0, pos=array([0. , 0.5]), size=array([0.75, 0.75]), texRes=128, units='norm', win=Window(...))
5.3595 	EXP 	Created polygon_3 = Line(__class__=<class 'psychopy.visual.line.Line'>, autoDraw=False, autoLog=True, closeShape=False, contrast=1.0, depth=-4.0, fillColor=None, fillColorSpace='rgb255', interpolate=True, lineColor=array([1., 1., 1.]), lineColorSpace='rgb', lineWidth=20, name='polygon_3', opacity=1.0, ori=array(0.), pos=array([ 0.   , -0.125]), size=array([1., 1.]), units='norm', vertices=ndarray(...), win=Window(...), windingRule=None)
5.3602 	EXP 	Created bottom_line_3 = Line(__class__=<class 'psychopy.visual.line.Line'>, autoDraw=False, autoLog=True, closeShape=False, contrast=1.0, depth=-5.0, fillColor=None, fillColorSpace='rgb255', interpolate=True, lineColor=array([1., 1., 1.]), lineColorSpace='rgb', lineWidth=20, name='bottom_line_3', opacity=1.0, ori=array(0.), pos=array([ 0. , -0.5]), size=array([1., 1.]), units='norm', vertices=ndarray(...), win=Window(...), windingRule=None)
5.3609 	EXP 	Created right_line_3 = Line(__class__=<class 'psychopy.visual.line.Line'>, autoDraw=False, autoLog=True, closeShape=False, contrast=1.0, depth=-6.0, fillColor=None, fillColorSpace='rgb255', interpolate=True, lineColor=array([1., 1., 1.]), lineColorSpace='rgb', lineWidth=20, name='right_line_3', opacity=1.0, ori=array(90.), pos=array([ 0.925 , -0.3125]), size=array([1., 1.]), units='norm', vertices=ndarray(...), win=Window(...), windingRule=None)
5.3617 	EXP 	Created left_line_3 = Line(__class__=<class 'psychopy.visual.line.Line'>, autoDraw=False, autoLog=True, closeShape=False, contrast=1.0, depth=-7.0, fillColor=None, fillColorSpace='rgb255', interpolate=True, lineColor=array([1., 1., 1.]), lineColorSpace='rgb', lineWidth=20, name='left_line_3', opacity=1.0, ori=array(90.), pos=array([-0.925 , -0.3125]), size=array([1., 1.]), units='norm', vertices=ndarray(...), win=Window(...), windingRule=None)
5.3652 	EXP 	Created text_16 = TextStim(__class__=<class 'psychopy.visual.text.TextStim'>, alignHoriz='center', alignVert='center', antialias=True, autoLog=True, bold=False, color='white', colorSpace='named', contrast=1.0, depth=-1.0, flipHoriz=False, flipVert=False, font='Arial', fontFiles=[], height=0.1, italic=False, languageStyle='LTR', name='text_16', opacity=1.0, ori=0, pos=array([0., 0.]), rgb=array([255., 255., 255.]), text='default text', units='norm', win=Window(...), wrapWidth=1.5)
5.3686 	EXP 	Created text_17 = TextStim(__class__=<class 'psychopy.visual.text.TextStim'>, alignHoriz='center', alignVert='center', antialias=True, autoLog=True, bold=False, color='white', colorSpace='named', contrast=1.0, depth=-2.0, flipHoriz=False, flipVert=False, font='Arial', fontFiles=[], height=0.1, italic=False, languageStyle='LTR', name='text_17', opacity=1.0, ori=0, pos=array([-0.9 , -0.15]), rgb=array([255., 255., 255.]), text='default text', units='norm', win=Window(...), wrapWidth=1)
5.3701 	EXP 	Created image_7 = ImageStim(__class__=<class 'psychopy.visual.image.ImageStim'>, autoLog=True, color=array([1., 1., 1.]), colorSpace='rgb', contrast=1.0, depth=-3.0, flipHoriz=False, flipVert=False, image='sin', interpolate=True, mask=None, maskParams=None, name='image_7', opacity=1.0, ori=0.0, pos=array([0. , 0.5]), size=array([0.75, 0.75]), texRes=128, units='norm', win=Window(...))
5.3709 	EXP 	Created polygon_4 = Line(__class__=<class 'psychopy.visual.line.Line'>, autoDraw=False, autoLog=True, closeShape=False, contrast=1.0, depth=-4.0, fillColor=None, fillColorSpace='rgb255', interpolate=True, lineColor=array([1., 1., 1.]), lineColorSpace='rgb', lineWidth=20, name='polygon_4', opacity=1.0, ori=array(0.), pos=array([ 0.   , -0.125]), size=array([1., 1.]), units='norm', vertices=ndarray(...), win=Window(...), windingRule=None)
5.3716 	EXP 	Created bottom_line_4 = Line(__class__=<class 'psychopy.visual.line.Line'>, autoDraw=False, autoLog=True, closeShape=False, contrast=1.0, depth=-5.0, fillColor=None, fillColorSpace='rgb255', interpolate=True, lineColor=array([1., 1., 1.]), lineColorSpace='rgb', lineWidth=20, name='bottom_line_4', opacity=1.0, ori=array(0.), pos=array([ 0. , -0.5]), size=array([1., 1.]), units='norm', vertices=ndarray(...), win=Window(...), windingRule=None)
5.3723 	EXP 	Created right_line_4 = Line(__class__=<class 'psychopy.visual.line.Line'>, autoDraw=False, autoLog=True, closeShape=False, contrast=1.0, depth=-6.0, fillColor=None, fillColorSpace='rgb255', interpolate=True, lineColor=array([1., 1., 1.]), lineColorSpace='rgb', lineWidth=20, name='right_line_4', opacity=1.0, ori=array(90.), pos=array([ 0.925 , -0.3125]), size=array([1., 1.]), units='norm', vertices=ndarray(...), win=Window(...), windingRule=None)
5.3730 	EXP 	Created left_line_4 = Line(__class__=<class 'psychopy.visual.line.Line'>, autoDraw=False, autoLog=True, closeShape=False, contrast=1.0, depth=-7.0, fillColor=None, fillColorSpace='rgb255', interpolate=True, lineColor=array([1., 1., 1.]), lineColorSpace='rgb', lineWidth=20, name='left_line_4', opacity=1.0, ori=array(90.), pos=array([-0.925 , -0.3125]), size=array([1., 1.]), units='norm', vertices=ndarray(...), win=Window(...), windingRule=None)
5.3766 	EXP 	Created text_18 = TextStim(__class__=<class 'psychopy.visual.text.TextStim'>, alignHoriz='center', alignVert='center', antialias=True, autoLog=True, bold=False, color='white', colorSpace='named', contrast=1.0, depth=-1.0, flipHoriz=False, flipVert=False, font='Arial', fontFiles=[], height=0.1, italic=False, languageStyle='LTR', name='text_18', opacity=1.0, ori=0, pos=array([0., 0.]), rgb=array([255., 255., 255.]), text='default text', units='norm', win=Window(...), wrapWidth=1.5)
5.3802 	EXP 	Created text_19 = TextStim(__class__=<class 'psychopy.visual.text.TextStim'>, alignHoriz='center', alignVert='center', antialias=True, autoLog=True, bold=False, color='white', colorSpace='named', contrast=1.0, depth=-2.0, flipHoriz=False, flipVert=False, font='Arial', fontFiles=[], height=0.1, italic=False, languageStyle='LTR', name='text_19', opacity=1.0, ori=0, pos=array([-0.9 , -0.15]), rgb=array([255., 255., 255.]), text='default text', units='norm', win=Window(...), wrapWidth=1)
5.3817 	EXP 	Created image_8 = ImageStim(__class__=<class 'psychopy.visual.image.ImageStim'>, autoLog=True, color=array([1., 1., 1.]), colorSpace='rgb', contrast=1.0, depth=-3.0, flipHoriz=False, flipVert=False, image='sin', interpolate=True, mask=None, maskParams=None, name='image_8', opacity=1.0, ori=0.0, pos=array([0. , 0.5]), size=array([0.75, 0.75]), texRes=128, units='norm', win=Window(...))
5.3824 	EXP 	Created polygon_5 = Line(__class__=<class 'psychopy.visual.line.Line'>, autoDraw=False, autoLog=True, closeShape=False, contrast=1.0, depth=-4.0, fillColor=None, fillColorSpace='rgb255', interpolate=True, lineColor=array([1., 1., 1.]), lineColorSpace='rgb', lineWidth=20, name='polygon_5', opacity=1.0, ori=array(0.), pos=array([ 0.   , -0.125]), size=array([1., 1.]), units='norm', vertices=ndarray(...), win=Window(...), windingRule=None)
5.3832 	EXP 	Created bottom_line_5 = Line(__class__=<class 'psychopy.visual.line.Line'>, autoDraw=False, autoLog=True, closeShape=False, contrast=1.0, depth=-5.0, fillColor=None, fillColorSpace='rgb255', interpolate=True, lineColor=array([1., 1., 1.]), lineColorSpace='rgb', lineWidth=20, name='bottom_line_5', opacity=1.0, ori=array(0.), pos=array([ 0. , -0.5]), size=array([1., 1.]), units='norm', vertices=ndarray(...), win=Window(...), windingRule=None)
5.3839 	EXP 	Created right_line_5 = Line(__class__=<class 'psychopy.visual.line.Line'>, autoDraw=False, autoLog=True, closeShape=False, contrast=1.0, depth=-6.0, fillColor=None, fillColorSpace='rgb255', interpolate=True, lineColor=array([1., 1., 1.]), lineColorSpace='rgb', lineWidth=20, name='right_line_5', opacity=1.0, ori=array(90.), pos=array([ 0.925 , -0.3125]), size=array([1., 1.]), units='norm', vertices=ndarray(...), win=Window(...), windingRule=None)
5.3846 	EXP 	Created left_line_5 = Line(__class__=<class 'psychopy.visual.line.Line'>, autoDraw=False, autoLog=True, closeShape=False, contrast=1.0, depth=-7.0, fillColor=None, fillColorSpace='rgb255', interpolate=True, lineColor=array([1., 1., 1.]), lineColorSpace='rgb', lineWidth=20, name='left_line_5', opacity=1.0, ori=array(90.), pos=array([-0.925 , -0.3125]), size=array([1., 1.]), units='norm', vertices=ndarray(...), win=Window(...), windingRule=None)
5.3881 	EXP 	Created text_20 = TextStim(__class__=<class 'psychopy.visual.text.TextStim'>, alignHoriz='center', alignVert='center', antialias=True, autoLog=True, bold=False, color='white', colorSpace='named', contrast=1.0, depth=-1.0, flipHoriz=False, flipVert=False, font='Arial', fontFiles=[], height=0.1, italic=False, languageStyle='LTR', name='text_20', opacity=1.0, ori=0, pos=array([0., 0.]), rgb=array([255., 255., 255.]), text='default text', units='norm', win=Window(...), wrapWidth=1.5)
5.3915 	EXP 	Created text_21 = TextStim(__class__=<class 'psychopy.visual.text.TextStim'>, alignHoriz='center', alignVert='center', antialias=True, autoLog=True, bold=False, color='white', colorSpace='named', contrast=1.0, depth=-2.0, flipHoriz=False, flipVert=False, font='Arial', fontFiles=[], height=0.1, italic=False, languageStyle='LTR', name='text_21', opacity=1.0, ori=0, pos=array([-0.9 , -0.15]), rgb=array([255., 255., 255.]), text='default text', units='norm', win=Window(...), wrapWidth=1)
5.3929 	EXP 	Created image_9 = ImageStim(__class__=<class 'psychopy.visual.image.ImageStim'>, autoLog=True, color=array([1., 1., 1.]), colorSpace='rgb', contrast=1.0, depth=-3.0, flipHoriz=False, flipVert=False, image='sin', interpolate=True, mask=None, maskParams=None, name='image_9', opacity=1.0, ori=0.0, pos=array([0. , 0.5]), size=array([0.75, 0.75]), texRes=128, units='norm', win=Window(...))
5.3937 	EXP 	Created polygon_6 = Line(__class__=<class 'psychopy.visual.line.Line'>, autoDraw=False, autoLog=True, closeShape=False, contrast=1.0, depth=-4.0, fillColor=None, fillColorSpace='rgb255', interpolate=True, lineColor=array([1., 1., 1.]), lineColorSpace='rgb', lineWidth=20, name='polygon_6', opacity=1.0, ori=array(0.), pos=array([ 0.   , -0.125]), size=array([1., 1.]), units='norm', vertices=ndarray(...), win=Window(...), windingRule=None)
5.3944 	EXP 	Created bottom_line_6 = Line(__class__=<class 'psychopy.visual.line.Line'>, autoDraw=False, autoLog=True, closeShape=False, contrast=1.0, depth=-5.0, fillColor=None, fillColorSpace='rgb255', interpolate=True, lineColor=array([1., 1., 1.]), lineColorSpace='rgb', lineWidth=20, name='bottom_line_6', opacity=1.0, ori=array(0.), pos=array([ 0. , -0.5]), size=array([1., 1.]), units='norm', vertices=ndarray(...), win=Window(...), windingRule=None)
5.3951 	EXP 	Created right_line_6 = Line(__class__=<class 'psychopy.visual.line.Line'>, autoDraw=False, autoLog=True, closeShape=False, contrast=1.0, depth=-6.0, fillColor=None, fillColorSpace='rgb255', interpolate=True, lineColor=array([1., 1., 1.]), lineColorSpace='rgb', lineWidth=20, name='right_line_6', opacity=1.0, ori=array(90.), pos=array([ 0.925 , -0.3125]), size=array([1., 1.]), units='norm', vertices=ndarray(...), win=Window(...), windingRule=None)
5.3958 	EXP 	Created left_line_6 = Line(__class__=<class 'psychopy.visual.line.Line'>, autoDraw=False, autoLog=True, closeShape=False, contrast=1.0, depth=-7.0, fillColor=None, fillColorSpace='rgb255', interpolate=True, lineColor=array([1., 1., 1.]), lineColorSpace='rgb', lineWidth=20, name='left_line_6', opacity=1.0, ori=array(90.), pos=array([-0.925 , -0.3125]), size=array([1., 1.]), units='norm', vertices=ndarray(...), win=Window(...), windingRule=None)
5.4081 	EXP 	Imported count.xlsx as conditions, 16 conditions, 1 params
5.4084 	EXP 	Created sequence: sequential, trialTypes=16, nReps=1, seed=None
5.4086 	EXP 	New trial (rep=0, index=0): OrderedDict([('count', 0)])
5.4988 	EXP 	text_4: text = 'Grocery Store Customer Experience Manager'
5.4988 	EXP 	image: image = 'jobphotos/gscem.jpg'
5.4988 	EXP 	text_4: autoDraw = True
5.4988 	EXP 	image: autoDraw = True
5.4988 	EXP 	text_5: autoDraw = True
6.1880 	DATA 	Keypress: space
6.1968 	EXP 	Imported story_xlsx_files/13.xlsx as conditions, 2 conditions, 1 params
6.1970 	EXP 	Created sequence: sequential, trialTypes=2, nReps=1, seed=None
6.1972 	EXP 	New trial (rep=0, index=0): OrderedDict([('storyText', 13)])
6.2006 	WARNING 	Requested image 'storypics/13_storypic' not found but similar filename 'storypics/13_storypic.jpg' exists. This will be used instead but changing the filename is advised.
6.2356 	EXP 	text_4: autoDraw = False
6.2356 	EXP 	image: autoDraw = False
6.2356 	EXP 	text_5: autoDraw = False
6.2356 	EXP 	text: text = 13
6.2356 	EXP 	image_2: image = 'storypics/13_storypic'
6.2356 	EXP 	text: autoDraw = True
6.2356 	EXP 	image_2: autoDraw = True
7.8865 	DATA 	Keypress: 1
7.8875 	EXP 	New trial (rep=0, index=1): OrderedDict([('storyText', 'Grocery Shopping Breakup')])
7.8950 	WARNING 	Requested image 'storypics/13_storypic' not found but similar filename 'storypics/13_storypic.jpg' exists. This will be used instead but changing the filename is advised.
7.9181 	EXP 	text: autoDraw = False
7.9181 	EXP 	image_2: autoDraw = False
7.9181 	EXP 	text: text = 'Grocery Shopping Breakup'
7.9181 	EXP 	image_2: image = 'storypics/13_storypic'
7.9181 	EXP 	text: autoDraw = True
7.9181 	EXP 	image_2: autoDraw = True
8.0531 	DATA 	Keypress: 9
8.0540 	EXP 	New trial (rep=0, index=1): OrderedDict([('count', 1)])
8.1870 	EXP 	text: autoDraw = False
8.1870 	EXP 	image_2: autoDraw = False
8.1870 	EXP 	text_4: text = 'Dean of Academic Studies'
8.1870 	EXP 	image: image = 'jobphotos/dean.jpg'
8.1870 	EXP 	text_4: autoDraw = True
8.1870 	EXP 	image: autoDraw = True
8.1870 	EXP 	text_5: autoDraw = True
8.7044 	DATA 	Keypress: space
8.7089 	EXP 	Imported story_xlsx_files/24.xlsx as conditions, 2 conditions, 1 params
8.7091 	EXP 	Created sequence: sequential, trialTypes=2, nReps=1, seed=None
8.7093 	EXP 	New trial (rep=0, index=0): OrderedDict([('storyText', 24)])
8.7126 	WARNING 	Requested image 'storypics/24_storypic' not found but similar filename 'storypics/24_storypic.jpg' exists. This will be used instead but changing the filename is advised.
8.7361 	EXP 	text_4: autoDraw = False
8.7361 	EXP 	image: autoDraw = False
8.7361 	EXP 	text_5: autoDraw = False
8.7361 	EXP 	text: text = 24
8.7361 	EXP 	image_2: image = 'storypics/24_storypic'
8.7361 	EXP 	text: autoDraw = True
8.7361 	EXP 	image_2: autoDraw = True
9.1216 	DATA 	Keypress: 1
9.1224 	EXP 	New trial (rep=0, index=1): OrderedDict([('storyText', 'Attending a Lecture Proposal')])
9.1299 	WARNING 	Requested image 'storypics/24_storypic' not found but similar filename 'storypics/24_storypic.jpg' exists. This will be used instead but changing the filename is advised.
9.1522 	EXP 	text: autoDraw = False
9.1522 	EXP 	image_2: autoDraw = False
9.1522 	EXP 	text: text = 'Attending a Lecture Proposal'
9.1522 	EXP 	image_2: image = 'storypics/24_storypic'
9.1522 	EXP 	text: autoDraw = True
9.1522 	EXP 	image_2: autoDraw = True
9.2380 	DATA 	Keypress: 9
9.2387 	EXP 	New trial (rep=0, index=2): OrderedDict([('count', 2)])
9.3697 	EXP 	text: autoDraw = False
9.3697 	EXP 	image_2: autoDraw = False
9.3697 	EXP 	text_4: text = 'Restaurant Critic'
9.3697 	EXP 	image: image = 'jobphotos/restaurant_critic.jpg'
9.3697 	EXP 	text_4: autoDraw = True
9.3697 	EXP 	image: autoDraw = True
9.3697 	EXP 	text_5: autoDraw = True
9.6380 	DATA 	Keypress: space
9.6473 	EXP 	Imported story_xlsx_files/31.xlsx as conditions, 2 conditions, 1 params
9.6475 	EXP 	Created sequence: sequential, trialTypes=2, nReps=1, seed=None
9.6477 	EXP 	New trial (rep=0, index=0): OrderedDict([('storyText', 31)])
9.6498 	WARNING 	Requested image 'storypics/31_storypic' not found but similar filename 'storypics/31_storypic.jpg' exists. This will be used instead but changing the filename is advised.
9.7138 	EXP 	text_4: autoDraw = False
9.7138 	EXP 	image: autoDraw = False
9.7138 	EXP 	text_5: autoDraw = False
9.7138 	EXP 	text: text = 31
9.7138 	EXP 	image_2: image = 'storypics/31_storypic'
9.7138 	EXP 	text: autoDraw = True
9.7138 	EXP 	image_2: autoDraw = True
10.2039 	DATA 	Keypress: 1
10.2047 	EXP 	New trial (rep=0, index=1): OrderedDict([('storyText', 'Restaurant Business Deal')])
10.2105 	WARNING 	Requested image 'storypics/31_storypic' not found but similar filename 'storypics/31_storypic.jpg' exists. This will be used instead but changing the filename is advised.
10.2370 	EXP 	text: autoDraw = False
10.2370 	EXP 	image_2: autoDraw = False
10.2370 	EXP 	text: text = 'Restaurant Business Deal'
10.2370 	EXP 	image_2: image = 'storypics/31_storypic'
10.2370 	EXP 	text: autoDraw = True
10.2370 	EXP 	image_2: autoDraw = True
10.3049 	DATA 	Keypress: 9
10.3057 	EXP 	New trial (rep=0, index=3): OrderedDict([('count', 3)])
10.3358 	EXP 	text: autoDraw = False
10.3358 	EXP 	image_2: autoDraw = False
10.3358 	EXP 	text_4: text = 'Airport Customer Experience Manager'
10.3358 	EXP 	image: image = 'jobphotos/acem.jpg'
10.3358 	EXP 	text_4: autoDraw = True
10.3358 	EXP 	image: autoDraw = True
10.3358 	EXP 	text_5: autoDraw = True
10.7218 	DATA 	Keypress: space
10.7262 	EXP 	Imported story_xlsx_files/42.xlsx as conditions, 2 conditions, 1 params
10.7264 	EXP 	Created sequence: sequential, trialTypes=2, nReps=1, seed=None
10.7266 	EXP 	New trial (rep=0, index=0): OrderedDict([('storyText', 42)])
10.7286 	WARNING 	Requested image 'storypics/42_storypic' not found but similar filename 'storypics/42_storypic.jpg' exists. This will be used instead but changing the filename is advised.
10.7702 	EXP 	text_4: autoDraw = False
10.7702 	EXP 	image: autoDraw = False
10.7702 	EXP 	text_5: autoDraw = False
10.7702 	EXP 	text: text = 42
10.7702 	EXP 	image_2: image = 'storypics/42_storypic'
10.7702 	EXP 	text: autoDraw = True
10.7702 	EXP 	image_2: autoDraw = True
11.2042 	DATA 	Keypress: 1
11.2050 	EXP 	New trial (rep=0, index=1): OrderedDict([('storyText', 'Airport Meet Cute')])
11.2102 	WARNING 	Requested image 'storypics/42_storypic' not found but similar filename 'storypics/42_storypic.jpg' exists. This will be used instead but changing the filename is advised.
11.2360 	EXP 	text: autoDraw = False
11.2360 	EXP 	image_2: autoDraw = False
11.2360 	EXP 	text: text = 'Airport Meet Cute'
11.2360 	EXP 	image_2: image = 'storypics/42_storypic'
11.2360 	EXP 	text: autoDraw = True
11.2360 	EXP 	image_2: autoDraw = True
11.3215 	DATA 	Keypress: 9
11.3222 	EXP 	New trial (rep=0, index=4): OrderedDict([('count', 4)])
11.3536 	EXP 	text: autoDraw = False
11.3536 	EXP 	image_2: autoDraw = False
11.3536 	EXP 	text_4: text = 'Couples Therapist'
11.3536 	EXP 	image: image = 'jobphotos/couples.jpg'
11.3536 	EXP 	text_4: autoDraw = True
11.3536 	EXP 	image: autoDraw = True
11.3536 	EXP 	text_5: autoDraw = True
11.7874 	DATA 	Keypress: space
11.7961 	EXP 	Imported story_xlsx_files/11.xlsx as conditions, 2 conditions, 1 params
11.7963 	EXP 	Created sequence: sequential, trialTypes=2, nReps=1, seed=None
11.7965 	EXP 	New trial (rep=0, index=0): OrderedDict([('storyText', 11)])
11.7985 	WARNING 	Requested image 'storypics/11_storypic' not found but similar filename 'storypics/11_storypic.jpg' exists. This will be used instead but changing the filename is advised.
11.8196 	EXP 	text_4: autoDraw = False
11.8196 	EXP 	image: autoDraw = False
11.8196 	EXP 	text_5: autoDraw = False
11.8196 	EXP 	text: text = 11
11.8196 	EXP 	image_2: image = 'storypics/11_storypic'
11.8196 	EXP 	text: autoDraw = True
11.8196 	EXP 	image_2: autoDraw = True
13.1384 	DATA 	Keypress: space
14.1387 	DATA 	Keypress: 1
14.1395 	EXP 	New trial (rep=0, index=1): OrderedDict([('storyText', 'Restaurant- Breakup')])
14.1465 	WARNING 	Requested image 'storypics/11_storypic' not found but similar filename 'storypics/11_storypic.jpg' exists. This will be used instead but changing the filename is advised.
14.1713 	EXP 	text: autoDraw = False
14.1713 	EXP 	image_2: autoDraw = False
14.1713 	EXP 	text: text = 'Restaurant- Breakup'
14.1713 	EXP 	image_2: image = 'storypics/11_storypic'
14.1713 	EXP 	text: autoDraw = True
14.1713 	EXP 	image_2: autoDraw = True
15.0397 	DATA 	Keypress: 1
15.0404 	EXP 	New trial (rep=0, index=5): OrderedDict([('count', 5)])
15.0707 	EXP 	text: autoDraw = False
15.0707 	EXP 	image_2: autoDraw = False
15.0707 	EXP 	text_4: text = 'Wedding Planner'
15.0707 	EXP 	image: image = 'jobphotos/weddingplanner.jpg'
15.0707 	EXP 	text_4: autoDraw = True
15.0707 	EXP 	image: autoDraw = True
15.0707 	EXP 	text_5: autoDraw = True
15.7898 	DATA 	Keypress: space
15.7945 	EXP 	Imported story_xlsx_files/22.xlsx as conditions, 2 conditions, 1 params
15.7947 	EXP 	Created sequence: sequential, trialTypes=2, nReps=1, seed=None
15.7949 	EXP 	New trial (rep=0, index=0): OrderedDict([('storyText', 22)])
15.7969 	WARNING 	Requested image 'storypics/22_storypic' not found but similar filename 'storypics/22_storypic.jpg' exists. This will be used instead but changing the filename is advised.
15.8386 	EXP 	text_4: autoDraw = False
15.8386 	EXP 	image: autoDraw = False
15.8386 	EXP 	text_5: autoDraw = False
15.8386 	EXP 	text: text = 22
15.8386 	EXP 	image_2: image = 'storypics/22_storypic'
15.8386 	EXP 	text: autoDraw = True
15.8386 	EXP 	image_2: autoDraw = True
16.4891 	DATA 	Keypress: return
17.6727 	DATA 	Keypress: escape
17.9450 	EXP 	window1: mouseVisible = True
