3.5342 	WARNING 	User requested fullscreen with size [1024  768], but screen is actually [2560, 1440]. Using actual size
4.1932 	EXP 	Created window1 = Window(allowGUI=False, allowStencil=False, args=UNKNOWN, autoLog=True, bitsMode=UNKNOWN, blendMode='avg', color=array([0., 0., 0.]), colorSpace='rgb', fullscr=<method-wrapper '__getattribute__' of attributeSetter object at 0x124ceacf8>, gamma=None, kwargs=UNKNOWN, lms=UNKNOWN, monitor=<psychopy.monitors.calibTools.Monitor object at 0x1241be390>, multiSample=False, name='window1', numSamples=2, pos=[0.0, 0.0], screen=0, size=array([5120, 2880]), stereo=False, units='norm', useFBO=True, useRetina=True, viewOri=0.0, viewPos=None, viewScale=None, waitBlanking=True, winType='pyglet')
4.1932 	EXP 	window1: recordFrameIntervals = False
4.3596 	EXP 	window1: recordFrameIntervals = True
4.5423 	EXP 	window1: recordFrameIntervals = False
4.6085 	EXP 	Created text_4 = TextStim(__class__=<class 'psychopy.visual.text.TextStim'>, alignHoriz='center', alignVert='center', antialias=True, autoLog=True, bold=False, color='white', colorSpace='named', contrast=1.0, depth=-1.0, flipHoriz=False, flipVert=False, font='Arial', fontFiles=[], height=0.1, italic=False, languageStyle='LTR', name='text_4', opacity=1.0, ori=0, pos=array([0., 0.]), rgb=array([255., 255., 255.]), text='default text', units='norm', win=Window(...), wrapWidth=1)
4.6102 	EXP 	Created image = ImageStim(__class__=<class 'psychopy.visual.image.ImageStim'>, autoLog=True, color=array([1., 1., 1.]), colorSpace='rgb', contrast=1.0, depth=-2.0, flipHoriz=False, flipVert=False, image='sin', interpolate=True, mask=None, maskParams=None, name='image', opacity=1.0, ori=0.0, pos=array([0. , 0.5]), size=array([0.5, 0.5]), texRes=128, units='norm', win=Window(...))
4.6195 	EXP 	Created text_5 = TextStim(__class__=<class 'psychopy.visual.text.TextStim'>, alignHoriz='center', alignVert='center', antialias=True, autoLog=True, bold=False, color='white', colorSpace='named', contrast=1.0, depth=-3.0, flipHoriz=False, flipVert=False, font='Arial', fontFiles=[], height=0.1, italic=False, languageStyle='LTR', name='text_5', opacity=1.0, ori=0, pos=array([ 0. , -0.7]), rgb=array([255., 255., 255.]), text='(press space to continue)', units='norm', win=Window(...), wrapWidth=1)
4.6231 	EXP 	Created text = TextStim(__class__=<class 'psychopy.visual.text.TextStim'>, alignHoriz='center', alignVert='center', antialias=True, autoLog=True, bold=False, color='white', colorSpace='named', contrast=1.0, depth=0.0, flipHoriz=False, flipVert=False, font='Arial', fontFiles=[], height=0.1, italic=False, languageStyle='LTR', name='text', opacity=1.0, ori=0, pos=array([ 0. , -0.5]), rgb=array([255., 255., 255.]), text='default text', units='norm', win=Window(...), wrapWidth=1)
4.6246 	EXP 	Created image_2 = ImageStim(__class__=<class 'psychopy.visual.image.ImageStim'>, autoLog=True, color=array([1., 1., 1.]), colorSpace='rgb', contrast=1.0, depth=-2.0, flipHoriz=False, flipVert=False, image='sin', interpolate=True, mask=None, maskParams=None, name='image_2', opacity=1.0, ori=0.0, pos=array([0. , 0.4]), size=array([1., 1.]), texRes=128, units='norm', win=Window(...))
4.6281 	EXP 	Created text_6 = TextStim(__class__=<class 'psychopy.visual.text.TextStim'>, alignHoriz='center', alignVert='center', antialias=True, autoLog=True, bold=False, color='white', colorSpace='named', contrast=1.0, depth=-1.0, flipHoriz=False, flipVert=False, font='Arial', fontFiles=[], height=0.1, italic=False, languageStyle='LTR', name='text_6', opacity=1.0, ori=0, pos=array([0., 0.]), rgb=array([255., 255., 255.]), text='default text', units='norm', win=Window(...), wrapWidth=1)
4.6324 	EXP 	Created text_24 = TextStim(__class__=<class 'psychopy.visual.text.TextStim'>, alignHoriz='center', alignVert='center', antialias=True, autoLog=True, bold=False, color='white', colorSpace='named', contrast=1.0, depth=-2.0, flipHoriz=False, flipVert=False, font='Arial', fontFiles=[], height=0.1, italic=False, languageStyle='LTR', name='text_24', opacity=1.0, ori=0, pos=array([ 0. , -0.4]), rgb=array([255., 255., 255.]), text='(press space to continue)', units='norm', win=Window(...), wrapWidth=1)
4.6450 	EXP 	Created text_9 = TextStim(__class__=<class 'psychopy.visual.text.TextStim'>, alignHoriz='center', alignVert='center', antialias=True, autoLog=True, bold=False, color='white', colorSpace='named', contrast=1.0, depth=-1.0, flipHoriz=False, flipVert=False, font='Arial', fontFiles=[], height=0.1, italic=False, languageStyle='LTR', name='text_9', opacity=1.0, ori=0, pos=array([0., 0.]), rgb=array([255., 255., 255.]), text=str(...), units='norm', win=Window(...), wrapWidth=1.5)
4.6485 	EXP 	Created text_10 = TextStim(__class__=<class 'psychopy.visual.text.TextStim'>, alignHoriz='center', alignVert='center', antialias=True, autoLog=True, bold=False, color='white', colorSpace='named', contrast=1.0, depth=-2.0, flipHoriz=False, flipVert=False, font='Arial', fontFiles=[], height=0.1, italic=False, languageStyle='LTR', name='text_10', opacity=1.0, ori=0, pos=array([-0.9 , -0.15]), rgb=array([255., 255., 255.]), text='default text', units='norm', win=Window(...), wrapWidth=1)
4.6499 	EXP 	Created image_4 = ImageStim(__class__=<class 'psychopy.visual.image.ImageStim'>, autoLog=True, color=array([1., 1., 1.]), colorSpace='rgb', contrast=1.0, depth=-3.0, flipHoriz=False, flipVert=False, image='sin', interpolate=True, mask=None, maskParams=None, name='image_4', opacity=1.0, ori=0.0, pos=array([0. , 0.5]), size=array([0.75, 0.75]), texRes=128, units='norm', win=Window(...))
4.6561 	EXP 	Created polygon = Line(__class__=<class 'psychopy.visual.line.Line'>, autoDraw=False, autoLog=True, closeShape=False, contrast=1.0, depth=-4.0, fillColor=None, fillColorSpace='rgb255', interpolate=True, lineColor=array([1., 1., 1.]), lineColorSpace='rgb', lineWidth=20, name='polygon', opacity=1.0, ori=array(0.), pos=array([ 0.   , -0.125]), size=array([1., 1.]), units='norm', vertices=ndarray(...), win=Window(...), windingRule=None)
4.6568 	EXP 	Created bottom_line = Line(__class__=<class 'psychopy.visual.line.Line'>, autoDraw=False, autoLog=True, closeShape=False, contrast=1.0, depth=-5.0, fillColor=None, fillColorSpace='rgb255', interpolate=True, lineColor=array([1., 1., 1.]), lineColorSpace='rgb', lineWidth=20, name='bottom_line', opacity=1.0, ori=array(0.), pos=array([ 0.   , -0.975]), size=array([1., 1.]), units='norm', vertices=ndarray(...), win=Window(...), windingRule=None)
4.6576 	EXP 	Created right_line_2 = Line(__class__=<class 'psychopy.visual.line.Line'>, autoDraw=False, autoLog=True, closeShape=False, contrast=1.0, depth=-6.0, fillColor=None, fillColorSpace='rgb255', interpolate=True, lineColor=array([1., 1., 1.]), lineColorSpace='rgb', lineWidth=20, name='right_line_2', opacity=1.0, ori=array(90.), pos=array([ 0.925, -0.55 ]), size=array([1., 1.]), units='norm', vertices=ndarray(...), win=Window(...), windingRule=None)
4.6583 	EXP 	Created left_line = Line(__class__=<class 'psychopy.visual.line.Line'>, autoDraw=False, autoLog=True, closeShape=False, contrast=1.0, depth=-7.0, fillColor=None, fillColorSpace='rgb255', interpolate=True, lineColor=array([1., 1., 1.]), lineColorSpace='rgb', lineWidth=20, name='left_line', opacity=1.0, ori=array(90.), pos=array([-0.925, -0.55 ]), size=array([1., 1.]), units='norm', vertices=ndarray(...), win=Window(...), windingRule=None)
4.6620 	EXP 	Created text_13 = TextStim(__class__=<class 'psychopy.visual.text.TextStim'>, alignHoriz='center', alignVert='center', antialias=True, autoLog=True, bold=False, color='white', colorSpace='named', contrast=1.0, depth=-1.0, flipHoriz=False, flipVert=False, font='Arial', fontFiles=[], height=0.1, italic=False, languageStyle='LTR', name='text_13', opacity=1.0, ori=0, pos=array([0., 0.]), rgb=array([255., 255., 255.]), text='default text', units='norm', win=Window(...), wrapWidth=1)
4.6663 	EXP 	Created text_23 = TextStim(__class__=<class 'psychopy.visual.text.TextStim'>, alignHoriz='center', alignVert='center', antialias=True, autoLog=True, bold=False, color='white', colorSpace='named', contrast=1.0, depth=-2.0, flipHoriz=False, flipVert=False, font='Arial', fontFiles=[], height=0.1, italic=False, languageStyle='LTR', name='text_23', opacity=1.0, ori=0, pos=array([ 0. , -0.4]), rgb=array([255., 255., 255.]), text='(press space to continue)', units='norm', win=Window(...), wrapWidth=1)
4.6676 	EXP 	Created image_10 = ImageStim(__class__=<class 'psychopy.visual.image.ImageStim'>, autoLog=True, color=array([1., 1., 1.]), colorSpace='rgb', contrast=1.0, depth=-1.0, flipHoriz=False, flipVert=False, image='sin', interpolate=True, mask=None, maskParams=None, name='image_10', opacity=1.0, ori=0.0, pos=array([0., 0.]), size=array([0.75, 0.75]), texRes=128, units='norm', win=Window(...))
4.6721 	EXP 	Created text_22 = TextStim(__class__=<class 'psychopy.visual.text.TextStim'>, alignHoriz='center', alignVert='center', antialias=True, autoLog=True, bold=False, color='white', colorSpace='named', contrast=1.0, depth=-3.0, flipHoriz=False, flipVert=False, font='Arial', fontFiles=[], height=0.1, italic=False, languageStyle='LTR', name='text_22', opacity=1.0, ori=0, pos=array([ 0. , -0.5]), rgb=array([255., 255., 255.]), text='(press space to continue)', units='norm', win=Window(...), wrapWidth=1)
4.6757 	EXP 	Created text_14 = TextStim(__class__=<class 'psychopy.visual.text.TextStim'>, alignHoriz='center', alignVert='center', antialias=True, autoLog=True, bold=False, color='white', colorSpace='named', contrast=1.0, depth=-1.0, flipHoriz=False, flipVert=False, font='Arial', fontFiles=[], height=0.1, italic=False, languageStyle='LTR', name='text_14', opacity=1.0, ori=0, pos=array([0., 0.]), rgb=array([255., 255., 255.]), text='default text', units='norm', win=Window(...), wrapWidth=1.5)
4.6792 	EXP 	Created text_15 = TextStim(__class__=<class 'psychopy.visual.text.TextStim'>, alignHoriz='center', alignVert='center', antialias=True, autoLog=True, bold=False, color='white', colorSpace='named', contrast=1.0, depth=-2.0, flipHoriz=False, flipVert=False, font='Arial', fontFiles=[], height=0.1, italic=False, languageStyle='LTR', name='text_15', opacity=1.0, ori=0, pos=array([-0.9 , -0.15]), rgb=array([255., 255., 255.]), text='default text', units='norm', win=Window(...), wrapWidth=1)
4.6805 	EXP 	Created image_6 = ImageStim(__class__=<class 'psychopy.visual.image.ImageStim'>, autoLog=True, color=array([1., 1., 1.]), colorSpace='rgb', contrast=1.0, depth=-3.0, flipHoriz=False, flipVert=False, image='sin', interpolate=True, mask=None, maskParams=None, name='image_6', opacity=1.0, ori=0.0, pos=array([0. , 0.5]), size=array([0.75, 0.75]), texRes=128, units='norm', win=Window(...))
4.6813 	EXP 	Created polygon_3 = Line(__class__=<class 'psychopy.visual.line.Line'>, autoDraw=False, autoLog=True, closeShape=False, contrast=1.0, depth=-4.0, fillColor=None, fillColorSpace='rgb255', interpolate=True, lineColor=array([1., 1., 1.]), lineColorSpace='rgb', lineWidth=20, name='polygon_3', opacity=1.0, ori=array(0.), pos=array([ 0.   , -0.125]), size=array([1., 1.]), units='norm', vertices=ndarray(...), win=Window(...), windingRule=None)
4.6820 	EXP 	Created bottom_line_3 = Line(__class__=<class 'psychopy.visual.line.Line'>, autoDraw=False, autoLog=True, closeShape=False, contrast=1.0, depth=-5.0, fillColor=None, fillColorSpace='rgb255', interpolate=True, lineColor=array([1., 1., 1.]), lineColorSpace='rgb', lineWidth=20, name='bottom_line_3', opacity=1.0, ori=array(0.), pos=array([ 0. , -0.5]), size=array([1., 1.]), units='norm', vertices=ndarray(...), win=Window(...), windingRule=None)
4.6827 	EXP 	Created right_line_3 = Line(__class__=<class 'psychopy.visual.line.Line'>, autoDraw=False, autoLog=True, closeShape=False, contrast=1.0, depth=-6.0, fillColor=None, fillColorSpace='rgb255', interpolate=True, lineColor=array([1., 1., 1.]), lineColorSpace='rgb', lineWidth=20, name='right_line_3', opacity=1.0, ori=array(90.), pos=array([ 0.925 , -0.3125]), size=array([1., 1.]), units='norm', vertices=ndarray(...), win=Window(...), windingRule=None)
4.6836 	EXP 	Created left_line_3 = Line(__class__=<class 'psychopy.visual.line.Line'>, autoDraw=False, autoLog=True, closeShape=False, contrast=1.0, depth=-7.0, fillColor=None, fillColorSpace='rgb255', interpolate=True, lineColor=array([1., 1., 1.]), lineColorSpace='rgb', lineWidth=20, name='left_line_3', opacity=1.0, ori=array(90.), pos=array([-0.925 , -0.3125]), size=array([1., 1.]), units='norm', vertices=ndarray(...), win=Window(...), windingRule=None)
4.6870 	EXP 	Created text_16 = TextStim(__class__=<class 'psychopy.visual.text.TextStim'>, alignHoriz='center', alignVert='center', antialias=True, autoLog=True, bold=False, color='white', colorSpace='named', contrast=1.0, depth=-1.0, flipHoriz=False, flipVert=False, font='Arial', fontFiles=[], height=0.1, italic=False, languageStyle='LTR', name='text_16', opacity=1.0, ori=0, pos=array([0., 0.]), rgb=array([255., 255., 255.]), text='default text', units='norm', win=Window(...), wrapWidth=1.5)
4.6904 	EXP 	Created text_17 = TextStim(__class__=<class 'psychopy.visual.text.TextStim'>, alignHoriz='center', alignVert='center', antialias=True, autoLog=True, bold=False, color='white', colorSpace='named', contrast=1.0, depth=-2.0, flipHoriz=False, flipVert=False, font='Arial', fontFiles=[], height=0.1, italic=False, languageStyle='LTR', name='text_17', opacity=1.0, ori=0, pos=array([-0.9 , -0.15]), rgb=array([255., 255., 255.]), text='default text', units='norm', win=Window(...), wrapWidth=1)
4.6917 	EXP 	Created image_7 = ImageStim(__class__=<class 'psychopy.visual.image.ImageStim'>, autoLog=True, color=array([1., 1., 1.]), colorSpace='rgb', contrast=1.0, depth=-3.0, flipHoriz=False, flipVert=False, image='sin', interpolate=True, mask=None, maskParams=None, name='image_7', opacity=1.0, ori=0.0, pos=array([0. , 0.5]), size=array([0.75, 0.75]), texRes=128, units='norm', win=Window(...))
4.6925 	EXP 	Created polygon_4 = Line(__class__=<class 'psychopy.visual.line.Line'>, autoDraw=False, autoLog=True, closeShape=False, contrast=1.0, depth=-4.0, fillColor=None, fillColorSpace='rgb255', interpolate=True, lineColor=array([1., 1., 1.]), lineColorSpace='rgb', lineWidth=20, name='polygon_4', opacity=1.0, ori=array(0.), pos=array([ 0.   , -0.125]), size=array([1., 1.]), units='norm', vertices=ndarray(...), win=Window(...), windingRule=None)
4.6932 	EXP 	Created bottom_line_4 = Line(__class__=<class 'psychopy.visual.line.Line'>, autoDraw=False, autoLog=True, closeShape=False, contrast=1.0, depth=-5.0, fillColor=None, fillColorSpace='rgb255', interpolate=True, lineColor=array([1., 1., 1.]), lineColorSpace='rgb', lineWidth=20, name='bottom_line_4', opacity=1.0, ori=array(0.), pos=array([ 0. , -0.5]), size=array([1., 1.]), units='norm', vertices=ndarray(...), win=Window(...), windingRule=None)
4.6940 	EXP 	Created right_line_4 = Line(__class__=<class 'psychopy.visual.line.Line'>, autoDraw=False, autoLog=True, closeShape=False, contrast=1.0, depth=-6.0, fillColor=None, fillColorSpace='rgb255', interpolate=True, lineColor=array([1., 1., 1.]), lineColorSpace='rgb', lineWidth=20, name='right_line_4', opacity=1.0, ori=array(90.), pos=array([ 0.925 , -0.3125]), size=array([1., 1.]), units='norm', vertices=ndarray(...), win=Window(...), windingRule=None)
4.6947 	EXP 	Created left_line_4 = Line(__class__=<class 'psychopy.visual.line.Line'>, autoDraw=False, autoLog=True, closeShape=False, contrast=1.0, depth=-7.0, fillColor=None, fillColorSpace='rgb255', interpolate=True, lineColor=array([1., 1., 1.]), lineColorSpace='rgb', lineWidth=20, name='left_line_4', opacity=1.0, ori=array(90.), pos=array([-0.925 , -0.3125]), size=array([1., 1.]), units='norm', vertices=ndarray(...), win=Window(...), windingRule=None)
4.6984 	EXP 	Created text_18 = TextStim(__class__=<class 'psychopy.visual.text.TextStim'>, alignHoriz='center', alignVert='center', antialias=True, autoLog=True, bold=False, color='white', colorSpace='named', contrast=1.0, depth=-1.0, flipHoriz=False, flipVert=False, font='Arial', fontFiles=[], height=0.1, italic=False, languageStyle='LTR', name='text_18', opacity=1.0, ori=0, pos=array([0., 0.]), rgb=array([255., 255., 255.]), text='default text', units='norm', win=Window(...), wrapWidth=1.5)
4.7018 	EXP 	Created text_19 = TextStim(__class__=<class 'psychopy.visual.text.TextStim'>, alignHoriz='center', alignVert='center', antialias=True, autoLog=True, bold=False, color='white', colorSpace='named', contrast=1.0, depth=-2.0, flipHoriz=False, flipVert=False, font='Arial', fontFiles=[], height=0.1, italic=False, languageStyle='LTR', name='text_19', opacity=1.0, ori=0, pos=array([-0.9 , -0.15]), rgb=array([255., 255., 255.]), text='default text', units='norm', win=Window(...), wrapWidth=1)
4.7032 	EXP 	Created image_8 = ImageStim(__class__=<class 'psychopy.visual.image.ImageStim'>, autoLog=True, color=array([1., 1., 1.]), colorSpace='rgb', contrast=1.0, depth=-3.0, flipHoriz=False, flipVert=False, image='sin', interpolate=True, mask=None, maskParams=None, name='image_8', opacity=1.0, ori=0.0, pos=array([0. , 0.5]), size=array([0.75, 0.75]), texRes=128, units='norm', win=Window(...))
4.7040 	EXP 	Created polygon_5 = Line(__class__=<class 'psychopy.visual.line.Line'>, autoDraw=False, autoLog=True, closeShape=False, contrast=1.0, depth=-4.0, fillColor=None, fillColorSpace='rgb255', interpolate=True, lineColor=array([1., 1., 1.]), lineColorSpace='rgb', lineWidth=20, name='polygon_5', opacity=1.0, ori=array(0.), pos=array([ 0.   , -0.125]), size=array([1., 1.]), units='norm', vertices=ndarray(...), win=Window(...), windingRule=None)
4.7048 	EXP 	Created bottom_line_5 = Line(__class__=<class 'psychopy.visual.line.Line'>, autoDraw=False, autoLog=True, closeShape=False, contrast=1.0, depth=-5.0, fillColor=None, fillColorSpace='rgb255', interpolate=True, lineColor=array([1., 1., 1.]), lineColorSpace='rgb', lineWidth=20, name='bottom_line_5', opacity=1.0, ori=array(0.), pos=array([ 0. , -0.5]), size=array([1., 1.]), units='norm', vertices=ndarray(...), win=Window(...), windingRule=None)
4.7055 	EXP 	Created right_line_5 = Line(__class__=<class 'psychopy.visual.line.Line'>, autoDraw=False, autoLog=True, closeShape=False, contrast=1.0, depth=-6.0, fillColor=None, fillColorSpace='rgb255', interpolate=True, lineColor=array([1., 1., 1.]), lineColorSpace='rgb', lineWidth=20, name='right_line_5', opacity=1.0, ori=array(90.), pos=array([ 0.925 , -0.3125]), size=array([1., 1.]), units='norm', vertices=ndarray(...), win=Window(...), windingRule=None)
4.7063 	EXP 	Created left_line_5 = Line(__class__=<class 'psychopy.visual.line.Line'>, autoDraw=False, autoLog=True, closeShape=False, contrast=1.0, depth=-7.0, fillColor=None, fillColorSpace='rgb255', interpolate=True, lineColor=array([1., 1., 1.]), lineColorSpace='rgb', lineWidth=20, name='left_line_5', opacity=1.0, ori=array(90.), pos=array([-0.925 , -0.3125]), size=array([1., 1.]), units='norm', vertices=ndarray(...), win=Window(...), windingRule=None)
4.7097 	EXP 	Created text_20 = TextStim(__class__=<class 'psychopy.visual.text.TextStim'>, alignHoriz='center', alignVert='center', antialias=True, autoLog=True, bold=False, color='white', colorSpace='named', contrast=1.0, depth=-1.0, flipHoriz=False, flipVert=False, font='Arial', fontFiles=[], height=0.1, italic=False, languageStyle='LTR', name='text_20', opacity=1.0, ori=0, pos=array([0., 0.]), rgb=array([255., 255., 255.]), text='default text', units='norm', win=Window(...), wrapWidth=1.5)
4.7131 	EXP 	Created text_21 = TextStim(__class__=<class 'psychopy.visual.text.TextStim'>, alignHoriz='center', alignVert='center', antialias=True, autoLog=True, bold=False, color='white', colorSpace='named', contrast=1.0, depth=-2.0, flipHoriz=False, flipVert=False, font='Arial', fontFiles=[], height=0.1, italic=False, languageStyle='LTR', name='text_21', opacity=1.0, ori=0, pos=array([-0.9 , -0.15]), rgb=array([255., 255., 255.]), text='default text', units='norm', win=Window(...), wrapWidth=1)
4.7144 	EXP 	Created image_9 = ImageStim(__class__=<class 'psychopy.visual.image.ImageStim'>, autoLog=True, color=array([1., 1., 1.]), colorSpace='rgb', contrast=1.0, depth=-3.0, flipHoriz=False, flipVert=False, image='sin', interpolate=True, mask=None, maskParams=None, name='image_9', opacity=1.0, ori=0.0, pos=array([0. , 0.5]), size=array([0.75, 0.75]), texRes=128, units='norm', win=Window(...))
4.7152 	EXP 	Created polygon_6 = Line(__class__=<class 'psychopy.visual.line.Line'>, autoDraw=False, autoLog=True, closeShape=False, contrast=1.0, depth=-4.0, fillColor=None, fillColorSpace='rgb255', interpolate=True, lineColor=array([1., 1., 1.]), lineColorSpace='rgb', lineWidth=20, name='polygon_6', opacity=1.0, ori=array(0.), pos=array([ 0.   , -0.125]), size=array([1., 1.]), units='norm', vertices=ndarray(...), win=Window(...), windingRule=None)
4.7159 	EXP 	Created bottom_line_6 = Line(__class__=<class 'psychopy.visual.line.Line'>, autoDraw=False, autoLog=True, closeShape=False, contrast=1.0, depth=-5.0, fillColor=None, fillColorSpace='rgb255', interpolate=True, lineColor=array([1., 1., 1.]), lineColorSpace='rgb', lineWidth=20, name='bottom_line_6', opacity=1.0, ori=array(0.), pos=array([ 0. , -0.5]), size=array([1., 1.]), units='norm', vertices=ndarray(...), win=Window(...), windingRule=None)
4.7166 	EXP 	Created right_line_6 = Line(__class__=<class 'psychopy.visual.line.Line'>, autoDraw=False, autoLog=True, closeShape=False, contrast=1.0, depth=-6.0, fillColor=None, fillColorSpace='rgb255', interpolate=True, lineColor=array([1., 1., 1.]), lineColorSpace='rgb', lineWidth=20, name='right_line_6', opacity=1.0, ori=array(90.), pos=array([ 0.925 , -0.3125]), size=array([1., 1.]), units='norm', vertices=ndarray(...), win=Window(...), windingRule=None)
4.7174 	EXP 	Created left_line_6 = Line(__class__=<class 'psychopy.visual.line.Line'>, autoDraw=False, autoLog=True, closeShape=False, contrast=1.0, depth=-7.0, fillColor=None, fillColorSpace='rgb255', interpolate=True, lineColor=array([1., 1., 1.]), lineColorSpace='rgb', lineWidth=20, name='left_line_6', opacity=1.0, ori=array(90.), pos=array([-0.925 , -0.3125]), size=array([1., 1.]), units='norm', vertices=ndarray(...), win=Window(...), windingRule=None)
4.7209 	EXP 	Created text_25 = TextStim(__class__=<class 'psychopy.visual.text.TextStim'>, alignHoriz='center', alignVert='center', antialias=True, autoLog=True, bold=False, color='white', colorSpace='named', contrast=1.0, depth=-1.0, flipHoriz=False, flipVert=False, font='Arial', fontFiles=[], height=0.1, italic=False, languageStyle='LTR', name='text_25', opacity=1.0, ori=0, pos=array([0., 0.]), rgb=array([255., 255., 255.]), text='default text', units='norm', win=Window(...), wrapWidth=1.5)
4.7243 	EXP 	Created text_26 = TextStim(__class__=<class 'psychopy.visual.text.TextStim'>, alignHoriz='center', alignVert='center', antialias=True, autoLog=True, bold=False, color='white', colorSpace='named', contrast=1.0, depth=-2.0, flipHoriz=False, flipVert=False, font='Arial', fontFiles=[], height=0.1, italic=False, languageStyle='LTR', name='text_26', opacity=1.0, ori=0, pos=array([-0.9 , -0.15]), rgb=array([255., 255., 255.]), text='default text', units='norm', win=Window(...), wrapWidth=1)
4.7257 	EXP 	Created image_11 = ImageStim(__class__=<class 'psychopy.visual.image.ImageStim'>, autoLog=True, color=array([1., 1., 1.]), colorSpace='rgb', contrast=1.0, depth=-3.0, flipHoriz=False, flipVert=False, image='sin', interpolate=True, mask=None, maskParams=None, name='image_11', opacity=1.0, ori=0.0, pos=array([0. , 0.5]), size=array([0.75, 0.75]), texRes=128, units='norm', win=Window(...))
4.7265 	EXP 	Created polygon_7 = Line(__class__=<class 'psychopy.visual.line.Line'>, autoDraw=False, autoLog=True, closeShape=False, contrast=1.0, depth=-4.0, fillColor=None, fillColorSpace='rgb255', interpolate=True, lineColor=array([1., 1., 1.]), lineColorSpace='rgb', lineWidth=20, name='polygon_7', opacity=1.0, ori=array(0.), pos=array([ 0.   , -0.125]), size=array([1., 1.]), units='norm', vertices=ndarray(...), win=Window(...), windingRule=None)
4.7272 	EXP 	Created bottom_line_7 = Line(__class__=<class 'psychopy.visual.line.Line'>, autoDraw=False, autoLog=True, closeShape=False, contrast=1.0, depth=-5.0, fillColor=None, fillColorSpace='rgb255', interpolate=True, lineColor=array([1., 1., 1.]), lineColorSpace='rgb', lineWidth=20, name='bottom_line_7', opacity=1.0, ori=array(0.), pos=array([ 0. , -0.5]), size=array([1., 1.]), units='norm', vertices=ndarray(...), win=Window(...), windingRule=None)
4.7279 	EXP 	Created right_line_7 = Line(__class__=<class 'psychopy.visual.line.Line'>, autoDraw=False, autoLog=True, closeShape=False, contrast=1.0, depth=-6.0, fillColor=None, fillColorSpace='rgb255', interpolate=True, lineColor=array([1., 1., 1.]), lineColorSpace='rgb', lineWidth=20, name='right_line_7', opacity=1.0, ori=array(90.), pos=array([ 0.925 , -0.3125]), size=array([1., 1.]), units='norm', vertices=ndarray(...), win=Window(...), windingRule=None)
4.7288 	EXP 	Created left_line_7 = Line(__class__=<class 'psychopy.visual.line.Line'>, autoDraw=False, autoLog=True, closeShape=False, contrast=1.0, depth=-7.0, fillColor=None, fillColorSpace='rgb255', interpolate=True, lineColor=array([1., 1., 1.]), lineColorSpace='rgb', lineWidth=20, name='left_line_7', opacity=1.0, ori=array(90.), pos=array([-0.925 , -0.3125]), size=array([1., 1.]), units='norm', vertices=ndarray(...), win=Window(...), windingRule=None)
4.7324 	EXP 	Created text_27 = TextStim(__class__=<class 'psychopy.visual.text.TextStim'>, alignHoriz='center', alignVert='center', antialias=True, autoLog=True, bold=False, color='white', colorSpace='named', contrast=1.0, depth=-1.0, flipHoriz=False, flipVert=False, font='Arial', fontFiles=[], height=0.1, italic=False, languageStyle='LTR', name='text_27', opacity=1.0, ori=0, pos=array([0., 0.]), rgb=array([255., 255., 255.]), text='default text', units='norm', win=Window(...), wrapWidth=1.5)
4.7359 	EXP 	Created text_28 = TextStim(__class__=<class 'psychopy.visual.text.TextStim'>, alignHoriz='center', alignVert='center', antialias=True, autoLog=True, bold=False, color='white', colorSpace='named', contrast=1.0, depth=-2.0, flipHoriz=False, flipVert=False, font='Arial', fontFiles=[], height=0.1, italic=False, languageStyle='LTR', name='text_28', opacity=1.0, ori=0, pos=array([-0.9 , -0.15]), rgb=array([255., 255., 255.]), text='default text', units='norm', win=Window(...), wrapWidth=1)
4.7373 	EXP 	Created image_12 = ImageStim(__class__=<class 'psychopy.visual.image.ImageStim'>, autoLog=True, color=array([1., 1., 1.]), colorSpace='rgb', contrast=1.0, depth=-3.0, flipHoriz=False, flipVert=False, image='sin', interpolate=True, mask=None, maskParams=None, name='image_12', opacity=1.0, ori=0.0, pos=array([0. , 0.5]), size=array([0.75, 0.75]), texRes=128, units='norm', win=Window(...))
4.7380 	EXP 	Created polygon_8 = Line(__class__=<class 'psychopy.visual.line.Line'>, autoDraw=False, autoLog=True, closeShape=False, contrast=1.0, depth=-4.0, fillColor=None, fillColorSpace='rgb255', interpolate=True, lineColor=array([1., 1., 1.]), lineColorSpace='rgb', lineWidth=20, name='polygon_8', opacity=1.0, ori=array(0.), pos=array([ 0.   , -0.125]), size=array([1., 1.]), units='norm', vertices=ndarray(...), win=Window(...), windingRule=None)
4.7387 	EXP 	Created bottom_line_8 = Line(__class__=<class 'psychopy.visual.line.Line'>, autoDraw=False, autoLog=True, closeShape=False, contrast=1.0, depth=-5.0, fillColor=None, fillColorSpace='rgb255', interpolate=True, lineColor=array([1., 1., 1.]), lineColorSpace='rgb', lineWidth=20, name='bottom_line_8', opacity=1.0, ori=array(0.), pos=array([ 0. , -0.5]), size=array([1., 1.]), units='norm', vertices=ndarray(...), win=Window(...), windingRule=None)
4.7396 	EXP 	Created right_line_8 = Line(__class__=<class 'psychopy.visual.line.Line'>, autoDraw=False, autoLog=True, closeShape=False, contrast=1.0, depth=-6.0, fillColor=None, fillColorSpace='rgb255', interpolate=True, lineColor=array([1., 1., 1.]), lineColorSpace='rgb', lineWidth=20, name='right_line_8', opacity=1.0, ori=array(90.), pos=array([ 0.925 , -0.3125]), size=array([1., 1.]), units='norm', vertices=ndarray(...), win=Window(...), windingRule=None)
4.7405 	EXP 	Created left_line_8 = Line(__class__=<class 'psychopy.visual.line.Line'>, autoDraw=False, autoLog=True, closeShape=False, contrast=1.0, depth=-7.0, fillColor=None, fillColorSpace='rgb255', interpolate=True, lineColor=array([1., 1., 1.]), lineColorSpace='rgb', lineWidth=20, name='left_line_8', opacity=1.0, ori=array(90.), pos=array([-0.925 , -0.3125]), size=array([1., 1.]), units='norm', vertices=ndarray(...), win=Window(...), windingRule=None)
4.7442 	EXP 	Created text_29 = TextStim(__class__=<class 'psychopy.visual.text.TextStim'>, alignHoriz='center', alignVert='center', antialias=True, autoLog=True, bold=False, color='white', colorSpace='named', contrast=1.0, depth=-1.0, flipHoriz=False, flipVert=False, font='Arial', fontFiles=[], height=0.1, italic=False, languageStyle='LTR', name='text_29', opacity=1.0, ori=0, pos=array([0., 0.]), rgb=array([255., 255., 255.]), text='default text', units='norm', win=Window(...), wrapWidth=1.5)
4.7478 	EXP 	Created text_30 = TextStim(__class__=<class 'psychopy.visual.text.TextStim'>, alignHoriz='center', alignVert='center', antialias=True, autoLog=True, bold=False, color='white', colorSpace='named', contrast=1.0, depth=-2.0, flipHoriz=False, flipVert=False, font='Arial', fontFiles=[], height=0.1, italic=False, languageStyle='LTR', name='text_30', opacity=1.0, ori=0, pos=array([-0.9 , -0.15]), rgb=array([255., 255., 255.]), text='default text', units='norm', win=Window(...), wrapWidth=1)
4.7492 	EXP 	Created image_13 = ImageStim(__class__=<class 'psychopy.visual.image.ImageStim'>, autoLog=True, color=array([1., 1., 1.]), colorSpace='rgb', contrast=1.0, depth=-3.0, flipHoriz=False, flipVert=False, image='sin', interpolate=True, mask=None, maskParams=None, name='image_13', opacity=1.0, ori=0.0, pos=array([0. , 0.5]), size=array([0.75, 0.75]), texRes=128, units='norm', win=Window(...))
4.7499 	EXP 	Created polygon_9 = Line(__class__=<class 'psychopy.visual.line.Line'>, autoDraw=False, autoLog=True, closeShape=False, contrast=1.0, depth=-4.0, fillColor=None, fillColorSpace='rgb255', interpolate=True, lineColor=array([1., 1., 1.]), lineColorSpace='rgb', lineWidth=20, name='polygon_9', opacity=1.0, ori=array(0.), pos=array([ 0.   , -0.125]), size=array([1., 1.]), units='norm', vertices=ndarray(...), win=Window(...), windingRule=None)
4.7506 	EXP 	Created bottom_line_9 = Line(__class__=<class 'psychopy.visual.line.Line'>, autoDraw=False, autoLog=True, closeShape=False, contrast=1.0, depth=-5.0, fillColor=None, fillColorSpace='rgb255', interpolate=True, lineColor=array([1., 1., 1.]), lineColorSpace='rgb', lineWidth=20, name='bottom_line_9', opacity=1.0, ori=array(0.), pos=array([ 0. , -0.5]), size=array([1., 1.]), units='norm', vertices=ndarray(...), win=Window(...), windingRule=None)
4.7514 	EXP 	Created right_line_9 = Line(__class__=<class 'psychopy.visual.line.Line'>, autoDraw=False, autoLog=True, closeShape=False, contrast=1.0, depth=-6.0, fillColor=None, fillColorSpace='rgb255', interpolate=True, lineColor=array([1., 1., 1.]), lineColorSpace='rgb', lineWidth=20, name='right_line_9', opacity=1.0, ori=array(90.), pos=array([ 0.925 , -0.3125]), size=array([1., 1.]), units='norm', vertices=ndarray(...), win=Window(...), windingRule=None)
4.7522 	EXP 	Created left_line_9 = Line(__class__=<class 'psychopy.visual.line.Line'>, autoDraw=False, autoLog=True, closeShape=False, contrast=1.0, depth=-7.0, fillColor=None, fillColorSpace='rgb255', interpolate=True, lineColor=array([1., 1., 1.]), lineColorSpace='rgb', lineWidth=20, name='left_line_9', opacity=1.0, ori=array(90.), pos=array([-0.925 , -0.3125]), size=array([1., 1.]), units='norm', vertices=ndarray(...), win=Window(...), windingRule=None)
4.7560 	EXP 	Created text_31 = TextStim(__class__=<class 'psychopy.visual.text.TextStim'>, alignHoriz='center', alignVert='center', antialias=True, autoLog=True, bold=False, color='white', colorSpace='named', contrast=1.0, depth=-1.0, flipHoriz=False, flipVert=False, font='Arial', fontFiles=[], height=0.1, italic=False, languageStyle='LTR', name='text_31', opacity=1.0, ori=0, pos=array([0., 0.]), rgb=array([255., 255., 255.]), text='default text', units='norm', win=Window(...), wrapWidth=1.5)
4.7594 	EXP 	Created text_32 = TextStim(__class__=<class 'psychopy.visual.text.TextStim'>, alignHoriz='center', alignVert='center', antialias=True, autoLog=True, bold=False, color='white', colorSpace='named', contrast=1.0, depth=-2.0, flipHoriz=False, flipVert=False, font='Arial', fontFiles=[], height=0.1, italic=False, languageStyle='LTR', name='text_32', opacity=1.0, ori=0, pos=array([-0.9 , -0.15]), rgb=array([255., 255., 255.]), text='default text', units='norm', win=Window(...), wrapWidth=1)
4.7607 	EXP 	Created image_14 = ImageStim(__class__=<class 'psychopy.visual.image.ImageStim'>, autoLog=True, color=array([1., 1., 1.]), colorSpace='rgb', contrast=1.0, depth=-3.0, flipHoriz=False, flipVert=False, image='sin', interpolate=True, mask=None, maskParams=None, name='image_14', opacity=1.0, ori=0.0, pos=array([0. , 0.5]), size=array([0.75, 0.75]), texRes=128, units='norm', win=Window(...))
4.7615 	EXP 	Created polygon_10 = Line(__class__=<class 'psychopy.visual.line.Line'>, autoDraw=False, autoLog=True, closeShape=False, contrast=1.0, depth=-4.0, fillColor=None, fillColorSpace='rgb255', interpolate=True, lineColor=array([1., 1., 1.]), lineColorSpace='rgb', lineWidth=20, name='polygon_10', opacity=1.0, ori=array(0.), pos=array([ 0.   , -0.125]), size=array([1., 1.]), units='norm', vertices=ndarray(...), win=Window(...), windingRule=None)
4.7622 	EXP 	Created bottom_line_10 = Line(__class__=<class 'psychopy.visual.line.Line'>, autoDraw=False, autoLog=True, closeShape=False, contrast=1.0, depth=-5.0, fillColor=None, fillColorSpace='rgb255', interpolate=True, lineColor=array([1., 1., 1.]), lineColorSpace='rgb', lineWidth=20, name='bottom_line_10', opacity=1.0, ori=array(0.), pos=array([ 0. , -0.5]), size=array([1., 1.]), units='norm', vertices=ndarray(...), win=Window(...), windingRule=None)
4.7629 	EXP 	Created right_line_10 = Line(__class__=<class 'psychopy.visual.line.Line'>, autoDraw=False, autoLog=True, closeShape=False, contrast=1.0, depth=-6.0, fillColor=None, fillColorSpace='rgb255', interpolate=True, lineColor=array([1., 1., 1.]), lineColorSpace='rgb', lineWidth=20, name='right_line_10', opacity=1.0, ori=array(90.), pos=array([ 0.925 , -0.3125]), size=array([1., 1.]), units='norm', vertices=ndarray(...), win=Window(...), windingRule=None)
4.7638 	EXP 	Created left_line_10 = Line(__class__=<class 'psychopy.visual.line.Line'>, autoDraw=False, autoLog=True, closeShape=False, contrast=1.0, depth=-7.0, fillColor=None, fillColorSpace='rgb255', interpolate=True, lineColor=array([1., 1., 1.]), lineColorSpace='rgb', lineWidth=20, name='left_line_10', opacity=1.0, ori=array(90.), pos=array([-0.925 , -0.3125]), size=array([1., 1.]), units='norm', vertices=ndarray(...), win=Window(...), windingRule=None)
4.7707 	EXP 	Imported count.xlsx as conditions, 16 conditions, 1 params
4.7710 	EXP 	Created sequence: sequential, trialTypes=16, nReps=1, seed=None
4.7712 	EXP 	New trial (rep=0, index=0): OrderedDict([('count', 0)])
4.8563 	EXP 	text_4: text = 'Couples Therapist'
4.8563 	EXP 	image: image = 'jobphotos/couples.jpg'
4.8563 	EXP 	text_4: autoDraw = True
4.8563 	EXP 	image: autoDraw = True
4.8563 	EXP 	text_5: autoDraw = True
5.5618 	DATA 	Keypress: q
5.5685 	EXP 	Imported story_xlsx_files/13.xlsx as conditions, 30 conditions, 3 params
5.5688 	EXP 	Created sequence: sequential, trialTypes=30, nReps=1, seed=None
5.5690 	EXP 	New trial (rep=0, index=0): OrderedDict([('storyText', 'The grocery store was not the place Emmanuella and Liam wanted to be as they had been fighting beforehand, to the point where Emmanuella was thinking of breaking up with Liam.'), ('locationEvent', 1), ('socialEvent', 1)])
5.5935 	WARNING 	Requested image 'storypics/13_storypic' not found but similar filename 'storypics/13_storypic.jpg' exists. This will be used instead but changing the filename is advised.
5.6261 	EXP 	text_4: autoDraw = False
5.6261 	EXP 	image: autoDraw = False
5.6261 	EXP 	text_5: autoDraw = False
5.6261 	EXP 	text: text = 'The grocery store was not the place Emmanuella and Liam wanted to be as they had been fighting beforehand, to the point where Emmanuella was thinking of breaking up with Liam.'
5.6261 	EXP 	image_2: image = 'storypics/13_storypic'
5.6261 	EXP 	text: autoDraw = True
5.6261 	EXP 	image_2: autoDraw = True
5.9776 	DATA 	Keypress: q
5.9826 	EXP 	Imported recall_instructions.xlsx as conditions, 5 conditions, 1 params
5.9828 	EXP 	Created sequence: sequential, trialTypes=5, nReps=1, seed=None
5.9830 	EXP 	New trial (rep=0, index=0): OrderedDict([('instructText', 'The next task in the experiment is to recall each story to the best of your ability.')])
6.0095 	EXP 	text: autoDraw = False
6.0095 	EXP 	image_2: autoDraw = False
6.0095 	EXP 	text_6: text = 'The next task in the experiment is to recall each story to the best of your ability.'
6.0095 	EXP 	text_6: autoDraw = True
6.0095 	EXP 	text_24: autoDraw = True
6.6771 	DATA 	Keypress: space
6.6779 	EXP 	New trial (rep=0, index=1): OrderedDict([('instructText', 'You will be presented with the story title, names, the images, and a blank text box for each story.')])
6.7089 	EXP 	text_6: autoDraw = False
6.7089 	EXP 	text_24: autoDraw = False
6.7089 	EXP 	text_6: text = 'You will be presented with the story title, names, the images, and a blank text box for each story.'
6.7089 	EXP 	text_6: autoDraw = True
6.7089 	EXP 	text_24: autoDraw = True
6.9937 	DATA 	Keypress: space
6.9944 	EXP 	New trial (rep=0, index=2): OrderedDict([('instructText', 'Describe the story with as many details as you can remember in the space provided. ')])
7.0266 	EXP 	text_6: autoDraw = False
7.0266 	EXP 	text_24: autoDraw = False
7.0266 	EXP 	text_6: text = 'Describe the story with as many details as you can remember in the space provided. '
7.0266 	EXP 	text_6: autoDraw = True
7.0266 	EXP 	text_24: autoDraw = True
7.4276 	DATA 	Keypress: space
7.4284 	EXP 	New trial (rep=0, index=3): OrderedDict([('instructText', 'When you are finished recalling one story, to move onto the next one hit ‘return’. ')])
7.4594 	EXP 	text_6: autoDraw = False
7.4594 	EXP 	text_24: autoDraw = False
7.4594 	EXP 	text_6: text = 'When you are finished recalling one story, to move onto the next one hit ‘return’. '
7.4594 	EXP 	text_6: autoDraw = True
7.4594 	EXP 	text_24: autoDraw = True
7.9112 	DATA 	Keypress: space
7.9119 	EXP 	New trial (rep=0, index=4): OrderedDict([('instructText', 'There is no time limit for your responses. ')])
7.9264 	EXP 	text_6: autoDraw = False
7.9264 	EXP 	text_24: autoDraw = False
7.9264 	EXP 	text_6: text = 'There is no time limit for your responses. '
7.9264 	EXP 	text_6: autoDraw = True
7.9264 	EXP 	text_24: autoDraw = True
8.3447 	DATA 	Keypress: space
8.3495 	EXP 	Imported count.xlsx as conditions, 16 conditions, 1 params
8.3497 	EXP 	Created sequence: sequential, trialTypes=16, nReps=1, seed=None
8.3499 	EXP 	New trial (rep=0, index=0): OrderedDict([('count', 0)])
8.3503 	WARNING 	Requested image 'storypics/13_storypic' not found but similar filename 'storypics/13_storypic.jpg' exists. This will be used instead but changing the filename is advised.
8.3939 	EXP 	text_6: autoDraw = False
8.3939 	EXP 	text_24: autoDraw = False
8.3939 	EXP 	text_10: alignHoriz = 'left'
8.3939 	EXP 	text_10: alignVert = 'top'
8.3939 	EXP 	text_10: wrapWidth = 1.8
8.3939 	EXP 	text_10: height = 0.05
8.3939 	EXP 	image_4: image = 'storypics/13_storypic'
8.3939 	EXP 	text_9: autoDraw = True
8.3939 	EXP 	text_10: autoDraw = True
8.3939 	EXP 	image_4: autoDraw = True
8.3939 	EXP 	polygon: autoDraw = True
8.3939 	EXP 	bottom_line: autoDraw = True
8.3939 	EXP 	right_line_2: autoDraw = True
8.3939 	EXP 	left_line: autoDraw = True
8.9125 	DATA 	Keypress: k
8.9960 	DATA 	Keypress: j
9.0791 	DATA 	Keypress: s
9.1957 	DATA 	Keypress: l
9.2453 	DATA 	Keypress: k
9.3124 	DATA 	Keypress: j
10.0285 	DATA 	Keypress: lshift
10.4282 	DATA 	Keypress: lshift
10.6608 	DATA 	Keypress: lshift
11.0114 	DATA 	Keypress: lshift
11.2452 	DATA 	Keypress: lshift
11.7614 	DATA 	Keypress: rshift
11.9109 	DATA 	Keypress: rshift
12.0783 	DATA 	Keypress: rshift
12.2283 	DATA 	Keypress: rshift
12.4118 	DATA 	Keypress: lshift
12.4443 	DATA 	Keypress: rshift
12.6118 	DATA 	Keypress: rshift
12.6625 	DATA 	Keypress: lshift
12.8279 	DATA 	Keypress: rshift
13.2958 	DATA 	Keypress: rshift
13.5295 	DATA 	Keypress: lshift
13.6457 	DATA 	Keypress: rshift
13.8463 	DATA 	Keypress: lshift
13.9123 	DATA 	Keypress: rshift
14.1125 	DATA 	Keypress: rshift
14.7806 	DATA 	Keypress: return
14.7957 	EXP 	New trial (rep=0, index=1): OrderedDict([('count', 1)])
14.7959 	WARNING 	Requested image 'storypics/32_storypic' not found but similar filename 'storypics/32_storypic.jpg' exists. This will be used instead but changing the filename is advised.
14.8296 	EXP 	text_9: autoDraw = False
14.8296 	EXP 	text_10: autoDraw = False
14.8296 	EXP 	image_4: autoDraw = False
14.8296 	EXP 	polygon: autoDraw = False
14.8296 	EXP 	bottom_line: autoDraw = False
14.8296 	EXP 	right_line_2: autoDraw = False
14.8296 	EXP 	left_line: autoDraw = False
14.8296 	EXP 	text_10: alignHoriz = 'left'
14.8296 	EXP 	text_10: alignVert = 'top'
14.8296 	EXP 	text_10: wrapWidth = 1.8
14.8296 	EXP 	text_10: height = 0.05
14.8296 	EXP 	image_4: image = 'storypics/32_storypic'
14.8296 	EXP 	text_9: autoDraw = True
14.8296 	EXP 	text_10: autoDraw = True
14.8296 	EXP 	image_4: autoDraw = True
14.8296 	EXP 	polygon: autoDraw = True
14.8296 	EXP 	bottom_line: autoDraw = True
14.8296 	EXP 	right_line_2: autoDraw = True
14.8296 	EXP 	left_line: autoDraw = True
19.6825 	DATA 	Keypress: quoteleft
20.4160 	DATA 	Keypress: quoteleft
21.8309 	DATA 	Keypress: lshift
22.0810 	DATA 	Keypress: lshift
22.2814 	DATA 	Keypress: lshift
22.5482 	DATA 	Keypress: lshift
24.4331 	DATA 	Keypress: tab
24.4420 	EXP 	Imported question_instructions.xlsx as conditions, 4 conditions, 1 params
24.4422 	EXP 	Created sequence: sequential, trialTypes=4, nReps=1, seed=None
24.4424 	EXP 	New trial (rep=0, index=0): OrderedDict([('instructText', 'The next part of the task is to answer 8 questions about each story.')])
24.4657 	EXP 	text_9: autoDraw = False
24.4657 	EXP 	text_10: autoDraw = False
24.4657 	EXP 	image_4: autoDraw = False
24.4657 	EXP 	polygon: autoDraw = False
24.4657 	EXP 	bottom_line: autoDraw = False
24.4657 	EXP 	right_line_2: autoDraw = False
24.4657 	EXP 	left_line: autoDraw = False
24.4657 	EXP 	text_13: text = 'The next part of the task is to answer 8 questions about each story.'
24.4657 	EXP 	text_13: autoDraw = True
24.4657 	EXP 	text_23: autoDraw = True
26.0843 	DATA 	Keypress: escape
26.3575 	EXP 	window1: mouseVisible = True
