2.3338 	WARNING 	sounddevice audio lib was requested but not loaded: sounddevice not working
8.0776 	WARNING 	User requested fullscreen with size [1024  768], but screen is actually [1440, 900]. Using actual size
8.7928 	EXP 	Created window1 = Window(allowGUI=False, allowStencil=False, args=UNKNOWN, autoLog=True, bitsMode=UNKNOWN, blendMode='avg', color=array([0., 0., 0.]), colorSpace='rgb', fullscr=<method-wrapper '__getattribute__' of attributeSetter object at 0x10e4e0d30>, gamma=None, kwargs=UNKNOWN, lms=UNKNOWN, monitor=<psychopy.monitors.calibTools.Monitor object at 0x1129d57b8>, multiSample=False, name='window1', numSamples=2, pos=[0.0, 0.0], screen=0, size=array([1440,  900]), stereo=False, units='norm', useFBO=True, useRetina=False, viewOri=0.0, viewPos=None, viewScale=None, waitBlanking=True, winType='pyglet')
8.7929 	EXP 	window1: recordFrameIntervals = False
8.9587 	EXP 	window1: recordFrameIntervals = True
9.1419 	EXP 	window1: recordFrameIntervals = False
9.3127 	EXP 	Created welcome_2 = TextStim(__class__=<class 'psychopy.visual.text.TextStim'>, alignHoriz='center', alignVert='center', antialias=True, autoLog=True, bold=False, color='white', colorSpace='named', contrast=1.0, depth=0.0, flipHoriz=False, flipVert=False, font='Arial', fontFiles=[], height=0.1, italic=False, languageStyle='LTR', name='welcome_2', opacity=1.0, ori=0, pos=array([0. , 0.5]), rgb=array([255., 255., 255.]), text='default text', units='norm', win=Window(...), wrapWidth=1)
9.3154 	EXP 	Created image_10 = ImageStim(__class__=<class 'psychopy.visual.image.ImageStim'>, autoLog=True, color=array([1., 1., 1.]), colorSpace='rgb', contrast=1.0, depth=-3.0, flipHoriz=False, flipVert=False, image='sin', interpolate=True, mask=None, maskParams=None, name='image_10', opacity=1.0, ori=0.0, pos=array([ 0. , -0.3]), size=array([1., 1.]), texRes=128, units='norm', win=Window(...))
9.3174 	EXP 	Created image = ImageStim(__class__=<class 'psychopy.visual.image.ImageStim'>, autoLog=True, color=array([1., 1., 1.]), colorSpace='rgb', contrast=1.0, depth=0.0, flipHoriz=False, flipVert=False, image='sin', interpolate=True, mask=None, maskParams=None, name='image', opacity=1.0, ori=0.0, pos=array([0., 0.]), size=array([0.5, 0.5]), texRes=128, units='norm', win=Window(...))
9.3224 	EXP 	Created text_2 = TextStim(__class__=<class 'psychopy.visual.text.TextStim'>, alignHoriz='center', alignVert='center', antialias=True, autoLog=True, bold=False, color='white', colorSpace='named', contrast=1.0, depth=-2.0, flipHoriz=False, flipVert=False, font='Arial', fontFiles=[], height=0.1, italic=False, languageStyle='LTR', name='text_2', opacity=1.0, ori=0, pos=array([ 0. , -0.5]), rgb=array([255., 255., 255.]), text='default text', units='norm', win=Window(...), wrapWidth=1)
9.3273 	EXP 	Created welcome = TextStim(__class__=<class 'psychopy.visual.text.TextStim'>, alignHoriz='center', alignVert='center', antialias=True, autoLog=True, bold=False, color='white', colorSpace='named', contrast=1.0, depth=0.0, flipHoriz=False, flipVert=False, font='Arial', fontFiles=[], height=0.1, italic=False, languageStyle='LTR', name='welcome', opacity=1.0, ori=0, pos=array([0., 0.]), rgb=array([255., 255., 255.]), text='default text', units='norm', win=Window(...), wrapWidth=1)
9.3322 	EXP 	Created text_12 = TextStim(__class__=<class 'psychopy.visual.text.TextStim'>, alignHoriz='center', alignVert='center', antialias=True, autoLog=True, bold=False, color='white', colorSpace='named', contrast=1.0, depth=-2.0, flipHoriz=False, flipVert=False, font='Arial', fontFiles=[], height=0.1, italic=False, languageStyle='LTR', name='text_12', opacity=1.0, ori=0, pos=array([ 0. , -0.6]), rgb=array([255., 255., 255.]), text='default text', units='norm', win=Window(...), wrapWidth=1)
9.3371 	EXP 	Created text_18 = TextStim(__class__=<class 'psychopy.visual.text.TextStim'>, alignHoriz='center', alignVert='center', antialias=True, autoLog=True, bold=False, color='white', colorSpace='named', contrast=1.0, depth=0.0, flipHoriz=False, flipVert=False, font='Arial', fontFiles=[], height=0.1, italic=False, languageStyle='LTR', name='text_18', opacity=1.0, ori=0, pos=array([-0.25,  0.25]), rgb=array([255., 255., 255.]), text='default text', units='norm', win=Window(...), wrapWidth=0.5)
9.3391 	EXP 	Created image_9 = ImageStim(__class__=<class 'psychopy.visual.image.ImageStim'>, autoLog=True, color=array([1., 1., 1.]), colorSpace='rgb', contrast=1.0, depth=-1.0, flipHoriz=False, flipVert=False, image='sin', interpolate=True, mask=None, maskParams=None, name='image_9', opacity=1.0, ori=0.0, pos=array([0.25, 0.25]), size=array([0.5, 0.5]), texRes=128, units='norm', win=Window(...))
9.3443 	EXP 	Created text_8 = TextStim(__class__=<class 'psychopy.visual.text.TextStim'>, alignHoriz='center', alignVert='center', antialias=True, autoLog=True, bold=False, color='white', colorSpace='named', contrast=1.0, depth=0.0, flipHoriz=False, flipVert=False, font='Arial', fontFiles=[], height=0.1, italic=False, languageStyle='LTR', name='text_8', opacity=1.0, ori=0, pos=array([ 0. , -0.4]), rgb=array([255., 255., 255.]), text='default text', units='norm', win=Window(...), wrapWidth=1)
9.3493 	EXP 	Created text_9 = TextStim(__class__=<class 'psychopy.visual.text.TextStim'>, alignHoriz='center', alignVert='center', antialias=True, autoLog=True, bold=False, color='white', colorSpace='named', contrast=1.0, depth=-1.0, flipHoriz=False, flipVert=False, font='Arial', fontFiles=[], height=0.1, italic=False, languageStyle='LTR', name='text_9', opacity=1.0, ori=0, pos=array([-0.25,  0.25]), rgb=array([255., 255., 255.]), text='default text', units='norm', win=Window(...), wrapWidth=0.5)
9.3513 	EXP 	Created image_5 = ImageStim(__class__=<class 'psychopy.visual.image.ImageStim'>, autoLog=True, color=array([1., 1., 1.]), colorSpace='rgb', contrast=1.0, depth=-2.0, flipHoriz=False, flipVert=False, image='sin', interpolate=True, mask=None, maskParams=None, name='image_5', opacity=1.0, ori=0.0, pos=array([0.25, 0.25]), size=array([0.5, 0.5]), texRes=128, units='norm', win=Window(...))
9.3563 	EXP 	Created text_10 = TextStim(__class__=<class 'psychopy.visual.text.TextStim'>, alignHoriz='center', alignVert='center', antialias=True, autoLog=True, bold=False, color='white', colorSpace='named', contrast=1.0, depth=0.0, flipHoriz=False, flipVert=False, font='Arial', fontFiles=[], height=0.1, italic=False, languageStyle='LTR', name='text_10', opacity=1.0, ori=0, pos=array([ 0. , -0.4]), rgb=array([255., 255., 255.]), text='default text', units='norm', win=Window(...), wrapWidth=1)
9.3612 	EXP 	Created text_11 = TextStim(__class__=<class 'psychopy.visual.text.TextStim'>, alignHoriz='center', alignVert='center', antialias=True, autoLog=True, bold=False, color='white', colorSpace='named', contrast=1.0, depth=-1.0, flipHoriz=False, flipVert=False, font='Arial', fontFiles=[], height=0.1, italic=False, languageStyle='LTR', name='text_11', opacity=1.0, ori=0, pos=array([-0.25,  0.25]), rgb=array([255., 255., 255.]), text='default text', units='norm', win=Window(...), wrapWidth=0.5)
9.3632 	EXP 	Created image_6 = ImageStim(__class__=<class 'psychopy.visual.image.ImageStim'>, autoLog=True, color=array([1., 1., 1.]), colorSpace='rgb', contrast=1.0, depth=-2.0, flipHoriz=False, flipVert=False, image='sin', interpolate=True, mask=None, maskParams=None, name='image_6', opacity=1.0, ori=0.0, pos=array([0.25, 0.25]), size=array([0.5, 0.5]), texRes=128, units='norm', win=Window(...))
9.3710 	EXP 	Created text_13 = TextStim(__class__=<class 'psychopy.visual.text.TextStim'>, alignHoriz='center', alignVert='center', antialias=True, autoLog=True, bold=False, color='white', colorSpace='named', contrast=1.0, depth=0.0, flipHoriz=False, flipVert=False, font='Arial', fontFiles=[], height=0.1, italic=False, languageStyle='LTR', name='text_13', opacity=1.0, ori=0, pos=array([ 0. , -0.4]), rgb=array([255., 255., 255.]), text='default text', units='norm', win=Window(...), wrapWidth=1)
9.3787 	EXP 	Created text_14 = TextStim(__class__=<class 'psychopy.visual.text.TextStim'>, alignHoriz='center', alignVert='center', antialias=True, autoLog=True, bold=False, color='white', colorSpace='named', contrast=1.0, depth=-1.0, flipHoriz=False, flipVert=False, font='Arial', fontFiles=[], height=0.1, italic=False, languageStyle='LTR', name='text_14', opacity=1.0, ori=0, pos=array([-0.25,  0.25]), rgb=array([255., 255., 255.]), text='default text', units='norm', win=Window(...), wrapWidth=0.5)
9.3810 	EXP 	Created image_7 = ImageStim(__class__=<class 'psychopy.visual.image.ImageStim'>, autoLog=True, color=array([1., 1., 1.]), colorSpace='rgb', contrast=1.0, depth=-2.0, flipHoriz=False, flipVert=False, image='sin', interpolate=True, mask=None, maskParams=None, name='image_7', opacity=1.0, ori=0.0, pos=array([0.25, 0.25]), size=array([0.5, 0.5]), texRes=128, units='norm', win=Window(...))
9.3905 	EXP 	Created text_15 = TextStim(__class__=<class 'psychopy.visual.text.TextStim'>, alignHoriz='center', alignVert='center', antialias=True, autoLog=True, bold=False, color='white', colorSpace='named', contrast=1.0, depth=0.0, flipHoriz=False, flipVert=False, font='Arial', fontFiles=[], height=0.1, italic=False, languageStyle='LTR', name='text_15', opacity=1.0, ori=0, pos=array([ 0. , -0.4]), rgb=array([255., 255., 255.]), text='default text', units='norm', win=Window(...), wrapWidth=1)
9.3966 	EXP 	Created text_16 = TextStim(__class__=<class 'psychopy.visual.text.TextStim'>, alignHoriz='center', alignVert='center', antialias=True, autoLog=True, bold=False, color='white', colorSpace='named', contrast=1.0, depth=-1.0, flipHoriz=False, flipVert=False, font='Arial', fontFiles=[], height=0.1, italic=False, languageStyle='LTR', name='text_16', opacity=1.0, ori=0, pos=array([-0.25,  0.25]), rgb=array([255., 255., 255.]), text='default text', units='norm', win=Window(...), wrapWidth=0.5)
9.3985 	EXP 	Created image_8 = ImageStim(__class__=<class 'psychopy.visual.image.ImageStim'>, autoLog=True, color=array([1., 1., 1.]), colorSpace='rgb', contrast=1.0, depth=-2.0, flipHoriz=False, flipVert=False, image='sin', interpolate=True, mask=None, maskParams=None, name='image_8', opacity=1.0, ori=0.0, pos=array([0.25, 0.25]), size=array([0.5, 0.5]), texRes=128, units='norm', win=Window(...))
9.4216 	EXP 	Created text_5 = TextStim(__class__=<class 'psychopy.visual.text.TextStim'>, alignHoriz='center', alignVert='center', antialias=True, autoLog=True, bold=False, color='white', colorSpace='named', contrast=1.0, depth=0.0, flipHoriz=False, flipVert=False, font='Arial', fontFiles=[], height=0.1, italic=False, languageStyle='LTR', name='text_5', opacity=1.0, ori=0, pos=array([0., 0.]), rgb=array([255., 255., 255.]), text=str(...), units='norm', win=Window(...), wrapWidth=1)
9.4281 	EXP 	Created question1_2 = TextStim(__class__=<class 'psychopy.visual.text.TextStim'>, alignHoriz='center', alignVert='center', antialias=True, autoLog=True, bold=False, color='white', colorSpace='named', contrast=1.0, depth=-1.0, flipHoriz=False, flipVert=False, font='Arial', fontFiles=[], height=0.1, italic=False, languageStyle='LTR', name='question1_2', opacity=1.0, ori=0, pos=array([0. , 0.6]), rgb=array([255., 255., 255.]), text='default text', units='norm', win=Window(...), wrapWidth=2)
9.4330 	EXP 	Created question2_2 = TextStim(__class__=<class 'psychopy.visual.text.TextStim'>, alignHoriz='center', alignVert='center', antialias=True, autoLog=True, bold=False, color='white', colorSpace='named', contrast=1.0, depth=-2.0, flipHoriz=False, flipVert=False, font='Arial', fontFiles=[], height=0.1, italic=False, languageStyle='LTR', name='question2_2', opacity=1.0, ori=0, pos=array([0.  , 0.35]), rgb=array([255., 255., 255.]), text='default text', units='norm', win=Window(...), wrapWidth=2)
9.4387 	EXP 	Created question3_2 = TextStim(__class__=<class 'psychopy.visual.text.TextStim'>, alignHoriz='center', alignVert='center', antialias=True, autoLog=True, bold=False, color='white', colorSpace='named', contrast=1.0, depth=-3.0, flipHoriz=False, flipVert=False, font='Arial', fontFiles=[], height=0.1, italic=False, languageStyle='LTR', name='question3_2', opacity=1.0, ori=0, pos=array([0.  , 0.12]), rgb=array([255., 255., 255.]), text='default text', units='norm', win=Window(...), wrapWidth=2)
9.4474 	EXP 	Created question4_2 = TextStim(__class__=<class 'psychopy.visual.text.TextStim'>, alignHoriz='center', alignVert='center', antialias=True, autoLog=True, bold=False, color='white', colorSpace='named', contrast=1.0, depth=-4.0, flipHoriz=False, flipVert=False, font='Arial', fontFiles=[], height=0.1, italic=False, languageStyle='LTR', name='question4_2', opacity=1.0, ori=0, pos=array([ 0.  , -0.12]), rgb=array([255., 255., 255.]), text='default text', units='norm', win=Window(...), wrapWidth=2)
9.4533 	EXP 	Created question5_2 = TextStim(__class__=<class 'psychopy.visual.text.TextStim'>, alignHoriz='center', alignVert='center', antialias=True, autoLog=True, bold=False, color='white', colorSpace='named', contrast=1.0, depth=-5.0, flipHoriz=False, flipVert=False, font='Arial', fontFiles=[], height=0.1, italic=False, languageStyle='LTR', name='question5_2', opacity=1.0, ori=0, pos=array([ 0.  , -0.35]), rgb=array([255., 255., 255.]), text='default text', units='norm', win=Window(...), wrapWidth=2)
9.4626 	EXP 	Created question6_2 = TextStim(__class__=<class 'psychopy.visual.text.TextStim'>, alignHoriz='center', alignVert='center', antialias=True, autoLog=True, bold=False, color='white', colorSpace='named', contrast=1.0, depth=-6.0, flipHoriz=False, flipVert=False, font='Arial', fontFiles=[], height=0.1, italic=False, languageStyle='LTR', name='question6_2', opacity=1.0, ori=0, pos=array([ 0. , -0.6]), rgb=array([255., 255., 255.]), text='default text', units='norm', win=Window(...), wrapWidth=2)
9.4652 	EXP 	Created image_3 = ImageStim(__class__=<class 'psychopy.visual.image.ImageStim'>, autoLog=True, color=array([1., 1., 1.]), colorSpace='rgb', contrast=1.0, depth=-8.0, flipHoriz=False, flipVert=False, image='sin', interpolate=True, mask=None, maskParams=None, name='image_3', opacity=1.0, ori=0.0, pos=array([ 0.  , -0.85]), size=array([0.25 , 0.125]), texRes=128, units='norm', win=Window(...))
9.4726 	EXP 	Created text_3 = TextStim(__class__=<class 'psychopy.visual.text.TextStim'>, alignHoriz='center', alignVert='center', antialias=True, autoLog=True, bold=False, color='white', colorSpace='named', contrast=1.0, depth=0.0, flipHoriz=False, flipVert=False, font='Arial', fontFiles=[], height=0.1, italic=False, languageStyle='LTR', name='text_3', opacity=1.0, ori=0, pos=array([0., 0.]), rgb=array([255., 255., 255.]), text='Final Tests', units='norm', win=Window(...), wrapWidth=1)
9.4745 	EXP 	Created image_2 = ImageStim(__class__=<class 'psychopy.visual.image.ImageStim'>, autoLog=True, color=array([1., 1., 1.]), colorSpace='rgb', contrast=1.0, depth=0.0, flipHoriz=False, flipVert=False, image='sin', interpolate=True, mask=None, maskParams=None, name='image_2', opacity=1.0, ori=0.0, pos=array([0., 0.]), size=array([0.5, 0.5]), texRes=128, units='norm', win=Window(...))
9.4794 	EXP 	Created text_4 = TextStim(__class__=<class 'psychopy.visual.text.TextStim'>, alignHoriz='center', alignVert='center', antialias=True, autoLog=True, bold=False, color='white', colorSpace='named', contrast=1.0, depth=-2.0, flipHoriz=False, flipVert=False, font='Arial', fontFiles=[], height=0.1, italic=False, languageStyle='LTR', name='text_4', opacity=1.0, ori=0, pos=array([ 0. , -0.5]), rgb=array([255., 255., 255.]), text='default text', units='norm', win=Window(...), wrapWidth=1)
9.4842 	EXP 	Created question1_3 = TextStim(__class__=<class 'psychopy.visual.text.TextStim'>, alignHoriz='center', alignVert='center', antialias=True, autoLog=True, bold=False, color='white', colorSpace='named', contrast=1.0, depth=-1.0, flipHoriz=False, flipVert=False, font='Arial', fontFiles=[], height=0.1, italic=False, languageStyle='LTR', name='question1_3', opacity=1.0, ori=0, pos=array([0. , 0.6]), rgb=array([255., 255., 255.]), text='default text', units='norm', win=Window(...), wrapWidth=2)
9.4931 	EXP 	Created question2_3 = TextStim(__class__=<class 'psychopy.visual.text.TextStim'>, alignHoriz='center', alignVert='center', antialias=True, autoLog=True, bold=False, color='white', colorSpace='named', contrast=1.0, depth=-2.0, flipHoriz=False, flipVert=False, font='Arial', fontFiles=[], height=0.1, italic=False, languageStyle='LTR', name='question2_3', opacity=1.0, ori=0, pos=array([0.  , 0.35]), rgb=array([255., 255., 255.]), text='default text', units='norm', win=Window(...), wrapWidth=2)
9.4996 	EXP 	Created question3_3 = TextStim(__class__=<class 'psychopy.visual.text.TextStim'>, alignHoriz='center', alignVert='center', antialias=True, autoLog=True, bold=False, color='white', colorSpace='named', contrast=1.0, depth=-3.0, flipHoriz=False, flipVert=False, font='Arial', fontFiles=[], height=0.1, italic=False, languageStyle='LTR', name='question3_3', opacity=1.0, ori=0, pos=array([0.  , 0.12]), rgb=array([255., 255., 255.]), text='default text', units='norm', win=Window(...), wrapWidth=2)
9.5046 	EXP 	Created question4_3 = TextStim(__class__=<class 'psychopy.visual.text.TextStim'>, alignHoriz='center', alignVert='center', antialias=True, autoLog=True, bold=False, color='white', colorSpace='named', contrast=1.0, depth=-4.0, flipHoriz=False, flipVert=False, font='Arial', fontFiles=[], height=0.1, italic=False, languageStyle='LTR', name='question4_3', opacity=1.0, ori=0, pos=array([ 0.  , -0.12]), rgb=array([255., 255., 255.]), text='default text', units='norm', win=Window(...), wrapWidth=2)
9.5106 	EXP 	Created question5_3 = TextStim(__class__=<class 'psychopy.visual.text.TextStim'>, alignHoriz='center', alignVert='center', antialias=True, autoLog=True, bold=False, color='white', colorSpace='named', contrast=1.0, depth=-5.0, flipHoriz=False, flipVert=False, font='Arial', fontFiles=[], height=0.1, italic=False, languageStyle='LTR', name='question5_3', opacity=1.0, ori=0, pos=array([ 0.  , -0.35]), rgb=array([255., 255., 255.]), text='default text', units='norm', win=Window(...), wrapWidth=2)
9.5155 	EXP 	Created question6_3 = TextStim(__class__=<class 'psychopy.visual.text.TextStim'>, alignHoriz='center', alignVert='center', antialias=True, autoLog=True, bold=False, color='white', colorSpace='named', contrast=1.0, depth=-6.0, flipHoriz=False, flipVert=False, font='Arial', fontFiles=[], height=0.1, italic=False, languageStyle='LTR', name='question6_3', opacity=1.0, ori=0, pos=array([ 0. , -0.6]), rgb=array([255., 255., 255.]), text='default text', units='norm', win=Window(...), wrapWidth=2)
9.5174 	EXP 	Created image_4 = ImageStim(__class__=<class 'psychopy.visual.image.ImageStim'>, autoLog=True, color=array([1., 1., 1.]), colorSpace='rgb', contrast=1.0, depth=-8.0, flipHoriz=False, flipVert=False, image='sin', interpolate=True, mask=None, maskParams=None, name='image_4', opacity=1.0, ori=0.0, pos=array([ 0.  , -0.85]), size=array([0.25 , 0.125]), texRes=128, units='norm', win=Window(...))
9.5224 	EXP 	Created text_6 = TextStim(__class__=<class 'psychopy.visual.text.TextStim'>, alignHoriz='center', alignVert='center', antialias=True, autoLog=True, bold=False, color='white', colorSpace='named', contrast=1.0, depth=-1.0, flipHoriz=False, flipVert=False, font='Arial', fontFiles=[], height=0.1, italic=False, languageStyle='LTR', name='text_6', opacity=1.0, ori=0, pos=array([0., 0.]), rgb=array([255., 255., 255.]), text='default text', units='norm', win=Window(...), wrapWidth=1)
9.5283 	EXP 	Created text = TextStim(__class__=<class 'psychopy.visual.text.TextStim'>, alignHoriz='center', alignVert='center', antialias=True, autoLog=True, bold=False, color='white', colorSpace='named', contrast=1.0, depth=0.0, flipHoriz=False, flipVert=False, font='Arial', fontFiles=[], height=0.1, italic=False, languageStyle='LTR', name='text', opacity=1.0, ori=0, pos=array([0., 0.]), rgb=array([255., 255., 255.]), text='end of introduction', units='norm', win=Window(...), wrapWidth=1)
9.5563 	EXP 	Imported instructions.xlsx as conditions, 8 conditions, 2 params
9.5566 	EXP 	Created sequence: sequential, trialTypes=8, nReps=1, seed=None
9.5569 	EXP 	New trial (rep=0, index=0): OrderedDict([('instruct_text', 'Welcome to the Job Simulator Task!'), ('this_pic', 'instructions_photos/pixel.png')])
9.6919 	EXP 	welcome_2: text = 'Welcome to the Job Simulator Task!'
9.6919 	EXP 	image_10: image = 'instructions_photos/pixel.png'
9.6919 	EXP 	welcome_2: autoDraw = True
9.6919 	EXP 	image_10: autoDraw = True
10.1292 	DATA 	Keypress: space
10.1319 	EXP 	New trial (rep=0, index=1): OrderedDict([('instruct_text', 'In this task, you’ll first be introduced to the perspectives of 8 different jobs. '), ('this_pic', 'instructions_photos/i1.png')])
10.5579 	EXP 	welcome_2: autoDraw = False
10.5579 	EXP 	image_10: autoDraw = False
10.5579 	EXP 	welcome_2: text = 'In this task, you’ll first be introduced to the perspectives of 8 different jobs. '
10.5579 	EXP 	image_10: image = 'instructions_photos/i1.png'
10.5579 	EXP 	welcome_2: autoDraw = True
10.5579 	EXP 	image_10: autoDraw = True
10.6113 	DATA 	Keypress: space
10.6138 	EXP 	New trial (rep=0, index=2): OrderedDict([('instruct_text', 'You’ll then learn 4 questions associated with each perspective. '), ('this_pic', 'instructions_photos/i2.png')])
10.9254 	EXP 	welcome_2: autoDraw = False
10.9254 	EXP 	image_10: autoDraw = False
10.9254 	EXP 	welcome_2: text = 'You’ll then learn 4 questions associated with each perspective. '
10.9254 	EXP 	image_10: image = 'instructions_photos/i2.png'
10.9254 	EXP 	welcome_2: autoDraw = True
10.9254 	EXP 	image_10: autoDraw = True
11.1944 	DATA 	Keypress: space
11.1967 	EXP 	New trial (rep=0, index=3): OrderedDict([('instruct_text', 'Subsequently, you will be asked to apply those perspectives and questions to 8 stories.'), ('this_pic', 'instructions_photos/i3.png')])
11.4921 	EXP 	welcome_2: autoDraw = False
11.4921 	EXP 	image_10: autoDraw = False
11.4921 	EXP 	welcome_2: text = 'Subsequently, you will be asked to apply those perspectives and questions to 8 stories.'
11.4921 	EXP 	image_10: image = 'instructions_photos/i3.png'
11.4921 	EXP 	welcome_2: autoDraw = True
11.4921 	EXP 	image_10: autoDraw = True
12.7110 	DATA 	Keypress: space
12.7134 	EXP 	New trial (rep=0, index=4): OrderedDict([('instruct_text', 'For each story you read, you will be asked to assume one of the perspectives. '), ('this_pic', 'instructions_photos/i3.png')])
12.9921 	EXP 	welcome_2: autoDraw = False
12.9921 	EXP 	image_10: autoDraw = False
12.9921 	EXP 	welcome_2: text = 'For each story you read, you will be asked to assume one of the perspectives. '
12.9921 	EXP 	image_10: image = 'instructions_photos/i3.png'
12.9921 	EXP 	welcome_2: autoDraw = True
12.9921 	EXP 	image_10: autoDraw = True
13.3946 	DATA 	Keypress: space
13.3970 	EXP 	New trial (rep=0, index=5): OrderedDict([('instruct_text', 'While reading, try to remember the perspective and the questions of that perspective. '), ('this_pic', 'instructions_photos/i3.png')])
13.6922 	EXP 	welcome_2: autoDraw = False
13.6922 	EXP 	image_10: autoDraw = False
13.6922 	EXP 	welcome_2: text = 'While reading, try to remember the perspective and the questions of that perspective. '
13.6922 	EXP 	image_10: image = 'instructions_photos/i3.png'
13.6922 	EXP 	welcome_2: autoDraw = True
13.6922 	EXP 	image_10: autoDraw = True
13.9443 	DATA 	Keypress: space
13.9466 	EXP 	New trial (rep=0, index=6): OrderedDict([('instruct_text', 'After you’re finished reading all the stories, you will be asked to recall the stories and answer questions about them. '), ('this_pic', 'instructions_photos/i4.png')])
14.3248 	EXP 	welcome_2: autoDraw = False
14.3248 	EXP 	image_10: autoDraw = False
14.3248 	EXP 	welcome_2: text = 'After you’re finished reading all the stories, you will be asked to recall the stories and answer questions about them. '
14.3248 	EXP 	image_10: image = 'instructions_photos/i4.png'
14.3248 	EXP 	welcome_2: autoDraw = True
14.3248 	EXP 	image_10: autoDraw = True
14.4444 	DATA 	Keypress: space
14.4467 	EXP 	New trial (rep=0, index=7): OrderedDict([('instruct_text', 'Let’s begin! The 8 perspectives are as follows:'), ('this_pic', None)])
14.4757 	EXP 	welcome_2: autoDraw = False
14.4757 	EXP 	image_10: autoDraw = False
14.4757 	EXP 	welcome_2: text = 'Let’s begin! The 8 perspectives are as follows:'
14.4757 	EXP 	image_10: image = None
14.4757 	EXP 	welcome_2: autoDraw = True
14.4757 	EXP 	image_10: autoDraw = True
15.1114 	DATA 	Keypress: space
15.1333 	EXP 	Imported jobsPics.xlsx as conditions, 8 conditions, 2 params
15.1339 	EXP 	Created sequence: random, trialTypes=8, nReps=1, seed=None
15.1343 	EXP 	New trial (rep=0, index=0): OrderedDict([('rolePic', 'jobphotos/matchmaker.jpg'), ('job', 'Matchmaker')])
15.1924 	EXP 	welcome_2: autoDraw = False
15.1924 	EXP 	image_10: autoDraw = False
15.1924 	EXP 	image: image = 'jobphotos/matchmaker.jpg'
15.1924 	EXP 	text_2: text = 'Matchmaker'
15.1924 	EXP 	image: autoDraw = True
15.1924 	EXP 	text_2: autoDraw = True
15.5446 	DATA 	Keypress: space
15.5471 	EXP 	New trial (rep=0, index=1): OrderedDict([('rolePic', 'jobphotos/restaurant_critic.jpg'), ('job', 'Restaurant Critic')])
15.6090 	EXP 	image: autoDraw = False
15.6090 	EXP 	text_2: autoDraw = False
15.6090 	EXP 	image: image = 'jobphotos/restaurant_critic.jpg'
15.6090 	EXP 	text_2: text = 'Restaurant Critic'
15.6090 	EXP 	image: autoDraw = True
15.6090 	EXP 	text_2: autoDraw = True
16.0454 	DATA 	Keypress: space
16.0616 	EXP 	New trial (rep=0, index=2): OrderedDict([('rolePic', 'jobphotos/weddingplanner.jpg'), ('job', 'Wedding Planner')])
16.1258 	EXP 	image: autoDraw = False
16.1258 	EXP 	text_2: autoDraw = False
16.1258 	EXP 	image: image = 'jobphotos/weddingplanner.jpg'
16.1258 	EXP 	text_2: text = 'Wedding Planner'
16.1258 	EXP 	image: autoDraw = True
16.1258 	EXP 	text_2: autoDraw = True
16.5949 	DATA 	Keypress: space
16.5972 	EXP 	New trial (rep=0, index=3): OrderedDict([('rolePic', 'jobphotos/dean.jpg'), ('job', 'Dean of Academic Studies')])
16.6590 	EXP 	image: autoDraw = False
16.6590 	EXP 	text_2: autoDraw = False
16.6590 	EXP 	image: image = 'jobphotos/dean.jpg'
16.6590 	EXP 	text_2: text = 'Dean of Academic Studies'
16.6590 	EXP 	image: autoDraw = True
16.6590 	EXP 	text_2: autoDraw = True
17.1783 	DATA 	Keypress: space
17.1806 	EXP 	New trial (rep=0, index=4): OrderedDict([('rolePic', 'jobphotos/couples.jpeg'), ('job', 'Couples Therapist\n')])
17.1809 	WARNING 	Requested image 'jobphotos/couples.jpeg' not found but similar filename 'jobphotos/couples.jpg' exists. This will be used instead but changing the filename is advised.
17.2423 	EXP 	image: autoDraw = False
17.2423 	EXP 	text_2: autoDraw = False
17.2423 	EXP 	image: image = 'jobphotos/couples.jpeg'
17.2423 	EXP 	text_2: text = 'Couples Therapist\n'
17.2423 	EXP 	image: autoDraw = True
17.2423 	EXP 	text_2: autoDraw = True
17.7116 	DATA 	Keypress: space
17.7140 	EXP 	New trial (rep=0, index=5): OrderedDict([('rolePic', 'jobphotos/business_reporter.jpg'), ('job', 'Business Reporter')])
17.7758 	EXP 	image: autoDraw = False
17.7758 	EXP 	text_2: autoDraw = False
17.7758 	EXP 	image: image = 'jobphotos/business_reporter.jpg'
17.7758 	EXP 	text_2: text = 'Business Reporter'
17.7758 	EXP 	image: autoDraw = True
17.7758 	EXP 	text_2: autoDraw = True
18.1616 	DATA 	Keypress: space
18.1639 	EXP 	New trial (rep=0, index=6): OrderedDict([('rolePic', 'jobphotos/acem.jpg'), ('job', 'Airport Customer Experience Manager')])
18.2258 	EXP 	image: autoDraw = False
18.2258 	EXP 	text_2: autoDraw = False
18.2258 	EXP 	image: image = 'jobphotos/acem.jpg'
18.2258 	EXP 	text_2: text = 'Airport Customer Experience Manager'
18.2258 	EXP 	image: autoDraw = True
18.2258 	EXP 	text_2: autoDraw = True
18.5950 	DATA 	Keypress: space
18.5974 	EXP 	New trial (rep=0, index=7): OrderedDict([('rolePic', 'jobphotos/gscem.jpg'), ('job', 'Grocery Store Customer Experience Manager\n')])
18.6586 	EXP 	image: autoDraw = False
18.6586 	EXP 	text_2: autoDraw = False
18.6586 	EXP 	image: image = 'jobphotos/gscem.jpg'
18.6586 	EXP 	text_2: text = 'Grocery Store Customer Experience Manager\n'
18.6586 	EXP 	image: autoDraw = True
18.6586 	EXP 	text_2: autoDraw = True
19.0122 	DATA 	Keypress: space
19.0466 	EXP 	Imported instructions2.xlsx as conditions, 6 conditions, 2 params
19.0470 	EXP 	Created sequence: sequential, trialTypes=6, nReps=1, seed=None
19.0474 	EXP 	New trial (rep=0, index=0): OrderedDict([('instruct_text', 'Each of these perspectives will be applied to one story. '), ('instruct_text2', '(press space to continue)')])
19.0926 	EXP 	image: autoDraw = False
19.0926 	EXP 	text_2: autoDraw = False
19.0926 	EXP 	welcome: text = 'Each of these perspectives will be applied to one story. '
19.0926 	EXP 	text_12: text = '(press space to continue)'
19.0926 	EXP 	welcome: autoDraw = True
19.0926 	EXP 	text_12: autoDraw = True
19.8116 	DATA 	Keypress: space
19.8142 	EXP 	New trial (rep=0, index=1): OrderedDict([('instruct_text', 'Each perspective has 4 questions, and you will answer these questions about each story.'), ('instruct_text2', None)])
19.8594 	EXP 	welcome: autoDraw = False
19.8594 	EXP 	text_12: autoDraw = False
19.8594 	EXP 	welcome: text = 'Each perspective has 4 questions, and you will answer these questions about each story.'
19.8594 	EXP 	text_12: text = '(press space to continue)'
19.8594 	EXP 	welcome: autoDraw = True
19.8594 	EXP 	text_12: autoDraw = True
20.2142 	DATA 	Keypress: space
20.2283 	EXP 	New trial (rep=0, index=2): OrderedDict([('instruct_text', 'You’ll answer these questions about each story after reading all 8 stories. '), ('instruct_text2', None)])
20.2594 	EXP 	welcome: autoDraw = False
20.2594 	EXP 	text_12: autoDraw = False
20.2594 	EXP 	welcome: text = 'You’ll answer these questions about each story after reading all 8 stories. '
20.2594 	EXP 	text_12: text = '(press space to continue)'
20.2594 	EXP 	welcome: autoDraw = True
20.2594 	EXP 	text_12: autoDraw = True
20.5951 	DATA 	Keypress: space
20.5974 	EXP 	New trial (rep=0, index=3): OrderedDict([('instruct_text', 'You’ll learn these questions with a series of pre-task quizzes and then the story reading will begin.'), ('instruct_text2', None)])
20.6425 	EXP 	welcome: autoDraw = False
20.6425 	EXP 	text_12: autoDraw = False
20.6425 	EXP 	welcome: text = 'You’ll learn these questions with a series of pre-task quizzes and then the story reading will begin.'
20.6425 	EXP 	text_12: text = '(press space to continue)'
20.6425 	EXP 	welcome: autoDraw = True
20.6425 	EXP 	text_12: autoDraw = True
20.9448 	DATA 	Keypress: space
20.9472 	EXP 	New trial (rep=0, index=4): OrderedDict([('instruct_text', 'Once the story-reading task has begun, remember your answers to the questions for each story.'), ('instruct_text2', None)])
20.9927 	EXP 	welcome: autoDraw = False
20.9927 	EXP 	text_12: autoDraw = False
20.9927 	EXP 	welcome: text = 'Once the story-reading task has begun, remember your answers to the questions for each story.'
20.9927 	EXP 	text_12: text = '(press space to continue)'
20.9927 	EXP 	welcome: autoDraw = True
20.9927 	EXP 	text_12: autoDraw = True
21.2451 	DATA 	Keypress: space
21.2618 	EXP 	New trial (rep=0, index=5): OrderedDict([('instruct_text', 'Press the space bar to begin learning the perspectives and the questions for each one.'), ('instruct_text2', None)])
21.3093 	EXP 	welcome: autoDraw = False
21.3093 	EXP 	text_12: autoDraw = False
21.3093 	EXP 	welcome: text = 'Press the space bar to begin learning the perspectives and the questions for each one.'
21.3093 	EXP 	text_12: text = '(press space to continue)'
21.3093 	EXP 	welcome: autoDraw = True
21.3093 	EXP 	text_12: autoDraw = True
21.5617 	DATA 	Keypress: space
21.5870 	EXP 	Imported whichRole.xlsx as conditions, 8 conditions, 8 params
21.5874 	EXP 	Created sequence: random, trialTypes=8, nReps=1, seed=None
21.5879 	EXP 	New trial (rep=0, index=0): OrderedDict([('Q1', 'How does the person who proposed feel before proposing?\n'), ('Q2', 'What is the ring like?\n'), ('Q3', 'Does anyone help with the proposal?\n'), ('Q4', 'Who witnessed the “yes”?\n'), ('D1', 'Is anyone taking pictures of the proposal?'), ('D2', 'How long does the proposal take?'), ('roleName', 'Wedding Planner'), ('rolePic', 'jobphotos/weddingplanner.jpg')])
21.5882 	EXP 	Created sequence: sequential, trialTypes=1, nReps=5, seed=None
21.5884 	EXP 	New trial (rep=0, index=0): None
21.6425 	EXP 	welcome: autoDraw = False
21.6425 	EXP 	text_12: autoDraw = False
21.6425 	EXP 	text_18: text = 'Wedding Planner'
21.6425 	EXP 	image_9: image = 'jobphotos/weddingplanner.jpg'
21.6425 	EXP 	text_18: autoDraw = True
21.6425 	EXP 	image_9: autoDraw = True
22.1449 	DATA 	Keypress: space
22.2094 	EXP 	text_18: autoDraw = False
22.2094 	EXP 	image_9: autoDraw = False
22.2094 	EXP 	text_8: text = 'A: How does the person who proposed feel before proposing?\n'
22.2094 	EXP 	text_9: text = 'Wedding Planner'
22.2094 	EXP 	image_5: image = 'jobphotos/weddingplanner.jpg'
22.2094 	EXP 	text_8: autoDraw = True
22.2094 	EXP 	text_9: autoDraw = True
22.2094 	EXP 	image_5: autoDraw = True
22.5785 	DATA 	Keypress: space
22.6261 	EXP 	text_8: autoDraw = False
22.6261 	EXP 	text_9: autoDraw = False
22.6261 	EXP 	image_5: autoDraw = False
22.6261 	EXP 	text_10: text = 'B: What is the ring like?\n'
22.6261 	EXP 	text_11: text = 'Wedding Planner'
22.6261 	EXP 	image_6: image = 'jobphotos/weddingplanner.jpg'
22.6261 	EXP 	text_10: autoDraw = True
22.6261 	EXP 	text_11: autoDraw = True
22.6261 	EXP 	image_6: autoDraw = True
22.8617 	DATA 	Keypress: space
22.9257 	EXP 	text_10: autoDraw = False
22.9257 	EXP 	text_11: autoDraw = False
22.9257 	EXP 	image_6: autoDraw = False
22.9257 	EXP 	text_13: text = 'C: Does anyone help with the proposal?\n'
22.9257 	EXP 	text_14: text = 'Wedding Planner'
22.9257 	EXP 	image_7: image = 'jobphotos/weddingplanner.jpg'
22.9257 	EXP 	text_13: autoDraw = True
22.9257 	EXP 	text_14: autoDraw = True
22.9257 	EXP 	image_7: autoDraw = True
23.0952 	DATA 	Keypress: space
23.1594 	EXP 	text_13: autoDraw = False
23.1594 	EXP 	text_14: autoDraw = False
23.1594 	EXP 	image_7: autoDraw = False
23.1594 	EXP 	text_15: text = 'D: Who witnessed the “yes”?\n'
23.1594 	EXP 	text_16: text = 'Wedding Planner'
23.1594 	EXP 	image_8: image = 'jobphotos/weddingplanner.jpg'
23.1594 	EXP 	text_15: autoDraw = True
23.1594 	EXP 	text_16: autoDraw = True
23.1594 	EXP 	image_8: autoDraw = True
23.2975 	DATA 	Keypress: space
23.3257 	EXP 	text_15: autoDraw = False
23.3257 	EXP 	text_16: autoDraw = False
23.3257 	EXP 	image_8: autoDraw = False
23.3257 	EXP 	text_5: autoDraw = True
23.7286 	DATA 	Keypress: space
23.7422 	EXP 	Created unnamed ImageStim = ImageStim(__class__=<class 'psychopy.visual.image.ImageStim'>, autoLog=True, color=array([1., 1., 1.]), colorSpace='rgb', contrast=1.0, depth=0, flipHoriz=False, flipVert=False, image='checkmark.png', interpolate=False, mask=None, maskParams=None, name='unnamed ImageStim', opacity=1.0, ori=0.0, pos=array([0., 0.]), size=array([0.48055556, 0.75555556]), texRes=128, units='norm', win=Window(...))
23.7510 	EXP 	Created unnamed ImageStim = ImageStim(__class__=<class 'psychopy.visual.image.ImageStim'>, autoLog=True, color=array([1., 1., 1.]), colorSpace='rgb', contrast=1.0, depth=0, flipHoriz=False, flipVert=False, image='redx.png', interpolate=False, mask=None, maskParams=None, name='unnamed ImageStim', opacity=1.0, ori=0.0, pos=array([0., 0.]), size=array([0.5, 0.8]), texRes=128, units='norm', win=Window(...))
23.7725 	EXP 	Created unnamed ImageStim = ImageStim(__class__=<class 'psychopy.visual.image.ImageStim'>, autoLog=True, color=array([1., 1., 1.]), colorSpace='rgb', contrast=1.0, depth=0, flipHoriz=False, flipVert=False, image='thumbsup.png', interpolate=False, mask=None, maskParams=None, name='unnamed ImageStim', opacity=1.0, ori=0.0, pos=array([0., 0.]), size=array([0.66666667, 1.14      ]), texRes=128, units='norm', win=Window(...))
23.8928 	EXP 	text_5: autoDraw = False
23.8928 	EXP 	question1_2: text = '1: How long does the proposal take?'
23.8928 	EXP 	question2_2: text = '2: What is the ring like?\n'
23.8928 	EXP 	question3_2: text = '3: Who witnessed the “yes”?\n'
23.8928 	EXP 	question4_2: text = '4: Does anyone help with the proposal?\n'
23.8928 	EXP 	question5_2: text = '5: How does the person who proposed feel before proposing?\n'
23.8928 	EXP 	question6_2: text = '6: Is anyone taking pictures of the proposal?'
23.8928 	EXP 	question1_2: autoDraw = True
23.8928 	EXP 	question2_2: autoDraw = True
23.8928 	EXP 	question3_2: autoDraw = True
23.8928 	EXP 	question4_2: autoDraw = True
23.8928 	EXP 	question5_2: autoDraw = True
23.8928 	EXP 	question6_2: autoDraw = True
23.8928 	EXP 	image_3: autoDraw = True
24.6346 	DATA 	Keypress: 2
25.0850 	DATA 	Keypress: 2
25.3542 	DATA 	Keypress: 2
25.5346 	DATA 	Keypress: 2
25.7175 	DATA 	Keypress: 2
25.8842 	DATA 	Keypress: 2
26.2345 	DATA 	Keypress: 3
27.0636 	DATA 	Keypress: escape
27.2262 	DATA 	Keypress: escape
27.5900 	EXP 	window1: mouseVisible = True
