2.2442 	WARNING 	sounddevice audio lib was requested but not loaded: sounddevice not working
8.2505 	WARNING 	User requested fullscreen with size [1024  768], but screen is actually [1440, 900]. Using actual size
8.9542 	EXP 	Created window1 = Window(allowGUI=False, allowStencil=False, args=UNKNOWN, autoLog=True, bitsMode=UNKNOWN, blendMode='avg', color=array([0., 0., 0.]), colorSpace='rgb', fullscr=<method-wrapper '__getattribute__' of attributeSetter object at 0x10e4d1da0>, gamma=None, kwargs=UNKNOWN, lms=UNKNOWN, monitor=<psychopy.monitors.calibTools.Monitor object at 0x1121a9860>, multiSample=False, name='window1', numSamples=2, pos=[0.0, 0.0], screen=0, size=array([1440,  900]), stereo=False, units='norm', useFBO=True, useRetina=False, viewOri=0.0, viewPos=None, viewScale=None, waitBlanking=True, winType='pyglet')
8.9542 	EXP 	window1: recordFrameIntervals = False
9.1205 	EXP 	window1: recordFrameIntervals = True
9.3039 	EXP 	window1: recordFrameIntervals = False
9.4523 	EXP 	Created welcome_2 = TextStim(__class__=<class 'psychopy.visual.text.TextStim'>, alignHoriz='center', alignVert='center', antialias=True, autoLog=True, bold=False, color='white', colorSpace='named', contrast=1.0, depth=0.0, flipHoriz=False, flipVert=False, font='Arial', fontFiles=[], height=0.1, italic=False, languageStyle='LTR', name='welcome_2', opacity=1.0, ori=0, pos=array([0. , 0.7]), rgb=array([255., 255., 255.]), text='default text', units='norm', win=Window(...), wrapWidth=1)
9.4546 	EXP 	Created image_10 = ImageStim(__class__=<class 'psychopy.visual.image.ImageStim'>, autoLog=True, color=array([1., 1., 1.]), colorSpace='rgb', contrast=1.0, depth=-3.0, flipHoriz=False, flipVert=False, image='sin', interpolate=True, mask=None, maskParams=None, name='image_10', opacity=1.0, ori=0.0, pos=array([ 0. , -0.3]), size=array([1.5, 1. ]), texRes=128, units='norm', win=Window(...))
9.4567 	EXP 	Created image = ImageStim(__class__=<class 'psychopy.visual.image.ImageStim'>, autoLog=True, color=array([1., 1., 1.]), colorSpace='rgb', contrast=1.0, depth=0.0, flipHoriz=False, flipVert=False, image='sin', interpolate=True, mask=None, maskParams=None, name='image', opacity=1.0, ori=0.0, pos=array([0., 0.]), size=array([0.75, 0.75]), texRes=128, units='norm', win=Window(...))
9.4616 	EXP 	Created text_2 = TextStim(__class__=<class 'psychopy.visual.text.TextStim'>, alignHoriz='center', alignVert='center', antialias=True, autoLog=True, bold=False, color='white', colorSpace='named', contrast=1.0, depth=-2.0, flipHoriz=False, flipVert=False, font='Arial', fontFiles=[], height=0.1, italic=False, languageStyle='LTR', name='text_2', opacity=1.0, ori=0, pos=array([ 0. , -0.6]), rgb=array([255., 255., 255.]), text='default text', units='norm', win=Window(...), wrapWidth=1)
9.4703 	EXP 	Created welcome = TextStim(__class__=<class 'psychopy.visual.text.TextStim'>, alignHoriz='center', alignVert='center', antialias=True, autoLog=True, bold=False, color='white', colorSpace='named', contrast=1.0, depth=0.0, flipHoriz=False, flipVert=False, font='Arial', fontFiles=[], height=0.1, italic=False, languageStyle='LTR', name='welcome', opacity=1.0, ori=0, pos=array([0., 0.]), rgb=array([255., 255., 255.]), text='default text', units='norm', win=Window(...), wrapWidth=1)
9.4769 	EXP 	Created text_12 = TextStim(__class__=<class 'psychopy.visual.text.TextStim'>, alignHoriz='center', alignVert='center', antialias=True, autoLog=True, bold=False, color='white', colorSpace='named', contrast=1.0, depth=-2.0, flipHoriz=False, flipVert=False, font='Arial', fontFiles=[], height=0.1, italic=False, languageStyle='LTR', name='text_12', opacity=1.0, ori=0, pos=array([ 0. , -0.6]), rgb=array([255., 255., 255.]), text='default text', units='norm', win=Window(...), wrapWidth=1)
9.4818 	EXP 	Created text_18 = TextStim(__class__=<class 'psychopy.visual.text.TextStim'>, alignHoriz='center', alignVert='center', antialias=True, autoLog=True, bold=False, color='white', colorSpace='named', contrast=1.0, depth=0.0, flipHoriz=False, flipVert=False, font='Arial', fontFiles=[], height=0.1, italic=False, languageStyle='LTR', name='text_18', opacity=1.0, ori=0, pos=array([-0.4 ,  0.25]), rgb=array([255., 255., 255.]), text='default text', units='norm', win=Window(...), wrapWidth=0.5)
9.4839 	EXP 	Created image_9 = ImageStim(__class__=<class 'psychopy.visual.image.ImageStim'>, autoLog=True, color=array([1., 1., 1.]), colorSpace='rgb', contrast=1.0, depth=-1.0, flipHoriz=False, flipVert=False, image='sin', interpolate=True, mask=None, maskParams=None, name='image_9', opacity=1.0, ori=0.0, pos=array([0.25, 0.25]), size=array([0.75, 0.75]), texRes=128, units='norm', win=Window(...))
9.4892 	EXP 	Created text_8 = TextStim(__class__=<class 'psychopy.visual.text.TextStim'>, alignHoriz='center', alignVert='center', antialias=True, autoLog=True, bold=False, color='white', colorSpace='named', contrast=1.0, depth=0.0, flipHoriz=False, flipVert=False, font='Arial', fontFiles=[], height=0.1, italic=False, languageStyle='LTR', name='text_8', opacity=1.0, ori=0, pos=array([ 0. , -0.4]), rgb=array([255., 255., 255.]), text='default text', units='norm', win=Window(...), wrapWidth=1)
9.4939 	EXP 	Created text_9 = TextStim(__class__=<class 'psychopy.visual.text.TextStim'>, alignHoriz='center', alignVert='center', antialias=True, autoLog=True, bold=False, color='white', colorSpace='named', contrast=1.0, depth=-1.0, flipHoriz=False, flipVert=False, font='Arial', fontFiles=[], height=0.1, italic=False, languageStyle='LTR', name='text_9', opacity=1.0, ori=0, pos=array([-0.4 ,  0.25]), rgb=array([255., 255., 255.]), text='default text', units='norm', win=Window(...), wrapWidth=0.5)
9.4960 	EXP 	Created image_5 = ImageStim(__class__=<class 'psychopy.visual.image.ImageStim'>, autoLog=True, color=array([1., 1., 1.]), colorSpace='rgb', contrast=1.0, depth=-2.0, flipHoriz=False, flipVert=False, image='sin', interpolate=True, mask=None, maskParams=None, name='image_5', opacity=1.0, ori=0.0, pos=array([0.25, 0.25]), size=array([0.75, 0.75]), texRes=128, units='norm', win=Window(...))
9.5008 	EXP 	Created text_10 = TextStim(__class__=<class 'psychopy.visual.text.TextStim'>, alignHoriz='center', alignVert='center', antialias=True, autoLog=True, bold=False, color='white', colorSpace='named', contrast=1.0, depth=0.0, flipHoriz=False, flipVert=False, font='Arial', fontFiles=[], height=0.1, italic=False, languageStyle='LTR', name='text_10', opacity=1.0, ori=0, pos=array([ 0. , -0.4]), rgb=array([255., 255., 255.]), text='default text', units='norm', win=Window(...), wrapWidth=1)
9.5057 	EXP 	Created text_11 = TextStim(__class__=<class 'psychopy.visual.text.TextStim'>, alignHoriz='center', alignVert='center', antialias=True, autoLog=True, bold=False, color='white', colorSpace='named', contrast=1.0, depth=-1.0, flipHoriz=False, flipVert=False, font='Arial', fontFiles=[], height=0.1, italic=False, languageStyle='LTR', name='text_11', opacity=1.0, ori=0, pos=array([-0.4 ,  0.25]), rgb=array([255., 255., 255.]), text='default text', units='norm', win=Window(...), wrapWidth=0.5)
9.5081 	EXP 	Created image_6 = ImageStim(__class__=<class 'psychopy.visual.image.ImageStim'>, autoLog=True, color=array([1., 1., 1.]), colorSpace='rgb', contrast=1.0, depth=-2.0, flipHoriz=False, flipVert=False, image='sin', interpolate=True, mask=None, maskParams=None, name='image_6', opacity=1.0, ori=0.0, pos=array([0.25, 0.25]), size=array([0.75, 0.75]), texRes=128, units='norm', win=Window(...))
9.5132 	EXP 	Created text_13 = TextStim(__class__=<class 'psychopy.visual.text.TextStim'>, alignHoriz='center', alignVert='center', antialias=True, autoLog=True, bold=False, color='white', colorSpace='named', contrast=1.0, depth=0.0, flipHoriz=False, flipVert=False, font='Arial', fontFiles=[], height=0.1, italic=False, languageStyle='LTR', name='text_13', opacity=1.0, ori=0, pos=array([ 0. , -0.4]), rgb=array([255., 255., 255.]), text='default text', units='norm', win=Window(...), wrapWidth=1)
9.5197 	EXP 	Created text_14 = TextStim(__class__=<class 'psychopy.visual.text.TextStim'>, alignHoriz='center', alignVert='center', antialias=True, autoLog=True, bold=False, color='white', colorSpace='named', contrast=1.0, depth=-1.0, flipHoriz=False, flipVert=False, font='Arial', fontFiles=[], height=0.1, italic=False, languageStyle='LTR', name='text_14', opacity=1.0, ori=0, pos=array([-0.4 ,  0.25]), rgb=array([255., 255., 255.]), text='default text', units='norm', win=Window(...), wrapWidth=0.5)
9.5235 	EXP 	Created image_7 = ImageStim(__class__=<class 'psychopy.visual.image.ImageStim'>, autoLog=True, color=array([1., 1., 1.]), colorSpace='rgb', contrast=1.0, depth=-2.0, flipHoriz=False, flipVert=False, image='sin', interpolate=True, mask=None, maskParams=None, name='image_7', opacity=1.0, ori=0.0, pos=array([0.25, 0.25]), size=array([0.75, 0.75]), texRes=128, units='norm', win=Window(...))
9.5306 	EXP 	Created text_15 = TextStim(__class__=<class 'psychopy.visual.text.TextStim'>, alignHoriz='center', alignVert='center', antialias=True, autoLog=True, bold=False, color='white', colorSpace='named', contrast=1.0, depth=0.0, flipHoriz=False, flipVert=False, font='Arial', fontFiles=[], height=0.1, italic=False, languageStyle='LTR', name='text_15', opacity=1.0, ori=0, pos=array([ 0. , -0.4]), rgb=array([255., 255., 255.]), text='default text', units='norm', win=Window(...), wrapWidth=1)
9.5367 	EXP 	Created text_16 = TextStim(__class__=<class 'psychopy.visual.text.TextStim'>, alignHoriz='center', alignVert='center', antialias=True, autoLog=True, bold=False, color='white', colorSpace='named', contrast=1.0, depth=-1.0, flipHoriz=False, flipVert=False, font='Arial', fontFiles=[], height=0.1, italic=False, languageStyle='LTR', name='text_16', opacity=1.0, ori=0, pos=array([-0.4 ,  0.25]), rgb=array([255., 255., 255.]), text='default text', units='norm', win=Window(...), wrapWidth=0.5)
9.5404 	EXP 	Created image_8 = ImageStim(__class__=<class 'psychopy.visual.image.ImageStim'>, autoLog=True, color=array([1., 1., 1.]), colorSpace='rgb', contrast=1.0, depth=-2.0, flipHoriz=False, flipVert=False, image='sin', interpolate=True, mask=None, maskParams=None, name='image_8', opacity=1.0, ori=0.0, pos=array([0.25, 0.25]), size=array([0.75, 0.75]), texRes=128, units='norm', win=Window(...))
9.5605 	EXP 	Created text_5 = TextStim(__class__=<class 'psychopy.visual.text.TextStim'>, alignHoriz='center', alignVert='center', antialias=True, autoLog=True, bold=False, color='white', colorSpace='named', contrast=1.0, depth=0.0, flipHoriz=False, flipVert=False, font='Arial', fontFiles=[], height=0.1, italic=False, languageStyle='LTR', name='text_5', opacity=1.0, ori=0, pos=array([0., 0.]), rgb=array([255., 255., 255.]), text=str(...), units='norm', win=Window(...), wrapWidth=1)
9.5656 	EXP 	Created question1_2 = TextStim(__class__=<class 'psychopy.visual.text.TextStim'>, alignHoriz='center', alignVert='center', antialias=True, autoLog=True, bold=False, color='white', colorSpace='named', contrast=1.0, depth=-1.0, flipHoriz=False, flipVert=False, font='Arial', fontFiles=[], height=0.1, italic=False, languageStyle='LTR', name='question1_2', opacity=1.0, ori=0, pos=array([0. , 0.6]), rgb=array([255., 255., 255.]), text='default text', units='norm', win=Window(...), wrapWidth=2)
9.5705 	EXP 	Created question2_2 = TextStim(__class__=<class 'psychopy.visual.text.TextStim'>, alignHoriz='center', alignVert='center', antialias=True, autoLog=True, bold=False, color='white', colorSpace='named', contrast=1.0, depth=-2.0, flipHoriz=False, flipVert=False, font='Arial', fontFiles=[], height=0.1, italic=False, languageStyle='LTR', name='question2_2', opacity=1.0, ori=0, pos=array([0.  , 0.35]), rgb=array([255., 255., 255.]), text='default text', units='norm', win=Window(...), wrapWidth=2)
9.5753 	EXP 	Created question3_2 = TextStim(__class__=<class 'psychopy.visual.text.TextStim'>, alignHoriz='center', alignVert='center', antialias=True, autoLog=True, bold=False, color='white', colorSpace='named', contrast=1.0, depth=-3.0, flipHoriz=False, flipVert=False, font='Arial', fontFiles=[], height=0.1, italic=False, languageStyle='LTR', name='question3_2', opacity=1.0, ori=0, pos=array([0.  , 0.12]), rgb=array([255., 255., 255.]), text='default text', units='norm', win=Window(...), wrapWidth=2)
9.5801 	EXP 	Created question4_2 = TextStim(__class__=<class 'psychopy.visual.text.TextStim'>, alignHoriz='center', alignVert='center', antialias=True, autoLog=True, bold=False, color='white', colorSpace='named', contrast=1.0, depth=-4.0, flipHoriz=False, flipVert=False, font='Arial', fontFiles=[], height=0.1, italic=False, languageStyle='LTR', name='question4_2', opacity=1.0, ori=0, pos=array([ 0.  , -0.12]), rgb=array([255., 255., 255.]), text='default text', units='norm', win=Window(...), wrapWidth=2)
9.5849 	EXP 	Created question5_2 = TextStim(__class__=<class 'psychopy.visual.text.TextStim'>, alignHoriz='center', alignVert='center', antialias=True, autoLog=True, bold=False, color='white', colorSpace='named', contrast=1.0, depth=-5.0, flipHoriz=False, flipVert=False, font='Arial', fontFiles=[], height=0.1, italic=False, languageStyle='LTR', name='question5_2', opacity=1.0, ori=0, pos=array([ 0.  , -0.35]), rgb=array([255., 255., 255.]), text='default text', units='norm', win=Window(...), wrapWidth=2)
9.5901 	EXP 	Created question6_2 = TextStim(__class__=<class 'psychopy.visual.text.TextStim'>, alignHoriz='center', alignVert='center', antialias=True, autoLog=True, bold=False, color='white', colorSpace='named', contrast=1.0, depth=-6.0, flipHoriz=False, flipVert=False, font='Arial', fontFiles=[], height=0.1, italic=False, languageStyle='LTR', name='question6_2', opacity=1.0, ori=0, pos=array([ 0. , -0.6]), rgb=array([255., 255., 255.]), text='default text', units='norm', win=Window(...), wrapWidth=2)
9.5922 	EXP 	Created image_3 = ImageStim(__class__=<class 'psychopy.visual.image.ImageStim'>, autoLog=True, color=array([1., 1., 1.]), colorSpace='rgb', contrast=1.0, depth=-8.0, flipHoriz=False, flipVert=False, image='sin', interpolate=True, mask=None, maskParams=None, name='image_3', opacity=1.0, ori=0.0, pos=array([ 0.  , -0.85]), size=array([0.25 , 0.125]), texRes=128, units='norm', win=Window(...))
9.6018 	EXP 	Created text_3 = TextStim(__class__=<class 'psychopy.visual.text.TextStim'>, alignHoriz='center', alignVert='center', antialias=True, autoLog=True, bold=False, color='white', colorSpace='named', contrast=1.0, depth=0.0, flipHoriz=False, flipVert=False, font='Arial', fontFiles=[], height=0.1, italic=False, languageStyle='LTR', name='text_3', opacity=1.0, ori=0, pos=array([0., 0.]), rgb=array([255., 255., 255.]), text='Final Tests', units='norm', win=Window(...), wrapWidth=1)
9.6041 	EXP 	Created image_2 = ImageStim(__class__=<class 'psychopy.visual.image.ImageStim'>, autoLog=True, color=array([1., 1., 1.]), colorSpace='rgb', contrast=1.0, depth=0.0, flipHoriz=False, flipVert=False, image='sin', interpolate=True, mask=None, maskParams=None, name='image_2', opacity=1.0, ori=0.0, pos=array([0., 0.]), size=array([0.75, 0.75]), texRes=128, units='norm', win=Window(...))
9.6091 	EXP 	Created text_4 = TextStim(__class__=<class 'psychopy.visual.text.TextStim'>, alignHoriz='center', alignVert='center', antialias=True, autoLog=True, bold=False, color='white', colorSpace='named', contrast=1.0, depth=-2.0, flipHoriz=False, flipVert=False, font='Arial', fontFiles=[], height=0.1, italic=False, languageStyle='LTR', name='text_4', opacity=1.0, ori=0, pos=array([ 0. , -0.6]), rgb=array([255., 255., 255.]), text='default text', units='norm', win=Window(...), wrapWidth=1)
9.6139 	EXP 	Created question1_3 = TextStim(__class__=<class 'psychopy.visual.text.TextStim'>, alignHoriz='center', alignVert='center', antialias=True, autoLog=True, bold=False, color='white', colorSpace='named', contrast=1.0, depth=-1.0, flipHoriz=False, flipVert=False, font='Arial', fontFiles=[], height=0.1, italic=False, languageStyle='LTR', name='question1_3', opacity=1.0, ori=0, pos=array([0. , 0.6]), rgb=array([255., 255., 255.]), text='default text', units='norm', win=Window(...), wrapWidth=2)
9.6188 	EXP 	Created question2_3 = TextStim(__class__=<class 'psychopy.visual.text.TextStim'>, alignHoriz='center', alignVert='center', antialias=True, autoLog=True, bold=False, color='white', colorSpace='named', contrast=1.0, depth=-2.0, flipHoriz=False, flipVert=False, font='Arial', fontFiles=[], height=0.1, italic=False, languageStyle='LTR', name='question2_3', opacity=1.0, ori=0, pos=array([0.  , 0.35]), rgb=array([255., 255., 255.]), text='default text', units='norm', win=Window(...), wrapWidth=2)
9.6237 	EXP 	Created question3_3 = TextStim(__class__=<class 'psychopy.visual.text.TextStim'>, alignHoriz='center', alignVert='center', antialias=True, autoLog=True, bold=False, color='white', colorSpace='named', contrast=1.0, depth=-3.0, flipHoriz=False, flipVert=False, font='Arial', fontFiles=[], height=0.1, italic=False, languageStyle='LTR', name='question3_3', opacity=1.0, ori=0, pos=array([0.  , 0.12]), rgb=array([255., 255., 255.]), text='default text', units='norm', win=Window(...), wrapWidth=2)
9.6285 	EXP 	Created question4_3 = TextStim(__class__=<class 'psychopy.visual.text.TextStim'>, alignHoriz='center', alignVert='center', antialias=True, autoLog=True, bold=False, color='white', colorSpace='named', contrast=1.0, depth=-4.0, flipHoriz=False, flipVert=False, font='Arial', fontFiles=[], height=0.1, italic=False, languageStyle='LTR', name='question4_3', opacity=1.0, ori=0, pos=array([ 0.  , -0.12]), rgb=array([255., 255., 255.]), text='default text', units='norm', win=Window(...), wrapWidth=2)
9.6334 	EXP 	Created question5_3 = TextStim(__class__=<class 'psychopy.visual.text.TextStim'>, alignHoriz='center', alignVert='center', antialias=True, autoLog=True, bold=False, color='white', colorSpace='named', contrast=1.0, depth=-5.0, flipHoriz=False, flipVert=False, font='Arial', fontFiles=[], height=0.1, italic=False, languageStyle='LTR', name='question5_3', opacity=1.0, ori=0, pos=array([ 0.  , -0.35]), rgb=array([255., 255., 255.]), text='default text', units='norm', win=Window(...), wrapWidth=2)
9.6381 	EXP 	Created question6_3 = TextStim(__class__=<class 'psychopy.visual.text.TextStim'>, alignHoriz='center', alignVert='center', antialias=True, autoLog=True, bold=False, color='white', colorSpace='named', contrast=1.0, depth=-6.0, flipHoriz=False, flipVert=False, font='Arial', fontFiles=[], height=0.1, italic=False, languageStyle='LTR', name='question6_3', opacity=1.0, ori=0, pos=array([ 0. , -0.6]), rgb=array([255., 255., 255.]), text='default text', units='norm', win=Window(...), wrapWidth=2)
9.6402 	EXP 	Created image_4 = ImageStim(__class__=<class 'psychopy.visual.image.ImageStim'>, autoLog=True, color=array([1., 1., 1.]), colorSpace='rgb', contrast=1.0, depth=-8.0, flipHoriz=False, flipVert=False, image='sin', interpolate=True, mask=None, maskParams=None, name='image_4', opacity=1.0, ori=0.0, pos=array([ 0.  , -0.85]), size=array([0.25 , 0.125]), texRes=128, units='norm', win=Window(...))
9.6452 	EXP 	Created text_6 = TextStim(__class__=<class 'psychopy.visual.text.TextStim'>, alignHoriz='center', alignVert='center', antialias=True, autoLog=True, bold=False, color='white', colorSpace='named', contrast=1.0, depth=-1.0, flipHoriz=False, flipVert=False, font='Arial', fontFiles=[], height=0.1, italic=False, languageStyle='LTR', name='text_6', opacity=1.0, ori=0, pos=array([0., 0.]), rgb=array([255., 255., 255.]), text='default text', units='norm', win=Window(...), wrapWidth=1)
9.6510 	EXP 	Created text = TextStim(__class__=<class 'psychopy.visual.text.TextStim'>, alignHoriz='center', alignVert='center', antialias=True, autoLog=True, bold=False, color='white', colorSpace='named', contrast=1.0, depth=0.0, flipHoriz=False, flipVert=False, font='Arial', fontFiles=[], height=0.1, italic=False, languageStyle='LTR', name='text', opacity=1.0, ori=0, pos=array([0., 0.]), rgb=array([255., 255., 255.]), text='end of introduction', units='norm', win=Window(...), wrapWidth=1)
9.6782 	EXP 	Imported instructions.xlsx as conditions, 11 conditions, 2 params
9.6789 	EXP 	Created sequence: sequential, trialTypes=11, nReps=1, seed=None
9.6795 	EXP 	New trial (rep=0, index=0): OrderedDict([('instruct_text', 'Welcome to the Job Simulator Task!'), ('this_pic', 'instructions_photos/pixel.png')])
9.8033 	EXP 	welcome_2: text = 'Welcome to the Job Simulator Task!'
9.8033 	EXP 	image_10: image = 'instructions_photos/pixel.png'
9.8033 	EXP 	welcome_2: autoDraw = True
9.8033 	EXP 	image_10: autoDraw = True
10.5079 	DATA 	Keypress: space
10.5105 	EXP 	New trial (rep=0, index=1): OrderedDict([('instruct_text', "In this task, you'll be assuming various perspectives of jobs while reading stories. "), ('this_pic', None)])
10.5538 	EXP 	welcome_2: autoDraw = False
10.5538 	EXP 	image_10: autoDraw = False
10.5538 	EXP 	welcome_2: text = "In this task, you'll be assuming various perspectives of jobs while reading stories. "
10.5538 	EXP 	image_10: image = None
10.5538 	EXP 	welcome_2: autoDraw = True
10.5538 	EXP 	image_10: autoDraw = True
12.0393 	DATA 	Keypress: space
12.0416 	EXP 	New trial (rep=0, index=2): OrderedDict([('instruct_text', 'First, you’ll be introduced to the perspectives of 8 different jobs. '), ('this_pic', 'instructions_photos/i1.png')])
12.4372 	EXP 	welcome_2: autoDraw = False
12.4372 	EXP 	image_10: autoDraw = False
12.4372 	EXP 	welcome_2: text = 'First, you’ll be introduced to the perspectives of 8 different jobs. '
12.4372 	EXP 	image_10: image = 'instructions_photos/i1.png'
12.4372 	EXP 	welcome_2: autoDraw = True
12.4372 	EXP 	image_10: autoDraw = True
14.2062 	DATA 	Keypress: space
14.2086 	EXP 	New trial (rep=0, index=3): OrderedDict([('instruct_text', 'For example, you may be asked to take on the perspective of a Restaurant Critic while you read a story that takes place in a restaurant. '), ('this_pic', 'jobphotos/restaurant_critic.jpg')])
14.3040 	EXP 	welcome_2: autoDraw = False
14.3040 	EXP 	image_10: autoDraw = False
14.3040 	EXP 	welcome_2: text = 'For example, you may be asked to take on the perspective of a Restaurant Critic while you read a story that takes place in a restaurant. '
14.3040 	EXP 	image_10: image = 'jobphotos/restaurant_critic.jpg'
14.3040 	EXP 	welcome_2: autoDraw = True
14.3040 	EXP 	image_10: autoDraw = True
16.8566 	DATA 	Keypress: space
16.8589 	EXP 	New trial (rep=0, index=4): OrderedDict([('instruct_text', 'You’ll learn 4 questions associated with each perspective, and you’ll use these to interrogate the stories while assuming that perspective. '), ('this_pic', 'instructions_photos/i2.png')])
17.1708 	EXP 	welcome_2: autoDraw = False
17.1708 	EXP 	image_10: autoDraw = False
17.1708 	EXP 	welcome_2: text = 'You’ll learn 4 questions associated with each perspective, and you’ll use these to interrogate the stories while assuming that perspective. '
17.1708 	EXP 	image_10: image = 'instructions_photos/i2.png'
17.1708 	EXP 	welcome_2: autoDraw = True
17.1708 	EXP 	image_10: autoDraw = True
20.4735 	DATA 	Keypress: space
20.4758 	EXP 	New trial (rep=0, index=5): OrderedDict([('instruct_text', 'For example, if you are a Restaurant Critic, you’ll learn to ask questions about the restaurant decor, menus, and the enjoyment of the food. '), ('this_pic', 'jobphotos/restaurant_critic.jpg')])
20.5544 	EXP 	welcome_2: autoDraw = False
20.5544 	EXP 	image_10: autoDraw = False
20.5544 	EXP 	welcome_2: text = 'For example, if you are a Restaurant Critic, you’ll learn to ask questions about the restaurant decor, menus, and the enjoyment of the food. '
20.5544 	EXP 	image_10: image = 'jobphotos/restaurant_critic.jpg'
20.5544 	EXP 	welcome_2: autoDraw = True
20.5544 	EXP 	image_10: autoDraw = True
31.1739 	DATA 	Keypress: space
31.1763 	EXP 	New trial (rep=0, index=6): OrderedDict([('instruct_text', 'After learning all the questions in a series of pre-task quizzes, you’ll read 8 stories, applying one perspective you’ve learned to each one. '), ('this_pic', 'instructions_photos/i3.png')])
31.4885 	EXP 	welcome_2: autoDraw = False
31.4885 	EXP 	image_10: autoDraw = False
31.4885 	EXP 	welcome_2: text = 'After learning all the questions in a series of pre-task quizzes, you’ll read 8 stories, applying one perspective you’ve learned to each one. '
31.4885 	EXP 	image_10: image = 'instructions_photos/i3.png'
31.4885 	EXP 	welcome_2: autoDraw = True
31.4885 	EXP 	image_10: autoDraw = True
35.0075 	DATA 	Keypress: space
35.0098 	EXP 	New trial (rep=0, index=7): OrderedDict([('instruct_text', 'While reading, try to keep in mind the perspective and questions. '), ('this_pic', 'instructions_photos/i3.png')])
35.2721 	EXP 	welcome_2: autoDraw = False
35.2721 	EXP 	image_10: autoDraw = False
35.2721 	EXP 	welcome_2: text = 'While reading, try to keep in mind the perspective and questions. '
35.2721 	EXP 	image_10: image = 'instructions_photos/i3.png'
35.2721 	EXP 	welcome_2: autoDraw = True
35.2721 	EXP 	image_10: autoDraw = True
67.2108 	DATA 	Keypress: space
67.2264 	EXP 	New trial (rep=0, index=8): OrderedDict([('instruct_text', 'After you’re finished reading all the stories, you will be asked to recall the stories and answer questions about them. '), ('this_pic', 'instructions_photos/i4.png')])
67.5744 	EXP 	welcome_2: autoDraw = False
67.5744 	EXP 	image_10: autoDraw = False
67.5744 	EXP 	welcome_2: text = 'After you’re finished reading all the stories, you will be asked to recall the stories and answer questions about them. '
67.5744 	EXP 	image_10: image = 'instructions_photos/i4.png'
67.5744 	EXP 	welcome_2: autoDraw = True
67.5744 	EXP 	image_10: autoDraw = True
69.4100 	DATA 	Keypress: space
69.4123 	EXP 	New trial (rep=0, index=9): OrderedDict([('instruct_text', 'Try to remember the stories and the answers to the questions as you read them for these later tasks. '), ('this_pic', None)])
69.4411 	EXP 	welcome_2: autoDraw = False
69.4411 	EXP 	image_10: autoDraw = False
69.4411 	EXP 	welcome_2: text = 'Try to remember the stories and the answers to the questions as you read them for these later tasks. '
69.4411 	EXP 	image_10: image = None
69.4411 	EXP 	welcome_2: autoDraw = True
69.4411 	EXP 	image_10: autoDraw = True
70.8100 	DATA 	Keypress: space
70.8123 	EXP 	New trial (rep=0, index=10): OrderedDict([('instruct_text', 'Let’s begin! The 8 perspectives are as follows:'), ('this_pic', None)])
70.8413 	EXP 	welcome_2: autoDraw = False
70.8413 	EXP 	image_10: autoDraw = False
70.8413 	EXP 	welcome_2: text = 'Let’s begin! The 8 perspectives are as follows:'
70.8413 	EXP 	image_10: image = None
70.8413 	EXP 	welcome_2: autoDraw = True
70.8413 	EXP 	image_10: autoDraw = True
71.9267 	DATA 	Keypress: space
71.9500 	EXP 	Imported jobsPics.xlsx as conditions, 8 conditions, 2 params
71.9505 	EXP 	Created sequence: random, trialTypes=8, nReps=1, seed=None
71.9509 	EXP 	New trial (rep=0, index=0): OrderedDict([('rolePic', 'jobphotos/acem.jpg'), ('job', 'Airport Customer Experience Manager')])
71.9912 	EXP 	welcome_2: autoDraw = False
71.9912 	EXP 	image_10: autoDraw = False
71.9912 	EXP 	image: image = 'jobphotos/acem.jpg'
71.9912 	EXP 	text_2: text = 'Airport Customer Experience Manager'
71.9912 	EXP 	image: autoDraw = True
71.9912 	EXP 	text_2: autoDraw = True
72.6105 	DATA 	Keypress: space
72.6130 	EXP 	New trial (rep=0, index=1): OrderedDict([('rolePic', 'jobphotos/gscem.jpg'), ('job', 'Grocery Store Customer Experience Manager\n')])
72.6747 	EXP 	image: autoDraw = False
72.6747 	EXP 	text_2: autoDraw = False
72.6747 	EXP 	image: image = 'jobphotos/gscem.jpg'
72.6747 	EXP 	text_2: text = 'Grocery Store Customer Experience Manager\n'
72.6747 	EXP 	image: autoDraw = True
72.6747 	EXP 	text_2: autoDraw = True
72.9606 	DATA 	Keypress: space
72.9768 	EXP 	New trial (rep=0, index=2): OrderedDict([('rolePic', 'jobphotos/restaurant_critic.jpg'), ('job', 'Restaurant Critic')])
73.0413 	EXP 	image: autoDraw = False
73.0413 	EXP 	text_2: autoDraw = False
73.0413 	EXP 	image: image = 'jobphotos/restaurant_critic.jpg'
73.0413 	EXP 	text_2: text = 'Restaurant Critic'
73.0413 	EXP 	image: autoDraw = True
73.0413 	EXP 	text_2: autoDraw = True
73.2610 	DATA 	Keypress: space
73.2770 	EXP 	New trial (rep=0, index=3): OrderedDict([('rolePic', 'jobphotos/dean.jpg'), ('job', 'Dean of Academic Studies')])
73.3414 	EXP 	image: autoDraw = False
73.3414 	EXP 	text_2: autoDraw = False
73.3414 	EXP 	image: image = 'jobphotos/dean.jpg'
73.3414 	EXP 	text_2: text = 'Dean of Academic Studies'
73.3414 	EXP 	image: autoDraw = True
73.3414 	EXP 	text_2: autoDraw = True
73.5269 	DATA 	Keypress: space
73.5292 	EXP 	New trial (rep=0, index=4): OrderedDict([('rolePic', 'jobphotos/couples.jpeg'), ('job', 'Couples Therapist\n')])
73.5295 	WARNING 	Requested image 'jobphotos/couples.jpeg' not found but similar filename 'jobphotos/couples.jpg' exists. This will be used instead but changing the filename is advised.
73.5914 	EXP 	image: autoDraw = False
73.5914 	EXP 	text_2: autoDraw = False
73.5914 	EXP 	image: image = 'jobphotos/couples.jpeg'
73.5914 	EXP 	text_2: text = 'Couples Therapist\n'
73.5914 	EXP 	image: autoDraw = True
73.5914 	EXP 	text_2: autoDraw = True
73.7773 	DATA 	Keypress: space
73.7797 	EXP 	New trial (rep=0, index=5): OrderedDict([('rolePic', 'jobphotos/weddingplanner.jpg'), ('job', 'Wedding Planner')])
73.8414 	EXP 	image: autoDraw = False
73.8414 	EXP 	text_2: autoDraw = False
73.8414 	EXP 	image: image = 'jobphotos/weddingplanner.jpg'
73.8414 	EXP 	text_2: text = 'Wedding Planner'
73.8414 	EXP 	image: autoDraw = True
73.8414 	EXP 	text_2: autoDraw = True
74.0438 	DATA 	Keypress: space
74.0461 	EXP 	New trial (rep=0, index=6): OrderedDict([('rolePic', 'jobphotos/matchmaker.jpg'), ('job', 'Matchmaker')])
74.0915 	EXP 	image: autoDraw = False
74.0915 	EXP 	text_2: autoDraw = False
74.0915 	EXP 	image: image = 'jobphotos/matchmaker.jpg'
74.0915 	EXP 	text_2: text = 'Matchmaker'
74.0915 	EXP 	image: autoDraw = True
74.0915 	EXP 	text_2: autoDraw = True
74.3271 	DATA 	Keypress: space
74.3294 	EXP 	New trial (rep=0, index=7): OrderedDict([('rolePic', 'jobphotos/business_reporter.jpg'), ('job', 'Business Reporter')])
74.3915 	EXP 	image: autoDraw = False
74.3915 	EXP 	text_2: autoDraw = False
74.3915 	EXP 	image: image = 'jobphotos/business_reporter.jpg'
74.3915 	EXP 	text_2: text = 'Business Reporter'
74.3915 	EXP 	image: autoDraw = True
74.3915 	EXP 	text_2: autoDraw = True
74.8435 	DATA 	Keypress: space
74.8646 	EXP 	Imported instructions2.xlsx as conditions, 6 conditions, 2 params
74.8649 	EXP 	Created sequence: sequential, trialTypes=6, nReps=1, seed=None
74.8653 	EXP 	New trial (rep=0, index=0): OrderedDict([('instruct_text', 'You’ll become acquainted with these perspectives more in the following pre-task quizzes where you’ll learn the questions associated with each perspective. '), ('instruct_text2', '(press space to continue)')])
74.9248 	EXP 	image: autoDraw = False
74.9248 	EXP 	text_2: autoDraw = False
74.9248 	EXP 	welcome: text = 'You’ll become acquainted with these perspectives more in the following pre-task quizzes where you’ll learn the questions associated with each perspective. '
74.9248 	EXP 	text_12: text = '(press space to continue)'
74.9248 	EXP 	welcome: autoDraw = True
74.9248 	EXP 	text_12: autoDraw = True
75.0938 	DATA 	Keypress: space
75.0964 	EXP 	New trial (rep=0, index=1): OrderedDict([('instruct_text', 'You’ll first go through all four questions for each perspective. '), ('instruct_text2', None)])
75.1245 	EXP 	welcome: autoDraw = False
75.1245 	EXP 	text_12: autoDraw = False
75.1245 	EXP 	welcome: text = 'You’ll first go through all four questions for each perspective. '
75.1245 	EXP 	text_12: text = '(press space to continue)'
75.1245 	EXP 	welcome: autoDraw = True
75.1245 	EXP 	text_12: autoDraw = True
76.6446 	DATA 	Keypress: space
76.6606 	EXP 	New trial (rep=0, index=2): OrderedDict([('instruct_text', 'Then, you’ll indicate the order in which you saw the questions during the quiz. '), ('instruct_text2', None)])
76.7083 	EXP 	welcome: autoDraw = False
76.7083 	EXP 	text_12: autoDraw = False
76.7083 	EXP 	welcome: text = 'Then, you’ll indicate the order in which you saw the questions during the quiz. '
76.7083 	EXP 	text_12: text = '(press space to continue)'
76.7083 	EXP 	welcome: autoDraw = True
76.7083 	EXP 	text_12: autoDraw = True
77.7773 	DATA 	Keypress: space
77.7796 	EXP 	New trial (rep=0, index=3): OrderedDict([('instruct_text', 'If you indicate the wrong question during the quiz, you’ll restart the learning.'), ('instruct_text2', None)])
77.8084 	EXP 	welcome: autoDraw = False
77.8084 	EXP 	text_12: autoDraw = False
77.8084 	EXP 	welcome: text = 'If you indicate the wrong question during the quiz, you’ll restart the learning.'
77.8084 	EXP 	text_12: text = '(press space to continue)'
77.8084 	EXP 	welcome: autoDraw = True
77.8084 	EXP 	text_12: autoDraw = True
78.8609 	DATA 	Keypress: space
78.8632 	EXP 	New trial (rep=0, index=4): OrderedDict([('instruct_text', 'After you’ve passed the learning for each perspective, you’ll have a round of final quizzes. '), ('instruct_text2', None)])
78.9085 	EXP 	welcome: autoDraw = False
78.9085 	EXP 	text_12: autoDraw = False
78.9085 	EXP 	welcome: text = 'After you’ve passed the learning for each perspective, you’ll have a round of final quizzes. '
78.9085 	EXP 	text_12: text = '(press space to continue)'
78.9085 	EXP 	welcome: autoDraw = True
78.9085 	EXP 	text_12: autoDraw = True
81.3302 	DATA 	Keypress: space
81.3444 	EXP 	New trial (rep=0, index=5): OrderedDict([('instruct_text', 'Press the space bar to begin the quizzes. '), ('instruct_text2', None)])
81.3753 	EXP 	welcome: autoDraw = False
81.3753 	EXP 	text_12: autoDraw = False
81.3753 	EXP 	welcome: text = 'Press the space bar to begin the quizzes. '
81.3753 	EXP 	text_12: text = '(press space to continue)'
81.3753 	EXP 	welcome: autoDraw = True
81.3753 	EXP 	text_12: autoDraw = True
82.1943 	DATA 	Keypress: space
82.2204 	EXP 	Imported whichRole.xlsx as conditions, 8 conditions, 8 params
82.2208 	EXP 	Created sequence: random, trialTypes=8, nReps=1, seed=None
82.2212 	EXP 	New trial (rep=0, index=0): OrderedDict([('Q1', 'What is the grocery store like upon entering?\n'), ('Q2', 'What items do the clients pick out?\n'), ('Q3', 'How is the checkout line and how long do the clients wait in line?\n'), ('Q4', 'How much are the groceries and what method of payment do the clients use?\n'), ('D1', 'How long does it take for the cashier to scan all of the customers’ groceries?'), ('D2', 'What type of grocery bags do the clients use?'), ('roleName', 'Grocery Store Customer Experience Manager\n'), ('rolePic', 'jobphotos/gscem.jpg')])
82.2216 	EXP 	Created sequence: sequential, trialTypes=1, nReps=5, seed=None
82.2218 	EXP 	New trial (rep=0, index=0): None
82.2754 	EXP 	welcome: autoDraw = False
82.2754 	EXP 	text_12: autoDraw = False
82.2754 	EXP 	text_18: text = 'Grocery Store Customer Experience Manager\n'
82.2754 	EXP 	image_9: image = 'jobphotos/gscem.jpg'
82.2754 	EXP 	text_18: autoDraw = True
82.2754 	EXP 	image_9: autoDraw = True
82.9112 	DATA 	Keypress: space
82.9751 	EXP 	text_18: autoDraw = False
82.9751 	EXP 	image_9: autoDraw = False
82.9751 	EXP 	text_8: text = 'A: What is the grocery store like upon entering?\n'
82.9751 	EXP 	text_9: text = 'Grocery Store Customer Experience Manager\n'
82.9751 	EXP 	image_5: image = 'jobphotos/gscem.jpg'
82.9751 	EXP 	text_8: autoDraw = True
82.9751 	EXP 	text_9: autoDraw = True
82.9751 	EXP 	image_5: autoDraw = True
83.2945 	DATA 	Keypress: space
83.3588 	EXP 	text_8: autoDraw = False
83.3588 	EXP 	text_9: autoDraw = False
83.3588 	EXP 	image_5: autoDraw = False
83.3588 	EXP 	text_10: text = 'B: What items do the clients pick out?\n'
83.3588 	EXP 	text_11: text = 'Grocery Store Customer Experience Manager\n'
83.3588 	EXP 	image_6: image = 'jobphotos/gscem.jpg'
83.3588 	EXP 	text_10: autoDraw = True
83.3588 	EXP 	text_11: autoDraw = True
83.3588 	EXP 	image_6: autoDraw = True
83.6112 	DATA 	Keypress: space
83.6916 	EXP 	text_10: autoDraw = False
83.6916 	EXP 	text_11: autoDraw = False
83.6916 	EXP 	image_6: autoDraw = False
83.6916 	EXP 	text_13: text = 'C: How is the checkout line and how long do the clients wait in line?\n'
83.6916 	EXP 	text_14: text = 'Grocery Store Customer Experience Manager\n'
83.6916 	EXP 	image_7: image = 'jobphotos/gscem.jpg'
83.6916 	EXP 	text_13: autoDraw = True
83.6916 	EXP 	text_14: autoDraw = True
83.6916 	EXP 	image_7: autoDraw = True
83.9278 	DATA 	Keypress: space
83.9920 	EXP 	text_13: autoDraw = False
83.9920 	EXP 	text_14: autoDraw = False
83.9920 	EXP 	image_7: autoDraw = False
83.9920 	EXP 	text_15: text = 'D: How much are the groceries and what method of payment do the clients use?\n'
83.9920 	EXP 	text_16: text = 'Grocery Store Customer Experience Manager\n'
83.9920 	EXP 	image_8: image = 'jobphotos/gscem.jpg'
83.9920 	EXP 	text_15: autoDraw = True
83.9920 	EXP 	text_16: autoDraw = True
83.9920 	EXP 	image_8: autoDraw = True
84.2279 	DATA 	Keypress: space
84.2421 	EXP 	text_15: autoDraw = False
84.2421 	EXP 	text_16: autoDraw = False
84.2421 	EXP 	image_8: autoDraw = False
84.2421 	EXP 	text_5: autoDraw = True
84.9278 	DATA 	Keypress: space
84.9502 	EXP 	Created unnamed ImageStim = ImageStim(__class__=<class 'psychopy.visual.image.ImageStim'>, autoLog=True, color=array([1., 1., 1.]), colorSpace='rgb', contrast=1.0, depth=0, flipHoriz=False, flipVert=False, image='checkmark.png', interpolate=False, mask=None, maskParams=None, name='unnamed ImageStim', opacity=1.0, ori=0.0, pos=array([0., 0.]), size=array([0.48055556, 0.75555556]), texRes=128, units='norm', win=Window(...))
84.9614 	EXP 	Created unnamed ImageStim = ImageStim(__class__=<class 'psychopy.visual.image.ImageStim'>, autoLog=True, color=array([1., 1., 1.]), colorSpace='rgb', contrast=1.0, depth=0, flipHoriz=False, flipVert=False, image='redx.png', interpolate=False, mask=None, maskParams=None, name='unnamed ImageStim', opacity=1.0, ori=0.0, pos=array([0., 0.]), size=array([0.5, 0.8]), texRes=128, units='norm', win=Window(...))
84.9815 	EXP 	Created unnamed ImageStim = ImageStim(__class__=<class 'psychopy.visual.image.ImageStim'>, autoLog=True, color=array([1., 1., 1.]), colorSpace='rgb', contrast=1.0, depth=0, flipHoriz=False, flipVert=False, image='thumbsup.png', interpolate=False, mask=None, maskParams=None, name='unnamed ImageStim', opacity=1.0, ori=0.0, pos=array([0., 0.]), size=array([0.66666667, 1.14      ]), texRes=128, units='norm', win=Window(...))
85.1252 	EXP 	text_5: autoDraw = False
85.1252 	EXP 	question1_2: text = '1: How is the checkout line and how long do the clients wait in line?\n'
85.1252 	EXP 	question2_2: text = '2: How much are the groceries and what method of payment do the clients use?\n'
85.1252 	EXP 	question3_2: text = '3: What items do the clients pick out?\n'
85.1252 	EXP 	question4_2: text = '4: What is the grocery store like upon entering?\n'
85.1252 	EXP 	question5_2: text = '5: What type of grocery bags do the clients use?'
85.1252 	EXP 	question6_2: text = '6: How long does it take for the cashier to scan all of the customers’ groceries?'
85.1252 	EXP 	question1_2: autoDraw = True
85.1252 	EXP 	question2_2: autoDraw = True
85.1252 	EXP 	question3_2: autoDraw = True
85.1252 	EXP 	question4_2: autoDraw = True
85.1252 	EXP 	question5_2: autoDraw = True
85.1252 	EXP 	question6_2: autoDraw = True
85.1252 	EXP 	image_3: autoDraw = True
85.8347 	DATA 	Keypress: q
85.9089 	EXP 	question1_2: autoDraw = False
85.9089 	EXP 	question2_2: autoDraw = False
85.9089 	EXP 	question3_2: autoDraw = False
85.9089 	EXP 	question4_2: autoDraw = False
85.9089 	EXP 	question5_2: autoDraw = False
85.9089 	EXP 	question6_2: autoDraw = False
85.9089 	EXP 	image_3: autoDraw = False
85.9089 	EXP 	text_3: autoDraw = True
86.9072 	EXP 	Imported whichRole.xlsx as conditions, 8 conditions, 8 params
86.9075 	EXP 	Created sequence: sequential, trialTypes=8, nReps=1, seed=None
86.9079 	EXP 	New trial (rep=0, index=0): OrderedDict([('Q1', 'What industry are the business people in?'), ('Q2', 'What is being negotiated and how much money is at stake?'), ('Q3', 'What is the response to the proposed deal?'), ('Q4', 'What comes about from the business proposal?'), ('D1', 'Is the deal fair?'), ('D2', 'How long does it take to make the deal?'), ('roleName', 'Business Reporter'), ('rolePic', 'jobphotos/business_reporter.jpg')])
86.9083 	EXP 	Created sequence: random, trialTypes=1, nReps=5, seed=None
86.9086 	EXP 	New trial (rep=0, index=0): None
86.9586 	EXP 	text_3: autoDraw = False
86.9586 	EXP 	text_3: autoDraw = False
86.9586 	EXP 	image_2: image = 'jobphotos/business_reporter.jpg'
86.9586 	EXP 	text_4: text = 'Business Reporter'
86.9586 	EXP 	image_2: autoDraw = True
86.9586 	EXP 	text_4: autoDraw = True
87.5781 	DATA 	Keypress: space
87.5898 	EXP 	Created unnamed ImageStim = ImageStim(__class__=<class 'psychopy.visual.image.ImageStim'>, autoLog=True, color=array([1., 1., 1.]), colorSpace='rgb', contrast=1.0, depth=0, flipHoriz=False, flipVert=False, image='checkmark.png', interpolate=False, mask=None, maskParams=None, name='unnamed ImageStim', opacity=1.0, ori=0.0, pos=array([0., 0.]), size=array([0.48055556, 0.75555556]), texRes=128, units='norm', win=Window(...))
87.5963 	EXP 	Created unnamed ImageStim = ImageStim(__class__=<class 'psychopy.visual.image.ImageStim'>, autoLog=True, color=array([1., 1., 1.]), colorSpace='rgb', contrast=1.0, depth=0, flipHoriz=False, flipVert=False, image='redx.png', interpolate=False, mask=None, maskParams=None, name='unnamed ImageStim', opacity=1.0, ori=0.0, pos=array([0., 0.]), size=array([0.5, 0.8]), texRes=128, units='norm', win=Window(...))
87.6141 	EXP 	Created unnamed ImageStim = ImageStim(__class__=<class 'psychopy.visual.image.ImageStim'>, autoLog=True, color=array([1., 1., 1.]), colorSpace='rgb', contrast=1.0, depth=0, flipHoriz=False, flipVert=False, image='thumbsup.png', interpolate=False, mask=None, maskParams=None, name='unnamed ImageStim', opacity=1.0, ori=0.0, pos=array([0., 0.]), size=array([0.66666667, 1.14      ]), texRes=128, units='norm', win=Window(...))
87.7258 	EXP 	image_2: autoDraw = False
87.7258 	EXP 	text_4: autoDraw = False
87.7258 	EXP 	question1_3: text = '1: What comes about from the business proposal?'
87.7258 	EXP 	question2_3: text = '2: What industry are the business people in?'
87.7258 	EXP 	question3_3: text = '3: What is the response to the proposed deal?'
87.7258 	EXP 	question4_3: text = '4: What is being negotiated and how much money is at stake?'
87.7258 	EXP 	question5_3: text = '5: Is the deal fair?'
87.7258 	EXP 	question6_3: text = '6: How long does it take to make the deal?'
87.7258 	EXP 	question1_3: autoDraw = True
87.7258 	EXP 	question2_3: autoDraw = True
87.7258 	EXP 	question3_3: autoDraw = True
87.7258 	EXP 	question4_3: autoDraw = True
87.7258 	EXP 	question5_3: autoDraw = True
87.7258 	EXP 	question6_3: autoDraw = True
87.7258 	EXP 	image_4: autoDraw = True
88.6672 	DATA 	Keypress: q
88.7385 	EXP 	Imported instructions_segment.xlsx as conditions, 12 conditions, 1 params
88.7390 	EXP 	Created sequence: sequential, trialTypes=12, nReps=1, seed=None
88.7396 	EXP 	New trial (rep=0, index=0): OrderedDict([('instructText', 'Good job! You’ve finished the pre-task quizzes. ')])
88.7758 	EXP 	question1_3: autoDraw = False
88.7758 	EXP 	question2_3: autoDraw = False
88.7758 	EXP 	question3_3: autoDraw = False
88.7758 	EXP 	question4_3: autoDraw = False
88.7758 	EXP 	question5_3: autoDraw = False
88.7758 	EXP 	question6_3: autoDraw = False
88.7758 	EXP 	image_4: autoDraw = False
88.7758 	EXP 	text_6: text = 'Good job! You’ve finished the pre-task quizzes. '
88.7758 	EXP 	text_6: autoDraw = True
89.9621 	DATA 	Keypress: space
89.9779 	EXP 	New trial (rep=0, index=1): OrderedDict([('instructText', 'You are about to begin the main task of reading the stories. ')])
90.0091 	EXP 	text_6: autoDraw = False
90.0091 	EXP 	text_6: text = 'You are about to begin the main task of reading the stories. '
90.0091 	EXP 	text_6: autoDraw = True
91.4117 	DATA 	Keypress: space
91.4140 	EXP 	New trial (rep=0, index=2): OrderedDict([('instructText', 'The stories will presented to you sentence by sentence, so you’ll read each sentence in the story individually. ')])
91.4423 	EXP 	text_6: autoDraw = False
91.4423 	EXP 	text_6: text = 'The stories will presented to you sentence by sentence, so you’ll read each sentence in the story individually. '
91.4423 	EXP 	text_6: autoDraw = True
94.1281 	DATA 	Keypress: space
94.1304 	EXP 	New trial (rep=0, index=3): OrderedDict([('instructText', 'Before reading each story, you’ll be assigned a perspective and then given a quiz like the ones you just took for that perspective.')])
94.1595 	EXP 	text_6: autoDraw = False
94.1595 	EXP 	text_6: text = 'Before reading each story, you’ll be assigned a perspective and then given a quiz like the ones you just took for that perspective.'
94.1595 	EXP 	text_6: autoDraw = True
98.9287 	DATA 	Keypress: space
98.9310 	EXP 	New trial (rep=0, index=4): OrderedDict([('instructText', 'When you’ve finished the quiz, you’ll begin reading the story, sentence by sentence. ')])
98.9596 	EXP 	text_6: autoDraw = False
98.9596 	EXP 	text_6: text = 'When you’ve finished the quiz, you’ll begin reading the story, sentence by sentence. '
98.9596 	EXP 	text_6: autoDraw = True
107.0128 	DATA 	Keypress: space
107.0152 	EXP 	New trial (rep=0, index=5): OrderedDict([('instructText', 'While reading the stories, you will additionally have to make a judgement about each sentence in order to advance to the next sentence. ')])
107.0604 	EXP 	text_6: autoDraw = False
107.0604 	EXP 	text_6: text = 'While reading the stories, you will additionally have to make a judgement about each sentence in order to advance to the next sentence. '
107.0604 	EXP 	text_6: autoDraw = True
119.8812 	DATA 	Keypress: space
119.8969 	EXP 	New trial (rep=0, index=6): OrderedDict([('instructText', 'Some people feel that the stories have natural “parts”: we want you to make a judgement about when you think the story has transitioned from one “part” to another. ')])
119.9438 	EXP 	text_6: autoDraw = False
119.9438 	EXP 	text_6: text = 'Some people feel that the stories have natural “parts”: we want you to make a judgement about when you think the story has transitioned from one “part” to another. '
119.9438 	EXP 	text_6: autoDraw = True
124.3138 	DATA 	Keypress: space
124.3161 	EXP 	New trial (rep=0, index=7): OrderedDict([('instructText', 'You will press “9” if you think the sentence you are reading has ended the previous “part” and has begun a new “part” of the story. ')])
124.3616 	EXP 	text_6: autoDraw = False
124.3616 	EXP 	text_6: text = 'You will press “9” if you think the sentence you are reading has ended the previous “part” and has begun a new “part” of the story. '
124.3616 	EXP 	text_6: autoDraw = True
127.4143 	DATA 	Keypress: space
127.4166 	EXP 	New trial (rep=0, index=8): OrderedDict([('instructText', 'For example, you should press “9” at the beginning of a new story or when you think a different event is beginning. ')])
127.4618 	EXP 	text_6: autoDraw = False
127.4618 	EXP 	text_6: text = 'For example, you should press “9” at the beginning of a new story or when you think a different event is beginning. '
127.4618 	EXP 	text_6: autoDraw = True
129.9640 	DATA 	Keypress: space
129.9662 	EXP 	New trial (rep=0, index=9): OrderedDict([('instructText', 'You will press “1” if you think the sentence is in the same “part” as the sentence before. ')])
129.9953 	EXP 	text_6: autoDraw = False
129.9953 	EXP 	text_6: text = 'You will press “1” if you think the sentence is in the same “part” as the sentence before. '
129.9953 	EXP 	text_6: autoDraw = True
131.5811 	DATA 	Keypress: space
131.5835 	EXP 	New trial (rep=0, index=10): OrderedDict([('instructText', 'When you press “1” or “9” you will advance to the next sentence. ')])
131.6121 	EXP 	text_6: autoDraw = False
131.6121 	EXP 	text_6: text = 'When you press “1” or “9” you will advance to the next sentence. '
131.6121 	EXP 	text_6: autoDraw = True
136.0144 	DATA 	Keypress: space
136.0167 	EXP 	New trial (rep=0, index=11): OrderedDict([('instructText', 'Do you have any questions?')])
136.0457 	EXP 	text_6: autoDraw = False
136.0457 	EXP 	text_6: text = 'Do you have any questions?'
136.0457 	EXP 	text_6: autoDraw = True
136.8149 	DATA 	Keypress: space
136.8175 	EXP 	Created sequence: random, trialTypes=1, nReps=5, seed=None
136.8180 	EXP 	New trial (rep=0, index=0): None
136.8291 	EXP 	text_6: autoDraw = False
136.8291 	EXP 	text: autoDraw = True
137.3315 	DATA 	Keypress: space
137.3341 	EXP 	New trial (rep=1, index=0): None
137.3458 	EXP 	text: autoDraw = False
137.3458 	EXP 	text: autoDraw = True
138.1144 	DATA 	Keypress: escape
138.4115 	EXP 	window1: mouseVisible = True
