3.3968 	WARNING 	User requested fullscreen with size [1024  768], but screen is actually [2560, 1440]. Using actual size
4.0499 	EXP 	Created window1 = Window(allowGUI=False, allowStencil=False, args=UNKNOWN, autoLog=True, bitsMode=UNKNOWN, blendMode='avg', color=array([0., 0., 0.]), colorSpace='rgb', fullscr=<method-wrapper '__getattribute__' of attributeSetter object at 0x1240decf8>, gamma=None, kwargs=UNKNOWN, lms=UNKNOWN, monitor=<psychopy.monitors.calibTools.Monitor object at 0x125ca8438>, multiSample=False, name='window1', numSamples=2, pos=[0.0, 0.0], screen=0, size=array([5120, 2880]), stereo=False, units='norm', useFBO=True, useRetina=True, viewOri=0.0, viewPos=None, viewScale=None, waitBlanking=True, winType='pyglet')
4.0500 	EXP 	window1: recordFrameIntervals = False
4.2170 	EXP 	window1: recordFrameIntervals = True
4.4006 	EXP 	window1: recordFrameIntervals = False
4.4630 	EXP 	Created welcome_2 = TextStim(__class__=<class 'psychopy.visual.text.TextStim'>, alignHoriz='center', alignVert='center', antialias=True, autoLog=True, bold=False, color='white', colorSpace='named', contrast=1.0, depth=0.0, flipHoriz=False, flipVert=False, font='Arial', fontFiles=[], height=0.1, italic=False, languageStyle='LTR', name='welcome_2', opacity=1.0, ori=0, pos=array([0., 0.]), rgb=array([255., 255., 255.]), text='default text', units='norm', win=Window(...), wrapWidth=1)
4.4664 	EXP 	Created text_17 = TextStim(__class__=<class 'psychopy.visual.text.TextStim'>, alignHoriz='center', alignVert='center', antialias=True, autoLog=True, bold=False, color='white', colorSpace='named', contrast=1.0, depth=-2.0, flipHoriz=False, flipVert=False, font='Arial', fontFiles=[], height=0.1, italic=False, languageStyle='LTR', name='text_17', opacity=1.0, ori=0, pos=array([ 0. , -0.6]), rgb=array([255., 255., 255.]), text='default text', units='norm', win=Window(...), wrapWidth=1)
4.4680 	EXP 	Created image = ImageStim(__class__=<class 'psychopy.visual.image.ImageStim'>, autoLog=True, color=array([1., 1., 1.]), colorSpace='rgb', contrast=1.0, depth=0.0, flipHoriz=False, flipVert=False, image='sin', interpolate=True, mask=None, maskParams=None, name='image', opacity=1.0, ori=0.0, pos=array([0., 0.]), size=array([0.5, 0.5]), texRes=128, units='norm', win=Window(...))
4.4714 	EXP 	Created text_2 = TextStim(__class__=<class 'psychopy.visual.text.TextStim'>, alignHoriz='center', alignVert='center', antialias=True, autoLog=True, bold=False, color='white', colorSpace='named', contrast=1.0, depth=-2.0, flipHoriz=False, flipVert=False, font='Arial', fontFiles=[], height=0.1, italic=False, languageStyle='LTR', name='text_2', opacity=1.0, ori=0, pos=array([ 0. , -0.5]), rgb=array([255., 255., 255.]), text='default text', units='norm', win=Window(...), wrapWidth=1)
4.4747 	EXP 	Created welcome = TextStim(__class__=<class 'psychopy.visual.text.TextStim'>, alignHoriz='center', alignVert='center', antialias=True, autoLog=True, bold=False, color='white', colorSpace='named', contrast=1.0, depth=0.0, flipHoriz=False, flipVert=False, font='Arial', fontFiles=[], height=0.1, italic=False, languageStyle='LTR', name='welcome', opacity=1.0, ori=0, pos=array([0., 0.]), rgb=array([255., 255., 255.]), text='default text', units='norm', win=Window(...), wrapWidth=1)
4.4783 	EXP 	Created text_12 = TextStim(__class__=<class 'psychopy.visual.text.TextStim'>, alignHoriz='center', alignVert='center', antialias=True, autoLog=True, bold=False, color='white', colorSpace='named', contrast=1.0, depth=-2.0, flipHoriz=False, flipVert=False, font='Arial', fontFiles=[], height=0.1, italic=False, languageStyle='LTR', name='text_12', opacity=1.0, ori=0, pos=array([ 0. , -0.6]), rgb=array([255., 255., 255.]), text='default text', units='norm', win=Window(...), wrapWidth=1)
4.4816 	EXP 	Created text_18 = TextStim(__class__=<class 'psychopy.visual.text.TextStim'>, alignHoriz='center', alignVert='center', antialias=True, autoLog=True, bold=False, color='white', colorSpace='named', contrast=1.0, depth=0.0, flipHoriz=False, flipVert=False, font='Arial', fontFiles=[], height=0.1, italic=False, languageStyle='LTR', name='text_18', opacity=1.0, ori=0, pos=array([-0.25,  0.25]), rgb=array([255., 255., 255.]), text='default text', units='norm', win=Window(...), wrapWidth=0.5)
4.4829 	EXP 	Created image_9 = ImageStim(__class__=<class 'psychopy.visual.image.ImageStim'>, autoLog=True, color=array([1., 1., 1.]), colorSpace='rgb', contrast=1.0, depth=-1.0, flipHoriz=False, flipVert=False, image='sin', interpolate=True, mask=None, maskParams=None, name='image_9', opacity=1.0, ori=0.0, pos=array([0.25, 0.25]), size=array([0.5, 0.5]), texRes=128, units='norm', win=Window(...))
4.4863 	EXP 	Created text_8 = TextStim(__class__=<class 'psychopy.visual.text.TextStim'>, alignHoriz='center', alignVert='center', antialias=True, autoLog=True, bold=False, color='white', colorSpace='named', contrast=1.0, depth=0.0, flipHoriz=False, flipVert=False, font='Arial', fontFiles=[], height=0.1, italic=False, languageStyle='LTR', name='text_8', opacity=1.0, ori=0, pos=array([ 0. , -0.4]), rgb=array([255., 255., 255.]), text='default text', units='norm', win=Window(...), wrapWidth=1)
4.4895 	EXP 	Created text_9 = TextStim(__class__=<class 'psychopy.visual.text.TextStim'>, alignHoriz='center', alignVert='center', antialias=True, autoLog=True, bold=False, color='white', colorSpace='named', contrast=1.0, depth=-1.0, flipHoriz=False, flipVert=False, font='Arial', fontFiles=[], height=0.1, italic=False, languageStyle='LTR', name='text_9', opacity=1.0, ori=0, pos=array([-0.25,  0.25]), rgb=array([255., 255., 255.]), text='default text', units='norm', win=Window(...), wrapWidth=0.5)
4.4907 	EXP 	Created image_5 = ImageStim(__class__=<class 'psychopy.visual.image.ImageStim'>, autoLog=True, color=array([1., 1., 1.]), colorSpace='rgb', contrast=1.0, depth=-2.0, flipHoriz=False, flipVert=False, image='sin', interpolate=True, mask=None, maskParams=None, name='image_5', opacity=1.0, ori=0.0, pos=array([0.25, 0.25]), size=array([0.5, 0.5]), texRes=128, units='norm', win=Window(...))
4.4944 	EXP 	Created text_10 = TextStim(__class__=<class 'psychopy.visual.text.TextStim'>, alignHoriz='center', alignVert='center', antialias=True, autoLog=True, bold=False, color='white', colorSpace='named', contrast=1.0, depth=0.0, flipHoriz=False, flipVert=False, font='Arial', fontFiles=[], height=0.1, italic=False, languageStyle='LTR', name='text_10', opacity=1.0, ori=0, pos=array([ 0. , -0.4]), rgb=array([255., 255., 255.]), text='default text', units='norm', win=Window(...), wrapWidth=1)
4.4976 	EXP 	Created text_11 = TextStim(__class__=<class 'psychopy.visual.text.TextStim'>, alignHoriz='center', alignVert='center', antialias=True, autoLog=True, bold=False, color='white', colorSpace='named', contrast=1.0, depth=-1.0, flipHoriz=False, flipVert=False, font='Arial', fontFiles=[], height=0.1, italic=False, languageStyle='LTR', name='text_11', opacity=1.0, ori=0, pos=array([-0.25,  0.25]), rgb=array([255., 255., 255.]), text='default text', units='norm', win=Window(...), wrapWidth=0.5)
4.4988 	EXP 	Created image_6 = ImageStim(__class__=<class 'psychopy.visual.image.ImageStim'>, autoLog=True, color=array([1., 1., 1.]), colorSpace='rgb', contrast=1.0, depth=-2.0, flipHoriz=False, flipVert=False, image='sin', interpolate=True, mask=None, maskParams=None, name='image_6', opacity=1.0, ori=0.0, pos=array([0.25, 0.25]), size=array([0.5, 0.5]), texRes=128, units='norm', win=Window(...))
4.5020 	EXP 	Created text_13 = TextStim(__class__=<class 'psychopy.visual.text.TextStim'>, alignHoriz='center', alignVert='center', antialias=True, autoLog=True, bold=False, color='white', colorSpace='named', contrast=1.0, depth=0.0, flipHoriz=False, flipVert=False, font='Arial', fontFiles=[], height=0.1, italic=False, languageStyle='LTR', name='text_13', opacity=1.0, ori=0, pos=array([ 0. , -0.4]), rgb=array([255., 255., 255.]), text='default text', units='norm', win=Window(...), wrapWidth=1)
4.5053 	EXP 	Created text_14 = TextStim(__class__=<class 'psychopy.visual.text.TextStim'>, alignHoriz='center', alignVert='center', antialias=True, autoLog=True, bold=False, color='white', colorSpace='named', contrast=1.0, depth=-1.0, flipHoriz=False, flipVert=False, font='Arial', fontFiles=[], height=0.1, italic=False, languageStyle='LTR', name='text_14', opacity=1.0, ori=0, pos=array([-0.25,  0.25]), rgb=array([255., 255., 255.]), text='default text', units='norm', win=Window(...), wrapWidth=0.5)
4.5065 	EXP 	Created image_7 = ImageStim(__class__=<class 'psychopy.visual.image.ImageStim'>, autoLog=True, color=array([1., 1., 1.]), colorSpace='rgb', contrast=1.0, depth=-2.0, flipHoriz=False, flipVert=False, image='sin', interpolate=True, mask=None, maskParams=None, name='image_7', opacity=1.0, ori=0.0, pos=array([0.25, 0.25]), size=array([0.5, 0.5]), texRes=128, units='norm', win=Window(...))
4.5109 	EXP 	Created text_15 = TextStim(__class__=<class 'psychopy.visual.text.TextStim'>, alignHoriz='center', alignVert='center', antialias=True, autoLog=True, bold=False, color='white', colorSpace='named', contrast=1.0, depth=0.0, flipHoriz=False, flipVert=False, font='Arial', fontFiles=[], height=0.1, italic=False, languageStyle='LTR', name='text_15', opacity=1.0, ori=0, pos=array([ 0. , -0.4]), rgb=array([255., 255., 255.]), text='default text', units='norm', win=Window(...), wrapWidth=1)
4.5143 	EXP 	Created text_16 = TextStim(__class__=<class 'psychopy.visual.text.TextStim'>, alignHoriz='center', alignVert='center', antialias=True, autoLog=True, bold=False, color='white', colorSpace='named', contrast=1.0, depth=-1.0, flipHoriz=False, flipVert=False, font='Arial', fontFiles=[], height=0.1, italic=False, languageStyle='LTR', name='text_16', opacity=1.0, ori=0, pos=array([-0.25,  0.25]), rgb=array([255., 255., 255.]), text='default text', units='norm', win=Window(...), wrapWidth=0.5)
4.5156 	EXP 	Created image_8 = ImageStim(__class__=<class 'psychopy.visual.image.ImageStim'>, autoLog=True, color=array([1., 1., 1.]), colorSpace='rgb', contrast=1.0, depth=-2.0, flipHoriz=False, flipVert=False, image='sin', interpolate=True, mask=None, maskParams=None, name='image_8', opacity=1.0, ori=0.0, pos=array([0.25, 0.25]), size=array([0.5, 0.5]), texRes=128, units='norm', win=Window(...))
4.5395 	EXP 	Created text_5 = TextStim(__class__=<class 'psychopy.visual.text.TextStim'>, alignHoriz='center', alignVert='center', antialias=True, autoLog=True, bold=False, color='white', colorSpace='named', contrast=1.0, depth=0.0, flipHoriz=False, flipVert=False, font='Arial', fontFiles=[], height=0.1, italic=False, languageStyle='LTR', name='text_5', opacity=1.0, ori=0, pos=array([0., 0.]), rgb=array([255., 255., 255.]), text=str(...), units='norm', win=Window(...), wrapWidth=1)
4.5429 	EXP 	Created question1_2 = TextStim(__class__=<class 'psychopy.visual.text.TextStim'>, alignHoriz='center', alignVert='center', antialias=True, autoLog=True, bold=False, color='white', colorSpace='named', contrast=1.0, depth=-1.0, flipHoriz=False, flipVert=False, font='Arial', fontFiles=[], height=0.1, italic=False, languageStyle='LTR', name='question1_2', opacity=1.0, ori=0, pos=array([0. , 0.6]), rgb=array([255., 255., 255.]), text='default text', units='norm', win=Window(...), wrapWidth=2)
4.5463 	EXP 	Created question2_2 = TextStim(__class__=<class 'psychopy.visual.text.TextStim'>, alignHoriz='center', alignVert='center', antialias=True, autoLog=True, bold=False, color='white', colorSpace='named', contrast=1.0, depth=-2.0, flipHoriz=False, flipVert=False, font='Arial', fontFiles=[], height=0.1, italic=False, languageStyle='LTR', name='question2_2', opacity=1.0, ori=0, pos=array([0.  , 0.35]), rgb=array([255., 255., 255.]), text='default text', units='norm', win=Window(...), wrapWidth=2)
4.5498 	EXP 	Created question3_2 = TextStim(__class__=<class 'psychopy.visual.text.TextStim'>, alignHoriz='center', alignVert='center', antialias=True, autoLog=True, bold=False, color='white', colorSpace='named', contrast=1.0, depth=-3.0, flipHoriz=False, flipVert=False, font='Arial', fontFiles=[], height=0.1, italic=False, languageStyle='LTR', name='question3_2', opacity=1.0, ori=0, pos=array([0.  , 0.12]), rgb=array([255., 255., 255.]), text='default text', units='norm', win=Window(...), wrapWidth=2)
4.5532 	EXP 	Created question4_2 = TextStim(__class__=<class 'psychopy.visual.text.TextStim'>, alignHoriz='center', alignVert='center', antialias=True, autoLog=True, bold=False, color='white', colorSpace='named', contrast=1.0, depth=-4.0, flipHoriz=False, flipVert=False, font='Arial', fontFiles=[], height=0.1, italic=False, languageStyle='LTR', name='question4_2', opacity=1.0, ori=0, pos=array([ 0.  , -0.12]), rgb=array([255., 255., 255.]), text='default text', units='norm', win=Window(...), wrapWidth=2)
4.5565 	EXP 	Created question5_2 = TextStim(__class__=<class 'psychopy.visual.text.TextStim'>, alignHoriz='center', alignVert='center', antialias=True, autoLog=True, bold=False, color='white', colorSpace='named', contrast=1.0, depth=-5.0, flipHoriz=False, flipVert=False, font='Arial', fontFiles=[], height=0.1, italic=False, languageStyle='LTR', name='question5_2', opacity=1.0, ori=0, pos=array([ 0.  , -0.35]), rgb=array([255., 255., 255.]), text='default text', units='norm', win=Window(...), wrapWidth=2)
4.5598 	EXP 	Created question6_2 = TextStim(__class__=<class 'psychopy.visual.text.TextStim'>, alignHoriz='center', alignVert='center', antialias=True, autoLog=True, bold=False, color='white', colorSpace='named', contrast=1.0, depth=-6.0, flipHoriz=False, flipVert=False, font='Arial', fontFiles=[], height=0.1, italic=False, languageStyle='LTR', name='question6_2', opacity=1.0, ori=0, pos=array([ 0. , -0.6]), rgb=array([255., 255., 255.]), text='default text', units='norm', win=Window(...), wrapWidth=2)
4.5611 	EXP 	Created image_3 = ImageStim(__class__=<class 'psychopy.visual.image.ImageStim'>, autoLog=True, color=array([1., 1., 1.]), colorSpace='rgb', contrast=1.0, depth=-8.0, flipHoriz=False, flipVert=False, image='sin', interpolate=True, mask=None, maskParams=None, name='image_3', opacity=1.0, ori=0.0, pos=array([ 0.  , -0.85]), size=array([0.25 , 0.125]), texRes=128, units='norm', win=Window(...))
4.5661 	EXP 	Created text_3 = TextStim(__class__=<class 'psychopy.visual.text.TextStim'>, alignHoriz='center', alignVert='center', antialias=True, autoLog=True, bold=False, color='white', colorSpace='named', contrast=1.0, depth=0.0, flipHoriz=False, flipVert=False, font='Arial', fontFiles=[], height=0.1, italic=False, languageStyle='LTR', name='text_3', opacity=1.0, ori=0, pos=array([0., 0.]), rgb=array([255., 255., 255.]), text='Final Tests', units='norm', win=Window(...), wrapWidth=1)
4.5673 	EXP 	Created image_2 = ImageStim(__class__=<class 'psychopy.visual.image.ImageStim'>, autoLog=True, color=array([1., 1., 1.]), colorSpace='rgb', contrast=1.0, depth=0.0, flipHoriz=False, flipVert=False, image='sin', interpolate=True, mask=None, maskParams=None, name='image_2', opacity=1.0, ori=0.0, pos=array([0., 0.]), size=array([0.5, 0.5]), texRes=128, units='norm', win=Window(...))
4.5708 	EXP 	Created text_4 = TextStim(__class__=<class 'psychopy.visual.text.TextStim'>, alignHoriz='center', alignVert='center', antialias=True, autoLog=True, bold=False, color='white', colorSpace='named', contrast=1.0, depth=-2.0, flipHoriz=False, flipVert=False, font='Arial', fontFiles=[], height=0.1, italic=False, languageStyle='LTR', name='text_4', opacity=1.0, ori=0, pos=array([ 0. , -0.5]), rgb=array([255., 255., 255.]), text='default text', units='norm', win=Window(...), wrapWidth=1)
4.5741 	EXP 	Created question1_3 = TextStim(__class__=<class 'psychopy.visual.text.TextStim'>, alignHoriz='center', alignVert='center', antialias=True, autoLog=True, bold=False, color='white', colorSpace='named', contrast=1.0, depth=-1.0, flipHoriz=False, flipVert=False, font='Arial', fontFiles=[], height=0.1, italic=False, languageStyle='LTR', name='question1_3', opacity=1.0, ori=0, pos=array([0. , 0.6]), rgb=array([255., 255., 255.]), text='default text', units='norm', win=Window(...), wrapWidth=2)
4.5775 	EXP 	Created question2_3 = TextStim(__class__=<class 'psychopy.visual.text.TextStim'>, alignHoriz='center', alignVert='center', antialias=True, autoLog=True, bold=False, color='white', colorSpace='named', contrast=1.0, depth=-2.0, flipHoriz=False, flipVert=False, font='Arial', fontFiles=[], height=0.1, italic=False, languageStyle='LTR', name='question2_3', opacity=1.0, ori=0, pos=array([0.  , 0.35]), rgb=array([255., 255., 255.]), text='default text', units='norm', win=Window(...), wrapWidth=2)
4.5808 	EXP 	Created question3_3 = TextStim(__class__=<class 'psychopy.visual.text.TextStim'>, alignHoriz='center', alignVert='center', antialias=True, autoLog=True, bold=False, color='white', colorSpace='named', contrast=1.0, depth=-3.0, flipHoriz=False, flipVert=False, font='Arial', fontFiles=[], height=0.1, italic=False, languageStyle='LTR', name='question3_3', opacity=1.0, ori=0, pos=array([0.  , 0.12]), rgb=array([255., 255., 255.]), text='default text', units='norm', win=Window(...), wrapWidth=2)
4.5841 	EXP 	Created question4_3 = TextStim(__class__=<class 'psychopy.visual.text.TextStim'>, alignHoriz='center', alignVert='center', antialias=True, autoLog=True, bold=False, color='white', colorSpace='named', contrast=1.0, depth=-4.0, flipHoriz=False, flipVert=False, font='Arial', fontFiles=[], height=0.1, italic=False, languageStyle='LTR', name='question4_3', opacity=1.0, ori=0, pos=array([ 0.  , -0.12]), rgb=array([255., 255., 255.]), text='default text', units='norm', win=Window(...), wrapWidth=2)
4.5875 	EXP 	Created question5_3 = TextStim(__class__=<class 'psychopy.visual.text.TextStim'>, alignHoriz='center', alignVert='center', antialias=True, autoLog=True, bold=False, color='white', colorSpace='named', contrast=1.0, depth=-5.0, flipHoriz=False, flipVert=False, font='Arial', fontFiles=[], height=0.1, italic=False, languageStyle='LTR', name='question5_3', opacity=1.0, ori=0, pos=array([ 0.  , -0.35]), rgb=array([255., 255., 255.]), text='default text', units='norm', win=Window(...), wrapWidth=2)
4.5908 	EXP 	Created question6_3 = TextStim(__class__=<class 'psychopy.visual.text.TextStim'>, alignHoriz='center', alignVert='center', antialias=True, autoLog=True, bold=False, color='white', colorSpace='named', contrast=1.0, depth=-6.0, flipHoriz=False, flipVert=False, font='Arial', fontFiles=[], height=0.1, italic=False, languageStyle='LTR', name='question6_3', opacity=1.0, ori=0, pos=array([ 0. , -0.6]), rgb=array([255., 255., 255.]), text='default text', units='norm', win=Window(...), wrapWidth=2)
4.5921 	EXP 	Created image_4 = ImageStim(__class__=<class 'psychopy.visual.image.ImageStim'>, autoLog=True, color=array([1., 1., 1.]), colorSpace='rgb', contrast=1.0, depth=-8.0, flipHoriz=False, flipVert=False, image='sin', interpolate=True, mask=None, maskParams=None, name='image_4', opacity=1.0, ori=0.0, pos=array([ 0.  , -0.85]), size=array([0.25 , 0.125]), texRes=128, units='norm', win=Window(...))
4.5953 	EXP 	Created text_6 = TextStim(__class__=<class 'psychopy.visual.text.TextStim'>, alignHoriz='center', alignVert='center', antialias=True, autoLog=True, bold=False, color='white', colorSpace='named', contrast=1.0, depth=-1.0, flipHoriz=False, flipVert=False, font='Arial', fontFiles=[], height=0.1, italic=False, languageStyle='LTR', name='text_6', opacity=1.0, ori=0, pos=array([0., 0.]), rgb=array([255., 255., 255.]), text='default text', units='norm', win=Window(...), wrapWidth=1)
4.5996 	EXP 	Created text = TextStim(__class__=<class 'psychopy.visual.text.TextStim'>, alignHoriz='center', alignVert='center', antialias=True, autoLog=True, bold=False, color='white', colorSpace='named', contrast=1.0, depth=0.0, flipHoriz=False, flipVert=False, font='Arial', fontFiles=[], height=0.1, italic=False, languageStyle='LTR', name='text', opacity=1.0, ori=0, pos=array([0., 0.]), rgb=array([255., 255., 255.]), text='end of introduction', units='norm', win=Window(...), wrapWidth=1)
4.6065 	EXP 	Imported instructions.xlsx as conditions, 7 conditions, 2 params
4.6067 	EXP 	Created sequence: sequential, trialTypes=7, nReps=1, seed=None
4.6069 	EXP 	New trial (rep=0, index=0): OrderedDict([('instruct_text', 'Welcome to the Job Simulator Task!'), ('instruct_text2', '(press the space bar to continue)')])
4.6482 	EXP 	welcome_2: text = 'Welcome to the Job Simulator Task!'
4.6482 	EXP 	text_17: text = '(press the space bar to continue)'
4.6482 	EXP 	welcome_2: autoDraw = True
4.6482 	EXP 	text_17: autoDraw = True
5.2369 	DATA 	Keypress: space
5.2377 	EXP 	New trial (rep=0, index=1): OrderedDict([('instruct_text', 'In this task, you first be introduced to the perspectives of 8 different careers. '), ('instruct_text2', None)])
5.2681 	EXP 	welcome_2: autoDraw = False
5.2681 	EXP 	text_17: autoDraw = False
5.2681 	EXP 	welcome_2: text = 'In this task, you first be introduced to the perspectives of 8 different careers. '
5.2681 	EXP 	text_17: text = '(press the space bar to continue)'
5.2681 	EXP 	welcome_2: autoDraw = True
5.2681 	EXP 	text_17: autoDraw = True
5.7029 	DATA 	Keypress: q
5.7077 	EXP 	Imported jobsPics.xlsx as conditions, 8 conditions, 2 params
5.7079 	EXP 	Created sequence: random, trialTypes=8, nReps=1, seed=None
5.7081 	EXP 	New trial (rep=0, index=0): OrderedDict([('rolePic', 'jobphotos/business_reporter.jpg'), ('job', 'Business Reporter')])
5.7847 	EXP 	welcome_2: autoDraw = False
5.7847 	EXP 	text_17: autoDraw = False
5.7847 	EXP 	image: image = 'jobphotos/business_reporter.jpg'
5.7847 	EXP 	text_2: text = 'Business Reporter'
5.7847 	EXP 	image: autoDraw = True
5.7847 	EXP 	text_2: autoDraw = True
6.6025 	DATA 	Keypress: q
6.6078 	EXP 	Imported instructions2.xlsx as conditions, 10 conditions, 2 params
6.6081 	EXP 	Created sequence: sequential, trialTypes=10, nReps=1, seed=None
6.6083 	EXP 	New trial (rep=0, index=0): OrderedDict([('instruct_text', 'In addition to reading all 16 stories, your task will be to answer perspective-related questions about each story.\n'), ('instruct_text2', '(press the space bar to continue)')])
6.6521 	EXP 	image: autoDraw = False
6.6521 	EXP 	text_2: autoDraw = False
6.6521 	EXP 	welcome: text = 'In addition to reading all 16 stories, your task will be to answer perspective-related questions about each story.\n'
6.6521 	EXP 	text_12: text = '(press the space bar to continue)'
6.6521 	EXP 	welcome: autoDraw = True
6.6521 	EXP 	text_12: autoDraw = True
7.4858 	DATA 	Keypress: q
7.4927 	EXP 	Imported whichRole.xlsx as conditions, 8 conditions, 8 params
7.4929 	EXP 	Created sequence: random, trialTypes=8, nReps=1, seed=None
7.4932 	EXP 	New trial (rep=0, index=0): OrderedDict([('Q1', 'How does the person who is initiating the breakup feel before they do it?\n'), ('Q2', 'Why does the initiator want to break up?\n'), ('Q3', 'How does the person being broken up with respond?\n'), ('Q4', 'Do the partners leave on good terms?'), ('D1', 'Does the person being broken up with expect that this is coming?'), ('D2', 'For how long has the initiator been wanting to break up?'), ('roleName', 'Couples Therapist\n'), ('rolePic', 'jobphotos/couples.jpeg')])
7.4934 	EXP 	Created sequence: sequential, trialTypes=1, nReps=5, seed=None
7.4935 	EXP 	New trial (rep=0, index=0): None
7.4989 	WARNING 	Requested image 'jobphotos/couples.jpeg' not found but similar filename 'jobphotos/couples.jpg' exists. This will be used instead but changing the filename is advised.
7.5187 	EXP 	welcome: autoDraw = False
7.5187 	EXP 	text_12: autoDraw = False
7.5187 	EXP 	text_18: text = 'Couples Therapist\n'
7.5187 	EXP 	image_9: image = 'jobphotos/couples.jpeg'
7.5187 	EXP 	text_18: autoDraw = True
7.5187 	EXP 	image_9: autoDraw = True
8.2524 	DATA 	Keypress: space
8.2700 	WARNING 	Requested image 'jobphotos/couples.jpeg' not found but similar filename 'jobphotos/couples.jpg' exists. This will be used instead but changing the filename is advised.
8.3018 	EXP 	text_18: autoDraw = False
8.3018 	EXP 	image_9: autoDraw = False
8.3018 	EXP 	text_8: text = 'A: How does the person who is initiating the breakup feel before they do it?\n'
8.3018 	EXP 	text_9: text = 'Couples Therapist\n'
8.3018 	EXP 	image_5: image = 'jobphotos/couples.jpeg'
8.3018 	EXP 	text_8: autoDraw = True
8.3018 	EXP 	text_9: autoDraw = True
8.3018 	EXP 	image_5: autoDraw = True
9.3546 	DATA 	Keypress: q
9.7877 	DATA 	Keypress: q
10.0709 	DATA 	Keypress: space
10.0835 	WARNING 	Requested image 'jobphotos/couples.jpeg' not found but similar filename 'jobphotos/couples.jpg' exists. This will be used instead but changing the filename is advised.
10.1198 	EXP 	text_8: autoDraw = False
10.1198 	EXP 	text_9: autoDraw = False
10.1198 	EXP 	image_5: autoDraw = False
10.1198 	EXP 	text_10: text = 'B: Why does the initiator want to break up?\n'
10.1198 	EXP 	text_11: text = 'Couples Therapist\n'
10.1198 	EXP 	image_6: image = 'jobphotos/couples.jpeg'
10.1198 	EXP 	text_10: autoDraw = True
10.1198 	EXP 	text_11: autoDraw = True
10.1198 	EXP 	image_6: autoDraw = True
10.5536 	DATA 	Keypress: space
10.5676 	WARNING 	Requested image 'jobphotos/couples.jpeg' not found but similar filename 'jobphotos/couples.jpg' exists. This will be used instead but changing the filename is advised.
10.6029 	EXP 	text_10: autoDraw = False
10.6029 	EXP 	text_11: autoDraw = False
10.6029 	EXP 	image_6: autoDraw = False
10.6029 	EXP 	text_13: text = 'C: How does the person being broken up with respond?\n'
10.6029 	EXP 	text_14: text = 'Couples Therapist\n'
10.6029 	EXP 	image_7: image = 'jobphotos/couples.jpeg'
10.6029 	EXP 	text_13: autoDraw = True
10.6029 	EXP 	text_14: autoDraw = True
10.6029 	EXP 	image_7: autoDraw = True
11.0201 	DATA 	Keypress: space
11.0338 	WARNING 	Requested image 'jobphotos/couples.jpeg' not found but similar filename 'jobphotos/couples.jpg' exists. This will be used instead but changing the filename is advised.
11.0688 	EXP 	text_13: autoDraw = False
11.0688 	EXP 	text_14: autoDraw = False
11.0688 	EXP 	image_7: autoDraw = False
11.0688 	EXP 	text_15: text = 'D: Do the partners leave on good terms?'
11.0688 	EXP 	text_16: text = 'Couples Therapist\n'
11.0688 	EXP 	image_8: image = 'jobphotos/couples.jpeg'
11.0688 	EXP 	text_15: autoDraw = True
11.0688 	EXP 	text_16: autoDraw = True
11.0688 	EXP 	image_8: autoDraw = True
11.5036 	DATA 	Keypress: space
11.5194 	EXP 	text_15: autoDraw = False
11.5194 	EXP 	text_16: autoDraw = False
11.5194 	EXP 	image_8: autoDraw = False
11.5194 	EXP 	text_5: autoDraw = True
12.4370 	DATA 	Keypress: q
13.4385 	DATA 	Keypress: space
13.4448 	EXP 	Created unnamed ImageStim = ImageStim(__class__=<class 'psychopy.visual.image.ImageStim'>, autoLog=True, color=array([1., 1., 1.]), colorSpace='rgb', contrast=1.0, depth=0, flipHoriz=False, flipVert=False, image='checkmark.png', interpolate=False, mask=None, maskParams=None, name='unnamed ImageStim', opacity=1.0, ori=0.0, pos=array([0., 0.]), size=array([0.2703125 , 0.47222222]), texRes=128, units='norm', win=Window(...))
13.4495 	EXP 	Created unnamed ImageStim = ImageStim(__class__=<class 'psychopy.visual.image.ImageStim'>, autoLog=True, color=array([1., 1., 1.]), colorSpace='rgb', contrast=1.0, depth=0, flipHoriz=False, flipVert=False, image='redx.png', interpolate=False, mask=None, maskParams=None, name='unnamed ImageStim', opacity=1.0, ori=0.0, pos=array([0., 0.]), size=array([0.28125, 0.5    ]), texRes=128, units='norm', win=Window(...))
13.4620 	EXP 	Created unnamed ImageStim = ImageStim(__class__=<class 'psychopy.visual.image.ImageStim'>, autoLog=True, color=array([1., 1., 1.]), colorSpace='rgb', contrast=1.0, depth=0, flipHoriz=False, flipVert=False, image='thumbsup.png', interpolate=False, mask=None, maskParams=None, name='unnamed ImageStim', opacity=1.0, ori=0.0, pos=array([0., 0.]), size=array([0.375 , 0.7125]), texRes=128, units='norm', win=Window(...))
13.5675 	EXP 	text_5: autoDraw = False
13.5675 	EXP 	question1_2: text = '1: Why does the initiator want to break up?\n'
13.5675 	EXP 	question2_2: text = '2: Does the person being broken up with expect that this is coming?'
13.5675 	EXP 	question3_2: text = '3: For how long has the initiator been wanting to break up?'
13.5675 	EXP 	question4_2: text = '4: How does the person being broken up with respond?\n'
13.5675 	EXP 	question5_2: text = '5: Do the partners leave on good terms?'
13.5675 	EXP 	question6_2: text = '6: How does the person who is initiating the breakup feel before they do it?\n'
13.5675 	EXP 	question1_2: autoDraw = True
13.5675 	EXP 	question2_2: autoDraw = True
13.5675 	EXP 	question3_2: autoDraw = True
13.5675 	EXP 	question4_2: autoDraw = True
13.5675 	EXP 	question5_2: autoDraw = True
13.5675 	EXP 	question6_2: autoDraw = True
13.5675 	EXP 	image_3: autoDraw = True
13.5675 	EXP 	question1_2: autoDraw = False
13.5675 	EXP 	question2_2: autoDraw = False
13.5675 	EXP 	question3_2: autoDraw = False
13.5675 	EXP 	question4_2: autoDraw = False
13.5675 	EXP 	question5_2: autoDraw = False
13.5675 	EXP 	question6_2: autoDraw = False
13.5675 	EXP 	image_3: autoDraw = False
13.5675 	EXP 	text_3: autoDraw = True
14.5437 	EXP 	Imported whichRole.xlsx as conditions, 8 conditions, 8 params
14.5439 	EXP 	Created sequence: sequential, trialTypes=8, nReps=1, seed=None
14.5442 	EXP 	New trial (rep=0, index=0): OrderedDict([('Q1', 'What industry are the business people in?'), ('Q2', 'What is being negotiated and how much money is at stake?'), ('Q3', 'What is the response to the proposed deal?'), ('Q4', 'What comes about from the business proposal?'), ('D1', 'Is the deal fair?'), ('D2', 'How long does it take to make the deal?'), ('roleName', 'Business Reporter'), ('rolePic', 'jobphotos/business_reporter.jpg')])
14.5445 	EXP 	Created sequence: random, trialTypes=1, nReps=5, seed=None
14.5446 	EXP 	New trial (rep=0, index=0): None
14.5636 	DATA 	Keypress: q
14.5879 	EXP 	text_3: autoDraw = False
14.5879 	EXP 	text_3: autoDraw = False
14.5879 	EXP 	image_2: image = 'jobphotos/business_reporter.jpg'
14.5879 	EXP 	text_4: text = 'Business Reporter'
14.5879 	EXP 	image_2: autoDraw = True
14.5879 	EXP 	text_4: autoDraw = True
15.6222 	DATA 	Keypress: escape
15.8918 	EXP 	window1: mouseVisible = True
