2.1007 	WARNING 	sounddevice audio lib was requested but not loaded: sounddevice not working
6.1660 	WARNING 	User requested fullscreen with size [1024  768], but screen is actually [1440, 900]. Using actual size
6.8660 	EXP 	Created window1 = Window(allowGUI=False, allowStencil=False, args=UNKNOWN, autoLog=True, bitsMode=UNKNOWN, blendMode='avg', color=array([0., 0., 0.]), colorSpace='rgb', fullscr=<method-wrapper '__getattribute__' of attributeSetter object at 0x10e4c6cf8>, gamma=None, kwargs=UNKNOWN, lms=UNKNOWN, monitor=<psychopy.monitors.calibTools.Monitor object at 0x1108157b8>, multiSample=False, name='window1', numSamples=2, pos=[0.0, 0.0], screen=0, size=array([1440,  900]), stereo=False, units='norm', useFBO=True, useRetina=False, viewOri=0.0, viewPos=None, viewScale=None, waitBlanking=True, winType='pyglet')
6.8660 	EXP 	window1: recordFrameIntervals = False
7.0324 	EXP 	window1: recordFrameIntervals = True
7.2155 	EXP 	window1: recordFrameIntervals = False
7.3650 	EXP 	Created welcome_2 = TextStim(__class__=<class 'psychopy.visual.text.TextStim'>, alignHoriz='center', alignVert='center', antialias=True, autoLog=True, bold=False, color='white', colorSpace='named', contrast=1.0, depth=0.0, flipHoriz=False, flipVert=False, font='Arial', fontFiles=[], height=0.1, italic=False, languageStyle='LTR', name='welcome_2', opacity=1.0, ori=0, pos=array([0. , 0.7]), rgb=array([255., 255., 255.]), text='default text', units='norm', win=Window(...), wrapWidth=1)
7.3675 	EXP 	Created image_10 = ImageStim(__class__=<class 'psychopy.visual.image.ImageStim'>, autoLog=True, color=array([1., 1., 1.]), colorSpace='rgb', contrast=1.0, depth=-3.0, flipHoriz=False, flipVert=False, image='sin', interpolate=True, mask=None, maskParams=None, name='image_10', opacity=1.0, ori=0.0, pos=array([ 0. , -0.3]), size=array([1.3, 1.3]), texRes=128, units='norm', win=Window(...))
7.3695 	EXP 	Created image = ImageStim(__class__=<class 'psychopy.visual.image.ImageStim'>, autoLog=True, color=array([1., 1., 1.]), colorSpace='rgb', contrast=1.0, depth=0.0, flipHoriz=False, flipVert=False, image='sin', interpolate=True, mask=None, maskParams=None, name='image', opacity=1.0, ori=0.0, pos=array([0., 0.]), size=array([0.75, 0.75]), texRes=128, units='norm', win=Window(...))
7.3750 	EXP 	Created text_2 = TextStim(__class__=<class 'psychopy.visual.text.TextStim'>, alignHoriz='center', alignVert='center', antialias=True, autoLog=True, bold=False, color='white', colorSpace='named', contrast=1.0, depth=-2.0, flipHoriz=False, flipVert=False, font='Arial', fontFiles=[], height=0.1, italic=False, languageStyle='LTR', name='text_2', opacity=1.0, ori=0, pos=array([ 0. , -0.6]), rgb=array([255., 255., 255.]), text='default text', units='norm', win=Window(...), wrapWidth=1)
7.3799 	EXP 	Created welcome = TextStim(__class__=<class 'psychopy.visual.text.TextStim'>, alignHoriz='center', alignVert='center', antialias=True, autoLog=True, bold=False, color='white', colorSpace='named', contrast=1.0, depth=0.0, flipHoriz=False, flipVert=False, font='Arial', fontFiles=[], height=0.1, italic=False, languageStyle='LTR', name='welcome', opacity=1.0, ori=0, pos=array([0., 0.]), rgb=array([255., 255., 255.]), text='default text', units='norm', win=Window(...), wrapWidth=1)
7.3857 	EXP 	Created text_12 = TextStim(__class__=<class 'psychopy.visual.text.TextStim'>, alignHoriz='center', alignVert='center', antialias=True, autoLog=True, bold=False, color='white', colorSpace='named', contrast=1.0, depth=-2.0, flipHoriz=False, flipVert=False, font='Arial', fontFiles=[], height=0.1, italic=False, languageStyle='LTR', name='text_12', opacity=1.0, ori=0, pos=array([ 0. , -0.6]), rgb=array([255., 255., 255.]), text='default text', units='norm', win=Window(...), wrapWidth=1)
7.3929 	EXP 	Created text_18 = TextStim(__class__=<class 'psychopy.visual.text.TextStim'>, alignHoriz='center', alignVert='center', antialias=True, autoLog=True, bold=False, color='white', colorSpace='named', contrast=1.0, depth=0.0, flipHoriz=False, flipVert=False, font='Arial', fontFiles=[], height=0.1, italic=False, languageStyle='LTR', name='text_18', opacity=1.0, ori=0, pos=array([-0.25,  0.25]), rgb=array([255., 255., 255.]), text='default text', units='norm', win=Window(...), wrapWidth=0.5)
7.3949 	EXP 	Created image_9 = ImageStim(__class__=<class 'psychopy.visual.image.ImageStim'>, autoLog=True, color=array([1., 1., 1.]), colorSpace='rgb', contrast=1.0, depth=-1.0, flipHoriz=False, flipVert=False, image='sin', interpolate=True, mask=None, maskParams=None, name='image_9', opacity=1.0, ori=0.0, pos=array([0.25, 0.25]), size=array([0.75, 0.75]), texRes=128, units='norm', win=Window(...))
7.4000 	EXP 	Created text_8 = TextStim(__class__=<class 'psychopy.visual.text.TextStim'>, alignHoriz='center', alignVert='center', antialias=True, autoLog=True, bold=False, color='white', colorSpace='named', contrast=1.0, depth=0.0, flipHoriz=False, flipVert=False, font='Arial', fontFiles=[], height=0.1, italic=False, languageStyle='LTR', name='text_8', opacity=1.0, ori=0, pos=array([ 0. , -0.4]), rgb=array([255., 255., 255.]), text='default text', units='norm', win=Window(...), wrapWidth=1)
7.4049 	EXP 	Created text_9 = TextStim(__class__=<class 'psychopy.visual.text.TextStim'>, alignHoriz='center', alignVert='center', antialias=True, autoLog=True, bold=False, color='white', colorSpace='named', contrast=1.0, depth=-1.0, flipHoriz=False, flipVert=False, font='Arial', fontFiles=[], height=0.1, italic=False, languageStyle='LTR', name='text_9', opacity=1.0, ori=0, pos=array([-0.25,  0.25]), rgb=array([255., 255., 255.]), text='default text', units='norm', win=Window(...), wrapWidth=0.5)
7.4070 	EXP 	Created image_5 = ImageStim(__class__=<class 'psychopy.visual.image.ImageStim'>, autoLog=True, color=array([1., 1., 1.]), colorSpace='rgb', contrast=1.0, depth=-2.0, flipHoriz=False, flipVert=False, image='sin', interpolate=True, mask=None, maskParams=None, name='image_5', opacity=1.0, ori=0.0, pos=array([0.25, 0.25]), size=array([0.75, 0.75]), texRes=128, units='norm', win=Window(...))
7.4126 	EXP 	Created text_10 = TextStim(__class__=<class 'psychopy.visual.text.TextStim'>, alignHoriz='center', alignVert='center', antialias=True, autoLog=True, bold=False, color='white', colorSpace='named', contrast=1.0, depth=0.0, flipHoriz=False, flipVert=False, font='Arial', fontFiles=[], height=0.1, italic=False, languageStyle='LTR', name='text_10', opacity=1.0, ori=0, pos=array([ 0. , -0.4]), rgb=array([255., 255., 255.]), text='default text', units='norm', win=Window(...), wrapWidth=1)
7.4178 	EXP 	Created text_11 = TextStim(__class__=<class 'psychopy.visual.text.TextStim'>, alignHoriz='center', alignVert='center', antialias=True, autoLog=True, bold=False, color='white', colorSpace='named', contrast=1.0, depth=-1.0, flipHoriz=False, flipVert=False, font='Arial', fontFiles=[], height=0.1, italic=False, languageStyle='LTR', name='text_11', opacity=1.0, ori=0, pos=array([-0.25,  0.25]), rgb=array([255., 255., 255.]), text='default text', units='norm', win=Window(...), wrapWidth=0.5)
7.4198 	EXP 	Created image_6 = ImageStim(__class__=<class 'psychopy.visual.image.ImageStim'>, autoLog=True, color=array([1., 1., 1.]), colorSpace='rgb', contrast=1.0, depth=-2.0, flipHoriz=False, flipVert=False, image='sin', interpolate=True, mask=None, maskParams=None, name='image_6', opacity=1.0, ori=0.0, pos=array([0.25, 0.25]), size=array([0.75, 0.75]), texRes=128, units='norm', win=Window(...))
7.4247 	EXP 	Created text_13 = TextStim(__class__=<class 'psychopy.visual.text.TextStim'>, alignHoriz='center', alignVert='center', antialias=True, autoLog=True, bold=False, color='white', colorSpace='named', contrast=1.0, depth=0.0, flipHoriz=False, flipVert=False, font='Arial', fontFiles=[], height=0.1, italic=False, languageStyle='LTR', name='text_13', opacity=1.0, ori=0, pos=array([ 0. , -0.4]), rgb=array([255., 255., 255.]), text='default text', units='norm', win=Window(...), wrapWidth=1)
7.4296 	EXP 	Created text_14 = TextStim(__class__=<class 'psychopy.visual.text.TextStim'>, alignHoriz='center', alignVert='center', antialias=True, autoLog=True, bold=False, color='white', colorSpace='named', contrast=1.0, depth=-1.0, flipHoriz=False, flipVert=False, font='Arial', fontFiles=[], height=0.1, italic=False, languageStyle='LTR', name='text_14', opacity=1.0, ori=0, pos=array([-0.25,  0.25]), rgb=array([255., 255., 255.]), text='default text', units='norm', win=Window(...), wrapWidth=0.5)
7.4316 	EXP 	Created image_7 = ImageStim(__class__=<class 'psychopy.visual.image.ImageStim'>, autoLog=True, color=array([1., 1., 1.]), colorSpace='rgb', contrast=1.0, depth=-2.0, flipHoriz=False, flipVert=False, image='sin', interpolate=True, mask=None, maskParams=None, name='image_7', opacity=1.0, ori=0.0, pos=array([0.25, 0.25]), size=array([0.5, 0.5]), texRes=128, units='norm', win=Window(...))
7.4367 	EXP 	Created text_15 = TextStim(__class__=<class 'psychopy.visual.text.TextStim'>, alignHoriz='center', alignVert='center', antialias=True, autoLog=True, bold=False, color='white', colorSpace='named', contrast=1.0, depth=0.0, flipHoriz=False, flipVert=False, font='Arial', fontFiles=[], height=0.1, italic=False, languageStyle='LTR', name='text_15', opacity=1.0, ori=0, pos=array([ 0. , -0.4]), rgb=array([255., 255., 255.]), text='default text', units='norm', win=Window(...), wrapWidth=1)
7.4419 	EXP 	Created text_16 = TextStim(__class__=<class 'psychopy.visual.text.TextStim'>, alignHoriz='center', alignVert='center', antialias=True, autoLog=True, bold=False, color='white', colorSpace='named', contrast=1.0, depth=-1.0, flipHoriz=False, flipVert=False, font='Arial', fontFiles=[], height=0.1, italic=False, languageStyle='LTR', name='text_16', opacity=1.0, ori=0, pos=array([-0.25,  0.25]), rgb=array([255., 255., 255.]), text='default text', units='norm', win=Window(...), wrapWidth=0.5)
7.4440 	EXP 	Created image_8 = ImageStim(__class__=<class 'psychopy.visual.image.ImageStim'>, autoLog=True, color=array([1., 1., 1.]), colorSpace='rgb', contrast=1.0, depth=-2.0, flipHoriz=False, flipVert=False, image='sin', interpolate=True, mask=None, maskParams=None, name='image_8', opacity=1.0, ori=0.0, pos=array([0.25, 0.25]), size=array([0.75, 0.75]), texRes=128, units='norm', win=Window(...))
7.4680 	EXP 	Created text_5 = TextStim(__class__=<class 'psychopy.visual.text.TextStim'>, alignHoriz='center', alignVert='center', antialias=True, autoLog=True, bold=False, color='white', colorSpace='named', contrast=1.0, depth=0.0, flipHoriz=False, flipVert=False, font='Arial', fontFiles=[], height=0.1, italic=False, languageStyle='LTR', name='text_5', opacity=1.0, ori=0, pos=array([0., 0.]), rgb=array([255., 255., 255.]), text=str(...), units='norm', win=Window(...), wrapWidth=1)
7.4737 	EXP 	Created question1_2 = TextStim(__class__=<class 'psychopy.visual.text.TextStim'>, alignHoriz='center', alignVert='center', antialias=True, autoLog=True, bold=False, color='white', colorSpace='named', contrast=1.0, depth=-1.0, flipHoriz=False, flipVert=False, font='Arial', fontFiles=[], height=0.1, italic=False, languageStyle='LTR', name='question1_2', opacity=1.0, ori=0, pos=array([0. , 0.6]), rgb=array([255., 255., 255.]), text='default text', units='norm', win=Window(...), wrapWidth=2)
7.4789 	EXP 	Created question2_2 = TextStim(__class__=<class 'psychopy.visual.text.TextStim'>, alignHoriz='center', alignVert='center', antialias=True, autoLog=True, bold=False, color='white', colorSpace='named', contrast=1.0, depth=-2.0, flipHoriz=False, flipVert=False, font='Arial', fontFiles=[], height=0.1, italic=False, languageStyle='LTR', name='question2_2', opacity=1.0, ori=0, pos=array([0.  , 0.35]), rgb=array([255., 255., 255.]), text='default text', units='norm', win=Window(...), wrapWidth=2)
7.4841 	EXP 	Created question3_2 = TextStim(__class__=<class 'psychopy.visual.text.TextStim'>, alignHoriz='center', alignVert='center', antialias=True, autoLog=True, bold=False, color='white', colorSpace='named', contrast=1.0, depth=-3.0, flipHoriz=False, flipVert=False, font='Arial', fontFiles=[], height=0.1, italic=False, languageStyle='LTR', name='question3_2', opacity=1.0, ori=0, pos=array([0.  , 0.12]), rgb=array([255., 255., 255.]), text='default text', units='norm', win=Window(...), wrapWidth=2)
7.4891 	EXP 	Created question4_2 = TextStim(__class__=<class 'psychopy.visual.text.TextStim'>, alignHoriz='center', alignVert='center', antialias=True, autoLog=True, bold=False, color='white', colorSpace='named', contrast=1.0, depth=-4.0, flipHoriz=False, flipVert=False, font='Arial', fontFiles=[], height=0.1, italic=False, languageStyle='LTR', name='question4_2', opacity=1.0, ori=0, pos=array([ 0.  , -0.12]), rgb=array([255., 255., 255.]), text='default text', units='norm', win=Window(...), wrapWidth=2)
7.4942 	EXP 	Created question5_2 = TextStim(__class__=<class 'psychopy.visual.text.TextStim'>, alignHoriz='center', alignVert='center', antialias=True, autoLog=True, bold=False, color='white', colorSpace='named', contrast=1.0, depth=-5.0, flipHoriz=False, flipVert=False, font='Arial', fontFiles=[], height=0.1, italic=False, languageStyle='LTR', name='question5_2', opacity=1.0, ori=0, pos=array([ 0.  , -0.35]), rgb=array([255., 255., 255.]), text='default text', units='norm', win=Window(...), wrapWidth=2)
7.4995 	EXP 	Created question6_2 = TextStim(__class__=<class 'psychopy.visual.text.TextStim'>, alignHoriz='center', alignVert='center', antialias=True, autoLog=True, bold=False, color='white', colorSpace='named', contrast=1.0, depth=-6.0, flipHoriz=False, flipVert=False, font='Arial', fontFiles=[], height=0.1, italic=False, languageStyle='LTR', name='question6_2', opacity=1.0, ori=0, pos=array([ 0. , -0.6]), rgb=array([255., 255., 255.]), text='default text', units='norm', win=Window(...), wrapWidth=2)
7.5016 	EXP 	Created image_3 = ImageStim(__class__=<class 'psychopy.visual.image.ImageStim'>, autoLog=True, color=array([1., 1., 1.]), colorSpace='rgb', contrast=1.0, depth=-8.0, flipHoriz=False, flipVert=False, image='sin', interpolate=True, mask=None, maskParams=None, name='image_3', opacity=1.0, ori=0.0, pos=array([ 0.  , -0.85]), size=array([0.25 , 0.125]), texRes=128, units='norm', win=Window(...))
7.5135 	EXP 	Created text_3 = TextStim(__class__=<class 'psychopy.visual.text.TextStim'>, alignHoriz='center', alignVert='center', antialias=True, autoLog=True, bold=False, color='white', colorSpace='named', contrast=1.0, depth=0.0, flipHoriz=False, flipVert=False, font='Arial', fontFiles=[], height=0.1, italic=False, languageStyle='LTR', name='text_3', opacity=1.0, ori=0, pos=array([0., 0.]), rgb=array([255., 255., 255.]), text='Final Tests', units='norm', win=Window(...), wrapWidth=1)
7.5161 	EXP 	Created image_2 = ImageStim(__class__=<class 'psychopy.visual.image.ImageStim'>, autoLog=True, color=array([1., 1., 1.]), colorSpace='rgb', contrast=1.0, depth=0.0, flipHoriz=False, flipVert=False, image='sin', interpolate=True, mask=None, maskParams=None, name='image_2', opacity=1.0, ori=0.0, pos=array([0., 0.]), size=array([0.5, 0.5]), texRes=128, units='norm', win=Window(...))
7.5215 	EXP 	Created text_4 = TextStim(__class__=<class 'psychopy.visual.text.TextStim'>, alignHoriz='center', alignVert='center', antialias=True, autoLog=True, bold=False, color='white', colorSpace='named', contrast=1.0, depth=-2.0, flipHoriz=False, flipVert=False, font='Arial', fontFiles=[], height=0.1, italic=False, languageStyle='LTR', name='text_4', opacity=1.0, ori=0, pos=array([ 0. , -0.5]), rgb=array([255., 255., 255.]), text='default text', units='norm', win=Window(...), wrapWidth=1)
7.5265 	EXP 	Created question1_3 = TextStim(__class__=<class 'psychopy.visual.text.TextStim'>, alignHoriz='center', alignVert='center', antialias=True, autoLog=True, bold=False, color='white', colorSpace='named', contrast=1.0, depth=-1.0, flipHoriz=False, flipVert=False, font='Arial', fontFiles=[], height=0.1, italic=False, languageStyle='LTR', name='question1_3', opacity=1.0, ori=0, pos=array([0. , 0.6]), rgb=array([255., 255., 255.]), text='default text', units='norm', win=Window(...), wrapWidth=2)
7.5348 	EXP 	Created question2_3 = TextStim(__class__=<class 'psychopy.visual.text.TextStim'>, alignHoriz='center', alignVert='center', antialias=True, autoLog=True, bold=False, color='white', colorSpace='named', contrast=1.0, depth=-2.0, flipHoriz=False, flipVert=False, font='Arial', fontFiles=[], height=0.1, italic=False, languageStyle='LTR', name='question2_3', opacity=1.0, ori=0, pos=array([0.  , 0.35]), rgb=array([255., 255., 255.]), text='default text', units='norm', win=Window(...), wrapWidth=2)
7.5422 	EXP 	Created question3_3 = TextStim(__class__=<class 'psychopy.visual.text.TextStim'>, alignHoriz='center', alignVert='center', antialias=True, autoLog=True, bold=False, color='white', colorSpace='named', contrast=1.0, depth=-3.0, flipHoriz=False, flipVert=False, font='Arial', fontFiles=[], height=0.1, italic=False, languageStyle='LTR', name='question3_3', opacity=1.0, ori=0, pos=array([0.  , 0.12]), rgb=array([255., 255., 255.]), text='default text', units='norm', win=Window(...), wrapWidth=2)
7.5474 	EXP 	Created question4_3 = TextStim(__class__=<class 'psychopy.visual.text.TextStim'>, alignHoriz='center', alignVert='center', antialias=True, autoLog=True, bold=False, color='white', colorSpace='named', contrast=1.0, depth=-4.0, flipHoriz=False, flipVert=False, font='Arial', fontFiles=[], height=0.1, italic=False, languageStyle='LTR', name='question4_3', opacity=1.0, ori=0, pos=array([ 0.  , -0.12]), rgb=array([255., 255., 255.]), text='default text', units='norm', win=Window(...), wrapWidth=2)
7.5526 	EXP 	Created question5_3 = TextStim(__class__=<class 'psychopy.visual.text.TextStim'>, alignHoriz='center', alignVert='center', antialias=True, autoLog=True, bold=False, color='white', colorSpace='named', contrast=1.0, depth=-5.0, flipHoriz=False, flipVert=False, font='Arial', fontFiles=[], height=0.1, italic=False, languageStyle='LTR', name='question5_3', opacity=1.0, ori=0, pos=array([ 0.  , -0.35]), rgb=array([255., 255., 255.]), text='default text', units='norm', win=Window(...), wrapWidth=2)
7.5611 	EXP 	Created question6_3 = TextStim(__class__=<class 'psychopy.visual.text.TextStim'>, alignHoriz='center', alignVert='center', antialias=True, autoLog=True, bold=False, color='white', colorSpace='named', contrast=1.0, depth=-6.0, flipHoriz=False, flipVert=False, font='Arial', fontFiles=[], height=0.1, italic=False, languageStyle='LTR', name='question6_3', opacity=1.0, ori=0, pos=array([ 0. , -0.6]), rgb=array([255., 255., 255.]), text='default text', units='norm', win=Window(...), wrapWidth=2)
7.5638 	EXP 	Created image_4 = ImageStim(__class__=<class 'psychopy.visual.image.ImageStim'>, autoLog=True, color=array([1., 1., 1.]), colorSpace='rgb', contrast=1.0, depth=-8.0, flipHoriz=False, flipVert=False, image='sin', interpolate=True, mask=None, maskParams=None, name='image_4', opacity=1.0, ori=0.0, pos=array([ 0.  , -0.85]), size=array([0.25 , 0.125]), texRes=128, units='norm', win=Window(...))
7.5696 	EXP 	Created text_6 = TextStim(__class__=<class 'psychopy.visual.text.TextStim'>, alignHoriz='center', alignVert='center', antialias=True, autoLog=True, bold=False, color='white', colorSpace='named', contrast=1.0, depth=-1.0, flipHoriz=False, flipVert=False, font='Arial', fontFiles=[], height=0.1, italic=False, languageStyle='LTR', name='text_6', opacity=1.0, ori=0, pos=array([0., 0.]), rgb=array([255., 255., 255.]), text='default text', units='norm', win=Window(...), wrapWidth=1)
7.5760 	EXP 	Created text = TextStim(__class__=<class 'psychopy.visual.text.TextStim'>, alignHoriz='center', alignVert='center', antialias=True, autoLog=True, bold=False, color='white', colorSpace='named', contrast=1.0, depth=0.0, flipHoriz=False, flipVert=False, font='Arial', fontFiles=[], height=0.1, italic=False, languageStyle='LTR', name='text', opacity=1.0, ori=0, pos=array([0., 0.]), rgb=array([255., 255., 255.]), text='end of introduction', units='norm', win=Window(...), wrapWidth=1)
7.5991 	EXP 	Imported instructions.xlsx as conditions, 8 conditions, 2 params
7.5995 	EXP 	Created sequence: sequential, trialTypes=8, nReps=1, seed=None
7.5998 	EXP 	New trial (rep=0, index=0): OrderedDict([('instruct_text', 'Welcome to the Job Simulator Task!'), ('this_pic', 'instructions_photos/pixel.png')])
7.7324 	EXP 	welcome_2: text = 'Welcome to the Job Simulator Task!'
7.7324 	EXP 	image_10: image = 'instructions_photos/pixel.png'
7.7324 	EXP 	welcome_2: autoDraw = True
7.7324 	EXP 	image_10: autoDraw = True
8.1555 	DATA 	Keypress: space
8.1674 	EXP 	New trial (rep=0, index=1): OrderedDict([('instruct_text', 'In this task, you’ll first be introduced to the perspectives of 8 different jobs. '), ('this_pic', 'instructions_photos/i1.png')])
8.5490 	EXP 	welcome_2: autoDraw = False
8.5490 	EXP 	image_10: autoDraw = False
8.5490 	EXP 	welcome_2: text = 'In this task, you’ll first be introduced to the perspectives of 8 different jobs. '
8.5490 	EXP 	image_10: image = 'instructions_photos/i1.png'
8.5490 	EXP 	welcome_2: autoDraw = True
8.5490 	EXP 	image_10: autoDraw = True
9.0024 	DATA 	Keypress: space
9.0179 	EXP 	New trial (rep=0, index=2): OrderedDict([('instruct_text', 'You’ll then learn 4 questions associated with each perspective. '), ('this_pic', 'instructions_photos/i2.png')])
9.3324 	EXP 	welcome_2: autoDraw = False
9.3324 	EXP 	image_10: autoDraw = False
9.3324 	EXP 	welcome_2: text = 'You’ll then learn 4 questions associated with each perspective. '
9.3324 	EXP 	image_10: image = 'instructions_photos/i2.png'
9.3324 	EXP 	welcome_2: autoDraw = True
9.3324 	EXP 	image_10: autoDraw = True
9.9676 	DATA 	Keypress: space
9.9700 	EXP 	New trial (rep=0, index=3): OrderedDict([('instruct_text', 'Subsequently, you will be asked to apply those perspectives and questions to 8 stories.'), ('this_pic', 'instructions_photos/i3.png')])
10.2990 	EXP 	welcome_2: autoDraw = False
10.2990 	EXP 	image_10: autoDraw = False
10.2990 	EXP 	welcome_2: text = 'Subsequently, you will be asked to apply those perspectives and questions to 8 stories.'
10.2990 	EXP 	image_10: image = 'instructions_photos/i3.png'
10.2990 	EXP 	welcome_2: autoDraw = True
10.2990 	EXP 	image_10: autoDraw = True
10.9682 	DATA 	Keypress: space
10.9847 	EXP 	New trial (rep=0, index=4): OrderedDict([('instruct_text', 'For each story you read, you will be asked to assume one of the perspectives. '), ('this_pic', 'instructions_photos/i3.png')])
11.2990 	EXP 	welcome_2: autoDraw = False
11.2990 	EXP 	image_10: autoDraw = False
11.2990 	EXP 	welcome_2: text = 'For each story you read, you will be asked to assume one of the perspectives. '
11.2990 	EXP 	image_10: image = 'instructions_photos/i3.png'
11.2990 	EXP 	welcome_2: autoDraw = True
11.2990 	EXP 	image_10: autoDraw = True
11.6840 	DATA 	Keypress: space
11.6863 	EXP 	New trial (rep=0, index=5): OrderedDict([('instruct_text', 'While reading, try to remember the perspective and the questions of that perspective. '), ('this_pic', 'instructions_photos/i3.png')])
11.9986 	EXP 	welcome_2: autoDraw = False
11.9986 	EXP 	image_10: autoDraw = False
11.9986 	EXP 	welcome_2: text = 'While reading, try to remember the perspective and the questions of that perspective. '
11.9986 	EXP 	image_10: image = 'instructions_photos/i3.png'
11.9986 	EXP 	welcome_2: autoDraw = True
11.9986 	EXP 	image_10: autoDraw = True
12.3180 	DATA 	Keypress: space
12.3204 	EXP 	New trial (rep=0, index=6): OrderedDict([('instruct_text', 'After you’re finished reading all the stories, you will be asked to recall the stories and answer questions about them. '), ('this_pic', 'instructions_photos/i4.png')])
12.6492 	EXP 	welcome_2: autoDraw = False
12.6492 	EXP 	image_10: autoDraw = False
12.6492 	EXP 	welcome_2: text = 'After you’re finished reading all the stories, you will be asked to recall the stories and answer questions about them. '
12.6492 	EXP 	image_10: image = 'instructions_photos/i4.png'
12.6492 	EXP 	welcome_2: autoDraw = True
12.6492 	EXP 	image_10: autoDraw = True
13.3517 	DATA 	Keypress: space
13.3541 	EXP 	New trial (rep=0, index=7): OrderedDict([('instruct_text', 'Let’s begin! The 8 perspectives are as follows:'), ('this_pic', None)])
13.3825 	EXP 	welcome_2: autoDraw = False
13.3825 	EXP 	image_10: autoDraw = False
13.3825 	EXP 	welcome_2: text = 'Let’s begin! The 8 perspectives are as follows:'
13.3825 	EXP 	image_10: image = None
13.3825 	EXP 	welcome_2: autoDraw = True
13.3825 	EXP 	image_10: autoDraw = True
13.9849 	DATA 	Keypress: space
14.0017 	EXP 	Imported jobsPics.xlsx as conditions, 8 conditions, 2 params
14.0021 	EXP 	Created sequence: random, trialTypes=8, nReps=1, seed=None
14.0026 	EXP 	New trial (rep=0, index=0): OrderedDict([('rolePic', 'jobphotos/restaurant_critic.jpg'), ('job', 'Restaurant Critic')])
14.0493 	EXP 	welcome_2: autoDraw = False
14.0493 	EXP 	image_10: autoDraw = False
14.0493 	EXP 	image: image = 'jobphotos/restaurant_critic.jpg'
14.0493 	EXP 	text_2: text = 'Restaurant Critic'
14.0493 	EXP 	image: autoDraw = True
14.0493 	EXP 	text_2: autoDraw = True
16.1038 	DATA 	Keypress: space
16.1187 	EXP 	New trial (rep=0, index=1): OrderedDict([('rolePic', 'jobphotos/gscem.jpg'), ('job', 'Grocery Store Customer Experience Manager\n')])
16.1826 	EXP 	image: autoDraw = False
16.1826 	EXP 	text_2: autoDraw = False
16.1826 	EXP 	image: image = 'jobphotos/gscem.jpg'
16.1826 	EXP 	text_2: text = 'Grocery Store Customer Experience Manager\n'
16.1826 	EXP 	image: autoDraw = True
16.1826 	EXP 	text_2: autoDraw = True
18.1016 	DATA 	Keypress: space
18.1039 	EXP 	New trial (rep=0, index=2): OrderedDict([('rolePic', 'jobphotos/dean.jpg'), ('job', 'Dean of Academic Studies')])
18.1656 	EXP 	image: autoDraw = False
18.1656 	EXP 	text_2: autoDraw = False
18.1656 	EXP 	image: image = 'jobphotos/dean.jpg'
18.1656 	EXP 	text_2: text = 'Dean of Academic Studies'
18.1656 	EXP 	image: autoDraw = True
18.1656 	EXP 	text_2: autoDraw = True
19.3851 	DATA 	Keypress: space
19.3875 	EXP 	New trial (rep=0, index=3): OrderedDict([('rolePic', 'jobphotos/weddingplanner.jpg'), ('job', 'Wedding Planner')])
19.4495 	EXP 	image: autoDraw = False
19.4495 	EXP 	text_2: autoDraw = False
19.4495 	EXP 	image: image = 'jobphotos/weddingplanner.jpg'
19.4495 	EXP 	text_2: text = 'Wedding Planner'
19.4495 	EXP 	image: autoDraw = True
19.4495 	EXP 	text_2: autoDraw = True
20.4516 	DATA 	Keypress: space
20.4540 	EXP 	New trial (rep=0, index=4): OrderedDict([('rolePic', 'jobphotos/business_reporter.jpg'), ('job', 'Business Reporter')])
20.4996 	EXP 	image: autoDraw = False
20.4996 	EXP 	text_2: autoDraw = False
20.4996 	EXP 	image: image = 'jobphotos/business_reporter.jpg'
20.4996 	EXP 	text_2: text = 'Business Reporter'
20.4996 	EXP 	image: autoDraw = True
20.4996 	EXP 	text_2: autoDraw = True
21.4019 	DATA 	Keypress: space
21.4043 	EXP 	New trial (rep=0, index=5): OrderedDict([('rolePic', 'jobphotos/matchmaker.jpg'), ('job', 'Matchmaker')])
21.4659 	EXP 	image: autoDraw = False
21.4659 	EXP 	text_2: autoDraw = False
21.4659 	EXP 	image: image = 'jobphotos/matchmaker.jpg'
21.4659 	EXP 	text_2: text = 'Matchmaker'
21.4659 	EXP 	image: autoDraw = True
21.4659 	EXP 	text_2: autoDraw = True
22.3020 	DATA 	Keypress: space
22.3044 	EXP 	New trial (rep=0, index=6): OrderedDict([('rolePic', 'jobphotos/acem.jpg'), ('job', 'Airport Customer Experience Manager')])
22.3660 	EXP 	image: autoDraw = False
22.3660 	EXP 	text_2: autoDraw = False
22.3660 	EXP 	image: image = 'jobphotos/acem.jpg'
22.3660 	EXP 	text_2: text = 'Airport Customer Experience Manager'
22.3660 	EXP 	image: autoDraw = True
22.3660 	EXP 	text_2: autoDraw = True
23.1356 	DATA 	Keypress: space
23.1380 	EXP 	New trial (rep=0, index=7): OrderedDict([('rolePic', 'jobphotos/couples.jpeg'), ('job', 'Couples Therapist\n')])
23.1383 	WARNING 	Requested image 'jobphotos/couples.jpeg' not found but similar filename 'jobphotos/couples.jpg' exists. This will be used instead but changing the filename is advised.
23.1994 	EXP 	image: autoDraw = False
23.1994 	EXP 	text_2: autoDraw = False
23.1994 	EXP 	image: image = 'jobphotos/couples.jpeg'
23.1994 	EXP 	text_2: text = 'Couples Therapist\n'
23.1994 	EXP 	image: autoDraw = True
23.1994 	EXP 	text_2: autoDraw = True
24.0189 	DATA 	Keypress: space
24.0404 	EXP 	Imported instructions2.xlsx as conditions, 6 conditions, 2 params
24.0408 	EXP 	Created sequence: sequential, trialTypes=6, nReps=1, seed=None
24.0412 	EXP 	New trial (rep=0, index=0): OrderedDict([('instruct_text', 'Each of these perspectives will be applied to one story. '), ('instruct_text2', '(press space to continue)')])
24.0829 	EXP 	image: autoDraw = False
24.0829 	EXP 	text_2: autoDraw = False
24.0829 	EXP 	welcome: text = 'Each of these perspectives will be applied to one story. '
24.0829 	EXP 	text_12: text = '(press space to continue)'
24.0829 	EXP 	welcome: autoDraw = True
24.0829 	EXP 	text_12: autoDraw = True
26.0021 	DATA 	Keypress: space
26.0047 	EXP 	New trial (rep=0, index=1): OrderedDict([('instruct_text', 'Each perspective has 4 questions, and you will answer these questions about each story.'), ('instruct_text2', None)])
26.0500 	EXP 	welcome: autoDraw = False
26.0500 	EXP 	text_12: autoDraw = False
26.0500 	EXP 	welcome: text = 'Each perspective has 4 questions, and you will answer these questions about each story.'
26.0500 	EXP 	text_12: text = '(press space to continue)'
26.0500 	EXP 	welcome: autoDraw = True
26.0500 	EXP 	text_12: autoDraw = True
27.8022 	DATA 	Keypress: space
27.8046 	EXP 	New trial (rep=0, index=2): OrderedDict([('instruct_text', 'You’ll answer these questions about each story after reading all 8 stories. '), ('instruct_text2', None)])
27.8336 	EXP 	welcome: autoDraw = False
27.8336 	EXP 	text_12: autoDraw = False
27.8336 	EXP 	welcome: text = 'You’ll answer these questions about each story after reading all 8 stories. '
27.8336 	EXP 	text_12: text = '(press space to continue)'
27.8336 	EXP 	welcome: autoDraw = True
27.8336 	EXP 	text_12: autoDraw = True
29.6194 	DATA 	Keypress: space
29.6217 	EXP 	New trial (rep=0, index=3): OrderedDict([('instruct_text', 'You’ll learn these questions with a series of pre-task quizzes and then the story reading will begin.'), ('instruct_text2', None)])
29.6665 	EXP 	welcome: autoDraw = False
29.6665 	EXP 	text_12: autoDraw = False
29.6665 	EXP 	welcome: text = 'You’ll learn these questions with a series of pre-task quizzes and then the story reading will begin.'
29.6665 	EXP 	text_12: text = '(press space to continue)'
29.6665 	EXP 	welcome: autoDraw = True
29.6665 	EXP 	text_12: autoDraw = True
30.1527 	DATA 	Keypress: space
30.1551 	EXP 	New trial (rep=0, index=4): OrderedDict([('instruct_text', 'Once the story-reading task has begun, remember your answers to the questions for each story.'), ('instruct_text2', None)])
30.1999 	EXP 	welcome: autoDraw = False
30.1999 	EXP 	text_12: autoDraw = False
30.1999 	EXP 	welcome: text = 'Once the story-reading task has begun, remember your answers to the questions for each story.'
30.1999 	EXP 	text_12: text = '(press space to continue)'
30.1999 	EXP 	welcome: autoDraw = True
30.1999 	EXP 	text_12: autoDraw = True
30.6022 	DATA 	Keypress: space
30.6046 	EXP 	New trial (rep=0, index=5): OrderedDict([('instruct_text', 'Press the space bar to begin learning the perspectives and the questions for each one.'), ('instruct_text2', None)])
30.6501 	EXP 	welcome: autoDraw = False
30.6501 	EXP 	text_12: autoDraw = False
30.6501 	EXP 	welcome: text = 'Press the space bar to begin learning the perspectives and the questions for each one.'
30.6501 	EXP 	text_12: text = '(press space to continue)'
30.6501 	EXP 	welcome: autoDraw = True
30.6501 	EXP 	text_12: autoDraw = True
30.9856 	DATA 	Keypress: space
31.0109 	EXP 	Imported whichRole.xlsx as conditions, 8 conditions, 8 params
31.0113 	EXP 	Created sequence: random, trialTypes=8, nReps=1, seed=None
31.0117 	EXP 	New trial (rep=0, index=0): OrderedDict([('Q1', 'What industry are the business people in?'), ('Q2', 'What is being negotiated and how much money is at stake?'), ('Q3', 'What is the response to the proposed deal?'), ('Q4', 'What comes about from the business proposal?'), ('D1', 'Is the deal fair?'), ('D2', 'How long does it take to make the deal?'), ('roleName', 'Business Reporter'), ('rolePic', 'jobphotos/business_reporter.jpg')])
31.0121 	EXP 	Created sequence: sequential, trialTypes=1, nReps=5, seed=None
31.0124 	EXP 	New trial (rep=0, index=0): None
31.0666 	EXP 	welcome: autoDraw = False
31.0666 	EXP 	text_12: autoDraw = False
31.0666 	EXP 	text_18: text = 'Business Reporter'
31.0666 	EXP 	image_9: image = 'jobphotos/business_reporter.jpg'
31.0666 	EXP 	text_18: autoDraw = True
31.0666 	EXP 	image_9: autoDraw = True
32.9364 	DATA 	Keypress: space
33.0001 	EXP 	text_18: autoDraw = False
33.0001 	EXP 	image_9: autoDraw = False
33.0001 	EXP 	text_8: text = 'A: What industry are the business people in?'
33.0001 	EXP 	text_9: text = 'Business Reporter'
33.0001 	EXP 	image_5: image = 'jobphotos/business_reporter.jpg'
33.0001 	EXP 	text_8: autoDraw = True
33.0001 	EXP 	text_9: autoDraw = True
33.0001 	EXP 	image_5: autoDraw = True
34.2025 	DATA 	Keypress: space
34.2668 	EXP 	text_8: autoDraw = False
34.2668 	EXP 	text_9: autoDraw = False
34.2668 	EXP 	image_5: autoDraw = False
34.2668 	EXP 	text_10: text = 'B: What is being negotiated and how much money is at stake?'
34.2668 	EXP 	text_11: text = 'Business Reporter'
34.2668 	EXP 	image_6: image = 'jobphotos/business_reporter.jpg'
34.2668 	EXP 	text_10: autoDraw = True
34.2668 	EXP 	text_11: autoDraw = True
34.2668 	EXP 	image_6: autoDraw = True
34.8859 	DATA 	Keypress: space
34.9341 	EXP 	text_10: autoDraw = False
34.9341 	EXP 	text_11: autoDraw = False
34.9341 	EXP 	image_6: autoDraw = False
34.9341 	EXP 	text_13: text = 'C: What is the response to the proposed deal?'
34.9341 	EXP 	text_14: text = 'Business Reporter'
34.9341 	EXP 	image_7: image = 'jobphotos/business_reporter.jpg'
34.9341 	EXP 	text_13: autoDraw = True
34.9341 	EXP 	text_14: autoDraw = True
34.9341 	EXP 	image_7: autoDraw = True
35.9884 	DATA 	Keypress: space
36.0670 	EXP 	text_13: autoDraw = False
36.0670 	EXP 	text_14: autoDraw = False
36.0670 	EXP 	image_7: autoDraw = False
36.0670 	EXP 	text_15: text = 'D: What comes about from the business proposal?'
36.0670 	EXP 	text_16: text = 'Business Reporter'
36.0670 	EXP 	image_8: image = 'jobphotos/business_reporter.jpg'
36.0670 	EXP 	text_15: autoDraw = True
36.0670 	EXP 	text_16: autoDraw = True
36.0670 	EXP 	image_8: autoDraw = True
37.7529 	DATA 	Keypress: space
37.7672 	EXP 	text_15: autoDraw = False
37.7672 	EXP 	text_16: autoDraw = False
37.7672 	EXP 	image_8: autoDraw = False
37.7672 	EXP 	text_5: autoDraw = True
38.7527 	DATA 	Keypress: space
38.7744 	EXP 	Created unnamed ImageStim = ImageStim(__class__=<class 'psychopy.visual.image.ImageStim'>, autoLog=True, color=array([1., 1., 1.]), colorSpace='rgb', contrast=1.0, depth=0, flipHoriz=False, flipVert=False, image='checkmark.png', interpolate=False, mask=None, maskParams=None, name='unnamed ImageStim', opacity=1.0, ori=0.0, pos=array([0., 0.]), size=array([0.48055556, 0.75555556]), texRes=128, units='norm', win=Window(...))
38.7829 	EXP 	Created unnamed ImageStim = ImageStim(__class__=<class 'psychopy.visual.image.ImageStim'>, autoLog=True, color=array([1., 1., 1.]), colorSpace='rgb', contrast=1.0, depth=0, flipHoriz=False, flipVert=False, image='redx.png', interpolate=False, mask=None, maskParams=None, name='unnamed ImageStim', opacity=1.0, ori=0.0, pos=array([0., 0.]), size=array([0.5, 0.8]), texRes=128, units='norm', win=Window(...))
38.8078 	EXP 	Created unnamed ImageStim = ImageStim(__class__=<class 'psychopy.visual.image.ImageStim'>, autoLog=True, color=array([1., 1., 1.]), colorSpace='rgb', contrast=1.0, depth=0, flipHoriz=False, flipVert=False, image='thumbsup.png', interpolate=False, mask=None, maskParams=None, name='unnamed ImageStim', opacity=1.0, ori=0.0, pos=array([0., 0.]), size=array([0.66666667, 1.14      ]), texRes=128, units='norm', win=Window(...))
38.9343 	EXP 	text_5: autoDraw = False
38.9343 	EXP 	question1_2: text = '1: Is the deal fair?'
38.9343 	EXP 	question2_2: text = '2: What comes about from the business proposal?'
38.9343 	EXP 	question3_2: text = '3: What industry are the business people in?'
38.9343 	EXP 	question4_2: text = '4: What is being negotiated and how much money is at stake?'
38.9343 	EXP 	question5_2: text = '5: What is the response to the proposed deal?'
38.9343 	EXP 	question6_2: text = '6: How long does it take to make the deal?'
38.9343 	EXP 	question1_2: autoDraw = True
38.9343 	EXP 	question2_2: autoDraw = True
38.9343 	EXP 	question3_2: autoDraw = True
38.9343 	EXP 	question4_2: autoDraw = True
38.9343 	EXP 	question5_2: autoDraw = True
38.9343 	EXP 	question6_2: autoDraw = True
38.9343 	EXP 	image_3: autoDraw = True
39.2775 	DATA 	Keypress: space
40.0368 	DATA 	Keypress: space
40.9603 	DATA 	Keypress: escape
41.2461 	EXP 	window1: mouseVisible = True
