2.0752 	WARNING 	sounddevice audio lib was requested but not loaded: sounddevice not working
6.6546 	WARNING 	User requested fullscreen with size [1024  768], but screen is actually [1440, 900]. Using actual size
7.3633 	EXP 	Created window1 = Window(allowGUI=False, allowStencil=False, args=UNKNOWN, autoLog=True, bitsMode=UNKNOWN, blendMode='avg', color=array([0., 0., 0.]), colorSpace='rgb', fullscr=<method-wrapper '__getattribute__' of attributeSetter object at 0x10e4dcd30>, gamma=None, kwargs=UNKNOWN, lms=UNKNOWN, monitor=<psychopy.monitors.calibTools.Monitor object at 0x112197828>, multiSample=False, name='window1', numSamples=2, pos=[0.0, 0.0], screen=0, size=array([1440,  900]), stereo=False, units='norm', useFBO=True, useRetina=False, viewOri=0.0, viewPos=None, viewScale=None, waitBlanking=True, winType='pyglet')
7.3634 	EXP 	window1: recordFrameIntervals = False
7.5285 	EXP 	window1: recordFrameIntervals = True
7.7128 	EXP 	window1: recordFrameIntervals = False
7.8595 	EXP 	Created welcome_2 = TextStim(__class__=<class 'psychopy.visual.text.TextStim'>, alignHoriz='center', alignVert='center', antialias=True, autoLog=True, bold=False, color='white', colorSpace='named', contrast=1.0, depth=0.0, flipHoriz=False, flipVert=False, font='Arial', fontFiles=[], height=0.1, italic=False, languageStyle='LTR', name='welcome_2', opacity=1.0, ori=0, pos=array([0. , 0.7]), rgb=array([255., 255., 255.]), text='default text', units='norm', win=Window(...), wrapWidth=1)
7.8618 	EXP 	Created image_10 = ImageStim(__class__=<class 'psychopy.visual.image.ImageStim'>, autoLog=True, color=array([1., 1., 1.]), colorSpace='rgb', contrast=1.0, depth=-3.0, flipHoriz=False, flipVert=False, image='sin', interpolate=True, mask=None, maskParams=None, name='image_10', opacity=1.0, ori=0.0, pos=array([ 0. , -0.3]), size=array([1.3, 1.3]), texRes=128, units='norm', win=Window(...))
7.8637 	EXP 	Created image = ImageStim(__class__=<class 'psychopy.visual.image.ImageStim'>, autoLog=True, color=array([1., 1., 1.]), colorSpace='rgb', contrast=1.0, depth=0.0, flipHoriz=False, flipVert=False, image='sin', interpolate=True, mask=None, maskParams=None, name='image', opacity=1.0, ori=0.0, pos=array([0., 0.]), size=array([0.75, 0.75]), texRes=128, units='norm', win=Window(...))
7.8692 	EXP 	Created text_2 = TextStim(__class__=<class 'psychopy.visual.text.TextStim'>, alignHoriz='center', alignVert='center', antialias=True, autoLog=True, bold=False, color='white', colorSpace='named', contrast=1.0, depth=-2.0, flipHoriz=False, flipVert=False, font='Arial', fontFiles=[], height=0.1, italic=False, languageStyle='LTR', name='text_2', opacity=1.0, ori=0, pos=array([ 0. , -0.6]), rgb=array([255., 255., 255.]), text='default text', units='norm', win=Window(...), wrapWidth=1)
7.8774 	EXP 	Created welcome = TextStim(__class__=<class 'psychopy.visual.text.TextStim'>, alignHoriz='center', alignVert='center', antialias=True, autoLog=True, bold=False, color='white', colorSpace='named', contrast=1.0, depth=0.0, flipHoriz=False, flipVert=False, font='Arial', fontFiles=[], height=0.1, italic=False, languageStyle='LTR', name='welcome', opacity=1.0, ori=0, pos=array([0., 0.]), rgb=array([255., 255., 255.]), text='default text', units='norm', win=Window(...), wrapWidth=1)
7.8842 	EXP 	Created text_12 = TextStim(__class__=<class 'psychopy.visual.text.TextStim'>, alignHoriz='center', alignVert='center', antialias=True, autoLog=True, bold=False, color='white', colorSpace='named', contrast=1.0, depth=-2.0, flipHoriz=False, flipVert=False, font='Arial', fontFiles=[], height=0.1, italic=False, languageStyle='LTR', name='text_12', opacity=1.0, ori=0, pos=array([ 0. , -0.6]), rgb=array([255., 255., 255.]), text='default text', units='norm', win=Window(...), wrapWidth=1)
7.8894 	EXP 	Created text_18 = TextStim(__class__=<class 'psychopy.visual.text.TextStim'>, alignHoriz='center', alignVert='center', antialias=True, autoLog=True, bold=False, color='white', colorSpace='named', contrast=1.0, depth=0.0, flipHoriz=False, flipVert=False, font='Arial', fontFiles=[], height=0.1, italic=False, languageStyle='LTR', name='text_18', opacity=1.0, ori=0, pos=array([-0.25,  0.25]), rgb=array([255., 255., 255.]), text='default text', units='norm', win=Window(...), wrapWidth=0.5)
7.8916 	EXP 	Created image_9 = ImageStim(__class__=<class 'psychopy.visual.image.ImageStim'>, autoLog=True, color=array([1., 1., 1.]), colorSpace='rgb', contrast=1.0, depth=-1.0, flipHoriz=False, flipVert=False, image='sin', interpolate=True, mask=None, maskParams=None, name='image_9', opacity=1.0, ori=0.0, pos=array([0.25, 0.25]), size=array([0.75, 0.75]), texRes=128, units='norm', win=Window(...))
7.8970 	EXP 	Created text_8 = TextStim(__class__=<class 'psychopy.visual.text.TextStim'>, alignHoriz='center', alignVert='center', antialias=True, autoLog=True, bold=False, color='white', colorSpace='named', contrast=1.0, depth=0.0, flipHoriz=False, flipVert=False, font='Arial', fontFiles=[], height=0.1, italic=False, languageStyle='LTR', name='text_8', opacity=1.0, ori=0, pos=array([ 0. , -0.4]), rgb=array([255., 255., 255.]), text='default text', units='norm', win=Window(...), wrapWidth=1)
7.9020 	EXP 	Created text_9 = TextStim(__class__=<class 'psychopy.visual.text.TextStim'>, alignHoriz='center', alignVert='center', antialias=True, autoLog=True, bold=False, color='white', colorSpace='named', contrast=1.0, depth=-1.0, flipHoriz=False, flipVert=False, font='Arial', fontFiles=[], height=0.1, italic=False, languageStyle='LTR', name='text_9', opacity=1.0, ori=0, pos=array([-0.25,  0.25]), rgb=array([255., 255., 255.]), text='default text', units='norm', win=Window(...), wrapWidth=0.5)
7.9042 	EXP 	Created image_5 = ImageStim(__class__=<class 'psychopy.visual.image.ImageStim'>, autoLog=True, color=array([1., 1., 1.]), colorSpace='rgb', contrast=1.0, depth=-2.0, flipHoriz=False, flipVert=False, image='sin', interpolate=True, mask=None, maskParams=None, name='image_5', opacity=1.0, ori=0.0, pos=array([0.25, 0.25]), size=array([0.75, 0.75]), texRes=128, units='norm', win=Window(...))
7.9090 	EXP 	Created text_10 = TextStim(__class__=<class 'psychopy.visual.text.TextStim'>, alignHoriz='center', alignVert='center', antialias=True, autoLog=True, bold=False, color='white', colorSpace='named', contrast=1.0, depth=0.0, flipHoriz=False, flipVert=False, font='Arial', fontFiles=[], height=0.1, italic=False, languageStyle='LTR', name='text_10', opacity=1.0, ori=0, pos=array([ 0. , -0.4]), rgb=array([255., 255., 255.]), text='default text', units='norm', win=Window(...), wrapWidth=1)
7.9141 	EXP 	Created text_11 = TextStim(__class__=<class 'psychopy.visual.text.TextStim'>, alignHoriz='center', alignVert='center', antialias=True, autoLog=True, bold=False, color='white', colorSpace='named', contrast=1.0, depth=-1.0, flipHoriz=False, flipVert=False, font='Arial', fontFiles=[], height=0.1, italic=False, languageStyle='LTR', name='text_11', opacity=1.0, ori=0, pos=array([-0.25,  0.25]), rgb=array([255., 255., 255.]), text='default text', units='norm', win=Window(...), wrapWidth=0.5)
7.9164 	EXP 	Created image_6 = ImageStim(__class__=<class 'psychopy.visual.image.ImageStim'>, autoLog=True, color=array([1., 1., 1.]), colorSpace='rgb', contrast=1.0, depth=-2.0, flipHoriz=False, flipVert=False, image='sin', interpolate=True, mask=None, maskParams=None, name='image_6', opacity=1.0, ori=0.0, pos=array([0.25, 0.25]), size=array([0.75, 0.75]), texRes=128, units='norm', win=Window(...))
7.9219 	EXP 	Created text_13 = TextStim(__class__=<class 'psychopy.visual.text.TextStim'>, alignHoriz='center', alignVert='center', antialias=True, autoLog=True, bold=False, color='white', colorSpace='named', contrast=1.0, depth=0.0, flipHoriz=False, flipVert=False, font='Arial', fontFiles=[], height=0.1, italic=False, languageStyle='LTR', name='text_13', opacity=1.0, ori=0, pos=array([ 0. , -0.4]), rgb=array([255., 255., 255.]), text='default text', units='norm', win=Window(...), wrapWidth=1)
7.9269 	EXP 	Created text_14 = TextStim(__class__=<class 'psychopy.visual.text.TextStim'>, alignHoriz='center', alignVert='center', antialias=True, autoLog=True, bold=False, color='white', colorSpace='named', contrast=1.0, depth=-1.0, flipHoriz=False, flipVert=False, font='Arial', fontFiles=[], height=0.1, italic=False, languageStyle='LTR', name='text_14', opacity=1.0, ori=0, pos=array([-0.25,  0.25]), rgb=array([255., 255., 255.]), text='default text', units='norm', win=Window(...), wrapWidth=0.5)
7.9293 	EXP 	Created image_7 = ImageStim(__class__=<class 'psychopy.visual.image.ImageStim'>, autoLog=True, color=array([1., 1., 1.]), colorSpace='rgb', contrast=1.0, depth=-2.0, flipHoriz=False, flipVert=False, image='sin', interpolate=True, mask=None, maskParams=None, name='image_7', opacity=1.0, ori=0.0, pos=array([0.25, 0.25]), size=array([0.75, 0.75]), texRes=128, units='norm', win=Window(...))
7.9344 	EXP 	Created text_15 = TextStim(__class__=<class 'psychopy.visual.text.TextStim'>, alignHoriz='center', alignVert='center', antialias=True, autoLog=True, bold=False, color='white', colorSpace='named', contrast=1.0, depth=0.0, flipHoriz=False, flipVert=False, font='Arial', fontFiles=[], height=0.1, italic=False, languageStyle='LTR', name='text_15', opacity=1.0, ori=0, pos=array([ 0. , -0.4]), rgb=array([255., 255., 255.]), text='default text', units='norm', win=Window(...), wrapWidth=1)
7.9395 	EXP 	Created text_16 = TextStim(__class__=<class 'psychopy.visual.text.TextStim'>, alignHoriz='center', alignVert='center', antialias=True, autoLog=True, bold=False, color='white', colorSpace='named', contrast=1.0, depth=-1.0, flipHoriz=False, flipVert=False, font='Arial', fontFiles=[], height=0.1, italic=False, languageStyle='LTR', name='text_16', opacity=1.0, ori=0, pos=array([-0.25,  0.25]), rgb=array([255., 255., 255.]), text='default text', units='norm', win=Window(...), wrapWidth=0.5)
7.9416 	EXP 	Created image_8 = ImageStim(__class__=<class 'psychopy.visual.image.ImageStim'>, autoLog=True, color=array([1., 1., 1.]), colorSpace='rgb', contrast=1.0, depth=-2.0, flipHoriz=False, flipVert=False, image='sin', interpolate=True, mask=None, maskParams=None, name='image_8', opacity=1.0, ori=0.0, pos=array([0.25, 0.25]), size=array([0.75, 0.75]), texRes=128, units='norm', win=Window(...))
7.9608 	EXP 	Created text_5 = TextStim(__class__=<class 'psychopy.visual.text.TextStim'>, alignHoriz='center', alignVert='center', antialias=True, autoLog=True, bold=False, color='white', colorSpace='named', contrast=1.0, depth=0.0, flipHoriz=False, flipVert=False, font='Arial', fontFiles=[], height=0.1, italic=False, languageStyle='LTR', name='text_5', opacity=1.0, ori=0, pos=array([0., 0.]), rgb=array([255., 255., 255.]), text=str(...), units='norm', win=Window(...), wrapWidth=1)
7.9661 	EXP 	Created question1_2 = TextStim(__class__=<class 'psychopy.visual.text.TextStim'>, alignHoriz='center', alignVert='center', antialias=True, autoLog=True, bold=False, color='white', colorSpace='named', contrast=1.0, depth=-1.0, flipHoriz=False, flipVert=False, font='Arial', fontFiles=[], height=0.1, italic=False, languageStyle='LTR', name='question1_2', opacity=1.0, ori=0, pos=array([0. , 0.6]), rgb=array([255., 255., 255.]), text='default text', units='norm', win=Window(...), wrapWidth=2)
7.9716 	EXP 	Created question2_2 = TextStim(__class__=<class 'psychopy.visual.text.TextStim'>, alignHoriz='center', alignVert='center', antialias=True, autoLog=True, bold=False, color='white', colorSpace='named', contrast=1.0, depth=-2.0, flipHoriz=False, flipVert=False, font='Arial', fontFiles=[], height=0.1, italic=False, languageStyle='LTR', name='question2_2', opacity=1.0, ori=0, pos=array([0.  , 0.35]), rgb=array([255., 255., 255.]), text='default text', units='norm', win=Window(...), wrapWidth=2)
7.9782 	EXP 	Created question3_2 = TextStim(__class__=<class 'psychopy.visual.text.TextStim'>, alignHoriz='center', alignVert='center', antialias=True, autoLog=True, bold=False, color='white', colorSpace='named', contrast=1.0, depth=-3.0, flipHoriz=False, flipVert=False, font='Arial', fontFiles=[], height=0.1, italic=False, languageStyle='LTR', name='question3_2', opacity=1.0, ori=0, pos=array([0.  , 0.12]), rgb=array([255., 255., 255.]), text='default text', units='norm', win=Window(...), wrapWidth=2)
7.9835 	EXP 	Created question4_2 = TextStim(__class__=<class 'psychopy.visual.text.TextStim'>, alignHoriz='center', alignVert='center', antialias=True, autoLog=True, bold=False, color='white', colorSpace='named', contrast=1.0, depth=-4.0, flipHoriz=False, flipVert=False, font='Arial', fontFiles=[], height=0.1, italic=False, languageStyle='LTR', name='question4_2', opacity=1.0, ori=0, pos=array([ 0.  , -0.12]), rgb=array([255., 255., 255.]), text='default text', units='norm', win=Window(...), wrapWidth=2)
7.9887 	EXP 	Created question5_2 = TextStim(__class__=<class 'psychopy.visual.text.TextStim'>, alignHoriz='center', alignVert='center', antialias=True, autoLog=True, bold=False, color='white', colorSpace='named', contrast=1.0, depth=-5.0, flipHoriz=False, flipVert=False, font='Arial', fontFiles=[], height=0.1, italic=False, languageStyle='LTR', name='question5_2', opacity=1.0, ori=0, pos=array([ 0.  , -0.35]), rgb=array([255., 255., 255.]), text='default text', units='norm', win=Window(...), wrapWidth=2)
7.9941 	EXP 	Created question6_2 = TextStim(__class__=<class 'psychopy.visual.text.TextStim'>, alignHoriz='center', alignVert='center', antialias=True, autoLog=True, bold=False, color='white', colorSpace='named', contrast=1.0, depth=-6.0, flipHoriz=False, flipVert=False, font='Arial', fontFiles=[], height=0.1, italic=False, languageStyle='LTR', name='question6_2', opacity=1.0, ori=0, pos=array([ 0. , -0.6]), rgb=array([255., 255., 255.]), text='default text', units='norm', win=Window(...), wrapWidth=2)
7.9964 	EXP 	Created image_3 = ImageStim(__class__=<class 'psychopy.visual.image.ImageStim'>, autoLog=True, color=array([1., 1., 1.]), colorSpace='rgb', contrast=1.0, depth=-8.0, flipHoriz=False, flipVert=False, image='sin', interpolate=True, mask=None, maskParams=None, name='image_3', opacity=1.0, ori=0.0, pos=array([ 0.  , -0.85]), size=array([0.25 , 0.125]), texRes=128, units='norm', win=Window(...))
8.0051 	EXP 	Created text_3 = TextStim(__class__=<class 'psychopy.visual.text.TextStim'>, alignHoriz='center', alignVert='center', antialias=True, autoLog=True, bold=False, color='white', colorSpace='named', contrast=1.0, depth=0.0, flipHoriz=False, flipVert=False, font='Arial', fontFiles=[], height=0.1, italic=False, languageStyle='LTR', name='text_3', opacity=1.0, ori=0, pos=array([0., 0.]), rgb=array([255., 255., 255.]), text='Final Tests', units='norm', win=Window(...), wrapWidth=1)
8.0076 	EXP 	Created image_2 = ImageStim(__class__=<class 'psychopy.visual.image.ImageStim'>, autoLog=True, color=array([1., 1., 1.]), colorSpace='rgb', contrast=1.0, depth=0.0, flipHoriz=False, flipVert=False, image='sin', interpolate=True, mask=None, maskParams=None, name='image_2', opacity=1.0, ori=0.0, pos=array([0., 0.]), size=array([0.75, 0.75]), texRes=128, units='norm', win=Window(...))
8.0175 	EXP 	Created text_4 = TextStim(__class__=<class 'psychopy.visual.text.TextStim'>, alignHoriz='center', alignVert='center', antialias=True, autoLog=True, bold=False, color='white', colorSpace='named', contrast=1.0, depth=-2.0, flipHoriz=False, flipVert=False, font='Arial', fontFiles=[], height=0.1, italic=False, languageStyle='LTR', name='text_4', opacity=1.0, ori=0, pos=array([ 0. , -0.5]), rgb=array([255., 255., 255.]), text='default text', units='norm', win=Window(...), wrapWidth=1)
8.0233 	EXP 	Created question1_3 = TextStim(__class__=<class 'psychopy.visual.text.TextStim'>, alignHoriz='center', alignVert='center', antialias=True, autoLog=True, bold=False, color='white', colorSpace='named', contrast=1.0, depth=-1.0, flipHoriz=False, flipVert=False, font='Arial', fontFiles=[], height=0.1, italic=False, languageStyle='LTR', name='question1_3', opacity=1.0, ori=0, pos=array([0. , 0.6]), rgb=array([255., 255., 255.]), text='default text', units='norm', win=Window(...), wrapWidth=2)
8.0285 	EXP 	Created question2_3 = TextStim(__class__=<class 'psychopy.visual.text.TextStim'>, alignHoriz='center', alignVert='center', antialias=True, autoLog=True, bold=False, color='white', colorSpace='named', contrast=1.0, depth=-2.0, flipHoriz=False, flipVert=False, font='Arial', fontFiles=[], height=0.1, italic=False, languageStyle='LTR', name='question2_3', opacity=1.0, ori=0, pos=array([0.  , 0.35]), rgb=array([255., 255., 255.]), text='default text', units='norm', win=Window(...), wrapWidth=2)
8.0333 	EXP 	Created question3_3 = TextStim(__class__=<class 'psychopy.visual.text.TextStim'>, alignHoriz='center', alignVert='center', antialias=True, autoLog=True, bold=False, color='white', colorSpace='named', contrast=1.0, depth=-3.0, flipHoriz=False, flipVert=False, font='Arial', fontFiles=[], height=0.1, italic=False, languageStyle='LTR', name='question3_3', opacity=1.0, ori=0, pos=array([0.  , 0.12]), rgb=array([255., 255., 255.]), text='default text', units='norm', win=Window(...), wrapWidth=2)
8.0384 	EXP 	Created question4_3 = TextStim(__class__=<class 'psychopy.visual.text.TextStim'>, alignHoriz='center', alignVert='center', antialias=True, autoLog=True, bold=False, color='white', colorSpace='named', contrast=1.0, depth=-4.0, flipHoriz=False, flipVert=False, font='Arial', fontFiles=[], height=0.1, italic=False, languageStyle='LTR', name='question4_3', opacity=1.0, ori=0, pos=array([ 0.  , -0.12]), rgb=array([255., 255., 255.]), text='default text', units='norm', win=Window(...), wrapWidth=2)
8.0479 	EXP 	Created question5_3 = TextStim(__class__=<class 'psychopy.visual.text.TextStim'>, alignHoriz='center', alignVert='center', antialias=True, autoLog=True, bold=False, color='white', colorSpace='named', contrast=1.0, depth=-5.0, flipHoriz=False, flipVert=False, font='Arial', fontFiles=[], height=0.1, italic=False, languageStyle='LTR', name='question5_3', opacity=1.0, ori=0, pos=array([ 0.  , -0.35]), rgb=array([255., 255., 255.]), text='default text', units='norm', win=Window(...), wrapWidth=2)
8.0539 	EXP 	Created question6_3 = TextStim(__class__=<class 'psychopy.visual.text.TextStim'>, alignHoriz='center', alignVert='center', antialias=True, autoLog=True, bold=False, color='white', colorSpace='named', contrast=1.0, depth=-6.0, flipHoriz=False, flipVert=False, font='Arial', fontFiles=[], height=0.1, italic=False, languageStyle='LTR', name='question6_3', opacity=1.0, ori=0, pos=array([ 0. , -0.6]), rgb=array([255., 255., 255.]), text='default text', units='norm', win=Window(...), wrapWidth=2)
8.0560 	EXP 	Created image_4 = ImageStim(__class__=<class 'psychopy.visual.image.ImageStim'>, autoLog=True, color=array([1., 1., 1.]), colorSpace='rgb', contrast=1.0, depth=-8.0, flipHoriz=False, flipVert=False, image='sin', interpolate=True, mask=None, maskParams=None, name='image_4', opacity=1.0, ori=0.0, pos=array([ 0.  , -0.85]), size=array([0.25 , 0.125]), texRes=128, units='norm', win=Window(...))
8.0636 	EXP 	Created text_6 = TextStim(__class__=<class 'psychopy.visual.text.TextStim'>, alignHoriz='center', alignVert='center', antialias=True, autoLog=True, bold=False, color='white', colorSpace='named', contrast=1.0, depth=-1.0, flipHoriz=False, flipVert=False, font='Arial', fontFiles=[], height=0.1, italic=False, languageStyle='LTR', name='text_6', opacity=1.0, ori=0, pos=array([0., 0.]), rgb=array([255., 255., 255.]), text='default text', units='norm', win=Window(...), wrapWidth=1)
8.0725 	EXP 	Created text = TextStim(__class__=<class 'psychopy.visual.text.TextStim'>, alignHoriz='center', alignVert='center', antialias=True, autoLog=True, bold=False, color='white', colorSpace='named', contrast=1.0, depth=0.0, flipHoriz=False, flipVert=False, font='Arial', fontFiles=[], height=0.1, italic=False, languageStyle='LTR', name='text', opacity=1.0, ori=0, pos=array([0., 0.]), rgb=array([255., 255., 255.]), text='end of introduction', units='norm', win=Window(...), wrapWidth=1)
8.0867 	EXP 	Imported instructions.xlsx as conditions, 8 conditions, 2 params
8.0871 	EXP 	Created sequence: sequential, trialTypes=8, nReps=1, seed=None
8.0875 	EXP 	New trial (rep=0, index=0): OrderedDict([('instruct_text', 'Welcome to the Job Simulator Task!'), ('this_pic', 'instructions_photos/pixel.png')])
8.2285 	EXP 	welcome_2: text = 'Welcome to the Job Simulator Task!'
8.2285 	EXP 	image_10: image = 'instructions_photos/pixel.png'
8.2285 	EXP 	welcome_2: autoDraw = True
8.2285 	EXP 	image_10: autoDraw = True
8.6816 	DATA 	Keypress: space
8.6835 	EXP 	New trial (rep=0, index=1): OrderedDict([('instruct_text', 'In this task, you’ll first be introduced to the perspectives of 8 different jobs. '), ('this_pic', 'instructions_photos/i1.png')])
9.1116 	EXP 	welcome_2: autoDraw = False
9.1116 	EXP 	image_10: autoDraw = False
9.1116 	EXP 	welcome_2: text = 'In this task, you’ll first be introduced to the perspectives of 8 different jobs. '
9.1116 	EXP 	image_10: image = 'instructions_photos/i1.png'
9.1116 	EXP 	welcome_2: autoDraw = True
9.1116 	EXP 	image_10: autoDraw = True
9.4650 	DATA 	Keypress: space
9.4674 	EXP 	New trial (rep=0, index=2): OrderedDict([('instruct_text', 'You’ll then learn 4 questions associated with each perspective. '), ('this_pic', 'instructions_photos/i2.png')])
9.7784 	EXP 	welcome_2: autoDraw = False
9.7784 	EXP 	image_10: autoDraw = False
9.7784 	EXP 	welcome_2: text = 'You’ll then learn 4 questions associated with each perspective. '
9.7784 	EXP 	image_10: image = 'instructions_photos/i2.png'
9.7784 	EXP 	welcome_2: autoDraw = True
9.7784 	EXP 	image_10: autoDraw = True
10.0647 	DATA 	Keypress: space
10.0673 	EXP 	New trial (rep=0, index=3): OrderedDict([('instruct_text', 'Subsequently, you will be asked to apply those perspectives and questions to 8 stories.'), ('this_pic', 'instructions_photos/i3.png')])
10.3621 	EXP 	welcome_2: autoDraw = False
10.3621 	EXP 	image_10: autoDraw = False
10.3621 	EXP 	welcome_2: text = 'Subsequently, you will be asked to apply those perspectives and questions to 8 stories.'
10.3621 	EXP 	image_10: image = 'instructions_photos/i3.png'
10.3621 	EXP 	welcome_2: autoDraw = True
10.3621 	EXP 	image_10: autoDraw = True
10.6476 	DATA 	Keypress: space
10.6499 	EXP 	New trial (rep=0, index=4): OrderedDict([('instruct_text', 'For each story you read, you will be asked to assume one of the perspectives. '), ('this_pic', 'instructions_photos/i3.png')])
10.9453 	EXP 	welcome_2: autoDraw = False
10.9453 	EXP 	image_10: autoDraw = False
10.9453 	EXP 	welcome_2: text = 'For each story you read, you will be asked to assume one of the perspectives. '
10.9453 	EXP 	image_10: image = 'instructions_photos/i3.png'
10.9453 	EXP 	welcome_2: autoDraw = True
10.9453 	EXP 	image_10: autoDraw = True
11.2333 	DATA 	Keypress: space
11.2476 	EXP 	New trial (rep=0, index=5): OrderedDict([('instruct_text', 'While reading, try to remember the perspective and the questions of that perspective. '), ('this_pic', 'instructions_photos/i3.png')])
11.5455 	EXP 	welcome_2: autoDraw = False
11.5455 	EXP 	image_10: autoDraw = False
11.5455 	EXP 	welcome_2: text = 'While reading, try to remember the perspective and the questions of that perspective. '
11.5455 	EXP 	image_10: image = 'instructions_photos/i3.png'
11.5455 	EXP 	welcome_2: autoDraw = True
11.5455 	EXP 	image_10: autoDraw = True
11.6805 	DATA 	Keypress: space
11.6821 	EXP 	New trial (rep=0, index=6): OrderedDict([('instruct_text', 'After you’re finished reading all the stories, you will be asked to recall the stories and answer questions about them. '), ('this_pic', 'instructions_photos/i4.png')])
12.0284 	EXP 	welcome_2: autoDraw = False
12.0284 	EXP 	image_10: autoDraw = False
12.0284 	EXP 	welcome_2: text = 'After you’re finished reading all the stories, you will be asked to recall the stories and answer questions about them. '
12.0284 	EXP 	image_10: image = 'instructions_photos/i4.png'
12.0284 	EXP 	welcome_2: autoDraw = True
12.0284 	EXP 	image_10: autoDraw = True
12.1478 	DATA 	Keypress: space
12.1501 	EXP 	New trial (rep=0, index=7): OrderedDict([('instruct_text', 'Let’s begin! The 8 perspectives are as follows:'), ('this_pic', None)])
12.1785 	EXP 	welcome_2: autoDraw = False
12.1785 	EXP 	image_10: autoDraw = False
12.1785 	EXP 	welcome_2: text = 'Let’s begin! The 8 perspectives are as follows:'
12.1785 	EXP 	image_10: image = None
12.1785 	EXP 	welcome_2: autoDraw = True
12.1785 	EXP 	image_10: autoDraw = True
12.8651 	DATA 	Keypress: space
12.8837 	EXP 	Imported jobsPics.xlsx as conditions, 8 conditions, 2 params
12.8841 	EXP 	Created sequence: random, trialTypes=8, nReps=1, seed=None
12.8844 	EXP 	New trial (rep=0, index=0): OrderedDict([('rolePic', 'jobphotos/matchmaker.jpg'), ('job', 'Matchmaker')])
12.9456 	EXP 	welcome_2: autoDraw = False
12.9456 	EXP 	image_10: autoDraw = False
12.9456 	EXP 	image: image = 'jobphotos/matchmaker.jpg'
12.9456 	EXP 	text_2: text = 'Matchmaker'
12.9456 	EXP 	image: autoDraw = True
12.9456 	EXP 	text_2: autoDraw = True
13.2983 	DATA 	Keypress: space
13.3010 	EXP 	New trial (rep=0, index=1): OrderedDict([('rolePic', 'jobphotos/dean.jpg'), ('job', 'Dean of Academic Studies')])
13.3627 	EXP 	image: autoDraw = False
13.3627 	EXP 	text_2: autoDraw = False
13.3627 	EXP 	image: image = 'jobphotos/dean.jpg'
13.3627 	EXP 	text_2: text = 'Dean of Academic Studies'
13.3627 	EXP 	image: autoDraw = True
13.3627 	EXP 	text_2: autoDraw = True
13.6479 	DATA 	Keypress: space
13.6503 	EXP 	New trial (rep=0, index=2): OrderedDict([('rolePic', 'jobphotos/gscem.jpg'), ('job', 'Grocery Store Customer Experience Manager\n')])
13.7127 	EXP 	image: autoDraw = False
13.7127 	EXP 	text_2: autoDraw = False
13.7127 	EXP 	image: image = 'jobphotos/gscem.jpg'
13.7127 	EXP 	text_2: text = 'Grocery Store Customer Experience Manager\n'
13.7127 	EXP 	image: autoDraw = True
13.7127 	EXP 	text_2: autoDraw = True
13.9980 	DATA 	Keypress: space
14.0004 	EXP 	New trial (rep=0, index=3): OrderedDict([('rolePic', 'jobphotos/business_reporter.jpg'), ('job', 'Business Reporter')])
14.0628 	EXP 	image: autoDraw = False
14.0628 	EXP 	text_2: autoDraw = False
14.0628 	EXP 	image: image = 'jobphotos/business_reporter.jpg'
14.0628 	EXP 	text_2: text = 'Business Reporter'
14.0628 	EXP 	image: autoDraw = True
14.0628 	EXP 	text_2: autoDraw = True
14.3151 	DATA 	Keypress: space
14.3176 	EXP 	New trial (rep=0, index=4): OrderedDict([('rolePic', 'jobphotos/acem.jpg'), ('job', 'Airport Customer Experience Manager')])
14.3790 	EXP 	image: autoDraw = False
14.3790 	EXP 	text_2: autoDraw = False
14.3790 	EXP 	image: image = 'jobphotos/acem.jpg'
14.3790 	EXP 	text_2: text = 'Airport Customer Experience Manager'
14.3790 	EXP 	image: autoDraw = True
14.3790 	EXP 	text_2: autoDraw = True
14.6478 	DATA 	Keypress: space
14.6500 	EXP 	New trial (rep=0, index=5): OrderedDict([('rolePic', 'jobphotos/restaurant_critic.jpg'), ('job', 'Restaurant Critic')])
14.6956 	EXP 	image: autoDraw = False
14.6956 	EXP 	text_2: autoDraw = False
14.6956 	EXP 	image: image = 'jobphotos/restaurant_critic.jpg'
14.6956 	EXP 	text_2: text = 'Restaurant Critic'
14.6956 	EXP 	image: autoDraw = True
14.6956 	EXP 	text_2: autoDraw = True
14.9809 	DATA 	Keypress: space
14.9827 	EXP 	New trial (rep=0, index=6): OrderedDict([('rolePic', 'jobphotos/couples.jpeg'), ('job', 'Couples Therapist\n')])
14.9829 	WARNING 	Requested image 'jobphotos/couples.jpeg' not found but similar filename 'jobphotos/couples.jpg' exists. This will be used instead but changing the filename is advised.
15.0288 	EXP 	image: autoDraw = False
15.0288 	EXP 	text_2: autoDraw = False
15.0288 	EXP 	image: image = 'jobphotos/couples.jpeg'
15.0288 	EXP 	text_2: text = 'Couples Therapist\n'
15.0288 	EXP 	image: autoDraw = True
15.0288 	EXP 	text_2: autoDraw = True
15.3482 	DATA 	Keypress: space
15.3505 	EXP 	New trial (rep=0, index=7): OrderedDict([('rolePic', 'jobphotos/weddingplanner.jpg'), ('job', 'Wedding Planner')])
15.4128 	EXP 	image: autoDraw = False
15.4128 	EXP 	text_2: autoDraw = False
15.4128 	EXP 	image: image = 'jobphotos/weddingplanner.jpg'
15.4128 	EXP 	text_2: text = 'Wedding Planner'
15.4128 	EXP 	image: autoDraw = True
15.4128 	EXP 	text_2: autoDraw = True
15.6809 	DATA 	Keypress: space
15.7015 	EXP 	Imported instructions2.xlsx as conditions, 6 conditions, 2 params
15.7018 	EXP 	Created sequence: sequential, trialTypes=6, nReps=1, seed=None
15.7023 	EXP 	New trial (rep=0, index=0): OrderedDict([('instruct_text', 'Each of these perspectives will be applied to one story. '), ('instruct_text2', '(press space to continue)')])
15.7458 	EXP 	image: autoDraw = False
15.7458 	EXP 	text_2: autoDraw = False
15.7458 	EXP 	welcome: text = 'Each of these perspectives will be applied to one story. '
15.7458 	EXP 	text_12: text = '(press space to continue)'
15.7458 	EXP 	welcome: autoDraw = True
15.7458 	EXP 	text_12: autoDraw = True
16.2993 	DATA 	Keypress: space
16.3155 	EXP 	New trial (rep=0, index=1): OrderedDict([('instruct_text', 'Each perspective has 4 questions, and you will answer these questions about each story.'), ('instruct_text2', None)])
16.3629 	EXP 	welcome: autoDraw = False
16.3629 	EXP 	text_12: autoDraw = False
16.3629 	EXP 	welcome: text = 'Each perspective has 4 questions, and you will answer these questions about each story.'
16.3629 	EXP 	text_12: text = '(press space to continue)'
16.3629 	EXP 	welcome: autoDraw = True
16.3629 	EXP 	text_12: autoDraw = True
16.7154 	DATA 	Keypress: space
16.7180 	EXP 	New trial (rep=0, index=2): OrderedDict([('instruct_text', 'You’ll answer these questions about each story after reading all 8 stories. '), ('instruct_text2', None)])
16.7457 	EXP 	welcome: autoDraw = False
16.7457 	EXP 	text_12: autoDraw = False
16.7457 	EXP 	welcome: text = 'You’ll answer these questions about each story after reading all 8 stories. '
16.7457 	EXP 	text_12: text = '(press space to continue)'
16.7457 	EXP 	welcome: autoDraw = True
16.7457 	EXP 	text_12: autoDraw = True
17.0653 	DATA 	Keypress: space
17.0676 	EXP 	New trial (rep=0, index=3): OrderedDict([('instruct_text', 'You’ll learn these questions with a series of pre-task quizzes and then the story reading will begin.'), ('instruct_text2', None)])
17.1129 	EXP 	welcome: autoDraw = False
17.1129 	EXP 	text_12: autoDraw = False
17.1129 	EXP 	welcome: text = 'You’ll learn these questions with a series of pre-task quizzes and then the story reading will begin.'
17.1129 	EXP 	text_12: text = '(press space to continue)'
17.1129 	EXP 	welcome: autoDraw = True
17.1129 	EXP 	text_12: autoDraw = True
17.3982 	DATA 	Keypress: space
17.4006 	EXP 	New trial (rep=0, index=4): OrderedDict([('instruct_text', 'Once the story-reading task has begun, remember your answers to the questions for each story.'), ('instruct_text2', None)])
17.4460 	EXP 	welcome: autoDraw = False
17.4460 	EXP 	text_12: autoDraw = False
17.4460 	EXP 	welcome: text = 'Once the story-reading task has begun, remember your answers to the questions for each story.'
17.4460 	EXP 	text_12: text = '(press space to continue)'
17.4460 	EXP 	welcome: autoDraw = True
17.4460 	EXP 	text_12: autoDraw = True
17.6981 	DATA 	Keypress: space
17.7005 	EXP 	New trial (rep=0, index=5): OrderedDict([('instruct_text', 'Press the space bar to begin learning the perspectives and the questions for each one.'), ('instruct_text2', None)])
17.7461 	EXP 	welcome: autoDraw = False
17.7461 	EXP 	text_12: autoDraw = False
17.7461 	EXP 	welcome: text = 'Press the space bar to begin learning the perspectives and the questions for each one.'
17.7461 	EXP 	text_12: text = '(press space to continue)'
17.7461 	EXP 	welcome: autoDraw = True
17.7461 	EXP 	text_12: autoDraw = True
17.9812 	DATA 	Keypress: space
17.9959 	EXP 	Imported whichRole.xlsx as conditions, 8 conditions, 8 params
17.9963 	EXP 	Created sequence: random, trialTypes=8, nReps=1, seed=None
17.9967 	EXP 	New trial (rep=0, index=0): OrderedDict([('Q1', 'Who notices whom first and why do they notice the other?\n'), ('Q2', 'How does the couple start talking?\n'), ('Q3', 'Which of the people proposes going on an actual date and what do they propose?\n'), ('Q4', 'Who leaves first and why do they have to go?\n'), ('D1', 'Is the couple going to get married?'), ('D2', 'Who shows more interest?'), ('roleName', 'Matchmaker'), ('rolePic', 'jobphotos/matchmaker.jpg')])
17.9971 	EXP 	Created sequence: sequential, trialTypes=1, nReps=5, seed=None
17.9973 	EXP 	New trial (rep=0, index=0): None
18.0463 	EXP 	welcome: autoDraw = False
18.0463 	EXP 	text_12: autoDraw = False
18.0463 	EXP 	text_18: text = 'Matchmaker'
18.0463 	EXP 	image_9: image = 'jobphotos/matchmaker.jpg'
18.0463 	EXP 	text_18: autoDraw = True
18.0463 	EXP 	image_9: autoDraw = True
18.5486 	DATA 	Keypress: space
18.6130 	EXP 	text_18: autoDraw = False
18.6130 	EXP 	image_9: autoDraw = False
18.6130 	EXP 	text_8: text = 'A: Who notices whom first and why do they notice the other?\n'
18.6130 	EXP 	text_9: text = 'Matchmaker'
18.6130 	EXP 	image_5: image = 'jobphotos/matchmaker.jpg'
18.6130 	EXP 	text_8: autoDraw = True
18.6130 	EXP 	text_9: autoDraw = True
18.6130 	EXP 	image_5: autoDraw = True
20.1982 	DATA 	Keypress: escape
20.4713 	EXP 	window1: mouseVisible = True
