6.4389 	WARNING 	User requested fullscreen with size [1024  768], but screen is actually [2560, 1440]. Using actual size
7.1759 	EXP 	Created window1 = Window(allowGUI=False, allowStencil=False, args=UNKNOWN, autoLog=True, bitsMode=UNKNOWN, blendMode='avg', color=array([0., 0., 0.]), colorSpace='rgb', fullscr=<method-wrapper '__getattribute__' of attributeSetter object at 0x1242b2cf8>, gamma=None, kwargs=UNKNOWN, lms=UNKNOWN, monitor=<psychopy.monitors.calibTools.Monitor object at 0x122eb4320>, multiSample=False, name='window1', numSamples=2, pos=[0.0, 0.0], screen=0, size=array([5120, 2880]), stereo=False, units='norm', useFBO=True, useRetina=True, viewOri=0.0, viewPos=None, viewScale=None, waitBlanking=True, winType='pyglet')
7.1759 	EXP 	window1: recordFrameIntervals = False
7.3404 	EXP 	window1: recordFrameIntervals = True
7.5241 	EXP 	window1: recordFrameIntervals = False
7.6449 	EXP 	Created welcome_2 = TextStim(__class__=<class 'psychopy.visual.text.TextStim'>, alignHoriz='center', alignVert='center', antialias=True, autoLog=True, bold=False, color='white', colorSpace='named', contrast=1.0, depth=0.0, flipHoriz=False, flipVert=False, font='Arial', fontFiles=[], height=0.1, italic=False, languageStyle='LTR', name='welcome_2', opacity=1.0, ori=0, pos=array([0., 0.]), rgb=array([255., 255., 255.]), text='default text', units='norm', win=Window(...), wrapWidth=1)
7.6529 	EXP 	Created image_10 = ImageStim(__class__=<class 'psychopy.visual.image.ImageStim'>, autoLog=True, color=array([1., 1., 1.]), colorSpace='rgb', contrast=1.0, depth=-3.0, flipHoriz=False, flipVert=False, image='sin', interpolate=True, mask=None, maskParams=None, name='image_10', opacity=1.0, ori=0.0, pos=array([ 0. , -0.5]), size=array([1. , 0.5]), texRes=128, units='norm', win=Window(...))
7.6542 	EXP 	Created image = ImageStim(__class__=<class 'psychopy.visual.image.ImageStim'>, autoLog=True, color=array([1., 1., 1.]), colorSpace='rgb', contrast=1.0, depth=0.0, flipHoriz=False, flipVert=False, image='sin', interpolate=True, mask=None, maskParams=None, name='image', opacity=1.0, ori=0.0, pos=array([0., 0.]), size=array([0.5, 0.5]), texRes=128, units='norm', win=Window(...))
7.6575 	EXP 	Created text_2 = TextStim(__class__=<class 'psychopy.visual.text.TextStim'>, alignHoriz='center', alignVert='center', antialias=True, autoLog=True, bold=False, color='white', colorSpace='named', contrast=1.0, depth=-2.0, flipHoriz=False, flipVert=False, font='Arial', fontFiles=[], height=0.1, italic=False, languageStyle='LTR', name='text_2', opacity=1.0, ori=0, pos=array([ 0. , -0.5]), rgb=array([255., 255., 255.]), text='default text', units='norm', win=Window(...), wrapWidth=1)
7.6608 	EXP 	Created welcome = TextStim(__class__=<class 'psychopy.visual.text.TextStim'>, alignHoriz='center', alignVert='center', antialias=True, autoLog=True, bold=False, color='white', colorSpace='named', contrast=1.0, depth=0.0, flipHoriz=False, flipVert=False, font='Arial', fontFiles=[], height=0.1, italic=False, languageStyle='LTR', name='welcome', opacity=1.0, ori=0, pos=array([0., 0.]), rgb=array([255., 255., 255.]), text='default text', units='norm', win=Window(...), wrapWidth=1)
7.6641 	EXP 	Created text_12 = TextStim(__class__=<class 'psychopy.visual.text.TextStim'>, alignHoriz='center', alignVert='center', antialias=True, autoLog=True, bold=False, color='white', colorSpace='named', contrast=1.0, depth=-2.0, flipHoriz=False, flipVert=False, font='Arial', fontFiles=[], height=0.1, italic=False, languageStyle='LTR', name='text_12', opacity=1.0, ori=0, pos=array([ 0. , -0.6]), rgb=array([255., 255., 255.]), text='default text', units='norm', win=Window(...), wrapWidth=1)
7.6675 	EXP 	Created text_18 = TextStim(__class__=<class 'psychopy.visual.text.TextStim'>, alignHoriz='center', alignVert='center', antialias=True, autoLog=True, bold=False, color='white', colorSpace='named', contrast=1.0, depth=0.0, flipHoriz=False, flipVert=False, font='Arial', fontFiles=[], height=0.1, italic=False, languageStyle='LTR', name='text_18', opacity=1.0, ori=0, pos=array([-0.25,  0.25]), rgb=array([255., 255., 255.]), text='default text', units='norm', win=Window(...), wrapWidth=0.5)
7.6688 	EXP 	Created image_9 = ImageStim(__class__=<class 'psychopy.visual.image.ImageStim'>, autoLog=True, color=array([1., 1., 1.]), colorSpace='rgb', contrast=1.0, depth=-1.0, flipHoriz=False, flipVert=False, image='sin', interpolate=True, mask=None, maskParams=None, name='image_9', opacity=1.0, ori=0.0, pos=array([0.25, 0.25]), size=array([0.5, 0.5]), texRes=128, units='norm', win=Window(...))
7.6721 	EXP 	Created text_8 = TextStim(__class__=<class 'psychopy.visual.text.TextStim'>, alignHoriz='center', alignVert='center', antialias=True, autoLog=True, bold=False, color='white', colorSpace='named', contrast=1.0, depth=0.0, flipHoriz=False, flipVert=False, font='Arial', fontFiles=[], height=0.1, italic=False, languageStyle='LTR', name='text_8', opacity=1.0, ori=0, pos=array([ 0. , -0.4]), rgb=array([255., 255., 255.]), text='default text', units='norm', win=Window(...), wrapWidth=1)
7.6755 	EXP 	Created text_9 = TextStim(__class__=<class 'psychopy.visual.text.TextStim'>, alignHoriz='center', alignVert='center', antialias=True, autoLog=True, bold=False, color='white', colorSpace='named', contrast=1.0, depth=-1.0, flipHoriz=False, flipVert=False, font='Arial', fontFiles=[], height=0.1, italic=False, languageStyle='LTR', name='text_9', opacity=1.0, ori=0, pos=array([-0.25,  0.25]), rgb=array([255., 255., 255.]), text='default text', units='norm', win=Window(...), wrapWidth=0.5)
7.6767 	EXP 	Created image_5 = ImageStim(__class__=<class 'psychopy.visual.image.ImageStim'>, autoLog=True, color=array([1., 1., 1.]), colorSpace='rgb', contrast=1.0, depth=-2.0, flipHoriz=False, flipVert=False, image='sin', interpolate=True, mask=None, maskParams=None, name='image_5', opacity=1.0, ori=0.0, pos=array([0.25, 0.25]), size=array([0.5, 0.5]), texRes=128, units='norm', win=Window(...))
7.6801 	EXP 	Created text_10 = TextStim(__class__=<class 'psychopy.visual.text.TextStim'>, alignHoriz='center', alignVert='center', antialias=True, autoLog=True, bold=False, color='white', colorSpace='named', contrast=1.0, depth=0.0, flipHoriz=False, flipVert=False, font='Arial', fontFiles=[], height=0.1, italic=False, languageStyle='LTR', name='text_10', opacity=1.0, ori=0, pos=array([ 0. , -0.4]), rgb=array([255., 255., 255.]), text='default text', units='norm', win=Window(...), wrapWidth=1)
7.6836 	EXP 	Created text_11 = TextStim(__class__=<class 'psychopy.visual.text.TextStim'>, alignHoriz='center', alignVert='center', antialias=True, autoLog=True, bold=False, color='white', colorSpace='named', contrast=1.0, depth=-1.0, flipHoriz=False, flipVert=False, font='Arial', fontFiles=[], height=0.1, italic=False, languageStyle='LTR', name='text_11', opacity=1.0, ori=0, pos=array([-0.25,  0.25]), rgb=array([255., 255., 255.]), text='default text', units='norm', win=Window(...), wrapWidth=0.5)
7.6848 	EXP 	Created image_6 = ImageStim(__class__=<class 'psychopy.visual.image.ImageStim'>, autoLog=True, color=array([1., 1., 1.]), colorSpace='rgb', contrast=1.0, depth=-2.0, flipHoriz=False, flipVert=False, image='sin', interpolate=True, mask=None, maskParams=None, name='image_6', opacity=1.0, ori=0.0, pos=array([0.25, 0.25]), size=array([0.5, 0.5]), texRes=128, units='norm', win=Window(...))
7.6882 	EXP 	Created text_13 = TextStim(__class__=<class 'psychopy.visual.text.TextStim'>, alignHoriz='center', alignVert='center', antialias=True, autoLog=True, bold=False, color='white', colorSpace='named', contrast=1.0, depth=0.0, flipHoriz=False, flipVert=False, font='Arial', fontFiles=[], height=0.1, italic=False, languageStyle='LTR', name='text_13', opacity=1.0, ori=0, pos=array([ 0. , -0.4]), rgb=array([255., 255., 255.]), text='default text', units='norm', win=Window(...), wrapWidth=1)
7.6914 	EXP 	Created text_14 = TextStim(__class__=<class 'psychopy.visual.text.TextStim'>, alignHoriz='center', alignVert='center', antialias=True, autoLog=True, bold=False, color='white', colorSpace='named', contrast=1.0, depth=-1.0, flipHoriz=False, flipVert=False, font='Arial', fontFiles=[], height=0.1, italic=False, languageStyle='LTR', name='text_14', opacity=1.0, ori=0, pos=array([-0.25,  0.25]), rgb=array([255., 255., 255.]), text='default text', units='norm', win=Window(...), wrapWidth=0.5)
7.6927 	EXP 	Created image_7 = ImageStim(__class__=<class 'psychopy.visual.image.ImageStim'>, autoLog=True, color=array([1., 1., 1.]), colorSpace='rgb', contrast=1.0, depth=-2.0, flipHoriz=False, flipVert=False, image='sin', interpolate=True, mask=None, maskParams=None, name='image_7', opacity=1.0, ori=0.0, pos=array([0.25, 0.25]), size=array([0.5, 0.5]), texRes=128, units='norm', win=Window(...))
7.6959 	EXP 	Created text_15 = TextStim(__class__=<class 'psychopy.visual.text.TextStim'>, alignHoriz='center', alignVert='center', antialias=True, autoLog=True, bold=False, color='white', colorSpace='named', contrast=1.0, depth=0.0, flipHoriz=False, flipVert=False, font='Arial', fontFiles=[], height=0.1, italic=False, languageStyle='LTR', name='text_15', opacity=1.0, ori=0, pos=array([ 0. , -0.4]), rgb=array([255., 255., 255.]), text='default text', units='norm', win=Window(...), wrapWidth=1)
7.7004 	EXP 	Created text_16 = TextStim(__class__=<class 'psychopy.visual.text.TextStim'>, alignHoriz='center', alignVert='center', antialias=True, autoLog=True, bold=False, color='white', colorSpace='named', contrast=1.0, depth=-1.0, flipHoriz=False, flipVert=False, font='Arial', fontFiles=[], height=0.1, italic=False, languageStyle='LTR', name='text_16', opacity=1.0, ori=0, pos=array([-0.25,  0.25]), rgb=array([255., 255., 255.]), text='default text', units='norm', win=Window(...), wrapWidth=0.5)
7.7017 	EXP 	Created image_8 = ImageStim(__class__=<class 'psychopy.visual.image.ImageStim'>, autoLog=True, color=array([1., 1., 1.]), colorSpace='rgb', contrast=1.0, depth=-2.0, flipHoriz=False, flipVert=False, image='sin', interpolate=True, mask=None, maskParams=None, name='image_8', opacity=1.0, ori=0.0, pos=array([0.25, 0.25]), size=array([0.5, 0.5]), texRes=128, units='norm', win=Window(...))
7.7143 	EXP 	Created text_5 = TextStim(__class__=<class 'psychopy.visual.text.TextStim'>, alignHoriz='center', alignVert='center', antialias=True, autoLog=True, bold=False, color='white', colorSpace='named', contrast=1.0, depth=0.0, flipHoriz=False, flipVert=False, font='Arial', fontFiles=[], height=0.1, italic=False, languageStyle='LTR', name='text_5', opacity=1.0, ori=0, pos=array([0., 0.]), rgb=array([255., 255., 255.]), text=str(...), units='norm', win=Window(...), wrapWidth=1)
7.7176 	EXP 	Created question1_2 = TextStim(__class__=<class 'psychopy.visual.text.TextStim'>, alignHoriz='center', alignVert='center', antialias=True, autoLog=True, bold=False, color='white', colorSpace='named', contrast=1.0, depth=-1.0, flipHoriz=False, flipVert=False, font='Arial', fontFiles=[], height=0.1, italic=False, languageStyle='LTR', name='question1_2', opacity=1.0, ori=0, pos=array([0. , 0.6]), rgb=array([255., 255., 255.]), text='default text', units='norm', win=Window(...), wrapWidth=2)
7.7210 	EXP 	Created question2_2 = TextStim(__class__=<class 'psychopy.visual.text.TextStim'>, alignHoriz='center', alignVert='center', antialias=True, autoLog=True, bold=False, color='white', colorSpace='named', contrast=1.0, depth=-2.0, flipHoriz=False, flipVert=False, font='Arial', fontFiles=[], height=0.1, italic=False, languageStyle='LTR', name='question2_2', opacity=1.0, ori=0, pos=array([0.  , 0.35]), rgb=array([255., 255., 255.]), text='default text', units='norm', win=Window(...), wrapWidth=2)
7.7243 	EXP 	Created question3_2 = TextStim(__class__=<class 'psychopy.visual.text.TextStim'>, alignHoriz='center', alignVert='center', antialias=True, autoLog=True, bold=False, color='white', colorSpace='named', contrast=1.0, depth=-3.0, flipHoriz=False, flipVert=False, font='Arial', fontFiles=[], height=0.1, italic=False, languageStyle='LTR', name='question3_2', opacity=1.0, ori=0, pos=array([0.  , 0.12]), rgb=array([255., 255., 255.]), text='default text', units='norm', win=Window(...), wrapWidth=2)
7.7274 	EXP 	Created question4_2 = TextStim(__class__=<class 'psychopy.visual.text.TextStim'>, alignHoriz='center', alignVert='center', antialias=True, autoLog=True, bold=False, color='white', colorSpace='named', contrast=1.0, depth=-4.0, flipHoriz=False, flipVert=False, font='Arial', fontFiles=[], height=0.1, italic=False, languageStyle='LTR', name='question4_2', opacity=1.0, ori=0, pos=array([ 0.  , -0.12]), rgb=array([255., 255., 255.]), text='default text', units='norm', win=Window(...), wrapWidth=2)
7.7307 	EXP 	Created question5_2 = TextStim(__class__=<class 'psychopy.visual.text.TextStim'>, alignHoriz='center', alignVert='center', antialias=True, autoLog=True, bold=False, color='white', colorSpace='named', contrast=1.0, depth=-5.0, flipHoriz=False, flipVert=False, font='Arial', fontFiles=[], height=0.1, italic=False, languageStyle='LTR', name='question5_2', opacity=1.0, ori=0, pos=array([ 0.  , -0.35]), rgb=array([255., 255., 255.]), text='default text', units='norm', win=Window(...), wrapWidth=2)
7.7340 	EXP 	Created question6_2 = TextStim(__class__=<class 'psychopy.visual.text.TextStim'>, alignHoriz='center', alignVert='center', antialias=True, autoLog=True, bold=False, color='white', colorSpace='named', contrast=1.0, depth=-6.0, flipHoriz=False, flipVert=False, font='Arial', fontFiles=[], height=0.1, italic=False, languageStyle='LTR', name='question6_2', opacity=1.0, ori=0, pos=array([ 0. , -0.6]), rgb=array([255., 255., 255.]), text='default text', units='norm', win=Window(...), wrapWidth=2)
7.7353 	EXP 	Created image_3 = ImageStim(__class__=<class 'psychopy.visual.image.ImageStim'>, autoLog=True, color=array([1., 1., 1.]), colorSpace='rgb', contrast=1.0, depth=-8.0, flipHoriz=False, flipVert=False, image='sin', interpolate=True, mask=None, maskParams=None, name='image_3', opacity=1.0, ori=0.0, pos=array([ 0.  , -0.85]), size=array([0.25 , 0.125]), texRes=128, units='norm', win=Window(...))
7.7400 	EXP 	Created text_3 = TextStim(__class__=<class 'psychopy.visual.text.TextStim'>, alignHoriz='center', alignVert='center', antialias=True, autoLog=True, bold=False, color='white', colorSpace='named', contrast=1.0, depth=0.0, flipHoriz=False, flipVert=False, font='Arial', fontFiles=[], height=0.1, italic=False, languageStyle='LTR', name='text_3', opacity=1.0, ori=0, pos=array([0., 0.]), rgb=array([255., 255., 255.]), text='Final Tests', units='norm', win=Window(...), wrapWidth=1)
7.7413 	EXP 	Created image_2 = ImageStim(__class__=<class 'psychopy.visual.image.ImageStim'>, autoLog=True, color=array([1., 1., 1.]), colorSpace='rgb', contrast=1.0, depth=0.0, flipHoriz=False, flipVert=False, image='sin', interpolate=True, mask=None, maskParams=None, name='image_2', opacity=1.0, ori=0.0, pos=array([0., 0.]), size=array([0.5, 0.5]), texRes=128, units='norm', win=Window(...))
7.7446 	EXP 	Created text_4 = TextStim(__class__=<class 'psychopy.visual.text.TextStim'>, alignHoriz='center', alignVert='center', antialias=True, autoLog=True, bold=False, color='white', colorSpace='named', contrast=1.0, depth=-2.0, flipHoriz=False, flipVert=False, font='Arial', fontFiles=[], height=0.1, italic=False, languageStyle='LTR', name='text_4', opacity=1.0, ori=0, pos=array([ 0. , -0.5]), rgb=array([255., 255., 255.]), text='default text', units='norm', win=Window(...), wrapWidth=1)
7.7481 	EXP 	Created question1_3 = TextStim(__class__=<class 'psychopy.visual.text.TextStim'>, alignHoriz='center', alignVert='center', antialias=True, autoLog=True, bold=False, color='white', colorSpace='named', contrast=1.0, depth=-1.0, flipHoriz=False, flipVert=False, font='Arial', fontFiles=[], height=0.1, italic=False, languageStyle='LTR', name='question1_3', opacity=1.0, ori=0, pos=array([0. , 0.6]), rgb=array([255., 255., 255.]), text='default text', units='norm', win=Window(...), wrapWidth=2)
7.7517 	EXP 	Created question2_3 = TextStim(__class__=<class 'psychopy.visual.text.TextStim'>, alignHoriz='center', alignVert='center', antialias=True, autoLog=True, bold=False, color='white', colorSpace='named', contrast=1.0, depth=-2.0, flipHoriz=False, flipVert=False, font='Arial', fontFiles=[], height=0.1, italic=False, languageStyle='LTR', name='question2_3', opacity=1.0, ori=0, pos=array([0.  , 0.35]), rgb=array([255., 255., 255.]), text='default text', units='norm', win=Window(...), wrapWidth=2)
7.7550 	EXP 	Created question3_3 = TextStim(__class__=<class 'psychopy.visual.text.TextStim'>, alignHoriz='center', alignVert='center', antialias=True, autoLog=True, bold=False, color='white', colorSpace='named', contrast=1.0, depth=-3.0, flipHoriz=False, flipVert=False, font='Arial', fontFiles=[], height=0.1, italic=False, languageStyle='LTR', name='question3_3', opacity=1.0, ori=0, pos=array([0.  , 0.12]), rgb=array([255., 255., 255.]), text='default text', units='norm', win=Window(...), wrapWidth=2)
7.7581 	EXP 	Created question4_3 = TextStim(__class__=<class 'psychopy.visual.text.TextStim'>, alignHoriz='center', alignVert='center', antialias=True, autoLog=True, bold=False, color='white', colorSpace='named', contrast=1.0, depth=-4.0, flipHoriz=False, flipVert=False, font='Arial', fontFiles=[], height=0.1, italic=False, languageStyle='LTR', name='question4_3', opacity=1.0, ori=0, pos=array([ 0.  , -0.12]), rgb=array([255., 255., 255.]), text='default text', units='norm', win=Window(...), wrapWidth=2)
7.7613 	EXP 	Created question5_3 = TextStim(__class__=<class 'psychopy.visual.text.TextStim'>, alignHoriz='center', alignVert='center', antialias=True, autoLog=True, bold=False, color='white', colorSpace='named', contrast=1.0, depth=-5.0, flipHoriz=False, flipVert=False, font='Arial', fontFiles=[], height=0.1, italic=False, languageStyle='LTR', name='question5_3', opacity=1.0, ori=0, pos=array([ 0.  , -0.35]), rgb=array([255., 255., 255.]), text='default text', units='norm', win=Window(...), wrapWidth=2)
7.7647 	EXP 	Created question6_3 = TextStim(__class__=<class 'psychopy.visual.text.TextStim'>, alignHoriz='center', alignVert='center', antialias=True, autoLog=True, bold=False, color='white', colorSpace='named', contrast=1.0, depth=-6.0, flipHoriz=False, flipVert=False, font='Arial', fontFiles=[], height=0.1, italic=False, languageStyle='LTR', name='question6_3', opacity=1.0, ori=0, pos=array([ 0. , -0.6]), rgb=array([255., 255., 255.]), text='default text', units='norm', win=Window(...), wrapWidth=2)
7.7660 	EXP 	Created image_4 = ImageStim(__class__=<class 'psychopy.visual.image.ImageStim'>, autoLog=True, color=array([1., 1., 1.]), colorSpace='rgb', contrast=1.0, depth=-8.0, flipHoriz=False, flipVert=False, image='sin', interpolate=True, mask=None, maskParams=None, name='image_4', opacity=1.0, ori=0.0, pos=array([ 0.  , -0.85]), size=array([0.25 , 0.125]), texRes=128, units='norm', win=Window(...))
7.7694 	EXP 	Created text_6 = TextStim(__class__=<class 'psychopy.visual.text.TextStim'>, alignHoriz='center', alignVert='center', antialias=True, autoLog=True, bold=False, color='white', colorSpace='named', contrast=1.0, depth=-1.0, flipHoriz=False, flipVert=False, font='Arial', fontFiles=[], height=0.1, italic=False, languageStyle='LTR', name='text_6', opacity=1.0, ori=0, pos=array([0., 0.]), rgb=array([255., 255., 255.]), text='default text', units='norm', win=Window(...), wrapWidth=1)
7.7735 	EXP 	Created text = TextStim(__class__=<class 'psychopy.visual.text.TextStim'>, alignHoriz='center', alignVert='center', antialias=True, autoLog=True, bold=False, color='white', colorSpace='named', contrast=1.0, depth=0.0, flipHoriz=False, flipVert=False, font='Arial', fontFiles=[], height=0.1, italic=False, languageStyle='LTR', name='text', opacity=1.0, ori=0, pos=array([0., 0.]), rgb=array([255., 255., 255.]), text='end of introduction', units='norm', win=Window(...), wrapWidth=1)
7.7910 	EXP 	Imported instructions.xlsx as conditions, 8 conditions, 2 params
7.7912 	EXP 	Created sequence: sequential, trialTypes=8, nReps=1, seed=None
7.7914 	EXP 	New trial (rep=0, index=0): OrderedDict([('instruct_text', 'Welcome to the Job Simulator Task!'), ('this_pic', 'instructions_photos/pixel.png')])
7.8742 	EXP 	welcome_2: text = 'Welcome to the Job Simulator Task!'
7.8742 	EXP 	image_10: image = 'instructions_photos/pixel.png'
7.8742 	EXP 	welcome_2: autoDraw = True
7.8742 	EXP 	image_10: autoDraw = True
8.3769 	DATA 	Keypress: space
8.3784 	EXP 	New trial (rep=0, index=1): OrderedDict([('instruct_text', 'In this task, you’ll first be introduced to the perspectives of 8 different jobs. '), ('this_pic', 'instructions_photos/i1.png')])
8.5078 	EXP 	welcome_2: autoDraw = False
8.5078 	EXP 	image_10: autoDraw = False
8.5078 	EXP 	welcome_2: text = 'In this task, you’ll first be introduced to the perspectives of 8 different jobs. '
8.5078 	EXP 	image_10: image = 'instructions_photos/i1.png'
8.5078 	EXP 	welcome_2: autoDraw = True
8.5078 	EXP 	image_10: autoDraw = True
12.6439 	DATA 	Keypress: space
12.6449 	EXP 	New trial (rep=0, index=2): OrderedDict([('instruct_text', 'You’ll then learn 4 questions associated with each perspective. '), ('this_pic', 'instructions_photos/i2.png')])
12.8268 	EXP 	welcome_2: autoDraw = False
12.8268 	EXP 	image_10: autoDraw = False
12.8268 	EXP 	welcome_2: text = 'You’ll then learn 4 questions associated with each perspective. '
12.8268 	EXP 	image_10: image = 'instructions_photos/i2.png'
12.8268 	EXP 	welcome_2: autoDraw = True
12.8268 	EXP 	image_10: autoDraw = True
15.3782 	DATA 	Keypress: space
15.3791 	EXP 	New trial (rep=0, index=3): OrderedDict([('instruct_text', 'Subsequently, you will be asked to apply those perspectives and questions to 8 stories.'), ('this_pic', 'instructions_photos/i3.png')])
15.5601 	EXP 	welcome_2: autoDraw = False
15.5601 	EXP 	image_10: autoDraw = False
15.5601 	EXP 	welcome_2: text = 'Subsequently, you will be asked to apply those perspectives and questions to 8 stories.'
15.5601 	EXP 	image_10: image = 'instructions_photos/i3.png'
15.5601 	EXP 	welcome_2: autoDraw = True
15.5601 	EXP 	image_10: autoDraw = True
19.0964 	DATA 	Keypress: space
19.0973 	EXP 	New trial (rep=0, index=4): OrderedDict([('instruct_text', 'For each story you read, you will be asked to assume one of the perspectives. '), ('this_pic', 'instructions_photos/i3.png')])
19.2442 	EXP 	welcome_2: autoDraw = False
19.2442 	EXP 	image_10: autoDraw = False
19.2442 	EXP 	welcome_2: text = 'For each story you read, you will be asked to assume one of the perspectives. '
19.2442 	EXP 	image_10: image = 'instructions_photos/i3.png'
19.2442 	EXP 	welcome_2: autoDraw = True
19.2442 	EXP 	image_10: autoDraw = True
22.1305 	DATA 	Keypress: space
22.1314 	EXP 	New trial (rep=0, index=5): OrderedDict([('instruct_text', 'While reading, try to remember the perspective and the questions of that perspective. '), ('this_pic', 'instructions_photos/i3.png')])
22.2790 	EXP 	welcome_2: autoDraw = False
22.2790 	EXP 	image_10: autoDraw = False
22.2790 	EXP 	welcome_2: text = 'While reading, try to remember the perspective and the questions of that perspective. '
22.2790 	EXP 	image_10: image = 'instructions_photos/i3.png'
22.2790 	EXP 	welcome_2: autoDraw = True
22.2790 	EXP 	image_10: autoDraw = True
24.7139 	DATA 	Keypress: space
24.7148 	EXP 	New trial (rep=0, index=6): OrderedDict([('instruct_text', 'After you’re finished reading all the stories, you will be asked to recall the stories and answer questions about them. '), ('this_pic', 'instructions_photos/i4.png')])
24.9466 	EXP 	welcome_2: autoDraw = False
24.9466 	EXP 	image_10: autoDraw = False
24.9466 	EXP 	welcome_2: text = 'After you’re finished reading all the stories, you will be asked to recall the stories and answer questions about them. '
24.9466 	EXP 	image_10: image = 'instructions_photos/i4.png'
24.9466 	EXP 	welcome_2: autoDraw = True
24.9466 	EXP 	image_10: autoDraw = True
28.4484 	DATA 	Keypress: space
28.4492 	EXP 	New trial (rep=0, index=7): OrderedDict([('instruct_text', 'Let’s begin! The 8 perspectives are as follows:'), ('this_pic', None)])
28.4808 	EXP 	welcome_2: autoDraw = False
28.4808 	EXP 	image_10: autoDraw = False
28.4808 	EXP 	welcome_2: text = 'Let’s begin! The 8 perspectives are as follows:'
28.4808 	EXP 	image_10: image = None
28.4808 	EXP 	welcome_2: autoDraw = True
28.4808 	EXP 	image_10: autoDraw = True
29.6652 	DATA 	Keypress: space
29.6711 	EXP 	Imported jobsPics.xlsx as conditions, 8 conditions, 2 params
29.6719 	EXP 	Created sequence: random, trialTypes=8, nReps=1, seed=None
29.6721 	EXP 	New trial (rep=0, index=0): OrderedDict([('rolePic', 'jobphotos/dean.jpg'), ('job', 'Dean of Academic Studies')])
29.7476 	EXP 	welcome_2: autoDraw = False
29.7476 	EXP 	image_10: autoDraw = False
29.7476 	EXP 	image: image = 'jobphotos/dean.jpg'
29.7476 	EXP 	text_2: text = 'Dean of Academic Studies'
29.7476 	EXP 	image: autoDraw = True
29.7476 	EXP 	text_2: autoDraw = True
30.6507 	DATA 	Keypress: space
30.6516 	EXP 	New trial (rep=0, index=1): OrderedDict([('rolePic', 'jobphotos/restaurant_critic.jpg'), ('job', 'Restaurant Critic')])
30.7483 	EXP 	image: autoDraw = False
30.7483 	EXP 	text_2: autoDraw = False
30.7483 	EXP 	image: image = 'jobphotos/restaurant_critic.jpg'
30.7483 	EXP 	text_2: text = 'Restaurant Critic'
30.7483 	EXP 	image: autoDraw = True
30.7483 	EXP 	text_2: autoDraw = True
31.3175 	DATA 	Keypress: space
31.3183 	EXP 	New trial (rep=0, index=2): OrderedDict([('rolePic', 'jobphotos/acem.jpg'), ('job', 'Airport Customer Experience Manager')])
31.3765 	EXP 	image: autoDraw = False
31.3765 	EXP 	text_2: autoDraw = False
31.3765 	EXP 	image: image = 'jobphotos/acem.jpg'
31.3765 	EXP 	text_2: text = 'Airport Customer Experience Manager'
31.3765 	EXP 	image: autoDraw = True
31.3765 	EXP 	text_2: autoDraw = True
31.8507 	DATA 	Keypress: space
31.8516 	EXP 	New trial (rep=0, index=3): OrderedDict([('rolePic', 'jobphotos/gscem.jpg'), ('job', 'Grocery Store Customer Experience Manager\n')])
31.9162 	EXP 	image: autoDraw = False
31.9162 	EXP 	text_2: autoDraw = False
31.9162 	EXP 	image: image = 'jobphotos/gscem.jpg'
31.9162 	EXP 	text_2: text = 'Grocery Store Customer Experience Manager\n'
31.9162 	EXP 	image: autoDraw = True
31.9162 	EXP 	text_2: autoDraw = True
32.3844 	DATA 	Keypress: space
32.3853 	EXP 	New trial (rep=0, index=4): OrderedDict([('rolePic', 'jobphotos/business_reporter.jpg'), ('job', 'Business Reporter')])
32.4661 	EXP 	image: autoDraw = False
32.4661 	EXP 	text_2: autoDraw = False
32.4661 	EXP 	image: image = 'jobphotos/business_reporter.jpg'
32.4661 	EXP 	text_2: text = 'Business Reporter'
32.4661 	EXP 	image: autoDraw = True
32.4661 	EXP 	text_2: autoDraw = True
32.7673 	DATA 	Keypress: space
32.7681 	EXP 	New trial (rep=0, index=5): OrderedDict([('rolePic', 'jobphotos/weddingplanner.jpg'), ('job', 'Wedding Planner')])
32.8276 	EXP 	image: autoDraw = False
32.8276 	EXP 	text_2: autoDraw = False
32.8276 	EXP 	image: image = 'jobphotos/weddingplanner.jpg'
32.8276 	EXP 	text_2: text = 'Wedding Planner'
32.8276 	EXP 	image: autoDraw = True
32.8276 	EXP 	text_2: autoDraw = True
33.1004 	DATA 	Keypress: space
33.1012 	EXP 	New trial (rep=0, index=6): OrderedDict([('rolePic', 'jobphotos/couples.jpeg'), ('job', 'Couples Therapist\n')])
33.1014 	WARNING 	Requested image 'jobphotos/couples.jpeg' not found but similar filename 'jobphotos/couples.jpg' exists. This will be used instead but changing the filename is advised.
33.1489 	EXP 	image: autoDraw = False
33.1489 	EXP 	text_2: autoDraw = False
33.1489 	EXP 	image: image = 'jobphotos/couples.jpeg'
33.1489 	EXP 	text_2: text = 'Couples Therapist\n'
33.1489 	EXP 	image: autoDraw = True
33.1489 	EXP 	text_2: autoDraw = True
33.4335 	DATA 	Keypress: space
33.4344 	EXP 	New trial (rep=0, index=7): OrderedDict([('rolePic', 'jobphotos/matchmaker.jpg'), ('job', 'Matchmaker')])
33.4822 	EXP 	image: autoDraw = False
33.4822 	EXP 	text_2: autoDraw = False
33.4822 	EXP 	image: image = 'jobphotos/matchmaker.jpg'
33.4822 	EXP 	text_2: text = 'Matchmaker'
33.4822 	EXP 	image: autoDraw = True
33.4822 	EXP 	text_2: autoDraw = True
33.7505 	DATA 	Keypress: space
33.7563 	EXP 	Imported instructions2.xlsx as conditions, 6 conditions, 2 params
33.7565 	EXP 	Created sequence: sequential, trialTypes=6, nReps=1, seed=None
33.7567 	EXP 	New trial (rep=0, index=0): OrderedDict([('instruct_text', 'Each of these perspectives will be applied to one story. '), ('instruct_text2', '(press space to continue)')])
33.7819 	EXP 	image: autoDraw = False
33.7819 	EXP 	text_2: autoDraw = False
33.7819 	EXP 	welcome: text = 'Each of these perspectives will be applied to one story. '
33.7819 	EXP 	text_12: text = '(press space to continue)'
33.7819 	EXP 	welcome: autoDraw = True
33.7819 	EXP 	text_12: autoDraw = True
36.5017 	DATA 	Keypress: space
36.5028 	EXP 	New trial (rep=0, index=1): OrderedDict([('instruct_text', 'Each perspective has 4 questions, and you will answer these questions about each story.'), ('instruct_text2', None)])
36.5342 	EXP 	welcome: autoDraw = False
36.5342 	EXP 	text_12: autoDraw = False
36.5342 	EXP 	welcome: text = 'Each perspective has 4 questions, and you will answer these questions about each story.'
36.5342 	EXP 	text_12: text = '(press space to continue)'
36.5342 	EXP 	welcome: autoDraw = True
36.5342 	EXP 	text_12: autoDraw = True
40.4028 	DATA 	Keypress: space
40.4037 	EXP 	New trial (rep=0, index=2): OrderedDict([('instruct_text', 'You’ll answer these questions about each story after reading all 8 stories. '), ('instruct_text2', None)])
40.4355 	EXP 	welcome: autoDraw = False
40.4355 	EXP 	text_12: autoDraw = False
40.4355 	EXP 	welcome: text = 'You’ll answer these questions about each story after reading all 8 stories. '
40.4355 	EXP 	text_12: text = '(press space to continue)'
40.4355 	EXP 	welcome: autoDraw = True
40.4355 	EXP 	text_12: autoDraw = True
43.7369 	DATA 	Keypress: space
43.7530 	EXP 	New trial (rep=0, index=3): OrderedDict([('instruct_text', 'You’ll learn these questions with a series of pre-task quizzes and then the story reading will begin.'), ('instruct_text2', None)])
43.7863 	EXP 	welcome: autoDraw = False
43.7863 	EXP 	text_12: autoDraw = False
43.7863 	EXP 	welcome: text = 'You’ll learn these questions with a series of pre-task quizzes and then the story reading will begin.'
43.7863 	EXP 	text_12: text = '(press space to continue)'
43.7863 	EXP 	welcome: autoDraw = True
43.7863 	EXP 	text_12: autoDraw = True
46.1050 	DATA 	Keypress: space
46.1059 	EXP 	New trial (rep=0, index=4): OrderedDict([('instruct_text', 'Once the story-reading task has begun, remember your answers to the questions for each story.'), ('instruct_text2', None)])
46.1372 	EXP 	welcome: autoDraw = False
46.1372 	EXP 	text_12: autoDraw = False
46.1372 	EXP 	welcome: text = 'Once the story-reading task has begun, remember your answers to the questions for each story.'
46.1372 	EXP 	text_12: text = '(press space to continue)'
46.1372 	EXP 	welcome: autoDraw = True
46.1372 	EXP 	text_12: autoDraw = True
49.9220 	DATA 	Keypress: space
49.9229 	EXP 	New trial (rep=0, index=5): OrderedDict([('instruct_text', 'Press the space bar to begin learning the perspectives and the questions for each one.'), ('instruct_text2', None)])
49.9540 	EXP 	welcome: autoDraw = False
49.9540 	EXP 	text_12: autoDraw = False
49.9540 	EXP 	welcome: text = 'Press the space bar to begin learning the perspectives and the questions for each one.'
49.9540 	EXP 	text_12: text = '(press space to continue)'
49.9540 	EXP 	welcome: autoDraw = True
49.9540 	EXP 	text_12: autoDraw = True
53.1895 	DATA 	Keypress: space
53.1974 	EXP 	Imported whichRole.xlsx as conditions, 8 conditions, 8 params
53.1977 	EXP 	Created sequence: random, trialTypes=8, nReps=1, seed=None
53.1979 	EXP 	New trial (rep=0, index=0): OrderedDict([('Q1', 'What is the grocery store like upon entering?\n'), ('Q2', 'What items do the clients pick out?\n'), ('Q3', 'How is the checkout line and how long do the clients wait in line?\n'), ('Q4', 'How much are the groceries and what method of payment do the clients use?\n'), ('D1', 'How long does it take for the cashier to scan all of the customers’ groceries?'), ('D2', 'What type of grocery bags do the clients use?'), ('roleName', 'Grocery Store Customer Experience Manager\n'), ('rolePic', 'jobphotos/gscem.jpg')])
53.1982 	EXP 	Created sequence: sequential, trialTypes=1, nReps=5, seed=None
53.1983 	EXP 	New trial (rep=0, index=0): None
53.2384 	EXP 	welcome: autoDraw = False
53.2384 	EXP 	text_12: autoDraw = False
53.2384 	EXP 	text_18: text = 'Grocery Store Customer Experience Manager\n'
53.2384 	EXP 	image_9: image = 'jobphotos/gscem.jpg'
53.2384 	EXP 	text_18: autoDraw = True
53.2384 	EXP 	image_9: autoDraw = True
53.9900 	DATA 	Keypress: space
54.0384 	EXP 	text_18: autoDraw = False
54.0384 	EXP 	image_9: autoDraw = False
54.0384 	EXP 	text_8: text = 'A: What is the grocery store like upon entering?\n'
54.0384 	EXP 	text_9: text = 'Grocery Store Customer Experience Manager\n'
54.0384 	EXP 	image_5: image = 'jobphotos/gscem.jpg'
54.0384 	EXP 	text_8: autoDraw = True
54.0384 	EXP 	text_9: autoDraw = True
54.0384 	EXP 	image_5: autoDraw = True
88.9526 	DATA 	Keypress: space
89.0162 	EXP 	text_8: autoDraw = False
89.0162 	EXP 	text_9: autoDraw = False
89.0162 	EXP 	image_5: autoDraw = False
89.0162 	EXP 	text_10: text = 'B: What items do the clients pick out?\n'
89.0162 	EXP 	text_11: text = 'Grocery Store Customer Experience Manager\n'
89.0162 	EXP 	image_6: image = 'jobphotos/gscem.jpg'
89.0162 	EXP 	text_10: autoDraw = True
89.0162 	EXP 	text_11: autoDraw = True
89.0162 	EXP 	image_6: autoDraw = True
89.4363 	DATA 	Keypress: space
89.4998 	EXP 	text_10: autoDraw = False
89.4998 	EXP 	text_11: autoDraw = False
89.4998 	EXP 	image_6: autoDraw = False
89.4998 	EXP 	text_13: text = 'C: How is the checkout line and how long do the clients wait in line?\n'
89.4998 	EXP 	text_14: text = 'Grocery Store Customer Experience Manager\n'
89.4998 	EXP 	image_7: image = 'jobphotos/gscem.jpg'
89.4998 	EXP 	text_13: autoDraw = True
89.4998 	EXP 	text_14: autoDraw = True
89.4998 	EXP 	image_7: autoDraw = True
89.8181 	DATA 	Keypress: space
89.8667 	EXP 	text_13: autoDraw = False
89.8667 	EXP 	text_14: autoDraw = False
89.8667 	EXP 	image_7: autoDraw = False
89.8667 	EXP 	text_15: text = 'D: How much are the groceries and what method of payment do the clients use?\n'
89.8667 	EXP 	text_16: text = 'Grocery Store Customer Experience Manager\n'
89.8667 	EXP 	image_8: image = 'jobphotos/gscem.jpg'
89.8667 	EXP 	text_15: autoDraw = True
89.8667 	EXP 	text_16: autoDraw = True
89.8667 	EXP 	image_8: autoDraw = True
90.2192 	DATA 	Keypress: space
90.2346 	EXP 	text_15: autoDraw = False
90.2346 	EXP 	text_16: autoDraw = False
90.2346 	EXP 	image_8: autoDraw = False
90.2346 	EXP 	text_5: autoDraw = True
90.6527 	DATA 	Keypress: space
90.6866 	EXP 	Created unnamed ImageStim = ImageStim(__class__=<class 'psychopy.visual.image.ImageStim'>, autoLog=True, color=array([1., 1., 1.]), colorSpace='rgb', contrast=1.0, depth=0, flipHoriz=False, flipVert=False, image='checkmark.png', interpolate=False, mask=None, maskParams=None, name='unnamed ImageStim', opacity=1.0, ori=0.0, pos=array([0., 0.]), size=array([0.2703125 , 0.47222222]), texRes=128, units='norm', win=Window(...))
90.6921 	EXP 	Created unnamed ImageStim = ImageStim(__class__=<class 'psychopy.visual.image.ImageStim'>, autoLog=True, color=array([1., 1., 1.]), colorSpace='rgb', contrast=1.0, depth=0, flipHoriz=False, flipVert=False, image='redx.png', interpolate=False, mask=None, maskParams=None, name='unnamed ImageStim', opacity=1.0, ori=0.0, pos=array([0., 0.]), size=array([0.28125, 0.5    ]), texRes=128, units='norm', win=Window(...))
90.7622 	EXP 	Created unnamed ImageStim = ImageStim(__class__=<class 'psychopy.visual.image.ImageStim'>, autoLog=True, color=array([1., 1., 1.]), colorSpace='rgb', contrast=1.0, depth=0, flipHoriz=False, flipVert=False, image='thumbsup.png', interpolate=False, mask=None, maskParams=None, name='unnamed ImageStim', opacity=1.0, ori=0.0, pos=array([0., 0.]), size=array([0.375 , 0.7125]), texRes=128, units='norm', win=Window(...))
90.8809 	EXP 	text_5: autoDraw = False
90.8809 	EXP 	question1_2: text = '1: What is the grocery store like upon entering?\n'
90.8809 	EXP 	question2_2: text = '2: What items do the clients pick out?\n'
90.8809 	EXP 	question3_2: text = '3: How is the checkout line and how long do the clients wait in line?\n'
90.8809 	EXP 	question4_2: text = '4: What type of grocery bags do the clients use?'
90.8809 	EXP 	question5_2: text = '5: How long does it take for the cashier to scan all of the customers’ groceries?'
90.8809 	EXP 	question6_2: text = '6: How much are the groceries and what method of payment do the clients use?\n'
90.8809 	EXP 	question1_2: autoDraw = True
90.8809 	EXP 	question2_2: autoDraw = True
90.8809 	EXP 	question3_2: autoDraw = True
90.8809 	EXP 	question4_2: autoDraw = True
90.8809 	EXP 	question5_2: autoDraw = True
90.8809 	EXP 	question6_2: autoDraw = True
90.8809 	EXP 	image_3: autoDraw = True
92.7867 	DATA 	Keypress: 1
94.4354 	DATA 	Keypress: 2
94.6024 	WARNING 	Requested image 'bar3.jpeg' not found but similar filename 'bar3.jpg' exists. This will be used instead but changing the filename is advised.
94.6505 	WARNING 	Requested image 'bar3.jpeg' not found but similar filename 'bar3.jpg' exists. This will be used instead but changing the filename is advised.
94.6855 	WARNING 	Requested image 'bar3.jpeg' not found but similar filename 'bar3.jpg' exists. This will be used instead but changing the filename is advised.
94.7186 	WARNING 	Requested image 'bar3.jpeg' not found but similar filename 'bar3.jpg' exists. This will be used instead but changing the filename is advised.
94.7527 	WARNING 	Requested image 'bar3.jpeg' not found but similar filename 'bar3.jpg' exists. This will be used instead but changing the filename is advised.
94.7857 	WARNING 	Requested image 'bar3.jpeg' not found but similar filename 'bar3.jpg' exists. This will be used instead but changing the filename is advised.
94.8187 	WARNING 	Requested image 'bar3.jpeg' not found but similar filename 'bar3.jpg' exists. This will be used instead but changing the filename is advised.
94.8528 	WARNING 	Requested image 'bar3.jpeg' not found but similar filename 'bar3.jpg' exists. This will be used instead but changing the filename is advised.
94.8856 	WARNING 	Requested image 'bar3.jpeg' not found but similar filename 'bar3.jpg' exists. This will be used instead but changing the filename is advised.
94.9197 	WARNING 	Requested image 'bar3.jpeg' not found but similar filename 'bar3.jpg' exists. This will be used instead but changing the filename is advised.
94.9527 	WARNING 	Requested image 'bar3.jpeg' not found but similar filename 'bar3.jpg' exists. This will be used instead but changing the filename is advised.
94.9857 	WARNING 	Requested image 'bar3.jpeg' not found but similar filename 'bar3.jpg' exists. This will be used instead but changing the filename is advised.
95.0188 	WARNING 	Requested image 'bar3.jpeg' not found but similar filename 'bar3.jpg' exists. This will be used instead but changing the filename is advised.
95.0528 	WARNING 	Requested image 'bar3.jpeg' not found but similar filename 'bar3.jpg' exists. This will be used instead but changing the filename is advised.
95.0855 	WARNING 	Requested image 'bar3.jpeg' not found but similar filename 'bar3.jpg' exists. This will be used instead but changing the filename is advised.
95.1186 	WARNING 	Requested image 'bar3.jpeg' not found but similar filename 'bar3.jpg' exists. This will be used instead but changing the filename is advised.
95.1529 	WARNING 	Requested image 'bar3.jpeg' not found but similar filename 'bar3.jpg' exists. This will be used instead but changing the filename is advised.
95.1858 	WARNING 	Requested image 'bar3.jpeg' not found but similar filename 'bar3.jpg' exists. This will be used instead but changing the filename is advised.
95.2204 	WARNING 	Requested image 'bar3.jpeg' not found but similar filename 'bar3.jpg' exists. This will be used instead but changing the filename is advised.
95.2536 	WARNING 	Requested image 'bar3.jpeg' not found but similar filename 'bar3.jpg' exists. This will be used instead but changing the filename is advised.
95.2863 	WARNING 	Requested image 'bar3.jpeg' not found but similar filename 'bar3.jpg' exists. This will be used instead but changing the filename is advised.
95.3196 	WARNING 	Requested image 'bar3.jpeg' not found but similar filename 'bar3.jpg' exists. This will be used instead but changing the filename is advised.
95.3528 	WARNING 	Requested image 'bar3.jpeg' not found but similar filename 'bar3.jpg' exists. This will be used instead but changing the filename is advised.
95.3872 	WARNING 	Requested image 'bar3.jpeg' not found but similar filename 'bar3.jpg' exists. This will be used instead but changing the filename is advised.
95.4203 	WARNING 	Requested image 'bar3.jpeg' not found but similar filename 'bar3.jpg' exists. This will be used instead but changing the filename is advised.
95.4537 	WARNING 	Requested image 'bar3.jpeg' not found but similar filename 'bar3.jpg' exists. This will be used instead but changing the filename is advised.
95.4877 	DATA 	Keypress: 3
95.4881 	WARNING 	Requested image 'bar3.jpeg' not found but similar filename 'bar3.jpg' exists. This will be used instead but changing the filename is advised.
98.5713 	DATA 	Keypress: 6
98.7367 	WARNING 	Requested image 'bar5.jpeg' not found but similar filename 'bar5.jpg' exists. This will be used instead but changing the filename is advised.
100.3046 	WARNING 	Requested image 'bar5.jpeg' not found but similar filename 'bar5.jpg' exists. This will be used instead but changing the filename is advised.
100.3231 	EXP 	New trial (rep=0, index=1): OrderedDict([('Q1', 'How does the person who is initiating the breakup feel before they do it?\n'), ('Q2', 'Why does the initiator want to break up?\n'), ('Q3', 'How does the person being broken up with respond?\n'), ('Q4', 'Do the partners leave on good terms?'), ('D1', 'Does the person being broken up with expect that this is coming?'), ('D2', 'For how long has the initiator been wanting to break up?'), ('roleName', 'Couples Therapist\n'), ('rolePic', 'jobphotos/couples.jpeg')])
100.3234 	EXP 	Created sequence: sequential, trialTypes=1, nReps=5, seed=None
100.3235 	EXP 	New trial (rep=0, index=0): None
100.3277 	WARNING 	Requested image 'jobphotos/couples.jpeg' not found but similar filename 'jobphotos/couples.jpg' exists. This will be used instead but changing the filename is advised.
100.3544 	EXP 	question1_2: autoDraw = False
100.3544 	EXP 	question2_2: autoDraw = False
100.3544 	EXP 	question3_2: autoDraw = False
100.3544 	EXP 	question4_2: autoDraw = False
100.3544 	EXP 	question5_2: autoDraw = False
100.3544 	EXP 	question6_2: autoDraw = False
100.3544 	EXP 	image_3: autoDraw = False
100.3544 	EXP 	text_18: text = 'Couples Therapist\n'
100.3544 	EXP 	image_9: image = 'jobphotos/couples.jpeg'
100.3544 	EXP 	text_18: autoDraw = True
100.3544 	EXP 	image_9: autoDraw = True
100.7552 	DATA 	Keypress: space
100.7715 	WARNING 	Requested image 'jobphotos/couples.jpeg' not found but similar filename 'jobphotos/couples.jpg' exists. This will be used instead but changing the filename is advised.
100.8046 	EXP 	text_18: autoDraw = False
100.8046 	EXP 	image_9: autoDraw = False
100.8046 	EXP 	text_8: text = 'A: How does the person who is initiating the breakup feel before they do it?\n'
100.8046 	EXP 	text_9: text = 'Couples Therapist\n'
100.8046 	EXP 	image_5: image = 'jobphotos/couples.jpeg'
100.8046 	EXP 	text_8: autoDraw = True
100.8046 	EXP 	text_9: autoDraw = True
100.8046 	EXP 	image_5: autoDraw = True
101.0718 	DATA 	Keypress: space
101.0841 	WARNING 	Requested image 'jobphotos/couples.jpeg' not found but similar filename 'jobphotos/couples.jpg' exists. This will be used instead but changing the filename is advised.
101.1044 	EXP 	text_8: autoDraw = False
101.1044 	EXP 	text_9: autoDraw = False
101.1044 	EXP 	image_5: autoDraw = False
101.1044 	EXP 	text_10: text = 'B: Why does the initiator want to break up?\n'
101.1044 	EXP 	text_11: text = 'Couples Therapist\n'
101.1044 	EXP 	image_6: image = 'jobphotos/couples.jpeg'
101.1044 	EXP 	text_10: autoDraw = True
101.1044 	EXP 	text_11: autoDraw = True
101.1044 	EXP 	image_6: autoDraw = True
101.3217 	DATA 	Keypress: space
101.3357 	WARNING 	Requested image 'jobphotos/couples.jpeg' not found but similar filename 'jobphotos/couples.jpg' exists. This will be used instead but changing the filename is advised.
101.3547 	EXP 	text_10: autoDraw = False
101.3547 	EXP 	text_11: autoDraw = False
101.3547 	EXP 	image_6: autoDraw = False
101.3547 	EXP 	text_13: text = 'C: How does the person being broken up with respond?\n'
101.3547 	EXP 	text_14: text = 'Couples Therapist\n'
101.3547 	EXP 	image_7: image = 'jobphotos/couples.jpeg'
101.3547 	EXP 	text_13: autoDraw = True
101.3547 	EXP 	text_14: autoDraw = True
101.3547 	EXP 	image_7: autoDraw = True
101.6388 	DATA 	Keypress: space
101.6517 	WARNING 	Requested image 'jobphotos/couples.jpeg' not found but similar filename 'jobphotos/couples.jpg' exists. This will be used instead but changing the filename is advised.
101.6707 	EXP 	text_13: autoDraw = False
101.6707 	EXP 	text_14: autoDraw = False
101.6707 	EXP 	image_7: autoDraw = False
101.6707 	EXP 	text_15: text = 'D: Do the partners leave on good terms?'
101.6707 	EXP 	text_16: text = 'Couples Therapist\n'
101.6707 	EXP 	image_8: image = 'jobphotos/couples.jpeg'
101.6707 	EXP 	text_15: autoDraw = True
101.6707 	EXP 	text_16: autoDraw = True
101.6707 	EXP 	image_8: autoDraw = True
102.0243 	DATA 	Keypress: space
102.0550 	EXP 	text_15: autoDraw = False
102.0550 	EXP 	text_16: autoDraw = False
102.0550 	EXP 	image_8: autoDraw = False
102.0550 	EXP 	text_5: autoDraw = True
102.5385 	DATA 	Keypress: space
102.5434 	EXP 	Created unnamed ImageStim = ImageStim(__class__=<class 'psychopy.visual.image.ImageStim'>, autoLog=True, color=array([1., 1., 1.]), colorSpace='rgb', contrast=1.0, depth=0, flipHoriz=False, flipVert=False, image='checkmark.png', interpolate=False, mask=None, maskParams=None, name='unnamed ImageStim', opacity=1.0, ori=0.0, pos=array([0., 0.]), size=array([0.2703125 , 0.47222222]), texRes=128, units='norm', win=Window(...))
102.5475 	EXP 	Created unnamed ImageStim = ImageStim(__class__=<class 'psychopy.visual.image.ImageStim'>, autoLog=True, color=array([1., 1., 1.]), colorSpace='rgb', contrast=1.0, depth=0, flipHoriz=False, flipVert=False, image='redx.png', interpolate=False, mask=None, maskParams=None, name='unnamed ImageStim', opacity=1.0, ori=0.0, pos=array([0., 0.]), size=array([0.28125, 0.5    ]), texRes=128, units='norm', win=Window(...))
102.5584 	EXP 	Created unnamed ImageStim = ImageStim(__class__=<class 'psychopy.visual.image.ImageStim'>, autoLog=True, color=array([1., 1., 1.]), colorSpace='rgb', contrast=1.0, depth=0, flipHoriz=False, flipVert=False, image='thumbsup.png', interpolate=False, mask=None, maskParams=None, name='unnamed ImageStim', opacity=1.0, ori=0.0, pos=array([0., 0.]), size=array([0.375 , 0.7125]), texRes=128, units='norm', win=Window(...))
102.6543 	EXP 	text_5: autoDraw = False
102.6543 	EXP 	question1_2: text = '1: Do the partners leave on good terms?'
102.6543 	EXP 	question2_2: text = '2: How does the person who is initiating the breakup feel before they do it?\n'
102.6543 	EXP 	question3_2: text = '3: For how long has the initiator been wanting to break up?'
102.6543 	EXP 	question4_2: text = '4: How does the person being broken up with respond?\n'
102.6543 	EXP 	question5_2: text = '5: Does the person being broken up with expect that this is coming?'
102.6543 	EXP 	question6_2: text = '6: Why does the initiator want to break up?\n'
102.6543 	EXP 	question1_2: autoDraw = True
102.6543 	EXP 	question2_2: autoDraw = True
102.6543 	EXP 	question3_2: autoDraw = True
102.6543 	EXP 	question4_2: autoDraw = True
102.6543 	EXP 	question5_2: autoDraw = True
102.6543 	EXP 	question6_2: autoDraw = True
102.6543 	EXP 	image_3: autoDraw = True
104.0406 	DATA 	Keypress: 1
105.0903 	EXP 	New trial (rep=1, index=0): None
105.0904 	WARNING 	Requested image 'jobphotos/couples.jpeg' not found but similar filename 'jobphotos/couples.jpg' exists. This will be used instead but changing the filename is advised.
105.1209 	EXP 	question1_2: autoDraw = False
105.1209 	EXP 	question2_2: autoDraw = False
105.1209 	EXP 	question3_2: autoDraw = False
105.1209 	EXP 	question4_2: autoDraw = False
105.1209 	EXP 	question5_2: autoDraw = False
105.1209 	EXP 	question6_2: autoDraw = False
105.1209 	EXP 	image_3: autoDraw = False
105.1209 	EXP 	text_18: text = 'Couples Therapist\n'
105.1209 	EXP 	image_9: image = 'jobphotos/couples.jpeg'
105.1209 	EXP 	text_18: autoDraw = True
105.1209 	EXP 	image_9: autoDraw = True
105.3906 	DATA 	Keypress: space
105.3912 	WARNING 	Requested image 'jobphotos/couples.jpeg' not found but similar filename 'jobphotos/couples.jpg' exists. This will be used instead but changing the filename is advised.
105.4229 	EXP 	text_18: autoDraw = False
105.4229 	EXP 	image_9: autoDraw = False
105.4229 	EXP 	text_8: text = 'A: How does the person who is initiating the breakup feel before they do it?\n'
105.4229 	EXP 	text_9: text = 'Couples Therapist\n'
105.4229 	EXP 	image_5: image = 'jobphotos/couples.jpeg'
105.4229 	EXP 	text_8: autoDraw = True
105.4229 	EXP 	text_9: autoDraw = True
105.4229 	EXP 	image_5: autoDraw = True
105.7567 	DATA 	Keypress: space
105.7574 	WARNING 	Requested image 'jobphotos/couples.jpeg' not found but similar filename 'jobphotos/couples.jpg' exists. This will be used instead but changing the filename is advised.
105.7896 	EXP 	text_8: autoDraw = False
105.7896 	EXP 	text_9: autoDraw = False
105.7896 	EXP 	image_5: autoDraw = False
105.7896 	EXP 	text_10: text = 'B: Why does the initiator want to break up?\n'
105.7896 	EXP 	text_11: text = 'Couples Therapist\n'
105.7896 	EXP 	image_6: image = 'jobphotos/couples.jpeg'
105.7896 	EXP 	text_10: autoDraw = True
105.7896 	EXP 	text_11: autoDraw = True
105.7896 	EXP 	image_6: autoDraw = True
106.5930 	DATA 	Keypress: q
106.8909 	DATA 	Keypress: space
106.8915 	WARNING 	Requested image 'jobphotos/couples.jpeg' not found but similar filename 'jobphotos/couples.jpg' exists. This will be used instead but changing the filename is advised.
106.9227 	EXP 	text_10: autoDraw = False
106.9227 	EXP 	text_11: autoDraw = False
106.9227 	EXP 	image_6: autoDraw = False
106.9227 	EXP 	text_13: text = 'C: How does the person being broken up with respond?\n'
106.9227 	EXP 	text_14: text = 'Couples Therapist\n'
106.9227 	EXP 	image_7: image = 'jobphotos/couples.jpeg'
106.9227 	EXP 	text_13: autoDraw = True
106.9227 	EXP 	text_14: autoDraw = True
106.9227 	EXP 	image_7: autoDraw = True
107.0911 	DATA 	Keypress: space
107.0917 	WARNING 	Requested image 'jobphotos/couples.jpeg' not found but similar filename 'jobphotos/couples.jpg' exists. This will be used instead but changing the filename is advised.
107.1234 	EXP 	text_13: autoDraw = False
107.1234 	EXP 	text_14: autoDraw = False
107.1234 	EXP 	image_7: autoDraw = False
107.1234 	EXP 	text_15: text = 'D: Do the partners leave on good terms?'
107.1234 	EXP 	text_16: text = 'Couples Therapist\n'
107.1234 	EXP 	image_8: image = 'jobphotos/couples.jpeg'
107.1234 	EXP 	text_15: autoDraw = True
107.1234 	EXP 	text_16: autoDraw = True
107.1234 	EXP 	image_8: autoDraw = True
107.2738 	DATA 	Keypress: space
107.2887 	EXP 	text_15: autoDraw = False
107.2887 	EXP 	text_16: autoDraw = False
107.2887 	EXP 	image_8: autoDraw = False
107.2887 	EXP 	text_5: autoDraw = True
107.5908 	DATA 	Keypress: q
107.8404 	DATA 	Keypress: space
107.8602 	EXP 	Created unnamed ImageStim = ImageStim(__class__=<class 'psychopy.visual.image.ImageStim'>, autoLog=True, color=array([1., 1., 1.]), colorSpace='rgb', contrast=1.0, depth=0, flipHoriz=False, flipVert=False, image='checkmark.png', interpolate=False, mask=None, maskParams=None, name='unnamed ImageStim', opacity=1.0, ori=0.0, pos=array([0., 0.]), size=array([0.2703125 , 0.47222222]), texRes=128, units='norm', win=Window(...))
107.8640 	EXP 	Created unnamed ImageStim = ImageStim(__class__=<class 'psychopy.visual.image.ImageStim'>, autoLog=True, color=array([1., 1., 1.]), colorSpace='rgb', contrast=1.0, depth=0, flipHoriz=False, flipVert=False, image='redx.png', interpolate=False, mask=None, maskParams=None, name='unnamed ImageStim', opacity=1.0, ori=0.0, pos=array([0., 0.]), size=array([0.28125, 0.5    ]), texRes=128, units='norm', win=Window(...))
107.8750 	EXP 	Created unnamed ImageStim = ImageStim(__class__=<class 'psychopy.visual.image.ImageStim'>, autoLog=True, color=array([1., 1., 1.]), colorSpace='rgb', contrast=1.0, depth=0, flipHoriz=False, flipVert=False, image='thumbsup.png', interpolate=False, mask=None, maskParams=None, name='unnamed ImageStim', opacity=1.0, ori=0.0, pos=array([0., 0.]), size=array([0.375 , 0.7125]), texRes=128, units='norm', win=Window(...))
107.9562 	EXP 	text_5: autoDraw = False
107.9562 	EXP 	question1_2: text = '1: How does the person being broken up with respond?\n'
107.9562 	EXP 	question2_2: text = '2: Why does the initiator want to break up?\n'
107.9562 	EXP 	question3_2: text = '3: Do the partners leave on good terms?'
107.9562 	EXP 	question4_2: text = '4: How does the person who is initiating the breakup feel before they do it?\n'
107.9562 	EXP 	question5_2: text = '5: Does the person being broken up with expect that this is coming?'
107.9562 	EXP 	question6_2: text = '6: For how long has the initiator been wanting to break up?'
107.9562 	EXP 	question1_2: autoDraw = True
107.9562 	EXP 	question2_2: autoDraw = True
107.9562 	EXP 	question3_2: autoDraw = True
107.9562 	EXP 	question4_2: autoDraw = True
107.9562 	EXP 	question5_2: autoDraw = True
107.9562 	EXP 	question6_2: autoDraw = True
107.9562 	EXP 	image_3: autoDraw = True
107.9562 	EXP 	question1_2: autoDraw = False
107.9562 	EXP 	question2_2: autoDraw = False
107.9562 	EXP 	question3_2: autoDraw = False
107.9562 	EXP 	question4_2: autoDraw = False
107.9562 	EXP 	question5_2: autoDraw = False
107.9562 	EXP 	question6_2: autoDraw = False
107.9562 	EXP 	image_3: autoDraw = False
107.9562 	EXP 	text_3: autoDraw = True
108.1903 	DATA 	Keypress: q
108.9455 	EXP 	Imported whichRole.xlsx as conditions, 8 conditions, 8 params
108.9456 	EXP 	Created sequence: sequential, trialTypes=8, nReps=1, seed=None
108.9459 	EXP 	New trial (rep=0, index=0): OrderedDict([('Q1', 'What industry are the business people in?'), ('Q2', 'What is being negotiated and how much money is at stake?'), ('Q3', 'What is the response to the proposed deal?'), ('Q4', 'What comes about from the business proposal?'), ('D1', 'Is the deal fair?'), ('D2', 'How long does it take to make the deal?'), ('roleName', 'Business Reporter'), ('rolePic', 'jobphotos/business_reporter.jpg')])
108.9462 	EXP 	Created sequence: random, trialTypes=1, nReps=5, seed=None
108.9464 	EXP 	New trial (rep=0, index=0): None
108.9723 	EXP 	text_3: autoDraw = False
108.9723 	EXP 	image_2: image = 'jobphotos/business_reporter.jpg'
108.9723 	EXP 	text_4: text = 'Business Reporter'
108.9723 	EXP 	image_2: autoDraw = True
108.9723 	EXP 	text_4: autoDraw = True
109.5739 	DATA 	Keypress: space
109.5792 	EXP 	Created unnamed ImageStim = ImageStim(__class__=<class 'psychopy.visual.image.ImageStim'>, autoLog=True, color=array([1., 1., 1.]), colorSpace='rgb', contrast=1.0, depth=0, flipHoriz=False, flipVert=False, image='checkmark.png', interpolate=False, mask=None, maskParams=None, name='unnamed ImageStim', opacity=1.0, ori=0.0, pos=array([0., 0.]), size=array([0.2703125 , 0.47222222]), texRes=128, units='norm', win=Window(...))
109.5839 	EXP 	Created unnamed ImageStim = ImageStim(__class__=<class 'psychopy.visual.image.ImageStim'>, autoLog=True, color=array([1., 1., 1.]), colorSpace='rgb', contrast=1.0, depth=0, flipHoriz=False, flipVert=False, image='redx.png', interpolate=False, mask=None, maskParams=None, name='unnamed ImageStim', opacity=1.0, ori=0.0, pos=array([0., 0.]), size=array([0.28125, 0.5    ]), texRes=128, units='norm', win=Window(...))
109.5952 	EXP 	Created unnamed ImageStim = ImageStim(__class__=<class 'psychopy.visual.image.ImageStim'>, autoLog=True, color=array([1., 1., 1.]), colorSpace='rgb', contrast=1.0, depth=0, flipHoriz=False, flipVert=False, image='thumbsup.png', interpolate=False, mask=None, maskParams=None, name='unnamed ImageStim', opacity=1.0, ori=0.0, pos=array([0., 0.]), size=array([0.375 , 0.7125]), texRes=128, units='norm', win=Window(...))
109.6891 	EXP 	image_2: autoDraw = False
109.6891 	EXP 	text_4: autoDraw = False
109.6891 	EXP 	question1_3: text = '1: What industry are the business people in?'
109.6891 	EXP 	question2_3: text = '2: What is the response to the proposed deal?'
109.6891 	EXP 	question3_3: text = '3: How long does it take to make the deal?'
109.6891 	EXP 	question4_3: text = '4: What is being negotiated and how much money is at stake?'
109.6891 	EXP 	question5_3: text = '5: What comes about from the business proposal?'
109.6891 	EXP 	question6_3: text = '6: Is the deal fair?'
109.6891 	EXP 	question1_3: autoDraw = True
109.6891 	EXP 	question2_3: autoDraw = True
109.6891 	EXP 	question3_3: autoDraw = True
109.6891 	EXP 	question4_3: autoDraw = True
109.6891 	EXP 	question5_3: autoDraw = True
109.6891 	EXP 	question6_3: autoDraw = True
109.6891 	EXP 	image_4: autoDraw = True
110.7821 	DATA 	Keypress: space
111.0443 	DATA 	Keypress: q
111.0815 	EXP 	Imported instructions_segment.xlsx as conditions, 5 conditions, 1 params
111.0817 	EXP 	Created sequence: sequential, trialTypes=5, nReps=1, seed=None
111.0819 	EXP 	New trial (rep=0, index=0): OrderedDict([('instructText', 'Additionally, while reading each story, you will also indicate when you think a new “part” of the story is beginning. ')])
111.1245 	EXP 	question1_3: autoDraw = False
111.1245 	EXP 	question2_3: autoDraw = False
111.1245 	EXP 	question3_3: autoDraw = False
111.1245 	EXP 	question4_3: autoDraw = False
111.1245 	EXP 	question5_3: autoDraw = False
111.1245 	EXP 	question6_3: autoDraw = False
111.1245 	EXP 	image_4: autoDraw = False
111.1245 	EXP 	text_6: text = 'Additionally, while reading each story, you will also indicate when you think a new “part” of the story is beginning. '
111.1245 	EXP 	text_6: autoDraw = True
130.6153 	DATA 	Keypress: space
130.6163 	EXP 	New trial (rep=0, index=1): OrderedDict([('instructText', 'Some people feel that the stories have natural “parts”.')])
130.6467 	EXP 	text_6: autoDraw = False
130.6467 	EXP 	text_6: text = 'Some people feel that the stories have natural “parts”.'
130.6467 	EXP 	text_6: autoDraw = True
131.8987 	DATA 	Keypress: space
131.8995 	EXP 	New trial (rep=0, index=2): OrderedDict([('instructText', 'You will press “9” if you think the sentence is the beginning of a new “part.”')])
131.9310 	EXP 	text_6: autoDraw = False
131.9310 	EXP 	text_6: text = 'You will press “9” if you think the sentence is the beginning of a new “part.”'
131.9310 	EXP 	text_6: autoDraw = True
133.3325 	DATA 	Keypress: space
133.3333 	EXP 	New trial (rep=0, index=3): OrderedDict([('instructText', 'For example you should press “9” at the beginning of a new story or when you think a different event is beginning. ')])
133.3636 	EXP 	text_6: autoDraw = False
133.3636 	EXP 	text_6: text = 'For example you should press “9” at the beginning of a new story or when you think a different event is beginning. '
133.3636 	EXP 	text_6: autoDraw = True
136.8663 	DATA 	Keypress: space
136.8672 	EXP 	New trial (rep=0, index=4): OrderedDict([('instructText', 'You will press “1” if you think the sentence is in the same “part” as the sentence before. ')])
136.8993 	EXP 	text_6: autoDraw = False
136.8993 	EXP 	text_6: text = 'You will press “1” if you think the sentence is in the same “part” as the sentence before. '
136.8993 	EXP 	text_6: autoDraw = True
138.8012 	DATA 	Keypress: space
138.8320 	EXP 	text_6: autoDraw = False
138.8320 	EXP 	text: autoDraw = True
139.5003 	DATA 	Keypress: space
139.7779 	EXP 	window1: mouseVisible = True
