2.1855 	WARNING 	sounddevice audio lib was requested but not loaded: sounddevice not working
6.8126 	WARNING 	User requested fullscreen with size [1024  768], but screen is actually [1440, 900]. Using actual size
7.4814 	EXP 	Created window1 = Window(allowGUI=False, allowStencil=False, args=UNKNOWN, autoLog=True, bitsMode=UNKNOWN, blendMode='avg', color=array([0., 0., 0.]), colorSpace='rgb', fullscr=<method-wrapper '__getattribute__' of attributeSetter object at 0x10e4e3cf8>, gamma=None, kwargs=UNKNOWN, lms=UNKNOWN, monitor=<psychopy.monitors.calibTools.Monitor object at 0x1121957b8>, multiSample=False, name='window1', numSamples=2, pos=[0.0, 0.0], screen=0, size=array([1440,  900]), stereo=False, units='norm', useFBO=True, useRetina=False, viewOri=0.0, viewPos=None, viewScale=None, waitBlanking=True, winType='pyglet')
7.4814 	EXP 	window1: recordFrameIntervals = False
7.6471 	EXP 	window1: recordFrameIntervals = True
7.8308 	EXP 	window1: recordFrameIntervals = False
7.9824 	EXP 	Created welcome_2 = TextStim(__class__=<class 'psychopy.visual.text.TextStim'>, alignHoriz='center', alignVert='center', antialias=True, autoLog=True, bold=False, color='white', colorSpace='named', contrast=1.0, depth=0.0, flipHoriz=False, flipVert=False, font='Arial', fontFiles=[], height=0.1, italic=False, languageStyle='LTR', name='welcome_2', opacity=1.0, ori=0, pos=array([0. , 0.5]), rgb=array([255., 255., 255.]), text='default text', units='norm', win=Window(...), wrapWidth=1)
7.9847 	EXP 	Created image_10 = ImageStim(__class__=<class 'psychopy.visual.image.ImageStim'>, autoLog=True, color=array([1., 1., 1.]), colorSpace='rgb', contrast=1.0, depth=-3.0, flipHoriz=False, flipVert=False, image='sin', interpolate=True, mask=None, maskParams=None, name='image_10', opacity=1.0, ori=0.0, pos=array([ 0. , -0.3]), size=array([1., 1.]), texRes=128, units='norm', win=Window(...))
7.9868 	EXP 	Created image = ImageStim(__class__=<class 'psychopy.visual.image.ImageStim'>, autoLog=True, color=array([1., 1., 1.]), colorSpace='rgb', contrast=1.0, depth=0.0, flipHoriz=False, flipVert=False, image='sin', interpolate=True, mask=None, maskParams=None, name='image', opacity=1.0, ori=0.0, pos=array([0., 0.]), size=array([0.5, 0.5]), texRes=128, units='norm', win=Window(...))
7.9927 	EXP 	Created text_2 = TextStim(__class__=<class 'psychopy.visual.text.TextStim'>, alignHoriz='center', alignVert='center', antialias=True, autoLog=True, bold=False, color='white', colorSpace='named', contrast=1.0, depth=-2.0, flipHoriz=False, flipVert=False, font='Arial', fontFiles=[], height=0.1, italic=False, languageStyle='LTR', name='text_2', opacity=1.0, ori=0, pos=array([ 0. , -0.5]), rgb=array([255., 255., 255.]), text='default text', units='norm', win=Window(...), wrapWidth=1)
8.0011 	EXP 	Created welcome = TextStim(__class__=<class 'psychopy.visual.text.TextStim'>, alignHoriz='center', alignVert='center', antialias=True, autoLog=True, bold=False, color='white', colorSpace='named', contrast=1.0, depth=0.0, flipHoriz=False, flipVert=False, font='Arial', fontFiles=[], height=0.1, italic=False, languageStyle='LTR', name='welcome', opacity=1.0, ori=0, pos=array([0., 0.]), rgb=array([255., 255., 255.]), text='default text', units='norm', win=Window(...), wrapWidth=1)
8.0071 	EXP 	Created text_12 = TextStim(__class__=<class 'psychopy.visual.text.TextStim'>, alignHoriz='center', alignVert='center', antialias=True, autoLog=True, bold=False, color='white', colorSpace='named', contrast=1.0, depth=-2.0, flipHoriz=False, flipVert=False, font='Arial', fontFiles=[], height=0.1, italic=False, languageStyle='LTR', name='text_12', opacity=1.0, ori=0, pos=array([ 0. , -0.6]), rgb=array([255., 255., 255.]), text='default text', units='norm', win=Window(...), wrapWidth=1)
8.0122 	EXP 	Created text_18 = TextStim(__class__=<class 'psychopy.visual.text.TextStim'>, alignHoriz='center', alignVert='center', antialias=True, autoLog=True, bold=False, color='white', colorSpace='named', contrast=1.0, depth=0.0, flipHoriz=False, flipVert=False, font='Arial', fontFiles=[], height=0.1, italic=False, languageStyle='LTR', name='text_18', opacity=1.0, ori=0, pos=array([-0.25,  0.25]), rgb=array([255., 255., 255.]), text='default text', units='norm', win=Window(...), wrapWidth=0.5)
8.0141 	EXP 	Created image_9 = ImageStim(__class__=<class 'psychopy.visual.image.ImageStim'>, autoLog=True, color=array([1., 1., 1.]), colorSpace='rgb', contrast=1.0, depth=-1.0, flipHoriz=False, flipVert=False, image='sin', interpolate=True, mask=None, maskParams=None, name='image_9', opacity=1.0, ori=0.0, pos=array([0.25, 0.25]), size=array([0.5, 0.5]), texRes=128, units='norm', win=Window(...))
8.0230 	EXP 	Created text_8 = TextStim(__class__=<class 'psychopy.visual.text.TextStim'>, alignHoriz='center', alignVert='center', antialias=True, autoLog=True, bold=False, color='white', colorSpace='named', contrast=1.0, depth=0.0, flipHoriz=False, flipVert=False, font='Arial', fontFiles=[], height=0.1, italic=False, languageStyle='LTR', name='text_8', opacity=1.0, ori=0, pos=array([ 0. , -0.4]), rgb=array([255., 255., 255.]), text='default text', units='norm', win=Window(...), wrapWidth=1)
8.0300 	EXP 	Created text_9 = TextStim(__class__=<class 'psychopy.visual.text.TextStim'>, alignHoriz='center', alignVert='center', antialias=True, autoLog=True, bold=False, color='white', colorSpace='named', contrast=1.0, depth=-1.0, flipHoriz=False, flipVert=False, font='Arial', fontFiles=[], height=0.1, italic=False, languageStyle='LTR', name='text_9', opacity=1.0, ori=0, pos=array([-0.25,  0.25]), rgb=array([255., 255., 255.]), text='default text', units='norm', win=Window(...), wrapWidth=0.5)
8.0322 	EXP 	Created image_5 = ImageStim(__class__=<class 'psychopy.visual.image.ImageStim'>, autoLog=True, color=array([1., 1., 1.]), colorSpace='rgb', contrast=1.0, depth=-2.0, flipHoriz=False, flipVert=False, image='sin', interpolate=True, mask=None, maskParams=None, name='image_5', opacity=1.0, ori=0.0, pos=array([0.25, 0.25]), size=array([0.5, 0.5]), texRes=128, units='norm', win=Window(...))
8.0371 	EXP 	Created text_10 = TextStim(__class__=<class 'psychopy.visual.text.TextStim'>, alignHoriz='center', alignVert='center', antialias=True, autoLog=True, bold=False, color='white', colorSpace='named', contrast=1.0, depth=0.0, flipHoriz=False, flipVert=False, font='Arial', fontFiles=[], height=0.1, italic=False, languageStyle='LTR', name='text_10', opacity=1.0, ori=0, pos=array([ 0. , -0.4]), rgb=array([255., 255., 255.]), text='default text', units='norm', win=Window(...), wrapWidth=1)
8.0422 	EXP 	Created text_11 = TextStim(__class__=<class 'psychopy.visual.text.TextStim'>, alignHoriz='center', alignVert='center', antialias=True, autoLog=True, bold=False, color='white', colorSpace='named', contrast=1.0, depth=-1.0, flipHoriz=False, flipVert=False, font='Arial', fontFiles=[], height=0.1, italic=False, languageStyle='LTR', name='text_11', opacity=1.0, ori=0, pos=array([-0.25,  0.25]), rgb=array([255., 255., 255.]), text='default text', units='norm', win=Window(...), wrapWidth=0.5)
8.0442 	EXP 	Created image_6 = ImageStim(__class__=<class 'psychopy.visual.image.ImageStim'>, autoLog=True, color=array([1., 1., 1.]), colorSpace='rgb', contrast=1.0, depth=-2.0, flipHoriz=False, flipVert=False, image='sin', interpolate=True, mask=None, maskParams=None, name='image_6', opacity=1.0, ori=0.0, pos=array([0.25, 0.25]), size=array([0.5, 0.5]), texRes=128, units='norm', win=Window(...))
8.0490 	EXP 	Created text_13 = TextStim(__class__=<class 'psychopy.visual.text.TextStim'>, alignHoriz='center', alignVert='center', antialias=True, autoLog=True, bold=False, color='white', colorSpace='named', contrast=1.0, depth=0.0, flipHoriz=False, flipVert=False, font='Arial', fontFiles=[], height=0.1, italic=False, languageStyle='LTR', name='text_13', opacity=1.0, ori=0, pos=array([ 0. , -0.4]), rgb=array([255., 255., 255.]), text='default text', units='norm', win=Window(...), wrapWidth=1)
8.0537 	EXP 	Created text_14 = TextStim(__class__=<class 'psychopy.visual.text.TextStim'>, alignHoriz='center', alignVert='center', antialias=True, autoLog=True, bold=False, color='white', colorSpace='named', contrast=1.0, depth=-1.0, flipHoriz=False, flipVert=False, font='Arial', fontFiles=[], height=0.1, italic=False, languageStyle='LTR', name='text_14', opacity=1.0, ori=0, pos=array([-0.25,  0.25]), rgb=array([255., 255., 255.]), text='default text', units='norm', win=Window(...), wrapWidth=0.5)
8.0557 	EXP 	Created image_7 = ImageStim(__class__=<class 'psychopy.visual.image.ImageStim'>, autoLog=True, color=array([1., 1., 1.]), colorSpace='rgb', contrast=1.0, depth=-2.0, flipHoriz=False, flipVert=False, image='sin', interpolate=True, mask=None, maskParams=None, name='image_7', opacity=1.0, ori=0.0, pos=array([0.25, 0.25]), size=array([0.5, 0.5]), texRes=128, units='norm', win=Window(...))
8.0606 	EXP 	Created text_15 = TextStim(__class__=<class 'psychopy.visual.text.TextStim'>, alignHoriz='center', alignVert='center', antialias=True, autoLog=True, bold=False, color='white', colorSpace='named', contrast=1.0, depth=0.0, flipHoriz=False, flipVert=False, font='Arial', fontFiles=[], height=0.1, italic=False, languageStyle='LTR', name='text_15', opacity=1.0, ori=0, pos=array([ 0. , -0.4]), rgb=array([255., 255., 255.]), text='default text', units='norm', win=Window(...), wrapWidth=1)
8.0670 	EXP 	Created text_16 = TextStim(__class__=<class 'psychopy.visual.text.TextStim'>, alignHoriz='center', alignVert='center', antialias=True, autoLog=True, bold=False, color='white', colorSpace='named', contrast=1.0, depth=-1.0, flipHoriz=False, flipVert=False, font='Arial', fontFiles=[], height=0.1, italic=False, languageStyle='LTR', name='text_16', opacity=1.0, ori=0, pos=array([-0.25,  0.25]), rgb=array([255., 255., 255.]), text='default text', units='norm', win=Window(...), wrapWidth=0.5)
8.0706 	EXP 	Created image_8 = ImageStim(__class__=<class 'psychopy.visual.image.ImageStim'>, autoLog=True, color=array([1., 1., 1.]), colorSpace='rgb', contrast=1.0, depth=-2.0, flipHoriz=False, flipVert=False, image='sin', interpolate=True, mask=None, maskParams=None, name='image_8', opacity=1.0, ori=0.0, pos=array([0.25, 0.25]), size=array([0.5, 0.5]), texRes=128, units='norm', win=Window(...))
8.0916 	EXP 	Created text_5 = TextStim(__class__=<class 'psychopy.visual.text.TextStim'>, alignHoriz='center', alignVert='center', antialias=True, autoLog=True, bold=False, color='white', colorSpace='named', contrast=1.0, depth=0.0, flipHoriz=False, flipVert=False, font='Arial', fontFiles=[], height=0.1, italic=False, languageStyle='LTR', name='text_5', opacity=1.0, ori=0, pos=array([0., 0.]), rgb=array([255., 255., 255.]), text=str(...), units='norm', win=Window(...), wrapWidth=1)
8.0966 	EXP 	Created question1_2 = TextStim(__class__=<class 'psychopy.visual.text.TextStim'>, alignHoriz='center', alignVert='center', antialias=True, autoLog=True, bold=False, color='white', colorSpace='named', contrast=1.0, depth=-1.0, flipHoriz=False, flipVert=False, font='Arial', fontFiles=[], height=0.1, italic=False, languageStyle='LTR', name='question1_2', opacity=1.0, ori=0, pos=array([0. , 0.6]), rgb=array([255., 255., 255.]), text='default text', units='norm', win=Window(...), wrapWidth=2)
8.1014 	EXP 	Created question2_2 = TextStim(__class__=<class 'psychopy.visual.text.TextStim'>, alignHoriz='center', alignVert='center', antialias=True, autoLog=True, bold=False, color='white', colorSpace='named', contrast=1.0, depth=-2.0, flipHoriz=False, flipVert=False, font='Arial', fontFiles=[], height=0.1, italic=False, languageStyle='LTR', name='question2_2', opacity=1.0, ori=0, pos=array([0.  , 0.35]), rgb=array([255., 255., 255.]), text='default text', units='norm', win=Window(...), wrapWidth=2)
8.1067 	EXP 	Created question3_2 = TextStim(__class__=<class 'psychopy.visual.text.TextStim'>, alignHoriz='center', alignVert='center', antialias=True, autoLog=True, bold=False, color='white', colorSpace='named', contrast=1.0, depth=-3.0, flipHoriz=False, flipVert=False, font='Arial', fontFiles=[], height=0.1, italic=False, languageStyle='LTR', name='question3_2', opacity=1.0, ori=0, pos=array([0.  , 0.12]), rgb=array([255., 255., 255.]), text='default text', units='norm', win=Window(...), wrapWidth=2)
8.1125 	EXP 	Created question4_2 = TextStim(__class__=<class 'psychopy.visual.text.TextStim'>, alignHoriz='center', alignVert='center', antialias=True, autoLog=True, bold=False, color='white', colorSpace='named', contrast=1.0, depth=-4.0, flipHoriz=False, flipVert=False, font='Arial', fontFiles=[], height=0.1, italic=False, languageStyle='LTR', name='question4_2', opacity=1.0, ori=0, pos=array([ 0.  , -0.12]), rgb=array([255., 255., 255.]), text='default text', units='norm', win=Window(...), wrapWidth=2)
8.1207 	EXP 	Created question5_2 = TextStim(__class__=<class 'psychopy.visual.text.TextStim'>, alignHoriz='center', alignVert='center', antialias=True, autoLog=True, bold=False, color='white', colorSpace='named', contrast=1.0, depth=-5.0, flipHoriz=False, flipVert=False, font='Arial', fontFiles=[], height=0.1, italic=False, languageStyle='LTR', name='question5_2', opacity=1.0, ori=0, pos=array([ 0.  , -0.35]), rgb=array([255., 255., 255.]), text='default text', units='norm', win=Window(...), wrapWidth=2)
8.1267 	EXP 	Created question6_2 = TextStim(__class__=<class 'psychopy.visual.text.TextStim'>, alignHoriz='center', alignVert='center', antialias=True, autoLog=True, bold=False, color='white', colorSpace='named', contrast=1.0, depth=-6.0, flipHoriz=False, flipVert=False, font='Arial', fontFiles=[], height=0.1, italic=False, languageStyle='LTR', name='question6_2', opacity=1.0, ori=0, pos=array([ 0. , -0.6]), rgb=array([255., 255., 255.]), text='default text', units='norm', win=Window(...), wrapWidth=2)
8.1288 	EXP 	Created image_3 = ImageStim(__class__=<class 'psychopy.visual.image.ImageStim'>, autoLog=True, color=array([1., 1., 1.]), colorSpace='rgb', contrast=1.0, depth=-8.0, flipHoriz=False, flipVert=False, image='sin', interpolate=True, mask=None, maskParams=None, name='image_3', opacity=1.0, ori=0.0, pos=array([ 0.  , -0.85]), size=array([0.25 , 0.125]), texRes=128, units='norm', win=Window(...))
8.1364 	EXP 	Created text_3 = TextStim(__class__=<class 'psychopy.visual.text.TextStim'>, alignHoriz='center', alignVert='center', antialias=True, autoLog=True, bold=False, color='white', colorSpace='named', contrast=1.0, depth=0.0, flipHoriz=False, flipVert=False, font='Arial', fontFiles=[], height=0.1, italic=False, languageStyle='LTR', name='text_3', opacity=1.0, ori=0, pos=array([0., 0.]), rgb=array([255., 255., 255.]), text='Final Tests', units='norm', win=Window(...), wrapWidth=1)
8.1401 	EXP 	Created image_2 = ImageStim(__class__=<class 'psychopy.visual.image.ImageStim'>, autoLog=True, color=array([1., 1., 1.]), colorSpace='rgb', contrast=1.0, depth=0.0, flipHoriz=False, flipVert=False, image='sin', interpolate=True, mask=None, maskParams=None, name='image_2', opacity=1.0, ori=0.0, pos=array([0., 0.]), size=array([0.5, 0.5]), texRes=128, units='norm', win=Window(...))
8.1480 	EXP 	Created text_4 = TextStim(__class__=<class 'psychopy.visual.text.TextStim'>, alignHoriz='center', alignVert='center', antialias=True, autoLog=True, bold=False, color='white', colorSpace='named', contrast=1.0, depth=-2.0, flipHoriz=False, flipVert=False, font='Arial', fontFiles=[], height=0.1, italic=False, languageStyle='LTR', name='text_4', opacity=1.0, ori=0, pos=array([ 0. , -0.5]), rgb=array([255., 255., 255.]), text='default text', units='norm', win=Window(...), wrapWidth=1)
8.1532 	EXP 	Created question1_3 = TextStim(__class__=<class 'psychopy.visual.text.TextStim'>, alignHoriz='center', alignVert='center', antialias=True, autoLog=True, bold=False, color='white', colorSpace='named', contrast=1.0, depth=-1.0, flipHoriz=False, flipVert=False, font='Arial', fontFiles=[], height=0.1, italic=False, languageStyle='LTR', name='question1_3', opacity=1.0, ori=0, pos=array([0. , 0.6]), rgb=array([255., 255., 255.]), text='default text', units='norm', win=Window(...), wrapWidth=2)
8.1581 	EXP 	Created question2_3 = TextStim(__class__=<class 'psychopy.visual.text.TextStim'>, alignHoriz='center', alignVert='center', antialias=True, autoLog=True, bold=False, color='white', colorSpace='named', contrast=1.0, depth=-2.0, flipHoriz=False, flipVert=False, font='Arial', fontFiles=[], height=0.1, italic=False, languageStyle='LTR', name='question2_3', opacity=1.0, ori=0, pos=array([0.  , 0.35]), rgb=array([255., 255., 255.]), text='default text', units='norm', win=Window(...), wrapWidth=2)
8.1652 	EXP 	Created question3_3 = TextStim(__class__=<class 'psychopy.visual.text.TextStim'>, alignHoriz='center', alignVert='center', antialias=True, autoLog=True, bold=False, color='white', colorSpace='named', contrast=1.0, depth=-3.0, flipHoriz=False, flipVert=False, font='Arial', fontFiles=[], height=0.1, italic=False, languageStyle='LTR', name='question3_3', opacity=1.0, ori=0, pos=array([0.  , 0.12]), rgb=array([255., 255., 255.]), text='default text', units='norm', win=Window(...), wrapWidth=2)
8.1706 	EXP 	Created question4_3 = TextStim(__class__=<class 'psychopy.visual.text.TextStim'>, alignHoriz='center', alignVert='center', antialias=True, autoLog=True, bold=False, color='white', colorSpace='named', contrast=1.0, depth=-4.0, flipHoriz=False, flipVert=False, font='Arial', fontFiles=[], height=0.1, italic=False, languageStyle='LTR', name='question4_3', opacity=1.0, ori=0, pos=array([ 0.  , -0.12]), rgb=array([255., 255., 255.]), text='default text', units='norm', win=Window(...), wrapWidth=2)
8.1781 	EXP 	Created question5_3 = TextStim(__class__=<class 'psychopy.visual.text.TextStim'>, alignHoriz='center', alignVert='center', antialias=True, autoLog=True, bold=False, color='white', colorSpace='named', contrast=1.0, depth=-5.0, flipHoriz=False, flipVert=False, font='Arial', fontFiles=[], height=0.1, italic=False, languageStyle='LTR', name='question5_3', opacity=1.0, ori=0, pos=array([ 0.  , -0.35]), rgb=array([255., 255., 255.]), text='default text', units='norm', win=Window(...), wrapWidth=2)
8.1856 	EXP 	Created question6_3 = TextStim(__class__=<class 'psychopy.visual.text.TextStim'>, alignHoriz='center', alignVert='center', antialias=True, autoLog=True, bold=False, color='white', colorSpace='named', contrast=1.0, depth=-6.0, flipHoriz=False, flipVert=False, font='Arial', fontFiles=[], height=0.1, italic=False, languageStyle='LTR', name='question6_3', opacity=1.0, ori=0, pos=array([ 0. , -0.6]), rgb=array([255., 255., 255.]), text='default text', units='norm', win=Window(...), wrapWidth=2)
8.1879 	EXP 	Created image_4 = ImageStim(__class__=<class 'psychopy.visual.image.ImageStim'>, autoLog=True, color=array([1., 1., 1.]), colorSpace='rgb', contrast=1.0, depth=-8.0, flipHoriz=False, flipVert=False, image='sin', interpolate=True, mask=None, maskParams=None, name='image_4', opacity=1.0, ori=0.0, pos=array([ 0.  , -0.85]), size=array([0.25 , 0.125]), texRes=128, units='norm', win=Window(...))
8.1930 	EXP 	Created text_6 = TextStim(__class__=<class 'psychopy.visual.text.TextStim'>, alignHoriz='center', alignVert='center', antialias=True, autoLog=True, bold=False, color='white', colorSpace='named', contrast=1.0, depth=-1.0, flipHoriz=False, flipVert=False, font='Arial', fontFiles=[], height=0.1, italic=False, languageStyle='LTR', name='text_6', opacity=1.0, ori=0, pos=array([0., 0.]), rgb=array([255., 255., 255.]), text='default text', units='norm', win=Window(...), wrapWidth=1)
8.1990 	EXP 	Created text = TextStim(__class__=<class 'psychopy.visual.text.TextStim'>, alignHoriz='center', alignVert='center', antialias=True, autoLog=True, bold=False, color='white', colorSpace='named', contrast=1.0, depth=0.0, flipHoriz=False, flipVert=False, font='Arial', fontFiles=[], height=0.1, italic=False, languageStyle='LTR', name='text', opacity=1.0, ori=0, pos=array([0., 0.]), rgb=array([255., 255., 255.]), text='end of introduction', units='norm', win=Window(...), wrapWidth=1)
8.2263 	EXP 	Imported instructions.xlsx as conditions, 8 conditions, 2 params
8.2267 	EXP 	Created sequence: sequential, trialTypes=8, nReps=1, seed=None
8.2270 	EXP 	New trial (rep=0, index=0): OrderedDict([('instruct_text', 'Welcome to the Job Simulator Task!'), ('this_pic', 'instructions_photos/pixel.png')])
8.3636 	EXP 	welcome_2: text = 'Welcome to the Job Simulator Task!'
8.3636 	EXP 	image_10: image = 'instructions_photos/pixel.png'
8.3636 	EXP 	welcome_2: autoDraw = True
8.3636 	EXP 	image_10: autoDraw = True
8.7178 	DATA 	Keypress: space
8.7205 	EXP 	New trial (rep=0, index=1): OrderedDict([('instruct_text', 'In this task, you’ll first be introduced to the perspectives of 8 different jobs. '), ('this_pic', 'instructions_photos/i1.png')])
9.1302 	EXP 	welcome_2: autoDraw = False
9.1302 	EXP 	image_10: autoDraw = False
9.1302 	EXP 	welcome_2: text = 'In this task, you’ll first be introduced to the perspectives of 8 different jobs. '
9.1302 	EXP 	image_10: image = 'instructions_photos/i1.png'
9.1302 	EXP 	welcome_2: autoDraw = True
9.1302 	EXP 	image_10: autoDraw = True
9.4826 	DATA 	Keypress: space
9.4850 	EXP 	New trial (rep=0, index=2): OrderedDict([('instruct_text', 'You’ll then learn 4 questions associated with each perspective. '), ('this_pic', 'instructions_photos/i2.png')])
9.7972 	EXP 	welcome_2: autoDraw = False
9.7972 	EXP 	image_10: autoDraw = False
9.7972 	EXP 	welcome_2: text = 'You’ll then learn 4 questions associated with each perspective. '
9.7972 	EXP 	image_10: image = 'instructions_photos/i2.png'
9.7972 	EXP 	welcome_2: autoDraw = True
9.7972 	EXP 	image_10: autoDraw = True
10.1327 	DATA 	Keypress: space
10.1350 	EXP 	New trial (rep=0, index=3): OrderedDict([('instruct_text', 'Subsequently, you will be asked to apply those perspectives and questions to 8 stories.'), ('this_pic', 'instructions_photos/i3.png')])
10.4472 	EXP 	welcome_2: autoDraw = False
10.4472 	EXP 	image_10: autoDraw = False
10.4472 	EXP 	welcome_2: text = 'Subsequently, you will be asked to apply those perspectives and questions to 8 stories.'
10.4472 	EXP 	image_10: image = 'instructions_photos/i3.png'
10.4472 	EXP 	welcome_2: autoDraw = True
10.4472 	EXP 	image_10: autoDraw = True
10.6829 	DATA 	Keypress: space
10.6852 	EXP 	New trial (rep=0, index=4): OrderedDict([('instruct_text', 'For each story you read, you will be asked to assume one of the perspectives. '), ('this_pic', 'instructions_photos/i3.png')])
10.9639 	EXP 	welcome_2: autoDraw = False
10.9639 	EXP 	image_10: autoDraw = False
10.9639 	EXP 	welcome_2: text = 'For each story you read, you will be asked to assume one of the perspectives. '
10.9639 	EXP 	image_10: image = 'instructions_photos/i3.png'
10.9639 	EXP 	welcome_2: autoDraw = True
10.9639 	EXP 	image_10: autoDraw = True
11.2494 	DATA 	Keypress: space
11.2517 	EXP 	New trial (rep=0, index=5): OrderedDict([('instruct_text', 'While reading, try to remember the perspective and the questions of that perspective. '), ('this_pic', 'instructions_photos/i3.png')])
11.5473 	EXP 	welcome_2: autoDraw = False
11.5473 	EXP 	image_10: autoDraw = False
11.5473 	EXP 	welcome_2: text = 'While reading, try to remember the perspective and the questions of that perspective. '
11.5473 	EXP 	image_10: image = 'instructions_photos/i3.png'
11.5473 	EXP 	welcome_2: autoDraw = True
11.5473 	EXP 	image_10: autoDraw = True
11.7830 	DATA 	Keypress: space
11.7854 	EXP 	New trial (rep=0, index=6): OrderedDict([('instruct_text', 'After you’re finished reading all the stories, you will be asked to recall the stories and answer questions about them. '), ('this_pic', 'instructions_photos/i4.png')])
12.1133 	EXP 	welcome_2: autoDraw = False
12.1133 	EXP 	image_10: autoDraw = False
12.1133 	EXP 	welcome_2: text = 'After you’re finished reading all the stories, you will be asked to recall the stories and answer questions about them. '
12.1133 	EXP 	image_10: image = 'instructions_photos/i4.png'
12.1133 	EXP 	welcome_2: autoDraw = True
12.1133 	EXP 	image_10: autoDraw = True
12.3185 	DATA 	Keypress: space
12.3331 	EXP 	New trial (rep=0, index=7): OrderedDict([('instruct_text', 'Let’s begin! The 8 perspectives are as follows:'), ('this_pic', None)])
12.3639 	EXP 	welcome_2: autoDraw = False
12.3639 	EXP 	image_10: autoDraw = False
12.3639 	EXP 	welcome_2: text = 'Let’s begin! The 8 perspectives are as follows:'
12.3639 	EXP 	image_10: image = None
12.3639 	EXP 	welcome_2: autoDraw = True
12.3639 	EXP 	image_10: autoDraw = True
12.9663 	DATA 	Keypress: space
12.9900 	EXP 	Imported jobsPics.xlsx as conditions, 8 conditions, 2 params
12.9907 	EXP 	Created sequence: random, trialTypes=8, nReps=1, seed=None
12.9913 	EXP 	New trial (rep=0, index=0): OrderedDict([('rolePic', 'jobphotos/couples.jpeg'), ('job', 'Couples Therapist\n')])
12.9915 	WARNING 	Requested image 'jobphotos/couples.jpeg' not found but similar filename 'jobphotos/couples.jpg' exists. This will be used instead but changing the filename is advised.
13.0474 	EXP 	welcome_2: autoDraw = False
13.0474 	EXP 	image_10: autoDraw = False
13.0474 	EXP 	image: image = 'jobphotos/couples.jpeg'
13.0474 	EXP 	text_2: text = 'Couples Therapist\n'
13.0474 	EXP 	image: autoDraw = True
13.0474 	EXP 	text_2: autoDraw = True
13.4665 	DATA 	Keypress: space
13.4691 	EXP 	New trial (rep=0, index=1): OrderedDict([('rolePic', 'jobphotos/restaurant_critic.jpg'), ('job', 'Restaurant Critic')])
13.5307 	EXP 	image: autoDraw = False
13.5307 	EXP 	text_2: autoDraw = False
13.5307 	EXP 	image: image = 'jobphotos/restaurant_critic.jpg'
13.5307 	EXP 	text_2: text = 'Restaurant Critic'
13.5307 	EXP 	image: autoDraw = True
13.5307 	EXP 	text_2: autoDraw = True
13.8831 	DATA 	Keypress: space
13.8855 	EXP 	New trial (rep=0, index=2): OrderedDict([('rolePic', 'jobphotos/weddingplanner.jpg'), ('job', 'Wedding Planner')])
13.9474 	EXP 	image: autoDraw = False
13.9474 	EXP 	text_2: autoDraw = False
13.9474 	EXP 	image: image = 'jobphotos/weddingplanner.jpg'
13.9474 	EXP 	text_2: text = 'Wedding Planner'
13.9474 	EXP 	image: autoDraw = True
13.9474 	EXP 	text_2: autoDraw = True
14.2331 	DATA 	Keypress: space
14.2360 	EXP 	New trial (rep=0, index=3): OrderedDict([('rolePic', 'jobphotos/gscem.jpg'), ('job', 'Grocery Store Customer Experience Manager\n')])
14.2975 	EXP 	image: autoDraw = False
14.2975 	EXP 	text_2: autoDraw = False
14.2975 	EXP 	image: image = 'jobphotos/gscem.jpg'
14.2975 	EXP 	text_2: text = 'Grocery Store Customer Experience Manager\n'
14.2975 	EXP 	image: autoDraw = True
14.2975 	EXP 	text_2: autoDraw = True
14.6332 	DATA 	Keypress: space
14.6355 	EXP 	New trial (rep=0, index=4): OrderedDict([('rolePic', 'jobphotos/matchmaker.jpg'), ('job', 'Matchmaker')])
14.6808 	EXP 	image: autoDraw = False
14.6808 	EXP 	text_2: autoDraw = False
14.6808 	EXP 	image: image = 'jobphotos/matchmaker.jpg'
14.6808 	EXP 	text_2: text = 'Matchmaker'
14.6808 	EXP 	image: autoDraw = True
14.6808 	EXP 	text_2: autoDraw = True
15.0000 	DATA 	Keypress: space
15.0023 	EXP 	New trial (rep=0, index=5): OrderedDict([('rolePic', 'jobphotos/acem.jpg'), ('job', 'Airport Customer Experience Manager')])
15.0642 	EXP 	image: autoDraw = False
15.0642 	EXP 	text_2: autoDraw = False
15.0642 	EXP 	image: image = 'jobphotos/acem.jpg'
15.0642 	EXP 	text_2: text = 'Airport Customer Experience Manager'
15.0642 	EXP 	image: autoDraw = True
15.0642 	EXP 	text_2: autoDraw = True
15.4017 	DATA 	Keypress: space
15.4164 	EXP 	New trial (rep=0, index=6): OrderedDict([('rolePic', 'jobphotos/dean.jpg'), ('job', 'Dean of Academic Studies')])
15.4809 	EXP 	image: autoDraw = False
15.4809 	EXP 	text_2: autoDraw = False
15.4809 	EXP 	image: image = 'jobphotos/dean.jpg'
15.4809 	EXP 	text_2: text = 'Dean of Academic Studies'
15.4809 	EXP 	image: autoDraw = True
15.4809 	EXP 	text_2: autoDraw = True
15.8001 	DATA 	Keypress: space
15.8026 	EXP 	New trial (rep=0, index=7): OrderedDict([('rolePic', 'jobphotos/business_reporter.jpg'), ('job', 'Business Reporter')])
15.8643 	EXP 	image: autoDraw = False
15.8643 	EXP 	text_2: autoDraw = False
15.8643 	EXP 	image: image = 'jobphotos/business_reporter.jpg'
15.8643 	EXP 	text_2: text = 'Business Reporter'
15.8643 	EXP 	image: autoDraw = True
15.8643 	EXP 	text_2: autoDraw = True
16.1497 	DATA 	Keypress: space
16.1695 	EXP 	Imported instructions2.xlsx as conditions, 6 conditions, 2 params
16.1698 	EXP 	Created sequence: sequential, trialTypes=6, nReps=1, seed=None
16.1701 	EXP 	New trial (rep=0, index=0): OrderedDict([('instruct_text', 'Each of these perspectives will be applied to one story. '), ('instruct_text2', '(press space to continue)')])
16.2143 	EXP 	image: autoDraw = False
16.2143 	EXP 	text_2: autoDraw = False
16.2143 	EXP 	welcome: text = 'Each of these perspectives will be applied to one story. '
16.2143 	EXP 	text_12: text = '(press space to continue)'
16.2143 	EXP 	welcome: autoDraw = True
16.2143 	EXP 	text_12: autoDraw = True
16.7526 	DATA 	Keypress: space
16.7671 	EXP 	New trial (rep=0, index=1): OrderedDict([('instruct_text', 'Each perspective has 4 questions, and you will answer these questions about each story.'), ('instruct_text2', None)])
16.8143 	EXP 	welcome: autoDraw = False
16.8143 	EXP 	text_12: autoDraw = False
16.8143 	EXP 	welcome: text = 'Each perspective has 4 questions, and you will answer these questions about each story.'
16.8143 	EXP 	text_12: text = '(press space to continue)'
16.8143 	EXP 	welcome: autoDraw = True
16.8143 	EXP 	text_12: autoDraw = True
17.1511 	DATA 	Keypress: space
17.1667 	EXP 	New trial (rep=0, index=2): OrderedDict([('instruct_text', 'You’ll answer these questions about each story after reading all 8 stories. '), ('instruct_text2', None)])
17.1977 	EXP 	welcome: autoDraw = False
17.1977 	EXP 	text_12: autoDraw = False
17.1977 	EXP 	welcome: text = 'You’ll answer these questions about each story after reading all 8 stories. '
17.1977 	EXP 	text_12: text = '(press space to continue)'
17.1977 	EXP 	welcome: autoDraw = True
17.1977 	EXP 	text_12: autoDraw = True
17.6334 	DATA 	Keypress: space
17.6357 	EXP 	New trial (rep=0, index=3): OrderedDict([('instruct_text', 'You’ll learn these questions with a series of pre-task quizzes and then the story reading will begin.'), ('instruct_text2', None)])
17.6810 	EXP 	welcome: autoDraw = False
17.6810 	EXP 	text_12: autoDraw = False
17.6810 	EXP 	welcome: text = 'You’ll learn these questions with a series of pre-task quizzes and then the story reading will begin.'
17.6810 	EXP 	text_12: text = '(press space to continue)'
17.6810 	EXP 	welcome: autoDraw = True
17.6810 	EXP 	text_12: autoDraw = True
18.0198 	DATA 	Keypress: space
18.0334 	EXP 	New trial (rep=0, index=4): OrderedDict([('instruct_text', 'Once the story-reading task has begun, remember your answers to the questions for each story.'), ('instruct_text2', None)])
18.0810 	EXP 	welcome: autoDraw = False
18.0810 	EXP 	text_12: autoDraw = False
18.0810 	EXP 	welcome: text = 'Once the story-reading task has begun, remember your answers to the questions for each story.'
18.0810 	EXP 	text_12: text = '(press space to continue)'
18.0810 	EXP 	welcome: autoDraw = True
18.0810 	EXP 	text_12: autoDraw = True
18.3831 	DATA 	Keypress: space
18.3855 	EXP 	New trial (rep=0, index=5): OrderedDict([('instruct_text', 'Press the space bar to begin learning the perspectives and the questions for each one.'), ('instruct_text2', None)])
18.4311 	EXP 	welcome: autoDraw = False
18.4311 	EXP 	text_12: autoDraw = False
18.4311 	EXP 	welcome: text = 'Press the space bar to begin learning the perspectives and the questions for each one.'
18.4311 	EXP 	text_12: text = '(press space to continue)'
18.4311 	EXP 	welcome: autoDraw = True
18.4311 	EXP 	text_12: autoDraw = True
18.7167 	DATA 	Keypress: space
18.7331 	EXP 	Imported whichRole.xlsx as conditions, 8 conditions, 8 params
18.7334 	EXP 	Created sequence: random, trialTypes=8, nReps=1, seed=None
18.7339 	EXP 	New trial (rep=0, index=0): OrderedDict([('Q1', 'What is the lecture hall like?\n'), ('Q2', 'What class are the students \xa0in and what is the day’s lecture about?\n'), ('Q3', 'What is something taught in lecture?\n'), ('Q4', 'When is the next assessment in the class?'), ('D1', 'Are the students paying attention?'), ('D2', 'Are the desks comfortable?'), ('roleName', 'Dean of Academic Studies'), ('rolePic', 'jobphotos/dean.jpg')])
18.7343 	EXP 	Created sequence: sequential, trialTypes=1, nReps=5, seed=None
18.7347 	EXP 	New trial (rep=0, index=0): None
18.7811 	EXP 	welcome: autoDraw = False
18.7811 	EXP 	text_12: autoDraw = False
18.7811 	EXP 	text_18: text = 'Dean of Academic Studies'
18.7811 	EXP 	image_9: image = 'jobphotos/dean.jpg'
18.7811 	EXP 	text_18: autoDraw = True
18.7811 	EXP 	image_9: autoDraw = True
19.0168 	DATA 	Keypress: space
19.0808 	EXP 	text_18: autoDraw = False
19.0808 	EXP 	image_9: autoDraw = False
19.0808 	EXP 	text_8: text = 'A: What is the lecture hall like?\n'
19.0808 	EXP 	text_9: text = 'Dean of Academic Studies'
19.0808 	EXP 	image_5: image = 'jobphotos/dean.jpg'
19.0808 	EXP 	text_8: autoDraw = True
19.0808 	EXP 	text_9: autoDraw = True
19.0808 	EXP 	image_5: autoDraw = True
19.2834 	DATA 	Keypress: space
19.3477 	EXP 	text_8: autoDraw = False
19.3477 	EXP 	text_9: autoDraw = False
19.3477 	EXP 	image_5: autoDraw = False
19.3477 	EXP 	text_10: text = 'B: What class are the students \xa0in and what is the day’s lecture about?\n'
19.3477 	EXP 	text_11: text = 'Dean of Academic Studies'
19.3477 	EXP 	image_6: image = 'jobphotos/dean.jpg'
19.3477 	EXP 	text_10: autoDraw = True
19.3477 	EXP 	text_11: autoDraw = True
19.3477 	EXP 	image_6: autoDraw = True
19.5503 	DATA 	Keypress: space
19.6141 	EXP 	text_10: autoDraw = False
19.6141 	EXP 	text_11: autoDraw = False
19.6141 	EXP 	image_6: autoDraw = False
19.6141 	EXP 	text_13: text = 'C: What is something taught in lecture?\n'
19.6141 	EXP 	text_14: text = 'Dean of Academic Studies'
19.6141 	EXP 	image_7: image = 'jobphotos/dean.jpg'
19.6141 	EXP 	text_13: autoDraw = True
19.6141 	EXP 	text_14: autoDraw = True
19.6141 	EXP 	image_7: autoDraw = True
19.7856 	DATA 	Keypress: space
19.8478 	EXP 	text_13: autoDraw = False
19.8478 	EXP 	text_14: autoDraw = False
19.8478 	EXP 	image_7: autoDraw = False
19.8478 	EXP 	text_15: text = 'D: When is the next assessment in the class?'
19.8478 	EXP 	text_16: text = 'Dean of Academic Studies'
19.8478 	EXP 	image_8: image = 'jobphotos/dean.jpg'
19.8478 	EXP 	text_15: autoDraw = True
19.8478 	EXP 	text_16: autoDraw = True
19.8478 	EXP 	image_8: autoDraw = True
20.0166 	DATA 	Keypress: space
20.0312 	EXP 	text_15: autoDraw = False
20.0312 	EXP 	text_16: autoDraw = False
20.0312 	EXP 	image_8: autoDraw = False
20.0312 	EXP 	text_5: autoDraw = True
20.2335 	DATA 	Keypress: space
20.2556 	EXP 	Created unnamed ImageStim = ImageStim(__class__=<class 'psychopy.visual.image.ImageStim'>, autoLog=True, color=array([1., 1., 1.]), colorSpace='rgb', contrast=1.0, depth=0, flipHoriz=False, flipVert=False, image='checkmark.png', interpolate=False, mask=None, maskParams=None, name='unnamed ImageStim', opacity=1.0, ori=0.0, pos=array([0., 0.]), size=array([0.48055556, 0.75555556]), texRes=128, units='norm', win=Window(...))
20.2648 	EXP 	Created unnamed ImageStim = ImageStim(__class__=<class 'psychopy.visual.image.ImageStim'>, autoLog=True, color=array([1., 1., 1.]), colorSpace='rgb', contrast=1.0, depth=0, flipHoriz=False, flipVert=False, image='redx.png', interpolate=False, mask=None, maskParams=None, name='unnamed ImageStim', opacity=1.0, ori=0.0, pos=array([0., 0.]), size=array([0.5, 0.8]), texRes=128, units='norm', win=Window(...))
20.2955 	EXP 	Created unnamed ImageStim = ImageStim(__class__=<class 'psychopy.visual.image.ImageStim'>, autoLog=True, color=array([1., 1., 1.]), colorSpace='rgb', contrast=1.0, depth=0, flipHoriz=False, flipVert=False, image='thumbsup.png', interpolate=False, mask=None, maskParams=None, name='unnamed ImageStim', opacity=1.0, ori=0.0, pos=array([0., 0.]), size=array([0.66666667, 1.14      ]), texRes=128, units='norm', win=Window(...))
20.4312 	EXP 	text_5: autoDraw = False
20.4312 	EXP 	question1_2: text = '1: What class are the students \xa0in and what is the day’s lecture about?\n'
20.4312 	EXP 	question2_2: text = '2: What is something taught in lecture?\n'
20.4312 	EXP 	question3_2: text = '3: Are the students paying attention?'
20.4312 	EXP 	question4_2: text = '4: What is the lecture hall like?\n'
20.4312 	EXP 	question5_2: text = '5: Are the desks comfortable?'
20.4312 	EXP 	question6_2: text = '6: When is the next assessment in the class?'
20.4312 	EXP 	question1_2: autoDraw = True
20.4312 	EXP 	question2_2: autoDraw = True
20.4312 	EXP 	question3_2: autoDraw = True
20.4312 	EXP 	question4_2: autoDraw = True
20.4312 	EXP 	question5_2: autoDraw = True
20.4312 	EXP 	question6_2: autoDraw = True
20.4312 	EXP 	image_3: autoDraw = True
23.1556 	DATA 	Keypress: 1
24.2175 	EXP 	New trial (rep=1, index=0): None
24.2481 	EXP 	question1_2: autoDraw = False
24.2481 	EXP 	question2_2: autoDraw = False
24.2481 	EXP 	question3_2: autoDraw = False
24.2481 	EXP 	question4_2: autoDraw = False
24.2481 	EXP 	question5_2: autoDraw = False
24.2481 	EXP 	question6_2: autoDraw = False
24.2481 	EXP 	image_3: autoDraw = False
24.2481 	EXP 	text_18: text = 'Dean of Academic Studies'
24.2481 	EXP 	image_9: image = 'jobphotos/dean.jpg'
24.2481 	EXP 	text_18: autoDraw = True
24.2481 	EXP 	image_9: autoDraw = True
24.5340 	DATA 	Keypress: space
24.5647 	EXP 	text_18: autoDraw = False
24.5647 	EXP 	image_9: autoDraw = False
24.5647 	EXP 	text_8: text = 'A: What is the lecture hall like?\n'
24.5647 	EXP 	text_9: text = 'Dean of Academic Studies'
24.5647 	EXP 	image_5: image = 'jobphotos/dean.jpg'
24.5647 	EXP 	text_8: autoDraw = True
24.5647 	EXP 	text_9: autoDraw = True
24.5647 	EXP 	image_5: autoDraw = True
24.8501 	DATA 	Keypress: space
24.8814 	EXP 	text_8: autoDraw = False
24.8814 	EXP 	text_9: autoDraw = False
24.8814 	EXP 	image_5: autoDraw = False
24.8814 	EXP 	text_10: text = 'B: What class are the students \xa0in and what is the day’s lecture about?\n'
24.8814 	EXP 	text_11: text = 'Dean of Academic Studies'
24.8814 	EXP 	image_6: image = 'jobphotos/dean.jpg'
24.8814 	EXP 	text_10: autoDraw = True
24.8814 	EXP 	text_11: autoDraw = True
24.8814 	EXP 	image_6: autoDraw = True
25.1339 	DATA 	Keypress: space
25.1815 	EXP 	text_10: autoDraw = False
25.1815 	EXP 	text_11: autoDraw = False
25.1815 	EXP 	image_6: autoDraw = False
25.1815 	EXP 	text_13: text = 'C: What is something taught in lecture?\n'
25.1815 	EXP 	text_14: text = 'Dean of Academic Studies'
25.1815 	EXP 	image_7: image = 'jobphotos/dean.jpg'
25.1815 	EXP 	text_13: autoDraw = True
25.1815 	EXP 	text_14: autoDraw = True
25.1815 	EXP 	image_7: autoDraw = True
25.3671 	DATA 	Keypress: space
25.3978 	EXP 	text_13: autoDraw = False
25.3978 	EXP 	text_14: autoDraw = False
25.3978 	EXP 	image_7: autoDraw = False
25.3978 	EXP 	text_15: text = 'D: When is the next assessment in the class?'
25.3978 	EXP 	text_16: text = 'Dean of Academic Studies'
25.3978 	EXP 	image_8: image = 'jobphotos/dean.jpg'
25.3978 	EXP 	text_15: autoDraw = True
25.3978 	EXP 	text_16: autoDraw = True
25.3978 	EXP 	image_8: autoDraw = True
25.6006 	DATA 	Keypress: space
25.6149 	EXP 	text_15: autoDraw = False
25.6149 	EXP 	text_16: autoDraw = False
25.6149 	EXP 	image_8: autoDraw = False
25.6149 	EXP 	text_5: autoDraw = True
25.8838 	DATA 	Keypress: space
25.8953 	EXP 	Created unnamed ImageStim = ImageStim(__class__=<class 'psychopy.visual.image.ImageStim'>, autoLog=True, color=array([1., 1., 1.]), colorSpace='rgb', contrast=1.0, depth=0, flipHoriz=False, flipVert=False, image='checkmark.png', interpolate=False, mask=None, maskParams=None, name='unnamed ImageStim', opacity=1.0, ori=0.0, pos=array([0., 0.]), size=array([0.48055556, 0.75555556]), texRes=128, units='norm', win=Window(...))
25.9018 	EXP 	Created unnamed ImageStim = ImageStim(__class__=<class 'psychopy.visual.image.ImageStim'>, autoLog=True, color=array([1., 1., 1.]), colorSpace='rgb', contrast=1.0, depth=0, flipHoriz=False, flipVert=False, image='redx.png', interpolate=False, mask=None, maskParams=None, name='unnamed ImageStim', opacity=1.0, ori=0.0, pos=array([0., 0.]), size=array([0.5, 0.8]), texRes=128, units='norm', win=Window(...))
25.9223 	EXP 	Created unnamed ImageStim = ImageStim(__class__=<class 'psychopy.visual.image.ImageStim'>, autoLog=True, color=array([1., 1., 1.]), colorSpace='rgb', contrast=1.0, depth=0, flipHoriz=False, flipVert=False, image='thumbsup.png', interpolate=False, mask=None, maskParams=None, name='unnamed ImageStim', opacity=1.0, ori=0.0, pos=array([0., 0.]), size=array([0.66666667, 1.14      ]), texRes=128, units='norm', win=Window(...))
26.0315 	EXP 	text_5: autoDraw = False
26.0315 	EXP 	question1_2: text = '1: Are the students paying attention?'
26.0315 	EXP 	question2_2: text = '2: What class are the students \xa0in and what is the day’s lecture about?\n'
26.0315 	EXP 	question3_2: text = '3: What is something taught in lecture?\n'
26.0315 	EXP 	question4_2: text = '4: When is the next assessment in the class?'
26.0315 	EXP 	question5_2: text = '5: What is the lecture hall like?\n'
26.0315 	EXP 	question6_2: text = '6: Are the desks comfortable?'
26.0315 	EXP 	question1_2: autoDraw = True
26.0315 	EXP 	question2_2: autoDraw = True
26.0315 	EXP 	question3_2: autoDraw = True
26.0315 	EXP 	question4_2: autoDraw = True
26.0315 	EXP 	question5_2: autoDraw = True
26.0315 	EXP 	question6_2: autoDraw = True
26.0315 	EXP 	image_3: autoDraw = True
26.9080 	DATA 	Keypress: 2
27.7252 	DATA 	Keypress: 2
28.0745 	DATA 	Keypress: 2
28.8509 	DATA 	Keypress: 3
29.9006 	EXP 	New trial (rep=2, index=0): None
29.9318 	EXP 	question1_2: autoDraw = False
29.9318 	EXP 	question2_2: autoDraw = False
29.9318 	EXP 	question3_2: autoDraw = False
29.9318 	EXP 	question4_2: autoDraw = False
29.9318 	EXP 	question5_2: autoDraw = False
29.9318 	EXP 	question6_2: autoDraw = False
29.9318 	EXP 	image_3: autoDraw = False
29.9318 	EXP 	text_18: text = 'Dean of Academic Studies'
29.9318 	EXP 	image_9: image = 'jobphotos/dean.jpg'
29.9318 	EXP 	text_18: autoDraw = True
29.9318 	EXP 	image_9: autoDraw = True
30.3010 	DATA 	Keypress: space
30.3485 	EXP 	text_18: autoDraw = False
30.3485 	EXP 	image_9: autoDraw = False
30.3485 	EXP 	text_8: text = 'A: What is the lecture hall like?\n'
30.3485 	EXP 	text_9: text = 'Dean of Academic Studies'
30.3485 	EXP 	image_5: image = 'jobphotos/dean.jpg'
30.3485 	EXP 	text_8: autoDraw = True
30.3485 	EXP 	text_9: autoDraw = True
30.3485 	EXP 	image_5: autoDraw = True
30.5507 	DATA 	Keypress: space
30.5981 	EXP 	text_8: autoDraw = False
30.5981 	EXP 	text_9: autoDraw = False
30.5981 	EXP 	image_5: autoDraw = False
30.5981 	EXP 	text_10: text = 'B: What class are the students \xa0in and what is the day’s lecture about?\n'
30.5981 	EXP 	text_11: text = 'Dean of Academic Studies'
30.5981 	EXP 	image_6: image = 'jobphotos/dean.jpg'
30.5981 	EXP 	text_10: autoDraw = True
30.5981 	EXP 	text_11: autoDraw = True
30.5981 	EXP 	image_6: autoDraw = True
30.7175 	DATA 	Keypress: space
30.7652 	EXP 	text_10: autoDraw = False
30.7652 	EXP 	text_11: autoDraw = False
30.7652 	EXP 	image_6: autoDraw = False
30.7652 	EXP 	text_13: text = 'C: What is something taught in lecture?\n'
30.7652 	EXP 	text_14: text = 'Dean of Academic Studies'
30.7652 	EXP 	image_7: image = 'jobphotos/dean.jpg'
30.7652 	EXP 	text_13: autoDraw = True
30.7652 	EXP 	text_14: autoDraw = True
30.7652 	EXP 	image_7: autoDraw = True
30.8677 	DATA 	Keypress: space
30.9152 	EXP 	text_13: autoDraw = False
30.9152 	EXP 	text_14: autoDraw = False
30.9152 	EXP 	image_7: autoDraw = False
30.9152 	EXP 	text_15: text = 'D: When is the next assessment in the class?'
30.9152 	EXP 	text_16: text = 'Dean of Academic Studies'
30.9152 	EXP 	image_8: image = 'jobphotos/dean.jpg'
30.9152 	EXP 	text_15: autoDraw = True
30.9152 	EXP 	text_16: autoDraw = True
30.9152 	EXP 	image_8: autoDraw = True
31.0040 	DATA 	Keypress: space
31.0318 	EXP 	text_15: autoDraw = False
31.0318 	EXP 	text_16: autoDraw = False
31.0318 	EXP 	image_8: autoDraw = False
31.0318 	EXP 	text_5: autoDraw = True
31.1509 	DATA 	Keypress: space
31.1624 	EXP 	Created unnamed ImageStim = ImageStim(__class__=<class 'psychopy.visual.image.ImageStim'>, autoLog=True, color=array([1., 1., 1.]), colorSpace='rgb', contrast=1.0, depth=0, flipHoriz=False, flipVert=False, image='checkmark.png', interpolate=False, mask=None, maskParams=None, name='unnamed ImageStim', opacity=1.0, ori=0.0, pos=array([0., 0.]), size=array([0.48055556, 0.75555556]), texRes=128, units='norm', win=Window(...))
31.1700 	EXP 	Created unnamed ImageStim = ImageStim(__class__=<class 'psychopy.visual.image.ImageStim'>, autoLog=True, color=array([1., 1., 1.]), colorSpace='rgb', contrast=1.0, depth=0, flipHoriz=False, flipVert=False, image='redx.png', interpolate=False, mask=None, maskParams=None, name='unnamed ImageStim', opacity=1.0, ori=0.0, pos=array([0., 0.]), size=array([0.5, 0.8]), texRes=128, units='norm', win=Window(...))
31.1918 	EXP 	Created unnamed ImageStim = ImageStim(__class__=<class 'psychopy.visual.image.ImageStim'>, autoLog=True, color=array([1., 1., 1.]), colorSpace='rgb', contrast=1.0, depth=0, flipHoriz=False, flipVert=False, image='thumbsup.png', interpolate=False, mask=None, maskParams=None, name='unnamed ImageStim', opacity=1.0, ori=0.0, pos=array([0., 0.]), size=array([0.66666667, 1.14      ]), texRes=128, units='norm', win=Window(...))
31.2652 	EXP 	text_5: autoDraw = False
31.2652 	EXP 	question1_2: text = '1: Are the students paying attention?'
31.2652 	EXP 	question2_2: text = '2: What is the lecture hall like?\n'
31.2652 	EXP 	question3_2: text = '3: What class are the students \xa0in and what is the day’s lecture about?\n'
31.2652 	EXP 	question4_2: text = '4: When is the next assessment in the class?'
31.2652 	EXP 	question5_2: text = '5: What is something taught in lecture?\n'
31.2652 	EXP 	question6_2: text = '6: Are the desks comfortable?'
31.2652 	EXP 	question1_2: autoDraw = True
31.2652 	EXP 	question2_2: autoDraw = True
31.2652 	EXP 	question3_2: autoDraw = True
31.2652 	EXP 	question4_2: autoDraw = True
31.2652 	EXP 	question5_2: autoDraw = True
31.2652 	EXP 	question6_2: autoDraw = True
31.2652 	EXP 	image_3: autoDraw = True
31.3061 	DATA 	Keypress: space
32.1921 	DATA 	Keypress: 4
33.0363 	DATA 	Keypress: space
33.0386 	DATA 	Keypress: space
33.1702 	DATA 	Keypress: space
33.2729 	EXP 	New trial (rep=3, index=0): None
33.3154 	EXP 	question1_2: autoDraw = False
33.3154 	EXP 	question2_2: autoDraw = False
33.3154 	EXP 	question3_2: autoDraw = False
33.3154 	EXP 	question4_2: autoDraw = False
33.3154 	EXP 	question5_2: autoDraw = False
33.3154 	EXP 	question6_2: autoDraw = False
33.3154 	EXP 	image_3: autoDraw = False
33.3154 	EXP 	text_18: text = 'Dean of Academic Studies'
33.3154 	EXP 	image_9: image = 'jobphotos/dean.jpg'
33.3154 	EXP 	text_18: autoDraw = True
33.3154 	EXP 	image_9: autoDraw = True
33.5510 	DATA 	Keypress: space
33.5987 	EXP 	text_18: autoDraw = False
33.5987 	EXP 	image_9: autoDraw = False
33.5987 	EXP 	text_8: text = 'A: What is the lecture hall like?\n'
33.5987 	EXP 	text_9: text = 'Dean of Academic Studies'
33.5987 	EXP 	image_5: image = 'jobphotos/dean.jpg'
33.5987 	EXP 	text_8: autoDraw = True
33.5987 	EXP 	text_9: autoDraw = True
33.5987 	EXP 	image_5: autoDraw = True
33.7177 	DATA 	Keypress: space
33.7654 	EXP 	text_8: autoDraw = False
33.7654 	EXP 	text_9: autoDraw = False
33.7654 	EXP 	image_5: autoDraw = False
33.7654 	EXP 	text_10: text = 'B: What class are the students \xa0in and what is the day’s lecture about?\n'
33.7654 	EXP 	text_11: text = 'Dean of Academic Studies'
33.7654 	EXP 	image_6: image = 'jobphotos/dean.jpg'
33.7654 	EXP 	text_10: autoDraw = True
33.7654 	EXP 	text_11: autoDraw = True
33.7654 	EXP 	image_6: autoDraw = True
33.8532 	DATA 	Keypress: space
33.8988 	EXP 	text_10: autoDraw = False
33.8988 	EXP 	text_11: autoDraw = False
33.8988 	EXP 	image_6: autoDraw = False
33.8988 	EXP 	text_13: text = 'C: What is something taught in lecture?\n'
33.8988 	EXP 	text_14: text = 'Dean of Academic Studies'
33.8988 	EXP 	image_7: image = 'jobphotos/dean.jpg'
33.8988 	EXP 	text_13: autoDraw = True
33.8988 	EXP 	text_14: autoDraw = True
33.8988 	EXP 	image_7: autoDraw = True
34.0177 	DATA 	Keypress: space
34.0654 	EXP 	text_13: autoDraw = False
34.0654 	EXP 	text_14: autoDraw = False
34.0654 	EXP 	image_7: autoDraw = False
34.0654 	EXP 	text_15: text = 'D: When is the next assessment in the class?'
34.0654 	EXP 	text_16: text = 'Dean of Academic Studies'
34.0654 	EXP 	image_8: image = 'jobphotos/dean.jpg'
34.0654 	EXP 	text_15: autoDraw = True
34.0654 	EXP 	text_16: autoDraw = True
34.0654 	EXP 	image_8: autoDraw = True
34.3344 	DATA 	Keypress: space
34.3488 	EXP 	text_15: autoDraw = False
34.3488 	EXP 	text_16: autoDraw = False
34.3488 	EXP 	image_8: autoDraw = False
34.3488 	EXP 	text_5: autoDraw = True
34.5178 	DATA 	Keypress: space
34.5293 	EXP 	Created unnamed ImageStim = ImageStim(__class__=<class 'psychopy.visual.image.ImageStim'>, autoLog=True, color=array([1., 1., 1.]), colorSpace='rgb', contrast=1.0, depth=0, flipHoriz=False, flipVert=False, image='checkmark.png', interpolate=False, mask=None, maskParams=None, name='unnamed ImageStim', opacity=1.0, ori=0.0, pos=array([0., 0.]), size=array([0.48055556, 0.75555556]), texRes=128, units='norm', win=Window(...))
34.5365 	EXP 	Created unnamed ImageStim = ImageStim(__class__=<class 'psychopy.visual.image.ImageStim'>, autoLog=True, color=array([1., 1., 1.]), colorSpace='rgb', contrast=1.0, depth=0, flipHoriz=False, flipVert=False, image='redx.png', interpolate=False, mask=None, maskParams=None, name='unnamed ImageStim', opacity=1.0, ori=0.0, pos=array([0., 0.]), size=array([0.5, 0.8]), texRes=128, units='norm', win=Window(...))
34.5541 	EXP 	Created unnamed ImageStim = ImageStim(__class__=<class 'psychopy.visual.image.ImageStim'>, autoLog=True, color=array([1., 1., 1.]), colorSpace='rgb', contrast=1.0, depth=0, flipHoriz=False, flipVert=False, image='thumbsup.png', interpolate=False, mask=None, maskParams=None, name='unnamed ImageStim', opacity=1.0, ori=0.0, pos=array([0., 0.]), size=array([0.66666667, 1.14      ]), texRes=128, units='norm', win=Window(...))
34.6488 	EXP 	text_5: autoDraw = False
34.6488 	EXP 	question1_2: text = '1: Are the students paying attention?'
34.6488 	EXP 	question2_2: text = '2: What is the lecture hall like?\n'
34.6488 	EXP 	question3_2: text = '3: Are the desks comfortable?'
34.6488 	EXP 	question4_2: text = '4: What is something taught in lecture?\n'
34.6488 	EXP 	question5_2: text = '5: When is the next assessment in the class?'
34.6488 	EXP 	question6_2: text = '6: What class are the students \xa0in and what is the day’s lecture about?\n'
34.6488 	EXP 	question1_2: autoDraw = True
34.6488 	EXP 	question2_2: autoDraw = True
34.6488 	EXP 	question3_2: autoDraw = True
34.6488 	EXP 	question4_2: autoDraw = True
34.6488 	EXP 	question5_2: autoDraw = True
34.6488 	EXP 	question6_2: autoDraw = True
34.6488 	EXP 	image_3: autoDraw = True
34.7012 	DATA 	Keypress: space
35.5569 	DATA 	Keypress: 5
36.4023 	DATA 	Keypress: space
36.4047 	DATA 	Keypress: space
36.4949 	DATA 	Keypress: space
36.6403 	EXP 	New trial (rep=4, index=0): None
36.6823 	EXP 	question1_2: autoDraw = False
36.6823 	EXP 	question2_2: autoDraw = False
36.6823 	EXP 	question3_2: autoDraw = False
36.6823 	EXP 	question4_2: autoDraw = False
36.6823 	EXP 	question5_2: autoDraw = False
36.6823 	EXP 	question6_2: autoDraw = False
36.6823 	EXP 	image_3: autoDraw = False
36.6823 	EXP 	text_18: text = 'Dean of Academic Studies'
36.6823 	EXP 	image_9: image = 'jobphotos/dean.jpg'
36.6823 	EXP 	text_18: autoDraw = True
36.6823 	EXP 	image_9: autoDraw = True
36.9345 	DATA 	Keypress: space
36.9823 	EXP 	text_18: autoDraw = False
36.9823 	EXP 	image_9: autoDraw = False
36.9823 	EXP 	text_8: text = 'A: What is the lecture hall like?\n'
36.9823 	EXP 	text_9: text = 'Dean of Academic Studies'
36.9823 	EXP 	image_5: image = 'jobphotos/dean.jpg'
36.9823 	EXP 	text_8: autoDraw = True
36.9823 	EXP 	text_9: autoDraw = True
36.9823 	EXP 	image_5: autoDraw = True
37.1514 	DATA 	Keypress: space
37.1990 	EXP 	text_8: autoDraw = False
37.1990 	EXP 	text_9: autoDraw = False
37.1990 	EXP 	image_5: autoDraw = False
37.1990 	EXP 	text_10: text = 'B: What class are the students \xa0in and what is the day’s lecture about?\n'
37.1990 	EXP 	text_11: text = 'Dean of Academic Studies'
37.1990 	EXP 	image_6: image = 'jobphotos/dean.jpg'
37.1990 	EXP 	text_10: autoDraw = True
37.1990 	EXP 	text_11: autoDraw = True
37.1990 	EXP 	image_6: autoDraw = True
37.3014 	DATA 	Keypress: space
37.3490 	EXP 	text_10: autoDraw = False
37.3490 	EXP 	text_11: autoDraw = False
37.3490 	EXP 	image_6: autoDraw = False
37.3490 	EXP 	text_13: text = 'C: What is something taught in lecture?\n'
37.3490 	EXP 	text_14: text = 'Dean of Academic Studies'
37.3490 	EXP 	image_7: image = 'jobphotos/dean.jpg'
37.3490 	EXP 	text_13: autoDraw = True
37.3490 	EXP 	text_14: autoDraw = True
37.3490 	EXP 	image_7: autoDraw = True
37.4677 	DATA 	Keypress: space
37.5156 	EXP 	text_13: autoDraw = False
37.5156 	EXP 	text_14: autoDraw = False
37.5156 	EXP 	image_7: autoDraw = False
37.5156 	EXP 	text_15: text = 'D: When is the next assessment in the class?'
37.5156 	EXP 	text_16: text = 'Dean of Academic Studies'
37.5156 	EXP 	image_8: image = 'jobphotos/dean.jpg'
37.5156 	EXP 	text_15: autoDraw = True
37.5156 	EXP 	text_16: autoDraw = True
37.5156 	EXP 	image_8: autoDraw = True
37.6347 	DATA 	Keypress: space
37.6490 	EXP 	text_15: autoDraw = False
37.6490 	EXP 	text_16: autoDraw = False
37.6490 	EXP 	image_8: autoDraw = False
37.6490 	EXP 	text_5: autoDraw = True
37.7845 	DATA 	Keypress: space
37.7961 	EXP 	Created unnamed ImageStim = ImageStim(__class__=<class 'psychopy.visual.image.ImageStim'>, autoLog=True, color=array([1., 1., 1.]), colorSpace='rgb', contrast=1.0, depth=0, flipHoriz=False, flipVert=False, image='checkmark.png', interpolate=False, mask=None, maskParams=None, name='unnamed ImageStim', opacity=1.0, ori=0.0, pos=array([0., 0.]), size=array([0.48055556, 0.75555556]), texRes=128, units='norm', win=Window(...))
37.8033 	EXP 	Created unnamed ImageStim = ImageStim(__class__=<class 'psychopy.visual.image.ImageStim'>, autoLog=True, color=array([1., 1., 1.]), colorSpace='rgb', contrast=1.0, depth=0, flipHoriz=False, flipVert=False, image='redx.png', interpolate=False, mask=None, maskParams=None, name='unnamed ImageStim', opacity=1.0, ori=0.0, pos=array([0., 0.]), size=array([0.5, 0.8]), texRes=128, units='norm', win=Window(...))
37.8212 	EXP 	Created unnamed ImageStim = ImageStim(__class__=<class 'psychopy.visual.image.ImageStim'>, autoLog=True, color=array([1., 1., 1.]), colorSpace='rgb', contrast=1.0, depth=0, flipHoriz=False, flipVert=False, image='thumbsup.png', interpolate=False, mask=None, maskParams=None, name='unnamed ImageStim', opacity=1.0, ori=0.0, pos=array([0., 0.]), size=array([0.66666667, 1.14      ]), texRes=128, units='norm', win=Window(...))
37.9157 	EXP 	text_5: autoDraw = False
37.9157 	EXP 	question1_2: text = '1: What class are the students \xa0in and what is the day’s lecture about?\n'
37.9157 	EXP 	question2_2: text = '2: What is the lecture hall like?\n'
37.9157 	EXP 	question3_2: text = '3: What is something taught in lecture?\n'
37.9157 	EXP 	question4_2: text = '4: Are the students paying attention?'
37.9157 	EXP 	question5_2: text = '5: Are the desks comfortable?'
37.9157 	EXP 	question6_2: text = '6: When is the next assessment in the class?'
37.9157 	EXP 	question1_2: autoDraw = True
37.9157 	EXP 	question2_2: autoDraw = True
37.9157 	EXP 	question3_2: autoDraw = True
37.9157 	EXP 	question4_2: autoDraw = True
37.9157 	EXP 	question5_2: autoDraw = True
37.9157 	EXP 	question6_2: autoDraw = True
37.9157 	EXP 	image_3: autoDraw = True
38.9248 	DATA 	Keypress: 6
39.7701 	DATA 	Keypress: space
39.8945 	DATA 	Keypress: return
40.0009 	EXP 	New trial (rep=0, index=1): OrderedDict([('Q1', 'Who notices whom first and why do they notice the other?\n'), ('Q2', 'How does the couple start talking?\n'), ('Q3', 'Which of the people proposes going on an actual date and what do they propose?\n'), ('Q4', 'Who leaves first and why do they have to go?\n'), ('D1', 'Is the couple going to get married?'), ('D2', 'Who shows more interest?'), ('roleName', 'Matchmaker'), ('rolePic', 'jobphotos/matchmaker.jpg')])
40.0014 	EXP 	Created sequence: sequential, trialTypes=1, nReps=5, seed=None
40.0017 	EXP 	New trial (rep=0, index=0): None
40.0491 	EXP 	question1_2: autoDraw = False
40.0491 	EXP 	question2_2: autoDraw = False
40.0491 	EXP 	question3_2: autoDraw = False
40.0491 	EXP 	question4_2: autoDraw = False
40.0491 	EXP 	question5_2: autoDraw = False
40.0491 	EXP 	question6_2: autoDraw = False
40.0491 	EXP 	image_3: autoDraw = False
40.0491 	EXP 	text_18: text = 'Matchmaker'
40.0491 	EXP 	image_9: image = 'jobphotos/matchmaker.jpg'
40.0491 	EXP 	text_18: autoDraw = True
40.0491 	EXP 	image_9: autoDraw = True
40.0842 	DATA 	Keypress: return
40.2676 	DATA 	Keypress: return
40.4843 	DATA 	Keypress: return
41.3175 	DATA 	Keypress: escape
41.6081 	EXP 	window1: mouseVisible = True
