2.1841 	WARNING 	sounddevice audio lib was requested but not loaded: sounddevice not working
9.8240 	WARNING 	User requested fullscreen with size [1024  768], but screen is actually [1440, 900]. Using actual size
10.5088 	EXP 	Created window1 = Window(allowGUI=False, allowStencil=False, args=UNKNOWN, autoLog=True, bitsMode=UNKNOWN, blendMode='avg', color=array([0., 0., 0.]), colorSpace='rgb', fullscr=<method-wrapper '__getattribute__' of attributeSetter object at 0x10e380cf8>, gamma=None, kwargs=UNKNOWN, lms=UNKNOWN, monitor=<psychopy.monitors.calibTools.Monitor object at 0x1128d57b8>, multiSample=False, name='window1', numSamples=2, pos=[0.0, 0.0], screen=0, size=array([1440,  900]), stereo=False, units='norm', useFBO=True, useRetina=False, viewOri=0.0, viewPos=None, viewScale=None, waitBlanking=True, winType='pyglet')
10.5089 	EXP 	window1: recordFrameIntervals = False
10.6746 	EXP 	window1: recordFrameIntervals = True
10.8583 	EXP 	window1: recordFrameIntervals = False
11.0187 	EXP 	Created welcome_2 = TextStim(__class__=<class 'psychopy.visual.text.TextStim'>, alignHoriz='center', alignVert='center', antialias=True, autoLog=True, bold=False, color='white', colorSpace='named', contrast=1.0, depth=0.0, flipHoriz=False, flipVert=False, font='Arial', fontFiles=[], height=0.1, italic=False, languageStyle='LTR', name='welcome_2', opacity=1.0, ori=0, pos=array([0. , 0.5]), rgb=array([255., 255., 255.]), text='default text', units='norm', win=Window(...), wrapWidth=1)
11.0210 	EXP 	Created image_10 = ImageStim(__class__=<class 'psychopy.visual.image.ImageStim'>, autoLog=True, color=array([1., 1., 1.]), colorSpace='rgb', contrast=1.0, depth=-3.0, flipHoriz=False, flipVert=False, image='sin', interpolate=True, mask=None, maskParams=None, name='image_10', opacity=1.0, ori=0.0, pos=array([ 0. , -0.3]), size=array([1., 1.]), texRes=128, units='norm', win=Window(...))
11.0229 	EXP 	Created image = ImageStim(__class__=<class 'psychopy.visual.image.ImageStim'>, autoLog=True, color=array([1., 1., 1.]), colorSpace='rgb', contrast=1.0, depth=0.0, flipHoriz=False, flipVert=False, image='sin', interpolate=True, mask=None, maskParams=None, name='image', opacity=1.0, ori=0.0, pos=array([0., 0.]), size=array([0.5, 0.5]), texRes=128, units='norm', win=Window(...))
11.0281 	EXP 	Created text_2 = TextStim(__class__=<class 'psychopy.visual.text.TextStim'>, alignHoriz='center', alignVert='center', antialias=True, autoLog=True, bold=False, color='white', colorSpace='named', contrast=1.0, depth=-2.0, flipHoriz=False, flipVert=False, font='Arial', fontFiles=[], height=0.1, italic=False, languageStyle='LTR', name='text_2', opacity=1.0, ori=0, pos=array([ 0. , -0.5]), rgb=array([255., 255., 255.]), text='default text', units='norm', win=Window(...), wrapWidth=1)
11.0329 	EXP 	Created welcome = TextStim(__class__=<class 'psychopy.visual.text.TextStim'>, alignHoriz='center', alignVert='center', antialias=True, autoLog=True, bold=False, color='white', colorSpace='named', contrast=1.0, depth=0.0, flipHoriz=False, flipVert=False, font='Arial', fontFiles=[], height=0.1, italic=False, languageStyle='LTR', name='welcome', opacity=1.0, ori=0, pos=array([0., 0.]), rgb=array([255., 255., 255.]), text='default text', units='norm', win=Window(...), wrapWidth=1)
11.0402 	EXP 	Created text_12 = TextStim(__class__=<class 'psychopy.visual.text.TextStim'>, alignHoriz='center', alignVert='center', antialias=True, autoLog=True, bold=False, color='white', colorSpace='named', contrast=1.0, depth=-2.0, flipHoriz=False, flipVert=False, font='Arial', fontFiles=[], height=0.1, italic=False, languageStyle='LTR', name='text_12', opacity=1.0, ori=0, pos=array([ 0. , -0.6]), rgb=array([255., 255., 255.]), text='default text', units='norm', win=Window(...), wrapWidth=1)
11.0479 	EXP 	Created text_18 = TextStim(__class__=<class 'psychopy.visual.text.TextStim'>, alignHoriz='center', alignVert='center', antialias=True, autoLog=True, bold=False, color='white', colorSpace='named', contrast=1.0, depth=0.0, flipHoriz=False, flipVert=False, font='Arial', fontFiles=[], height=0.1, italic=False, languageStyle='LTR', name='text_18', opacity=1.0, ori=0, pos=array([-0.25,  0.25]), rgb=array([255., 255., 255.]), text='default text', units='norm', win=Window(...), wrapWidth=0.5)
11.0504 	EXP 	Created image_9 = ImageStim(__class__=<class 'psychopy.visual.image.ImageStim'>, autoLog=True, color=array([1., 1., 1.]), colorSpace='rgb', contrast=1.0, depth=-1.0, flipHoriz=False, flipVert=False, image='sin', interpolate=True, mask=None, maskParams=None, name='image_9', opacity=1.0, ori=0.0, pos=array([0.25, 0.25]), size=array([0.5, 0.5]), texRes=128, units='norm', win=Window(...))
11.0554 	EXP 	Created text_8 = TextStim(__class__=<class 'psychopy.visual.text.TextStim'>, alignHoriz='center', alignVert='center', antialias=True, autoLog=True, bold=False, color='white', colorSpace='named', contrast=1.0, depth=0.0, flipHoriz=False, flipVert=False, font='Arial', fontFiles=[], height=0.1, italic=False, languageStyle='LTR', name='text_8', opacity=1.0, ori=0, pos=array([ 0. , -0.4]), rgb=array([255., 255., 255.]), text='default text', units='norm', win=Window(...), wrapWidth=1)
11.0609 	EXP 	Created text_9 = TextStim(__class__=<class 'psychopy.visual.text.TextStim'>, alignHoriz='center', alignVert='center', antialias=True, autoLog=True, bold=False, color='white', colorSpace='named', contrast=1.0, depth=-1.0, flipHoriz=False, flipVert=False, font='Arial', fontFiles=[], height=0.1, italic=False, languageStyle='LTR', name='text_9', opacity=1.0, ori=0, pos=array([-0.25,  0.25]), rgb=array([255., 255., 255.]), text='default text', units='norm', win=Window(...), wrapWidth=0.5)
11.0648 	EXP 	Created image_5 = ImageStim(__class__=<class 'psychopy.visual.image.ImageStim'>, autoLog=True, color=array([1., 1., 1.]), colorSpace='rgb', contrast=1.0, depth=-2.0, flipHoriz=False, flipVert=False, image='sin', interpolate=True, mask=None, maskParams=None, name='image_5', opacity=1.0, ori=0.0, pos=array([0.25, 0.25]), size=array([0.5, 0.5]), texRes=128, units='norm', win=Window(...))
11.0725 	EXP 	Created text_10 = TextStim(__class__=<class 'psychopy.visual.text.TextStim'>, alignHoriz='center', alignVert='center', antialias=True, autoLog=True, bold=False, color='white', colorSpace='named', contrast=1.0, depth=0.0, flipHoriz=False, flipVert=False, font='Arial', fontFiles=[], height=0.1, italic=False, languageStyle='LTR', name='text_10', opacity=1.0, ori=0, pos=array([ 0. , -0.4]), rgb=array([255., 255., 255.]), text='default text', units='norm', win=Window(...), wrapWidth=1)
11.0781 	EXP 	Created text_11 = TextStim(__class__=<class 'psychopy.visual.text.TextStim'>, alignHoriz='center', alignVert='center', antialias=True, autoLog=True, bold=False, color='white', colorSpace='named', contrast=1.0, depth=-1.0, flipHoriz=False, flipVert=False, font='Arial', fontFiles=[], height=0.1, italic=False, languageStyle='LTR', name='text_11', opacity=1.0, ori=0, pos=array([-0.25,  0.25]), rgb=array([255., 255., 255.]), text='default text', units='norm', win=Window(...), wrapWidth=0.5)
11.0802 	EXP 	Created image_6 = ImageStim(__class__=<class 'psychopy.visual.image.ImageStim'>, autoLog=True, color=array([1., 1., 1.]), colorSpace='rgb', contrast=1.0, depth=-2.0, flipHoriz=False, flipVert=False, image='sin', interpolate=True, mask=None, maskParams=None, name='image_6', opacity=1.0, ori=0.0, pos=array([0.25, 0.25]), size=array([0.5, 0.5]), texRes=128, units='norm', win=Window(...))
11.0874 	EXP 	Created text_13 = TextStim(__class__=<class 'psychopy.visual.text.TextStim'>, alignHoriz='center', alignVert='center', antialias=True, autoLog=True, bold=False, color='white', colorSpace='named', contrast=1.0, depth=0.0, flipHoriz=False, flipVert=False, font='Arial', fontFiles=[], height=0.1, italic=False, languageStyle='LTR', name='text_13', opacity=1.0, ori=0, pos=array([ 0. , -0.4]), rgb=array([255., 255., 255.]), text='default text', units='norm', win=Window(...), wrapWidth=1)
11.0956 	EXP 	Created text_14 = TextStim(__class__=<class 'psychopy.visual.text.TextStim'>, alignHoriz='center', alignVert='center', antialias=True, autoLog=True, bold=False, color='white', colorSpace='named', contrast=1.0, depth=-1.0, flipHoriz=False, flipVert=False, font='Arial', fontFiles=[], height=0.1, italic=False, languageStyle='LTR', name='text_14', opacity=1.0, ori=0, pos=array([-0.25,  0.25]), rgb=array([255., 255., 255.]), text='default text', units='norm', win=Window(...), wrapWidth=0.5)
11.0982 	EXP 	Created image_7 = ImageStim(__class__=<class 'psychopy.visual.image.ImageStim'>, autoLog=True, color=array([1., 1., 1.]), colorSpace='rgb', contrast=1.0, depth=-2.0, flipHoriz=False, flipVert=False, image='sin', interpolate=True, mask=None, maskParams=None, name='image_7', opacity=1.0, ori=0.0, pos=array([0.25, 0.25]), size=array([0.5, 0.5]), texRes=128, units='norm', win=Window(...))
11.1032 	EXP 	Created text_15 = TextStim(__class__=<class 'psychopy.visual.text.TextStim'>, alignHoriz='center', alignVert='center', antialias=True, autoLog=True, bold=False, color='white', colorSpace='named', contrast=1.0, depth=0.0, flipHoriz=False, flipVert=False, font='Arial', fontFiles=[], height=0.1, italic=False, languageStyle='LTR', name='text_15', opacity=1.0, ori=0, pos=array([ 0. , -0.4]), rgb=array([255., 255., 255.]), text='default text', units='norm', win=Window(...), wrapWidth=1)
11.1083 	EXP 	Created text_16 = TextStim(__class__=<class 'psychopy.visual.text.TextStim'>, alignHoriz='center', alignVert='center', antialias=True, autoLog=True, bold=False, color='white', colorSpace='named', contrast=1.0, depth=-1.0, flipHoriz=False, flipVert=False, font='Arial', fontFiles=[], height=0.1, italic=False, languageStyle='LTR', name='text_16', opacity=1.0, ori=0, pos=array([-0.25,  0.25]), rgb=array([255., 255., 255.]), text='default text', units='norm', win=Window(...), wrapWidth=0.5)
11.1105 	EXP 	Created image_8 = ImageStim(__class__=<class 'psychopy.visual.image.ImageStim'>, autoLog=True, color=array([1., 1., 1.]), colorSpace='rgb', contrast=1.0, depth=-2.0, flipHoriz=False, flipVert=False, image='sin', interpolate=True, mask=None, maskParams=None, name='image_8', opacity=1.0, ori=0.0, pos=array([0.25, 0.25]), size=array([0.5, 0.5]), texRes=128, units='norm', win=Window(...))
11.1309 	EXP 	Created text_5 = TextStim(__class__=<class 'psychopy.visual.text.TextStim'>, alignHoriz='center', alignVert='center', antialias=True, autoLog=True, bold=False, color='white', colorSpace='named', contrast=1.0, depth=0.0, flipHoriz=False, flipVert=False, font='Arial', fontFiles=[], height=0.1, italic=False, languageStyle='LTR', name='text_5', opacity=1.0, ori=0, pos=array([0., 0.]), rgb=array([255., 255., 255.]), text=str(...), units='norm', win=Window(...), wrapWidth=1)
11.1361 	EXP 	Created question1_2 = TextStim(__class__=<class 'psychopy.visual.text.TextStim'>, alignHoriz='center', alignVert='center', antialias=True, autoLog=True, bold=False, color='white', colorSpace='named', contrast=1.0, depth=-1.0, flipHoriz=False, flipVert=False, font='Arial', fontFiles=[], height=0.1, italic=False, languageStyle='LTR', name='question1_2', opacity=1.0, ori=0, pos=array([0. , 0.6]), rgb=array([255., 255., 255.]), text='default text', units='norm', win=Window(...), wrapWidth=2)
11.1411 	EXP 	Created question2_2 = TextStim(__class__=<class 'psychopy.visual.text.TextStim'>, alignHoriz='center', alignVert='center', antialias=True, autoLog=True, bold=False, color='white', colorSpace='named', contrast=1.0, depth=-2.0, flipHoriz=False, flipVert=False, font='Arial', fontFiles=[], height=0.1, italic=False, languageStyle='LTR', name='question2_2', opacity=1.0, ori=0, pos=array([0.  , 0.35]), rgb=array([255., 255., 255.]), text='default text', units='norm', win=Window(...), wrapWidth=2)
11.1459 	EXP 	Created question3_2 = TextStim(__class__=<class 'psychopy.visual.text.TextStim'>, alignHoriz='center', alignVert='center', antialias=True, autoLog=True, bold=False, color='white', colorSpace='named', contrast=1.0, depth=-3.0, flipHoriz=False, flipVert=False, font='Arial', fontFiles=[], height=0.1, italic=False, languageStyle='LTR', name='question3_2', opacity=1.0, ori=0, pos=array([0.  , 0.12]), rgb=array([255., 255., 255.]), text='default text', units='norm', win=Window(...), wrapWidth=2)
11.1508 	EXP 	Created question4_2 = TextStim(__class__=<class 'psychopy.visual.text.TextStim'>, alignHoriz='center', alignVert='center', antialias=True, autoLog=True, bold=False, color='white', colorSpace='named', contrast=1.0, depth=-4.0, flipHoriz=False, flipVert=False, font='Arial', fontFiles=[], height=0.1, italic=False, languageStyle='LTR', name='question4_2', opacity=1.0, ori=0, pos=array([ 0.  , -0.12]), rgb=array([255., 255., 255.]), text='default text', units='norm', win=Window(...), wrapWidth=2)
11.1556 	EXP 	Created question5_2 = TextStim(__class__=<class 'psychopy.visual.text.TextStim'>, alignHoriz='center', alignVert='center', antialias=True, autoLog=True, bold=False, color='white', colorSpace='named', contrast=1.0, depth=-5.0, flipHoriz=False, flipVert=False, font='Arial', fontFiles=[], height=0.1, italic=False, languageStyle='LTR', name='question5_2', opacity=1.0, ori=0, pos=array([ 0.  , -0.35]), rgb=array([255., 255., 255.]), text='default text', units='norm', win=Window(...), wrapWidth=2)
11.1610 	EXP 	Created question6_2 = TextStim(__class__=<class 'psychopy.visual.text.TextStim'>, alignHoriz='center', alignVert='center', antialias=True, autoLog=True, bold=False, color='white', colorSpace='named', contrast=1.0, depth=-6.0, flipHoriz=False, flipVert=False, font='Arial', fontFiles=[], height=0.1, italic=False, languageStyle='LTR', name='question6_2', opacity=1.0, ori=0, pos=array([ 0. , -0.6]), rgb=array([255., 255., 255.]), text='default text', units='norm', win=Window(...), wrapWidth=2)
11.1632 	EXP 	Created image_3 = ImageStim(__class__=<class 'psychopy.visual.image.ImageStim'>, autoLog=True, color=array([1., 1., 1.]), colorSpace='rgb', contrast=1.0, depth=-8.0, flipHoriz=False, flipVert=False, image='sin', interpolate=True, mask=None, maskParams=None, name='image_3', opacity=1.0, ori=0.0, pos=array([ 0.  , -0.85]), size=array([0.25 , 0.125]), texRes=128, units='norm', win=Window(...))
11.1706 	EXP 	Created text_3 = TextStim(__class__=<class 'psychopy.visual.text.TextStim'>, alignHoriz='center', alignVert='center', antialias=True, autoLog=True, bold=False, color='white', colorSpace='named', contrast=1.0, depth=0.0, flipHoriz=False, flipVert=False, font='Arial', fontFiles=[], height=0.1, italic=False, languageStyle='LTR', name='text_3', opacity=1.0, ori=0, pos=array([0., 0.]), rgb=array([255., 255., 255.]), text='Final Tests', units='norm', win=Window(...), wrapWidth=1)
11.1728 	EXP 	Created image_2 = ImageStim(__class__=<class 'psychopy.visual.image.ImageStim'>, autoLog=True, color=array([1., 1., 1.]), colorSpace='rgb', contrast=1.0, depth=0.0, flipHoriz=False, flipVert=False, image='sin', interpolate=True, mask=None, maskParams=None, name='image_2', opacity=1.0, ori=0.0, pos=array([0., 0.]), size=array([0.5, 0.5]), texRes=128, units='norm', win=Window(...))
11.1788 	EXP 	Created text_4 = TextStim(__class__=<class 'psychopy.visual.text.TextStim'>, alignHoriz='center', alignVert='center', antialias=True, autoLog=True, bold=False, color='white', colorSpace='named', contrast=1.0, depth=-2.0, flipHoriz=False, flipVert=False, font='Arial', fontFiles=[], height=0.1, italic=False, languageStyle='LTR', name='text_4', opacity=1.0, ori=0, pos=array([ 0. , -0.5]), rgb=array([255., 255., 255.]), text='default text', units='norm', win=Window(...), wrapWidth=1)
11.1844 	EXP 	Created question1_3 = TextStim(__class__=<class 'psychopy.visual.text.TextStim'>, alignHoriz='center', alignVert='center', antialias=True, autoLog=True, bold=False, color='white', colorSpace='named', contrast=1.0, depth=-1.0, flipHoriz=False, flipVert=False, font='Arial', fontFiles=[], height=0.1, italic=False, languageStyle='LTR', name='question1_3', opacity=1.0, ori=0, pos=array([0. , 0.6]), rgb=array([255., 255., 255.]), text='default text', units='norm', win=Window(...), wrapWidth=2)
11.1894 	EXP 	Created question2_3 = TextStim(__class__=<class 'psychopy.visual.text.TextStim'>, alignHoriz='center', alignVert='center', antialias=True, autoLog=True, bold=False, color='white', colorSpace='named', contrast=1.0, depth=-2.0, flipHoriz=False, flipVert=False, font='Arial', fontFiles=[], height=0.1, italic=False, languageStyle='LTR', name='question2_3', opacity=1.0, ori=0, pos=array([0.  , 0.35]), rgb=array([255., 255., 255.]), text='default text', units='norm', win=Window(...), wrapWidth=2)
11.1942 	EXP 	Created question3_3 = TextStim(__class__=<class 'psychopy.visual.text.TextStim'>, alignHoriz='center', alignVert='center', antialias=True, autoLog=True, bold=False, color='white', colorSpace='named', contrast=1.0, depth=-3.0, flipHoriz=False, flipVert=False, font='Arial', fontFiles=[], height=0.1, italic=False, languageStyle='LTR', name='question3_3', opacity=1.0, ori=0, pos=array([0.  , 0.12]), rgb=array([255., 255., 255.]), text='default text', units='norm', win=Window(...), wrapWidth=2)
11.1993 	EXP 	Created question4_3 = TextStim(__class__=<class 'psychopy.visual.text.TextStim'>, alignHoriz='center', alignVert='center', antialias=True, autoLog=True, bold=False, color='white', colorSpace='named', contrast=1.0, depth=-4.0, flipHoriz=False, flipVert=False, font='Arial', fontFiles=[], height=0.1, italic=False, languageStyle='LTR', name='question4_3', opacity=1.0, ori=0, pos=array([ 0.  , -0.12]), rgb=array([255., 255., 255.]), text='default text', units='norm', win=Window(...), wrapWidth=2)
11.2043 	EXP 	Created question5_3 = TextStim(__class__=<class 'psychopy.visual.text.TextStim'>, alignHoriz='center', alignVert='center', antialias=True, autoLog=True, bold=False, color='white', colorSpace='named', contrast=1.0, depth=-5.0, flipHoriz=False, flipVert=False, font='Arial', fontFiles=[], height=0.1, italic=False, languageStyle='LTR', name='question5_3', opacity=1.0, ori=0, pos=array([ 0.  , -0.35]), rgb=array([255., 255., 255.]), text='default text', units='norm', win=Window(...), wrapWidth=2)
11.2091 	EXP 	Created question6_3 = TextStim(__class__=<class 'psychopy.visual.text.TextStim'>, alignHoriz='center', alignVert='center', antialias=True, autoLog=True, bold=False, color='white', colorSpace='named', contrast=1.0, depth=-6.0, flipHoriz=False, flipVert=False, font='Arial', fontFiles=[], height=0.1, italic=False, languageStyle='LTR', name='question6_3', opacity=1.0, ori=0, pos=array([ 0. , -0.6]), rgb=array([255., 255., 255.]), text='default text', units='norm', win=Window(...), wrapWidth=2)
11.2113 	EXP 	Created image_4 = ImageStim(__class__=<class 'psychopy.visual.image.ImageStim'>, autoLog=True, color=array([1., 1., 1.]), colorSpace='rgb', contrast=1.0, depth=-8.0, flipHoriz=False, flipVert=False, image='sin', interpolate=True, mask=None, maskParams=None, name='image_4', opacity=1.0, ori=0.0, pos=array([ 0.  , -0.85]), size=array([0.25 , 0.125]), texRes=128, units='norm', win=Window(...))
11.2165 	EXP 	Created text_6 = TextStim(__class__=<class 'psychopy.visual.text.TextStim'>, alignHoriz='center', alignVert='center', antialias=True, autoLog=True, bold=False, color='white', colorSpace='named', contrast=1.0, depth=-1.0, flipHoriz=False, flipVert=False, font='Arial', fontFiles=[], height=0.1, italic=False, languageStyle='LTR', name='text_6', opacity=1.0, ori=0, pos=array([0., 0.]), rgb=array([255., 255., 255.]), text='default text', units='norm', win=Window(...), wrapWidth=1)
11.2223 	EXP 	Created text = TextStim(__class__=<class 'psychopy.visual.text.TextStim'>, alignHoriz='center', alignVert='center', antialias=True, autoLog=True, bold=False, color='white', colorSpace='named', contrast=1.0, depth=0.0, flipHoriz=False, flipVert=False, font='Arial', fontFiles=[], height=0.1, italic=False, languageStyle='LTR', name='text', opacity=1.0, ori=0, pos=array([0., 0.]), rgb=array([255., 255., 255.]), text='end of introduction', units='norm', win=Window(...), wrapWidth=1)
11.2499 	EXP 	Imported instructions.xlsx as conditions, 8 conditions, 2 params
11.2503 	EXP 	Created sequence: sequential, trialTypes=8, nReps=1, seed=None
11.2506 	EXP 	New trial (rep=0, index=0): OrderedDict([('instruct_text', 'Welcome to the Job Simulator Task!'), ('this_pic', 'instructions_photos/pixel.png')])
11.3740 	EXP 	welcome_2: text = 'Welcome to the Job Simulator Task!'
11.3740 	EXP 	image_10: image = 'instructions_photos/pixel.png'
11.3740 	EXP 	welcome_2: autoDraw = True
11.3740 	EXP 	image_10: autoDraw = True
13.6789 	DATA 	Keypress: space
13.6816 	EXP 	New trial (rep=0, index=1): OrderedDict([('instruct_text', 'In this task, you’ll first be introduced to the perspectives of 8 different jobs. '), ('this_pic', 'instructions_photos/i1.png')])
14.0414 	EXP 	welcome_2: autoDraw = False
14.0414 	EXP 	image_10: autoDraw = False
14.0414 	EXP 	welcome_2: text = 'In this task, you’ll first be introduced to the perspectives of 8 different jobs. '
14.0414 	EXP 	image_10: image = 'instructions_photos/i1.png'
14.0414 	EXP 	welcome_2: autoDraw = True
14.0414 	EXP 	image_10: autoDraw = True
14.4960 	DATA 	Keypress: space
14.5105 	EXP 	New trial (rep=0, index=2): OrderedDict([('instruct_text', 'You’ll then learn 4 questions associated with each perspective. '), ('this_pic', 'instructions_photos/i2.png')])
14.8247 	EXP 	welcome_2: autoDraw = False
14.8247 	EXP 	image_10: autoDraw = False
14.8247 	EXP 	welcome_2: text = 'You’ll then learn 4 questions associated with each perspective. '
14.8247 	EXP 	image_10: image = 'instructions_photos/i2.png'
14.8247 	EXP 	welcome_2: autoDraw = True
14.8247 	EXP 	image_10: autoDraw = True
15.1437 	DATA 	Keypress: space
15.1461 	EXP 	New trial (rep=0, index=3): OrderedDict([('instruct_text', 'Subsequently, you will be asked to apply those perspectives and questions to 8 stories.'), ('this_pic', 'instructions_photos/i3.png')])
15.4581 	EXP 	welcome_2: autoDraw = False
15.4581 	EXP 	image_10: autoDraw = False
15.4581 	EXP 	welcome_2: text = 'Subsequently, you will be asked to apply those perspectives and questions to 8 stories.'
15.4581 	EXP 	image_10: image = 'instructions_photos/i3.png'
15.4581 	EXP 	welcome_2: autoDraw = True
15.4581 	EXP 	image_10: autoDraw = True
15.8099 	DATA 	Keypress: space
15.8122 	EXP 	New trial (rep=0, index=4): OrderedDict([('instruct_text', 'For each story you read, you will be asked to assume one of the perspectives. '), ('this_pic', 'instructions_photos/i3.png')])
16.0915 	EXP 	welcome_2: autoDraw = False
16.0915 	EXP 	image_10: autoDraw = False
16.0915 	EXP 	welcome_2: text = 'For each story you read, you will be asked to assume one of the perspectives. '
16.0915 	EXP 	image_10: image = 'instructions_photos/i3.png'
16.0915 	EXP 	welcome_2: autoDraw = True
16.0915 	EXP 	image_10: autoDraw = True
16.6605 	DATA 	Keypress: space
16.6629 	EXP 	New trial (rep=0, index=5): OrderedDict([('instruct_text', 'While reading, try to remember the perspective and the questions of that perspective. '), ('this_pic', 'instructions_photos/i3.png')])
16.9582 	EXP 	welcome_2: autoDraw = False
16.9582 	EXP 	image_10: autoDraw = False
16.9582 	EXP 	welcome_2: text = 'While reading, try to remember the perspective and the questions of that perspective. '
16.9582 	EXP 	image_10: image = 'instructions_photos/i3.png'
16.9582 	EXP 	welcome_2: autoDraw = True
16.9582 	EXP 	image_10: autoDraw = True
17.2774 	DATA 	Keypress: space
17.2798 	EXP 	New trial (rep=0, index=6): OrderedDict([('instruct_text', 'After you’re finished reading all the stories, you will be asked to recall the stories and answer questions about them. '), ('this_pic', 'instructions_photos/i4.png')])
17.6244 	EXP 	welcome_2: autoDraw = False
17.6244 	EXP 	image_10: autoDraw = False
17.6244 	EXP 	welcome_2: text = 'After you’re finished reading all the stories, you will be asked to recall the stories and answer questions about them. '
17.6244 	EXP 	image_10: image = 'instructions_photos/i4.png'
17.6244 	EXP 	welcome_2: autoDraw = True
17.6244 	EXP 	image_10: autoDraw = True
17.8946 	DATA 	Keypress: space
17.9105 	EXP 	New trial (rep=0, index=7): OrderedDict([('instruct_text', 'Let’s begin! The 8 perspectives are as follows:'), ('this_pic', None)])
17.9416 	EXP 	welcome_2: autoDraw = False
17.9416 	EXP 	image_10: autoDraw = False
17.9416 	EXP 	welcome_2: text = 'Let’s begin! The 8 perspectives are as follows:'
17.9416 	EXP 	image_10: image = None
17.9416 	EXP 	welcome_2: autoDraw = True
17.9416 	EXP 	image_10: autoDraw = True
18.8774 	DATA 	Keypress: space
18.8977 	EXP 	Imported jobsPics.xlsx as conditions, 8 conditions, 2 params
18.8983 	EXP 	Created sequence: random, trialTypes=8, nReps=1, seed=None
18.8988 	EXP 	New trial (rep=0, index=0): OrderedDict([('rolePic', 'jobphotos/couples.jpeg'), ('job', 'Couples Therapist\n')])
18.8990 	WARNING 	Requested image 'jobphotos/couples.jpeg' not found but similar filename 'jobphotos/couples.jpg' exists. This will be used instead but changing the filename is advised.
18.9581 	EXP 	welcome_2: autoDraw = False
18.9581 	EXP 	image_10: autoDraw = False
18.9581 	EXP 	image: image = 'jobphotos/couples.jpeg'
18.9581 	EXP 	text_2: text = 'Couples Therapist\n'
18.9581 	EXP 	image: autoDraw = True
18.9581 	EXP 	text_2: autoDraw = True
20.6108 	DATA 	Keypress: space
20.6135 	EXP 	New trial (rep=0, index=1): OrderedDict([('rolePic', 'jobphotos/business_reporter.jpg'), ('job', 'Business Reporter')])
20.6751 	EXP 	image: autoDraw = False
20.6751 	EXP 	text_2: autoDraw = False
20.6751 	EXP 	image: image = 'jobphotos/business_reporter.jpg'
20.6751 	EXP 	text_2: text = 'Business Reporter'
20.6751 	EXP 	image: autoDraw = True
20.6751 	EXP 	text_2: autoDraw = True
20.9941 	DATA 	Keypress: space
20.9966 	EXP 	New trial (rep=0, index=2): OrderedDict([('rolePic', 'jobphotos/weddingplanner.jpg'), ('job', 'Wedding Planner')])
21.0584 	EXP 	image: autoDraw = False
21.0584 	EXP 	text_2: autoDraw = False
21.0584 	EXP 	image: image = 'jobphotos/weddingplanner.jpg'
21.0584 	EXP 	text_2: text = 'Wedding Planner'
21.0584 	EXP 	image: autoDraw = True
21.0584 	EXP 	text_2: autoDraw = True
21.2132 	DATA 	Keypress: space
21.2276 	EXP 	New trial (rep=0, index=3): OrderedDict([('rolePic', 'jobphotos/restaurant_critic.jpg'), ('job', 'Restaurant Critic')])
21.2751 	EXP 	image: autoDraw = False
21.2751 	EXP 	text_2: autoDraw = False
21.2751 	EXP 	image: image = 'jobphotos/restaurant_critic.jpg'
21.2751 	EXP 	text_2: text = 'Restaurant Critic'
21.2751 	EXP 	image: autoDraw = True
21.2751 	EXP 	text_2: autoDraw = True
21.4104 	DATA 	Keypress: space
21.4128 	EXP 	New trial (rep=0, index=4): OrderedDict([('rolePic', 'jobphotos/acem.jpg'), ('job', 'Airport Customer Experience Manager')])
21.4751 	EXP 	image: autoDraw = False
21.4751 	EXP 	text_2: autoDraw = False
21.4751 	EXP 	image: image = 'jobphotos/acem.jpg'
21.4751 	EXP 	text_2: text = 'Airport Customer Experience Manager'
21.4751 	EXP 	image: autoDraw = True
21.4751 	EXP 	text_2: autoDraw = True
21.6108 	DATA 	Keypress: space
21.6131 	EXP 	New trial (rep=0, index=5): OrderedDict([('rolePic', 'jobphotos/gscem.jpg'), ('job', 'Grocery Store Customer Experience Manager\n')])
21.6581 	EXP 	image: autoDraw = False
21.6581 	EXP 	text_2: autoDraw = False
21.6581 	EXP 	image: image = 'jobphotos/gscem.jpg'
21.6581 	EXP 	text_2: text = 'Grocery Store Customer Experience Manager\n'
21.6581 	EXP 	image: autoDraw = True
21.6581 	EXP 	text_2: autoDraw = True
21.7609 	DATA 	Keypress: space
21.7632 	EXP 	New trial (rep=0, index=6): OrderedDict([('rolePic', 'jobphotos/matchmaker.jpg'), ('job', 'Matchmaker')])
21.8251 	EXP 	image: autoDraw = False
21.8251 	EXP 	text_2: autoDraw = False
21.8251 	EXP 	image: image = 'jobphotos/matchmaker.jpg'
21.8251 	EXP 	text_2: text = 'Matchmaker'
21.8251 	EXP 	image: autoDraw = True
21.8251 	EXP 	text_2: autoDraw = True
21.9447 	DATA 	Keypress: space
21.9609 	EXP 	New trial (rep=0, index=7): OrderedDict([('rolePic', 'jobphotos/dean.jpg'), ('job', 'Dean of Academic Studies')])
22.0252 	EXP 	image: autoDraw = False
22.0252 	EXP 	text_2: autoDraw = False
22.0252 	EXP 	image: image = 'jobphotos/dean.jpg'
22.0252 	EXP 	text_2: text = 'Dean of Academic Studies'
22.0252 	EXP 	image: autoDraw = True
22.0252 	EXP 	text_2: autoDraw = True
22.3438 	DATA 	Keypress: space
22.3553 	EXP 	Imported instructions2.xlsx as conditions, 6 conditions, 2 params
22.3556 	EXP 	Created sequence: sequential, trialTypes=6, nReps=1, seed=None
22.3560 	EXP 	New trial (rep=0, index=0): OrderedDict([('instruct_text', 'Each of these perspectives will be applied to one story. '), ('instruct_text2', '(press space to continue)')])
22.3919 	EXP 	image: autoDraw = False
22.3919 	EXP 	text_2: autoDraw = False
22.3919 	EXP 	welcome: text = 'Each of these perspectives will be applied to one story. '
22.3919 	EXP 	text_12: text = '(press space to continue)'
22.3919 	EXP 	welcome: autoDraw = True
22.3919 	EXP 	text_12: autoDraw = True
22.8111 	DATA 	Keypress: space
22.8137 	EXP 	New trial (rep=0, index=1): OrderedDict([('instruct_text', 'Each perspective has 4 questions, and you will answer these questions about each story.'), ('instruct_text2', None)])
22.8586 	EXP 	welcome: autoDraw = False
22.8586 	EXP 	text_12: autoDraw = False
22.8586 	EXP 	welcome: text = 'Each perspective has 4 questions, and you will answer these questions about each story.'
22.8586 	EXP 	text_12: text = '(press space to continue)'
22.8586 	EXP 	welcome: autoDraw = True
22.8586 	EXP 	text_12: autoDraw = True
23.2440 	DATA 	Keypress: space
23.2463 	EXP 	New trial (rep=0, index=2): OrderedDict([('instruct_text', 'You’ll answer these questions about each story after reading all 8 stories. '), ('instruct_text2', None)])
23.2919 	EXP 	welcome: autoDraw = False
23.2919 	EXP 	text_12: autoDraw = False
23.2919 	EXP 	welcome: text = 'You’ll answer these questions about each story after reading all 8 stories. '
23.2919 	EXP 	text_12: text = '(press space to continue)'
23.2919 	EXP 	welcome: autoDraw = True
23.2919 	EXP 	text_12: autoDraw = True
23.5944 	DATA 	Keypress: space
23.5968 	EXP 	New trial (rep=0, index=3): OrderedDict([('instruct_text', 'You’ll learn these questions with a series of pre-task quizzes and then the story reading will begin.'), ('instruct_text2', None)])
23.6420 	EXP 	welcome: autoDraw = False
23.6420 	EXP 	text_12: autoDraw = False
23.6420 	EXP 	welcome: text = 'You’ll learn these questions with a series of pre-task quizzes and then the story reading will begin.'
23.6420 	EXP 	text_12: text = '(press space to continue)'
23.6420 	EXP 	welcome: autoDraw = True
23.6420 	EXP 	text_12: autoDraw = True
23.9942 	DATA 	Keypress: space
23.9968 	EXP 	New trial (rep=0, index=4): OrderedDict([('instruct_text', 'Once the story-reading task has begun, remember your answers to the questions for each story.'), ('instruct_text2', None)])
24.0419 	EXP 	welcome: autoDraw = False
24.0419 	EXP 	text_12: autoDraw = False
24.0419 	EXP 	welcome: text = 'Once the story-reading task has begun, remember your answers to the questions for each story.'
24.0419 	EXP 	text_12: text = '(press space to continue)'
24.0419 	EXP 	welcome: autoDraw = True
24.0419 	EXP 	text_12: autoDraw = True
24.3944 	DATA 	Keypress: space
24.3967 	EXP 	New trial (rep=0, index=5): OrderedDict([('instruct_text', 'Press the space bar to begin learning the perspectives and the questions for each one.'), ('instruct_text2', None)])
24.4420 	EXP 	welcome: autoDraw = False
24.4420 	EXP 	text_12: autoDraw = False
24.4420 	EXP 	welcome: text = 'Press the space bar to begin learning the perspectives and the questions for each one.'
24.4420 	EXP 	text_12: text = '(press space to continue)'
24.4420 	EXP 	welcome: autoDraw = True
24.4420 	EXP 	text_12: autoDraw = True
24.7940 	DATA 	Keypress: space
24.8171 	EXP 	Imported whichRole.xlsx as conditions, 8 conditions, 8 params
24.8175 	EXP 	Created sequence: random, trialTypes=8, nReps=1, seed=None
24.8179 	EXP 	New trial (rep=0, index=0): OrderedDict([('Q1', 'How does the person who proposed feel before proposing?\n'), ('Q2', 'What is the ring like?\n'), ('Q3', 'Does anyone help with the proposal?\n'), ('Q4', 'Who witnessed the “yes”?\n'), ('D1', 'Is anyone taking pictures of the proposal?'), ('D2', 'How long does the proposal take?'), ('roleName', 'Wedding Planner'), ('rolePic', 'jobphotos/weddingplanner.jpg')])
24.8183 	EXP 	Created sequence: sequential, trialTypes=1, nReps=5, seed=None
24.8185 	EXP 	New trial (rep=0, index=0): None
24.8752 	EXP 	welcome: autoDraw = False
24.8752 	EXP 	text_12: autoDraw = False
24.8752 	EXP 	text_18: text = 'Wedding Planner'
24.8752 	EXP 	image_9: image = 'jobphotos/weddingplanner.jpg'
24.8752 	EXP 	text_18: autoDraw = True
24.8752 	EXP 	image_9: autoDraw = True
25.2611 	DATA 	Keypress: space
25.3249 	EXP 	text_18: autoDraw = False
25.3249 	EXP 	image_9: autoDraw = False
25.3249 	EXP 	text_8: text = 'A: How does the person who proposed feel before proposing?\n'
25.3249 	EXP 	text_9: text = 'Wedding Planner'
25.3249 	EXP 	image_5: image = 'jobphotos/weddingplanner.jpg'
25.3249 	EXP 	text_8: autoDraw = True
25.3249 	EXP 	text_9: autoDraw = True
25.3249 	EXP 	image_5: autoDraw = True
25.8278 	DATA 	Keypress: space
25.8917 	EXP 	text_8: autoDraw = False
25.8917 	EXP 	text_9: autoDraw = False
25.8917 	EXP 	image_5: autoDraw = False
25.8917 	EXP 	text_10: text = 'B: What is the ring like?\n'
25.8917 	EXP 	text_11: text = 'Wedding Planner'
25.8917 	EXP 	image_6: image = 'jobphotos/weddingplanner.jpg'
25.8917 	EXP 	text_10: autoDraw = True
25.8917 	EXP 	text_11: autoDraw = True
25.8917 	EXP 	image_6: autoDraw = True
26.0445 	DATA 	Keypress: space
26.1088 	EXP 	text_10: autoDraw = False
26.1088 	EXP 	text_11: autoDraw = False
26.1088 	EXP 	image_6: autoDraw = False
26.1088 	EXP 	text_13: text = 'C: Does anyone help with the proposal?\n'
26.1088 	EXP 	text_14: text = 'Wedding Planner'
26.1088 	EXP 	image_7: image = 'jobphotos/weddingplanner.jpg'
26.1088 	EXP 	text_13: autoDraw = True
26.1088 	EXP 	text_14: autoDraw = True
26.1088 	EXP 	image_7: autoDraw = True
26.2967 	DATA 	Keypress: space
26.3583 	EXP 	text_13: autoDraw = False
26.3583 	EXP 	text_14: autoDraw = False
26.3583 	EXP 	image_7: autoDraw = False
26.3583 	EXP 	text_15: text = 'D: Who witnessed the “yes”?\n'
26.3583 	EXP 	text_16: text = 'Wedding Planner'
26.3583 	EXP 	image_8: image = 'jobphotos/weddingplanner.jpg'
26.3583 	EXP 	text_15: autoDraw = True
26.3583 	EXP 	text_16: autoDraw = True
26.3583 	EXP 	image_8: autoDraw = True
26.6278 	DATA 	Keypress: space
26.6422 	EXP 	text_15: autoDraw = False
26.6422 	EXP 	text_16: autoDraw = False
26.6422 	EXP 	image_8: autoDraw = False
26.6422 	EXP 	text_5: autoDraw = True
27.8615 	DATA 	Keypress: space
27.8835 	EXP 	Created unnamed ImageStim = ImageStim(__class__=<class 'psychopy.visual.image.ImageStim'>, autoLog=True, color=array([1., 1., 1.]), colorSpace='rgb', contrast=1.0, depth=0, flipHoriz=False, flipVert=False, image='checkmark.png', interpolate=False, mask=None, maskParams=None, name='unnamed ImageStim', opacity=1.0, ori=0.0, pos=array([0., 0.]), size=array([0.48055556, 0.75555556]), texRes=128, units='norm', win=Window(...))
27.8930 	EXP 	Created unnamed ImageStim = ImageStim(__class__=<class 'psychopy.visual.image.ImageStim'>, autoLog=True, color=array([1., 1., 1.]), colorSpace='rgb', contrast=1.0, depth=0, flipHoriz=False, flipVert=False, image='redx.png', interpolate=False, mask=None, maskParams=None, name='unnamed ImageStim', opacity=1.0, ori=0.0, pos=array([0., 0.]), size=array([0.5, 0.8]), texRes=128, units='norm', win=Window(...))
27.9188 	EXP 	Created unnamed ImageStim = ImageStim(__class__=<class 'psychopy.visual.image.ImageStim'>, autoLog=True, color=array([1., 1., 1.]), colorSpace='rgb', contrast=1.0, depth=0, flipHoriz=False, flipVert=False, image='thumbsup.png', interpolate=False, mask=None, maskParams=None, name='unnamed ImageStim', opacity=1.0, ori=0.0, pos=array([0., 0.]), size=array([0.66666667, 1.14      ]), texRes=128, units='norm', win=Window(...))
28.0587 	EXP 	text_5: autoDraw = False
28.0587 	EXP 	question1_2: text = '1: What is the ring like?\n'
28.0587 	EXP 	question2_2: text = '2: How long does the proposal take?'
28.0587 	EXP 	question3_2: text = '3: Is anyone taking pictures of the proposal?'
28.0587 	EXP 	question4_2: text = '4: Does anyone help with the proposal?\n'
28.0587 	EXP 	question5_2: text = '5: Who witnessed the “yes”?\n'
28.0587 	EXP 	question6_2: text = '6: How does the person who proposed feel before proposing?\n'
28.0587 	EXP 	question1_2: autoDraw = True
28.0587 	EXP 	question2_2: autoDraw = True
28.0587 	EXP 	question3_2: autoDraw = True
28.0587 	EXP 	question4_2: autoDraw = True
28.0587 	EXP 	question5_2: autoDraw = True
28.0587 	EXP 	question6_2: autoDraw = True
28.0587 	EXP 	image_3: autoDraw = True
29.3518 	DATA 	Keypress: 2
30.4221 	EXP 	New trial (rep=1, index=0): None
30.4591 	EXP 	question1_2: autoDraw = False
30.4591 	EXP 	question2_2: autoDraw = False
30.4591 	EXP 	question3_2: autoDraw = False
30.4591 	EXP 	question4_2: autoDraw = False
30.4591 	EXP 	question5_2: autoDraw = False
30.4591 	EXP 	question6_2: autoDraw = False
30.4591 	EXP 	image_3: autoDraw = False
30.4591 	EXP 	text_18: text = 'Wedding Planner'
30.4591 	EXP 	image_9: image = 'jobphotos/weddingplanner.jpg'
30.4591 	EXP 	text_18: autoDraw = True
30.4591 	EXP 	image_9: autoDraw = True
31.2616 	DATA 	Keypress: 3
31.6782 	DATA 	Keypress: space
31.7259 	EXP 	text_18: autoDraw = False
31.7259 	EXP 	image_9: autoDraw = False
31.7259 	EXP 	text_8: text = 'A: How does the person who proposed feel before proposing?\n'
31.7259 	EXP 	text_9: text = 'Wedding Planner'
31.7259 	EXP 	image_5: image = 'jobphotos/weddingplanner.jpg'
31.7259 	EXP 	text_8: autoDraw = True
31.7259 	EXP 	text_9: autoDraw = True
31.7259 	EXP 	image_5: autoDraw = True
31.9117 	DATA 	Keypress: space
31.9592 	EXP 	text_8: autoDraw = False
31.9592 	EXP 	text_9: autoDraw = False
31.9592 	EXP 	image_5: autoDraw = False
31.9592 	EXP 	text_10: text = 'B: What is the ring like?\n'
31.9592 	EXP 	text_11: text = 'Wedding Planner'
31.9592 	EXP 	image_6: image = 'jobphotos/weddingplanner.jpg'
31.9592 	EXP 	text_10: autoDraw = True
31.9592 	EXP 	text_11: autoDraw = True
31.9592 	EXP 	image_6: autoDraw = True
32.0617 	DATA 	Keypress: space
32.1090 	EXP 	text_10: autoDraw = False
32.1090 	EXP 	text_11: autoDraw = False
32.1090 	EXP 	image_6: autoDraw = False
32.1090 	EXP 	text_13: text = 'C: Does anyone help with the proposal?\n'
32.1090 	EXP 	text_14: text = 'Wedding Planner'
32.1090 	EXP 	image_7: image = 'jobphotos/weddingplanner.jpg'
32.1090 	EXP 	text_13: autoDraw = True
32.1090 	EXP 	text_14: autoDraw = True
32.1090 	EXP 	image_7: autoDraw = True
32.2285 	DATA 	Keypress: space
32.2759 	EXP 	text_13: autoDraw = False
32.2759 	EXP 	text_14: autoDraw = False
32.2759 	EXP 	image_7: autoDraw = False
32.2759 	EXP 	text_15: text = 'D: Who witnessed the “yes”?\n'
32.2759 	EXP 	text_16: text = 'Wedding Planner'
32.2759 	EXP 	image_8: image = 'jobphotos/weddingplanner.jpg'
32.2759 	EXP 	text_15: autoDraw = True
32.2759 	EXP 	text_16: autoDraw = True
32.2759 	EXP 	image_8: autoDraw = True
32.3782 	DATA 	Keypress: space
32.3926 	EXP 	text_15: autoDraw = False
32.3926 	EXP 	text_16: autoDraw = False
32.3926 	EXP 	image_8: autoDraw = False
32.3926 	EXP 	text_5: autoDraw = True
32.5616 	DATA 	Keypress: space
32.5758 	EXP 	Created unnamed ImageStim = ImageStim(__class__=<class 'psychopy.visual.image.ImageStim'>, autoLog=True, color=array([1., 1., 1.]), colorSpace='rgb', contrast=1.0, depth=0, flipHoriz=False, flipVert=False, image='checkmark.png', interpolate=False, mask=None, maskParams=None, name='unnamed ImageStim', opacity=1.0, ori=0.0, pos=array([0., 0.]), size=array([0.48055556, 0.75555556]), texRes=128, units='norm', win=Window(...))
32.5843 	EXP 	Created unnamed ImageStim = ImageStim(__class__=<class 'psychopy.visual.image.ImageStim'>, autoLog=True, color=array([1., 1., 1.]), colorSpace='rgb', contrast=1.0, depth=0, flipHoriz=False, flipVert=False, image='redx.png', interpolate=False, mask=None, maskParams=None, name='unnamed ImageStim', opacity=1.0, ori=0.0, pos=array([0., 0.]), size=array([0.5, 0.8]), texRes=128, units='norm', win=Window(...))
32.6026 	EXP 	Created unnamed ImageStim = ImageStim(__class__=<class 'psychopy.visual.image.ImageStim'>, autoLog=True, color=array([1., 1., 1.]), colorSpace='rgb', contrast=1.0, depth=0, flipHoriz=False, flipVert=False, image='thumbsup.png', interpolate=False, mask=None, maskParams=None, name='unnamed ImageStim', opacity=1.0, ori=0.0, pos=array([0., 0.]), size=array([0.66666667, 1.14      ]), texRes=128, units='norm', win=Window(...))
32.6925 	EXP 	text_5: autoDraw = False
32.6925 	EXP 	question1_2: text = '1: Does anyone help with the proposal?\n'
32.6925 	EXP 	question2_2: text = '2: How long does the proposal take?'
32.6925 	EXP 	question3_2: text = '3: Is anyone taking pictures of the proposal?'
32.6925 	EXP 	question4_2: text = '4: How does the person who proposed feel before proposing?\n'
32.6925 	EXP 	question5_2: text = '5: What is the ring like?\n'
32.6925 	EXP 	question6_2: text = '6: Who witnessed the “yes”?\n'
32.6925 	EXP 	question1_2: autoDraw = True
32.6925 	EXP 	question2_2: autoDraw = True
32.6925 	EXP 	question3_2: autoDraw = True
32.6925 	EXP 	question4_2: autoDraw = True
32.6925 	EXP 	question5_2: autoDraw = True
32.6925 	EXP 	question6_2: autoDraw = True
32.6925 	EXP 	image_3: autoDraw = True
33.3513 	DATA 	Keypress: 2
34.1959 	DATA 	Keypress: space
34.4375 	EXP 	New trial (rep=2, index=0): None
34.4757 	EXP 	question1_2: autoDraw = False
34.4757 	EXP 	question2_2: autoDraw = False
34.4757 	EXP 	question3_2: autoDraw = False
34.4757 	EXP 	question4_2: autoDraw = False
34.4757 	EXP 	question5_2: autoDraw = False
34.4757 	EXP 	question6_2: autoDraw = False
34.4757 	EXP 	image_3: autoDraw = False
34.4757 	EXP 	text_18: text = 'Wedding Planner'
34.4757 	EXP 	image_9: image = 'jobphotos/weddingplanner.jpg'
34.4757 	EXP 	text_18: autoDraw = True
34.4757 	EXP 	image_9: autoDraw = True
34.5636 	DATA 	Keypress: space
34.6260 	EXP 	text_18: autoDraw = False
34.6260 	EXP 	image_9: autoDraw = False
34.6260 	EXP 	text_8: text = 'A: How does the person who proposed feel before proposing?\n'
34.6260 	EXP 	text_9: text = 'Wedding Planner'
34.6260 	EXP 	image_5: image = 'jobphotos/weddingplanner.jpg'
34.6260 	EXP 	text_8: autoDraw = True
34.6260 	EXP 	text_9: autoDraw = True
34.6260 	EXP 	image_5: autoDraw = True
34.8117 	DATA 	Keypress: space
34.8594 	EXP 	text_8: autoDraw = False
34.8594 	EXP 	text_9: autoDraw = False
34.8594 	EXP 	image_5: autoDraw = False
34.8594 	EXP 	text_10: text = 'B: What is the ring like?\n'
34.8594 	EXP 	text_11: text = 'Wedding Planner'
34.8594 	EXP 	image_6: image = 'jobphotos/weddingplanner.jpg'
34.8594 	EXP 	text_10: autoDraw = True
34.8594 	EXP 	text_11: autoDraw = True
34.8594 	EXP 	image_6: autoDraw = True
34.9951 	DATA 	Keypress: space
35.0428 	EXP 	text_10: autoDraw = False
35.0428 	EXP 	text_11: autoDraw = False
35.0428 	EXP 	image_6: autoDraw = False
35.0428 	EXP 	text_13: text = 'C: Does anyone help with the proposal?\n'
35.0428 	EXP 	text_14: text = 'Wedding Planner'
35.0428 	EXP 	image_7: image = 'jobphotos/weddingplanner.jpg'
35.0428 	EXP 	text_13: autoDraw = True
35.0428 	EXP 	text_14: autoDraw = True
35.0428 	EXP 	image_7: autoDraw = True
35.1614 	DATA 	Keypress: space
35.2094 	EXP 	text_13: autoDraw = False
35.2094 	EXP 	text_14: autoDraw = False
35.2094 	EXP 	image_7: autoDraw = False
35.2094 	EXP 	text_15: text = 'D: Who witnessed the “yes”?\n'
35.2094 	EXP 	text_16: text = 'Wedding Planner'
35.2094 	EXP 	image_8: image = 'jobphotos/weddingplanner.jpg'
35.2094 	EXP 	text_15: autoDraw = True
35.2094 	EXP 	text_16: autoDraw = True
35.2094 	EXP 	image_8: autoDraw = True
35.3449 	DATA 	Keypress: space
35.3595 	EXP 	text_15: autoDraw = False
35.3595 	EXP 	text_16: autoDraw = False
35.3595 	EXP 	image_8: autoDraw = False
35.3595 	EXP 	text_5: autoDraw = True
35.4951 	DATA 	Keypress: space
35.5067 	EXP 	Created unnamed ImageStim = ImageStim(__class__=<class 'psychopy.visual.image.ImageStim'>, autoLog=True, color=array([1., 1., 1.]), colorSpace='rgb', contrast=1.0, depth=0, flipHoriz=False, flipVert=False, image='checkmark.png', interpolate=False, mask=None, maskParams=None, name='unnamed ImageStim', opacity=1.0, ori=0.0, pos=array([0., 0.]), size=array([0.48055556, 0.75555556]), texRes=128, units='norm', win=Window(...))
35.5129 	EXP 	Created unnamed ImageStim = ImageStim(__class__=<class 'psychopy.visual.image.ImageStim'>, autoLog=True, color=array([1., 1., 1.]), colorSpace='rgb', contrast=1.0, depth=0, flipHoriz=False, flipVert=False, image='redx.png', interpolate=False, mask=None, maskParams=None, name='unnamed ImageStim', opacity=1.0, ori=0.0, pos=array([0., 0.]), size=array([0.5, 0.8]), texRes=128, units='norm', win=Window(...))
35.5350 	EXP 	Created unnamed ImageStim = ImageStim(__class__=<class 'psychopy.visual.image.ImageStim'>, autoLog=True, color=array([1., 1., 1.]), colorSpace='rgb', contrast=1.0, depth=0, flipHoriz=False, flipVert=False, image='thumbsup.png', interpolate=False, mask=None, maskParams=None, name='unnamed ImageStim', opacity=1.0, ori=0.0, pos=array([0., 0.]), size=array([0.66666667, 1.14      ]), texRes=128, units='norm', win=Window(...))
35.6262 	EXP 	text_5: autoDraw = False
35.6262 	EXP 	question1_2: text = '1: Does anyone help with the proposal?\n'
35.6262 	EXP 	question2_2: text = '2: How does the person who proposed feel before proposing?\n'
35.6262 	EXP 	question3_2: text = '3: What is the ring like?\n'
35.6262 	EXP 	question4_2: text = '4: Is anyone taking pictures of the proposal?'
35.6262 	EXP 	question5_2: text = '5: Who witnessed the “yes”?\n'
35.6262 	EXP 	question6_2: text = '6: How long does the proposal take?'
35.6262 	EXP 	question1_2: autoDraw = True
35.6262 	EXP 	question2_2: autoDraw = True
35.6262 	EXP 	question3_2: autoDraw = True
35.6262 	EXP 	question4_2: autoDraw = True
35.6262 	EXP 	question5_2: autoDraw = True
35.6262 	EXP 	question6_2: autoDraw = True
35.6262 	EXP 	image_3: autoDraw = True
36.3529 	DATA 	Keypress: 2
37.3346 	DATA 	Keypress: space
38.9953 	DATA 	Keypress: space
39.2698 	DATA 	Keypress: space
39.9290 	DATA 	Keypress: 3
40.0942 	WARNING 	Requested image 'bar3.jpeg' not found but similar filename 'bar3.jpg' exists. This will be used instead but changing the filename is advised.
40.1621 	WARNING 	Requested image 'bar3.jpeg' not found but similar filename 'bar3.jpg' exists. This will be used instead but changing the filename is advised.
40.2026 	DATA 	Keypress: 2
40.2290 	WARNING 	Requested image 'bar3.jpeg' not found but similar filename 'bar3.jpg' exists. This will be used instead but changing the filename is advised.
40.2787 	WARNING 	Requested image 'bar3.jpeg' not found but similar filename 'bar3.jpg' exists. This will be used instead but changing the filename is advised.
40.3289 	WARNING 	Requested image 'bar3.jpeg' not found but similar filename 'bar3.jpg' exists. This will be used instead but changing the filename is advised.
40.3789 	WARNING 	Requested image 'bar3.jpeg' not found but similar filename 'bar3.jpg' exists. This will be used instead but changing the filename is advised.
40.4294 	DATA 	Keypress: 2
40.4320 	WARNING 	Requested image 'bar3.jpeg' not found but similar filename 'bar3.jpg' exists. This will be used instead but changing the filename is advised.
40.4789 	WARNING 	Requested image 'bar3.jpeg' not found but similar filename 'bar3.jpg' exists. This will be used instead but changing the filename is advised.
40.5456 	WARNING 	Requested image 'bar3.jpeg' not found but similar filename 'bar3.jpg' exists. This will be used instead but changing the filename is advised.
40.6123 	WARNING 	Requested image 'bar3.jpeg' not found but similar filename 'bar3.jpg' exists. This will be used instead but changing the filename is advised.
40.6566 	DATA 	Keypress: 2
40.6791 	WARNING 	Requested image 'bar3.jpeg' not found but similar filename 'bar3.jpg' exists. This will be used instead but changing the filename is advised.
40.7289 	WARNING 	Requested image 'bar3.jpeg' not found but similar filename 'bar3.jpg' exists. This will be used instead but changing the filename is advised.
40.7791 	WARNING 	Requested image 'bar3.jpeg' not found but similar filename 'bar3.jpg' exists. This will be used instead but changing the filename is advised.
40.8290 	WARNING 	Requested image 'bar3.jpeg' not found but similar filename 'bar3.jpg' exists. This will be used instead but changing the filename is advised.
40.8674 	DATA 	Keypress: 3
41.6970 	DATA 	Keypress: 4
41.6999 	DATA 	Keypress: 5
41.7024 	DATA 	Keypress: 5
42.7136 	DATA 	Keypress: 5
42.8711 	DATA 	Keypress: 5
43.7308 	DATA 	Keypress: space
43.9282 	WARNING 	Requested image 'bar3.jpeg' not found but similar filename 'bar3.jpg' exists. This will be used instead but changing the filename is advised.
43.9679 	EXP 	New trial (rep=3, index=0): None
44.0100 	EXP 	question1_2: autoDraw = False
44.0100 	EXP 	question2_2: autoDraw = False
44.0100 	EXP 	question3_2: autoDraw = False
44.0100 	EXP 	question4_2: autoDraw = False
44.0100 	EXP 	question5_2: autoDraw = False
44.0100 	EXP 	question6_2: autoDraw = False
44.0100 	EXP 	image_3: autoDraw = False
44.0100 	EXP 	text_18: text = 'Wedding Planner'
44.0100 	EXP 	image_9: image = 'jobphotos/weddingplanner.jpg'
44.0100 	EXP 	text_18: autoDraw = True
44.0100 	EXP 	image_9: autoDraw = True
58.5970 	DATA 	Keypress: space
58.6444 	EXP 	text_18: autoDraw = False
58.6444 	EXP 	image_9: autoDraw = False
58.6444 	EXP 	text_8: text = 'A: How does the person who proposed feel before proposing?\n'
58.6444 	EXP 	text_9: text = 'Wedding Planner'
58.6444 	EXP 	image_5: image = 'jobphotos/weddingplanner.jpg'
58.6444 	EXP 	text_8: autoDraw = True
58.6444 	EXP 	text_9: autoDraw = True
58.6444 	EXP 	image_5: autoDraw = True
59.0800 	DATA 	Keypress: space
59.1278 	EXP 	text_8: autoDraw = False
59.1278 	EXP 	text_9: autoDraw = False
59.1278 	EXP 	image_5: autoDraw = False
59.1278 	EXP 	text_10: text = 'B: What is the ring like?\n'
59.1278 	EXP 	text_11: text = 'Wedding Planner'
59.1278 	EXP 	image_6: image = 'jobphotos/weddingplanner.jpg'
59.1278 	EXP 	text_10: autoDraw = True
59.1278 	EXP 	text_11: autoDraw = True
59.1278 	EXP 	image_6: autoDraw = True
59.4136 	DATA 	Keypress: space
59.4609 	EXP 	text_10: autoDraw = False
59.4609 	EXP 	text_11: autoDraw = False
59.4609 	EXP 	image_6: autoDraw = False
59.4609 	EXP 	text_13: text = 'C: Does anyone help with the proposal?\n'
59.4609 	EXP 	text_14: text = 'Wedding Planner'
59.4609 	EXP 	image_7: image = 'jobphotos/weddingplanner.jpg'
59.4609 	EXP 	text_13: autoDraw = True
59.4609 	EXP 	text_14: autoDraw = True
59.4609 	EXP 	image_7: autoDraw = True
59.6300 	DATA 	Keypress: space
59.6777 	EXP 	text_13: autoDraw = False
59.6777 	EXP 	text_14: autoDraw = False
59.6777 	EXP 	image_7: autoDraw = False
59.6777 	EXP 	text_15: text = 'D: Who witnessed the “yes”?\n'
59.6777 	EXP 	text_16: text = 'Wedding Planner'
59.6777 	EXP 	image_8: image = 'jobphotos/weddingplanner.jpg'
59.6777 	EXP 	text_15: autoDraw = True
59.6777 	EXP 	text_16: autoDraw = True
59.6777 	EXP 	image_8: autoDraw = True
59.9964 	DATA 	Keypress: space
60.0112 	EXP 	text_15: autoDraw = False
60.0112 	EXP 	text_16: autoDraw = False
60.0112 	EXP 	image_8: autoDraw = False
60.0112 	EXP 	text_5: autoDraw = True
60.5302 	DATA 	Keypress: space
60.5419 	EXP 	Created unnamed ImageStim = ImageStim(__class__=<class 'psychopy.visual.image.ImageStim'>, autoLog=True, color=array([1., 1., 1.]), colorSpace='rgb', contrast=1.0, depth=0, flipHoriz=False, flipVert=False, image='checkmark.png', interpolate=False, mask=None, maskParams=None, name='unnamed ImageStim', opacity=1.0, ori=0.0, pos=array([0., 0.]), size=array([0.48055556, 0.75555556]), texRes=128, units='norm', win=Window(...))
60.5479 	EXP 	Created unnamed ImageStim = ImageStim(__class__=<class 'psychopy.visual.image.ImageStim'>, autoLog=True, color=array([1., 1., 1.]), colorSpace='rgb', contrast=1.0, depth=0, flipHoriz=False, flipVert=False, image='redx.png', interpolate=False, mask=None, maskParams=None, name='unnamed ImageStim', opacity=1.0, ori=0.0, pos=array([0., 0.]), size=array([0.5, 0.8]), texRes=128, units='norm', win=Window(...))
60.5663 	EXP 	Created unnamed ImageStim = ImageStim(__class__=<class 'psychopy.visual.image.ImageStim'>, autoLog=True, color=array([1., 1., 1.]), colorSpace='rgb', contrast=1.0, depth=0, flipHoriz=False, flipVert=False, image='thumbsup.png', interpolate=False, mask=None, maskParams=None, name='unnamed ImageStim', opacity=1.0, ori=0.0, pos=array([0., 0.]), size=array([0.66666667, 1.14      ]), texRes=128, units='norm', win=Window(...))
60.6612 	EXP 	text_5: autoDraw = False
60.6612 	EXP 	question1_2: text = '1: Who witnessed the “yes”?\n'
60.6612 	EXP 	question2_2: text = '2: How does the person who proposed feel before proposing?\n'
60.6612 	EXP 	question3_2: text = '3: Is anyone taking pictures of the proposal?'
60.6612 	EXP 	question4_2: text = '4: How long does the proposal take?'
60.6612 	EXP 	question5_2: text = '5: Does anyone help with the proposal?\n'
60.6612 	EXP 	question6_2: text = '6: What is the ring like?\n'
60.6612 	EXP 	question1_2: autoDraw = True
60.6612 	EXP 	question2_2: autoDraw = True
60.6612 	EXP 	question3_2: autoDraw = True
60.6612 	EXP 	question4_2: autoDraw = True
60.6612 	EXP 	question5_2: autoDraw = True
60.6612 	EXP 	question6_2: autoDraw = True
60.6612 	EXP 	image_3: autoDraw = True
61.4714 	DATA 	Keypress: 2
65.2731 	DATA 	Keypress: 2
65.6192 	DATA 	Keypress: 2
65.9040 	DATA 	Keypress: space
66.5042 	DATA 	Keypress: 3
67.3325 	DATA 	Keypress: 4
68.5851 	EXP 	New trial (rep=4, index=0): None
68.6284 	EXP 	question1_2: autoDraw = False
68.6284 	EXP 	question2_2: autoDraw = False
68.6284 	EXP 	question3_2: autoDraw = False
68.6284 	EXP 	question4_2: autoDraw = False
68.6284 	EXP 	question5_2: autoDraw = False
68.6284 	EXP 	question6_2: autoDraw = False
68.6284 	EXP 	image_3: autoDraw = False
68.6284 	EXP 	text_18: text = 'Wedding Planner'
68.6284 	EXP 	image_9: image = 'jobphotos/weddingplanner.jpg'
68.6284 	EXP 	text_18: autoDraw = True
68.6284 	EXP 	image_9: autoDraw = True
69.4492 	DATA 	Keypress: space
69.5118 	EXP 	text_18: autoDraw = False
69.5118 	EXP 	image_9: autoDraw = False
69.5118 	EXP 	text_8: text = 'A: How does the person who proposed feel before proposing?\n'
69.5118 	EXP 	text_9: text = 'Wedding Planner'
69.5118 	EXP 	image_5: image = 'jobphotos/weddingplanner.jpg'
69.5118 	EXP 	text_8: autoDraw = True
69.5118 	EXP 	text_9: autoDraw = True
69.5118 	EXP 	image_5: autoDraw = True
71.7645 	DATA 	Keypress: space
71.8119 	EXP 	text_8: autoDraw = False
71.8119 	EXP 	text_9: autoDraw = False
71.8119 	EXP 	image_5: autoDraw = False
71.8119 	EXP 	text_10: text = 'B: What is the ring like?\n'
71.8119 	EXP 	text_11: text = 'Wedding Planner'
71.8119 	EXP 	image_6: image = 'jobphotos/weddingplanner.jpg'
71.8119 	EXP 	text_10: autoDraw = True
71.8119 	EXP 	text_11: autoDraw = True
71.8119 	EXP 	image_6: autoDraw = True
72.1306 	DATA 	Keypress: space
72.1787 	EXP 	text_10: autoDraw = False
72.1787 	EXP 	text_11: autoDraw = False
72.1787 	EXP 	image_6: autoDraw = False
72.1787 	EXP 	text_13: text = 'C: Does anyone help with the proposal?\n'
72.1787 	EXP 	text_14: text = 'Wedding Planner'
72.1787 	EXP 	image_7: image = 'jobphotos/weddingplanner.jpg'
72.1787 	EXP 	text_13: autoDraw = True
72.1787 	EXP 	text_14: autoDraw = True
72.1787 	EXP 	image_7: autoDraw = True
72.4977 	DATA 	Keypress: space
72.5453 	EXP 	text_13: autoDraw = False
72.5453 	EXP 	text_14: autoDraw = False
72.5453 	EXP 	image_7: autoDraw = False
72.5453 	EXP 	text_15: text = 'D: Who witnessed the “yes”?\n'
72.5453 	EXP 	text_16: text = 'Wedding Planner'
72.5453 	EXP 	image_8: image = 'jobphotos/weddingplanner.jpg'
72.5453 	EXP 	text_15: autoDraw = True
72.5453 	EXP 	text_16: autoDraw = True
72.5453 	EXP 	image_8: autoDraw = True
72.8142 	DATA 	Keypress: space
72.8287 	EXP 	text_15: autoDraw = False
72.8287 	EXP 	text_16: autoDraw = False
72.8287 	EXP 	image_8: autoDraw = False
72.8287 	EXP 	text_5: autoDraw = True
73.1986 	DATA 	Keypress: space
73.2257 	EXP 	Created unnamed ImageStim = ImageStim(__class__=<class 'psychopy.visual.image.ImageStim'>, autoLog=True, color=array([1., 1., 1.]), colorSpace='rgb', contrast=1.0, depth=0, flipHoriz=False, flipVert=False, image='checkmark.png', interpolate=False, mask=None, maskParams=None, name='unnamed ImageStim', opacity=1.0, ori=0.0, pos=array([0., 0.]), size=array([0.48055556, 0.75555556]), texRes=128, units='norm', win=Window(...))
73.2339 	EXP 	Created unnamed ImageStim = ImageStim(__class__=<class 'psychopy.visual.image.ImageStim'>, autoLog=True, color=array([1., 1., 1.]), colorSpace='rgb', contrast=1.0, depth=0, flipHoriz=False, flipVert=False, image='redx.png', interpolate=False, mask=None, maskParams=None, name='unnamed ImageStim', opacity=1.0, ori=0.0, pos=array([0., 0.]), size=array([0.5, 0.8]), texRes=128, units='norm', win=Window(...))
73.2530 	EXP 	Created unnamed ImageStim = ImageStim(__class__=<class 'psychopy.visual.image.ImageStim'>, autoLog=True, color=array([1., 1., 1.]), colorSpace='rgb', contrast=1.0, depth=0, flipHoriz=False, flipVert=False, image='thumbsup.png', interpolate=False, mask=None, maskParams=None, name='unnamed ImageStim', opacity=1.0, ori=0.0, pos=array([0., 0.]), size=array([0.66666667, 1.14      ]), texRes=128, units='norm', win=Window(...))
73.3621 	EXP 	text_5: autoDraw = False
73.3621 	EXP 	question1_2: text = '1: What is the ring like?\n'
73.3621 	EXP 	question2_2: text = '2: Is anyone taking pictures of the proposal?'
73.3621 	EXP 	question3_2: text = '3: How long does the proposal take?'
73.3621 	EXP 	question4_2: text = '4: How does the person who proposed feel before proposing?\n'
73.3621 	EXP 	question5_2: text = '5: Who witnessed the “yes”?\n'
73.3621 	EXP 	question6_2: text = '6: Does anyone help with the proposal?\n'
73.3621 	EXP 	question1_2: autoDraw = True
73.3621 	EXP 	question2_2: autoDraw = True
73.3621 	EXP 	question3_2: autoDraw = True
73.3621 	EXP 	question4_2: autoDraw = True
73.3621 	EXP 	question5_2: autoDraw = True
73.3621 	EXP 	question6_2: autoDraw = True
73.3621 	EXP 	image_3: autoDraw = True
74.1313 	DATA 	Keypress: 2
75.1861 	EXP 	New trial (rep=0, index=1): OrderedDict([('Q1', 'What is the grocery store like upon entering?\n'), ('Q2', 'What items do the clients pick out?\n'), ('Q3', 'How is the checkout line and how long do the clients wait in line?\n'), ('Q4', 'How much are the groceries and what method of payment do the clients use?\n'), ('D1', 'How long does it take for the cashier to scan all of the customers’ groceries?'), ('D2', 'What type of grocery bags do the clients use?'), ('roleName', 'Grocery Store Customer Experience Manager\n'), ('rolePic', 'jobphotos/gscem.jpg')])
75.1866 	EXP 	Created sequence: sequential, trialTypes=1, nReps=5, seed=None
75.1868 	EXP 	New trial (rep=0, index=0): None
75.2289 	EXP 	question1_2: autoDraw = False
75.2289 	EXP 	question2_2: autoDraw = False
75.2289 	EXP 	question3_2: autoDraw = False
75.2289 	EXP 	question4_2: autoDraw = False
75.2289 	EXP 	question5_2: autoDraw = False
75.2289 	EXP 	question6_2: autoDraw = False
75.2289 	EXP 	image_3: autoDraw = False
75.2289 	EXP 	text_18: text = 'Grocery Store Customer Experience Manager\n'
75.2289 	EXP 	image_9: image = 'jobphotos/gscem.jpg'
75.2289 	EXP 	text_18: autoDraw = True
75.2289 	EXP 	image_9: autoDraw = True
76.8448 	DATA 	Keypress: space
76.8956 	EXP 	text_18: autoDraw = False
76.8956 	EXP 	image_9: autoDraw = False
76.8956 	EXP 	text_8: text = 'A: What is the grocery store like upon entering?\n'
76.8956 	EXP 	text_9: text = 'Grocery Store Customer Experience Manager\n'
76.8956 	EXP 	image_5: image = 'jobphotos/gscem.jpg'
76.8956 	EXP 	text_8: autoDraw = True
76.8956 	EXP 	text_9: autoDraw = True
76.8956 	EXP 	image_5: autoDraw = True
77.0832 	DATA 	Keypress: space
77.1457 	EXP 	text_8: autoDraw = False
77.1457 	EXP 	text_9: autoDraw = False
77.1457 	EXP 	image_5: autoDraw = False
77.1457 	EXP 	text_10: text = 'B: What items do the clients pick out?\n'
77.1457 	EXP 	text_11: text = 'Grocery Store Customer Experience Manager\n'
77.1457 	EXP 	image_6: image = 'jobphotos/gscem.jpg'
77.1457 	EXP 	text_10: autoDraw = True
77.1457 	EXP 	text_11: autoDraw = True
77.1457 	EXP 	image_6: autoDraw = True
77.3000 	DATA 	Keypress: space
77.3623 	EXP 	text_10: autoDraw = False
77.3623 	EXP 	text_11: autoDraw = False
77.3623 	EXP 	image_6: autoDraw = False
77.3623 	EXP 	text_13: text = 'C: How is the checkout line and how long do the clients wait in line?\n'
77.3623 	EXP 	text_14: text = 'Grocery Store Customer Experience Manager\n'
77.3623 	EXP 	image_7: image = 'jobphotos/gscem.jpg'
77.3623 	EXP 	text_13: autoDraw = True
77.3623 	EXP 	text_14: autoDraw = True
77.3623 	EXP 	image_7: autoDraw = True
77.4997 	DATA 	Keypress: space
77.5623 	EXP 	text_13: autoDraw = False
77.5623 	EXP 	text_14: autoDraw = False
77.5623 	EXP 	image_7: autoDraw = False
77.5623 	EXP 	text_15: text = 'D: How much are the groceries and what method of payment do the clients use?\n'
77.5623 	EXP 	text_16: text = 'Grocery Store Customer Experience Manager\n'
77.5623 	EXP 	image_8: image = 'jobphotos/gscem.jpg'
77.5623 	EXP 	text_15: autoDraw = True
77.5623 	EXP 	text_16: autoDraw = True
77.5623 	EXP 	image_8: autoDraw = True
77.7832 	DATA 	Keypress: space
77.7957 	EXP 	text_15: autoDraw = False
77.7957 	EXP 	text_16: autoDraw = False
77.7957 	EXP 	image_8: autoDraw = False
77.7957 	EXP 	text_5: autoDraw = True
78.2996 	DATA 	Keypress: space
78.3105 	EXP 	Created unnamed ImageStim = ImageStim(__class__=<class 'psychopy.visual.image.ImageStim'>, autoLog=True, color=array([1., 1., 1.]), colorSpace='rgb', contrast=1.0, depth=0, flipHoriz=False, flipVert=False, image='checkmark.png', interpolate=False, mask=None, maskParams=None, name='unnamed ImageStim', opacity=1.0, ori=0.0, pos=array([0., 0.]), size=array([0.48055556, 0.75555556]), texRes=128, units='norm', win=Window(...))
78.3167 	EXP 	Created unnamed ImageStim = ImageStim(__class__=<class 'psychopy.visual.image.ImageStim'>, autoLog=True, color=array([1., 1., 1.]), colorSpace='rgb', contrast=1.0, depth=0, flipHoriz=False, flipVert=False, image='redx.png', interpolate=False, mask=None, maskParams=None, name='unnamed ImageStim', opacity=1.0, ori=0.0, pos=array([0., 0.]), size=array([0.5, 0.8]), texRes=128, units='norm', win=Window(...))
78.3367 	EXP 	Created unnamed ImageStim = ImageStim(__class__=<class 'psychopy.visual.image.ImageStim'>, autoLog=True, color=array([1., 1., 1.]), colorSpace='rgb', contrast=1.0, depth=0, flipHoriz=False, flipVert=False, image='thumbsup.png', interpolate=False, mask=None, maskParams=None, name='unnamed ImageStim', opacity=1.0, ori=0.0, pos=array([0., 0.]), size=array([0.66666667, 1.14      ]), texRes=128, units='norm', win=Window(...))
78.4457 	EXP 	text_5: autoDraw = False
78.4457 	EXP 	question1_2: text = '1: How long does it take for the cashier to scan all of the customers’ groceries?'
78.4457 	EXP 	question2_2: text = '2: What items do the clients pick out?\n'
78.4457 	EXP 	question3_2: text = '3: How much are the groceries and what method of payment do the clients use?\n'
78.4457 	EXP 	question4_2: text = '4: What type of grocery bags do the clients use?'
78.4457 	EXP 	question5_2: text = '5: What is the grocery store like upon entering?\n'
78.4457 	EXP 	question6_2: text = '6: How is the checkout line and how long do the clients wait in line?\n'
78.4457 	EXP 	question1_2: autoDraw = True
78.4457 	EXP 	question2_2: autoDraw = True
78.4457 	EXP 	question3_2: autoDraw = True
78.4457 	EXP 	question4_2: autoDraw = True
78.4457 	EXP 	question5_2: autoDraw = True
78.4457 	EXP 	question6_2: autoDraw = True
78.4457 	EXP 	image_3: autoDraw = True
91.3509 	DATA 	Keypress: 2
91.8015 	DATA 	Keypress: 2
92.4905 	DATA 	Keypress: 2
92.9421 	DATA 	Keypress: 2
93.1838 	DATA 	Keypress: 2
93.8396 	DATA 	Keypress: 2
95.3061 	DATA 	Keypress: 2
97.4910 	DATA 	Keypress: 2
98.3661 	DATA 	Keypress: 2
99.8161 	DATA 	Keypress: 2
110.3168 	DATA 	Keypress: 2
110.5243 	DATA 	Keypress: 2
110.7268 	DATA 	Keypress: 2
110.9076 	DATA 	Keypress: 2
111.2394 	DATA 	Keypress: 2
112.3880 	DATA 	Keypress: 2
114.2846 	DATA 	Keypress: 2
115.4260 	DATA 	Keypress: 3
116.5011 	EXP 	New trial (rep=1, index=0): None
116.5317 	EXP 	question1_2: autoDraw = False
116.5317 	EXP 	question2_2: autoDraw = False
116.5317 	EXP 	question3_2: autoDraw = False
116.5317 	EXP 	question4_2: autoDraw = False
116.5317 	EXP 	question5_2: autoDraw = False
116.5317 	EXP 	question6_2: autoDraw = False
116.5317 	EXP 	image_3: autoDraw = False
116.5317 	EXP 	text_18: text = 'Grocery Store Customer Experience Manager\n'
116.5317 	EXP 	image_9: image = 'jobphotos/gscem.jpg'
116.5317 	EXP 	text_18: autoDraw = True
116.5317 	EXP 	image_9: autoDraw = True
117.4508 	DATA 	Keypress: space
117.4817 	EXP 	text_18: autoDraw = False
117.4817 	EXP 	image_9: autoDraw = False
117.4817 	EXP 	text_8: text = 'A: What is the grocery store like upon entering?\n'
117.4817 	EXP 	text_9: text = 'Grocery Store Customer Experience Manager\n'
117.4817 	EXP 	image_5: image = 'jobphotos/gscem.jpg'
117.4817 	EXP 	text_8: autoDraw = True
117.4817 	EXP 	text_9: autoDraw = True
117.4817 	EXP 	image_5: autoDraw = True
117.7676 	DATA 	Keypress: space
117.8152 	EXP 	text_8: autoDraw = False
117.8152 	EXP 	text_9: autoDraw = False
117.8152 	EXP 	image_5: autoDraw = False
117.8152 	EXP 	text_10: text = 'B: What items do the clients pick out?\n'
117.8152 	EXP 	text_11: text = 'Grocery Store Customer Experience Manager\n'
117.8152 	EXP 	image_6: image = 'jobphotos/gscem.jpg'
117.8152 	EXP 	text_10: autoDraw = True
117.8152 	EXP 	text_11: autoDraw = True
117.8152 	EXP 	image_6: autoDraw = True
117.9508 	DATA 	Keypress: space
117.9985 	EXP 	text_10: autoDraw = False
117.9985 	EXP 	text_11: autoDraw = False
117.9985 	EXP 	image_6: autoDraw = False
117.9985 	EXP 	text_13: text = 'C: How is the checkout line and how long do the clients wait in line?\n'
117.9985 	EXP 	text_14: text = 'Grocery Store Customer Experience Manager\n'
117.9985 	EXP 	image_7: image = 'jobphotos/gscem.jpg'
117.9985 	EXP 	text_13: autoDraw = True
117.9985 	EXP 	text_14: autoDraw = True
117.9985 	EXP 	image_7: autoDraw = True
118.1173 	DATA 	Keypress: space
118.1485 	EXP 	text_13: autoDraw = False
118.1485 	EXP 	text_14: autoDraw = False
118.1485 	EXP 	image_7: autoDraw = False
118.1485 	EXP 	text_15: text = 'D: How much are the groceries and what method of payment do the clients use?\n'
118.1485 	EXP 	text_16: text = 'Grocery Store Customer Experience Manager\n'
118.1485 	EXP 	image_8: image = 'jobphotos/gscem.jpg'
118.1485 	EXP 	text_15: autoDraw = True
118.1485 	EXP 	text_16: autoDraw = True
118.1485 	EXP 	image_8: autoDraw = True
118.3009 	DATA 	Keypress: space
118.3152 	EXP 	text_15: autoDraw = False
118.3152 	EXP 	text_16: autoDraw = False
118.3152 	EXP 	image_8: autoDraw = False
118.3152 	EXP 	text_5: autoDraw = True
118.7009 	DATA 	Keypress: space
118.7124 	EXP 	Created unnamed ImageStim = ImageStim(__class__=<class 'psychopy.visual.image.ImageStim'>, autoLog=True, color=array([1., 1., 1.]), colorSpace='rgb', contrast=1.0, depth=0, flipHoriz=False, flipVert=False, image='checkmark.png', interpolate=False, mask=None, maskParams=None, name='unnamed ImageStim', opacity=1.0, ori=0.0, pos=array([0., 0.]), size=array([0.48055556, 0.75555556]), texRes=128, units='norm', win=Window(...))
118.7190 	EXP 	Created unnamed ImageStim = ImageStim(__class__=<class 'psychopy.visual.image.ImageStim'>, autoLog=True, color=array([1., 1., 1.]), colorSpace='rgb', contrast=1.0, depth=0, flipHoriz=False, flipVert=False, image='redx.png', interpolate=False, mask=None, maskParams=None, name='unnamed ImageStim', opacity=1.0, ori=0.0, pos=array([0., 0.]), size=array([0.5, 0.8]), texRes=128, units='norm', win=Window(...))
118.7371 	EXP 	Created unnamed ImageStim = ImageStim(__class__=<class 'psychopy.visual.image.ImageStim'>, autoLog=True, color=array([1., 1., 1.]), colorSpace='rgb', contrast=1.0, depth=0, flipHoriz=False, flipVert=False, image='thumbsup.png', interpolate=False, mask=None, maskParams=None, name='unnamed ImageStim', opacity=1.0, ori=0.0, pos=array([0., 0.]), size=array([0.66666667, 1.14      ]), texRes=128, units='norm', win=Window(...))
118.8484 	EXP 	text_5: autoDraw = False
118.8484 	EXP 	question1_2: text = '1: What is the grocery store like upon entering?\n'
118.8484 	EXP 	question2_2: text = '2: How is the checkout line and how long do the clients wait in line?\n'
118.8484 	EXP 	question3_2: text = '3: What type of grocery bags do the clients use?'
118.8484 	EXP 	question4_2: text = '4: What items do the clients pick out?\n'
118.8484 	EXP 	question5_2: text = '5: How long does it take for the cashier to scan all of the customers’ groceries?'
118.8484 	EXP 	question6_2: text = '6: How much are the groceries and what method of payment do the clients use?\n'
118.8484 	EXP 	question1_2: autoDraw = True
118.8484 	EXP 	question2_2: autoDraw = True
118.8484 	EXP 	question3_2: autoDraw = True
118.8484 	EXP 	question4_2: autoDraw = True
118.8484 	EXP 	question5_2: autoDraw = True
118.8484 	EXP 	question6_2: autoDraw = True
118.8484 	EXP 	image_3: autoDraw = True
176.6449 	DATA 	Keypress: 2
176.9882 	DATA 	Keypress: 2
177.2609 	DATA 	Keypress: 2
181.3125 	DATA 	Keypress: 2
181.5048 	DATA 	Keypress: 2
181.8475 	DATA 	Keypress: 2
184.1788 	DATA 	Keypress: 2
184.4113 	DATA 	Keypress: 2
184.6128 	DATA 	Keypress: 2
191.3197 	DATA 	Keypress: 2
191.5952 	DATA 	Keypress: 2
191.8245 	DATA 	Keypress: 2
192.1948 	DATA 	Keypress: 3
193.0245 	DATA 	Keypress: 4
194.2728 	EXP 	New trial (rep=2, index=0): None
194.3204 	EXP 	question1_2: autoDraw = False
194.3204 	EXP 	question2_2: autoDraw = False
194.3204 	EXP 	question3_2: autoDraw = False
194.3204 	EXP 	question4_2: autoDraw = False
194.3204 	EXP 	question5_2: autoDraw = False
194.3204 	EXP 	question6_2: autoDraw = False
194.3204 	EXP 	image_3: autoDraw = False
194.3204 	EXP 	text_18: text = 'Grocery Store Customer Experience Manager\n'
194.3204 	EXP 	image_9: image = 'jobphotos/gscem.jpg'
194.3204 	EXP 	text_18: autoDraw = True
194.3204 	EXP 	image_9: autoDraw = True
194.6394 	DATA 	Keypress: space
194.6704 	EXP 	text_18: autoDraw = False
194.6704 	EXP 	image_9: autoDraw = False
194.6704 	EXP 	text_8: text = 'A: What is the grocery store like upon entering?\n'
194.6704 	EXP 	text_9: text = 'Grocery Store Customer Experience Manager\n'
194.6704 	EXP 	image_5: image = 'jobphotos/gscem.jpg'
194.6704 	EXP 	text_8: autoDraw = True
194.6704 	EXP 	text_9: autoDraw = True
194.6704 	EXP 	image_5: autoDraw = True
194.9394 	DATA 	Keypress: space
194.9705 	EXP 	text_8: autoDraw = False
194.9705 	EXP 	text_9: autoDraw = False
194.9705 	EXP 	image_5: autoDraw = False
194.9705 	EXP 	text_10: text = 'B: What items do the clients pick out?\n'
194.9705 	EXP 	text_11: text = 'Grocery Store Customer Experience Manager\n'
194.9705 	EXP 	image_6: image = 'jobphotos/gscem.jpg'
194.9705 	EXP 	text_10: autoDraw = True
194.9705 	EXP 	text_11: autoDraw = True
194.9705 	EXP 	image_6: autoDraw = True
195.0894 	DATA 	Keypress: space
195.1371 	EXP 	text_10: autoDraw = False
195.1371 	EXP 	text_11: autoDraw = False
195.1371 	EXP 	image_6: autoDraw = False
195.1371 	EXP 	text_13: text = 'C: How is the checkout line and how long do the clients wait in line?\n'
195.1371 	EXP 	text_14: text = 'Grocery Store Customer Experience Manager\n'
195.1371 	EXP 	image_7: image = 'jobphotos/gscem.jpg'
195.1371 	EXP 	text_13: autoDraw = True
195.1371 	EXP 	text_14: autoDraw = True
195.1371 	EXP 	image_7: autoDraw = True
195.2394 	DATA 	Keypress: space
195.2705 	EXP 	text_13: autoDraw = False
195.2705 	EXP 	text_14: autoDraw = False
195.2705 	EXP 	image_7: autoDraw = False
195.2705 	EXP 	text_15: text = 'D: How much are the groceries and what method of payment do the clients use?\n'
195.2705 	EXP 	text_16: text = 'Grocery Store Customer Experience Manager\n'
195.2705 	EXP 	image_8: image = 'jobphotos/gscem.jpg'
195.2705 	EXP 	text_15: autoDraw = True
195.2705 	EXP 	text_16: autoDraw = True
195.2705 	EXP 	image_8: autoDraw = True
195.3894 	DATA 	Keypress: space
195.4034 	EXP 	text_15: autoDraw = False
195.4034 	EXP 	text_16: autoDraw = False
195.4034 	EXP 	image_8: autoDraw = False
195.4034 	EXP 	text_5: autoDraw = True
195.5228 	DATA 	Keypress: space
195.5438 	EXP 	Created unnamed ImageStim = ImageStim(__class__=<class 'psychopy.visual.image.ImageStim'>, autoLog=True, color=array([1., 1., 1.]), colorSpace='rgb', contrast=1.0, depth=0, flipHoriz=False, flipVert=False, image='checkmark.png', interpolate=False, mask=None, maskParams=None, name='unnamed ImageStim', opacity=1.0, ori=0.0, pos=array([0., 0.]), size=array([0.48055556, 0.75555556]), texRes=128, units='norm', win=Window(...))
195.5528 	EXP 	Created unnamed ImageStim = ImageStim(__class__=<class 'psychopy.visual.image.ImageStim'>, autoLog=True, color=array([1., 1., 1.]), colorSpace='rgb', contrast=1.0, depth=0, flipHoriz=False, flipVert=False, image='redx.png', interpolate=False, mask=None, maskParams=None, name='unnamed ImageStim', opacity=1.0, ori=0.0, pos=array([0., 0.]), size=array([0.5, 0.8]), texRes=128, units='norm', win=Window(...))
195.5763 	EXP 	Created unnamed ImageStim = ImageStim(__class__=<class 'psychopy.visual.image.ImageStim'>, autoLog=True, color=array([1., 1., 1.]), colorSpace='rgb', contrast=1.0, depth=0, flipHoriz=False, flipVert=False, image='thumbsup.png', interpolate=False, mask=None, maskParams=None, name='unnamed ImageStim', opacity=1.0, ori=0.0, pos=array([0., 0.]), size=array([0.66666667, 1.14      ]), texRes=128, units='norm', win=Window(...))
195.6705 	EXP 	text_5: autoDraw = False
195.6705 	EXP 	question1_2: text = '1: What is the grocery store like upon entering?\n'
195.6705 	EXP 	question2_2: text = '2: What type of grocery bags do the clients use?'
195.6705 	EXP 	question3_2: text = '3: What items do the clients pick out?\n'
195.6705 	EXP 	question4_2: text = '4: How is the checkout line and how long do the clients wait in line?\n'
195.6705 	EXP 	question5_2: text = '5: How long does it take for the cashier to scan all of the customers’ groceries?'
195.6705 	EXP 	question6_2: text = '6: How much are the groceries and what method of payment do the clients use?\n'
195.6705 	EXP 	question1_2: autoDraw = True
195.6705 	EXP 	question2_2: autoDraw = True
195.6705 	EXP 	question3_2: autoDraw = True
195.6705 	EXP 	question4_2: autoDraw = True
195.6705 	EXP 	question5_2: autoDraw = True
195.6705 	EXP 	question6_2: autoDraw = True
195.6705 	EXP 	image_3: autoDraw = True
197.6138 	DATA 	Keypress: 2
198.6965 	EXP 	New trial (rep=3, index=0): None
198.7374 	EXP 	question1_2: autoDraw = False
198.7374 	EXP 	question2_2: autoDraw = False
198.7374 	EXP 	question3_2: autoDraw = False
198.7374 	EXP 	question4_2: autoDraw = False
198.7374 	EXP 	question5_2: autoDraw = False
198.7374 	EXP 	question6_2: autoDraw = False
198.7374 	EXP 	image_3: autoDraw = False
198.7374 	EXP 	text_18: text = 'Grocery Store Customer Experience Manager\n'
198.7374 	EXP 	image_9: image = 'jobphotos/gscem.jpg'
198.7374 	EXP 	text_18: autoDraw = True
198.7374 	EXP 	image_9: autoDraw = True
200.5898 	DATA 	Keypress: space
200.6209 	EXP 	text_18: autoDraw = False
200.6209 	EXP 	image_9: autoDraw = False
200.6209 	EXP 	text_8: text = 'A: What is the grocery store like upon entering?\n'
200.6209 	EXP 	text_9: text = 'Grocery Store Customer Experience Manager\n'
200.6209 	EXP 	image_5: image = 'jobphotos/gscem.jpg'
200.6209 	EXP 	text_8: autoDraw = True
200.6209 	EXP 	text_9: autoDraw = True
200.6209 	EXP 	image_5: autoDraw = True
200.8232 	DATA 	Keypress: space
200.8542 	EXP 	text_8: autoDraw = False
200.8542 	EXP 	text_9: autoDraw = False
200.8542 	EXP 	image_5: autoDraw = False
200.8542 	EXP 	text_10: text = 'B: What items do the clients pick out?\n'
200.8542 	EXP 	text_11: text = 'Grocery Store Customer Experience Manager\n'
200.8542 	EXP 	image_6: image = 'jobphotos/gscem.jpg'
200.8542 	EXP 	text_10: autoDraw = True
200.8542 	EXP 	text_11: autoDraw = True
200.8542 	EXP 	image_6: autoDraw = True
200.9897 	DATA 	Keypress: space
201.0208 	EXP 	text_10: autoDraw = False
201.0208 	EXP 	text_11: autoDraw = False
201.0208 	EXP 	image_6: autoDraw = False
201.0208 	EXP 	text_13: text = 'C: How is the checkout line and how long do the clients wait in line?\n'
201.0208 	EXP 	text_14: text = 'Grocery Store Customer Experience Manager\n'
201.0208 	EXP 	image_7: image = 'jobphotos/gscem.jpg'
201.0208 	EXP 	text_13: autoDraw = True
201.0208 	EXP 	text_14: autoDraw = True
201.0208 	EXP 	image_7: autoDraw = True
201.1399 	DATA 	Keypress: space
201.1709 	EXP 	text_13: autoDraw = False
201.1709 	EXP 	text_14: autoDraw = False
201.1709 	EXP 	image_7: autoDraw = False
201.1709 	EXP 	text_15: text = 'D: How much are the groceries and what method of payment do the clients use?\n'
201.1709 	EXP 	text_16: text = 'Grocery Store Customer Experience Manager\n'
201.1709 	EXP 	image_8: image = 'jobphotos/gscem.jpg'
201.1709 	EXP 	text_15: autoDraw = True
201.1709 	EXP 	text_16: autoDraw = True
201.1709 	EXP 	image_8: autoDraw = True
201.2899 	DATA 	Keypress: space
201.3038 	EXP 	text_15: autoDraw = False
201.3038 	EXP 	text_16: autoDraw = False
201.3038 	EXP 	image_8: autoDraw = False
201.3038 	EXP 	text_5: autoDraw = True
201.7065 	DATA 	Keypress: space
201.7178 	EXP 	Created unnamed ImageStim = ImageStim(__class__=<class 'psychopy.visual.image.ImageStim'>, autoLog=True, color=array([1., 1., 1.]), colorSpace='rgb', contrast=1.0, depth=0, flipHoriz=False, flipVert=False, image='checkmark.png', interpolate=False, mask=None, maskParams=None, name='unnamed ImageStim', opacity=1.0, ori=0.0, pos=array([0., 0.]), size=array([0.48055556, 0.75555556]), texRes=128, units='norm', win=Window(...))
201.7239 	EXP 	Created unnamed ImageStim = ImageStim(__class__=<class 'psychopy.visual.image.ImageStim'>, autoLog=True, color=array([1., 1., 1.]), colorSpace='rgb', contrast=1.0, depth=0, flipHoriz=False, flipVert=False, image='redx.png', interpolate=False, mask=None, maskParams=None, name='unnamed ImageStim', opacity=1.0, ori=0.0, pos=array([0., 0.]), size=array([0.5, 0.8]), texRes=128, units='norm', win=Window(...))
201.7418 	EXP 	Created unnamed ImageStim = ImageStim(__class__=<class 'psychopy.visual.image.ImageStim'>, autoLog=True, color=array([1., 1., 1.]), colorSpace='rgb', contrast=1.0, depth=0, flipHoriz=False, flipVert=False, image='thumbsup.png', interpolate=False, mask=None, maskParams=None, name='unnamed ImageStim', opacity=1.0, ori=0.0, pos=array([0., 0.]), size=array([0.66666667, 1.14      ]), texRes=128, units='norm', win=Window(...))
201.8209 	EXP 	text_5: autoDraw = False
201.8209 	EXP 	question1_2: text = '1: How much are the groceries and what method of payment do the clients use?\n'
201.8209 	EXP 	question2_2: text = '2: What type of grocery bags do the clients use?'
201.8209 	EXP 	question3_2: text = '3: What items do the clients pick out?\n'
201.8209 	EXP 	question4_2: text = '4: How is the checkout line and how long do the clients wait in line?\n'
201.8209 	EXP 	question5_2: text = '5: How long does it take for the cashier to scan all of the customers’ groceries?'
201.8209 	EXP 	question6_2: text = '6: What is the grocery store like upon entering?\n'
201.8209 	EXP 	question1_2: autoDraw = True
201.8209 	EXP 	question2_2: autoDraw = True
201.8209 	EXP 	question3_2: autoDraw = True
201.8209 	EXP 	question4_2: autoDraw = True
201.8209 	EXP 	question5_2: autoDraw = True
201.8209 	EXP 	question6_2: autoDraw = True
201.8209 	EXP 	image_3: autoDraw = True
202.5287 	DATA 	Keypress: 2
203.5905 	EXP 	New trial (rep=4, index=0): None
203.6211 	EXP 	question1_2: autoDraw = False
203.6211 	EXP 	question2_2: autoDraw = False
203.6211 	EXP 	question3_2: autoDraw = False
203.6211 	EXP 	question4_2: autoDraw = False
203.6211 	EXP 	question5_2: autoDraw = False
203.6211 	EXP 	question6_2: autoDraw = False
203.6211 	EXP 	image_3: autoDraw = False
203.6211 	EXP 	text_18: text = 'Grocery Store Customer Experience Manager\n'
203.6211 	EXP 	image_9: image = 'jobphotos/gscem.jpg'
203.6211 	EXP 	text_18: autoDraw = True
203.6211 	EXP 	image_9: autoDraw = True
203.7399 	DATA 	Keypress: space
203.7877 	EXP 	text_18: autoDraw = False
203.7877 	EXP 	image_9: autoDraw = False
203.7877 	EXP 	text_8: text = 'A: What is the grocery store like upon entering?\n'
203.7877 	EXP 	text_9: text = 'Grocery Store Customer Experience Manager\n'
203.7877 	EXP 	image_5: image = 'jobphotos/gscem.jpg'
203.7877 	EXP 	text_8: autoDraw = True
203.7877 	EXP 	text_9: autoDraw = True
203.7877 	EXP 	image_5: autoDraw = True
203.9567 	DATA 	Keypress: space
204.0044 	EXP 	text_8: autoDraw = False
204.0044 	EXP 	text_9: autoDraw = False
204.0044 	EXP 	image_5: autoDraw = False
204.0044 	EXP 	text_10: text = 'B: What items do the clients pick out?\n'
204.0044 	EXP 	text_11: text = 'Grocery Store Customer Experience Manager\n'
204.0044 	EXP 	image_6: image = 'jobphotos/gscem.jpg'
204.0044 	EXP 	text_10: autoDraw = True
204.0044 	EXP 	text_11: autoDraw = True
204.0044 	EXP 	image_6: autoDraw = True
204.1400 	DATA 	Keypress: space
204.1878 	EXP 	text_10: autoDraw = False
204.1878 	EXP 	text_11: autoDraw = False
204.1878 	EXP 	image_6: autoDraw = False
204.1878 	EXP 	text_13: text = 'C: How is the checkout line and how long do the clients wait in line?\n'
204.1878 	EXP 	text_14: text = 'Grocery Store Customer Experience Manager\n'
204.1878 	EXP 	image_7: image = 'jobphotos/gscem.jpg'
204.1878 	EXP 	text_13: autoDraw = True
204.1878 	EXP 	text_14: autoDraw = True
204.1878 	EXP 	image_7: autoDraw = True
204.2901 	DATA 	Keypress: space
204.3378 	EXP 	text_13: autoDraw = False
204.3378 	EXP 	text_14: autoDraw = False
204.3378 	EXP 	image_7: autoDraw = False
204.3378 	EXP 	text_15: text = 'D: How much are the groceries and what method of payment do the clients use?\n'
204.3378 	EXP 	text_16: text = 'Grocery Store Customer Experience Manager\n'
204.3378 	EXP 	image_8: image = 'jobphotos/gscem.jpg'
204.3378 	EXP 	text_15: autoDraw = True
204.3378 	EXP 	text_16: autoDraw = True
204.3378 	EXP 	image_8: autoDraw = True
204.4568 	DATA 	Keypress: space
204.4711 	EXP 	text_15: autoDraw = False
204.4711 	EXP 	text_16: autoDraw = False
204.4711 	EXP 	image_8: autoDraw = False
204.4711 	EXP 	text_5: autoDraw = True
204.6068 	DATA 	Keypress: space
204.6183 	EXP 	Created unnamed ImageStim = ImageStim(__class__=<class 'psychopy.visual.image.ImageStim'>, autoLog=True, color=array([1., 1., 1.]), colorSpace='rgb', contrast=1.0, depth=0, flipHoriz=False, flipVert=False, image='checkmark.png', interpolate=False, mask=None, maskParams=None, name='unnamed ImageStim', opacity=1.0, ori=0.0, pos=array([0., 0.]), size=array([0.48055556, 0.75555556]), texRes=128, units='norm', win=Window(...))
204.6244 	EXP 	Created unnamed ImageStim = ImageStim(__class__=<class 'psychopy.visual.image.ImageStim'>, autoLog=True, color=array([1., 1., 1.]), colorSpace='rgb', contrast=1.0, depth=0, flipHoriz=False, flipVert=False, image='redx.png', interpolate=False, mask=None, maskParams=None, name='unnamed ImageStim', opacity=1.0, ori=0.0, pos=array([0., 0.]), size=array([0.5, 0.8]), texRes=128, units='norm', win=Window(...))
204.6422 	EXP 	Created unnamed ImageStim = ImageStim(__class__=<class 'psychopy.visual.image.ImageStim'>, autoLog=True, color=array([1., 1., 1.]), colorSpace='rgb', contrast=1.0, depth=0, flipHoriz=False, flipVert=False, image='thumbsup.png', interpolate=False, mask=None, maskParams=None, name='unnamed ImageStim', opacity=1.0, ori=0.0, pos=array([0., 0.]), size=array([0.66666667, 1.14      ]), texRes=128, units='norm', win=Window(...))
204.7543 	EXP 	text_5: autoDraw = False
204.7543 	EXP 	question1_2: text = '1: How long does it take for the cashier to scan all of the customers’ groceries?'
204.7543 	EXP 	question2_2: text = '2: What type of grocery bags do the clients use?'
204.7543 	EXP 	question3_2: text = '3: How much are the groceries and what method of payment do the clients use?\n'
204.7543 	EXP 	question4_2: text = '4: What is the grocery store like upon entering?\n'
204.7543 	EXP 	question5_2: text = '5: How is the checkout line and how long do the clients wait in line?\n'
204.7543 	EXP 	question6_2: text = '6: What items do the clients pick out?\n'
204.7543 	EXP 	question1_2: autoDraw = True
204.7543 	EXP 	question2_2: autoDraw = True
204.7543 	EXP 	question3_2: autoDraw = True
204.7543 	EXP 	question4_2: autoDraw = True
204.7543 	EXP 	question5_2: autoDraw = True
204.7543 	EXP 	question6_2: autoDraw = True
204.7543 	EXP 	image_3: autoDraw = True
204.9788 	DATA 	Keypress: space
205.6958 	DATA 	Keypress: 2
206.5292 	DATA 	Keypress: space
206.6816 	DATA 	Keypress: space
206.7575 	EXP 	New trial (rep=0, index=2): OrderedDict([('Q1', 'Who notices whom first and why do they notice the other?\n'), ('Q2', 'How does the couple start talking?\n'), ('Q3', 'Which of the people proposes going on an actual date and what do they propose?\n'), ('Q4', 'Who leaves first and why do they have to go?\n'), ('D1', 'Is the couple going to get married?'), ('D2', 'Who shows more interest?'), ('roleName', 'Matchmaker'), ('rolePic', 'jobphotos/matchmaker.jpg')])
206.7581 	EXP 	Created sequence: sequential, trialTypes=1, nReps=5, seed=None
206.7583 	EXP 	New trial (rep=0, index=0): None
206.8212 	EXP 	question1_2: autoDraw = False
206.8212 	EXP 	question2_2: autoDraw = False
206.8212 	EXP 	question3_2: autoDraw = False
206.8212 	EXP 	question4_2: autoDraw = False
206.8212 	EXP 	question5_2: autoDraw = False
206.8212 	EXP 	question6_2: autoDraw = False
206.8212 	EXP 	image_3: autoDraw = False
206.8212 	EXP 	text_18: text = 'Matchmaker'
206.8212 	EXP 	image_9: image = 'jobphotos/matchmaker.jpg'
206.8212 	EXP 	text_18: autoDraw = True
206.8212 	EXP 	image_9: autoDraw = True
206.8903 	DATA 	Keypress: space
207.0213 	EXP 	text_18: autoDraw = False
207.0213 	EXP 	image_9: autoDraw = False
207.0213 	EXP 	text_8: text = 'A: Who notices whom first and why do they notice the other?\n'
207.0213 	EXP 	text_9: text = 'Matchmaker'
207.0213 	EXP 	image_5: image = 'jobphotos/matchmaker.jpg'
207.0213 	EXP 	text_8: autoDraw = True
207.0213 	EXP 	text_9: autoDraw = True
207.0213 	EXP 	image_5: autoDraw = True
207.1237 	DATA 	Keypress: space
207.1711 	EXP 	text_8: autoDraw = False
207.1711 	EXP 	text_9: autoDraw = False
207.1711 	EXP 	image_5: autoDraw = False
207.1711 	EXP 	text_10: text = 'B: How does the couple start talking?\n'
207.1711 	EXP 	text_11: text = 'Matchmaker'
207.1711 	EXP 	image_6: image = 'jobphotos/matchmaker.jpg'
207.1711 	EXP 	text_10: autoDraw = True
207.1711 	EXP 	text_11: autoDraw = True
207.1711 	EXP 	image_6: autoDraw = True
207.2903 	DATA 	Keypress: space
207.3546 	EXP 	text_10: autoDraw = False
207.3546 	EXP 	text_11: autoDraw = False
207.3546 	EXP 	image_6: autoDraw = False
207.3546 	EXP 	text_13: text = 'C: Which of the people proposes going on an actual date and what do they propose?\n'
207.3546 	EXP 	text_14: text = 'Matchmaker'
207.3546 	EXP 	image_7: image = 'jobphotos/matchmaker.jpg'
207.3546 	EXP 	text_13: autoDraw = True
207.3546 	EXP 	text_14: autoDraw = True
207.3546 	EXP 	image_7: autoDraw = True
207.4403 	DATA 	Keypress: space
207.4880 	EXP 	text_13: autoDraw = False
207.4880 	EXP 	text_14: autoDraw = False
207.4880 	EXP 	image_7: autoDraw = False
207.4880 	EXP 	text_15: text = 'D: Who leaves first and why do they have to go?\n'
207.4880 	EXP 	text_16: text = 'Matchmaker'
207.4880 	EXP 	image_8: image = 'jobphotos/matchmaker.jpg'
207.4880 	EXP 	text_15: autoDraw = True
207.4880 	EXP 	text_16: autoDraw = True
207.4880 	EXP 	image_8: autoDraw = True
207.5903 	DATA 	Keypress: space
207.6047 	EXP 	text_15: autoDraw = False
207.6047 	EXP 	text_16: autoDraw = False
207.6047 	EXP 	image_8: autoDraw = False
207.6047 	EXP 	text_5: autoDraw = True
207.7404 	DATA 	Keypress: space
207.7519 	EXP 	Created unnamed ImageStim = ImageStim(__class__=<class 'psychopy.visual.image.ImageStim'>, autoLog=True, color=array([1., 1., 1.]), colorSpace='rgb', contrast=1.0, depth=0, flipHoriz=False, flipVert=False, image='checkmark.png', interpolate=False, mask=None, maskParams=None, name='unnamed ImageStim', opacity=1.0, ori=0.0, pos=array([0., 0.]), size=array([0.48055556, 0.75555556]), texRes=128, units='norm', win=Window(...))
207.7583 	EXP 	Created unnamed ImageStim = ImageStim(__class__=<class 'psychopy.visual.image.ImageStim'>, autoLog=True, color=array([1., 1., 1.]), colorSpace='rgb', contrast=1.0, depth=0, flipHoriz=False, flipVert=False, image='redx.png', interpolate=False, mask=None, maskParams=None, name='unnamed ImageStim', opacity=1.0, ori=0.0, pos=array([0., 0.]), size=array([0.5, 0.8]), texRes=128, units='norm', win=Window(...))
207.7778 	EXP 	Created unnamed ImageStim = ImageStim(__class__=<class 'psychopy.visual.image.ImageStim'>, autoLog=True, color=array([1., 1., 1.]), colorSpace='rgb', contrast=1.0, depth=0, flipHoriz=False, flipVert=False, image='thumbsup.png', interpolate=False, mask=None, maskParams=None, name='unnamed ImageStim', opacity=1.0, ori=0.0, pos=array([0., 0.]), size=array([0.66666667, 1.14      ]), texRes=128, units='norm', win=Window(...))
207.8880 	EXP 	text_5: autoDraw = False
207.8880 	EXP 	question1_2: text = '1: Who leaves first and why do they have to go?\n'
207.8880 	EXP 	question2_2: text = '2: Which of the people proposes going on an actual date and what do they propose?\n'
207.8880 	EXP 	question3_2: text = '3: Is the couple going to get married?'
207.8880 	EXP 	question4_2: text = '4: How does the couple start talking?\n'
207.8880 	EXP 	question5_2: text = '5: Who shows more interest?'
207.8880 	EXP 	question6_2: text = '6: Who notices whom first and why do they notice the other?\n'
207.8880 	EXP 	question1_2: autoDraw = True
207.8880 	EXP 	question2_2: autoDraw = True
207.8880 	EXP 	question3_2: autoDraw = True
207.8880 	EXP 	question4_2: autoDraw = True
207.8880 	EXP 	question5_2: autoDraw = True
207.8880 	EXP 	question6_2: autoDraw = True
207.8880 	EXP 	image_3: autoDraw = True
207.9298 	DATA 	Keypress: space
208.8961 	DATA 	Keypress: 2
210.0626 	DATA 	Keypress: 2
211.3298 	DATA 	Keypress: 2
211.9240 	DATA 	Keypress: 2
213.7741 	DATA 	Keypress: 2
216.7815 	DATA 	Keypress: escape
217.1048 	EXP 	window1: mouseVisible = True
