2.2312 	WARNING 	sounddevice audio lib was requested but not loaded: sounddevice not working
7.3168 	WARNING 	User requested fullscreen with size [1024  768], but screen is actually [1440, 900]. Using actual size
8.0095 	EXP 	Created window1 = Window(allowGUI=False, allowStencil=False, args=UNKNOWN, autoLog=True, bitsMode=UNKNOWN, blendMode='avg', color=array([0., 0., 0.]), colorSpace='rgb', fullscr=<method-wrapper '__getattribute__' of attributeSetter object at 0x10e484cf8>, gamma=None, kwargs=UNKNOWN, lms=UNKNOWN, monitor=<psychopy.monitors.calibTools.Monitor object at 0x1132957b8>, multiSample=False, name='window1', numSamples=2, pos=[0.0, 0.0], screen=0, size=array([1440,  900]), stereo=False, units='norm', useFBO=True, useRetina=False, viewOri=0.0, viewPos=None, viewScale=None, waitBlanking=True, winType='pyglet')
8.0096 	EXP 	window1: recordFrameIntervals = False
8.1756 	EXP 	window1: recordFrameIntervals = True
8.3593 	EXP 	window1: recordFrameIntervals = False
8.5046 	EXP 	Created welcome_2 = TextStim(__class__=<class 'psychopy.visual.text.TextStim'>, alignHoriz='center', alignVert='center', antialias=True, autoLog=True, bold=False, color='white', colorSpace='named', contrast=1.0, depth=0.0, flipHoriz=False, flipVert=False, font='Arial', fontFiles=[], height=0.1, italic=False, languageStyle='LTR', name='welcome_2', opacity=1.0, ori=0, pos=array([0. , 0.5]), rgb=array([255., 255., 255.]), text='default text', units='norm', win=Window(...), wrapWidth=1)
8.5070 	EXP 	Created image_10 = ImageStim(__class__=<class 'psychopy.visual.image.ImageStim'>, autoLog=True, color=array([1., 1., 1.]), colorSpace='rgb', contrast=1.0, depth=-3.0, flipHoriz=False, flipVert=False, image='sin', interpolate=True, mask=None, maskParams=None, name='image_10', opacity=1.0, ori=0.0, pos=array([ 0. , -0.3]), size=array([1., 1.]), texRes=128, units='norm', win=Window(...))
8.5089 	EXP 	Created image = ImageStim(__class__=<class 'psychopy.visual.image.ImageStim'>, autoLog=True, color=array([1., 1., 1.]), colorSpace='rgb', contrast=1.0, depth=0.0, flipHoriz=False, flipVert=False, image='sin', interpolate=True, mask=None, maskParams=None, name='image', opacity=1.0, ori=0.0, pos=array([0., 0.]), size=array([0.5, 0.5]), texRes=128, units='norm', win=Window(...))
8.5161 	EXP 	Created text_2 = TextStim(__class__=<class 'psychopy.visual.text.TextStim'>, alignHoriz='center', alignVert='center', antialias=True, autoLog=True, bold=False, color='white', colorSpace='named', contrast=1.0, depth=-2.0, flipHoriz=False, flipVert=False, font='Arial', fontFiles=[], height=0.1, italic=False, languageStyle='LTR', name='text_2', opacity=1.0, ori=0, pos=array([ 0. , -0.5]), rgb=array([255., 255., 255.]), text='default text', units='norm', win=Window(...), wrapWidth=1)
8.5239 	EXP 	Created welcome = TextStim(__class__=<class 'psychopy.visual.text.TextStim'>, alignHoriz='center', alignVert='center', antialias=True, autoLog=True, bold=False, color='white', colorSpace='named', contrast=1.0, depth=0.0, flipHoriz=False, flipVert=False, font='Arial', fontFiles=[], height=0.1, italic=False, languageStyle='LTR', name='welcome', opacity=1.0, ori=0, pos=array([0., 0.]), rgb=array([255., 255., 255.]), text='default text', units='norm', win=Window(...), wrapWidth=1)
8.5295 	EXP 	Created text_12 = TextStim(__class__=<class 'psychopy.visual.text.TextStim'>, alignHoriz='center', alignVert='center', antialias=True, autoLog=True, bold=False, color='white', colorSpace='named', contrast=1.0, depth=-2.0, flipHoriz=False, flipVert=False, font='Arial', fontFiles=[], height=0.1, italic=False, languageStyle='LTR', name='text_12', opacity=1.0, ori=0, pos=array([ 0. , -0.6]), rgb=array([255., 255., 255.]), text='default text', units='norm', win=Window(...), wrapWidth=1)
8.5346 	EXP 	Created text_18 = TextStim(__class__=<class 'psychopy.visual.text.TextStim'>, alignHoriz='center', alignVert='center', antialias=True, autoLog=True, bold=False, color='white', colorSpace='named', contrast=1.0, depth=0.0, flipHoriz=False, flipVert=False, font='Arial', fontFiles=[], height=0.1, italic=False, languageStyle='LTR', name='text_18', opacity=1.0, ori=0, pos=array([-0.25,  0.25]), rgb=array([255., 255., 255.]), text='default text', units='norm', win=Window(...), wrapWidth=0.5)
8.5372 	EXP 	Created image_9 = ImageStim(__class__=<class 'psychopy.visual.image.ImageStim'>, autoLog=True, color=array([1., 1., 1.]), colorSpace='rgb', contrast=1.0, depth=-1.0, flipHoriz=False, flipVert=False, image='sin', interpolate=True, mask=None, maskParams=None, name='image_9', opacity=1.0, ori=0.0, pos=array([0.25, 0.25]), size=array([0.5, 0.5]), texRes=128, units='norm', win=Window(...))
8.5433 	EXP 	Created text_8 = TextStim(__class__=<class 'psychopy.visual.text.TextStim'>, alignHoriz='center', alignVert='center', antialias=True, autoLog=True, bold=False, color='white', colorSpace='named', contrast=1.0, depth=0.0, flipHoriz=False, flipVert=False, font='Arial', fontFiles=[], height=0.1, italic=False, languageStyle='LTR', name='text_8', opacity=1.0, ori=0, pos=array([ 0. , -0.4]), rgb=array([255., 255., 255.]), text='default text', units='norm', win=Window(...), wrapWidth=1)
8.5481 	EXP 	Created text_9 = TextStim(__class__=<class 'psychopy.visual.text.TextStim'>, alignHoriz='center', alignVert='center', antialias=True, autoLog=True, bold=False, color='white', colorSpace='named', contrast=1.0, depth=-1.0, flipHoriz=False, flipVert=False, font='Arial', fontFiles=[], height=0.1, italic=False, languageStyle='LTR', name='text_9', opacity=1.0, ori=0, pos=array([-0.25,  0.25]), rgb=array([255., 255., 255.]), text='default text', units='norm', win=Window(...), wrapWidth=0.5)
8.5501 	EXP 	Created image_5 = ImageStim(__class__=<class 'psychopy.visual.image.ImageStim'>, autoLog=True, color=array([1., 1., 1.]), colorSpace='rgb', contrast=1.0, depth=-2.0, flipHoriz=False, flipVert=False, image='sin', interpolate=True, mask=None, maskParams=None, name='image_5', opacity=1.0, ori=0.0, pos=array([0.25, 0.25]), size=array([0.5, 0.5]), texRes=128, units='norm', win=Window(...))
8.5552 	EXP 	Created text_10 = TextStim(__class__=<class 'psychopy.visual.text.TextStim'>, alignHoriz='center', alignVert='center', antialias=True, autoLog=True, bold=False, color='white', colorSpace='named', contrast=1.0, depth=0.0, flipHoriz=False, flipVert=False, font='Arial', fontFiles=[], height=0.1, italic=False, languageStyle='LTR', name='text_10', opacity=1.0, ori=0, pos=array([ 0. , -0.4]), rgb=array([255., 255., 255.]), text='default text', units='norm', win=Window(...), wrapWidth=1)
8.5610 	EXP 	Created text_11 = TextStim(__class__=<class 'psychopy.visual.text.TextStim'>, alignHoriz='center', alignVert='center', antialias=True, autoLog=True, bold=False, color='white', colorSpace='named', contrast=1.0, depth=-1.0, flipHoriz=False, flipVert=False, font='Arial', fontFiles=[], height=0.1, italic=False, languageStyle='LTR', name='text_11', opacity=1.0, ori=0, pos=array([-0.25,  0.25]), rgb=array([255., 255., 255.]), text='default text', units='norm', win=Window(...), wrapWidth=0.5)
8.5645 	EXP 	Created image_6 = ImageStim(__class__=<class 'psychopy.visual.image.ImageStim'>, autoLog=True, color=array([1., 1., 1.]), colorSpace='rgb', contrast=1.0, depth=-2.0, flipHoriz=False, flipVert=False, image='sin', interpolate=True, mask=None, maskParams=None, name='image_6', opacity=1.0, ori=0.0, pos=array([0.25, 0.25]), size=array([0.5, 0.5]), texRes=128, units='norm', win=Window(...))
8.5721 	EXP 	Created text_13 = TextStim(__class__=<class 'psychopy.visual.text.TextStim'>, alignHoriz='center', alignVert='center', antialias=True, autoLog=True, bold=False, color='white', colorSpace='named', contrast=1.0, depth=0.0, flipHoriz=False, flipVert=False, font='Arial', fontFiles=[], height=0.1, italic=False, languageStyle='LTR', name='text_13', opacity=1.0, ori=0, pos=array([ 0. , -0.4]), rgb=array([255., 255., 255.]), text='default text', units='norm', win=Window(...), wrapWidth=1)
8.5775 	EXP 	Created text_14 = TextStim(__class__=<class 'psychopy.visual.text.TextStim'>, alignHoriz='center', alignVert='center', antialias=True, autoLog=True, bold=False, color='white', colorSpace='named', contrast=1.0, depth=-1.0, flipHoriz=False, flipVert=False, font='Arial', fontFiles=[], height=0.1, italic=False, languageStyle='LTR', name='text_14', opacity=1.0, ori=0, pos=array([-0.25,  0.25]), rgb=array([255., 255., 255.]), text='default text', units='norm', win=Window(...), wrapWidth=0.5)
8.5795 	EXP 	Created image_7 = ImageStim(__class__=<class 'psychopy.visual.image.ImageStim'>, autoLog=True, color=array([1., 1., 1.]), colorSpace='rgb', contrast=1.0, depth=-2.0, flipHoriz=False, flipVert=False, image='sin', interpolate=True, mask=None, maskParams=None, name='image_7', opacity=1.0, ori=0.0, pos=array([0.25, 0.25]), size=array([0.5, 0.5]), texRes=128, units='norm', win=Window(...))
8.5852 	EXP 	Created text_15 = TextStim(__class__=<class 'psychopy.visual.text.TextStim'>, alignHoriz='center', alignVert='center', antialias=True, autoLog=True, bold=False, color='white', colorSpace='named', contrast=1.0, depth=0.0, flipHoriz=False, flipVert=False, font='Arial', fontFiles=[], height=0.1, italic=False, languageStyle='LTR', name='text_15', opacity=1.0, ori=0, pos=array([ 0. , -0.4]), rgb=array([255., 255., 255.]), text='default text', units='norm', win=Window(...), wrapWidth=1)
8.5940 	EXP 	Created text_16 = TextStim(__class__=<class 'psychopy.visual.text.TextStim'>, alignHoriz='center', alignVert='center', antialias=True, autoLog=True, bold=False, color='white', colorSpace='named', contrast=1.0, depth=-1.0, flipHoriz=False, flipVert=False, font='Arial', fontFiles=[], height=0.1, italic=False, languageStyle='LTR', name='text_16', opacity=1.0, ori=0, pos=array([-0.25,  0.25]), rgb=array([255., 255., 255.]), text='default text', units='norm', win=Window(...), wrapWidth=0.5)
8.5968 	EXP 	Created image_8 = ImageStim(__class__=<class 'psychopy.visual.image.ImageStim'>, autoLog=True, color=array([1., 1., 1.]), colorSpace='rgb', contrast=1.0, depth=-2.0, flipHoriz=False, flipVert=False, image='sin', interpolate=True, mask=None, maskParams=None, name='image_8', opacity=1.0, ori=0.0, pos=array([0.25, 0.25]), size=array([0.5, 0.5]), texRes=128, units='norm', win=Window(...))
8.6166 	EXP 	Created text_5 = TextStim(__class__=<class 'psychopy.visual.text.TextStim'>, alignHoriz='center', alignVert='center', antialias=True, autoLog=True, bold=False, color='white', colorSpace='named', contrast=1.0, depth=0.0, flipHoriz=False, flipVert=False, font='Arial', fontFiles=[], height=0.1, italic=False, languageStyle='LTR', name='text_5', opacity=1.0, ori=0, pos=array([0., 0.]), rgb=array([255., 255., 255.]), text=str(...), units='norm', win=Window(...), wrapWidth=1)
8.6216 	EXP 	Created question1_2 = TextStim(__class__=<class 'psychopy.visual.text.TextStim'>, alignHoriz='center', alignVert='center', antialias=True, autoLog=True, bold=False, color='white', colorSpace='named', contrast=1.0, depth=-1.0, flipHoriz=False, flipVert=False, font='Arial', fontFiles=[], height=0.1, italic=False, languageStyle='LTR', name='question1_2', opacity=1.0, ori=0, pos=array([0. , 0.6]), rgb=array([255., 255., 255.]), text='default text', units='norm', win=Window(...), wrapWidth=2)
8.6266 	EXP 	Created question2_2 = TextStim(__class__=<class 'psychopy.visual.text.TextStim'>, alignHoriz='center', alignVert='center', antialias=True, autoLog=True, bold=False, color='white', colorSpace='named', contrast=1.0, depth=-2.0, flipHoriz=False, flipVert=False, font='Arial', fontFiles=[], height=0.1, italic=False, languageStyle='LTR', name='question2_2', opacity=1.0, ori=0, pos=array([0.  , 0.35]), rgb=array([255., 255., 255.]), text='default text', units='norm', win=Window(...), wrapWidth=2)
8.6314 	EXP 	Created question3_2 = TextStim(__class__=<class 'psychopy.visual.text.TextStim'>, alignHoriz='center', alignVert='center', antialias=True, autoLog=True, bold=False, color='white', colorSpace='named', contrast=1.0, depth=-3.0, flipHoriz=False, flipVert=False, font='Arial', fontFiles=[], height=0.1, italic=False, languageStyle='LTR', name='question3_2', opacity=1.0, ori=0, pos=array([0.  , 0.12]), rgb=array([255., 255., 255.]), text='default text', units='norm', win=Window(...), wrapWidth=2)
8.6364 	EXP 	Created question4_2 = TextStim(__class__=<class 'psychopy.visual.text.TextStim'>, alignHoriz='center', alignVert='center', antialias=True, autoLog=True, bold=False, color='white', colorSpace='named', contrast=1.0, depth=-4.0, flipHoriz=False, flipVert=False, font='Arial', fontFiles=[], height=0.1, italic=False, languageStyle='LTR', name='question4_2', opacity=1.0, ori=0, pos=array([ 0.  , -0.12]), rgb=array([255., 255., 255.]), text='default text', units='norm', win=Window(...), wrapWidth=2)
8.6415 	EXP 	Created question5_2 = TextStim(__class__=<class 'psychopy.visual.text.TextStim'>, alignHoriz='center', alignVert='center', antialias=True, autoLog=True, bold=False, color='white', colorSpace='named', contrast=1.0, depth=-5.0, flipHoriz=False, flipVert=False, font='Arial', fontFiles=[], height=0.1, italic=False, languageStyle='LTR', name='question5_2', opacity=1.0, ori=0, pos=array([ 0.  , -0.35]), rgb=array([255., 255., 255.]), text='default text', units='norm', win=Window(...), wrapWidth=2)
8.6465 	EXP 	Created question6_2 = TextStim(__class__=<class 'psychopy.visual.text.TextStim'>, alignHoriz='center', alignVert='center', antialias=True, autoLog=True, bold=False, color='white', colorSpace='named', contrast=1.0, depth=-6.0, flipHoriz=False, flipVert=False, font='Arial', fontFiles=[], height=0.1, italic=False, languageStyle='LTR', name='question6_2', opacity=1.0, ori=0, pos=array([ 0. , -0.6]), rgb=array([255., 255., 255.]), text='default text', units='norm', win=Window(...), wrapWidth=2)
8.6485 	EXP 	Created image_3 = ImageStim(__class__=<class 'psychopy.visual.image.ImageStim'>, autoLog=True, color=array([1., 1., 1.]), colorSpace='rgb', contrast=1.0, depth=-8.0, flipHoriz=False, flipVert=False, image='sin', interpolate=True, mask=None, maskParams=None, name='image_3', opacity=1.0, ori=0.0, pos=array([ 0.  , -0.85]), size=array([0.25 , 0.125]), texRes=128, units='norm', win=Window(...))
8.6575 	EXP 	Created text_3 = TextStim(__class__=<class 'psychopy.visual.text.TextStim'>, alignHoriz='center', alignVert='center', antialias=True, autoLog=True, bold=False, color='white', colorSpace='named', contrast=1.0, depth=0.0, flipHoriz=False, flipVert=False, font='Arial', fontFiles=[], height=0.1, italic=False, languageStyle='LTR', name='text_3', opacity=1.0, ori=0, pos=array([0., 0.]), rgb=array([255., 255., 255.]), text='Final Tests', units='norm', win=Window(...), wrapWidth=1)
8.6595 	EXP 	Created image_2 = ImageStim(__class__=<class 'psychopy.visual.image.ImageStim'>, autoLog=True, color=array([1., 1., 1.]), colorSpace='rgb', contrast=1.0, depth=0.0, flipHoriz=False, flipVert=False, image='sin', interpolate=True, mask=None, maskParams=None, name='image_2', opacity=1.0, ori=0.0, pos=array([0., 0.]), size=array([0.5, 0.5]), texRes=128, units='norm', win=Window(...))
8.6646 	EXP 	Created text_4 = TextStim(__class__=<class 'psychopy.visual.text.TextStim'>, alignHoriz='center', alignVert='center', antialias=True, autoLog=True, bold=False, color='white', colorSpace='named', contrast=1.0, depth=-2.0, flipHoriz=False, flipVert=False, font='Arial', fontFiles=[], height=0.1, italic=False, languageStyle='LTR', name='text_4', opacity=1.0, ori=0, pos=array([ 0. , -0.5]), rgb=array([255., 255., 255.]), text='default text', units='norm', win=Window(...), wrapWidth=1)
8.6694 	EXP 	Created question1_3 = TextStim(__class__=<class 'psychopy.visual.text.TextStim'>, alignHoriz='center', alignVert='center', antialias=True, autoLog=True, bold=False, color='white', colorSpace='named', contrast=1.0, depth=-1.0, flipHoriz=False, flipVert=False, font='Arial', fontFiles=[], height=0.1, italic=False, languageStyle='LTR', name='question1_3', opacity=1.0, ori=0, pos=array([0. , 0.6]), rgb=array([255., 255., 255.]), text='default text', units='norm', win=Window(...), wrapWidth=2)
8.6747 	EXP 	Created question2_3 = TextStim(__class__=<class 'psychopy.visual.text.TextStim'>, alignHoriz='center', alignVert='center', antialias=True, autoLog=True, bold=False, color='white', colorSpace='named', contrast=1.0, depth=-2.0, flipHoriz=False, flipVert=False, font='Arial', fontFiles=[], height=0.1, italic=False, languageStyle='LTR', name='question2_3', opacity=1.0, ori=0, pos=array([0.  , 0.35]), rgb=array([255., 255., 255.]), text='default text', units='norm', win=Window(...), wrapWidth=2)
8.6795 	EXP 	Created question3_3 = TextStim(__class__=<class 'psychopy.visual.text.TextStim'>, alignHoriz='center', alignVert='center', antialias=True, autoLog=True, bold=False, color='white', colorSpace='named', contrast=1.0, depth=-3.0, flipHoriz=False, flipVert=False, font='Arial', fontFiles=[], height=0.1, italic=False, languageStyle='LTR', name='question3_3', opacity=1.0, ori=0, pos=array([0.  , 0.12]), rgb=array([255., 255., 255.]), text='default text', units='norm', win=Window(...), wrapWidth=2)
8.6844 	EXP 	Created question4_3 = TextStim(__class__=<class 'psychopy.visual.text.TextStim'>, alignHoriz='center', alignVert='center', antialias=True, autoLog=True, bold=False, color='white', colorSpace='named', contrast=1.0, depth=-4.0, flipHoriz=False, flipVert=False, font='Arial', fontFiles=[], height=0.1, italic=False, languageStyle='LTR', name='question4_3', opacity=1.0, ori=0, pos=array([ 0.  , -0.12]), rgb=array([255., 255., 255.]), text='default text', units='norm', win=Window(...), wrapWidth=2)
8.6891 	EXP 	Created question5_3 = TextStim(__class__=<class 'psychopy.visual.text.TextStim'>, alignHoriz='center', alignVert='center', antialias=True, autoLog=True, bold=False, color='white', colorSpace='named', contrast=1.0, depth=-5.0, flipHoriz=False, flipVert=False, font='Arial', fontFiles=[], height=0.1, italic=False, languageStyle='LTR', name='question5_3', opacity=1.0, ori=0, pos=array([ 0.  , -0.35]), rgb=array([255., 255., 255.]), text='default text', units='norm', win=Window(...), wrapWidth=2)
8.6941 	EXP 	Created question6_3 = TextStim(__class__=<class 'psychopy.visual.text.TextStim'>, alignHoriz='center', alignVert='center', antialias=True, autoLog=True, bold=False, color='white', colorSpace='named', contrast=1.0, depth=-6.0, flipHoriz=False, flipVert=False, font='Arial', fontFiles=[], height=0.1, italic=False, languageStyle='LTR', name='question6_3', opacity=1.0, ori=0, pos=array([ 0. , -0.6]), rgb=array([255., 255., 255.]), text='default text', units='norm', win=Window(...), wrapWidth=2)
8.6960 	EXP 	Created image_4 = ImageStim(__class__=<class 'psychopy.visual.image.ImageStim'>, autoLog=True, color=array([1., 1., 1.]), colorSpace='rgb', contrast=1.0, depth=-8.0, flipHoriz=False, flipVert=False, image='sin', interpolate=True, mask=None, maskParams=None, name='image_4', opacity=1.0, ori=0.0, pos=array([ 0.  , -0.85]), size=array([0.25 , 0.125]), texRes=128, units='norm', win=Window(...))
8.7011 	EXP 	Created text_6 = TextStim(__class__=<class 'psychopy.visual.text.TextStim'>, alignHoriz='center', alignVert='center', antialias=True, autoLog=True, bold=False, color='white', colorSpace='named', contrast=1.0, depth=-1.0, flipHoriz=False, flipVert=False, font='Arial', fontFiles=[], height=0.1, italic=False, languageStyle='LTR', name='text_6', opacity=1.0, ori=0, pos=array([0., 0.]), rgb=array([255., 255., 255.]), text='default text', units='norm', win=Window(...), wrapWidth=1)
8.7087 	EXP 	Created text = TextStim(__class__=<class 'psychopy.visual.text.TextStim'>, alignHoriz='center', alignVert='center', antialias=True, autoLog=True, bold=False, color='white', colorSpace='named', contrast=1.0, depth=0.0, flipHoriz=False, flipVert=False, font='Arial', fontFiles=[], height=0.1, italic=False, languageStyle='LTR', name='text', opacity=1.0, ori=0, pos=array([0., 0.]), rgb=array([255., 255., 255.]), text='end of introduction', units='norm', win=Window(...), wrapWidth=1)
8.7353 	EXP 	Imported instructions.xlsx as conditions, 8 conditions, 2 params
8.7357 	EXP 	Created sequence: sequential, trialTypes=8, nReps=1, seed=None
8.7360 	EXP 	New trial (rep=0, index=0): OrderedDict([('instruct_text', 'Welcome to the Job Simulator Task!'), ('this_pic', 'instructions_photos/pixel.png')])
8.8589 	EXP 	welcome_2: text = 'Welcome to the Job Simulator Task!'
8.8589 	EXP 	image_10: image = 'instructions_photos/pixel.png'
8.8589 	EXP 	welcome_2: autoDraw = True
8.8589 	EXP 	image_10: autoDraw = True
10.1788 	DATA 	Keypress: space
10.1812 	EXP 	New trial (rep=0, index=1): OrderedDict([('instruct_text', 'In this task, you’ll first be introduced to the perspectives of 8 different jobs. '), ('this_pic', 'instructions_photos/i1.png')])
10.6916 	EXP 	welcome_2: autoDraw = False
10.6916 	EXP 	image_10: autoDraw = False
10.6916 	EXP 	welcome_2: text = 'In this task, you’ll first be introduced to the perspectives of 8 different jobs. '
10.6916 	EXP 	image_10: image = 'instructions_photos/i1.png'
10.6916 	EXP 	welcome_2: autoDraw = True
10.6916 	EXP 	image_10: autoDraw = True
11.0443 	DATA 	Keypress: space
11.0469 	EXP 	New trial (rep=0, index=2): OrderedDict([('instruct_text', 'You’ll then learn 4 questions associated with each perspective. '), ('this_pic', 'instructions_photos/i2.png')])
11.3664 	DATA 	Keypress: space
11.3916 	EXP 	welcome_2: autoDraw = False
11.3916 	EXP 	image_10: autoDraw = False
11.3916 	EXP 	welcome_2: text = 'You’ll then learn 4 questions associated with each perspective. '
11.3916 	EXP 	image_10: image = 'instructions_photos/i2.png'
11.3916 	EXP 	welcome_2: autoDraw = True
11.3916 	EXP 	image_10: autoDraw = True
11.6607 	DATA 	Keypress: space
11.6773 	EXP 	New trial (rep=0, index=3): OrderedDict([('instruct_text', 'Subsequently, you will be asked to apply those perspectives and questions to 8 stories.'), ('this_pic', 'instructions_photos/i3.png')])
11.9748 	DATA 	Keypress: space
11.9917 	EXP 	welcome_2: autoDraw = False
11.9917 	EXP 	image_10: autoDraw = False
11.9917 	EXP 	welcome_2: text = 'Subsequently, you will be asked to apply those perspectives and questions to 8 stories.'
11.9917 	EXP 	image_10: image = 'instructions_photos/i3.png'
11.9917 	EXP 	welcome_2: autoDraw = True
11.9917 	EXP 	image_10: autoDraw = True
12.4271 	DATA 	Keypress: space
12.4293 	EXP 	New trial (rep=0, index=4): OrderedDict([('instruct_text', 'For each story you read, you will be asked to assume one of the perspectives. '), ('this_pic', 'instructions_photos/i3.png')])
12.7921 	EXP 	welcome_2: autoDraw = False
12.7921 	EXP 	image_10: autoDraw = False
12.7921 	EXP 	welcome_2: text = 'For each story you read, you will be asked to assume one of the perspectives. '
12.7921 	EXP 	image_10: image = 'instructions_photos/i3.png'
12.7921 	EXP 	welcome_2: autoDraw = True
12.7921 	EXP 	image_10: autoDraw = True
12.8619 	DATA 	Keypress: space
12.8641 	EXP 	New trial (rep=0, index=5): OrderedDict([('instruct_text', 'While reading, try to remember the perspective and the questions of that perspective. '), ('this_pic', 'instructions_photos/i3.png')])
13.1753 	EXP 	welcome_2: autoDraw = False
13.1753 	EXP 	image_10: autoDraw = False
13.1753 	EXP 	welcome_2: text = 'While reading, try to remember the perspective and the questions of that perspective. '
13.1753 	EXP 	image_10: image = 'instructions_photos/i3.png'
13.1753 	EXP 	welcome_2: autoDraw = True
13.1753 	EXP 	image_10: autoDraw = True
13.2939 	DATA 	Keypress: space
13.2954 	EXP 	New trial (rep=0, index=6): OrderedDict([('instruct_text', 'After you’re finished reading all the stories, you will be asked to recall the stories and answer questions about them. '), ('this_pic', 'instructions_photos/i4.png')])
13.6079 	DATA 	Keypress: space
13.6752 	EXP 	welcome_2: autoDraw = False
13.6752 	EXP 	image_10: autoDraw = False
13.6752 	EXP 	welcome_2: text = 'After you’re finished reading all the stories, you will be asked to recall the stories and answer questions about them. '
13.6752 	EXP 	image_10: image = 'instructions_photos/i4.png'
13.6752 	EXP 	welcome_2: autoDraw = True
13.6752 	EXP 	image_10: autoDraw = True
14.0277 	DATA 	Keypress: space
14.0294 	EXP 	New trial (rep=0, index=7): OrderedDict([('instruct_text', 'Let’s begin! The 8 perspectives are as follows:'), ('this_pic', None)])
14.0589 	EXP 	welcome_2: autoDraw = False
14.0589 	EXP 	image_10: autoDraw = False
14.0589 	EXP 	welcome_2: text = 'Let’s begin! The 8 perspectives are as follows:'
14.0589 	EXP 	image_10: image = None
14.0589 	EXP 	welcome_2: autoDraw = True
14.0589 	EXP 	image_10: autoDraw = True
14.6280 	DATA 	Keypress: space
14.6466 	EXP 	Imported jobsPics.xlsx as conditions, 8 conditions, 2 params
14.6471 	EXP 	Created sequence: random, trialTypes=8, nReps=1, seed=None
14.6474 	EXP 	New trial (rep=0, index=0): OrderedDict([('rolePic', 'jobphotos/couples.jpeg'), ('job', 'Couples Therapist\n')])
14.6476 	WARNING 	Requested image 'jobphotos/couples.jpeg' not found but similar filename 'jobphotos/couples.jpg' exists. This will be used instead but changing the filename is advised.
14.7087 	EXP 	welcome_2: autoDraw = False
14.7087 	EXP 	image_10: autoDraw = False
14.7087 	EXP 	image: image = 'jobphotos/couples.jpeg'
14.7087 	EXP 	text_2: text = 'Couples Therapist\n'
14.7087 	EXP 	image: autoDraw = True
14.7087 	EXP 	text_2: autoDraw = True
15.0109 	DATA 	Keypress: space
15.0141 	EXP 	New trial (rep=0, index=1): OrderedDict([('rolePic', 'jobphotos/dean.jpg'), ('job', 'Dean of Academic Studies')])
15.0920 	EXP 	image: autoDraw = False
15.0920 	EXP 	text_2: autoDraw = False
15.0920 	EXP 	image: image = 'jobphotos/dean.jpg'
15.0920 	EXP 	text_2: text = 'Dean of Academic Studies'
15.0920 	EXP 	image: autoDraw = True
15.0920 	EXP 	text_2: autoDraw = True
15.4612 	DATA 	Keypress: space
15.4648 	EXP 	New trial (rep=0, index=2): OrderedDict([('rolePic', 'jobphotos/matchmaker.jpg'), ('job', 'Matchmaker')])
15.5420 	EXP 	image: autoDraw = False
15.5420 	EXP 	text_2: autoDraw = False
15.5420 	EXP 	image: image = 'jobphotos/matchmaker.jpg'
15.5420 	EXP 	text_2: text = 'Matchmaker'
15.5420 	EXP 	image: autoDraw = True
15.5420 	EXP 	text_2: autoDraw = True
15.7445 	DATA 	Keypress: space
15.7469 	EXP 	New trial (rep=0, index=3): OrderedDict([('rolePic', 'jobphotos/acem.jpg'), ('job', 'Airport Customer Experience Manager')])
15.8087 	EXP 	image: autoDraw = False
15.8087 	EXP 	text_2: autoDraw = False
15.8087 	EXP 	image: image = 'jobphotos/acem.jpg'
15.8087 	EXP 	text_2: text = 'Airport Customer Experience Manager'
15.8087 	EXP 	image: autoDraw = True
15.8087 	EXP 	text_2: autoDraw = True
16.0443 	DATA 	Keypress: space
16.0465 	EXP 	New trial (rep=0, index=4): OrderedDict([('rolePic', 'jobphotos/weddingplanner.jpg'), ('job', 'Wedding Planner')])
16.1254 	EXP 	image: autoDraw = False
16.1254 	EXP 	text_2: autoDraw = False
16.1254 	EXP 	image: image = 'jobphotos/weddingplanner.jpg'
16.1254 	EXP 	text_2: text = 'Wedding Planner'
16.1254 	EXP 	image: autoDraw = True
16.1254 	EXP 	text_2: autoDraw = True
16.2943 	DATA 	Keypress: space
16.2966 	EXP 	New trial (rep=0, index=5): OrderedDict([('rolePic', 'jobphotos/business_reporter.jpg'), ('job', 'Business Reporter')])
16.3755 	EXP 	image: autoDraw = False
16.3755 	EXP 	text_2: autoDraw = False
16.3755 	EXP 	image: image = 'jobphotos/business_reporter.jpg'
16.3755 	EXP 	text_2: text = 'Business Reporter'
16.3755 	EXP 	image: autoDraw = True
16.3755 	EXP 	text_2: autoDraw = True
16.5457 	DATA 	Keypress: space
16.5495 	EXP 	New trial (rep=0, index=6): OrderedDict([('rolePic', 'jobphotos/restaurant_critic.jpg'), ('job', 'Restaurant Critic')])
16.6256 	EXP 	image: autoDraw = False
16.6256 	EXP 	text_2: autoDraw = False
16.6256 	EXP 	image: image = 'jobphotos/restaurant_critic.jpg'
16.6256 	EXP 	text_2: text = 'Restaurant Critic'
16.6256 	EXP 	image: autoDraw = True
16.6256 	EXP 	text_2: autoDraw = True
16.8278 	DATA 	Keypress: space
16.8300 	EXP 	New trial (rep=0, index=7): OrderedDict([('rolePic', 'jobphotos/gscem.jpg'), ('job', 'Grocery Store Customer Experience Manager\n')])
16.8920 	EXP 	image: autoDraw = False
16.8920 	EXP 	text_2: autoDraw = False
16.8920 	EXP 	image: image = 'jobphotos/gscem.jpg'
16.8920 	EXP 	text_2: text = 'Grocery Store Customer Experience Manager\n'
16.8920 	EXP 	image: autoDraw = True
16.8920 	EXP 	text_2: autoDraw = True
17.0773 	DATA 	Keypress: space
17.1080 	EXP 	Imported instructions2.xlsx as conditions, 6 conditions, 2 params
17.1089 	EXP 	Created sequence: sequential, trialTypes=6, nReps=1, seed=None
17.1093 	EXP 	New trial (rep=0, index=0): OrderedDict([('instruct_text', 'Each of these perspectives will be applied to one story. '), ('instruct_text2', '(press space to continue)')])
17.1587 	EXP 	image: autoDraw = False
17.1587 	EXP 	text_2: autoDraw = False
17.1587 	EXP 	welcome: text = 'Each of these perspectives will be applied to one story. '
17.1587 	EXP 	text_12: text = '(press space to continue)'
17.1587 	EXP 	welcome: autoDraw = True
17.1587 	EXP 	text_12: autoDraw = True
17.3113 	DATA 	Keypress: space
17.3138 	EXP 	New trial (rep=0, index=1): OrderedDict([('instruct_text', 'Each perspective has 4 questions, and you will answer these questions about each story.'), ('instruct_text2', None)])
17.3588 	EXP 	welcome: autoDraw = False
17.3588 	EXP 	text_12: autoDraw = False
17.3588 	EXP 	welcome: text = 'Each perspective has 4 questions, and you will answer these questions about each story.'
17.3588 	EXP 	text_12: text = '(press space to continue)'
17.3588 	EXP 	welcome: autoDraw = True
17.3588 	EXP 	text_12: autoDraw = True
17.5947 	DATA 	Keypress: space
17.5971 	EXP 	New trial (rep=0, index=2): OrderedDict([('instruct_text', 'You’ll answer these questions about each story after reading all 8 stories. '), ('instruct_text2', None)])
17.6422 	EXP 	welcome: autoDraw = False
17.6422 	EXP 	text_12: autoDraw = False
17.6422 	EXP 	welcome: text = 'You’ll answer these questions about each story after reading all 8 stories. '
17.6422 	EXP 	text_12: text = '(press space to continue)'
17.6422 	EXP 	welcome: autoDraw = True
17.6422 	EXP 	text_12: autoDraw = True
17.8445 	DATA 	Keypress: space
17.8470 	EXP 	New trial (rep=0, index=3): OrderedDict([('instruct_text', 'You’ll learn these questions with a series of pre-task quizzes and then the story reading will begin.'), ('instruct_text2', None)])
17.9088 	EXP 	welcome: autoDraw = False
17.9088 	EXP 	text_12: autoDraw = False
17.9088 	EXP 	welcome: text = 'You’ll learn these questions with a series of pre-task quizzes and then the story reading will begin.'
17.9088 	EXP 	text_12: text = '(press space to continue)'
17.9088 	EXP 	welcome: autoDraw = True
17.9088 	EXP 	text_12: autoDraw = True
18.0779 	DATA 	Keypress: space
18.0804 	EXP 	New trial (rep=0, index=4): OrderedDict([('instruct_text', 'Once the story-reading task has begun, remember your answers to the questions for each story.'), ('instruct_text2', None)])
18.1255 	EXP 	welcome: autoDraw = False
18.1255 	EXP 	text_12: autoDraw = False
18.1255 	EXP 	welcome: text = 'Once the story-reading task has begun, remember your answers to the questions for each story.'
18.1255 	EXP 	text_12: text = '(press space to continue)'
18.1255 	EXP 	welcome: autoDraw = True
18.1255 	EXP 	text_12: autoDraw = True
18.3138 	DATA 	Keypress: space
18.3280 	EXP 	New trial (rep=0, index=5): OrderedDict([('instruct_text', 'Press the space bar to begin learning the perspectives and the questions for each one.'), ('instruct_text2', None)])
18.3756 	EXP 	welcome: autoDraw = False
18.3756 	EXP 	text_12: autoDraw = False
18.3756 	EXP 	welcome: text = 'Press the space bar to begin learning the perspectives and the questions for each one.'
18.3756 	EXP 	text_12: text = '(press space to continue)'
18.3756 	EXP 	welcome: autoDraw = True
18.3756 	EXP 	text_12: autoDraw = True
18.5617 	DATA 	Keypress: space
18.6096 	EXP 	Imported whichRole.xlsx as conditions, 8 conditions, 8 params
18.6101 	EXP 	Created sequence: random, trialTypes=8, nReps=1, seed=None
18.6110 	EXP 	New trial (rep=0, index=0): OrderedDict([('Q1', 'How is the restaurant decorated?'), ('Q2', 'What are the menus like?'), ('Q3', 'What do the clients order?\n'), ('Q4', 'How do the clients like the food?'), ('D1', 'How old is the waiter?'), ('D2', 'What meal is being served?'), ('roleName', 'Restaurant Critic'), ('rolePic', 'jobphotos/restaurant_critic.jpg')])
18.6114 	EXP 	Created sequence: sequential, trialTypes=1, nReps=5, seed=None
18.6117 	EXP 	New trial (rep=0, index=0): None
18.6593 	EXP 	welcome: autoDraw = False
18.6593 	EXP 	text_12: autoDraw = False
18.6593 	EXP 	text_18: text = 'Restaurant Critic'
18.6593 	EXP 	image_9: image = 'jobphotos/restaurant_critic.jpg'
18.6593 	EXP 	text_18: autoDraw = True
18.6593 	EXP 	image_9: autoDraw = True
27.6789 	DATA 	Keypress: space
27.7435 	EXP 	text_18: autoDraw = False
27.7435 	EXP 	image_9: autoDraw = False
27.7435 	EXP 	text_8: text = 'A: How is the restaurant decorated?'
27.7435 	EXP 	text_9: text = 'Restaurant Critic'
27.7435 	EXP 	image_5: image = 'jobphotos/restaurant_critic.jpg'
27.7435 	EXP 	text_8: autoDraw = True
27.7435 	EXP 	text_9: autoDraw = True
27.7435 	EXP 	image_5: autoDraw = True
27.9621 	DATA 	Keypress: space
28.0101 	EXP 	text_8: autoDraw = False
28.0101 	EXP 	text_9: autoDraw = False
28.0101 	EXP 	image_5: autoDraw = False
28.0101 	EXP 	text_10: text = 'B: What are the menus like?'
28.0101 	EXP 	text_11: text = 'Restaurant Critic'
28.0101 	EXP 	image_6: image = 'jobphotos/restaurant_critic.jpg'
28.0101 	EXP 	text_10: autoDraw = True
28.0101 	EXP 	text_11: autoDraw = True
28.0101 	EXP 	image_6: autoDraw = True
28.3126 	DATA 	Keypress: space
28.3601 	EXP 	text_10: autoDraw = False
28.3601 	EXP 	text_11: autoDraw = False
28.3601 	EXP 	image_6: autoDraw = False
28.3601 	EXP 	text_13: text = 'C: What do the clients order?\n'
28.3601 	EXP 	text_14: text = 'Restaurant Critic'
28.3601 	EXP 	image_7: image = 'jobphotos/restaurant_critic.jpg'
28.3601 	EXP 	text_13: autoDraw = True
28.3601 	EXP 	text_14: autoDraw = True
28.3601 	EXP 	image_7: autoDraw = True
28.5125 	DATA 	Keypress: space
28.5600 	EXP 	text_13: autoDraw = False
28.5600 	EXP 	text_14: autoDraw = False
28.5600 	EXP 	image_7: autoDraw = False
28.5600 	EXP 	text_15: text = 'D: How do the clients like the food?'
28.5600 	EXP 	text_16: text = 'Restaurant Critic'
28.5600 	EXP 	image_8: image = 'jobphotos/restaurant_critic.jpg'
28.5600 	EXP 	text_15: autoDraw = True
28.5600 	EXP 	text_16: autoDraw = True
28.5600 	EXP 	image_8: autoDraw = True
28.6622 	DATA 	Keypress: space
28.6768 	EXP 	text_15: autoDraw = False
28.6768 	EXP 	text_16: autoDraw = False
28.6768 	EXP 	image_8: autoDraw = False
28.6768 	EXP 	text_5: autoDraw = True
29.1126 	DATA 	Keypress: space
29.1362 	EXP 	Created unnamed ImageStim = ImageStim(__class__=<class 'psychopy.visual.image.ImageStim'>, autoLog=True, color=array([1., 1., 1.]), colorSpace='rgb', contrast=1.0, depth=0, flipHoriz=False, flipVert=False, image='checkmark.png', interpolate=False, mask=None, maskParams=None, name='unnamed ImageStim', opacity=1.0, ori=0.0, pos=array([0., 0.]), size=array([0.48055556, 0.75555556]), texRes=128, units='norm', win=Window(...))
29.1448 	EXP 	Created unnamed ImageStim = ImageStim(__class__=<class 'psychopy.visual.image.ImageStim'>, autoLog=True, color=array([1., 1., 1.]), colorSpace='rgb', contrast=1.0, depth=0, flipHoriz=False, flipVert=False, image='redx.png', interpolate=False, mask=None, maskParams=None, name='unnamed ImageStim', opacity=1.0, ori=0.0, pos=array([0., 0.]), size=array([0.5, 0.8]), texRes=128, units='norm', win=Window(...))
29.1700 	EXP 	Created unnamed ImageStim = ImageStim(__class__=<class 'psychopy.visual.image.ImageStim'>, autoLog=True, color=array([1., 1., 1.]), colorSpace='rgb', contrast=1.0, depth=0, flipHoriz=False, flipVert=False, image='thumbsup.png', interpolate=False, mask=None, maskParams=None, name='unnamed ImageStim', opacity=1.0, ori=0.0, pos=array([0., 0.]), size=array([0.66666667, 1.14      ]), texRes=128, units='norm', win=Window(...))
29.2768 	EXP 	text_5: autoDraw = False
29.2768 	EXP 	question1_2: text = '1: How is the restaurant decorated?'
29.2768 	EXP 	question2_2: text = '2: How do the clients like the food?'
29.2768 	EXP 	question3_2: text = '3: What meal is being served?'
29.2768 	EXP 	question4_2: text = '4: What are the menus like?'
29.2768 	EXP 	question5_2: text = '5: How old is the waiter?'
29.2768 	EXP 	question6_2: text = '6: What do the clients order?\n'
29.2768 	EXP 	question1_2: autoDraw = True
29.2768 	EXP 	question2_2: autoDraw = True
29.2768 	EXP 	question3_2: autoDraw = True
29.2768 	EXP 	question4_2: autoDraw = True
29.2768 	EXP 	question5_2: autoDraw = True
29.2768 	EXP 	question6_2: autoDraw = True
29.2768 	EXP 	image_3: autoDraw = True
29.9084 	DATA 	Keypress: 2
30.4191 	DATA 	Keypress: 2
30.7014 	DATA 	Keypress: 2
31.3692 	DATA 	Keypress: 2
31.9462 	DATA 	Keypress: 2
49.1701 	DATA 	Keypress: w
49.4198 	DATA 	Keypress: e
49.5307 	DATA 	Keypress: u
49.6481 	DATA 	Keypress: i
49.8531 	DATA 	Keypress: o
49.9722 	DATA 	Keypress: w
50.0889 	DATA 	Keypress: i
50.1804 	DATA 	Keypress: u
50.2474 	DATA 	Keypress: r
50.3910 	DATA 	Keypress: i
50.4138 	DATA 	Keypress: e
50.5467 	DATA 	Keypress: u
73.7726 	DATA 	Keypress: escape
74.0506 	EXP 	window1: mouseVisible = True
