1.4938 	WARNING 	sounddevice audio lib was requested but not loaded: sounddevice not working
4.7367 	WARNING 	User requested fullscreen with size [1024  768], but screen is actually [1440, 900]. Using actual size
5.4104 	EXP 	Created window1 = Window(allowGUI=False, allowStencil=False, args=UNKNOWN, autoLog=True, bitsMode=UNKNOWN, blendMode='avg', color=array([0., 0., 0.]), colorSpace='rgb', fullscr=<method-wrapper '__getattribute__' of attributeSetter object at 0x10e3ced68>, gamma=None, kwargs=UNKNOWN, lms=UNKNOWN, monitor=<psychopy.monitors.calibTools.Monitor object at 0x11071d828>, multiSample=False, name='window1', numSamples=2, pos=[0.0, 0.0], screen=0, size=array([1440,  900]), stereo=False, units='norm', useFBO=True, useRetina=False, viewOri=0.0, viewPos=None, viewScale=None, waitBlanking=True, winType='pyglet')
5.4105 	EXP 	window1: recordFrameIntervals = False
5.5757 	EXP 	window1: recordFrameIntervals = True
5.7593 	EXP 	window1: recordFrameIntervals = False
5.8655 	EXP 	Created welcome_2 = TextStim(__class__=<class 'psychopy.visual.text.TextStim'>, alignHoriz='center', alignVert='center', antialias=True, autoLog=True, bold=False, color='white', colorSpace='named', contrast=1.0, depth=0.0, flipHoriz=False, flipVert=False, font='Arial', fontFiles=[], height=0.1, italic=False, languageStyle='LTR', name='welcome_2', opacity=1.0, ori=0, pos=array([0. , 0.7]), rgb=array([255., 255., 255.]), text='default text', units='norm', win=Window(...), wrapWidth=1)
5.8677 	EXP 	Created image_10 = ImageStim(__class__=<class 'psychopy.visual.image.ImageStim'>, autoLog=True, color=array([1., 1., 1.]), colorSpace='rgb', contrast=1.0, depth=-3.0, flipHoriz=False, flipVert=False, image='sin', interpolate=True, mask=None, maskParams=None, name='image_10', opacity=1.0, ori=0.0, pos=array([ 0. , -0.3]), size=array([1.5, 1. ]), texRes=128, units='norm', win=Window(...))
5.8697 	EXP 	Created image = ImageStim(__class__=<class 'psychopy.visual.image.ImageStim'>, autoLog=True, color=array([1., 1., 1.]), colorSpace='rgb', contrast=1.0, depth=0.0, flipHoriz=False, flipVert=False, image='sin', interpolate=True, mask=None, maskParams=None, name='image', opacity=1.0, ori=0.0, pos=array([0., 0.]), size=array([0.75, 0.75]), texRes=128, units='norm', win=Window(...))
5.8748 	EXP 	Created text_2 = TextStim(__class__=<class 'psychopy.visual.text.TextStim'>, alignHoriz='center', alignVert='center', antialias=True, autoLog=True, bold=False, color='white', colorSpace='named', contrast=1.0, depth=-2.0, flipHoriz=False, flipVert=False, font='Arial', fontFiles=[], height=0.1, italic=False, languageStyle='LTR', name='text_2', opacity=1.0, ori=0, pos=array([ 0. , -0.6]), rgb=array([255., 255., 255.]), text='default text', units='norm', win=Window(...), wrapWidth=1)
5.8806 	EXP 	Created welcome = TextStim(__class__=<class 'psychopy.visual.text.TextStim'>, alignHoriz='center', alignVert='center', antialias=True, autoLog=True, bold=False, color='white', colorSpace='named', contrast=1.0, depth=0.0, flipHoriz=False, flipVert=False, font='Arial', fontFiles=[], height=0.1, italic=False, languageStyle='LTR', name='welcome', opacity=1.0, ori=0, pos=array([0., 0.]), rgb=array([255., 255., 255.]), text='default text', units='norm', win=Window(...), wrapWidth=1)
5.8897 	EXP 	Created text_12 = TextStim(__class__=<class 'psychopy.visual.text.TextStim'>, alignHoriz='center', alignVert='center', antialias=True, autoLog=True, bold=False, color='white', colorSpace='named', contrast=1.0, depth=-2.0, flipHoriz=False, flipVert=False, font='Arial', fontFiles=[], height=0.1, italic=False, languageStyle='LTR', name='text_12', opacity=1.0, ori=0, pos=array([ 0. , -0.6]), rgb=array([255., 255., 255.]), text='default text', units='norm', win=Window(...), wrapWidth=1)
5.8956 	EXP 	Created text_18 = TextStim(__class__=<class 'psychopy.visual.text.TextStim'>, alignHoriz='center', alignVert='center', antialias=True, autoLog=True, bold=False, color='white', colorSpace='named', contrast=1.0, depth=0.0, flipHoriz=False, flipVert=False, font='Arial', fontFiles=[], height=0.1, italic=False, languageStyle='LTR', name='text_18', opacity=1.0, ori=0, pos=array([-0.4 ,  0.25]), rgb=array([255., 255., 255.]), text='default text', units='norm', win=Window(...), wrapWidth=0.5)
5.8976 	EXP 	Created image_9 = ImageStim(__class__=<class 'psychopy.visual.image.ImageStim'>, autoLog=True, color=array([1., 1., 1.]), colorSpace='rgb', contrast=1.0, depth=-1.0, flipHoriz=False, flipVert=False, image='sin', interpolate=True, mask=None, maskParams=None, name='image_9', opacity=1.0, ori=0.0, pos=array([0.25, 0.25]), size=array([0.75, 0.75]), texRes=128, units='norm', win=Window(...))
5.9026 	EXP 	Created text_8 = TextStim(__class__=<class 'psychopy.visual.text.TextStim'>, alignHoriz='center', alignVert='center', antialias=True, autoLog=True, bold=False, color='white', colorSpace='named', contrast=1.0, depth=0.0, flipHoriz=False, flipVert=False, font='Arial', fontFiles=[], height=0.1, italic=False, languageStyle='LTR', name='text_8', opacity=1.0, ori=0, pos=array([ 0. , -0.4]), rgb=array([255., 255., 255.]), text='default text', units='norm', win=Window(...), wrapWidth=1)
5.9074 	EXP 	Created text_9 = TextStim(__class__=<class 'psychopy.visual.text.TextStim'>, alignHoriz='center', alignVert='center', antialias=True, autoLog=True, bold=False, color='white', colorSpace='named', contrast=1.0, depth=-1.0, flipHoriz=False, flipVert=False, font='Arial', fontFiles=[], height=0.1, italic=False, languageStyle='LTR', name='text_9', opacity=1.0, ori=0, pos=array([-0.4 ,  0.25]), rgb=array([255., 255., 255.]), text='default text', units='norm', win=Window(...), wrapWidth=0.5)
5.9094 	EXP 	Created image_5 = ImageStim(__class__=<class 'psychopy.visual.image.ImageStim'>, autoLog=True, color=array([1., 1., 1.]), colorSpace='rgb', contrast=1.0, depth=-2.0, flipHoriz=False, flipVert=False, image='sin', interpolate=True, mask=None, maskParams=None, name='image_5', opacity=1.0, ori=0.0, pos=array([0.25, 0.25]), size=array([0.75, 0.75]), texRes=128, units='norm', win=Window(...))
5.9144 	EXP 	Created text_10 = TextStim(__class__=<class 'psychopy.visual.text.TextStim'>, alignHoriz='center', alignVert='center', antialias=True, autoLog=True, bold=False, color='white', colorSpace='named', contrast=1.0, depth=0.0, flipHoriz=False, flipVert=False, font='Arial', fontFiles=[], height=0.1, italic=False, languageStyle='LTR', name='text_10', opacity=1.0, ori=0, pos=array([ 0. , -0.4]), rgb=array([255., 255., 255.]), text='default text', units='norm', win=Window(...), wrapWidth=1)
5.9195 	EXP 	Created text_11 = TextStim(__class__=<class 'psychopy.visual.text.TextStim'>, alignHoriz='center', alignVert='center', antialias=True, autoLog=True, bold=False, color='white', colorSpace='named', contrast=1.0, depth=-1.0, flipHoriz=False, flipVert=False, font='Arial', fontFiles=[], height=0.1, italic=False, languageStyle='LTR', name='text_11', opacity=1.0, ori=0, pos=array([-0.4 ,  0.25]), rgb=array([255., 255., 255.]), text='default text', units='norm', win=Window(...), wrapWidth=0.5)
5.9216 	EXP 	Created image_6 = ImageStim(__class__=<class 'psychopy.visual.image.ImageStim'>, autoLog=True, color=array([1., 1., 1.]), colorSpace='rgb', contrast=1.0, depth=-2.0, flipHoriz=False, flipVert=False, image='sin', interpolate=True, mask=None, maskParams=None, name='image_6', opacity=1.0, ori=0.0, pos=array([0.25, 0.25]), size=array([0.75, 0.75]), texRes=128, units='norm', win=Window(...))
5.9267 	EXP 	Created text_13 = TextStim(__class__=<class 'psychopy.visual.text.TextStim'>, alignHoriz='center', alignVert='center', antialias=True, autoLog=True, bold=False, color='white', colorSpace='named', contrast=1.0, depth=0.0, flipHoriz=False, flipVert=False, font='Arial', fontFiles=[], height=0.1, italic=False, languageStyle='LTR', name='text_13', opacity=1.0, ori=0, pos=array([ 0. , -0.4]), rgb=array([255., 255., 255.]), text='default text', units='norm', win=Window(...), wrapWidth=1)
5.9336 	EXP 	Created text_14 = TextStim(__class__=<class 'psychopy.visual.text.TextStim'>, alignHoriz='center', alignVert='center', antialias=True, autoLog=True, bold=False, color='white', colorSpace='named', contrast=1.0, depth=-1.0, flipHoriz=False, flipVert=False, font='Arial', fontFiles=[], height=0.1, italic=False, languageStyle='LTR', name='text_14', opacity=1.0, ori=0, pos=array([-0.4 ,  0.25]), rgb=array([255., 255., 255.]), text='default text', units='norm', win=Window(...), wrapWidth=0.5)
5.9362 	EXP 	Created image_7 = ImageStim(__class__=<class 'psychopy.visual.image.ImageStim'>, autoLog=True, color=array([1., 1., 1.]), colorSpace='rgb', contrast=1.0, depth=-2.0, flipHoriz=False, flipVert=False, image='sin', interpolate=True, mask=None, maskParams=None, name='image_7', opacity=1.0, ori=0.0, pos=array([0.25, 0.25]), size=array([0.75, 0.75]), texRes=128, units='norm', win=Window(...))
5.9423 	EXP 	Created text_15 = TextStim(__class__=<class 'psychopy.visual.text.TextStim'>, alignHoriz='center', alignVert='center', antialias=True, autoLog=True, bold=False, color='white', colorSpace='named', contrast=1.0, depth=0.0, flipHoriz=False, flipVert=False, font='Arial', fontFiles=[], height=0.1, italic=False, languageStyle='LTR', name='text_15', opacity=1.0, ori=0, pos=array([ 0. , -0.4]), rgb=array([255., 255., 255.]), text='default text', units='norm', win=Window(...), wrapWidth=1)
5.9507 	EXP 	Created text_16 = TextStim(__class__=<class 'psychopy.visual.text.TextStim'>, alignHoriz='center', alignVert='center', antialias=True, autoLog=True, bold=False, color='white', colorSpace='named', contrast=1.0, depth=-1.0, flipHoriz=False, flipVert=False, font='Arial', fontFiles=[], height=0.1, italic=False, languageStyle='LTR', name='text_16', opacity=1.0, ori=0, pos=array([-0.4 ,  0.25]), rgb=array([255., 255., 255.]), text='default text', units='norm', win=Window(...), wrapWidth=0.5)
5.9534 	EXP 	Created image_8 = ImageStim(__class__=<class 'psychopy.visual.image.ImageStim'>, autoLog=True, color=array([1., 1., 1.]), colorSpace='rgb', contrast=1.0, depth=-2.0, flipHoriz=False, flipVert=False, image='sin', interpolate=True, mask=None, maskParams=None, name='image_8', opacity=1.0, ori=0.0, pos=array([0.25, 0.25]), size=array([0.75, 0.75]), texRes=128, units='norm', win=Window(...))
5.9728 	EXP 	Created text_5 = TextStim(__class__=<class 'psychopy.visual.text.TextStim'>, alignHoriz='center', alignVert='center', antialias=True, autoLog=True, bold=False, color='white', colorSpace='named', contrast=1.0, depth=0.0, flipHoriz=False, flipVert=False, font='Arial', fontFiles=[], height=0.1, italic=False, languageStyle='LTR', name='text_5', opacity=1.0, ori=0, pos=array([0., 0.]), rgb=array([255., 255., 255.]), text=str(...), units='norm', win=Window(...), wrapWidth=1)
5.9784 	EXP 	Created question1_2 = TextStim(__class__=<class 'psychopy.visual.text.TextStim'>, alignHoriz='center', alignVert='center', antialias=True, autoLog=True, bold=False, color='white', colorSpace='named', contrast=1.0, depth=-1.0, flipHoriz=False, flipVert=False, font='Arial', fontFiles=[], height=0.1, italic=False, languageStyle='LTR', name='question1_2', opacity=1.0, ori=0, pos=array([0. , 0.6]), rgb=array([255., 255., 255.]), text='default text', units='norm', win=Window(...), wrapWidth=2)
5.9834 	EXP 	Created question2_2 = TextStim(__class__=<class 'psychopy.visual.text.TextStim'>, alignHoriz='center', alignVert='center', antialias=True, autoLog=True, bold=False, color='white', colorSpace='named', contrast=1.0, depth=-2.0, flipHoriz=False, flipVert=False, font='Arial', fontFiles=[], height=0.1, italic=False, languageStyle='LTR', name='question2_2', opacity=1.0, ori=0, pos=array([0.  , 0.35]), rgb=array([255., 255., 255.]), text='default text', units='norm', win=Window(...), wrapWidth=2)
5.9884 	EXP 	Created question3_2 = TextStim(__class__=<class 'psychopy.visual.text.TextStim'>, alignHoriz='center', alignVert='center', antialias=True, autoLog=True, bold=False, color='white', colorSpace='named', contrast=1.0, depth=-3.0, flipHoriz=False, flipVert=False, font='Arial', fontFiles=[], height=0.1, italic=False, languageStyle='LTR', name='question3_2', opacity=1.0, ori=0, pos=array([0.  , 0.12]), rgb=array([255., 255., 255.]), text='default text', units='norm', win=Window(...), wrapWidth=2)
5.9931 	EXP 	Created question4_2 = TextStim(__class__=<class 'psychopy.visual.text.TextStim'>, alignHoriz='center', alignVert='center', antialias=True, autoLog=True, bold=False, color='white', colorSpace='named', contrast=1.0, depth=-4.0, flipHoriz=False, flipVert=False, font='Arial', fontFiles=[], height=0.1, italic=False, languageStyle='LTR', name='question4_2', opacity=1.0, ori=0, pos=array([ 0.  , -0.12]), rgb=array([255., 255., 255.]), text='default text', units='norm', win=Window(...), wrapWidth=2)
5.9979 	EXP 	Created question5_2 = TextStim(__class__=<class 'psychopy.visual.text.TextStim'>, alignHoriz='center', alignVert='center', antialias=True, autoLog=True, bold=False, color='white', colorSpace='named', contrast=1.0, depth=-5.0, flipHoriz=False, flipVert=False, font='Arial', fontFiles=[], height=0.1, italic=False, languageStyle='LTR', name='question5_2', opacity=1.0, ori=0, pos=array([ 0.  , -0.35]), rgb=array([255., 255., 255.]), text='default text', units='norm', win=Window(...), wrapWidth=2)
6.0068 	EXP 	Created question6_2 = TextStim(__class__=<class 'psychopy.visual.text.TextStim'>, alignHoriz='center', alignVert='center', antialias=True, autoLog=True, bold=False, color='white', colorSpace='named', contrast=1.0, depth=-6.0, flipHoriz=False, flipVert=False, font='Arial', fontFiles=[], height=0.1, italic=False, languageStyle='LTR', name='question6_2', opacity=1.0, ori=0, pos=array([ 0. , -0.6]), rgb=array([255., 255., 255.]), text='default text', units='norm', win=Window(...), wrapWidth=2)
6.0097 	EXP 	Created image_3 = ImageStim(__class__=<class 'psychopy.visual.image.ImageStim'>, autoLog=True, color=array([1., 1., 1.]), colorSpace='rgb', contrast=1.0, depth=-8.0, flipHoriz=False, flipVert=False, image='sin', interpolate=True, mask=None, maskParams=None, name='image_3', opacity=1.0, ori=0.0, pos=array([ 0.  , -0.85]), size=array([0.25 , 0.125]), texRes=128, units='norm', win=Window(...))
6.0178 	EXP 	Created text_3 = TextStim(__class__=<class 'psychopy.visual.text.TextStim'>, alignHoriz='center', alignVert='center', antialias=True, autoLog=True, bold=False, color='white', colorSpace='named', contrast=1.0, depth=0.0, flipHoriz=False, flipVert=False, font='Arial', fontFiles=[], height=0.1, italic=False, languageStyle='LTR', name='text_3', opacity=1.0, ori=0, pos=array([0., 0.]), rgb=array([255., 255., 255.]), text='Final Tests', units='norm', win=Window(...), wrapWidth=1)
6.0199 	EXP 	Created image_2 = ImageStim(__class__=<class 'psychopy.visual.image.ImageStim'>, autoLog=True, color=array([1., 1., 1.]), colorSpace='rgb', contrast=1.0, depth=0.0, flipHoriz=False, flipVert=False, image='sin', interpolate=True, mask=None, maskParams=None, name='image_2', opacity=1.0, ori=0.0, pos=array([0., 0.]), size=array([0.75, 0.75]), texRes=128, units='norm', win=Window(...))
6.0255 	EXP 	Created text_4 = TextStim(__class__=<class 'psychopy.visual.text.TextStim'>, alignHoriz='center', alignVert='center', antialias=True, autoLog=True, bold=False, color='white', colorSpace='named', contrast=1.0, depth=-2.0, flipHoriz=False, flipVert=False, font='Arial', fontFiles=[], height=0.1, italic=False, languageStyle='LTR', name='text_4', opacity=1.0, ori=0, pos=array([ 0. , -0.6]), rgb=array([255., 255., 255.]), text='default text', units='norm', win=Window(...), wrapWidth=1)
6.0304 	EXP 	Created question1_3 = TextStim(__class__=<class 'psychopy.visual.text.TextStim'>, alignHoriz='center', alignVert='center', antialias=True, autoLog=True, bold=False, color='white', colorSpace='named', contrast=1.0, depth=-1.0, flipHoriz=False, flipVert=False, font='Arial', fontFiles=[], height=0.1, italic=False, languageStyle='LTR', name='question1_3', opacity=1.0, ori=0, pos=array([0. , 0.6]), rgb=array([255., 255., 255.]), text='default text', units='norm', win=Window(...), wrapWidth=2)
6.0353 	EXP 	Created question2_3 = TextStim(__class__=<class 'psychopy.visual.text.TextStim'>, alignHoriz='center', alignVert='center', antialias=True, autoLog=True, bold=False, color='white', colorSpace='named', contrast=1.0, depth=-2.0, flipHoriz=False, flipVert=False, font='Arial', fontFiles=[], height=0.1, italic=False, languageStyle='LTR', name='question2_3', opacity=1.0, ori=0, pos=array([0.  , 0.35]), rgb=array([255., 255., 255.]), text='default text', units='norm', win=Window(...), wrapWidth=2)
6.0401 	EXP 	Created question3_3 = TextStim(__class__=<class 'psychopy.visual.text.TextStim'>, alignHoriz='center', alignVert='center', antialias=True, autoLog=True, bold=False, color='white', colorSpace='named', contrast=1.0, depth=-3.0, flipHoriz=False, flipVert=False, font='Arial', fontFiles=[], height=0.1, italic=False, languageStyle='LTR', name='question3_3', opacity=1.0, ori=0, pos=array([0.  , 0.12]), rgb=array([255., 255., 255.]), text='default text', units='norm', win=Window(...), wrapWidth=2)
6.0454 	EXP 	Created question4_3 = TextStim(__class__=<class 'psychopy.visual.text.TextStim'>, alignHoriz='center', alignVert='center', antialias=True, autoLog=True, bold=False, color='white', colorSpace='named', contrast=1.0, depth=-4.0, flipHoriz=False, flipVert=False, font='Arial', fontFiles=[], height=0.1, italic=False, languageStyle='LTR', name='question4_3', opacity=1.0, ori=0, pos=array([ 0.  , -0.12]), rgb=array([255., 255., 255.]), text='default text', units='norm', win=Window(...), wrapWidth=2)
6.0536 	EXP 	Created question5_3 = TextStim(__class__=<class 'psychopy.visual.text.TextStim'>, alignHoriz='center', alignVert='center', antialias=True, autoLog=True, bold=False, color='white', colorSpace='named', contrast=1.0, depth=-5.0, flipHoriz=False, flipVert=False, font='Arial', fontFiles=[], height=0.1, italic=False, languageStyle='LTR', name='question5_3', opacity=1.0, ori=0, pos=array([ 0.  , -0.35]), rgb=array([255., 255., 255.]), text='default text', units='norm', win=Window(...), wrapWidth=2)
6.0605 	EXP 	Created question6_3 = TextStim(__class__=<class 'psychopy.visual.text.TextStim'>, alignHoriz='center', alignVert='center', antialias=True, autoLog=True, bold=False, color='white', colorSpace='named', contrast=1.0, depth=-6.0, flipHoriz=False, flipVert=False, font='Arial', fontFiles=[], height=0.1, italic=False, languageStyle='LTR', name='question6_3', opacity=1.0, ori=0, pos=array([ 0. , -0.6]), rgb=array([255., 255., 255.]), text='default text', units='norm', win=Window(...), wrapWidth=2)
6.0626 	EXP 	Created image_4 = ImageStim(__class__=<class 'psychopy.visual.image.ImageStim'>, autoLog=True, color=array([1., 1., 1.]), colorSpace='rgb', contrast=1.0, depth=-8.0, flipHoriz=False, flipVert=False, image='sin', interpolate=True, mask=None, maskParams=None, name='image_4', opacity=1.0, ori=0.0, pos=array([ 0.  , -0.85]), size=array([0.25 , 0.125]), texRes=128, units='norm', win=Window(...))
6.0677 	EXP 	Created text_6 = TextStim(__class__=<class 'psychopy.visual.text.TextStim'>, alignHoriz='center', alignVert='center', antialias=True, autoLog=True, bold=False, color='white', colorSpace='named', contrast=1.0, depth=-1.0, flipHoriz=False, flipVert=False, font='Arial', fontFiles=[], height=0.1, italic=False, languageStyle='LTR', name='text_6', opacity=1.0, ori=0, pos=array([0., 0.]), rgb=array([255., 255., 255.]), text='default text', units='norm', win=Window(...), wrapWidth=1)
6.0769 	EXP 	Created text = TextStim(__class__=<class 'psychopy.visual.text.TextStim'>, alignHoriz='center', alignVert='center', antialias=True, autoLog=True, bold=False, color='white', colorSpace='named', contrast=1.0, depth=0.0, flipHoriz=False, flipVert=False, font='Arial', fontFiles=[], height=0.1, italic=False, languageStyle='LTR', name='text', opacity=1.0, ori=0, pos=array([0., 0.]), rgb=array([255., 255., 255.]), text='end of introduction', units='norm', win=Window(...), wrapWidth=1)
6.0907 	EXP 	Imported instructions.xlsx as conditions, 11 conditions, 2 params
6.0910 	EXP 	Created sequence: sequential, trialTypes=11, nReps=1, seed=None
6.0913 	EXP 	New trial (rep=0, index=0): OrderedDict([('instruct_text', 'Welcome to the Job Simulator Task!'), ('this_pic', 'instructions_photos/pixel.png')])
6.1928 	EXP 	welcome_2: text = 'Welcome to the Job Simulator Task!'
6.1928 	EXP 	image_10: image = 'instructions_photos/pixel.png'
6.1928 	EXP 	welcome_2: autoDraw = True
6.1928 	EXP 	image_10: autoDraw = True
6.7802 	DATA 	Keypress: space
6.7832 	EXP 	New trial (rep=0, index=1): OrderedDict([('instruct_text', "In this task, you'll be assuming various perspectives of jobs while reading stories. "), ('this_pic', None)])
6.8258 	EXP 	welcome_2: autoDraw = False
6.8258 	EXP 	image_10: autoDraw = False
6.8258 	EXP 	welcome_2: text = "In this task, you'll be assuming various perspectives of jobs while reading stories. "
6.8258 	EXP 	image_10: image = None
6.8258 	EXP 	welcome_2: autoDraw = True
6.8258 	EXP 	image_10: autoDraw = True
7.8283 	DATA 	Keypress: space
7.8315 	EXP 	New trial (rep=0, index=2): OrderedDict([('instruct_text', 'First, you’ll be introduced to the perspectives of 8 different jobs. '), ('this_pic', 'instructions_photos/i1.png')])
8.1924 	EXP 	welcome_2: autoDraw = False
8.1924 	EXP 	image_10: autoDraw = False
8.1924 	EXP 	welcome_2: text = 'First, you’ll be introduced to the perspectives of 8 different jobs. '
8.1924 	EXP 	image_10: image = 'instructions_photos/i1.png'
8.1924 	EXP 	welcome_2: autoDraw = True
8.1924 	EXP 	image_10: autoDraw = True
9.6783 	DATA 	Keypress: space
9.6810 	EXP 	New trial (rep=0, index=3): OrderedDict([('instruct_text', 'For example, you may be asked to take on the perspective of a Restaurant Critic while you read a story that takes place in a restaurant. '), ('this_pic', 'jobphotos/restaurant_critic.jpg')])
9.7592 	EXP 	welcome_2: autoDraw = False
9.7592 	EXP 	image_10: autoDraw = False
9.7592 	EXP 	welcome_2: text = 'For example, you may be asked to take on the perspective of a Restaurant Critic while you read a story that takes place in a restaurant. '
9.7592 	EXP 	image_10: image = 'jobphotos/restaurant_critic.jpg'
9.7592 	EXP 	welcome_2: autoDraw = True
9.7592 	EXP 	image_10: autoDraw = True
13.6956 	DATA 	Keypress: space
13.6980 	EXP 	New trial (rep=0, index=4): OrderedDict([('instruct_text', 'You’ll learn 4 questions associated with each perspective, and you’ll use these to interrogate the stories while assuming that perspective. '), ('this_pic', 'instructions_photos/i2.png')])
14.0428 	EXP 	welcome_2: autoDraw = False
14.0428 	EXP 	image_10: autoDraw = False
14.0428 	EXP 	welcome_2: text = 'You’ll learn 4 questions associated with each perspective, and you’ll use these to interrogate the stories while assuming that perspective. '
14.0428 	EXP 	image_10: image = 'instructions_photos/i2.png'
14.0428 	EXP 	welcome_2: autoDraw = True
14.0428 	EXP 	image_10: autoDraw = True
19.0638 	DATA 	Keypress: space
19.0787 	EXP 	New trial (rep=0, index=5): OrderedDict([('instruct_text', 'For example, if you are a Restaurant Critic, you’ll learn to ask questions about the restaurant decor, menus, and the enjoyment of the food. '), ('this_pic', 'jobphotos/restaurant_critic.jpg')])
19.1600 	EXP 	welcome_2: autoDraw = False
19.1600 	EXP 	image_10: autoDraw = False
19.1600 	EXP 	welcome_2: text = 'For example, if you are a Restaurant Critic, you’ll learn to ask questions about the restaurant decor, menus, and the enjoyment of the food. '
19.1600 	EXP 	image_10: image = 'jobphotos/restaurant_critic.jpg'
19.1600 	EXP 	welcome_2: autoDraw = True
19.1600 	EXP 	image_10: autoDraw = True
22.2628 	DATA 	Keypress: space
22.2652 	EXP 	New trial (rep=0, index=6): OrderedDict([('instruct_text', 'After learning all the questions in a series of pre-task quizzes, you’ll read 8 stories, applying one perspective you’ve learned to each one. '), ('this_pic', 'instructions_photos/i3.png')])
22.5938 	EXP 	welcome_2: autoDraw = False
22.5938 	EXP 	image_10: autoDraw = False
22.5938 	EXP 	welcome_2: text = 'After learning all the questions in a series of pre-task quizzes, you’ll read 8 stories, applying one perspective you’ve learned to each one. '
22.5938 	EXP 	image_10: image = 'instructions_photos/i3.png'
22.5938 	EXP 	welcome_2: autoDraw = True
22.5938 	EXP 	image_10: autoDraw = True
28.5646 	DATA 	Keypress: space
28.5792 	EXP 	New trial (rep=0, index=7): OrderedDict([('instruct_text', 'While reading, try to keep in mind the perspective and questions. '), ('this_pic', 'instructions_photos/i3.png')])
28.8770 	EXP 	welcome_2: autoDraw = False
28.8770 	EXP 	image_10: autoDraw = False
28.8770 	EXP 	welcome_2: text = 'While reading, try to keep in mind the perspective and questions. '
28.8770 	EXP 	image_10: image = 'instructions_photos/i3.png'
28.8770 	EXP 	welcome_2: autoDraw = True
28.8770 	EXP 	image_10: autoDraw = True
34.4972 	DATA 	Keypress: space
34.4996 	EXP 	New trial (rep=0, index=8): OrderedDict([('instruct_text', 'After you’re finished reading all the stories, you will be asked to recall the stories and answer questions about them. '), ('this_pic', 'instructions_photos/i4.png')])
34.8440 	EXP 	welcome_2: autoDraw = False
34.8440 	EXP 	image_10: autoDraw = False
34.8440 	EXP 	welcome_2: text = 'After you’re finished reading all the stories, you will be asked to recall the stories and answer questions about them. '
34.8440 	EXP 	image_10: image = 'instructions_photos/i4.png'
34.8440 	EXP 	welcome_2: autoDraw = True
34.8440 	EXP 	image_10: autoDraw = True
40.6639 	DATA 	Keypress: space
40.6662 	EXP 	New trial (rep=0, index=9): OrderedDict([('instruct_text', 'Try to remember the stories and the answers to the questions as you read them for these later tasks. '), ('this_pic', None)])
40.7117 	EXP 	welcome_2: autoDraw = False
40.7117 	EXP 	image_10: autoDraw = False
40.7117 	EXP 	welcome_2: text = 'Try to remember the stories and the answers to the questions as you read them for these later tasks. '
40.7117 	EXP 	image_10: image = None
40.7117 	EXP 	welcome_2: autoDraw = True
40.7117 	EXP 	image_10: autoDraw = True
50.4311 	DATA 	Keypress: space
50.4334 	EXP 	New trial (rep=0, index=10): OrderedDict([('instruct_text', 'Let’s begin! The 8 perspectives are as follows:'), ('this_pic', None)])
50.4624 	EXP 	welcome_2: autoDraw = False
50.4624 	EXP 	image_10: autoDraw = False
50.4624 	EXP 	welcome_2: text = 'Let’s begin! The 8 perspectives are as follows:'
50.4624 	EXP 	image_10: image = None
50.4624 	EXP 	welcome_2: autoDraw = True
50.4624 	EXP 	image_10: autoDraw = True
53.2983 	DATA 	Keypress: space
53.3206 	EXP 	Imported jobsPics.xlsx as conditions, 8 conditions, 2 params
53.3237 	EXP 	Created sequence: random, trialTypes=8, nReps=1, seed=None
53.3244 	EXP 	New trial (rep=0, index=0): OrderedDict([('rolePic', 'jobphotos/matchmaker.jpg'), ('job', 'Matchmaker')])
53.3792 	EXP 	welcome_2: autoDraw = False
53.3792 	EXP 	image_10: autoDraw = False
53.3792 	EXP 	image: image = 'jobphotos/matchmaker.jpg'
53.3792 	EXP 	text_2: text = 'Matchmaker'
53.3792 	EXP 	image: autoDraw = True
53.3792 	EXP 	text_2: autoDraw = True
55.0839 	DATA 	Keypress: space
55.0984 	EXP 	New trial (rep=0, index=1): OrderedDict([('rolePic', 'jobphotos/dean.jpg'), ('job', 'Dean of Academic Studies')])
55.1627 	EXP 	image: autoDraw = False
55.1627 	EXP 	text_2: autoDraw = False
55.1627 	EXP 	image: image = 'jobphotos/dean.jpg'
55.1627 	EXP 	text_2: text = 'Dean of Academic Studies'
55.1627 	EXP 	image: autoDraw = True
55.1627 	EXP 	text_2: autoDraw = True
55.9317 	DATA 	Keypress: space
55.9344 	EXP 	New trial (rep=0, index=2): OrderedDict([('rolePic', 'jobphotos/business_reporter.jpg'), ('job', 'Business Reporter')])
55.9955 	EXP 	image: autoDraw = False
55.9955 	EXP 	text_2: autoDraw = False
55.9955 	EXP 	image: image = 'jobphotos/business_reporter.jpg'
55.9955 	EXP 	text_2: text = 'Business Reporter'
55.9955 	EXP 	image: autoDraw = True
55.9955 	EXP 	text_2: autoDraw = True
56.3981 	DATA 	Keypress: space
56.4004 	EXP 	New trial (rep=0, index=3): OrderedDict([('rolePic', 'jobphotos/restaurant_critic.jpg'), ('job', 'Restaurant Critic')])
56.4628 	EXP 	image: autoDraw = False
56.4628 	EXP 	text_2: autoDraw = False
56.4628 	EXP 	image: image = 'jobphotos/restaurant_critic.jpg'
56.4628 	EXP 	text_2: text = 'Restaurant Critic'
56.4628 	EXP 	image: autoDraw = True
56.4628 	EXP 	text_2: autoDraw = True
56.7150 	DATA 	Keypress: space
56.7174 	EXP 	New trial (rep=0, index=4): OrderedDict([('rolePic', 'jobphotos/weddingplanner.jpg'), ('job', 'Wedding Planner')])
56.7789 	EXP 	image: autoDraw = False
56.7789 	EXP 	text_2: autoDraw = False
56.7789 	EXP 	image: image = 'jobphotos/weddingplanner.jpg'
56.7789 	EXP 	text_2: text = 'Wedding Planner'
56.7789 	EXP 	image: autoDraw = True
56.7789 	EXP 	text_2: autoDraw = True
57.3151 	DATA 	Keypress: space
57.3174 	EXP 	New trial (rep=0, index=5): OrderedDict([('rolePic', 'jobphotos/acem.jpg'), ('job', 'Airport Customer Experience Manager')])
57.3791 	EXP 	image: autoDraw = False
57.3791 	EXP 	text_2: autoDraw = False
57.3791 	EXP 	image: image = 'jobphotos/acem.jpg'
57.3791 	EXP 	text_2: text = 'Airport Customer Experience Manager'
57.3791 	EXP 	image: autoDraw = True
57.3791 	EXP 	text_2: autoDraw = True
57.5815 	DATA 	Keypress: space
57.5839 	EXP 	New trial (rep=0, index=6): OrderedDict([('rolePic', 'jobphotos/gscem.jpg'), ('job', 'Grocery Store Customer Experience Manager\n')])
57.6461 	EXP 	image: autoDraw = False
57.6461 	EXP 	text_2: autoDraw = False
57.6461 	EXP 	image: image = 'jobphotos/gscem.jpg'
57.6461 	EXP 	text_2: text = 'Grocery Store Customer Experience Manager\n'
57.6461 	EXP 	image: autoDraw = True
57.6461 	EXP 	text_2: autoDraw = True
57.8818 	DATA 	Keypress: space
57.8842 	EXP 	New trial (rep=0, index=7): OrderedDict([('rolePic', 'jobphotos/couples.jpeg'), ('job', 'Couples Therapist\n')])
57.8923 	WARNING 	Requested image 'jobphotos/couples.jpeg' not found but similar filename 'jobphotos/couples.jpg' exists. This will be used instead but changing the filename is advised.
57.9290 	EXP 	image: autoDraw = False
57.9290 	EXP 	text_2: autoDraw = False
57.9290 	EXP 	image: image = 'jobphotos/couples.jpeg'
57.9290 	EXP 	text_2: text = 'Couples Therapist\n'
57.9290 	EXP 	image: autoDraw = True
57.9290 	EXP 	text_2: autoDraw = True
58.1654 	DATA 	Keypress: space
58.1883 	EXP 	Imported instructions2.xlsx as conditions, 6 conditions, 2 params
58.1888 	EXP 	Created sequence: sequential, trialTypes=6, nReps=1, seed=None
58.1894 	EXP 	New trial (rep=0, index=0): OrderedDict([('instruct_text', 'You’ll become acquainted with these perspectives more in the following pre-task quizzes where you’ll learn the questions associated with each perspective. '), ('instruct_text2', None)])
58.2296 	EXP 	image: autoDraw = False
58.2296 	EXP 	text_2: autoDraw = False
58.2296 	EXP 	welcome: text = 'You’ll become acquainted with these perspectives more in the following pre-task quizzes where you’ll learn the questions associated with each perspective. '
58.2296 	EXP 	text_12: text = 'default text'
58.2296 	EXP 	welcome: autoDraw = True
58.2296 	EXP 	text_12: autoDraw = True
58.4650 	DATA 	Keypress: space
58.4677 	EXP 	New trial (rep=0, index=1): OrderedDict([('instruct_text', 'You’ll first go through all four questions for each perspective. '), ('instruct_text2', None)])
58.4963 	EXP 	welcome: autoDraw = False
58.4963 	EXP 	text_12: autoDraw = False
58.4963 	EXP 	welcome: text = 'You’ll first go through all four questions for each perspective. '
58.4963 	EXP 	text_12: text = 'default text'
58.4963 	EXP 	welcome: autoDraw = True
58.4963 	EXP 	text_12: autoDraw = True
62.7321 	DATA 	Keypress: space
62.7344 	EXP 	New trial (rep=0, index=2): OrderedDict([('instruct_text', 'Then, you’ll indicate the order in which you saw the questions during the quiz. '), ('instruct_text2', None)])
62.7799 	EXP 	welcome: autoDraw = False
62.7799 	EXP 	text_12: autoDraw = False
62.7799 	EXP 	welcome: text = 'Then, you’ll indicate the order in which you saw the questions during the quiz. '
62.7799 	EXP 	text_12: text = 'default text'
62.7799 	EXP 	welcome: autoDraw = True
62.7799 	EXP 	text_12: autoDraw = True
63.2152 	DATA 	Keypress: space
63.2181 	EXP 	New trial (rep=0, index=3): OrderedDict([('instruct_text', 'If you indicate the wrong question during the quiz, you’ll restart the learning.'), ('instruct_text2', None)])
63.2464 	EXP 	welcome: autoDraw = False
63.2464 	EXP 	text_12: autoDraw = False
63.2464 	EXP 	welcome: text = 'If you indicate the wrong question during the quiz, you’ll restart the learning.'
63.2464 	EXP 	text_12: text = 'default text'
63.2464 	EXP 	welcome: autoDraw = True
63.2464 	EXP 	text_12: autoDraw = True
66.3819 	DATA 	Keypress: space
66.3836 	EXP 	New trial (rep=0, index=4): OrderedDict([('instruct_text', 'After you’ve passed the learning for each perspective, you’ll have a round of final quizzes. '), ('instruct_text2', None)])
66.4296 	EXP 	welcome: autoDraw = False
66.4296 	EXP 	text_12: autoDraw = False
66.4296 	EXP 	welcome: text = 'After you’ve passed the learning for each perspective, you’ll have a round of final quizzes. '
66.4296 	EXP 	text_12: text = 'default text'
66.4296 	EXP 	welcome: autoDraw = True
66.4296 	EXP 	text_12: autoDraw = True
68.8993 	DATA 	Keypress: space
68.9017 	EXP 	New trial (rep=0, index=5): OrderedDict([('instruct_text', 'Press the space bar to begin the quizzes. '), ('instruct_text2', None)])
68.9303 	EXP 	welcome: autoDraw = False
68.9303 	EXP 	text_12: autoDraw = False
68.9303 	EXP 	welcome: text = 'Press the space bar to begin the quizzes. '
68.9303 	EXP 	text_12: text = 'default text'
68.9303 	EXP 	welcome: autoDraw = True
68.9303 	EXP 	text_12: autoDraw = True
69.9327 	DATA 	Keypress: space
69.9571 	EXP 	Imported whichRole.xlsx as conditions, 8 conditions, 8 params
69.9574 	EXP 	Created sequence: random, trialTypes=8, nReps=1, seed=None
69.9579 	EXP 	New trial (rep=0, index=0): OrderedDict([('Q1', 'Who notices whom first and why do they notice the other?\n'), ('Q2', 'How does the couple start talking?\n'), ('Q3', 'Which of the people proposes going on an actual date and what do they propose?\n'), ('Q4', 'Who leaves first and why do they have to go?\n'), ('D1', 'Is the couple going to get married?'), ('D2', 'Who shows more interest?'), ('roleName', 'Matchmaker'), ('rolePic', 'jobphotos/matchmaker.jpg')])
69.9582 	EXP 	Created sequence: sequential, trialTypes=1, nReps=5, seed=None
69.9585 	EXP 	New trial (rep=0, index=0): None
70.0137 	EXP 	welcome: autoDraw = False
70.0137 	EXP 	text_12: autoDraw = False
70.0137 	EXP 	text_18: text = 'Matchmaker'
70.0137 	EXP 	image_9: image = 'jobphotos/matchmaker.jpg'
70.0137 	EXP 	text_18: autoDraw = True
70.0137 	EXP 	image_9: autoDraw = True
70.5828 	DATA 	Keypress: space
70.6471 	EXP 	text_18: autoDraw = False
70.6471 	EXP 	image_9: autoDraw = False
70.6471 	EXP 	text_8: text = 'A: Who notices whom first and why do they notice the other?\n'
70.6471 	EXP 	text_9: text = 'Matchmaker'
70.6471 	EXP 	image_5: image = 'jobphotos/matchmaker.jpg'
70.6471 	EXP 	text_8: autoDraw = True
70.6471 	EXP 	text_9: autoDraw = True
70.6471 	EXP 	image_5: autoDraw = True
71.0015 	DATA 	Keypress: space
71.0805 	EXP 	text_8: autoDraw = False
71.0805 	EXP 	text_9: autoDraw = False
71.0805 	EXP 	image_5: autoDraw = False
71.0805 	EXP 	text_10: text = 'B: How does the couple start talking?\n'
71.0805 	EXP 	text_11: text = 'Matchmaker'
71.0805 	EXP 	image_6: image = 'jobphotos/matchmaker.jpg'
71.0805 	EXP 	text_10: autoDraw = True
71.0805 	EXP 	text_11: autoDraw = True
71.0805 	EXP 	image_6: autoDraw = True
71.3329 	DATA 	Keypress: space
71.3968 	EXP 	text_10: autoDraw = False
71.3968 	EXP 	text_11: autoDraw = False
71.3968 	EXP 	image_6: autoDraw = False
71.3968 	EXP 	text_13: text = 'C: Which of the people proposes going on an actual date and what do they propose?\n'
71.3968 	EXP 	text_14: text = 'Matchmaker'
71.3968 	EXP 	image_7: image = 'jobphotos/matchmaker.jpg'
71.3968 	EXP 	text_13: autoDraw = True
71.3968 	EXP 	text_14: autoDraw = True
71.3968 	EXP 	image_7: autoDraw = True
71.5352 	DATA 	Keypress: space
71.6138 	EXP 	text_13: autoDraw = False
71.6138 	EXP 	text_14: autoDraw = False
71.6138 	EXP 	image_7: autoDraw = False
71.6138 	EXP 	text_15: text = 'D: Who leaves first and why do they have to go?\n'
71.6138 	EXP 	text_16: text = 'Matchmaker'
71.6138 	EXP 	image_8: image = 'jobphotos/matchmaker.jpg'
71.6138 	EXP 	text_15: autoDraw = True
71.6138 	EXP 	text_16: autoDraw = True
71.6138 	EXP 	image_8: autoDraw = True
71.6995 	DATA 	Keypress: space
71.7135 	EXP 	text_15: autoDraw = False
71.7135 	EXP 	text_16: autoDraw = False
71.7135 	EXP 	image_8: autoDraw = False
71.7135 	EXP 	text_5: autoDraw = True
72.5825 	DATA 	Keypress: escape
72.8719 	EXP 	window1: mouseVisible = True
