6.3341 	WARNING 	User requested fullscreen with size [1024  768], but screen is actually [2560, 1440]. Using actual size
7.1502 	EXP 	Created window1 = Window(allowGUI=False, allowStencil=False, args=UNKNOWN, autoLog=True, bitsMode=UNKNOWN, blendMode='avg', color=array([0., 0., 0.]), colorSpace='rgb', fullscr=<method-wrapper '__getattribute__' of attributeSetter object at 0x1270e1d68>, gamma=None, kwargs=UNKNOWN, lms=UNKNOWN, monitor=<psychopy.monitors.calibTools.Monitor object at 0x1231064a8>, multiSample=False, name='window1', numSamples=2, pos=[0.0, 0.0], screen=0, size=array([5120, 2880]), stereo=False, units='norm', useFBO=True, useRetina=True, viewOri=0.0, viewPos=None, viewScale=None, waitBlanking=True, winType='pyglet')
7.1502 	EXP 	window1: recordFrameIntervals = False
7.3163 	EXP 	window1: recordFrameIntervals = True
7.5000 	EXP 	window1: recordFrameIntervals = False
7.5835 	EXP 	Created welcome = TextStim(__class__=<class 'psychopy.visual.text.TextStim'>, alignHoriz='center', alignVert='center', antialias=True, autoLog=True, bold=False, color='white', colorSpace='named', contrast=1.0, depth=0.0, flipHoriz=False, flipVert=False, font='Arial', fontFiles=[], height=0.1, italic=False, languageStyle='LTR', name='welcome', opacity=1.0, ori=0, pos=array([0., 0.]), rgb=array([255., 255., 255.]), text='default text', units='norm', win=Window(...), wrapWidth=1)
7.5867 	EXP 	Created text_12 = TextStim(__class__=<class 'psychopy.visual.text.TextStim'>, alignHoriz='center', alignVert='center', antialias=True, autoLog=True, bold=False, color='white', colorSpace='named', contrast=1.0, depth=-2.0, flipHoriz=False, flipVert=False, font='Arial', fontFiles=[], height=0.1, italic=False, languageStyle='LTR', name='text_12', opacity=1.0, ori=0, pos=array([ 0. , -0.6]), rgb=array([255., 255., 255.]), text='default text', units='norm', win=Window(...), wrapWidth=1)
7.6126 	EXP 	Created image = ImageStim(__class__=<class 'psychopy.visual.image.ImageStim'>, autoLog=True, color=array([1., 1., 1.]), colorSpace='rgb', contrast=1.0, depth=0.0, flipHoriz=False, flipVert=False, image='sin', interpolate=True, mask=None, maskParams=None, name='image', opacity=1.0, ori=0.0, pos=array([0., 0.]), size=array([0.5, 0.5]), texRes=128, units='norm', win=Window(...))
7.6160 	EXP 	Created text_2 = TextStim(__class__=<class 'psychopy.visual.text.TextStim'>, alignHoriz='center', alignVert='center', antialias=True, autoLog=True, bold=False, color='white', colorSpace='named', contrast=1.0, depth=-2.0, flipHoriz=False, flipVert=False, font='Arial', fontFiles=[], height=0.1, italic=False, languageStyle='LTR', name='text_2', opacity=1.0, ori=0, pos=array([ 0. , -0.5]), rgb=array([255., 255., 255.]), text='default text', units='norm', win=Window(...), wrapWidth=1)
7.6192 	EXP 	Created welcome = TextStim(__class__=<class 'psychopy.visual.text.TextStim'>, alignHoriz='center', alignVert='center', antialias=True, autoLog=True, bold=False, color='white', colorSpace='named', contrast=1.0, depth=0.0, flipHoriz=False, flipVert=False, font='Arial', fontFiles=[], height=0.1, italic=False, languageStyle='LTR', name='welcome', opacity=1.0, ori=0, pos=array([0., 0.]), rgb=array([255., 255., 255.]), text='default text', units='norm', win=Window(...), wrapWidth=1)
7.6227 	EXP 	Created text_12 = TextStim(__class__=<class 'psychopy.visual.text.TextStim'>, alignHoriz='center', alignVert='center', antialias=True, autoLog=True, bold=False, color='white', colorSpace='named', contrast=1.0, depth=-2.0, flipHoriz=False, flipVert=False, font='Arial', fontFiles=[], height=0.1, italic=False, languageStyle='LTR', name='text_12', opacity=1.0, ori=0, pos=array([ 0. , -0.6]), rgb=array([255., 255., 255.]), text='default text', units='norm', win=Window(...), wrapWidth=1)
7.6259 	EXP 	Created text_18 = TextStim(__class__=<class 'psychopy.visual.text.TextStim'>, alignHoriz='center', alignVert='center', antialias=True, autoLog=True, bold=False, color='white', colorSpace='named', contrast=1.0, depth=0.0, flipHoriz=False, flipVert=False, font='Arial', fontFiles=[], height=0.1, italic=False, languageStyle='LTR', name='text_18', opacity=1.0, ori=0, pos=array([-0.25,  0.25]), rgb=array([255., 255., 255.]), text='default text', units='norm', win=Window(...), wrapWidth=0.5)
7.6272 	EXP 	Created image_9 = ImageStim(__class__=<class 'psychopy.visual.image.ImageStim'>, autoLog=True, color=array([1., 1., 1.]), colorSpace='rgb', contrast=1.0, depth=-1.0, flipHoriz=False, flipVert=False, image='sin', interpolate=True, mask=None, maskParams=None, name='image_9', opacity=1.0, ori=0.0, pos=array([0.25, 0.25]), size=array([0.5, 0.5]), texRes=128, units='norm', win=Window(...))
7.6305 	EXP 	Created text_8 = TextStim(__class__=<class 'psychopy.visual.text.TextStim'>, alignHoriz='center', alignVert='center', antialias=True, autoLog=True, bold=False, color='white', colorSpace='named', contrast=1.0, depth=0.0, flipHoriz=False, flipVert=False, font='Arial', fontFiles=[], height=0.1, italic=False, languageStyle='LTR', name='text_8', opacity=1.0, ori=0, pos=array([ 0. , -0.4]), rgb=array([255., 255., 255.]), text='default text', units='norm', win=Window(...), wrapWidth=1)
7.6337 	EXP 	Created text_9 = TextStim(__class__=<class 'psychopy.visual.text.TextStim'>, alignHoriz='center', alignVert='center', antialias=True, autoLog=True, bold=False, color='white', colorSpace='named', contrast=1.0, depth=-1.0, flipHoriz=False, flipVert=False, font='Arial', fontFiles=[], height=0.1, italic=False, languageStyle='LTR', name='text_9', opacity=1.0, ori=0, pos=array([-0.25,  0.25]), rgb=array([255., 255., 255.]), text='default text', units='norm', win=Window(...), wrapWidth=0.5)
7.6349 	EXP 	Created image_5 = ImageStim(__class__=<class 'psychopy.visual.image.ImageStim'>, autoLog=True, color=array([1., 1., 1.]), colorSpace='rgb', contrast=1.0, depth=-2.0, flipHoriz=False, flipVert=False, image='sin', interpolate=True, mask=None, maskParams=None, name='image_5', opacity=1.0, ori=0.0, pos=array([0.25, 0.25]), size=array([0.5, 0.5]), texRes=128, units='norm', win=Window(...))
7.6384 	EXP 	Created text_10 = TextStim(__class__=<class 'psychopy.visual.text.TextStim'>, alignHoriz='center', alignVert='center', antialias=True, autoLog=True, bold=False, color='white', colorSpace='named', contrast=1.0, depth=0.0, flipHoriz=False, flipVert=False, font='Arial', fontFiles=[], height=0.1, italic=False, languageStyle='LTR', name='text_10', opacity=1.0, ori=0, pos=array([ 0. , -0.4]), rgb=array([255., 255., 255.]), text='default text', units='norm', win=Window(...), wrapWidth=1)
7.6416 	EXP 	Created text_11 = TextStim(__class__=<class 'psychopy.visual.text.TextStim'>, alignHoriz='center', alignVert='center', antialias=True, autoLog=True, bold=False, color='white', colorSpace='named', contrast=1.0, depth=-1.0, flipHoriz=False, flipVert=False, font='Arial', fontFiles=[], height=0.1, italic=False, languageStyle='LTR', name='text_11', opacity=1.0, ori=0, pos=array([-0.25,  0.25]), rgb=array([255., 255., 255.]), text='default text', units='norm', win=Window(...), wrapWidth=0.5)
7.6428 	EXP 	Created image_6 = ImageStim(__class__=<class 'psychopy.visual.image.ImageStim'>, autoLog=True, color=array([1., 1., 1.]), colorSpace='rgb', contrast=1.0, depth=-2.0, flipHoriz=False, flipVert=False, image='sin', interpolate=True, mask=None, maskParams=None, name='image_6', opacity=1.0, ori=0.0, pos=array([0.25, 0.25]), size=array([0.5, 0.5]), texRes=128, units='norm', win=Window(...))
7.6460 	EXP 	Created text_13 = TextStim(__class__=<class 'psychopy.visual.text.TextStim'>, alignHoriz='center', alignVert='center', antialias=True, autoLog=True, bold=False, color='white', colorSpace='named', contrast=1.0, depth=0.0, flipHoriz=False, flipVert=False, font='Arial', fontFiles=[], height=0.1, italic=False, languageStyle='LTR', name='text_13', opacity=1.0, ori=0, pos=array([ 0. , -0.4]), rgb=array([255., 255., 255.]), text='default text', units='norm', win=Window(...), wrapWidth=1)
7.6493 	EXP 	Created text_14 = TextStim(__class__=<class 'psychopy.visual.text.TextStim'>, alignHoriz='center', alignVert='center', antialias=True, autoLog=True, bold=False, color='white', colorSpace='named', contrast=1.0, depth=-1.0, flipHoriz=False, flipVert=False, font='Arial', fontFiles=[], height=0.1, italic=False, languageStyle='LTR', name='text_14', opacity=1.0, ori=0, pos=array([-0.25,  0.25]), rgb=array([255., 255., 255.]), text='default text', units='norm', win=Window(...), wrapWidth=0.5)
7.6505 	EXP 	Created image_7 = ImageStim(__class__=<class 'psychopy.visual.image.ImageStim'>, autoLog=True, color=array([1., 1., 1.]), colorSpace='rgb', contrast=1.0, depth=-2.0, flipHoriz=False, flipVert=False, image='sin', interpolate=True, mask=None, maskParams=None, name='image_7', opacity=1.0, ori=0.0, pos=array([0.25, 0.25]), size=array([0.5, 0.5]), texRes=128, units='norm', win=Window(...))
7.6549 	EXP 	Created text_15 = TextStim(__class__=<class 'psychopy.visual.text.TextStim'>, alignHoriz='center', alignVert='center', antialias=True, autoLog=True, bold=False, color='white', colorSpace='named', contrast=1.0, depth=0.0, flipHoriz=False, flipVert=False, font='Arial', fontFiles=[], height=0.1, italic=False, languageStyle='LTR', name='text_15', opacity=1.0, ori=0, pos=array([ 0. , -0.4]), rgb=array([255., 255., 255.]), text='default text', units='norm', win=Window(...), wrapWidth=1)
7.6583 	EXP 	Created text_16 = TextStim(__class__=<class 'psychopy.visual.text.TextStim'>, alignHoriz='center', alignVert='center', antialias=True, autoLog=True, bold=False, color='white', colorSpace='named', contrast=1.0, depth=-1.0, flipHoriz=False, flipVert=False, font='Arial', fontFiles=[], height=0.1, italic=False, languageStyle='LTR', name='text_16', opacity=1.0, ori=0, pos=array([-0.25,  0.25]), rgb=array([255., 255., 255.]), text='default text', units='norm', win=Window(...), wrapWidth=0.5)
7.6596 	EXP 	Created image_8 = ImageStim(__class__=<class 'psychopy.visual.image.ImageStim'>, autoLog=True, color=array([1., 1., 1.]), colorSpace='rgb', contrast=1.0, depth=-2.0, flipHoriz=False, flipVert=False, image='sin', interpolate=True, mask=None, maskParams=None, name='image_8', opacity=1.0, ori=0.0, pos=array([0.25, 0.25]), size=array([0.5, 0.5]), texRes=128, units='norm', win=Window(...))
7.6822 	EXP 	Created text_5 = TextStim(__class__=<class 'psychopy.visual.text.TextStim'>, alignHoriz='center', alignVert='center', antialias=True, autoLog=True, bold=False, color='white', colorSpace='named', contrast=1.0, depth=0.0, flipHoriz=False, flipVert=False, font='Arial', fontFiles=[], height=0.1, italic=False, languageStyle='LTR', name='text_5', opacity=1.0, ori=0, pos=array([0., 0.]), rgb=array([255., 255., 255.]), text=str(...), units='norm', win=Window(...), wrapWidth=1)
7.6855 	EXP 	Created question1_2 = TextStim(__class__=<class 'psychopy.visual.text.TextStim'>, alignHoriz='center', alignVert='center', antialias=True, autoLog=True, bold=False, color='white', colorSpace='named', contrast=1.0, depth=-1.0, flipHoriz=False, flipVert=False, font='Arial', fontFiles=[], height=0.1, italic=False, languageStyle='LTR', name='question1_2', opacity=1.0, ori=0, pos=array([0. , 0.6]), rgb=array([255., 255., 255.]), text='default text', units='norm', win=Window(...), wrapWidth=2)
7.6887 	EXP 	Created question2_2 = TextStim(__class__=<class 'psychopy.visual.text.TextStim'>, alignHoriz='center', alignVert='center', antialias=True, autoLog=True, bold=False, color='white', colorSpace='named', contrast=1.0, depth=-2.0, flipHoriz=False, flipVert=False, font='Arial', fontFiles=[], height=0.1, italic=False, languageStyle='LTR', name='question2_2', opacity=1.0, ori=0, pos=array([0.  , 0.35]), rgb=array([255., 255., 255.]), text='default text', units='norm', win=Window(...), wrapWidth=2)
7.6921 	EXP 	Created question3_2 = TextStim(__class__=<class 'psychopy.visual.text.TextStim'>, alignHoriz='center', alignVert='center', antialias=True, autoLog=True, bold=False, color='white', colorSpace='named', contrast=1.0, depth=-3.0, flipHoriz=False, flipVert=False, font='Arial', fontFiles=[], height=0.1, italic=False, languageStyle='LTR', name='question3_2', opacity=1.0, ori=0, pos=array([0.  , 0.12]), rgb=array([255., 255., 255.]), text='default text', units='norm', win=Window(...), wrapWidth=2)
7.6953 	EXP 	Created question4_2 = TextStim(__class__=<class 'psychopy.visual.text.TextStim'>, alignHoriz='center', alignVert='center', antialias=True, autoLog=True, bold=False, color='white', colorSpace='named', contrast=1.0, depth=-4.0, flipHoriz=False, flipVert=False, font='Arial', fontFiles=[], height=0.1, italic=False, languageStyle='LTR', name='question4_2', opacity=1.0, ori=0, pos=array([ 0.  , -0.12]), rgb=array([255., 255., 255.]), text='default text', units='norm', win=Window(...), wrapWidth=2)
7.6985 	EXP 	Created question5_2 = TextStim(__class__=<class 'psychopy.visual.text.TextStim'>, alignHoriz='center', alignVert='center', antialias=True, autoLog=True, bold=False, color='white', colorSpace='named', contrast=1.0, depth=-5.0, flipHoriz=False, flipVert=False, font='Arial', fontFiles=[], height=0.1, italic=False, languageStyle='LTR', name='question5_2', opacity=1.0, ori=0, pos=array([ 0.  , -0.35]), rgb=array([255., 255., 255.]), text='default text', units='norm', win=Window(...), wrapWidth=2)
7.7017 	EXP 	Created question6_2 = TextStim(__class__=<class 'psychopy.visual.text.TextStim'>, alignHoriz='center', alignVert='center', antialias=True, autoLog=True, bold=False, color='white', colorSpace='named', contrast=1.0, depth=-6.0, flipHoriz=False, flipVert=False, font='Arial', fontFiles=[], height=0.1, italic=False, languageStyle='LTR', name='question6_2', opacity=1.0, ori=0, pos=array([ 0. , -0.6]), rgb=array([255., 255., 255.]), text='default text', units='norm', win=Window(...), wrapWidth=2)
7.7030 	EXP 	Created image_3 = ImageStim(__class__=<class 'psychopy.visual.image.ImageStim'>, autoLog=True, color=array([1., 1., 1.]), colorSpace='rgb', contrast=1.0, depth=-8.0, flipHoriz=False, flipVert=False, image='sin', interpolate=True, mask=None, maskParams=None, name='image_3', opacity=1.0, ori=0.0, pos=array([ 0.  , -0.85]), size=array([0.25 , 0.125]), texRes=128, units='norm', win=Window(...))
7.7078 	EXP 	Created text_3 = TextStim(__class__=<class 'psychopy.visual.text.TextStim'>, alignHoriz='center', alignVert='center', antialias=True, autoLog=True, bold=False, color='white', colorSpace='named', contrast=1.0, depth=0.0, flipHoriz=False, flipVert=False, font='Arial', fontFiles=[], height=0.1, italic=False, languageStyle='LTR', name='text_3', opacity=1.0, ori=0, pos=array([0., 0.]), rgb=array([255., 255., 255.]), text='Final Tests', units='norm', win=Window(...), wrapWidth=1)
7.7090 	EXP 	Created image_2 = ImageStim(__class__=<class 'psychopy.visual.image.ImageStim'>, autoLog=True, color=array([1., 1., 1.]), colorSpace='rgb', contrast=1.0, depth=0.0, flipHoriz=False, flipVert=False, image='sin', interpolate=True, mask=None, maskParams=None, name='image_2', opacity=1.0, ori=0.0, pos=array([0., 0.]), size=array([0.5, 0.5]), texRes=128, units='norm', win=Window(...))
7.7123 	EXP 	Created text_4 = TextStim(__class__=<class 'psychopy.visual.text.TextStim'>, alignHoriz='center', alignVert='center', antialias=True, autoLog=True, bold=False, color='white', colorSpace='named', contrast=1.0, depth=-2.0, flipHoriz=False, flipVert=False, font='Arial', fontFiles=[], height=0.1, italic=False, languageStyle='LTR', name='text_4', opacity=1.0, ori=0, pos=array([ 0. , -0.5]), rgb=array([255., 255., 255.]), text='default text', units='norm', win=Window(...), wrapWidth=1)
7.7155 	EXP 	Created question1_3 = TextStim(__class__=<class 'psychopy.visual.text.TextStim'>, alignHoriz='center', alignVert='center', antialias=True, autoLog=True, bold=False, color='white', colorSpace='named', contrast=1.0, depth=-1.0, flipHoriz=False, flipVert=False, font='Arial', fontFiles=[], height=0.1, italic=False, languageStyle='LTR', name='question1_3', opacity=1.0, ori=0, pos=array([0. , 0.6]), rgb=array([255., 255., 255.]), text='default text', units='norm', win=Window(...), wrapWidth=2)
7.7187 	EXP 	Created question2_3 = TextStim(__class__=<class 'psychopy.visual.text.TextStim'>, alignHoriz='center', alignVert='center', antialias=True, autoLog=True, bold=False, color='white', colorSpace='named', contrast=1.0, depth=-2.0, flipHoriz=False, flipVert=False, font='Arial', fontFiles=[], height=0.1, italic=False, languageStyle='LTR', name='question2_3', opacity=1.0, ori=0, pos=array([0.  , 0.35]), rgb=array([255., 255., 255.]), text='default text', units='norm', win=Window(...), wrapWidth=2)
7.7220 	EXP 	Created question3_3 = TextStim(__class__=<class 'psychopy.visual.text.TextStim'>, alignHoriz='center', alignVert='center', antialias=True, autoLog=True, bold=False, color='white', colorSpace='named', contrast=1.0, depth=-3.0, flipHoriz=False, flipVert=False, font='Arial', fontFiles=[], height=0.1, italic=False, languageStyle='LTR', name='question3_3', opacity=1.0, ori=0, pos=array([0.  , 0.12]), rgb=array([255., 255., 255.]), text='default text', units='norm', win=Window(...), wrapWidth=2)
7.7253 	EXP 	Created question4_3 = TextStim(__class__=<class 'psychopy.visual.text.TextStim'>, alignHoriz='center', alignVert='center', antialias=True, autoLog=True, bold=False, color='white', colorSpace='named', contrast=1.0, depth=-4.0, flipHoriz=False, flipVert=False, font='Arial', fontFiles=[], height=0.1, italic=False, languageStyle='LTR', name='question4_3', opacity=1.0, ori=0, pos=array([ 0.  , -0.12]), rgb=array([255., 255., 255.]), text='default text', units='norm', win=Window(...), wrapWidth=2)
7.7286 	EXP 	Created question5_3 = TextStim(__class__=<class 'psychopy.visual.text.TextStim'>, alignHoriz='center', alignVert='center', antialias=True, autoLog=True, bold=False, color='white', colorSpace='named', contrast=1.0, depth=-5.0, flipHoriz=False, flipVert=False, font='Arial', fontFiles=[], height=0.1, italic=False, languageStyle='LTR', name='question5_3', opacity=1.0, ori=0, pos=array([ 0.  , -0.35]), rgb=array([255., 255., 255.]), text='default text', units='norm', win=Window(...), wrapWidth=2)
7.7318 	EXP 	Created question6_3 = TextStim(__class__=<class 'psychopy.visual.text.TextStim'>, alignHoriz='center', alignVert='center', antialias=True, autoLog=True, bold=False, color='white', colorSpace='named', contrast=1.0, depth=-6.0, flipHoriz=False, flipVert=False, font='Arial', fontFiles=[], height=0.1, italic=False, languageStyle='LTR', name='question6_3', opacity=1.0, ori=0, pos=array([ 0. , -0.6]), rgb=array([255., 255., 255.]), text='default text', units='norm', win=Window(...), wrapWidth=2)
7.7331 	EXP 	Created image_4 = ImageStim(__class__=<class 'psychopy.visual.image.ImageStim'>, autoLog=True, color=array([1., 1., 1.]), colorSpace='rgb', contrast=1.0, depth=-8.0, flipHoriz=False, flipVert=False, image='sin', interpolate=True, mask=None, maskParams=None, name='image_4', opacity=1.0, ori=0.0, pos=array([ 0.  , -0.85]), size=array([0.25 , 0.125]), texRes=128, units='norm', win=Window(...))
7.7363 	EXP 	Created text_6 = TextStim(__class__=<class 'psychopy.visual.text.TextStim'>, alignHoriz='center', alignVert='center', antialias=True, autoLog=True, bold=False, color='white', colorSpace='named', contrast=1.0, depth=-1.0, flipHoriz=False, flipVert=False, font='Arial', fontFiles=[], height=0.1, italic=False, languageStyle='LTR', name='text_6', opacity=1.0, ori=0, pos=array([0., 0.]), rgb=array([255., 255., 255.]), text='default text', units='norm', win=Window(...), wrapWidth=1)
7.7403 	EXP 	Created text = TextStim(__class__=<class 'psychopy.visual.text.TextStim'>, alignHoriz='center', alignVert='center', antialias=True, autoLog=True, bold=False, color='white', colorSpace='named', contrast=1.0, depth=0.0, flipHoriz=False, flipVert=False, font='Arial', fontFiles=[], height=0.1, italic=False, languageStyle='LTR', name='text', opacity=1.0, ori=0, pos=array([0., 0.]), rgb=array([255., 255., 255.]), text='end of introduction', units='norm', win=Window(...), wrapWidth=1)
7.7598 	EXP 	Imported instructions.xlsx as conditions, 7 conditions, 2 params
7.7600 	EXP 	Created sequence: sequential, trialTypes=7, nReps=1, seed=None
7.7602 	EXP 	New trial (rep=0, index=0): OrderedDict([('instruct_text', 'Welcome to the Job Simulator Task!'), ('instruct_text2', '(press the space bar to continue)')])
7.7999 	EXP 	welcome: text = 'Welcome to the Job Simulator Task!'
7.7999 	EXP 	text_12: text = '(press the space bar to continue)'
7.7999 	EXP 	welcome: autoDraw = True
7.7999 	EXP 	text_12: autoDraw = True
8.1362 	DATA 	Keypress: space
8.1371 	EXP 	New trial (rep=0, index=1): OrderedDict([('instruct_text', 'In this task, you first be introduced to the perspectives of 8 different careers. '), ('instruct_text2', None)])
8.1664 	EXP 	welcome: autoDraw = False
8.1664 	EXP 	text_12: autoDraw = False
8.1664 	EXP 	welcome: text = 'In this task, you first be introduced to the perspectives of 8 different careers. '
8.1664 	EXP 	text_12: text = '(press the space bar to continue)'
8.1664 	EXP 	welcome: autoDraw = True
8.1664 	EXP 	text_12: autoDraw = True
10.2681 	DATA 	Keypress: space
10.2688 	EXP 	New trial (rep=0, index=2): OrderedDict([('instruct_text', 'Then, you will learn 4 questions associated with each perspective. '), ('instruct_text2', None)])
10.2997 	EXP 	welcome: autoDraw = False
10.2997 	EXP 	text_12: autoDraw = False
10.2997 	EXP 	welcome: text = 'Then, you will learn 4 questions associated with each perspective. '
10.2997 	EXP 	text_12: text = '(press the space bar to continue)'
10.2997 	EXP 	welcome: autoDraw = True
10.2997 	EXP 	text_12: autoDraw = True
10.4520 	DATA 	Keypress: space
10.4527 	EXP 	New trial (rep=0, index=3): OrderedDict([('instruct_text', 'Subsequently, you will thoroughly read 16 stories while assuming one of those 8 perspectives. '), ('instruct_text2', None)])
10.4826 	EXP 	welcome: autoDraw = False
10.4826 	EXP 	text_12: autoDraw = False
10.4826 	EXP 	welcome: text = 'Subsequently, you will thoroughly read 16 stories while assuming one of those 8 perspectives. '
10.4826 	EXP 	text_12: text = '(press the space bar to continue)'
10.4826 	EXP 	welcome: autoDraw = True
10.4826 	EXP 	text_12: autoDraw = True
10.6012 	DATA 	Keypress: space
10.6021 	EXP 	New trial (rep=0, index=4): OrderedDict([('instruct_text', 'While reading, try to remember the questions of the perspective you have assumed. '), ('instruct_text2', None)])
10.6330 	EXP 	welcome: autoDraw = False
10.6330 	EXP 	text_12: autoDraw = False
10.6330 	EXP 	welcome: text = 'While reading, try to remember the questions of the perspective you have assumed. '
10.6330 	EXP 	text_12: text = '(press the space bar to continue)'
10.6330 	EXP 	welcome: autoDraw = True
10.6330 	EXP 	text_12: autoDraw = True
10.7346 	DATA 	Keypress: space
10.7353 	EXP 	New trial (rep=0, index=5): OrderedDict([('instruct_text', 'After, you will be asked to answer these questions about the stories you have read. '), ('instruct_text2', None)])
10.7665 	EXP 	welcome: autoDraw = False
10.7665 	EXP 	text_12: autoDraw = False
10.7665 	EXP 	welcome: text = 'After, you will be asked to answer these questions about the stories you have read. '
10.7665 	EXP 	text_12: text = '(press the space bar to continue)'
10.7665 	EXP 	welcome: autoDraw = True
10.7665 	EXP 	text_12: autoDraw = True
10.8852 	DATA 	Keypress: space
10.8861 	EXP 	New trial (rep=0, index=6): OrderedDict([('instruct_text', 'The 8 perspectives are as follows:'), ('instruct_text2', None)])
10.9163 	EXP 	welcome: autoDraw = False
10.9163 	EXP 	text_12: autoDraw = False
10.9163 	EXP 	welcome: text = 'The 8 perspectives are as follows:'
10.9163 	EXP 	text_12: text = '(press the space bar to continue)'
10.9163 	EXP 	welcome: autoDraw = True
10.9163 	EXP 	text_12: autoDraw = True
11.1511 	DATA 	Keypress: space
11.1560 	EXP 	Imported jobsPics.xlsx as conditions, 8 conditions, 2 params
11.1605 	EXP 	Created sequence: random, trialTypes=8, nReps=1, seed=None
11.1607 	EXP 	New trial (rep=0, index=0): OrderedDict([('rolePic', 'jobphotos/matchmaker.jpg'), ('job', 'Matchmaker')])
11.2663 	EXP 	welcome: autoDraw = False
11.2663 	EXP 	text_12: autoDraw = False
11.2663 	EXP 	image: image = 'jobphotos/matchmaker.jpg'
11.2663 	EXP 	text_2: text = 'Matchmaker'
11.2663 	EXP 	image: autoDraw = True
11.2663 	EXP 	text_2: autoDraw = True
11.3178 	DATA 	Keypress: space
11.3186 	EXP 	New trial (rep=0, index=1): OrderedDict([('rolePic', 'jobphotos/acem.jpg'), ('job', 'Airport Customer Experience Manager')])
11.3768 	EXP 	image: autoDraw = False
11.3768 	EXP 	text_2: autoDraw = False
11.3768 	EXP 	image: image = 'jobphotos/acem.jpg'
11.3768 	EXP 	text_2: text = 'Airport Customer Experience Manager'
11.3768 	EXP 	image: autoDraw = True
11.3768 	EXP 	text_2: autoDraw = True
11.4519 	DATA 	Keypress: space
11.4525 	EXP 	New trial (rep=0, index=2): OrderedDict([('rolePic', 'jobphotos/gscem.jpg'), ('job', 'Grocery Store Customer Experience Manager\n')])
11.4996 	EXP 	image: autoDraw = False
11.4996 	EXP 	text_2: autoDraw = False
11.4996 	EXP 	image: image = 'jobphotos/gscem.jpg'
11.4996 	EXP 	text_2: text = 'Grocery Store Customer Experience Manager\n'
11.4996 	EXP 	image: autoDraw = True
11.4996 	EXP 	text_2: autoDraw = True
11.5846 	DATA 	Keypress: space
11.5853 	EXP 	New trial (rep=0, index=3): OrderedDict([('rolePic', 'jobphotos/couples.jpeg'), ('job', 'Couples Therapist\n')])
11.5855 	WARNING 	Requested image 'jobphotos/couples.jpeg' not found but similar filename 'jobphotos/couples.jpg' exists. This will be used instead but changing the filename is advised.
11.6336 	EXP 	image: autoDraw = False
11.6336 	EXP 	text_2: autoDraw = False
11.6336 	EXP 	image: image = 'jobphotos/couples.jpeg'
11.6336 	EXP 	text_2: text = 'Couples Therapist\n'
11.6336 	EXP 	image: autoDraw = True
11.6336 	EXP 	text_2: autoDraw = True
11.7361 	DATA 	Keypress: space
11.7368 	EXP 	New trial (rep=0, index=4): OrderedDict([('rolePic', 'jobphotos/restaurant_critic.jpg'), ('job', 'Restaurant Critic')])
11.7846 	EXP 	image: autoDraw = False
11.7846 	EXP 	text_2: autoDraw = False
11.7846 	EXP 	image: image = 'jobphotos/restaurant_critic.jpg'
11.7846 	EXP 	text_2: text = 'Restaurant Critic'
11.7846 	EXP 	image: autoDraw = True
11.7846 	EXP 	text_2: autoDraw = True
11.8523 	DATA 	Keypress: space
11.8530 	EXP 	New trial (rep=0, index=5): OrderedDict([('rolePic', 'jobphotos/weddingplanner.jpg'), ('job', 'Wedding Planner')])
11.9016 	EXP 	image: autoDraw = False
11.9016 	EXP 	text_2: autoDraw = False
11.9016 	EXP 	image: image = 'jobphotos/weddingplanner.jpg'
11.9016 	EXP 	text_2: text = 'Wedding Planner'
11.9016 	EXP 	image: autoDraw = True
11.9016 	EXP 	text_2: autoDraw = True
12.0019 	DATA 	Keypress: space
12.0025 	EXP 	New trial (rep=0, index=6): OrderedDict([('rolePic', 'jobphotos/business_reporter.jpg'), ('job', 'Business Reporter')])
12.0506 	EXP 	image: autoDraw = False
12.0506 	EXP 	text_2: autoDraw = False
12.0506 	EXP 	image: image = 'jobphotos/business_reporter.jpg'
12.0506 	EXP 	text_2: text = 'Business Reporter'
12.0506 	EXP 	image: autoDraw = True
12.0506 	EXP 	text_2: autoDraw = True
12.1521 	DATA 	Keypress: space
12.1527 	EXP 	New trial (rep=0, index=7): OrderedDict([('rolePic', 'jobphotos/dean.jpg'), ('job', 'Dean of Academic Studies')])
12.2007 	EXP 	image: autoDraw = False
12.2007 	EXP 	text_2: autoDraw = False
12.2007 	EXP 	image: image = 'jobphotos/dean.jpg'
12.2007 	EXP 	text_2: text = 'Dean of Academic Studies'
12.2007 	EXP 	image: autoDraw = True
12.2007 	EXP 	text_2: autoDraw = True
12.2863 	DATA 	Keypress: space
12.2913 	EXP 	Imported instructions2.xlsx as conditions, 10 conditions, 2 params
12.2915 	EXP 	Created sequence: sequential, trialTypes=10, nReps=1, seed=None
12.2917 	EXP 	New trial (rep=0, index=0): OrderedDict([('instruct_text', 'In addition to reading all 16 stories, your task will be to answer perspective-related questions about each story.\n'), ('instruct_text2', '(press the space bar to continue)')])
12.3180 	EXP 	image: autoDraw = False
12.3180 	EXP 	text_2: autoDraw = False
12.3180 	EXP 	welcome: text = 'In addition to reading all 16 stories, your task will be to answer perspective-related questions about each story.\n'
12.3180 	EXP 	text_12: text = '(press the space bar to continue)'
12.3180 	EXP 	welcome: autoDraw = True
12.3180 	EXP 	text_12: autoDraw = True
12.4360 	DATA 	Keypress: space
12.4368 	EXP 	New trial (rep=0, index=1): OrderedDict([('instruct_text', 'You will answer the questions about each story after reading all 16 stories. '), ('instruct_text2', None)])
12.4683 	EXP 	welcome: autoDraw = False
12.4683 	EXP 	text_12: autoDraw = False
12.4683 	EXP 	welcome: text = 'You will answer the questions about each story after reading all 16 stories. '
12.4683 	EXP 	text_12: text = '(press the space bar to continue)'
12.4683 	EXP 	welcome: autoDraw = True
12.4683 	EXP 	text_12: autoDraw = True
12.5861 	DATA 	Keypress: space
12.5868 	EXP 	New trial (rep=0, index=2): OrderedDict([('instruct_text', 'There will be four questions to answer per story.'), ('instruct_text2', None)])
12.6174 	EXP 	welcome: autoDraw = False
12.6174 	EXP 	text_12: autoDraw = False
12.6174 	EXP 	welcome: text = 'There will be four questions to answer per story.'
12.6174 	EXP 	text_12: text = '(press the space bar to continue)'
12.6174 	EXP 	welcome: autoDraw = True
12.6174 	EXP 	text_12: autoDraw = True
12.7364 	DATA 	Keypress: space
12.7370 	EXP 	New trial (rep=0, index=3): OrderedDict([('instruct_text', 'These questions are determined by the perspective you take during the story. '), ('instruct_text2', None)])
12.7683 	EXP 	welcome: autoDraw = False
12.7683 	EXP 	text_12: autoDraw = False
12.7683 	EXP 	welcome: text = 'These questions are determined by the perspective you take during the story. '
12.7683 	EXP 	text_12: text = '(press the space bar to continue)'
12.7683 	EXP 	welcome: autoDraw = True
12.7683 	EXP 	text_12: autoDraw = True
12.8712 	DATA 	Keypress: space
12.8855 	EXP 	New trial (rep=0, index=4): OrderedDict([('instruct_text', 'The questions will be the same for the stories read with the same perspective. '), ('instruct_text2', None)])
12.9184 	EXP 	welcome: autoDraw = False
12.9184 	EXP 	text_12: autoDraw = False
12.9184 	EXP 	welcome: text = 'The questions will be the same for the stories read with the same perspective. '
12.9184 	EXP 	text_12: text = '(press the space bar to continue)'
12.9184 	EXP 	welcome: autoDraw = True
12.9184 	EXP 	text_12: autoDraw = True
13.0523 	DATA 	Keypress: space
13.0530 	EXP 	New trial (rep=0, index=5): OrderedDict([('instruct_text', 'Before reading the stories, you will learn the questions associated with each career perspective in order to help you answer them. '), ('instruct_text2', None)])
13.0850 	EXP 	welcome: autoDraw = False
13.0850 	EXP 	text_12: autoDraw = False
13.0850 	EXP 	welcome: text = 'Before reading the stories, you will learn the questions associated with each career perspective in order to help you answer them. '
13.0850 	EXP 	text_12: text = '(press the space bar to continue)'
13.0850 	EXP 	welcome: autoDraw = True
13.0850 	EXP 	text_12: autoDraw = True
13.2198 	DATA 	Keypress: space
13.2205 	EXP 	New trial (rep=0, index=6): OrderedDict([('instruct_text', 'You will have to try to learn these questions with a series of pre-task quizzes.'), ('instruct_text2', None)])
13.2518 	EXP 	welcome: autoDraw = False
13.2518 	EXP 	text_12: autoDraw = False
13.2518 	EXP 	welcome: text = 'You will have to try to learn these questions with a series of pre-task quizzes.'
13.2518 	EXP 	text_12: text = '(press the space bar to continue)'
13.2518 	EXP 	welcome: autoDraw = True
13.2518 	EXP 	text_12: autoDraw = True
13.4020 	DATA 	Keypress: space
13.4027 	EXP 	New trial (rep=0, index=7): OrderedDict([('instruct_text', 'Once the story-reading task has begun, remember your answers to the questions for each story.'), ('instruct_text2', None)])
13.4344 	EXP 	welcome: autoDraw = False
13.4344 	EXP 	text_12: autoDraw = False
13.4344 	EXP 	welcome: text = 'Once the story-reading task has begun, remember your answers to the questions for each story.'
13.4344 	EXP 	text_12: text = '(press the space bar to continue)'
13.4344 	EXP 	welcome: autoDraw = True
13.4344 	EXP 	text_12: autoDraw = True
13.7355 	DATA 	Keypress: space
13.7362 	EXP 	New trial (rep=0, index=8): OrderedDict([('instruct_text', 'Again, you will be asked about the answers to these questions for each story at end of the experiment. '), ('instruct_text2', None)])
13.7681 	EXP 	welcome: autoDraw = False
13.7681 	EXP 	text_12: autoDraw = False
13.7681 	EXP 	welcome: text = 'Again, you will be asked about the answers to these questions for each story at end of the experiment. '
13.7681 	EXP 	text_12: text = '(press the space bar to continue)'
13.7681 	EXP 	welcome: autoDraw = True
13.7681 	EXP 	text_12: autoDraw = True
14.0699 	DATA 	Keypress: space
14.0706 	EXP 	New trial (rep=0, index=9): OrderedDict([('instruct_text', 'Press the space bar to begin learning the perspectives and the questions for each one.'), ('instruct_text2', None)])
14.1020 	EXP 	welcome: autoDraw = False
14.1020 	EXP 	text_12: autoDraw = False
14.1020 	EXP 	welcome: text = 'Press the space bar to begin learning the perspectives and the questions for each one.'
14.1020 	EXP 	text_12: text = '(press the space bar to continue)'
14.1020 	EXP 	welcome: autoDraw = True
14.1020 	EXP 	text_12: autoDraw = True
14.3532 	DATA 	Keypress: space
14.3600 	EXP 	Imported whichRole.xlsx as conditions, 8 conditions, 8 params
14.3602 	EXP 	Created sequence: random, trialTypes=8, nReps=1, seed=None
14.3605 	EXP 	New trial (rep=0, index=0): OrderedDict([('Q1', 'When the clients arrive at the airport, how much time do they have to go through?\n'), ('Q2', 'What do the clients have do at security to comply with the security check?\n'), ('Q3', 'How do the clients feel when they are \xa0walking to the gates?\n'), ('Q4', 'Where does each client sit on the plane?'), ('D1', 'Are the security guides friendly or rude?'), ('D2', 'Are the airport restrooms clean?'), ('roleName', 'Airport Customer Experience Manager'), ('rolePic', 'jobphotos/acem.jpg')])
14.3607 	EXP 	Created sequence: sequential, trialTypes=1, nReps=5, seed=None
14.3609 	EXP 	New trial (rep=0, index=0): None
14.4020 	EXP 	welcome: autoDraw = False
14.4020 	EXP 	text_12: autoDraw = False
14.4020 	EXP 	text_18: text = 'Airport Customer Experience Manager'
14.4020 	EXP 	image_9: image = 'jobphotos/acem.jpg'
14.4020 	EXP 	text_18: autoDraw = True
14.4020 	EXP 	image_9: autoDraw = True
14.5693 	DATA 	Keypress: space
14.6178 	EXP 	text_18: autoDraw = False
14.6178 	EXP 	image_9: autoDraw = False
14.6178 	EXP 	text_8: text = 'A: When the clients arrive at the airport, how much time do they have to go through?\n'
14.6178 	EXP 	text_9: text = 'Airport Customer Experience Manager'
14.6178 	EXP 	image_5: image = 'jobphotos/acem.jpg'
14.6178 	EXP 	text_8: autoDraw = True
14.6178 	EXP 	text_9: autoDraw = True
14.6178 	EXP 	image_5: autoDraw = True
15.0023 	DATA 	Keypress: space
15.0512 	EXP 	text_8: autoDraw = False
15.0512 	EXP 	text_9: autoDraw = False
15.0512 	EXP 	image_5: autoDraw = False
15.0512 	EXP 	text_10: text = 'B: What do the clients have do at security to comply with the security check?\n'
15.0512 	EXP 	text_11: text = 'Airport Customer Experience Manager'
15.0512 	EXP 	image_6: image = 'jobphotos/acem.jpg'
15.0512 	EXP 	text_10: autoDraw = True
15.0512 	EXP 	text_11: autoDraw = True
15.0512 	EXP 	image_6: autoDraw = True
15.1862 	DATA 	Keypress: space
15.2346 	EXP 	text_10: autoDraw = False
15.2346 	EXP 	text_11: autoDraw = False
15.2346 	EXP 	image_6: autoDraw = False
15.2346 	EXP 	text_13: text = 'C: How do the clients feel when they are \xa0walking to the gates?\n'
15.2346 	EXP 	text_14: text = 'Airport Customer Experience Manager'
15.2346 	EXP 	image_7: image = 'jobphotos/acem.jpg'
15.2346 	EXP 	text_13: autoDraw = True
15.2346 	EXP 	text_14: autoDraw = True
15.2346 	EXP 	image_7: autoDraw = True
15.9024 	DATA 	Keypress: space
15.9521 	EXP 	text_13: autoDraw = False
15.9521 	EXP 	text_14: autoDraw = False
15.9521 	EXP 	image_7: autoDraw = False
15.9521 	EXP 	text_15: text = 'D: Where does each client sit on the plane?'
15.9521 	EXP 	text_16: text = 'Airport Customer Experience Manager'
15.9521 	EXP 	image_8: image = 'jobphotos/acem.jpg'
15.9521 	EXP 	text_15: autoDraw = True
15.9521 	EXP 	text_16: autoDraw = True
15.9521 	EXP 	image_8: autoDraw = True
16.2361 	DATA 	Keypress: space
16.2516 	EXP 	text_15: autoDraw = False
16.2516 	EXP 	text_16: autoDraw = False
16.2516 	EXP 	image_8: autoDraw = False
16.2516 	EXP 	text_5: autoDraw = True
16.7202 	DATA 	Keypress: space
16.7281 	EXP 	Created unnamed ImageStim = ImageStim(__class__=<class 'psychopy.visual.image.ImageStim'>, autoLog=True, color=array([1., 1., 1.]), colorSpace='rgb', contrast=1.0, depth=0, flipHoriz=False, flipVert=False, image='checkmark.png', interpolate=False, mask=None, maskParams=None, name='unnamed ImageStim', opacity=1.0, ori=0.0, pos=array([0., 0.]), size=array([0.2703125 , 0.47222222]), texRes=128, units='norm', win=Window(...))
16.7327 	EXP 	Created unnamed ImageStim = ImageStim(__class__=<class 'psychopy.visual.image.ImageStim'>, autoLog=True, color=array([1., 1., 1.]), colorSpace='rgb', contrast=1.0, depth=0, flipHoriz=False, flipVert=False, image='redx.png', interpolate=False, mask=None, maskParams=None, name='unnamed ImageStim', opacity=1.0, ori=0.0, pos=array([0., 0.]), size=array([0.28125, 0.5    ]), texRes=128, units='norm', win=Window(...))
16.7442 	EXP 	Created unnamed ImageStim = ImageStim(__class__=<class 'psychopy.visual.image.ImageStim'>, autoLog=True, color=array([1., 1., 1.]), colorSpace='rgb', contrast=1.0, depth=0, flipHoriz=False, flipVert=False, image='thumbsup.png', interpolate=False, mask=None, maskParams=None, name='unnamed ImageStim', opacity=1.0, ori=0.0, pos=array([0., 0.]), size=array([0.375 , 0.7125]), texRes=128, units='norm', win=Window(...))
16.8520 	EXP 	text_5: autoDraw = False
16.8520 	EXP 	question1_2: text = '1: How do the clients feel when they are \xa0walking to the gates?\n'
16.8520 	EXP 	question2_2: text = '2: Are the security guides friendly or rude?'
16.8520 	EXP 	question3_2: text = '3: What do the clients have do at security to comply with the security check?\n'
16.8520 	EXP 	question4_2: text = '4: Where does each client sit on the plane?'
16.8520 	EXP 	question5_2: text = '5: Are the airport restrooms clean?'
16.8520 	EXP 	question6_2: text = '6: When the clients arrive at the airport, how much time do they have to go through?\n'
16.8520 	EXP 	question1_2: autoDraw = True
16.8520 	EXP 	question2_2: autoDraw = True
16.8520 	EXP 	question3_2: autoDraw = True
16.8520 	EXP 	question4_2: autoDraw = True
16.8520 	EXP 	question5_2: autoDraw = True
16.8520 	EXP 	question6_2: autoDraw = True
16.8520 	EXP 	image_3: autoDraw = True
18.0732 	DATA 	Keypress: 4
19.1226 	EXP 	New trial (rep=1, index=0): None
19.1527 	EXP 	question1_2: autoDraw = False
19.1527 	EXP 	question2_2: autoDraw = False
19.1527 	EXP 	question3_2: autoDraw = False
19.1527 	EXP 	question4_2: autoDraw = False
19.1527 	EXP 	question5_2: autoDraw = False
19.1527 	EXP 	question6_2: autoDraw = False
19.1527 	EXP 	image_3: autoDraw = False
19.1527 	EXP 	text_18: text = 'Airport Customer Experience Manager'
19.1527 	EXP 	image_9: image = 'jobphotos/acem.jpg'
19.1527 	EXP 	text_18: autoDraw = True
19.1527 	EXP 	image_9: autoDraw = True
21.0047 	DATA 	Keypress: escape
21.2776 	EXP 	window1: mouseVisible = True
