1.7820 	WARNING 	sounddevice audio lib was requested but not loaded: sounddevice not working
38.5621 	WARNING 	User requested fullscreen with size [1024  768], but screen is actually [1440, 900]. Using actual size
39.3140 	EXP 	Created window1 = Window(allowGUI=False, allowStencil=False, args=UNKNOWN, autoLog=True, bitsMode=UNKNOWN, blendMode='avg', color=array([0., 0., 0.]), colorSpace='rgb', fullscr=<method-wrapper '__getattribute__' of attributeSetter object at 0x10e481cf8>, gamma=None, kwargs=UNKNOWN, lms=UNKNOWN, monitor=<psychopy.monitors.calibTools.Monitor object at 0x1129d57b8>, multiSample=False, name='window1', numSamples=2, pos=[0.0, 0.0], screen=0, size=array([1440,  900]), stereo=False, units='norm', useFBO=True, useRetina=False, viewOri=0.0, viewPos=None, viewScale=None, waitBlanking=True, winType='pyglet')
39.3140 	EXP 	window1: recordFrameIntervals = False
39.4862 	EXP 	window1: recordFrameIntervals = True
39.6698 	EXP 	window1: recordFrameIntervals = False
39.8359 	EXP 	Created welcome_2 = TextStim(__class__=<class 'psychopy.visual.text.TextStim'>, alignHoriz='center', alignVert='center', antialias=True, autoLog=True, bold=False, color='white', colorSpace='named', contrast=1.0, depth=0.0, flipHoriz=False, flipVert=False, font='Arial', fontFiles=[], height=0.1, italic=False, languageStyle='LTR', name='welcome_2', opacity=1.0, ori=0, pos=array([0. , 0.5]), rgb=array([255., 255., 255.]), text='default text', units='norm', win=Window(...), wrapWidth=1)
39.8477 	EXP 	Created image_10 = ImageStim(__class__=<class 'psychopy.visual.image.ImageStim'>, autoLog=True, color=array([1., 1., 1.]), colorSpace='rgb', contrast=1.0, depth=-3.0, flipHoriz=False, flipVert=False, image='sin', interpolate=True, mask=None, maskParams=None, name='image_10', opacity=1.0, ori=0.0, pos=array([ 0. , -0.3]), size=array([1., 1.]), texRes=128, units='norm', win=Window(...))
39.8499 	EXP 	Created image = ImageStim(__class__=<class 'psychopy.visual.image.ImageStim'>, autoLog=True, color=array([1., 1., 1.]), colorSpace='rgb', contrast=1.0, depth=0.0, flipHoriz=False, flipVert=False, image='sin', interpolate=True, mask=None, maskParams=None, name='image', opacity=1.0, ori=0.0, pos=array([0., 0.]), size=array([0.5, 0.5]), texRes=128, units='norm', win=Window(...))
39.8558 	EXP 	Created text_2 = TextStim(__class__=<class 'psychopy.visual.text.TextStim'>, alignHoriz='center', alignVert='center', antialias=True, autoLog=True, bold=False, color='white', colorSpace='named', contrast=1.0, depth=-2.0, flipHoriz=False, flipVert=False, font='Arial', fontFiles=[], height=0.1, italic=False, languageStyle='LTR', name='text_2', opacity=1.0, ori=0, pos=array([ 0. , -0.5]), rgb=array([255., 255., 255.]), text='default text', units='norm', win=Window(...), wrapWidth=1)
39.8608 	EXP 	Created welcome = TextStim(__class__=<class 'psychopy.visual.text.TextStim'>, alignHoriz='center', alignVert='center', antialias=True, autoLog=True, bold=False, color='white', colorSpace='named', contrast=1.0, depth=0.0, flipHoriz=False, flipVert=False, font='Arial', fontFiles=[], height=0.1, italic=False, languageStyle='LTR', name='welcome', opacity=1.0, ori=0, pos=array([0., 0.]), rgb=array([255., 255., 255.]), text='default text', units='norm', win=Window(...), wrapWidth=1)
39.8658 	EXP 	Created text_12 = TextStim(__class__=<class 'psychopy.visual.text.TextStim'>, alignHoriz='center', alignVert='center', antialias=True, autoLog=True, bold=False, color='white', colorSpace='named', contrast=1.0, depth=-2.0, flipHoriz=False, flipVert=False, font='Arial', fontFiles=[], height=0.1, italic=False, languageStyle='LTR', name='text_12', opacity=1.0, ori=0, pos=array([ 0. , -0.6]), rgb=array([255., 255., 255.]), text='default text', units='norm', win=Window(...), wrapWidth=1)
39.8707 	EXP 	Created text_18 = TextStim(__class__=<class 'psychopy.visual.text.TextStim'>, alignHoriz='center', alignVert='center', antialias=True, autoLog=True, bold=False, color='white', colorSpace='named', contrast=1.0, depth=0.0, flipHoriz=False, flipVert=False, font='Arial', fontFiles=[], height=0.1, italic=False, languageStyle='LTR', name='text_18', opacity=1.0, ori=0, pos=array([-0.25,  0.25]), rgb=array([255., 255., 255.]), text='default text', units='norm', win=Window(...), wrapWidth=0.5)
39.8727 	EXP 	Created image_9 = ImageStim(__class__=<class 'psychopy.visual.image.ImageStim'>, autoLog=True, color=array([1., 1., 1.]), colorSpace='rgb', contrast=1.0, depth=-1.0, flipHoriz=False, flipVert=False, image='sin', interpolate=True, mask=None, maskParams=None, name='image_9', opacity=1.0, ori=0.0, pos=array([0.25, 0.25]), size=array([0.5, 0.5]), texRes=128, units='norm', win=Window(...))
39.8776 	EXP 	Created text_8 = TextStim(__class__=<class 'psychopy.visual.text.TextStim'>, alignHoriz='center', alignVert='center', antialias=True, autoLog=True, bold=False, color='white', colorSpace='named', contrast=1.0, depth=0.0, flipHoriz=False, flipVert=False, font='Arial', fontFiles=[], height=0.1, italic=False, languageStyle='LTR', name='text_8', opacity=1.0, ori=0, pos=array([ 0. , -0.4]), rgb=array([255., 255., 255.]), text='default text', units='norm', win=Window(...), wrapWidth=1)
39.8823 	EXP 	Created text_9 = TextStim(__class__=<class 'psychopy.visual.text.TextStim'>, alignHoriz='center', alignVert='center', antialias=True, autoLog=True, bold=False, color='white', colorSpace='named', contrast=1.0, depth=-1.0, flipHoriz=False, flipVert=False, font='Arial', fontFiles=[], height=0.1, italic=False, languageStyle='LTR', name='text_9', opacity=1.0, ori=0, pos=array([-0.25,  0.25]), rgb=array([255., 255., 255.]), text='default text', units='norm', win=Window(...), wrapWidth=0.5)
39.8846 	EXP 	Created image_5 = ImageStim(__class__=<class 'psychopy.visual.image.ImageStim'>, autoLog=True, color=array([1., 1., 1.]), colorSpace='rgb', contrast=1.0, depth=-2.0, flipHoriz=False, flipVert=False, image='sin', interpolate=True, mask=None, maskParams=None, name='image_5', opacity=1.0, ori=0.0, pos=array([0.25, 0.25]), size=array([0.5, 0.5]), texRes=128, units='norm', win=Window(...))
39.8935 	EXP 	Created text_10 = TextStim(__class__=<class 'psychopy.visual.text.TextStim'>, alignHoriz='center', alignVert='center', antialias=True, autoLog=True, bold=False, color='white', colorSpace='named', contrast=1.0, depth=0.0, flipHoriz=False, flipVert=False, font='Arial', fontFiles=[], height=0.1, italic=False, languageStyle='LTR', name='text_10', opacity=1.0, ori=0, pos=array([ 0. , -0.4]), rgb=array([255., 255., 255.]), text='default text', units='norm', win=Window(...), wrapWidth=1)
39.8996 	EXP 	Created text_11 = TextStim(__class__=<class 'psychopy.visual.text.TextStim'>, alignHoriz='center', alignVert='center', antialias=True, autoLog=True, bold=False, color='white', colorSpace='named', contrast=1.0, depth=-1.0, flipHoriz=False, flipVert=False, font='Arial', fontFiles=[], height=0.1, italic=False, languageStyle='LTR', name='text_11', opacity=1.0, ori=0, pos=array([-0.25,  0.25]), rgb=array([255., 255., 255.]), text='default text', units='norm', win=Window(...), wrapWidth=0.5)
39.9016 	EXP 	Created image_6 = ImageStim(__class__=<class 'psychopy.visual.image.ImageStim'>, autoLog=True, color=array([1., 1., 1.]), colorSpace='rgb', contrast=1.0, depth=-2.0, flipHoriz=False, flipVert=False, image='sin', interpolate=True, mask=None, maskParams=None, name='image_6', opacity=1.0, ori=0.0, pos=array([0.25, 0.25]), size=array([0.5, 0.5]), texRes=128, units='norm', win=Window(...))
39.9065 	EXP 	Created text_13 = TextStim(__class__=<class 'psychopy.visual.text.TextStim'>, alignHoriz='center', alignVert='center', antialias=True, autoLog=True, bold=False, color='white', colorSpace='named', contrast=1.0, depth=0.0, flipHoriz=False, flipVert=False, font='Arial', fontFiles=[], height=0.1, italic=False, languageStyle='LTR', name='text_13', opacity=1.0, ori=0, pos=array([ 0. , -0.4]), rgb=array([255., 255., 255.]), text='default text', units='norm', win=Window(...), wrapWidth=1)
39.9112 	EXP 	Created text_14 = TextStim(__class__=<class 'psychopy.visual.text.TextStim'>, alignHoriz='center', alignVert='center', antialias=True, autoLog=True, bold=False, color='white', colorSpace='named', contrast=1.0, depth=-1.0, flipHoriz=False, flipVert=False, font='Arial', fontFiles=[], height=0.1, italic=False, languageStyle='LTR', name='text_14', opacity=1.0, ori=0, pos=array([-0.25,  0.25]), rgb=array([255., 255., 255.]), text='default text', units='norm', win=Window(...), wrapWidth=0.5)
39.9131 	EXP 	Created image_7 = ImageStim(__class__=<class 'psychopy.visual.image.ImageStim'>, autoLog=True, color=array([1., 1., 1.]), colorSpace='rgb', contrast=1.0, depth=-2.0, flipHoriz=False, flipVert=False, image='sin', interpolate=True, mask=None, maskParams=None, name='image_7', opacity=1.0, ori=0.0, pos=array([0.25, 0.25]), size=array([0.5, 0.5]), texRes=128, units='norm', win=Window(...))
39.9182 	EXP 	Created text_15 = TextStim(__class__=<class 'psychopy.visual.text.TextStim'>, alignHoriz='center', alignVert='center', antialias=True, autoLog=True, bold=False, color='white', colorSpace='named', contrast=1.0, depth=0.0, flipHoriz=False, flipVert=False, font='Arial', fontFiles=[], height=0.1, italic=False, languageStyle='LTR', name='text_15', opacity=1.0, ori=0, pos=array([ 0. , -0.4]), rgb=array([255., 255., 255.]), text='default text', units='norm', win=Window(...), wrapWidth=1)
39.9229 	EXP 	Created text_16 = TextStim(__class__=<class 'psychopy.visual.text.TextStim'>, alignHoriz='center', alignVert='center', antialias=True, autoLog=True, bold=False, color='white', colorSpace='named', contrast=1.0, depth=-1.0, flipHoriz=False, flipVert=False, font='Arial', fontFiles=[], height=0.1, italic=False, languageStyle='LTR', name='text_16', opacity=1.0, ori=0, pos=array([-0.25,  0.25]), rgb=array([255., 255., 255.]), text='default text', units='norm', win=Window(...), wrapWidth=0.5)
39.9248 	EXP 	Created image_8 = ImageStim(__class__=<class 'psychopy.visual.image.ImageStim'>, autoLog=True, color=array([1., 1., 1.]), colorSpace='rgb', contrast=1.0, depth=-2.0, flipHoriz=False, flipVert=False, image='sin', interpolate=True, mask=None, maskParams=None, name='image_8', opacity=1.0, ori=0.0, pos=array([0.25, 0.25]), size=array([0.5, 0.5]), texRes=128, units='norm', win=Window(...))
39.9478 	EXP 	Created text_5 = TextStim(__class__=<class 'psychopy.visual.text.TextStim'>, alignHoriz='center', alignVert='center', antialias=True, autoLog=True, bold=False, color='white', colorSpace='named', contrast=1.0, depth=0.0, flipHoriz=False, flipVert=False, font='Arial', fontFiles=[], height=0.1, italic=False, languageStyle='LTR', name='text_5', opacity=1.0, ori=0, pos=array([0., 0.]), rgb=array([255., 255., 255.]), text=str(...), units='norm', win=Window(...), wrapWidth=1)
39.9543 	EXP 	Created question1_2 = TextStim(__class__=<class 'psychopy.visual.text.TextStim'>, alignHoriz='center', alignVert='center', antialias=True, autoLog=True, bold=False, color='white', colorSpace='named', contrast=1.0, depth=-1.0, flipHoriz=False, flipVert=False, font='Arial', fontFiles=[], height=0.1, italic=False, languageStyle='LTR', name='question1_2', opacity=1.0, ori=0, pos=array([0. , 0.6]), rgb=array([255., 255., 255.]), text='default text', units='norm', win=Window(...), wrapWidth=2)
39.9597 	EXP 	Created question2_2 = TextStim(__class__=<class 'psychopy.visual.text.TextStim'>, alignHoriz='center', alignVert='center', antialias=True, autoLog=True, bold=False, color='white', colorSpace='named', contrast=1.0, depth=-2.0, flipHoriz=False, flipVert=False, font='Arial', fontFiles=[], height=0.1, italic=False, languageStyle='LTR', name='question2_2', opacity=1.0, ori=0, pos=array([0.  , 0.35]), rgb=array([255., 255., 255.]), text='default text', units='norm', win=Window(...), wrapWidth=2)
39.9647 	EXP 	Created question3_2 = TextStim(__class__=<class 'psychopy.visual.text.TextStim'>, alignHoriz='center', alignVert='center', antialias=True, autoLog=True, bold=False, color='white', colorSpace='named', contrast=1.0, depth=-3.0, flipHoriz=False, flipVert=False, font='Arial', fontFiles=[], height=0.1, italic=False, languageStyle='LTR', name='question3_2', opacity=1.0, ori=0, pos=array([0.  , 0.12]), rgb=array([255., 255., 255.]), text='default text', units='norm', win=Window(...), wrapWidth=2)
39.9694 	EXP 	Created question4_2 = TextStim(__class__=<class 'psychopy.visual.text.TextStim'>, alignHoriz='center', alignVert='center', antialias=True, autoLog=True, bold=False, color='white', colorSpace='named', contrast=1.0, depth=-4.0, flipHoriz=False, flipVert=False, font='Arial', fontFiles=[], height=0.1, italic=False, languageStyle='LTR', name='question4_2', opacity=1.0, ori=0, pos=array([ 0.  , -0.12]), rgb=array([255., 255., 255.]), text='default text', units='norm', win=Window(...), wrapWidth=2)
39.9741 	EXP 	Created question5_2 = TextStim(__class__=<class 'psychopy.visual.text.TextStim'>, alignHoriz='center', alignVert='center', antialias=True, autoLog=True, bold=False, color='white', colorSpace='named', contrast=1.0, depth=-5.0, flipHoriz=False, flipVert=False, font='Arial', fontFiles=[], height=0.1, italic=False, languageStyle='LTR', name='question5_2', opacity=1.0, ori=0, pos=array([ 0.  , -0.35]), rgb=array([255., 255., 255.]), text='default text', units='norm', win=Window(...), wrapWidth=2)
39.9790 	EXP 	Created question6_2 = TextStim(__class__=<class 'psychopy.visual.text.TextStim'>, alignHoriz='center', alignVert='center', antialias=True, autoLog=True, bold=False, color='white', colorSpace='named', contrast=1.0, depth=-6.0, flipHoriz=False, flipVert=False, font='Arial', fontFiles=[], height=0.1, italic=False, languageStyle='LTR', name='question6_2', opacity=1.0, ori=0, pos=array([ 0. , -0.6]), rgb=array([255., 255., 255.]), text='default text', units='norm', win=Window(...), wrapWidth=2)
39.9810 	EXP 	Created image_3 = ImageStim(__class__=<class 'psychopy.visual.image.ImageStim'>, autoLog=True, color=array([1., 1., 1.]), colorSpace='rgb', contrast=1.0, depth=-8.0, flipHoriz=False, flipVert=False, image='sin', interpolate=True, mask=None, maskParams=None, name='image_3', opacity=1.0, ori=0.0, pos=array([ 0.  , -0.85]), size=array([0.25 , 0.125]), texRes=128, units='norm', win=Window(...))
39.9884 	EXP 	Created text_3 = TextStim(__class__=<class 'psychopy.visual.text.TextStim'>, alignHoriz='center', alignVert='center', antialias=True, autoLog=True, bold=False, color='white', colorSpace='named', contrast=1.0, depth=0.0, flipHoriz=False, flipVert=False, font='Arial', fontFiles=[], height=0.1, italic=False, languageStyle='LTR', name='text_3', opacity=1.0, ori=0, pos=array([0., 0.]), rgb=array([255., 255., 255.]), text='Final Tests', units='norm', win=Window(...), wrapWidth=1)
39.9904 	EXP 	Created image_2 = ImageStim(__class__=<class 'psychopy.visual.image.ImageStim'>, autoLog=True, color=array([1., 1., 1.]), colorSpace='rgb', contrast=1.0, depth=0.0, flipHoriz=False, flipVert=False, image='sin', interpolate=True, mask=None, maskParams=None, name='image_2', opacity=1.0, ori=0.0, pos=array([0., 0.]), size=array([0.5, 0.5]), texRes=128, units='norm', win=Window(...))
39.9953 	EXP 	Created text_4 = TextStim(__class__=<class 'psychopy.visual.text.TextStim'>, alignHoriz='center', alignVert='center', antialias=True, autoLog=True, bold=False, color='white', colorSpace='named', contrast=1.0, depth=-2.0, flipHoriz=False, flipVert=False, font='Arial', fontFiles=[], height=0.1, italic=False, languageStyle='LTR', name='text_4', opacity=1.0, ori=0, pos=array([ 0. , -0.5]), rgb=array([255., 255., 255.]), text='default text', units='norm', win=Window(...), wrapWidth=1)
40.0000 	EXP 	Created question1_3 = TextStim(__class__=<class 'psychopy.visual.text.TextStim'>, alignHoriz='center', alignVert='center', antialias=True, autoLog=True, bold=False, color='white', colorSpace='named', contrast=1.0, depth=-1.0, flipHoriz=False, flipVert=False, font='Arial', fontFiles=[], height=0.1, italic=False, languageStyle='LTR', name='question1_3', opacity=1.0, ori=0, pos=array([0. , 0.6]), rgb=array([255., 255., 255.]), text='default text', units='norm', win=Window(...), wrapWidth=2)
40.0049 	EXP 	Created question2_3 = TextStim(__class__=<class 'psychopy.visual.text.TextStim'>, alignHoriz='center', alignVert='center', antialias=True, autoLog=True, bold=False, color='white', colorSpace='named', contrast=1.0, depth=-2.0, flipHoriz=False, flipVert=False, font='Arial', fontFiles=[], height=0.1, italic=False, languageStyle='LTR', name='question2_3', opacity=1.0, ori=0, pos=array([0.  , 0.35]), rgb=array([255., 255., 255.]), text='default text', units='norm', win=Window(...), wrapWidth=2)
40.0096 	EXP 	Created question3_3 = TextStim(__class__=<class 'psychopy.visual.text.TextStim'>, alignHoriz='center', alignVert='center', antialias=True, autoLog=True, bold=False, color='white', colorSpace='named', contrast=1.0, depth=-3.0, flipHoriz=False, flipVert=False, font='Arial', fontFiles=[], height=0.1, italic=False, languageStyle='LTR', name='question3_3', opacity=1.0, ori=0, pos=array([0.  , 0.12]), rgb=array([255., 255., 255.]), text='default text', units='norm', win=Window(...), wrapWidth=2)
40.0144 	EXP 	Created question4_3 = TextStim(__class__=<class 'psychopy.visual.text.TextStim'>, alignHoriz='center', alignVert='center', antialias=True, autoLog=True, bold=False, color='white', colorSpace='named', contrast=1.0, depth=-4.0, flipHoriz=False, flipVert=False, font='Arial', fontFiles=[], height=0.1, italic=False, languageStyle='LTR', name='question4_3', opacity=1.0, ori=0, pos=array([ 0.  , -0.12]), rgb=array([255., 255., 255.]), text='default text', units='norm', win=Window(...), wrapWidth=2)
40.0191 	EXP 	Created question5_3 = TextStim(__class__=<class 'psychopy.visual.text.TextStim'>, alignHoriz='center', alignVert='center', antialias=True, autoLog=True, bold=False, color='white', colorSpace='named', contrast=1.0, depth=-5.0, flipHoriz=False, flipVert=False, font='Arial', fontFiles=[], height=0.1, italic=False, languageStyle='LTR', name='question5_3', opacity=1.0, ori=0, pos=array([ 0.  , -0.35]), rgb=array([255., 255., 255.]), text='default text', units='norm', win=Window(...), wrapWidth=2)
40.0238 	EXP 	Created question6_3 = TextStim(__class__=<class 'psychopy.visual.text.TextStim'>, alignHoriz='center', alignVert='center', antialias=True, autoLog=True, bold=False, color='white', colorSpace='named', contrast=1.0, depth=-6.0, flipHoriz=False, flipVert=False, font='Arial', fontFiles=[], height=0.1, italic=False, languageStyle='LTR', name='question6_3', opacity=1.0, ori=0, pos=array([ 0. , -0.6]), rgb=array([255., 255., 255.]), text='default text', units='norm', win=Window(...), wrapWidth=2)
40.0258 	EXP 	Created image_4 = ImageStim(__class__=<class 'psychopy.visual.image.ImageStim'>, autoLog=True, color=array([1., 1., 1.]), colorSpace='rgb', contrast=1.0, depth=-8.0, flipHoriz=False, flipVert=False, image='sin', interpolate=True, mask=None, maskParams=None, name='image_4', opacity=1.0, ori=0.0, pos=array([ 0.  , -0.85]), size=array([0.25 , 0.125]), texRes=128, units='norm', win=Window(...))
40.0308 	EXP 	Created text_6 = TextStim(__class__=<class 'psychopy.visual.text.TextStim'>, alignHoriz='center', alignVert='center', antialias=True, autoLog=True, bold=False, color='white', colorSpace='named', contrast=1.0, depth=-1.0, flipHoriz=False, flipVert=False, font='Arial', fontFiles=[], height=0.1, italic=False, languageStyle='LTR', name='text_6', opacity=1.0, ori=0, pos=array([0., 0.]), rgb=array([255., 255., 255.]), text='default text', units='norm', win=Window(...), wrapWidth=1)
40.0368 	EXP 	Created text = TextStim(__class__=<class 'psychopy.visual.text.TextStim'>, alignHoriz='center', alignVert='center', antialias=True, autoLog=True, bold=False, color='white', colorSpace='named', contrast=1.0, depth=0.0, flipHoriz=False, flipVert=False, font='Arial', fontFiles=[], height=0.1, italic=False, languageStyle='LTR', name='text', opacity=1.0, ori=0, pos=array([0., 0.]), rgb=array([255., 255., 255.]), text='end of introduction', units='norm', win=Window(...), wrapWidth=1)
40.0799 	EXP 	Imported instructions.xlsx as conditions, 8 conditions, 2 params
40.0805 	EXP 	Created sequence: sequential, trialTypes=8, nReps=1, seed=None
40.0811 	EXP 	New trial (rep=0, index=0): OrderedDict([('instruct_text', 'Welcome to the Job Simulator Task!'), ('this_pic', 'instructions_photos/pixel.png')])
40.2020 	EXP 	welcome_2: text = 'Welcome to the Job Simulator Task!'
40.2020 	EXP 	image_10: image = 'instructions_photos/pixel.png'
40.2020 	EXP 	welcome_2: autoDraw = True
40.2020 	EXP 	image_10: autoDraw = True
40.4679 	DATA 	Keypress: space
40.4714 	EXP 	New trial (rep=0, index=1): OrderedDict([('instruct_text', 'In this task, you’ll first be introduced to the perspectives of 8 different jobs. '), ('this_pic', 'instructions_photos/i1.png')])
40.8083 	DATA 	Keypress: space
40.8096 	DATA 	Keypress: space
40.8687 	EXP 	welcome_2: autoDraw = False
40.8687 	EXP 	image_10: autoDraw = False
40.8687 	EXP 	welcome_2: text = 'In this task, you’ll first be introduced to the perspectives of 8 different jobs. '
40.8687 	EXP 	image_10: image = 'instructions_photos/i1.png'
40.8687 	EXP 	welcome_2: autoDraw = True
40.8687 	EXP 	image_10: autoDraw = True
41.3382 	DATA 	Keypress: space
41.3405 	EXP 	New trial (rep=0, index=2): OrderedDict([('instruct_text', 'You’ll then learn 4 questions associated with each perspective. '), ('this_pic', 'instructions_photos/i2.png')])
41.6529 	EXP 	welcome_2: autoDraw = False
41.6529 	EXP 	image_10: autoDraw = False
41.6529 	EXP 	welcome_2: text = 'You’ll then learn 4 questions associated with each perspective. '
41.6529 	EXP 	image_10: image = 'instructions_photos/i2.png'
41.6529 	EXP 	welcome_2: autoDraw = True
41.6529 	EXP 	image_10: autoDraw = True
41.9883 	DATA 	Keypress: space
41.9907 	EXP 	New trial (rep=0, index=3): OrderedDict([('instruct_text', 'Subsequently, you will be asked to apply those perspectives and questions to 8 stories.'), ('this_pic', 'instructions_photos/i3.png')])
42.2863 	EXP 	welcome_2: autoDraw = False
42.2863 	EXP 	image_10: autoDraw = False
42.2863 	EXP 	welcome_2: text = 'Subsequently, you will be asked to apply those perspectives and questions to 8 stories.'
42.2863 	EXP 	image_10: image = 'instructions_photos/i3.png'
42.2863 	EXP 	welcome_2: autoDraw = True
42.2863 	EXP 	image_10: autoDraw = True
42.6720 	DATA 	Keypress: space
42.6745 	EXP 	New trial (rep=0, index=4): OrderedDict([('instruct_text', 'For each story you read, you will be asked to assume one of the perspectives. '), ('this_pic', 'instructions_photos/i3.png')])
42.9521 	EXP 	welcome_2: autoDraw = False
42.9521 	EXP 	image_10: autoDraw = False
42.9521 	EXP 	welcome_2: text = 'For each story you read, you will be asked to assume one of the perspectives. '
42.9521 	EXP 	image_10: image = 'instructions_photos/i3.png'
42.9521 	EXP 	welcome_2: autoDraw = True
42.9521 	EXP 	image_10: autoDraw = True
43.5565 	DATA 	Keypress: space
43.5589 	EXP 	New trial (rep=0, index=5): OrderedDict([('instruct_text', 'While reading, try to remember the perspective and the questions of that perspective. '), ('this_pic', 'instructions_photos/i3.png')])
43.8364 	EXP 	welcome_2: autoDraw = False
43.8364 	EXP 	image_10: autoDraw = False
43.8364 	EXP 	welcome_2: text = 'While reading, try to remember the perspective and the questions of that perspective. '
43.8364 	EXP 	image_10: image = 'instructions_photos/i3.png'
43.8364 	EXP 	welcome_2: autoDraw = True
43.8364 	EXP 	image_10: autoDraw = True
44.2574 	DATA 	Keypress: space
44.2721 	EXP 	New trial (rep=0, index=6): OrderedDict([('instruct_text', 'After you’re finished reading all the stories, you will be asked to recall the stories and answer questions about them. '), ('this_pic', 'instructions_photos/i4.png')])
44.6198 	EXP 	welcome_2: autoDraw = False
44.6198 	EXP 	image_10: autoDraw = False
44.6198 	EXP 	welcome_2: text = 'After you’re finished reading all the stories, you will be asked to recall the stories and answer questions about them. '
44.6198 	EXP 	image_10: image = 'instructions_photos/i4.png'
44.6198 	EXP 	welcome_2: autoDraw = True
44.6198 	EXP 	image_10: autoDraw = True
44.8888 	DATA 	Keypress: space
44.8911 	EXP 	New trial (rep=0, index=7): OrderedDict([('instruct_text', 'Let’s begin! The 8 perspectives are as follows:'), ('this_pic', None)])
44.9198 	EXP 	welcome_2: autoDraw = False
44.9198 	EXP 	image_10: autoDraw = False
44.9198 	EXP 	welcome_2: text = 'Let’s begin! The 8 perspectives are as follows:'
44.9198 	EXP 	image_10: image = None
44.9198 	EXP 	welcome_2: autoDraw = True
44.9198 	EXP 	image_10: autoDraw = True
45.4722 	DATA 	Keypress: space
45.4931 	EXP 	Imported jobsPics.xlsx as conditions, 8 conditions, 2 params
45.4957 	EXP 	Created sequence: random, trialTypes=8, nReps=1, seed=None
45.4964 	EXP 	New trial (rep=0, index=0): OrderedDict([('rolePic', 'jobphotos/business_reporter.jpg'), ('job', 'Business Reporter')])
45.5531 	EXP 	welcome_2: autoDraw = False
45.5531 	EXP 	image_10: autoDraw = False
45.5531 	EXP 	image: image = 'jobphotos/business_reporter.jpg'
45.5531 	EXP 	text_2: text = 'Business Reporter'
45.5531 	EXP 	image: autoDraw = True
45.5531 	EXP 	text_2: autoDraw = True
45.8721 	DATA 	Keypress: space
45.8747 	EXP 	New trial (rep=0, index=1): OrderedDict([('rolePic', 'jobphotos/dean.jpg'), ('job', 'Dean of Academic Studies')])
45.9364 	EXP 	image: autoDraw = False
45.9364 	EXP 	text_2: autoDraw = False
45.9364 	EXP 	image: image = 'jobphotos/dean.jpg'
45.9364 	EXP 	text_2: text = 'Dean of Academic Studies'
45.9364 	EXP 	image: autoDraw = True
45.9364 	EXP 	text_2: autoDraw = True
46.8223 	DATA 	Keypress: space
46.8246 	EXP 	New trial (rep=0, index=2): OrderedDict([('rolePic', 'jobphotos/couples.jpeg'), ('job', 'Couples Therapist\n')])
46.8250 	WARNING 	Requested image 'jobphotos/couples.jpeg' not found but similar filename 'jobphotos/couples.jpg' exists. This will be used instead but changing the filename is advised.
46.8865 	EXP 	image: autoDraw = False
46.8865 	EXP 	text_2: autoDraw = False
46.8865 	EXP 	image: image = 'jobphotos/couples.jpeg'
46.8865 	EXP 	text_2: text = 'Couples Therapist\n'
46.8865 	EXP 	image: autoDraw = True
46.8865 	EXP 	text_2: autoDraw = True
47.1723 	DATA 	Keypress: space
47.1747 	EXP 	New trial (rep=0, index=3): OrderedDict([('rolePic', 'jobphotos/acem.jpg'), ('job', 'Airport Customer Experience Manager')])
47.2366 	EXP 	image: autoDraw = False
47.2366 	EXP 	text_2: autoDraw = False
47.2366 	EXP 	image: image = 'jobphotos/acem.jpg'
47.2366 	EXP 	text_2: text = 'Airport Customer Experience Manager'
47.2366 	EXP 	image: autoDraw = True
47.2366 	EXP 	text_2: autoDraw = True
47.5557 	DATA 	Keypress: space
47.5580 	EXP 	New trial (rep=0, index=4): OrderedDict([('rolePic', 'jobphotos/matchmaker.jpg'), ('job', 'Matchmaker')])
47.6032 	EXP 	image: autoDraw = False
47.6032 	EXP 	text_2: autoDraw = False
47.6032 	EXP 	image: image = 'jobphotos/matchmaker.jpg'
47.6032 	EXP 	text_2: text = 'Matchmaker'
47.6032 	EXP 	image: autoDraw = True
47.6032 	EXP 	text_2: autoDraw = True
47.8556 	DATA 	Keypress: space
47.8579 	EXP 	New trial (rep=0, index=5): OrderedDict([('rolePic', 'jobphotos/weddingplanner.jpg'), ('job', 'Wedding Planner')])
47.9200 	EXP 	image: autoDraw = False
47.9200 	EXP 	text_2: autoDraw = False
47.9200 	EXP 	image: image = 'jobphotos/weddingplanner.jpg'
47.9200 	EXP 	text_2: text = 'Wedding Planner'
47.9200 	EXP 	image: autoDraw = True
47.9200 	EXP 	text_2: autoDraw = True
48.1723 	DATA 	Keypress: space
48.1746 	EXP 	New trial (rep=0, index=6): OrderedDict([('rolePic', 'jobphotos/restaurant_critic.jpg'), ('job', 'Restaurant Critic')])
48.2366 	EXP 	image: autoDraw = False
48.2366 	EXP 	text_2: autoDraw = False
48.2366 	EXP 	image: image = 'jobphotos/restaurant_critic.jpg'
48.2366 	EXP 	text_2: text = 'Restaurant Critic'
48.2366 	EXP 	image: autoDraw = True
48.2366 	EXP 	text_2: autoDraw = True
48.4724 	DATA 	Keypress: space
48.4748 	EXP 	New trial (rep=0, index=7): OrderedDict([('rolePic', 'jobphotos/gscem.jpg'), ('job', 'Grocery Store Customer Experience Manager\n')])
48.5367 	EXP 	image: autoDraw = False
48.5367 	EXP 	text_2: autoDraw = False
48.5367 	EXP 	image: image = 'jobphotos/gscem.jpg'
48.5367 	EXP 	text_2: text = 'Grocery Store Customer Experience Manager\n'
48.5367 	EXP 	image: autoDraw = True
48.5367 	EXP 	text_2: autoDraw = True
48.7389 	DATA 	Keypress: space
48.7596 	EXP 	Imported instructions2.xlsx as conditions, 6 conditions, 2 params
48.7600 	EXP 	Created sequence: sequential, trialTypes=6, nReps=1, seed=None
48.7604 	EXP 	New trial (rep=0, index=0): OrderedDict([('instruct_text', 'Each of these perspectives will be applied to one story. '), ('instruct_text2', '(press space to continue)')])
48.8034 	EXP 	image: autoDraw = False
48.8034 	EXP 	text_2: autoDraw = False
48.8034 	EXP 	welcome: text = 'Each of these perspectives will be applied to one story. '
48.8034 	EXP 	text_12: text = '(press space to continue)'
48.8034 	EXP 	welcome: autoDraw = True
48.8034 	EXP 	text_12: autoDraw = True
49.0058 	DATA 	Keypress: space
49.0085 	EXP 	New trial (rep=0, index=1): OrderedDict([('instruct_text', 'Each perspective has 4 questions, and you will answer these questions about each story.'), ('instruct_text2', None)])
49.0534 	EXP 	welcome: autoDraw = False
49.0534 	EXP 	text_12: autoDraw = False
49.0534 	EXP 	welcome: text = 'Each perspective has 4 questions, and you will answer these questions about each story.'
49.0534 	EXP 	text_12: text = '(press space to continue)'
49.0534 	EXP 	welcome: autoDraw = True
49.0534 	EXP 	text_12: autoDraw = True
49.3249 	DATA 	Keypress: space
49.3393 	EXP 	New trial (rep=0, index=2): OrderedDict([('instruct_text', 'You’ll answer these questions about each story after reading all 8 stories. '), ('instruct_text2', None)])
49.3697 	EXP 	welcome: autoDraw = False
49.3697 	EXP 	text_12: autoDraw = False
49.3697 	EXP 	welcome: text = 'You’ll answer these questions about each story after reading all 8 stories. '
49.3697 	EXP 	text_12: text = '(press space to continue)'
49.3697 	EXP 	welcome: autoDraw = True
49.3697 	EXP 	text_12: autoDraw = True
49.5896 	DATA 	Keypress: space
49.6056 	EXP 	New trial (rep=0, index=3): OrderedDict([('instruct_text', 'You’ll learn these questions with a series of pre-task quizzes and then the story reading will begin.'), ('instruct_text2', None)])
49.6535 	EXP 	welcome: autoDraw = False
49.6535 	EXP 	text_12: autoDraw = False
49.6535 	EXP 	welcome: text = 'You’ll learn these questions with a series of pre-task quizzes and then the story reading will begin.'
49.6535 	EXP 	text_12: text = '(press space to continue)'
49.6535 	EXP 	welcome: autoDraw = True
49.6535 	EXP 	text_12: autoDraw = True
49.8721 	DATA 	Keypress: space
49.8745 	EXP 	New trial (rep=0, index=4): OrderedDict([('instruct_text', 'Once the story-reading task has begun, remember your answers to the questions for each story.'), ('instruct_text2', None)])
49.9201 	EXP 	welcome: autoDraw = False
49.9201 	EXP 	text_12: autoDraw = False
49.9201 	EXP 	welcome: text = 'Once the story-reading task has begun, remember your answers to the questions for each story.'
49.9201 	EXP 	text_12: text = '(press space to continue)'
49.9201 	EXP 	welcome: autoDraw = True
49.9201 	EXP 	text_12: autoDraw = True
50.1916 	DATA 	Keypress: space
50.2058 	EXP 	New trial (rep=0, index=5): OrderedDict([('instruct_text', 'Press the space bar to begin learning the perspectives and the questions for each one.'), ('instruct_text2', None)])
50.2535 	EXP 	welcome: autoDraw = False
50.2535 	EXP 	text_12: autoDraw = False
50.2535 	EXP 	welcome: text = 'Press the space bar to begin learning the perspectives and the questions for each one.'
50.2535 	EXP 	text_12: text = '(press space to continue)'
50.2535 	EXP 	welcome: autoDraw = True
50.2535 	EXP 	text_12: autoDraw = True
50.4416 	DATA 	Keypress: space
50.4761 	EXP 	Imported whichRole.xlsx as conditions, 8 conditions, 8 params
50.4764 	EXP 	Created sequence: random, trialTypes=8, nReps=1, seed=None
50.4769 	EXP 	New trial (rep=0, index=0): OrderedDict([('Q1', 'What is the lecture hall like?\n'), ('Q2', 'What class are the students \xa0in and what is the day’s lecture about?\n'), ('Q3', 'What is something taught in lecture?\n'), ('Q4', 'When is the next assessment in the class?'), ('D1', 'Are the students paying attention?'), ('D2', 'Are the desks comfortable?'), ('roleName', 'Dean of Academic Studies'), ('rolePic', 'jobphotos/dean.jpg')])
50.4772 	EXP 	Created sequence: sequential, trialTypes=1, nReps=5, seed=None
50.4774 	EXP 	New trial (rep=0, index=0): None
50.5202 	EXP 	welcome: autoDraw = False
50.5202 	EXP 	text_12: autoDraw = False
50.5202 	EXP 	text_18: text = 'Dean of Academic Studies'
50.5202 	EXP 	image_9: image = 'jobphotos/dean.jpg'
50.5202 	EXP 	text_18: autoDraw = True
50.5202 	EXP 	image_9: autoDraw = True
50.6243 	DATA 	Keypress: space
50.6868 	EXP 	text_18: autoDraw = False
50.6868 	EXP 	image_9: autoDraw = False
50.6868 	EXP 	text_8: text = 'A: What is the lecture hall like?\n'
50.6868 	EXP 	text_9: text = 'Dean of Academic Studies'
50.6868 	EXP 	image_5: image = 'jobphotos/dean.jpg'
50.6868 	EXP 	text_8: autoDraw = True
50.6868 	EXP 	text_9: autoDraw = True
50.6868 	EXP 	image_5: autoDraw = True
50.9731 	DATA 	Keypress: space
51.0535 	EXP 	text_8: autoDraw = False
51.0535 	EXP 	text_9: autoDraw = False
51.0535 	EXP 	image_5: autoDraw = False
51.0535 	EXP 	text_10: text = 'B: What class are the students \xa0in and what is the day’s lecture about?\n'
51.0535 	EXP 	text_11: text = 'Dean of Academic Studies'
51.0535 	EXP 	image_6: image = 'jobphotos/dean.jpg'
51.0535 	EXP 	text_10: autoDraw = True
51.0535 	EXP 	text_11: autoDraw = True
51.0535 	EXP 	image_6: autoDraw = True
51.2727 	DATA 	Keypress: space
51.3369 	EXP 	text_10: autoDraw = False
51.3369 	EXP 	text_11: autoDraw = False
51.3369 	EXP 	image_6: autoDraw = False
51.3369 	EXP 	text_13: text = 'C: What is something taught in lecture?\n'
51.3369 	EXP 	text_14: text = 'Dean of Academic Studies'
51.3369 	EXP 	image_7: image = 'jobphotos/dean.jpg'
51.3369 	EXP 	text_13: autoDraw = True
51.3369 	EXP 	text_14: autoDraw = True
51.3369 	EXP 	image_7: autoDraw = True
51.6560 	DATA 	Keypress: space
51.7203 	EXP 	text_13: autoDraw = False
51.7203 	EXP 	text_14: autoDraw = False
51.7203 	EXP 	image_7: autoDraw = False
51.7203 	EXP 	text_15: text = 'D: When is the next assessment in the class?'
51.7203 	EXP 	text_16: text = 'Dean of Academic Studies'
51.7203 	EXP 	image_8: image = 'jobphotos/dean.jpg'
51.7203 	EXP 	text_15: autoDraw = True
51.7203 	EXP 	text_16: autoDraw = True
51.7203 	EXP 	image_8: autoDraw = True
52.0560 	DATA 	Keypress: space
52.0704 	EXP 	text_15: autoDraw = False
52.0704 	EXP 	text_16: autoDraw = False
52.0704 	EXP 	image_8: autoDraw = False
52.0704 	EXP 	text_5: autoDraw = True
52.5227 	DATA 	Keypress: space
52.5455 	EXP 	Created unnamed ImageStim = ImageStim(__class__=<class 'psychopy.visual.image.ImageStim'>, autoLog=True, color=array([1., 1., 1.]), colorSpace='rgb', contrast=1.0, depth=0, flipHoriz=False, flipVert=False, image='checkmark.png', interpolate=False, mask=None, maskParams=None, name='unnamed ImageStim', opacity=1.0, ori=0.0, pos=array([0., 0.]), size=array([0.48055556, 0.75555556]), texRes=128, units='norm', win=Window(...))
52.5543 	EXP 	Created unnamed ImageStim = ImageStim(__class__=<class 'psychopy.visual.image.ImageStim'>, autoLog=True, color=array([1., 1., 1.]), colorSpace='rgb', contrast=1.0, depth=0, flipHoriz=False, flipVert=False, image='redx.png', interpolate=False, mask=None, maskParams=None, name='unnamed ImageStim', opacity=1.0, ori=0.0, pos=array([0., 0.]), size=array([0.5, 0.8]), texRes=128, units='norm', win=Window(...))
52.5788 	EXP 	Created unnamed ImageStim = ImageStim(__class__=<class 'psychopy.visual.image.ImageStim'>, autoLog=True, color=array([1., 1., 1.]), colorSpace='rgb', contrast=1.0, depth=0, flipHoriz=False, flipVert=False, image='thumbsup.png', interpolate=False, mask=None, maskParams=None, name='unnamed ImageStim', opacity=1.0, ori=0.0, pos=array([0., 0.]), size=array([0.66666667, 1.14      ]), texRes=128, units='norm', win=Window(...))
52.7032 	EXP 	text_5: autoDraw = False
52.7032 	EXP 	question1_2: text = '1: What class are the students \xa0in and what is the day’s lecture about?\n'
52.7032 	EXP 	question2_2: text = '2: When is the next assessment in the class?'
52.7032 	EXP 	question3_2: text = '3: Are the desks comfortable?'
52.7032 	EXP 	question4_2: text = '4: What is the lecture hall like?\n'
52.7032 	EXP 	question5_2: text = '5: Are the students paying attention?'
52.7032 	EXP 	question6_2: text = '6: What is something taught in lecture?\n'
52.7032 	EXP 	question1_2: autoDraw = True
52.7032 	EXP 	question2_2: autoDraw = True
52.7032 	EXP 	question3_2: autoDraw = True
52.7032 	EXP 	question4_2: autoDraw = True
52.7032 	EXP 	question5_2: autoDraw = True
52.7032 	EXP 	question6_2: autoDraw = True
52.7032 	EXP 	image_3: autoDraw = True
53.0123 	DATA 	Keypress: 2
53.4226 	DATA 	Keypress: 2
53.6792 	DATA 	Keypress: 2
53.8825 	DATA 	Keypress: 2
54.1782 	DATA 	Keypress: 3
55.2458 	EXP 	New trial (rep=1, index=0): None
55.2872 	EXP 	question1_2: autoDraw = False
55.2872 	EXP 	question2_2: autoDraw = False
55.2872 	EXP 	question3_2: autoDraw = False
55.2872 	EXP 	question4_2: autoDraw = False
55.2872 	EXP 	question5_2: autoDraw = False
55.2872 	EXP 	question6_2: autoDraw = False
55.2872 	EXP 	image_3: autoDraw = False
55.2872 	EXP 	text_18: text = 'Dean of Academic Studies'
55.2872 	EXP 	image_9: image = 'jobphotos/dean.jpg'
55.2872 	EXP 	text_18: autoDraw = True
55.2872 	EXP 	image_9: autoDraw = True
55.6059 	DATA 	Keypress: 4
56.2896 	DATA 	Keypress: space
56.3373 	EXP 	text_18: autoDraw = False
56.3373 	EXP 	image_9: autoDraw = False
56.3373 	EXP 	text_8: text = 'A: What is the lecture hall like?\n'
56.3373 	EXP 	text_9: text = 'Dean of Academic Studies'
56.3373 	EXP 	image_5: image = 'jobphotos/dean.jpg'
56.3373 	EXP 	text_8: autoDraw = True
56.3373 	EXP 	text_9: autoDraw = True
56.3373 	EXP 	image_5: autoDraw = True
56.4894 	DATA 	Keypress: space
56.5373 	EXP 	text_8: autoDraw = False
56.5373 	EXP 	text_9: autoDraw = False
56.5373 	EXP 	image_5: autoDraw = False
56.5373 	EXP 	text_10: text = 'B: What class are the students \xa0in and what is the day’s lecture about?\n'
56.5373 	EXP 	text_11: text = 'Dean of Academic Studies'
56.5373 	EXP 	image_6: image = 'jobphotos/dean.jpg'
56.5373 	EXP 	text_10: autoDraw = True
56.5373 	EXP 	text_11: autoDraw = True
56.5373 	EXP 	image_6: autoDraw = True
56.6729 	DATA 	Keypress: space
56.7205 	EXP 	text_10: autoDraw = False
56.7205 	EXP 	text_11: autoDraw = False
56.7205 	EXP 	image_6: autoDraw = False
56.7205 	EXP 	text_13: text = 'C: What is something taught in lecture?\n'
56.7205 	EXP 	text_14: text = 'Dean of Academic Studies'
56.7205 	EXP 	image_7: image = 'jobphotos/dean.jpg'
56.7205 	EXP 	text_13: autoDraw = True
56.7205 	EXP 	text_14: autoDraw = True
56.7205 	EXP 	image_7: autoDraw = True
56.8232 	DATA 	Keypress: space
56.8870 	EXP 	text_13: autoDraw = False
56.8870 	EXP 	text_14: autoDraw = False
56.8870 	EXP 	image_7: autoDraw = False
56.8870 	EXP 	text_15: text = 'D: When is the next assessment in the class?'
56.8870 	EXP 	text_16: text = 'Dean of Academic Studies'
56.8870 	EXP 	image_8: image = 'jobphotos/dean.jpg'
56.8870 	EXP 	text_15: autoDraw = True
56.8870 	EXP 	text_16: autoDraw = True
56.8870 	EXP 	image_8: autoDraw = True
56.9897 	DATA 	Keypress: space
57.0039 	EXP 	text_15: autoDraw = False
57.0039 	EXP 	text_16: autoDraw = False
57.0039 	EXP 	image_8: autoDraw = False
57.0039 	EXP 	text_5: autoDraw = True
57.1563 	DATA 	Keypress: space
57.1680 	EXP 	Created unnamed ImageStim = ImageStim(__class__=<class 'psychopy.visual.image.ImageStim'>, autoLog=True, color=array([1., 1., 1.]), colorSpace='rgb', contrast=1.0, depth=0, flipHoriz=False, flipVert=False, image='checkmark.png', interpolate=False, mask=None, maskParams=None, name='unnamed ImageStim', opacity=1.0, ori=0.0, pos=array([0., 0.]), size=array([0.48055556, 0.75555556]), texRes=128, units='norm', win=Window(...))
57.1744 	EXP 	Created unnamed ImageStim = ImageStim(__class__=<class 'psychopy.visual.image.ImageStim'>, autoLog=True, color=array([1., 1., 1.]), colorSpace='rgb', contrast=1.0, depth=0, flipHoriz=False, flipVert=False, image='redx.png', interpolate=False, mask=None, maskParams=None, name='unnamed ImageStim', opacity=1.0, ori=0.0, pos=array([0., 0.]), size=array([0.5, 0.8]), texRes=128, units='norm', win=Window(...))
57.1919 	EXP 	Created unnamed ImageStim = ImageStim(__class__=<class 'psychopy.visual.image.ImageStim'>, autoLog=True, color=array([1., 1., 1.]), colorSpace='rgb', contrast=1.0, depth=0, flipHoriz=False, flipVert=False, image='thumbsup.png', interpolate=False, mask=None, maskParams=None, name='unnamed ImageStim', opacity=1.0, ori=0.0, pos=array([0., 0.]), size=array([0.66666667, 1.14      ]), texRes=128, units='norm', win=Window(...))
57.2873 	EXP 	text_5: autoDraw = False
57.2873 	EXP 	question1_2: text = '1: What is something taught in lecture?\n'
57.2873 	EXP 	question2_2: text = '2: What class are the students \xa0in and what is the day’s lecture about?\n'
57.2873 	EXP 	question3_2: text = '3: When is the next assessment in the class?'
57.2873 	EXP 	question4_2: text = '4: Are the students paying attention?'
57.2873 	EXP 	question5_2: text = '5: What is the lecture hall like?\n'
57.2873 	EXP 	question6_2: text = '6: Are the desks comfortable?'
57.2873 	EXP 	question1_2: autoDraw = True
57.2873 	EXP 	question2_2: autoDraw = True
57.2873 	EXP 	question3_2: autoDraw = True
57.2873 	EXP 	question4_2: autoDraw = True
57.2873 	EXP 	question5_2: autoDraw = True
57.2873 	EXP 	question6_2: autoDraw = True
57.2873 	EXP 	image_3: autoDraw = True
58.3232 	DATA 	Keypress: 6
59.1412 	DATA 	Keypress: escape
59.2263 	DATA 	Keypress: escape
59.6871 	EXP 	window1: mouseVisible = True
