3.5302 	WARNING 	User requested fullscreen with size [1024  768], but screen is actually [2560, 1440]. Using actual size
4.1842 	EXP 	Created window1 = Window(allowGUI=False, allowStencil=False, args=UNKNOWN, autoLog=True, bitsMode=UNKNOWN, blendMode='avg', color=array([0., 0., 0.]), colorSpace='rgb', fullscr=<method-wrapper '__getattribute__' of attributeSetter object at 0x12451fd68>, gamma=None, kwargs=UNKNOWN, lms=UNKNOWN, monitor=<psychopy.monitors.calibTools.Monitor object at 0x124251470>, multiSample=False, name='window1', numSamples=2, pos=[0.0, 0.0], screen=0, size=array([5120, 2880]), stereo=False, units='norm', useFBO=True, useRetina=True, viewOri=0.0, viewPos=None, viewScale=None, waitBlanking=True, winType='pyglet')
4.1843 	EXP 	window1: recordFrameIntervals = False
4.3506 	EXP 	window1: recordFrameIntervals = True
4.5339 	EXP 	window1: recordFrameIntervals = False
4.5946 	EXP 	Created welcome_2 = TextStim(__class__=<class 'psychopy.visual.text.TextStim'>, alignHoriz='center', alignVert='center', antialias=True, autoLog=True, bold=False, color='white', colorSpace='named', contrast=1.0, depth=0.0, flipHoriz=False, flipVert=False, font='Arial', fontFiles=[], height=0.1, italic=False, languageStyle='LTR', name='welcome_2', opacity=1.0, ori=0, pos=array([0., 0.]), rgb=array([255., 255., 255.]), text='default text', units='norm', win=Window(...), wrapWidth=1)
4.5979 	EXP 	Created text_17 = TextStim(__class__=<class 'psychopy.visual.text.TextStim'>, alignHoriz='center', alignVert='center', antialias=True, autoLog=True, bold=False, color='white', colorSpace='named', contrast=1.0, depth=-2.0, flipHoriz=False, flipVert=False, font='Arial', fontFiles=[], height=0.1, italic=False, languageStyle='LTR', name='text_17', opacity=1.0, ori=0, pos=array([ 0. , -0.6]), rgb=array([255., 255., 255.]), text='default text', units='norm', win=Window(...), wrapWidth=1)
4.5994 	EXP 	Created image = ImageStim(__class__=<class 'psychopy.visual.image.ImageStim'>, autoLog=True, color=array([1., 1., 1.]), colorSpace='rgb', contrast=1.0, depth=0.0, flipHoriz=False, flipVert=False, image='sin', interpolate=True, mask=None, maskParams=None, name='image', opacity=1.0, ori=0.0, pos=array([0., 0.]), size=array([0.5, 0.5]), texRes=128, units='norm', win=Window(...))
4.6026 	EXP 	Created text_2 = TextStim(__class__=<class 'psychopy.visual.text.TextStim'>, alignHoriz='center', alignVert='center', antialias=True, autoLog=True, bold=False, color='white', colorSpace='named', contrast=1.0, depth=-2.0, flipHoriz=False, flipVert=False, font='Arial', fontFiles=[], height=0.1, italic=False, languageStyle='LTR', name='text_2', opacity=1.0, ori=0, pos=array([ 0. , -0.5]), rgb=array([255., 255., 255.]), text='default text', units='norm', win=Window(...), wrapWidth=1)
4.6058 	EXP 	Created welcome = TextStim(__class__=<class 'psychopy.visual.text.TextStim'>, alignHoriz='center', alignVert='center', antialias=True, autoLog=True, bold=False, color='white', colorSpace='named', contrast=1.0, depth=0.0, flipHoriz=False, flipVert=False, font='Arial', fontFiles=[], height=0.1, italic=False, languageStyle='LTR', name='welcome', opacity=1.0, ori=0, pos=array([0., 0.]), rgb=array([255., 255., 255.]), text='default text', units='norm', win=Window(...), wrapWidth=1)
4.6092 	EXP 	Created text_12 = TextStim(__class__=<class 'psychopy.visual.text.TextStim'>, alignHoriz='center', alignVert='center', antialias=True, autoLog=True, bold=False, color='white', colorSpace='named', contrast=1.0, depth=-2.0, flipHoriz=False, flipVert=False, font='Arial', fontFiles=[], height=0.1, italic=False, languageStyle='LTR', name='text_12', opacity=1.0, ori=0, pos=array([ 0. , -0.6]), rgb=array([255., 255., 255.]), text='default text', units='norm', win=Window(...), wrapWidth=1)
4.6124 	EXP 	Created text_18 = TextStim(__class__=<class 'psychopy.visual.text.TextStim'>, alignHoriz='center', alignVert='center', antialias=True, autoLog=True, bold=False, color='white', colorSpace='named', contrast=1.0, depth=0.0, flipHoriz=False, flipVert=False, font='Arial', fontFiles=[], height=0.1, italic=False, languageStyle='LTR', name='text_18', opacity=1.0, ori=0, pos=array([-0.25,  0.25]), rgb=array([255., 255., 255.]), text='default text', units='norm', win=Window(...), wrapWidth=0.5)
4.6136 	EXP 	Created image_9 = ImageStim(__class__=<class 'psychopy.visual.image.ImageStim'>, autoLog=True, color=array([1., 1., 1.]), colorSpace='rgb', contrast=1.0, depth=-1.0, flipHoriz=False, flipVert=False, image='sin', interpolate=True, mask=None, maskParams=None, name='image_9', opacity=1.0, ori=0.0, pos=array([0.25, 0.25]), size=array([0.5, 0.5]), texRes=128, units='norm', win=Window(...))
4.6168 	EXP 	Created text_8 = TextStim(__class__=<class 'psychopy.visual.text.TextStim'>, alignHoriz='center', alignVert='center', antialias=True, autoLog=True, bold=False, color='white', colorSpace='named', contrast=1.0, depth=0.0, flipHoriz=False, flipVert=False, font='Arial', fontFiles=[], height=0.1, italic=False, languageStyle='LTR', name='text_8', opacity=1.0, ori=0, pos=array([ 0. , -0.4]), rgb=array([255., 255., 255.]), text='default text', units='norm', win=Window(...), wrapWidth=1)
4.6200 	EXP 	Created text_9 = TextStim(__class__=<class 'psychopy.visual.text.TextStim'>, alignHoriz='center', alignVert='center', antialias=True, autoLog=True, bold=False, color='white', colorSpace='named', contrast=1.0, depth=-1.0, flipHoriz=False, flipVert=False, font='Arial', fontFiles=[], height=0.1, italic=False, languageStyle='LTR', name='text_9', opacity=1.0, ori=0, pos=array([-0.25,  0.25]), rgb=array([255., 255., 255.]), text='default text', units='norm', win=Window(...), wrapWidth=0.5)
4.6212 	EXP 	Created image_5 = ImageStim(__class__=<class 'psychopy.visual.image.ImageStim'>, autoLog=True, color=array([1., 1., 1.]), colorSpace='rgb', contrast=1.0, depth=-2.0, flipHoriz=False, flipVert=False, image='sin', interpolate=True, mask=None, maskParams=None, name='image_5', opacity=1.0, ori=0.0, pos=array([0.25, 0.25]), size=array([0.5, 0.5]), texRes=128, units='norm', win=Window(...))
4.6247 	EXP 	Created text_10 = TextStim(__class__=<class 'psychopy.visual.text.TextStim'>, alignHoriz='center', alignVert='center', antialias=True, autoLog=True, bold=False, color='white', colorSpace='named', contrast=1.0, depth=0.0, flipHoriz=False, flipVert=False, font='Arial', fontFiles=[], height=0.1, italic=False, languageStyle='LTR', name='text_10', opacity=1.0, ori=0, pos=array([ 0. , -0.4]), rgb=array([255., 255., 255.]), text='default text', units='norm', win=Window(...), wrapWidth=1)
4.6279 	EXP 	Created text_11 = TextStim(__class__=<class 'psychopy.visual.text.TextStim'>, alignHoriz='center', alignVert='center', antialias=True, autoLog=True, bold=False, color='white', colorSpace='named', contrast=1.0, depth=-1.0, flipHoriz=False, flipVert=False, font='Arial', fontFiles=[], height=0.1, italic=False, languageStyle='LTR', name='text_11', opacity=1.0, ori=0, pos=array([-0.25,  0.25]), rgb=array([255., 255., 255.]), text='default text', units='norm', win=Window(...), wrapWidth=0.5)
4.6292 	EXP 	Created image_6 = ImageStim(__class__=<class 'psychopy.visual.image.ImageStim'>, autoLog=True, color=array([1., 1., 1.]), colorSpace='rgb', contrast=1.0, depth=-2.0, flipHoriz=False, flipVert=False, image='sin', interpolate=True, mask=None, maskParams=None, name='image_6', opacity=1.0, ori=0.0, pos=array([0.25, 0.25]), size=array([0.5, 0.5]), texRes=128, units='norm', win=Window(...))
4.6326 	EXP 	Created text_13 = TextStim(__class__=<class 'psychopy.visual.text.TextStim'>, alignHoriz='center', alignVert='center', antialias=True, autoLog=True, bold=False, color='white', colorSpace='named', contrast=1.0, depth=0.0, flipHoriz=False, flipVert=False, font='Arial', fontFiles=[], height=0.1, italic=False, languageStyle='LTR', name='text_13', opacity=1.0, ori=0, pos=array([ 0. , -0.4]), rgb=array([255., 255., 255.]), text='default text', units='norm', win=Window(...), wrapWidth=1)
4.6358 	EXP 	Created text_14 = TextStim(__class__=<class 'psychopy.visual.text.TextStim'>, alignHoriz='center', alignVert='center', antialias=True, autoLog=True, bold=False, color='white', colorSpace='named', contrast=1.0, depth=-1.0, flipHoriz=False, flipVert=False, font='Arial', fontFiles=[], height=0.1, italic=False, languageStyle='LTR', name='text_14', opacity=1.0, ori=0, pos=array([-0.25,  0.25]), rgb=array([255., 255., 255.]), text='default text', units='norm', win=Window(...), wrapWidth=0.5)
4.6370 	EXP 	Created image_7 = ImageStim(__class__=<class 'psychopy.visual.image.ImageStim'>, autoLog=True, color=array([1., 1., 1.]), colorSpace='rgb', contrast=1.0, depth=-2.0, flipHoriz=False, flipVert=False, image='sin', interpolate=True, mask=None, maskParams=None, name='image_7', opacity=1.0, ori=0.0, pos=array([0.25, 0.25]), size=array([0.5, 0.5]), texRes=128, units='norm', win=Window(...))
4.6414 	EXP 	Created text_15 = TextStim(__class__=<class 'psychopy.visual.text.TextStim'>, alignHoriz='center', alignVert='center', antialias=True, autoLog=True, bold=False, color='white', colorSpace='named', contrast=1.0, depth=0.0, flipHoriz=False, flipVert=False, font='Arial', fontFiles=[], height=0.1, italic=False, languageStyle='LTR', name='text_15', opacity=1.0, ori=0, pos=array([ 0. , -0.4]), rgb=array([255., 255., 255.]), text='default text', units='norm', win=Window(...), wrapWidth=1)
4.6448 	EXP 	Created text_16 = TextStim(__class__=<class 'psychopy.visual.text.TextStim'>, alignHoriz='center', alignVert='center', antialias=True, autoLog=True, bold=False, color='white', colorSpace='named', contrast=1.0, depth=-1.0, flipHoriz=False, flipVert=False, font='Arial', fontFiles=[], height=0.1, italic=False, languageStyle='LTR', name='text_16', opacity=1.0, ori=0, pos=array([-0.25,  0.25]), rgb=array([255., 255., 255.]), text='default text', units='norm', win=Window(...), wrapWidth=0.5)
4.6462 	EXP 	Created image_8 = ImageStim(__class__=<class 'psychopy.visual.image.ImageStim'>, autoLog=True, color=array([1., 1., 1.]), colorSpace='rgb', contrast=1.0, depth=-2.0, flipHoriz=False, flipVert=False, image='sin', interpolate=True, mask=None, maskParams=None, name='image_8', opacity=1.0, ori=0.0, pos=array([0.25, 0.25]), size=array([0.5, 0.5]), texRes=128, units='norm', win=Window(...))
4.6578 	EXP 	Created text_5 = TextStim(__class__=<class 'psychopy.visual.text.TextStim'>, alignHoriz='center', alignVert='center', antialias=True, autoLog=True, bold=False, color='white', colorSpace='named', contrast=1.0, depth=0.0, flipHoriz=False, flipVert=False, font='Arial', fontFiles=[], height=0.1, italic=False, languageStyle='LTR', name='text_5', opacity=1.0, ori=0, pos=array([0., 0.]), rgb=array([255., 255., 255.]), text=str(...), units='norm', win=Window(...), wrapWidth=1)
4.6613 	EXP 	Created question1_2 = TextStim(__class__=<class 'psychopy.visual.text.TextStim'>, alignHoriz='center', alignVert='center', antialias=True, autoLog=True, bold=False, color='white', colorSpace='named', contrast=1.0, depth=-1.0, flipHoriz=False, flipVert=False, font='Arial', fontFiles=[], height=0.1, italic=False, languageStyle='LTR', name='question1_2', opacity=1.0, ori=0, pos=array([0. , 0.6]), rgb=array([255., 255., 255.]), text='default text', units='norm', win=Window(...), wrapWidth=2)
4.6645 	EXP 	Created question2_2 = TextStim(__class__=<class 'psychopy.visual.text.TextStim'>, alignHoriz='center', alignVert='center', antialias=True, autoLog=True, bold=False, color='white', colorSpace='named', contrast=1.0, depth=-2.0, flipHoriz=False, flipVert=False, font='Arial', fontFiles=[], height=0.1, italic=False, languageStyle='LTR', name='question2_2', opacity=1.0, ori=0, pos=array([0.  , 0.35]), rgb=array([255., 255., 255.]), text='default text', units='norm', win=Window(...), wrapWidth=2)
4.6677 	EXP 	Created question3_2 = TextStim(__class__=<class 'psychopy.visual.text.TextStim'>, alignHoriz='center', alignVert='center', antialias=True, autoLog=True, bold=False, color='white', colorSpace='named', contrast=1.0, depth=-3.0, flipHoriz=False, flipVert=False, font='Arial', fontFiles=[], height=0.1, italic=False, languageStyle='LTR', name='question3_2', opacity=1.0, ori=0, pos=array([0.  , 0.12]), rgb=array([255., 255., 255.]), text='default text', units='norm', win=Window(...), wrapWidth=2)
4.6709 	EXP 	Created question4_2 = TextStim(__class__=<class 'psychopy.visual.text.TextStim'>, alignHoriz='center', alignVert='center', antialias=True, autoLog=True, bold=False, color='white', colorSpace='named', contrast=1.0, depth=-4.0, flipHoriz=False, flipVert=False, font='Arial', fontFiles=[], height=0.1, italic=False, languageStyle='LTR', name='question4_2', opacity=1.0, ori=0, pos=array([ 0.  , -0.12]), rgb=array([255., 255., 255.]), text='default text', units='norm', win=Window(...), wrapWidth=2)
4.6743 	EXP 	Created question5_2 = TextStim(__class__=<class 'psychopy.visual.text.TextStim'>, alignHoriz='center', alignVert='center', antialias=True, autoLog=True, bold=False, color='white', colorSpace='named', contrast=1.0, depth=-5.0, flipHoriz=False, flipVert=False, font='Arial', fontFiles=[], height=0.1, italic=False, languageStyle='LTR', name='question5_2', opacity=1.0, ori=0, pos=array([ 0.  , -0.35]), rgb=array([255., 255., 255.]), text='default text', units='norm', win=Window(...), wrapWidth=2)
4.6775 	EXP 	Created question6_2 = TextStim(__class__=<class 'psychopy.visual.text.TextStim'>, alignHoriz='center', alignVert='center', antialias=True, autoLog=True, bold=False, color='white', colorSpace='named', contrast=1.0, depth=-6.0, flipHoriz=False, flipVert=False, font='Arial', fontFiles=[], height=0.1, italic=False, languageStyle='LTR', name='question6_2', opacity=1.0, ori=0, pos=array([ 0. , -0.6]), rgb=array([255., 255., 255.]), text='default text', units='norm', win=Window(...), wrapWidth=2)
4.6788 	EXP 	Created image_3 = ImageStim(__class__=<class 'psychopy.visual.image.ImageStim'>, autoLog=True, color=array([1., 1., 1.]), colorSpace='rgb', contrast=1.0, depth=-8.0, flipHoriz=False, flipVert=False, image='sin', interpolate=True, mask=None, maskParams=None, name='image_3', opacity=1.0, ori=0.0, pos=array([ 0.  , -0.85]), size=array([0.25 , 0.125]), texRes=128, units='norm', win=Window(...))
4.6835 	EXP 	Created text_3 = TextStim(__class__=<class 'psychopy.visual.text.TextStim'>, alignHoriz='center', alignVert='center', antialias=True, autoLog=True, bold=False, color='white', colorSpace='named', contrast=1.0, depth=0.0, flipHoriz=False, flipVert=False, font='Arial', fontFiles=[], height=0.1, italic=False, languageStyle='LTR', name='text_3', opacity=1.0, ori=0, pos=array([0., 0.]), rgb=array([255., 255., 255.]), text='Final Tests', units='norm', win=Window(...), wrapWidth=1)
4.6847 	EXP 	Created image_2 = ImageStim(__class__=<class 'psychopy.visual.image.ImageStim'>, autoLog=True, color=array([1., 1., 1.]), colorSpace='rgb', contrast=1.0, depth=0.0, flipHoriz=False, flipVert=False, image='sin', interpolate=True, mask=None, maskParams=None, name='image_2', opacity=1.0, ori=0.0, pos=array([0., 0.]), size=array([0.5, 0.5]), texRes=128, units='norm', win=Window(...))
4.6880 	EXP 	Created text_4 = TextStim(__class__=<class 'psychopy.visual.text.TextStim'>, alignHoriz='center', alignVert='center', antialias=True, autoLog=True, bold=False, color='white', colorSpace='named', contrast=1.0, depth=-2.0, flipHoriz=False, flipVert=False, font='Arial', fontFiles=[], height=0.1, italic=False, languageStyle='LTR', name='text_4', opacity=1.0, ori=0, pos=array([ 0. , -0.5]), rgb=array([255., 255., 255.]), text='default text', units='norm', win=Window(...), wrapWidth=1)
4.6914 	EXP 	Created question1_3 = TextStim(__class__=<class 'psychopy.visual.text.TextStim'>, alignHoriz='center', alignVert='center', antialias=True, autoLog=True, bold=False, color='white', colorSpace='named', contrast=1.0, depth=-1.0, flipHoriz=False, flipVert=False, font='Arial', fontFiles=[], height=0.1, italic=False, languageStyle='LTR', name='question1_3', opacity=1.0, ori=0, pos=array([0. , 0.6]), rgb=array([255., 255., 255.]), text='default text', units='norm', win=Window(...), wrapWidth=2)
4.6946 	EXP 	Created question2_3 = TextStim(__class__=<class 'psychopy.visual.text.TextStim'>, alignHoriz='center', alignVert='center', antialias=True, autoLog=True, bold=False, color='white', colorSpace='named', contrast=1.0, depth=-2.0, flipHoriz=False, flipVert=False, font='Arial', fontFiles=[], height=0.1, italic=False, languageStyle='LTR', name='question2_3', opacity=1.0, ori=0, pos=array([0.  , 0.35]), rgb=array([255., 255., 255.]), text='default text', units='norm', win=Window(...), wrapWidth=2)
4.6978 	EXP 	Created question3_3 = TextStim(__class__=<class 'psychopy.visual.text.TextStim'>, alignHoriz='center', alignVert='center', antialias=True, autoLog=True, bold=False, color='white', colorSpace='named', contrast=1.0, depth=-3.0, flipHoriz=False, flipVert=False, font='Arial', fontFiles=[], height=0.1, italic=False, languageStyle='LTR', name='question3_3', opacity=1.0, ori=0, pos=array([0.  , 0.12]), rgb=array([255., 255., 255.]), text='default text', units='norm', win=Window(...), wrapWidth=2)
4.7011 	EXP 	Created question4_3 = TextStim(__class__=<class 'psychopy.visual.text.TextStim'>, alignHoriz='center', alignVert='center', antialias=True, autoLog=True, bold=False, color='white', colorSpace='named', contrast=1.0, depth=-4.0, flipHoriz=False, flipVert=False, font='Arial', fontFiles=[], height=0.1, italic=False, languageStyle='LTR', name='question4_3', opacity=1.0, ori=0, pos=array([ 0.  , -0.12]), rgb=array([255., 255., 255.]), text='default text', units='norm', win=Window(...), wrapWidth=2)
4.7043 	EXP 	Created question5_3 = TextStim(__class__=<class 'psychopy.visual.text.TextStim'>, alignHoriz='center', alignVert='center', antialias=True, autoLog=True, bold=False, color='white', colorSpace='named', contrast=1.0, depth=-5.0, flipHoriz=False, flipVert=False, font='Arial', fontFiles=[], height=0.1, italic=False, languageStyle='LTR', name='question5_3', opacity=1.0, ori=0, pos=array([ 0.  , -0.35]), rgb=array([255., 255., 255.]), text='default text', units='norm', win=Window(...), wrapWidth=2)
4.7076 	EXP 	Created question6_3 = TextStim(__class__=<class 'psychopy.visual.text.TextStim'>, alignHoriz='center', alignVert='center', antialias=True, autoLog=True, bold=False, color='white', colorSpace='named', contrast=1.0, depth=-6.0, flipHoriz=False, flipVert=False, font='Arial', fontFiles=[], height=0.1, italic=False, languageStyle='LTR', name='question6_3', opacity=1.0, ori=0, pos=array([ 0. , -0.6]), rgb=array([255., 255., 255.]), text='default text', units='norm', win=Window(...), wrapWidth=2)
4.7088 	EXP 	Created image_4 = ImageStim(__class__=<class 'psychopy.visual.image.ImageStim'>, autoLog=True, color=array([1., 1., 1.]), colorSpace='rgb', contrast=1.0, depth=-8.0, flipHoriz=False, flipVert=False, image='sin', interpolate=True, mask=None, maskParams=None, name='image_4', opacity=1.0, ori=0.0, pos=array([ 0.  , -0.85]), size=array([0.25 , 0.125]), texRes=128, units='norm', win=Window(...))
4.7120 	EXP 	Created text_6 = TextStim(__class__=<class 'psychopy.visual.text.TextStim'>, alignHoriz='center', alignVert='center', antialias=True, autoLog=True, bold=False, color='white', colorSpace='named', contrast=1.0, depth=-1.0, flipHoriz=False, flipVert=False, font='Arial', fontFiles=[], height=0.1, italic=False, languageStyle='LTR', name='text_6', opacity=1.0, ori=0, pos=array([0., 0.]), rgb=array([255., 255., 255.]), text='default text', units='norm', win=Window(...), wrapWidth=1)
4.7160 	EXP 	Created text = TextStim(__class__=<class 'psychopy.visual.text.TextStim'>, alignHoriz='center', alignVert='center', antialias=True, autoLog=True, bold=False, color='white', colorSpace='named', contrast=1.0, depth=0.0, flipHoriz=False, flipVert=False, font='Arial', fontFiles=[], height=0.1, italic=False, languageStyle='LTR', name='text', opacity=1.0, ori=0, pos=array([0., 0.]), rgb=array([255., 255., 255.]), text='end of introduction', units='norm', win=Window(...), wrapWidth=1)
4.7230 	EXP 	Imported instructions.xlsx as conditions, 8 conditions, 2 params
4.7232 	EXP 	Created sequence: sequential, trialTypes=8, nReps=1, seed=None
4.7234 	EXP 	New trial (rep=0, index=0): OrderedDict([('instruct_text', 'Welcome to the Job Simulator Task!'), ('instruct_text2', '(press the space bar to continue)')])
4.7636 	EXP 	welcome_2: text = 'Welcome to the Job Simulator Task!'
4.7636 	EXP 	text_17: text = '(press the space bar to continue)'
4.7636 	EXP 	welcome_2: autoDraw = True
4.7636 	EXP 	text_17: autoDraw = True
5.3700 	DATA 	Keypress: space
5.3710 	EXP 	New trial (rep=0, index=1): OrderedDict([('instruct_text', 'In this task, you’ll first be introduced to the perspectives of 8 different jobs. '), ('instruct_text2', None)])
5.4179 	EXP 	welcome_2: autoDraw = False
5.4179 	EXP 	text_17: autoDraw = False
5.4179 	EXP 	welcome_2: text = 'In this task, you’ll first be introduced to the perspectives of 8 different jobs. '
5.4179 	EXP 	text_17: text = '(press the space bar to continue)'
5.4179 	EXP 	welcome_2: autoDraw = True
5.4179 	EXP 	text_17: autoDraw = True
12.1198 	DATA 	Keypress: space
12.1207 	EXP 	New trial (rep=0, index=2): OrderedDict([('instruct_text', 'You’ll then learn 4 questions associated with each perspective. '), ('instruct_text2', None)])
12.1519 	EXP 	welcome_2: autoDraw = False
12.1519 	EXP 	text_17: autoDraw = False
12.1519 	EXP 	welcome_2: text = 'You’ll then learn 4 questions associated with each perspective. '
12.1519 	EXP 	text_17: text = '(press the space bar to continue)'
12.1519 	EXP 	welcome_2: autoDraw = True
12.1519 	EXP 	text_17: autoDraw = True
27.6911 	DATA 	Keypress: space
27.6920 	EXP 	New trial (rep=0, index=3): OrderedDict([('instruct_text', 'Subsequently, you will be asked to apply those perspectives and questions to 8 stories.'), ('instruct_text2', None)])
27.7234 	EXP 	welcome_2: autoDraw = False
27.7234 	EXP 	text_17: autoDraw = False
27.7234 	EXP 	welcome_2: text = 'Subsequently, you will be asked to apply those perspectives and questions to 8 stories.'
27.7234 	EXP 	text_17: text = '(press the space bar to continue)'
27.7234 	EXP 	welcome_2: autoDraw = True
27.7234 	EXP 	text_17: autoDraw = True
41.2633 	DATA 	Keypress: space
41.2642 	EXP 	New trial (rep=0, index=4): OrderedDict([('instruct_text', 'For each story you read, you will be asked to assume one of the perspectives. '), ('instruct_text2', None)])
41.2944 	EXP 	welcome_2: autoDraw = False
41.2944 	EXP 	text_17: autoDraw = False
41.2944 	EXP 	welcome_2: text = 'For each story you read, you will be asked to assume one of the perspectives. '
41.2944 	EXP 	text_17: text = '(press the space bar to continue)'
41.2944 	EXP 	welcome_2: autoDraw = True
41.2944 	EXP 	text_17: autoDraw = True
45.1972 	DATA 	Keypress: left
55.3335 	DATA 	Keypress: space
55.3344 	EXP 	New trial (rep=0, index=5): OrderedDict([('instruct_text', 'While reading, try to remember the perspective and the questions of that perspective. '), ('instruct_text2', None)])
55.3665 	EXP 	welcome_2: autoDraw = False
55.3665 	EXP 	text_17: autoDraw = False
55.3665 	EXP 	welcome_2: text = 'While reading, try to remember the perspective and the questions of that perspective. '
55.3665 	EXP 	text_17: text = '(press the space bar to continue)'
55.3665 	EXP 	welcome_2: autoDraw = True
55.3665 	EXP 	text_17: autoDraw = True
57.2507 	DATA 	Keypress: space
57.2515 	EXP 	New trial (rep=0, index=6): OrderedDict([('instruct_text', 'After you’re finished reading all the stories, you will be asked to recall the stories and answer questions about them. '), ('instruct_text2', None)])
57.2832 	EXP 	welcome_2: autoDraw = False
57.2832 	EXP 	text_17: autoDraw = False
57.2832 	EXP 	welcome_2: text = 'After you’re finished reading all the stories, you will be asked to recall the stories and answer questions about them. '
57.2832 	EXP 	text_17: text = '(press the space bar to continue)'
57.2832 	EXP 	welcome_2: autoDraw = True
57.2832 	EXP 	text_17: autoDraw = True
58.4508 	DATA 	Keypress: escape
58.7194 	EXP 	window1: mouseVisible = True
