2.2865 	WARNING 	sounddevice audio lib was requested but not loaded: sounddevice not working
9.0298 	WARNING 	User requested fullscreen with size [1024  768], but screen is actually [1440, 900]. Using actual size
9.7337 	EXP 	Created window1 = Window(allowGUI=False, allowStencil=False, args=UNKNOWN, autoLog=True, bitsMode=UNKNOWN, blendMode='avg', color=array([0., 0., 0.]), colorSpace='rgb', fullscr=<method-wrapper '__getattribute__' of attributeSetter object at 0x10e542e80>, gamma=None, kwargs=UNKNOWN, lms=UNKNOWN, monitor=<psychopy.monitors.calibTools.Monitor object at 0x1121bcc88>, multiSample=False, name='window1', numSamples=2, pos=[0.0, 0.0], screen=0, size=array([1440,  900]), stereo=False, units='norm', useFBO=True, useRetina=False, viewOri=0.0, viewPos=None, viewScale=None, waitBlanking=True, winType='pyglet')
9.7338 	EXP 	window1: recordFrameIntervals = False
9.8969 	EXP 	window1: recordFrameIntervals = True
10.0810 	EXP 	window1: recordFrameIntervals = False
10.2384 	EXP 	Created welcome_2 = TextStim(__class__=<class 'psychopy.visual.text.TextStim'>, alignHoriz='center', alignVert='center', antialias=True, autoLog=True, bold=False, color='white', colorSpace='named', contrast=1.0, depth=0.0, flipHoriz=False, flipVert=False, font='Arial', fontFiles=[], height=0.1, italic=False, languageStyle='LTR', name='welcome_2', opacity=1.0, ori=0, pos=array([0. , 0.7]), rgb=array([255., 255., 255.]), text='default text', units='norm', win=Window(...), wrapWidth=1)
10.2519 	EXP 	Created image_10 = ImageStim(__class__=<class 'psychopy.visual.image.ImageStim'>, autoLog=True, color=array([1., 1., 1.]), colorSpace='rgb', contrast=1.0, depth=-3.0, flipHoriz=False, flipVert=False, image='sin', interpolate=True, mask=None, maskParams=None, name='image_10', opacity=1.0, ori=0.0, pos=array([ 0. , -0.3]), size=array([1.5, 1. ]), texRes=128, units='norm', win=Window(...))
10.2543 	EXP 	Created image = ImageStim(__class__=<class 'psychopy.visual.image.ImageStim'>, autoLog=True, color=array([1., 1., 1.]), colorSpace='rgb', contrast=1.0, depth=0.0, flipHoriz=False, flipVert=False, image='sin', interpolate=True, mask=None, maskParams=None, name='image', opacity=1.0, ori=0.0, pos=array([0., 0.]), size=array([0.75, 0.75]), texRes=128, units='norm', win=Window(...))
10.2601 	EXP 	Created text_2 = TextStim(__class__=<class 'psychopy.visual.text.TextStim'>, alignHoriz='center', alignVert='center', antialias=True, autoLog=True, bold=False, color='white', colorSpace='named', contrast=1.0, depth=-2.0, flipHoriz=False, flipVert=False, font='Arial', fontFiles=[], height=0.1, italic=False, languageStyle='LTR', name='text_2', opacity=1.0, ori=0, pos=array([ 0. , -0.6]), rgb=array([255., 255., 255.]), text='default text', units='norm', win=Window(...), wrapWidth=1)
10.2652 	EXP 	Created welcome = TextStim(__class__=<class 'psychopy.visual.text.TextStim'>, alignHoriz='center', alignVert='center', antialias=True, autoLog=True, bold=False, color='white', colorSpace='named', contrast=1.0, depth=0.0, flipHoriz=False, flipVert=False, font='Arial', fontFiles=[], height=0.1, italic=False, languageStyle='LTR', name='welcome', opacity=1.0, ori=0, pos=array([0., 0.]), rgb=array([255., 255., 255.]), text='default text', units='norm', win=Window(...), wrapWidth=1)
10.2701 	EXP 	Created text_12 = TextStim(__class__=<class 'psychopy.visual.text.TextStim'>, alignHoriz='center', alignVert='center', antialias=True, autoLog=True, bold=False, color='white', colorSpace='named', contrast=1.0, depth=-2.0, flipHoriz=False, flipVert=False, font='Arial', fontFiles=[], height=0.1, italic=False, languageStyle='LTR', name='text_12', opacity=1.0, ori=0, pos=array([ 0. , -0.6]), rgb=array([255., 255., 255.]), text='default text', units='norm', win=Window(...), wrapWidth=1)
10.2750 	EXP 	Created text_18 = TextStim(__class__=<class 'psychopy.visual.text.TextStim'>, alignHoriz='center', alignVert='center', antialias=True, autoLog=True, bold=False, color='white', colorSpace='named', contrast=1.0, depth=0.0, flipHoriz=False, flipVert=False, font='Arial', fontFiles=[], height=0.1, italic=False, languageStyle='LTR', name='text_18', opacity=1.0, ori=0, pos=array([-0.4 ,  0.25]), rgb=array([255., 255., 255.]), text='default text', units='norm', win=Window(...), wrapWidth=0.5)
10.2771 	EXP 	Created image_9 = ImageStim(__class__=<class 'psychopy.visual.image.ImageStim'>, autoLog=True, color=array([1., 1., 1.]), colorSpace='rgb', contrast=1.0, depth=-1.0, flipHoriz=False, flipVert=False, image='sin', interpolate=True, mask=None, maskParams=None, name='image_9', opacity=1.0, ori=0.0, pos=array([0.25, 0.25]), size=array([0.75, 0.75]), texRes=128, units='norm', win=Window(...))
10.2821 	EXP 	Created text_8 = TextStim(__class__=<class 'psychopy.visual.text.TextStim'>, alignHoriz='center', alignVert='center', antialias=True, autoLog=True, bold=False, color='white', colorSpace='named', contrast=1.0, depth=0.0, flipHoriz=False, flipVert=False, font='Arial', fontFiles=[], height=0.1, italic=False, languageStyle='LTR', name='text_8', opacity=1.0, ori=0, pos=array([ 0. , -0.4]), rgb=array([255., 255., 255.]), text='default text', units='norm', win=Window(...), wrapWidth=1)
10.2868 	EXP 	Created text_9 = TextStim(__class__=<class 'psychopy.visual.text.TextStim'>, alignHoriz='center', alignVert='center', antialias=True, autoLog=True, bold=False, color='white', colorSpace='named', contrast=1.0, depth=-1.0, flipHoriz=False, flipVert=False, font='Arial', fontFiles=[], height=0.1, italic=False, languageStyle='LTR', name='text_9', opacity=1.0, ori=0, pos=array([-0.4 ,  0.25]), rgb=array([255., 255., 255.]), text='default text', units='norm', win=Window(...), wrapWidth=0.5)
10.2888 	EXP 	Created image_5 = ImageStim(__class__=<class 'psychopy.visual.image.ImageStim'>, autoLog=True, color=array([1., 1., 1.]), colorSpace='rgb', contrast=1.0, depth=-2.0, flipHoriz=False, flipVert=False, image='sin', interpolate=True, mask=None, maskParams=None, name='image_5', opacity=1.0, ori=0.0, pos=array([0.25, 0.25]), size=array([0.75, 0.75]), texRes=128, units='norm', win=Window(...))
10.2937 	EXP 	Created text_10 = TextStim(__class__=<class 'psychopy.visual.text.TextStim'>, alignHoriz='center', alignVert='center', antialias=True, autoLog=True, bold=False, color='white', colorSpace='named', contrast=1.0, depth=0.0, flipHoriz=False, flipVert=False, font='Arial', fontFiles=[], height=0.1, italic=False, languageStyle='LTR', name='text_10', opacity=1.0, ori=0, pos=array([ 0. , -0.4]), rgb=array([255., 255., 255.]), text='default text', units='norm', win=Window(...), wrapWidth=1)
10.2987 	EXP 	Created text_11 = TextStim(__class__=<class 'psychopy.visual.text.TextStim'>, alignHoriz='center', alignVert='center', antialias=True, autoLog=True, bold=False, color='white', colorSpace='named', contrast=1.0, depth=-1.0, flipHoriz=False, flipVert=False, font='Arial', fontFiles=[], height=0.1, italic=False, languageStyle='LTR', name='text_11', opacity=1.0, ori=0, pos=array([-0.4 ,  0.25]), rgb=array([255., 255., 255.]), text='default text', units='norm', win=Window(...), wrapWidth=0.5)
10.3007 	EXP 	Created image_6 = ImageStim(__class__=<class 'psychopy.visual.image.ImageStim'>, autoLog=True, color=array([1., 1., 1.]), colorSpace='rgb', contrast=1.0, depth=-2.0, flipHoriz=False, flipVert=False, image='sin', interpolate=True, mask=None, maskParams=None, name='image_6', opacity=1.0, ori=0.0, pos=array([0.25, 0.25]), size=array([0.75, 0.75]), texRes=128, units='norm', win=Window(...))
10.3057 	EXP 	Created text_13 = TextStim(__class__=<class 'psychopy.visual.text.TextStim'>, alignHoriz='center', alignVert='center', antialias=True, autoLog=True, bold=False, color='white', colorSpace='named', contrast=1.0, depth=0.0, flipHoriz=False, flipVert=False, font='Arial', fontFiles=[], height=0.1, italic=False, languageStyle='LTR', name='text_13', opacity=1.0, ori=0, pos=array([ 0. , -0.4]), rgb=array([255., 255., 255.]), text='default text', units='norm', win=Window(...), wrapWidth=1)
10.3104 	EXP 	Created text_14 = TextStim(__class__=<class 'psychopy.visual.text.TextStim'>, alignHoriz='center', alignVert='center', antialias=True, autoLog=True, bold=False, color='white', colorSpace='named', contrast=1.0, depth=-1.0, flipHoriz=False, flipVert=False, font='Arial', fontFiles=[], height=0.1, italic=False, languageStyle='LTR', name='text_14', opacity=1.0, ori=0, pos=array([-0.4 ,  0.25]), rgb=array([255., 255., 255.]), text='default text', units='norm', win=Window(...), wrapWidth=0.5)
10.3125 	EXP 	Created image_7 = ImageStim(__class__=<class 'psychopy.visual.image.ImageStim'>, autoLog=True, color=array([1., 1., 1.]), colorSpace='rgb', contrast=1.0, depth=-2.0, flipHoriz=False, flipVert=False, image='sin', interpolate=True, mask=None, maskParams=None, name='image_7', opacity=1.0, ori=0.0, pos=array([0.25, 0.25]), size=array([0.75, 0.75]), texRes=128, units='norm', win=Window(...))
10.3177 	EXP 	Created text_15 = TextStim(__class__=<class 'psychopy.visual.text.TextStim'>, alignHoriz='center', alignVert='center', antialias=True, autoLog=True, bold=False, color='white', colorSpace='named', contrast=1.0, depth=0.0, flipHoriz=False, flipVert=False, font='Arial', fontFiles=[], height=0.1, italic=False, languageStyle='LTR', name='text_15', opacity=1.0, ori=0, pos=array([ 0. , -0.4]), rgb=array([255., 255., 255.]), text='default text', units='norm', win=Window(...), wrapWidth=1)
10.3225 	EXP 	Created text_16 = TextStim(__class__=<class 'psychopy.visual.text.TextStim'>, alignHoriz='center', alignVert='center', antialias=True, autoLog=True, bold=False, color='white', colorSpace='named', contrast=1.0, depth=-1.0, flipHoriz=False, flipVert=False, font='Arial', fontFiles=[], height=0.1, italic=False, languageStyle='LTR', name='text_16', opacity=1.0, ori=0, pos=array([-0.4 ,  0.25]), rgb=array([255., 255., 255.]), text='default text', units='norm', win=Window(...), wrapWidth=0.5)
10.3245 	EXP 	Created image_8 = ImageStim(__class__=<class 'psychopy.visual.image.ImageStim'>, autoLog=True, color=array([1., 1., 1.]), colorSpace='rgb', contrast=1.0, depth=-2.0, flipHoriz=False, flipVert=False, image='sin', interpolate=True, mask=None, maskParams=None, name='image_8', opacity=1.0, ori=0.0, pos=array([0.25, 0.25]), size=array([0.75, 0.75]), texRes=128, units='norm', win=Window(...))
10.3474 	EXP 	Created text_5 = TextStim(__class__=<class 'psychopy.visual.text.TextStim'>, alignHoriz='center', alignVert='center', antialias=True, autoLog=True, bold=False, color='white', colorSpace='named', contrast=1.0, depth=0.0, flipHoriz=False, flipVert=False, font='Arial', fontFiles=[], height=0.1, italic=False, languageStyle='LTR', name='text_5', opacity=1.0, ori=0, pos=array([0., 0.]), rgb=array([255., 255., 255.]), text=str(...), units='norm', win=Window(...), wrapWidth=1)
10.3534 	EXP 	Created question1_2 = TextStim(__class__=<class 'psychopy.visual.text.TextStim'>, alignHoriz='center', alignVert='center', antialias=True, autoLog=True, bold=False, color='white', colorSpace='named', contrast=1.0, depth=-1.0, flipHoriz=False, flipVert=False, font='Arial', fontFiles=[], height=0.1, italic=False, languageStyle='LTR', name='question1_2', opacity=1.0, ori=0, pos=array([0. , 0.6]), rgb=array([255., 255., 255.]), text='default text', units='norm', win=Window(...), wrapWidth=2)
10.3584 	EXP 	Created question2_2 = TextStim(__class__=<class 'psychopy.visual.text.TextStim'>, alignHoriz='center', alignVert='center', antialias=True, autoLog=True, bold=False, color='white', colorSpace='named', contrast=1.0, depth=-2.0, flipHoriz=False, flipVert=False, font='Arial', fontFiles=[], height=0.1, italic=False, languageStyle='LTR', name='question2_2', opacity=1.0, ori=0, pos=array([0.  , 0.35]), rgb=array([255., 255., 255.]), text='default text', units='norm', win=Window(...), wrapWidth=2)
10.3632 	EXP 	Created question3_2 = TextStim(__class__=<class 'psychopy.visual.text.TextStim'>, alignHoriz='center', alignVert='center', antialias=True, autoLog=True, bold=False, color='white', colorSpace='named', contrast=1.0, depth=-3.0, flipHoriz=False, flipVert=False, font='Arial', fontFiles=[], height=0.1, italic=False, languageStyle='LTR', name='question3_2', opacity=1.0, ori=0, pos=array([0.  , 0.12]), rgb=array([255., 255., 255.]), text='default text', units='norm', win=Window(...), wrapWidth=2)
10.3679 	EXP 	Created question4_2 = TextStim(__class__=<class 'psychopy.visual.text.TextStim'>, alignHoriz='center', alignVert='center', antialias=True, autoLog=True, bold=False, color='white', colorSpace='named', contrast=1.0, depth=-4.0, flipHoriz=False, flipVert=False, font='Arial', fontFiles=[], height=0.1, italic=False, languageStyle='LTR', name='question4_2', opacity=1.0, ori=0, pos=array([ 0.  , -0.12]), rgb=array([255., 255., 255.]), text='default text', units='norm', win=Window(...), wrapWidth=2)
10.3727 	EXP 	Created question5_2 = TextStim(__class__=<class 'psychopy.visual.text.TextStim'>, alignHoriz='center', alignVert='center', antialias=True, autoLog=True, bold=False, color='white', colorSpace='named', contrast=1.0, depth=-5.0, flipHoriz=False, flipVert=False, font='Arial', fontFiles=[], height=0.1, italic=False, languageStyle='LTR', name='question5_2', opacity=1.0, ori=0, pos=array([ 0.  , -0.35]), rgb=array([255., 255., 255.]), text='default text', units='norm', win=Window(...), wrapWidth=2)
10.3821 	EXP 	Created question6_2 = TextStim(__class__=<class 'psychopy.visual.text.TextStim'>, alignHoriz='center', alignVert='center', antialias=True, autoLog=True, bold=False, color='white', colorSpace='named', contrast=1.0, depth=-6.0, flipHoriz=False, flipVert=False, font='Arial', fontFiles=[], height=0.1, italic=False, languageStyle='LTR', name='question6_2', opacity=1.0, ori=0, pos=array([ 0. , -0.6]), rgb=array([255., 255., 255.]), text='default text', units='norm', win=Window(...), wrapWidth=2)
10.3858 	EXP 	Created image_3 = ImageStim(__class__=<class 'psychopy.visual.image.ImageStim'>, autoLog=True, color=array([1., 1., 1.]), colorSpace='rgb', contrast=1.0, depth=-8.0, flipHoriz=False, flipVert=False, image='sin', interpolate=True, mask=None, maskParams=None, name='image_3', opacity=1.0, ori=0.0, pos=array([ 0.  , -0.85]), size=array([0.25 , 0.125]), texRes=128, units='norm', win=Window(...))
10.3932 	EXP 	Created text_3 = TextStim(__class__=<class 'psychopy.visual.text.TextStim'>, alignHoriz='center', alignVert='center', antialias=True, autoLog=True, bold=False, color='white', colorSpace='named', contrast=1.0, depth=0.0, flipHoriz=False, flipVert=False, font='Arial', fontFiles=[], height=0.1, italic=False, languageStyle='LTR', name='text_3', opacity=1.0, ori=0, pos=array([0., 0.]), rgb=array([255., 255., 255.]), text='Final Tests', units='norm', win=Window(...), wrapWidth=1)
10.3952 	EXP 	Created image_2 = ImageStim(__class__=<class 'psychopy.visual.image.ImageStim'>, autoLog=True, color=array([1., 1., 1.]), colorSpace='rgb', contrast=1.0, depth=0.0, flipHoriz=False, flipVert=False, image='sin', interpolate=True, mask=None, maskParams=None, name='image_2', opacity=1.0, ori=0.0, pos=array([0., 0.]), size=array([0.75, 0.75]), texRes=128, units='norm', win=Window(...))
10.4034 	EXP 	Created text_4 = TextStim(__class__=<class 'psychopy.visual.text.TextStim'>, alignHoriz='center', alignVert='center', antialias=True, autoLog=True, bold=False, color='white', colorSpace='named', contrast=1.0, depth=-2.0, flipHoriz=False, flipVert=False, font='Arial', fontFiles=[], height=0.1, italic=False, languageStyle='LTR', name='text_4', opacity=1.0, ori=0, pos=array([ 0. , -0.6]), rgb=array([255., 255., 255.]), text='default text', units='norm', win=Window(...), wrapWidth=1)
10.4105 	EXP 	Created question1_3 = TextStim(__class__=<class 'psychopy.visual.text.TextStim'>, alignHoriz='center', alignVert='center', antialias=True, autoLog=True, bold=False, color='white', colorSpace='named', contrast=1.0, depth=-1.0, flipHoriz=False, flipVert=False, font='Arial', fontFiles=[], height=0.1, italic=False, languageStyle='LTR', name='question1_3', opacity=1.0, ori=0, pos=array([0. , 0.6]), rgb=array([255., 255., 255.]), text='default text', units='norm', win=Window(...), wrapWidth=2)
10.4156 	EXP 	Created question2_3 = TextStim(__class__=<class 'psychopy.visual.text.TextStim'>, alignHoriz='center', alignVert='center', antialias=True, autoLog=True, bold=False, color='white', colorSpace='named', contrast=1.0, depth=-2.0, flipHoriz=False, flipVert=False, font='Arial', fontFiles=[], height=0.1, italic=False, languageStyle='LTR', name='question2_3', opacity=1.0, ori=0, pos=array([0.  , 0.35]), rgb=array([255., 255., 255.]), text='default text', units='norm', win=Window(...), wrapWidth=2)
10.4204 	EXP 	Created question3_3 = TextStim(__class__=<class 'psychopy.visual.text.TextStim'>, alignHoriz='center', alignVert='center', antialias=True, autoLog=True, bold=False, color='white', colorSpace='named', contrast=1.0, depth=-3.0, flipHoriz=False, flipVert=False, font='Arial', fontFiles=[], height=0.1, italic=False, languageStyle='LTR', name='question3_3', opacity=1.0, ori=0, pos=array([0.  , 0.12]), rgb=array([255., 255., 255.]), text='default text', units='norm', win=Window(...), wrapWidth=2)
10.4291 	EXP 	Created question4_3 = TextStim(__class__=<class 'psychopy.visual.text.TextStim'>, alignHoriz='center', alignVert='center', antialias=True, autoLog=True, bold=False, color='white', colorSpace='named', contrast=1.0, depth=-4.0, flipHoriz=False, flipVert=False, font='Arial', fontFiles=[], height=0.1, italic=False, languageStyle='LTR', name='question4_3', opacity=1.0, ori=0, pos=array([ 0.  , -0.12]), rgb=array([255., 255., 255.]), text='default text', units='norm', win=Window(...), wrapWidth=2)
10.4356 	EXP 	Created question5_3 = TextStim(__class__=<class 'psychopy.visual.text.TextStim'>, alignHoriz='center', alignVert='center', antialias=True, autoLog=True, bold=False, color='white', colorSpace='named', contrast=1.0, depth=-5.0, flipHoriz=False, flipVert=False, font='Arial', fontFiles=[], height=0.1, italic=False, languageStyle='LTR', name='question5_3', opacity=1.0, ori=0, pos=array([ 0.  , -0.35]), rgb=array([255., 255., 255.]), text='default text', units='norm', win=Window(...), wrapWidth=2)
10.4404 	EXP 	Created question6_3 = TextStim(__class__=<class 'psychopy.visual.text.TextStim'>, alignHoriz='center', alignVert='center', antialias=True, autoLog=True, bold=False, color='white', colorSpace='named', contrast=1.0, depth=-6.0, flipHoriz=False, flipVert=False, font='Arial', fontFiles=[], height=0.1, italic=False, languageStyle='LTR', name='question6_3', opacity=1.0, ori=0, pos=array([ 0. , -0.6]), rgb=array([255., 255., 255.]), text='default text', units='norm', win=Window(...), wrapWidth=2)
10.4425 	EXP 	Created image_4 = ImageStim(__class__=<class 'psychopy.visual.image.ImageStim'>, autoLog=True, color=array([1., 1., 1.]), colorSpace='rgb', contrast=1.0, depth=-8.0, flipHoriz=False, flipVert=False, image='sin', interpolate=True, mask=None, maskParams=None, name='image_4', opacity=1.0, ori=0.0, pos=array([ 0.  , -0.85]), size=array([0.25 , 0.125]), texRes=128, units='norm', win=Window(...))
10.4477 	EXP 	Created text_6 = TextStim(__class__=<class 'psychopy.visual.text.TextStim'>, alignHoriz='center', alignVert='center', antialias=True, autoLog=True, bold=False, color='white', colorSpace='named', contrast=1.0, depth=-1.0, flipHoriz=False, flipVert=False, font='Arial', fontFiles=[], height=0.1, italic=False, languageStyle='LTR', name='text_6', opacity=1.0, ori=0, pos=array([0., 0.]), rgb=array([255., 255., 255.]), text='default text', units='norm', win=Window(...), wrapWidth=1)
10.4537 	EXP 	Created text = TextStim(__class__=<class 'psychopy.visual.text.TextStim'>, alignHoriz='center', alignVert='center', antialias=True, autoLog=True, bold=False, color='white', colorSpace='named', contrast=1.0, depth=0.0, flipHoriz=False, flipVert=False, font='Arial', fontFiles=[], height=0.1, italic=False, languageStyle='LTR', name='text', opacity=1.0, ori=0, pos=array([0., 0.]), rgb=array([255., 255., 255.]), text='end of introduction', units='norm', win=Window(...), wrapWidth=1)
10.5091 	EXP 	Imported instructions.xlsx as conditions, 11 conditions, 2 params
10.5098 	EXP 	Created sequence: sequential, trialTypes=11, nReps=1, seed=None
10.5104 	EXP 	New trial (rep=0, index=0): OrderedDict([('instruct_text', 'Welcome to the Job Simulator Task!'), ('this_pic', 'instructions_photos/pixel.png')])
10.6467 	EXP 	welcome_2: text = 'Welcome to the Job Simulator Task!'
10.6467 	EXP 	image_10: image = 'instructions_photos/pixel.png'
10.6467 	EXP 	welcome_2: autoDraw = True
10.6467 	EXP 	image_10: autoDraw = True
11.0609 	DATA 	Keypress: space
11.0840 	EXP 	New trial (rep=0, index=1): OrderedDict([('instruct_text', "In this task, you'll be assuming various perspectives of jobs while reading stories. "), ('this_pic', None)])
11.1307 	EXP 	welcome_2: autoDraw = False
11.1307 	EXP 	image_10: autoDraw = False
11.1307 	EXP 	welcome_2: text = "In this task, you'll be assuming various perspectives of jobs while reading stories. "
11.1307 	EXP 	image_10: image = None
11.1307 	EXP 	welcome_2: autoDraw = True
11.1307 	EXP 	image_10: autoDraw = True
11.2482 	DATA 	Keypress: space
11.2498 	EXP 	New trial (rep=0, index=2): OrderedDict([('instruct_text', 'First, you’ll be introduced to the perspectives of 8 different jobs. '), ('this_pic', 'instructions_photos/i1.png')])
11.5893 	DATA 	Keypress: space
11.5916 	DATA 	Keypress: space
11.6300 	EXP 	welcome_2: autoDraw = False
11.6300 	EXP 	image_10: autoDraw = False
11.6300 	EXP 	welcome_2: text = 'First, you’ll be introduced to the perspectives of 8 different jobs. '
11.6300 	EXP 	image_10: image = 'instructions_photos/i1.png'
11.6300 	EXP 	welcome_2: autoDraw = True
11.6300 	EXP 	image_10: autoDraw = True
11.7830 	DATA 	Keypress: space
11.7853 	EXP 	New trial (rep=0, index=3): OrderedDict([('instruct_text', 'For example, you may be asked to take on the perspective of a Restaurant Critic while you read a story that takes place in a restaurant. '), ('this_pic', 'jobphotos/restaurant_critic.jpg')])
11.8806 	EXP 	welcome_2: autoDraw = False
11.8806 	EXP 	image_10: autoDraw = False
11.8806 	EXP 	welcome_2: text = 'For example, you may be asked to take on the perspective of a Restaurant Critic while you read a story that takes place in a restaurant. '
11.8806 	EXP 	image_10: image = 'jobphotos/restaurant_critic.jpg'
11.8806 	EXP 	welcome_2: autoDraw = True
11.8806 	EXP 	image_10: autoDraw = True
11.9497 	DATA 	Keypress: space
11.9521 	EXP 	New trial (rep=0, index=4): OrderedDict([('instruct_text', 'You’ll learn 4 questions associated with each perspective, and you’ll use these to interrogate the stories while assuming that perspective. '), ('this_pic', 'instructions_photos/i2.png')])
12.2807 	EXP 	welcome_2: autoDraw = False
12.2807 	EXP 	image_10: autoDraw = False
12.2807 	EXP 	welcome_2: text = 'You’ll learn 4 questions associated with each perspective, and you’ll use these to interrogate the stories while assuming that perspective. '
12.2807 	EXP 	image_10: image = 'instructions_photos/i2.png'
12.2807 	EXP 	welcome_2: autoDraw = True
12.2807 	EXP 	image_10: autoDraw = True
12.6501 	DATA 	Keypress: q
12.6708 	EXP 	Imported jobsPics.xlsx as conditions, 8 conditions, 2 params
12.6740 	EXP 	Created sequence: random, trialTypes=8, nReps=1, seed=None
12.6747 	EXP 	New trial (rep=0, index=0): OrderedDict([('rolePic', 'jobphotos/couples.jpeg'), ('job', 'Couples Therapist\n')])
12.6751 	WARNING 	Requested image 'jobphotos/couples.jpeg' not found but similar filename 'jobphotos/couples.jpg' exists. This will be used instead but changing the filename is advised.
12.7140 	EXP 	welcome_2: autoDraw = False
12.7140 	EXP 	image_10: autoDraw = False
12.7140 	EXP 	image: image = 'jobphotos/couples.jpeg'
12.7140 	EXP 	text_2: text = 'Couples Therapist\n'
12.7140 	EXP 	image: autoDraw = True
12.7140 	EXP 	text_2: autoDraw = True
13.2852 	DATA 	Keypress: space
13.3001 	EXP 	New trial (rep=0, index=1): OrderedDict([('rolePic', 'jobphotos/dean.jpg'), ('job', 'Dean of Academic Studies')])
13.3642 	EXP 	image: autoDraw = False
13.3642 	EXP 	text_2: autoDraw = False
13.3642 	EXP 	image: image = 'jobphotos/dean.jpg'
13.3642 	EXP 	text_2: text = 'Dean of Academic Studies'
13.3642 	EXP 	image: autoDraw = True
13.3642 	EXP 	text_2: autoDraw = True
13.7000 	DATA 	Keypress: q
13.7216 	EXP 	Imported instructions2.xlsx as conditions, 6 conditions, 2 params
13.7220 	EXP 	Created sequence: sequential, trialTypes=6, nReps=1, seed=None
13.7224 	EXP 	New trial (rep=0, index=0): OrderedDict([('instruct_text', 'You’ll become acquainted with these perspectives more in the following pre-task quizzes where you’ll learn the questions associated with each perspective. '), ('instruct_text2', '(press space to continue)')])
13.7808 	EXP 	image: autoDraw = False
13.7808 	EXP 	text_2: autoDraw = False
13.7808 	EXP 	welcome: text = 'You’ll become acquainted with these perspectives more in the following pre-task quizzes where you’ll learn the questions associated with each perspective. '
13.7808 	EXP 	text_12: text = '(press space to continue)'
13.7808 	EXP 	welcome: autoDraw = True
13.7808 	EXP 	text_12: autoDraw = True
14.4669 	DATA 	Keypress: space
14.4834 	EXP 	New trial (rep=0, index=1): OrderedDict([('instruct_text', 'You’ll first go through all four questions for each perspective. '), ('instruct_text2', None)])
14.5142 	EXP 	welcome: autoDraw = False
14.5142 	EXP 	text_12: autoDraw = False
14.5142 	EXP 	welcome: text = 'You’ll first go through all four questions for each perspective. '
14.5142 	EXP 	text_12: text = '(press space to continue)'
14.5142 	EXP 	welcome: autoDraw = True
14.5142 	EXP 	text_12: autoDraw = True
14.8001 	DATA 	Keypress: q
14.8255 	EXP 	Imported whichRole.xlsx as conditions, 8 conditions, 8 params
14.8259 	EXP 	Created sequence: random, trialTypes=8, nReps=1, seed=None
14.8263 	EXP 	New trial (rep=0, index=0): OrderedDict([('Q1', 'How is the restaurant decorated?'), ('Q2', 'What are the menus like?'), ('Q3', 'What do the clients order?\n'), ('Q4', 'How do the clients like the food?'), ('D1', 'How old is the waiter?'), ('D2', 'What meal is being served?'), ('roleName', 'Restaurant Critic'), ('rolePic', 'jobphotos/restaurant_critic.jpg')])
14.8266 	EXP 	Created sequence: sequential, trialTypes=1, nReps=5, seed=None
14.8269 	EXP 	New trial (rep=0, index=0): None
14.8809 	EXP 	welcome: autoDraw = False
14.8809 	EXP 	text_12: autoDraw = False
14.8809 	EXP 	text_18: text = 'Restaurant Critic'
14.8809 	EXP 	image_9: image = 'jobphotos/restaurant_critic.jpg'
14.8809 	EXP 	text_18: autoDraw = True
14.8809 	EXP 	image_9: autoDraw = True
15.6685 	DATA 	Keypress: space
15.7310 	EXP 	text_18: autoDraw = False
15.7310 	EXP 	image_9: autoDraw = False
15.7310 	EXP 	text_8: text = 'A: How is the restaurant decorated?'
15.7310 	EXP 	text_9: text = 'Restaurant Critic'
15.7310 	EXP 	image_5: image = 'jobphotos/restaurant_critic.jpg'
15.7310 	EXP 	text_8: autoDraw = True
15.7310 	EXP 	text_9: autoDraw = True
15.7310 	EXP 	image_5: autoDraw = True
16.1002 	DATA 	Keypress: q
16.6501 	DATA 	Keypress: tab
17.2834 	DATA 	Keypress: space
17.3311 	EXP 	text_8: autoDraw = False
17.3311 	EXP 	text_9: autoDraw = False
17.3311 	EXP 	image_5: autoDraw = False
17.3311 	EXP 	text_10: text = 'B: What are the menus like?'
17.3311 	EXP 	text_11: text = 'Restaurant Critic'
17.3311 	EXP 	image_6: image = 'jobphotos/restaurant_critic.jpg'
17.3311 	EXP 	text_10: autoDraw = True
17.3311 	EXP 	text_11: autoDraw = True
17.3311 	EXP 	image_6: autoDraw = True
17.7324 	DATA 	Keypress: space
17.7803 	EXP 	text_10: autoDraw = False
17.7803 	EXP 	text_11: autoDraw = False
17.7803 	EXP 	image_6: autoDraw = False
17.7803 	EXP 	text_13: text = 'C: What do the clients order?\n'
17.7803 	EXP 	text_14: text = 'Restaurant Critic'
17.7803 	EXP 	image_7: image = 'jobphotos/restaurant_critic.jpg'
17.7803 	EXP 	text_13: autoDraw = True
17.7803 	EXP 	text_14: autoDraw = True
17.7803 	EXP 	image_7: autoDraw = True
18.0001 	DATA 	Keypress: space
18.0477 	EXP 	text_13: autoDraw = False
18.0477 	EXP 	text_14: autoDraw = False
18.0477 	EXP 	image_7: autoDraw = False
18.0477 	EXP 	text_15: text = 'D: How do the clients like the food?'
18.0477 	EXP 	text_16: text = 'Restaurant Critic'
18.0477 	EXP 	image_8: image = 'jobphotos/restaurant_critic.jpg'
18.0477 	EXP 	text_15: autoDraw = True
18.0477 	EXP 	text_16: autoDraw = True
18.0477 	EXP 	image_8: autoDraw = True
18.2335 	DATA 	Keypress: space
18.2478 	EXP 	text_15: autoDraw = False
18.2478 	EXP 	text_16: autoDraw = False
18.2478 	EXP 	image_8: autoDraw = False
18.2478 	EXP 	text_5: autoDraw = True
18.4669 	DATA 	Keypress: q
18.8998 	DATA 	Keypress: q
19.1497 	DATA 	Keypress: space
19.1720 	EXP 	Created unnamed ImageStim = ImageStim(__class__=<class 'psychopy.visual.image.ImageStim'>, autoLog=True, color=array([1., 1., 1.]), colorSpace='rgb', contrast=1.0, depth=0, flipHoriz=False, flipVert=False, image='checkmark.png', interpolate=False, mask=None, maskParams=None, name='unnamed ImageStim', opacity=1.0, ori=0.0, pos=array([0., 0.]), size=array([0.48055556, 0.75555556]), texRes=128, units='norm', win=Window(...))
19.1798 	EXP 	Created unnamed ImageStim = ImageStim(__class__=<class 'psychopy.visual.image.ImageStim'>, autoLog=True, color=array([1., 1., 1.]), colorSpace='rgb', contrast=1.0, depth=0, flipHoriz=False, flipVert=False, image='redx.png', interpolate=False, mask=None, maskParams=None, name='unnamed ImageStim', opacity=1.0, ori=0.0, pos=array([0., 0.]), size=array([0.5, 0.8]), texRes=128, units='norm', win=Window(...))
19.2062 	EXP 	Created unnamed ImageStim = ImageStim(__class__=<class 'psychopy.visual.image.ImageStim'>, autoLog=True, color=array([1., 1., 1.]), colorSpace='rgb', contrast=1.0, depth=0, flipHoriz=False, flipVert=False, image='thumbsup.png', interpolate=False, mask=None, maskParams=None, name='unnamed ImageStim', opacity=1.0, ori=0.0, pos=array([0., 0.]), size=array([0.66666667, 1.14      ]), texRes=128, units='norm', win=Window(...))
19.3145 	EXP 	text_5: autoDraw = False
19.3145 	EXP 	question1_2: text = '1: What are the menus like?'
19.3145 	EXP 	question2_2: text = '2: How do the clients like the food?'
19.3145 	EXP 	question3_2: text = '3: What meal is being served?'
19.3145 	EXP 	question4_2: text = '4: How is the restaurant decorated?'
19.3145 	EXP 	question5_2: text = '5: What do the clients order?\n'
19.3145 	EXP 	question6_2: text = '6: How old is the waiter?'
19.3145 	EXP 	question1_2: autoDraw = True
19.3145 	EXP 	question2_2: autoDraw = True
19.3145 	EXP 	question3_2: autoDraw = True
19.3145 	EXP 	question4_2: autoDraw = True
19.3145 	EXP 	question5_2: autoDraw = True
19.3145 	EXP 	question6_2: autoDraw = True
19.3145 	EXP 	image_3: autoDraw = True
19.3145 	EXP 	question1_2: autoDraw = False
19.3145 	EXP 	question2_2: autoDraw = False
19.3145 	EXP 	question3_2: autoDraw = False
19.3145 	EXP 	question4_2: autoDraw = False
19.3145 	EXP 	question5_2: autoDraw = False
19.3145 	EXP 	question6_2: autoDraw = False
19.3145 	EXP 	image_3: autoDraw = False
19.3145 	EXP 	text_3: autoDraw = True
19.6352 	DATA 	Keypress: q
20.0336 	DATA 	Keypress: space
20.3124 	EXP 	Imported whichRole.xlsx as conditions, 8 conditions, 8 params
20.3128 	EXP 	Created sequence: sequential, trialTypes=8, nReps=1, seed=None
20.3133 	EXP 	New trial (rep=0, index=0): OrderedDict([('Q1', 'What industry are the business people in?'), ('Q2', 'What is being negotiated and how much money is at stake?'), ('Q3', 'What is the response to the proposed deal?'), ('Q4', 'What comes about from the business proposal?'), ('D1', 'Is the deal fair?'), ('D2', 'How long does it take to make the deal?'), ('roleName', 'Business Reporter'), ('rolePic', 'jobphotos/business_reporter.jpg')])
20.3139 	EXP 	Created sequence: random, trialTypes=1, nReps=5, seed=None
20.3142 	EXP 	New trial (rep=0, index=0): None
20.3646 	EXP 	text_3: autoDraw = False
20.3646 	EXP 	image_2: image = 'jobphotos/business_reporter.jpg'
20.3646 	EXP 	text_4: text = 'Business Reporter'
20.3646 	EXP 	image_2: autoDraw = True
20.3646 	EXP 	text_4: autoDraw = True
20.7340 	DATA 	Keypress: q
21.2171 	DATA 	Keypress: space
21.2290 	EXP 	Created unnamed ImageStim = ImageStim(__class__=<class 'psychopy.visual.image.ImageStim'>, autoLog=True, color=array([1., 1., 1.]), colorSpace='rgb', contrast=1.0, depth=0, flipHoriz=False, flipVert=False, image='checkmark.png', interpolate=False, mask=None, maskParams=None, name='unnamed ImageStim', opacity=1.0, ori=0.0, pos=array([0., 0.]), size=array([0.48055556, 0.75555556]), texRes=128, units='norm', win=Window(...))
21.2354 	EXP 	Created unnamed ImageStim = ImageStim(__class__=<class 'psychopy.visual.image.ImageStim'>, autoLog=True, color=array([1., 1., 1.]), colorSpace='rgb', contrast=1.0, depth=0, flipHoriz=False, flipVert=False, image='redx.png', interpolate=False, mask=None, maskParams=None, name='unnamed ImageStim', opacity=1.0, ori=0.0, pos=array([0., 0.]), size=array([0.5, 0.8]), texRes=128, units='norm', win=Window(...))
21.2530 	EXP 	Created unnamed ImageStim = ImageStim(__class__=<class 'psychopy.visual.image.ImageStim'>, autoLog=True, color=array([1., 1., 1.]), colorSpace='rgb', contrast=1.0, depth=0, flipHoriz=False, flipVert=False, image='thumbsup.png', interpolate=False, mask=None, maskParams=None, name='unnamed ImageStim', opacity=1.0, ori=0.0, pos=array([0., 0.]), size=array([0.66666667, 1.14      ]), texRes=128, units='norm', win=Window(...))
21.3593 	EXP 	Imported instructions_segment.xlsx as conditions, 14 conditions, 1 params
21.3597 	EXP 	Created sequence: sequential, trialTypes=14, nReps=1, seed=None
21.3602 	EXP 	New trial (rep=0, index=0): OrderedDict([('instructText', 'Good job! You’ve finished the pre-task quizzes. ')])
21.3813 	EXP 	image_2: autoDraw = False
21.3813 	EXP 	text_4: autoDraw = False
21.3813 	EXP 	question1_3: text = '1: What comes about from the business proposal?'
21.3813 	EXP 	question2_3: text = '2: What industry are the business people in?'
21.3813 	EXP 	question3_3: text = '3: How long does it take to make the deal?'
21.3813 	EXP 	question4_3: text = '4: What is being negotiated and how much money is at stake?'
21.3813 	EXP 	question5_3: text = '5: Is the deal fair?'
21.3813 	EXP 	question6_3: text = '6: What is the response to the proposed deal?'
21.3813 	EXP 	question1_3: autoDraw = True
21.3813 	EXP 	question2_3: autoDraw = True
21.3813 	EXP 	question3_3: autoDraw = True
21.3813 	EXP 	question4_3: autoDraw = True
21.3813 	EXP 	question5_3: autoDraw = True
21.3813 	EXP 	question6_3: autoDraw = True
21.3813 	EXP 	image_4: autoDraw = True
21.3813 	EXP 	question1_3: autoDraw = False
21.3813 	EXP 	question2_3: autoDraw = False
21.3813 	EXP 	question3_3: autoDraw = False
21.3813 	EXP 	question4_3: autoDraw = False
21.3813 	EXP 	question5_3: autoDraw = False
21.3813 	EXP 	question6_3: autoDraw = False
21.3813 	EXP 	image_4: autoDraw = False
21.3813 	EXP 	text_6: text = 'Good job! You’ve finished the pre-task quizzes. '
21.3813 	EXP 	text_6: autoDraw = True
21.5505 	DATA 	Keypress: space
21.5531 	EXP 	New trial (rep=0, index=1): OrderedDict([('instructText', 'You are about to begin the main task of reading the stories. ')])
21.5813 	EXP 	text_6: autoDraw = False
21.5813 	EXP 	text_6: text = 'You are about to begin the main task of reading the stories. '
21.5813 	EXP 	text_6: autoDraw = True
40.1016 	DATA 	Keypress: space
40.1041 	EXP 	New trial (rep=0, index=2): OrderedDict([('instructText', 'The stories will presented to you sentence by sentence, so you’ll read each sentence in the story individually. ')])
40.1493 	EXP 	text_6: autoDraw = False
40.1493 	EXP 	text_6: text = 'The stories will presented to you sentence by sentence, so you’ll read each sentence in the story individually. '
40.1493 	EXP 	text_6: autoDraw = True
44.2850 	DATA 	Keypress: space
44.2873 	EXP 	New trial (rep=0, index=3): OrderedDict([('instructText', 'Before reading each story, you’ll be assigned a perspective and then given a quiz like the ones you just took for that perspective.')])
44.3162 	EXP 	text_6: autoDraw = False
44.3162 	EXP 	text_6: text = 'Before reading each story, you’ll be assigned a perspective and then given a quiz like the ones you just took for that perspective.'
44.3162 	EXP 	text_6: autoDraw = True
47.0354 	DATA 	Keypress: space
47.0379 	EXP 	New trial (rep=0, index=4): OrderedDict([('instructText', 'When you’ve finished the quiz, you’ll begin reading the story, sentence by sentence. ')])
47.0664 	EXP 	text_6: autoDraw = False
47.0664 	EXP 	text_6: text = 'When you’ve finished the quiz, you’ll begin reading the story, sentence by sentence. '
47.0664 	EXP 	text_6: autoDraw = True
48.9689 	DATA 	Keypress: space
48.9712 	EXP 	New trial (rep=0, index=5): OrderedDict([('instructText', 'While reading the stories, you will additionally have to make a judgement about each sentence in order to advance to the next sentence. ')])
49.0165 	EXP 	text_6: autoDraw = False
49.0165 	EXP 	text_6: text = 'While reading the stories, you will additionally have to make a judgement about each sentence in order to advance to the next sentence. '
49.0165 	EXP 	text_6: autoDraw = True
56.1528 	DATA 	Keypress: space
56.1551 	EXP 	New trial (rep=0, index=6): OrderedDict([('instructText', 'Some people feel that the stories have natural “parts”: we want you to make a judgement about when you think the story has transitioned from one “part” to another. ')])
56.2003 	EXP 	text_6: autoDraw = False
56.2003 	EXP 	text_6: text = 'Some people feel that the stories have natural “parts”: we want you to make a judgement about when you think the story has transitioned from one “part” to another. '
56.2003 	EXP 	text_6: autoDraw = True
135.1246 	DATA 	Keypress: space
135.1270 	EXP 	New trial (rep=0, index=7): OrderedDict([('instructText', 'You will press “9” if you think the sentence you are reading has ended the previous “part” and has begun a new “part” of the story. ')])
135.1724 	EXP 	text_6: autoDraw = False
135.1724 	EXP 	text_6: text = 'You will press “9” if you think the sentence you are reading has ended the previous “part” and has begun a new “part” of the story. '
135.1724 	EXP 	text_6: autoDraw = True
144.2420 	DATA 	Keypress: space
144.2444 	EXP 	New trial (rep=0, index=8): OrderedDict([('instructText', 'For example, you should press “9” at the beginning of a new story or when you think a different event is beginning. ')])
144.2731 	EXP 	text_6: autoDraw = False
144.2731 	EXP 	text_6: text = 'For example, you should press “9” at the beginning of a new story or when you think a different event is beginning. '
144.2731 	EXP 	text_6: autoDraw = True
200.8954 	DATA 	Keypress: left
201.2790 	DATA 	Keypress: escape
201.5758 	EXP 	window1: mouseVisible = True
