5.4557 	WARNING 	User requested fullscreen with size [1024  768], but screen is actually [2560, 1440]. Using actual size
6.1211 	EXP 	Created window1 = Window(allowGUI=False, allowStencil=False, args=UNKNOWN, autoLog=True, bitsMode=UNKNOWN, blendMode='avg', color=array([0., 0., 0.]), colorSpace='rgb', fullscr=<method-wrapper '__getattribute__' of attributeSetter object at 0x1241a0dd8>, gamma=None, kwargs=UNKNOWN, lms=UNKNOWN, monitor=<psychopy.monitors.calibTools.Monitor object at 0x126aa68d0>, multiSample=False, name='window1', numSamples=2, pos=[0.0, 0.0], screen=0, size=array([5120, 2880]), stereo=False, units='norm', useFBO=True, useRetina=True, viewOri=0.0, viewPos=None, viewScale=None, waitBlanking=True, winType='pyglet')
6.1211 	EXP 	window1: recordFrameIntervals = False
6.2865 	EXP 	window1: recordFrameIntervals = True
6.4715 	EXP 	window1: recordFrameIntervals = False
6.5380 	EXP 	Created text_4 = TextStim(__class__=<class 'psychopy.visual.text.TextStim'>, alignHoriz='center', alignVert='center', antialias=True, autoLog=True, bold=False, color='white', colorSpace='named', contrast=1.0, depth=-2.0, flipHoriz=False, flipVert=False, font='Arial', fontFiles=[], height=0.1, italic=False, languageStyle='LTR', name='text_4', opacity=1.0, ori=0, pos=array([0., 0.]), rgb=array([255., 255., 255.]), text='default text', units='norm', win=Window(...), wrapWidth=1)
6.5397 	EXP 	Created image = ImageStim(__class__=<class 'psychopy.visual.image.ImageStim'>, autoLog=True, color=array([1., 1., 1.]), colorSpace='rgb', contrast=1.0, depth=-3.0, flipHoriz=False, flipVert=False, image='sin', interpolate=True, mask=None, maskParams=None, name='image', opacity=1.0, ori=0.0, pos=array([ 0. , -0.5]), size=array([0.5, 0.5]), texRes=128, units='norm', win=Window(...))
6.5432 	EXP 	Created text = TextStim(__class__=<class 'psychopy.visual.text.TextStim'>, alignHoriz='center', alignVert='center', antialias=True, autoLog=True, bold=False, color='white', colorSpace='named', contrast=1.0, depth=-1.0, flipHoriz=False, flipVert=False, font='Arial', fontFiles=[], height=0.1, italic=False, languageStyle='LTR', name='text', opacity=1.0, ori=0, pos=array([0., 0.]), rgb=array([255., 255., 255.]), text='default text', units='norm', win=Window(...), wrapWidth=1)
6.5504 	EXP 	Imported count.xlsx as conditions, 16 conditions, 1 params
6.5507 	EXP 	Created sequence: sequential, trialTypes=16, nReps=1, seed=None
6.5509 	EXP 	New trial (rep=0, index=0): OrderedDict([('count', 0)])
6.7372 	EXP 	text_4: text = ' Dean of Academic Studies'
6.7372 	EXP 	image: image = 'cloisters.jpg'
6.7372 	EXP 	text_4: autoDraw = True
6.7372 	EXP 	image: autoDraw = True
7.6906 	DATA 	Keypress: space
7.7048 	EXP 	text_4: autoDraw = False
7.7048 	EXP 	image: autoDraw = False
7.7048 	EXP 	text: text = 'Attending a Lecture-Proposal'
7.7048 	EXP 	text: autoDraw = True
9.2559 	DATA 	Keypress: space
9.2567 	EXP 	New trial (rep=0, index=1): OrderedDict([('count', 1)])
9.2884 	EXP 	text: autoDraw = False
9.2884 	EXP 	text_4: text = 'Matchmaker'
9.2884 	EXP 	image: image = 'leonardo.jpg'
9.2884 	EXP 	text_4: autoDraw = True
9.2884 	EXP 	image: autoDraw = True
9.7399 	DATA 	Keypress: space
9.7546 	EXP 	text_4: autoDraw = False
9.7546 	EXP 	image: autoDraw = False
9.7546 	EXP 	text: text = 'Attending a Lecture-Meet Cute'
9.7546 	EXP 	text: autoDraw = True
10.0569 	DATA 	Keypress: escape
10.3280 	EXP 	window1: mouseVisible = True
