4.1263 	WARNING 	User requested fullscreen with size [1024  768], but screen is actually [2560, 1440]. Using actual size
4.8702 	EXP 	Created window1 = Window(allowGUI=False, allowStencil=False, args=UNKNOWN, autoLog=True, bitsMode=UNKNOWN, blendMode='avg', color=array([0., 0., 0.]), colorSpace='rgb', fullscr=<method-wrapper '__getattribute__' of attributeSetter object at 0x124a92dd8>, gamma=None, kwargs=UNKNOWN, lms=UNKNOWN, monitor=<psychopy.monitors.calibTools.Monitor object at 0x1243e78d0>, multiSample=False, name='window1', numSamples=2, pos=[0.0, 0.0], screen=0, size=array([5120, 2880]), stereo=False, units='norm', useFBO=True, useRetina=True, viewOri=0.0, viewPos=None, viewScale=None, waitBlanking=True, winType='pyglet')
4.8703 	EXP 	window1: recordFrameIntervals = False
5.0365 	EXP 	window1: recordFrameIntervals = True
5.2193 	EXP 	window1: recordFrameIntervals = False
5.2836 	EXP 	Created text_4 = TextStim(__class__=<class 'psychopy.visual.text.TextStim'>, alignHoriz='center', alignVert='center', antialias=True, autoLog=True, bold=False, color='white', colorSpace='named', contrast=1.0, depth=-2.0, flipHoriz=False, flipVert=False, font='Arial', fontFiles=[], height=0.1, italic=False, languageStyle='LTR', name='text_4', opacity=1.0, ori=0, pos=array([0., 0.]), rgb=array([255., 255., 255.]), text='default text', units='norm', win=Window(...), wrapWidth=1)
5.2852 	EXP 	Created image = ImageStim(__class__=<class 'psychopy.visual.image.ImageStim'>, autoLog=True, color=array([1., 1., 1.]), colorSpace='rgb', contrast=1.0, depth=-3.0, flipHoriz=False, flipVert=False, image='sin', interpolate=True, mask=None, maskParams=None, name='image', opacity=1.0, ori=0.0, pos=array([ 0. , -0.5]), size=array([0.5, 0.5]), texRes=128, units='norm', win=Window(...))
5.2886 	EXP 	Created text = TextStim(__class__=<class 'psychopy.visual.text.TextStim'>, alignHoriz='center', alignVert='center', antialias=True, autoLog=True, bold=False, color='white', colorSpace='named', contrast=1.0, depth=-1.0, flipHoriz=False, flipVert=False, font='Arial', fontFiles=[], height=0.1, italic=False, languageStyle='LTR', name='text', opacity=1.0, ori=0, pos=array([0., 0.]), rgb=array([255., 255., 255.]), text='default text', units='norm', win=Window(...), wrapWidth=1)
5.2956 	EXP 	Imported count.xlsx as conditions, 16 conditions, 1 params
5.2959 	EXP 	Created sequence: sequential, trialTypes=16, nReps=1, seed=None
5.2961 	EXP 	New trial (rep=0, index=0): OrderedDict([('count', 0)])
5.3827 	EXP 	text_4: text = 'default text'
5.3827 	EXP 	image: image = 'leonardo.jpg'
5.3827 	EXP 	text_4: autoDraw = True
5.3827 	EXP 	image: autoDraw = True
7.5381 	DATA 	Keypress: space
7.5702 	EXP 	text_4: autoDraw = False
7.5702 	EXP 	image: autoDraw = False
7.5702 	EXP 	text: text = 'Attending a Lecture-Meet Cute'
7.5702 	EXP 	text: autoDraw = True
8.6375 	DATA 	Keypress: space
8.6383 	EXP 	New trial (rep=0, index=1): OrderedDict([('count', 1)])
8.7875 	EXP 	text: autoDraw = False
8.7875 	EXP 	text_4: text = 'default text'
8.7875 	EXP 	image: image = 'cloisters.jpg'
8.7875 	EXP 	text_4: autoDraw = True
8.7875 	EXP 	image: autoDraw = True
12.3389 	DATA 	Keypress: space
12.3548 	EXP 	text_4: autoDraw = False
12.3548 	EXP 	image: autoDraw = False
12.3548 	EXP 	text: text = 'Attending a Lecture-Breakup'
12.3548 	EXP 	text: autoDraw = True
13.0387 	DATA 	Keypress: space
13.0394 	EXP 	New trial (rep=0, index=2): OrderedDict([('count', 2)])
13.0710 	EXP 	text: autoDraw = False
13.0710 	EXP 	text_4: text = 'default text'
13.0710 	EXP 	image: image = 'leonardo.jpg'
13.0710 	EXP 	text_4: autoDraw = True
13.0710 	EXP 	image: autoDraw = True
13.7398 	DATA 	Keypress: space
13.7548 	EXP 	text_4: autoDraw = False
13.7548 	EXP 	image: autoDraw = False
13.7548 	EXP 	text: text = 'Airport Business Deal'
13.7548 	EXP 	text: autoDraw = True
14.2071 	DATA 	Keypress: space
14.2077 	EXP 	New trial (rep=0, index=3): OrderedDict([('count', 3)])
14.2395 	EXP 	text: autoDraw = False
14.2395 	EXP 	text_4: text = 'default text'
14.2395 	EXP 	image: image = 'leonardo.jpg'
14.2395 	EXP 	text_4: autoDraw = True
14.2395 	EXP 	image: autoDraw = True
14.5743 	DATA 	Keypress: escape
14.8464 	EXP 	window1: mouseVisible = True
