6.4019 	WARNING 	User requested fullscreen with size [1024  768], but screen is actually [2560, 1440]. Using actual size
7.1689 	EXP 	Created window1 = Window(allowGUI=False, allowStencil=False, args=UNKNOWN, autoLog=True, bitsMode=UNKNOWN, blendMode='avg', color=array([0., 0., 0.]), colorSpace='rgb', fullscr=<method-wrapper '__getattribute__' of attributeSetter object at 0x1254e6cc0>, gamma=None, kwargs=UNKNOWN, lms=UNKNOWN, monitor=<psychopy.monitors.calibTools.Monitor object at 0x12326ee48>, multiSample=False, name='window1', numSamples=2, pos=[0.0, 0.0], screen=0, size=array([5120, 2880]), stereo=False, units='norm', useFBO=True, useRetina=True, viewOri=0.0, viewPos=None, viewScale=None, waitBlanking=True, winType='pyglet')
7.1689 	EXP 	window1: recordFrameIntervals = False
7.3343 	EXP 	window1: recordFrameIntervals = True
7.5179 	EXP 	window1: recordFrameIntervals = False
7.6120 	EXP 	Created text_8 = TextStim(__class__=<class 'psychopy.visual.text.TextStim'>, alignHoriz='center', alignVert='center', antialias=True, autoLog=True, bold=False, color='white', colorSpace='named', contrast=1.0, depth=0.0, flipHoriz=False, flipVert=False, font='Arial', fontFiles=[], height=0.1, italic=False, languageStyle='LTR', name='text_8', opacity=1.0, ori=0, pos=array([ 0. , -0.4]), rgb=array([255., 255., 255.]), text='default text', units='norm', win=Window(...), wrapWidth=1)
7.6157 	EXP 	Created text_9 = TextStim(__class__=<class 'psychopy.visual.text.TextStim'>, alignHoriz='center', alignVert='center', antialias=True, autoLog=True, bold=False, color='white', colorSpace='named', contrast=1.0, depth=-1.0, flipHoriz=False, flipVert=False, font='Arial', fontFiles=[], height=0.1, italic=False, languageStyle='LTR', name='text_9', opacity=1.0, ori=0, pos=array([-0.25,  0.25]), rgb=array([255., 255., 255.]), text='default text', units='norm', win=Window(...), wrapWidth=1)
7.6276 	EXP 	Created image_5 = ImageStim(__class__=<class 'psychopy.visual.image.ImageStim'>, autoLog=True, color=array([1., 1., 1.]), colorSpace='rgb', contrast=1.0, depth=-2.0, flipHoriz=False, flipVert=False, image='sin', interpolate=True, mask=None, maskParams=None, name='image_5', opacity=1.0, ori=0.0, pos=array([0.25, 0.25]), size=array([0.5, 0.5]), texRes=128, units='norm', win=Window(...))
7.6314 	EXP 	Created text_10 = TextStim(__class__=<class 'psychopy.visual.text.TextStim'>, alignHoriz='center', alignVert='center', antialias=True, autoLog=True, bold=False, color='white', colorSpace='named', contrast=1.0, depth=0.0, flipHoriz=False, flipVert=False, font='Arial', fontFiles=[], height=0.1, italic=False, languageStyle='LTR', name='text_10', opacity=1.0, ori=0, pos=array([ 0. , -0.4]), rgb=array([255., 255., 255.]), text='default text', units='norm', win=Window(...), wrapWidth=1)
7.6353 	EXP 	Created text_11 = TextStim(__class__=<class 'psychopy.visual.text.TextStim'>, alignHoriz='center', alignVert='center', antialias=True, autoLog=True, bold=False, color='white', colorSpace='named', contrast=1.0, depth=-1.0, flipHoriz=False, flipVert=False, font='Arial', fontFiles=[], height=0.1, italic=False, languageStyle='LTR', name='text_11', opacity=1.0, ori=0, pos=array([-0.25,  0.25]), rgb=array([255., 255., 255.]), text='default text', units='norm', win=Window(...), wrapWidth=1)
7.6369 	EXP 	Created image_6 = ImageStim(__class__=<class 'psychopy.visual.image.ImageStim'>, autoLog=True, color=array([1., 1., 1.]), colorSpace='rgb', contrast=1.0, depth=-2.0, flipHoriz=False, flipVert=False, image='sin', interpolate=True, mask=None, maskParams=None, name='image_6', opacity=1.0, ori=0.0, pos=array([0.25, 0.25]), size=array([0.5, 0.5]), texRes=128, units='norm', win=Window(...))
7.6409 	EXP 	Created text_13 = TextStim(__class__=<class 'psychopy.visual.text.TextStim'>, alignHoriz='center', alignVert='center', antialias=True, autoLog=True, bold=False, color='white', colorSpace='named', contrast=1.0, depth=0.0, flipHoriz=False, flipVert=False, font='Arial', fontFiles=[], height=0.1, italic=False, languageStyle='LTR', name='text_13', opacity=1.0, ori=0, pos=array([ 0. , -0.4]), rgb=array([255., 255., 255.]), text='default text', units='norm', win=Window(...), wrapWidth=1)
7.6447 	EXP 	Created text_14 = TextStim(__class__=<class 'psychopy.visual.text.TextStim'>, alignHoriz='center', alignVert='center', antialias=True, autoLog=True, bold=False, color='white', colorSpace='named', contrast=1.0, depth=-1.0, flipHoriz=False, flipVert=False, font='Arial', fontFiles=[], height=0.1, italic=False, languageStyle='LTR', name='text_14', opacity=1.0, ori=0, pos=array([-0.25,  0.25]), rgb=array([255., 255., 255.]), text='default text', units='norm', win=Window(...), wrapWidth=1)
7.6463 	EXP 	Created image_7 = ImageStim(__class__=<class 'psychopy.visual.image.ImageStim'>, autoLog=True, color=array([1., 1., 1.]), colorSpace='rgb', contrast=1.0, depth=-2.0, flipHoriz=False, flipVert=False, image='sin', interpolate=True, mask=None, maskParams=None, name='image_7', opacity=1.0, ori=0.0, pos=array([0.25, 0.25]), size=array([0.5, 0.5]), texRes=128, units='norm', win=Window(...))
7.6502 	EXP 	Created text_15 = TextStim(__class__=<class 'psychopy.visual.text.TextStim'>, alignHoriz='center', alignVert='center', antialias=True, autoLog=True, bold=False, color='white', colorSpace='named', contrast=1.0, depth=0.0, flipHoriz=False, flipVert=False, font='Arial', fontFiles=[], height=0.1, italic=False, languageStyle='LTR', name='text_15', opacity=1.0, ori=0, pos=array([ 0. , -0.4]), rgb=array([255., 255., 255.]), text='default text', units='norm', win=Window(...), wrapWidth=1)
7.6541 	EXP 	Created text_16 = TextStim(__class__=<class 'psychopy.visual.text.TextStim'>, alignHoriz='center', alignVert='center', antialias=True, autoLog=True, bold=False, color='white', colorSpace='named', contrast=1.0, depth=-1.0, flipHoriz=False, flipVert=False, font='Arial', fontFiles=[], height=0.1, italic=False, languageStyle='LTR', name='text_16', opacity=1.0, ori=0, pos=array([-0.25,  0.25]), rgb=array([255., 255., 255.]), text='default text', units='norm', win=Window(...), wrapWidth=1)
7.6557 	EXP 	Created image_8 = ImageStim(__class__=<class 'psychopy.visual.image.ImageStim'>, autoLog=True, color=array([1., 1., 1.]), colorSpace='rgb', contrast=1.0, depth=-2.0, flipHoriz=False, flipVert=False, image='sin', interpolate=True, mask=None, maskParams=None, name='image_8', opacity=1.0, ori=0.0, pos=array([0.25, 0.25]), size=array([0.5, 0.5]), texRes=128, units='norm', win=Window(...))
7.6597 	EXP 	Created question1 = TextStim(__class__=<class 'psychopy.visual.text.TextStim'>, alignHoriz='center', alignVert='center', antialias=True, autoLog=True, bold=False, color='white', colorSpace='named', contrast=1.0, depth=-1.0, flipHoriz=False, flipVert=False, font='Arial', fontFiles=[], height=0.1, italic=False, languageStyle='LTR', name='question1', opacity=1.0, ori=0, pos=array([-0.5 ,  0.65]), rgb=array([255., 255., 255.]), text='default text', units='norm', win=Window(...), wrapWidth=2)
7.6635 	EXP 	Created question2 = TextStim(__class__=<class 'psychopy.visual.text.TextStim'>, alignHoriz='center', alignVert='center', antialias=True, autoLog=True, bold=False, color='white', colorSpace='named', contrast=1.0, depth=-1.0, flipHoriz=False, flipVert=False, font='Arial', fontFiles=[], height=0.1, italic=False, languageStyle='LTR', name='question2', opacity=1.0, ori=0, pos=array([-0.5 ,  0.35]), rgb=array([255., 255., 255.]), text='default text', units='norm', win=Window(...), wrapWidth=2)
7.6672 	EXP 	Created question3 = TextStim(__class__=<class 'psychopy.visual.text.TextStim'>, alignHoriz='center', alignVert='center', antialias=True, autoLog=True, bold=False, color='white', colorSpace='named', contrast=1.0, depth=-1.0, flipHoriz=False, flipVert=False, font='Arial', fontFiles=[], height=0.1, italic=False, languageStyle='LTR', name='question3', opacity=1.0, ori=0, pos=array([-0.5,  0.5]), rgb=array([255., 255., 255.]), text='default text', units='norm', win=Window(...), wrapWidth=2)
7.6709 	EXP 	Created question4 = TextStim(__class__=<class 'psychopy.visual.text.TextStim'>, alignHoriz='center', alignVert='center', antialias=True, autoLog=True, bold=False, color='white', colorSpace='named', contrast=1.0, depth=-1.0, flipHoriz=False, flipVert=False, font='Arial', fontFiles=[], height=0.1, italic=False, languageStyle='LTR', name='question4', opacity=1.0, ori=0, pos=array([-0.5, -0.5]), rgb=array([255., 255., 255.]), text='default text', units='norm', win=Window(...), wrapWidth=2)
7.6745 	EXP 	Created question5 = TextStim(__class__=<class 'psychopy.visual.text.TextStim'>, alignHoriz='center', alignVert='center', antialias=True, autoLog=True, bold=False, color='white', colorSpace='named', contrast=1.0, depth=-1.0, flipHoriz=False, flipVert=False, font='Arial', fontFiles=[], height=0.1, italic=False, languageStyle='LTR', name='question5', opacity=1.0, ori=0, pos=array([-0.5 , -0.35]), rgb=array([255., 255., 255.]), text='default text', units='norm', win=Window(...), wrapWidth=1)
7.6801 	EXP 	Created question6 = TextStim(__class__=<class 'psychopy.visual.text.TextStim'>, alignHoriz='center', alignVert='center', antialias=True, autoLog=True, bold=False, color='white', colorSpace='named', contrast=1.0, depth=-1.0, flipHoriz=False, flipVert=False, font='Arial', fontFiles=[], height=0.1, italic=False, languageStyle='LTR', name='question6', opacity=1.0, ori=0, pos=array([-0.5 , -0.65]), rgb=array([255., 255., 255.]), text='default text', units='norm', win=Window(...), wrapWidth=2)
7.6805 	WARNING 	Requested image 'couples.jpg' not found but similar filename 'couples.jpeg' exists. This will be used instead but changing the filename is advised.
7.7702 	EXP 	Created image = ImageStim(__class__=<class 'psychopy.visual.image.ImageStim'>, autoLog=True, color=array([1., 1., 1.]), colorSpace='rgb', contrast=1.0, depth=0.0, flipHoriz=False, flipVert=False, image='couples.jpg', interpolate=True, mask=None, maskParams=None, name='image', opacity=1.0, ori=0.0, pos=array([0., 0.]), size=array([0.5, 0.5]), texRes=128, units='norm', win=Window(...))
7.7863 	EXP 	Imported whichRole.xlsx as conditions, 2 conditions, 8 params
7.7865 	EXP 	Created sequence: sequential, trialTypes=2, nReps=5, seed=None
7.7868 	EXP 	New trial (rep=0, index=0): OrderedDict([('Q1', 'What industry are the business people in?'), ('Q2', 'What is being negotiated and how much money is at stake?'), ('Q3', 'What is the response to the proposed deal?'), ('Q4', 'What comes about from the business proposal?'), ('D1', 'Is the deal fair?'), ('D2', 'How long does it take to make the deal?'), ('roleName', 'Business Reporter'), ('rolePic', 'business_reporter.jpg')])
7.8687 	EXP 	text_8: text = 'What industry are the business people in?'
7.8687 	EXP 	text_9: text = 'Business Reporter'
7.8687 	EXP 	image_5: image = 'business_reporter.jpg'
7.8687 	EXP 	text_8: autoDraw = True
7.8687 	EXP 	text_9: autoDraw = True
7.8687 	EXP 	image_5: autoDraw = True
8.2217 	DATA 	Keypress: space
8.2687 	EXP 	text_8: autoDraw = False
8.2687 	EXP 	text_9: autoDraw = False
8.2687 	EXP 	image_5: autoDraw = False
8.2687 	EXP 	text_10: text = 'What is being negotiated and how much money is at stake?'
8.2687 	EXP 	text_11: text = 'Business Reporter'
8.2687 	EXP 	image_6: image = 'business_reporter.jpg'
8.2687 	EXP 	text_10: autoDraw = True
8.2687 	EXP 	text_11: autoDraw = True
8.2687 	EXP 	image_6: autoDraw = True
8.3705 	DATA 	Keypress: space
8.4196 	EXP 	text_10: autoDraw = False
8.4196 	EXP 	text_11: autoDraw = False
8.4196 	EXP 	image_6: autoDraw = False
8.4196 	EXP 	text_13: text = 'What is the response to the proposed deal?'
8.4196 	EXP 	text_14: text = 'Business Reporter'
8.4196 	EXP 	image_7: image = 'business_reporter.jpg'
8.4196 	EXP 	text_13: autoDraw = True
8.4196 	EXP 	text_14: autoDraw = True
8.4196 	EXP 	image_7: autoDraw = True
8.5373 	DATA 	Keypress: space
8.5855 	EXP 	text_13: autoDraw = False
8.5855 	EXP 	text_14: autoDraw = False
8.5855 	EXP 	image_7: autoDraw = False
8.5855 	EXP 	text_15: text = 'What comes about from the business proposal?'
8.5855 	EXP 	text_16: text = 'Business Reporter'
8.5855 	EXP 	image_8: image = 'business_reporter.jpg'
8.5855 	EXP 	text_15: autoDraw = True
8.5855 	EXP 	text_16: autoDraw = True
8.5855 	EXP 	image_8: autoDraw = True
8.9202 	DATA 	Keypress: space
8.9515 	EXP 	Created unnamed ImageStim = ImageStim(__class__=<class 'psychopy.visual.image.ImageStim'>, autoLog=True, color=array([1., 1., 1.]), colorSpace='rgb', contrast=1.0, depth=0, flipHoriz=False, flipVert=False, image='checkmark.png', interpolate=False, mask=None, maskParams=None, name='unnamed ImageStim', opacity=1.0, ori=0.0, pos=array([0., 0.]), size=array([0.2703125 , 0.47222222]), texRes=128, units='norm', win=Window(...))
9.0163 	EXP 	text_15: autoDraw = False
9.0163 	EXP 	text_16: autoDraw = False
9.0163 	EXP 	image_8: autoDraw = False
9.0163 	EXP 	question1: text = '1: What is the response to the proposed deal?'
9.0163 	EXP 	question2: text = 'Is the deal fair?'
9.0163 	EXP 	question3: text = 'How long does it take to make the deal?'
9.0163 	EXP 	question4: text = 'What comes about from the business proposal?'
9.0163 	EXP 	question5: text = 'What industry are the business people in?'
9.0163 	EXP 	question6: text = 'What is being negotiated and how much money is at stake?'
9.0163 	EXP 	question1: autoDraw = True
9.0163 	EXP 	question2: autoDraw = True
9.0163 	EXP 	question3: autoDraw = True
9.0163 	EXP 	question4: autoDraw = True
9.0163 	EXP 	question5: autoDraw = True
9.0163 	EXP 	question6: autoDraw = True
10.6404 	DATA 	Keypress: space
11.2878 	DATA 	Keypress: escape
11.5598 	EXP 	window1: mouseVisible = True
4.9248 	WARNING 	User requested fullscreen with size [1024  768], but screen is actually [2560, 1440]. Using actual size
5.5961 	EXP 	Created window1 = Window(allowGUI=False, allowStencil=False, args=UNKNOWN, autoLog=True, bitsMode=UNKNOWN, blendMode='avg', color=array([0., 0., 0.]), colorSpace='rgb', fullscr=<method-wrapper '__getattribute__' of attributeSetter object at 0x1257e7cf8>, gamma=None, kwargs=UNKNOWN, lms=UNKNOWN, monitor=<psychopy.monitors.calibTools.Monitor object at 0x123684dd8>, multiSample=False, name='window1', numSamples=2, pos=[0.0, 0.0], screen=0, size=array([5120, 2880]), stereo=False, units='norm', useFBO=True, useRetina=True, viewOri=0.0, viewPos=None, viewScale=None, waitBlanking=True, winType='pyglet')
5.5961 	EXP 	window1: recordFrameIntervals = False
5.7622 	EXP 	window1: recordFrameIntervals = True
5.9449 	EXP 	window1: recordFrameIntervals = False
6.0171 	EXP 	Created text_8 = TextStim(__class__=<class 'psychopy.visual.text.TextStim'>, alignHoriz='center', alignVert='center', antialias=True, autoLog=True, bold=False, color='white', colorSpace='named', contrast=1.0, depth=0.0, flipHoriz=False, flipVert=False, font='Arial', fontFiles=[], height=0.1, italic=False, languageStyle='LTR', name='text_8', opacity=1.0, ori=0, pos=array([ 0. , -0.4]), rgb=array([255., 255., 255.]), text='default text', units='norm', win=Window(...), wrapWidth=1)
6.0209 	EXP 	Created text_9 = TextStim(__class__=<class 'psychopy.visual.text.TextStim'>, alignHoriz='center', alignVert='center', antialias=True, autoLog=True, bold=False, color='white', colorSpace='named', contrast=1.0, depth=-1.0, flipHoriz=False, flipVert=False, font='Arial', fontFiles=[], height=0.1, italic=False, languageStyle='LTR', name='text_9', opacity=1.0, ori=0, pos=array([-0.25,  0.25]), rgb=array([255., 255., 255.]), text='default text', units='norm', win=Window(...), wrapWidth=1)
6.0229 	EXP 	Created image_5 = ImageStim(__class__=<class 'psychopy.visual.image.ImageStim'>, autoLog=True, color=array([1., 1., 1.]), colorSpace='rgb', contrast=1.0, depth=-2.0, flipHoriz=False, flipVert=False, image='sin', interpolate=True, mask=None, maskParams=None, name='image_5', opacity=1.0, ori=0.0, pos=array([0.25, 0.25]), size=array([0.5, 0.5]), texRes=128, units='norm', win=Window(...))
6.0269 	EXP 	Created text_10 = TextStim(__class__=<class 'psychopy.visual.text.TextStim'>, alignHoriz='center', alignVert='center', antialias=True, autoLog=True, bold=False, color='white', colorSpace='named', contrast=1.0, depth=0.0, flipHoriz=False, flipVert=False, font='Arial', fontFiles=[], height=0.1, italic=False, languageStyle='LTR', name='text_10', opacity=1.0, ori=0, pos=array([ 0. , -0.4]), rgb=array([255., 255., 255.]), text='default text', units='norm', win=Window(...), wrapWidth=1)
6.0307 	EXP 	Created text_11 = TextStim(__class__=<class 'psychopy.visual.text.TextStim'>, alignHoriz='center', alignVert='center', antialias=True, autoLog=True, bold=False, color='white', colorSpace='named', contrast=1.0, depth=-1.0, flipHoriz=False, flipVert=False, font='Arial', fontFiles=[], height=0.1, italic=False, languageStyle='LTR', name='text_11', opacity=1.0, ori=0, pos=array([-0.25,  0.25]), rgb=array([255., 255., 255.]), text='default text', units='norm', win=Window(...), wrapWidth=1)
6.0322 	EXP 	Created image_6 = ImageStim(__class__=<class 'psychopy.visual.image.ImageStim'>, autoLog=True, color=array([1., 1., 1.]), colorSpace='rgb', contrast=1.0, depth=-2.0, flipHoriz=False, flipVert=False, image='sin', interpolate=True, mask=None, maskParams=None, name='image_6', opacity=1.0, ori=0.0, pos=array([0.25, 0.25]), size=array([0.5, 0.5]), texRes=128, units='norm', win=Window(...))
6.0361 	EXP 	Created text_13 = TextStim(__class__=<class 'psychopy.visual.text.TextStim'>, alignHoriz='center', alignVert='center', antialias=True, autoLog=True, bold=False, color='white', colorSpace='named', contrast=1.0, depth=0.0, flipHoriz=False, flipVert=False, font='Arial', fontFiles=[], height=0.1, italic=False, languageStyle='LTR', name='text_13', opacity=1.0, ori=0, pos=array([ 0. , -0.4]), rgb=array([255., 255., 255.]), text='default text', units='norm', win=Window(...), wrapWidth=1)
6.0400 	EXP 	Created text_14 = TextStim(__class__=<class 'psychopy.visual.text.TextStim'>, alignHoriz='center', alignVert='center', antialias=True, autoLog=True, bold=False, color='white', colorSpace='named', contrast=1.0, depth=-1.0, flipHoriz=False, flipVert=False, font='Arial', fontFiles=[], height=0.1, italic=False, languageStyle='LTR', name='text_14', opacity=1.0, ori=0, pos=array([-0.25,  0.25]), rgb=array([255., 255., 255.]), text='default text', units='norm', win=Window(...), wrapWidth=1)
6.0415 	EXP 	Created image_7 = ImageStim(__class__=<class 'psychopy.visual.image.ImageStim'>, autoLog=True, color=array([1., 1., 1.]), colorSpace='rgb', contrast=1.0, depth=-2.0, flipHoriz=False, flipVert=False, image='sin', interpolate=True, mask=None, maskParams=None, name='image_7', opacity=1.0, ori=0.0, pos=array([0.25, 0.25]), size=array([0.5, 0.5]), texRes=128, units='norm', win=Window(...))
6.0454 	EXP 	Created text_15 = TextStim(__class__=<class 'psychopy.visual.text.TextStim'>, alignHoriz='center', alignVert='center', antialias=True, autoLog=True, bold=False, color='white', colorSpace='named', contrast=1.0, depth=0.0, flipHoriz=False, flipVert=False, font='Arial', fontFiles=[], height=0.1, italic=False, languageStyle='LTR', name='text_15', opacity=1.0, ori=0, pos=array([ 0. , -0.4]), rgb=array([255., 255., 255.]), text='default text', units='norm', win=Window(...), wrapWidth=1)
6.0490 	EXP 	Created text_16 = TextStim(__class__=<class 'psychopy.visual.text.TextStim'>, alignHoriz='center', alignVert='center', antialias=True, autoLog=True, bold=False, color='white', colorSpace='named', contrast=1.0, depth=-1.0, flipHoriz=False, flipVert=False, font='Arial', fontFiles=[], height=0.1, italic=False, languageStyle='LTR', name='text_16', opacity=1.0, ori=0, pos=array([-0.25,  0.25]), rgb=array([255., 255., 255.]), text='default text', units='norm', win=Window(...), wrapWidth=1)
6.0506 	EXP 	Created image_8 = ImageStim(__class__=<class 'psychopy.visual.image.ImageStim'>, autoLog=True, color=array([1., 1., 1.]), colorSpace='rgb', contrast=1.0, depth=-2.0, flipHoriz=False, flipVert=False, image='sin', interpolate=True, mask=None, maskParams=None, name='image_8', opacity=1.0, ori=0.0, pos=array([0.25, 0.25]), size=array([0.5, 0.5]), texRes=128, units='norm', win=Window(...))
6.0547 	EXP 	Created question1 = TextStim(__class__=<class 'psychopy.visual.text.TextStim'>, alignHoriz='center', alignVert='center', antialias=True, autoLog=True, bold=False, color='white', colorSpace='named', contrast=1.0, depth=-1.0, flipHoriz=False, flipVert=False, font='Arial', fontFiles=[], height=0.1, italic=False, languageStyle='LTR', name='question1', opacity=1.0, ori=0, pos=array([0.  , 0.65]), rgb=array([255., 255., 255.]), text='default text', units='norm', win=Window(...), wrapWidth=2)
6.0586 	EXP 	Created question2 = TextStim(__class__=<class 'psychopy.visual.text.TextStim'>, alignHoriz='center', alignVert='center', antialias=True, autoLog=True, bold=False, color='white', colorSpace='named', contrast=1.0, depth=-1.0, flipHoriz=False, flipVert=False, font='Arial', fontFiles=[], height=0.1, italic=False, languageStyle='LTR', name='question2', opacity=1.0, ori=0, pos=array([-0.5 ,  0.35]), rgb=array([255., 255., 255.]), text='default text', units='norm', win=Window(...), wrapWidth=2)
6.0626 	EXP 	Created question3 = TextStim(__class__=<class 'psychopy.visual.text.TextStim'>, alignHoriz='center', alignVert='center', antialias=True, autoLog=True, bold=False, color='white', colorSpace='named', contrast=1.0, depth=-1.0, flipHoriz=False, flipVert=False, font='Arial', fontFiles=[], height=0.1, italic=False, languageStyle='LTR', name='question3', opacity=1.0, ori=0, pos=array([-0.5,  0.5]), rgb=array([255., 255., 255.]), text='default text', units='norm', win=Window(...), wrapWidth=2)
6.0664 	EXP 	Created question4 = TextStim(__class__=<class 'psychopy.visual.text.TextStim'>, alignHoriz='center', alignVert='center', antialias=True, autoLog=True, bold=False, color='white', colorSpace='named', contrast=1.0, depth=-1.0, flipHoriz=False, flipVert=False, font='Arial', fontFiles=[], height=0.1, italic=False, languageStyle='LTR', name='question4', opacity=1.0, ori=0, pos=array([-0.5, -0.5]), rgb=array([255., 255., 255.]), text='default text', units='norm', win=Window(...), wrapWidth=2)
6.0702 	EXP 	Created question5 = TextStim(__class__=<class 'psychopy.visual.text.TextStim'>, alignHoriz='center', alignVert='center', antialias=True, autoLog=True, bold=False, color='white', colorSpace='named', contrast=1.0, depth=-1.0, flipHoriz=False, flipVert=False, font='Arial', fontFiles=[], height=0.1, italic=False, languageStyle='LTR', name='question5', opacity=1.0, ori=0, pos=array([-0.5 , -0.35]), rgb=array([255., 255., 255.]), text='default text', units='norm', win=Window(...), wrapWidth=1)
6.0757 	EXP 	Created question6 = TextStim(__class__=<class 'psychopy.visual.text.TextStim'>, alignHoriz='center', alignVert='center', antialias=True, autoLog=True, bold=False, color='white', colorSpace='named', contrast=1.0, depth=-1.0, flipHoriz=False, flipVert=False, font='Arial', fontFiles=[], height=0.1, italic=False, languageStyle='LTR', name='question6', opacity=1.0, ori=0, pos=array([-0.5 , -0.65]), rgb=array([255., 255., 255.]), text='default text', units='norm', win=Window(...), wrapWidth=2)
6.0761 	WARNING 	Requested image 'couples.jpg' not found but similar filename 'couples.jpeg' exists. This will be used instead but changing the filename is advised.
6.1396 	EXP 	Created image = ImageStim(__class__=<class 'psychopy.visual.image.ImageStim'>, autoLog=True, color=array([1., 1., 1.]), colorSpace='rgb', contrast=1.0, depth=0.0, flipHoriz=False, flipVert=False, image='couples.jpg', interpolate=True, mask=None, maskParams=None, name='image', opacity=1.0, ori=0.0, pos=array([0., 0.]), size=array([0.5, 0.5]), texRes=128, units='norm', win=Window(...))
6.1485 	EXP 	Imported whichRole.xlsx as conditions, 2 conditions, 8 params
6.1487 	EXP 	Created sequence: sequential, trialTypes=2, nReps=5, seed=None
6.1491 	EXP 	New trial (rep=0, index=0): OrderedDict([('Q1', 'What industry are the business people in?'), ('Q2', 'What is being negotiated and how much money is at stake?'), ('Q3', 'What is the response to the proposed deal?'), ('Q4', 'What comes about from the business proposal?'), ('D1', 'Is the deal fair?'), ('D2', 'How long does it take to make the deal?'), ('roleName', 'Business Reporter'), ('rolePic', 'business_reporter.jpg')])
6.2117 	EXP 	text_8: text = 'What industry are the business people in?'
6.2117 	EXP 	text_9: text = 'Business Reporter'
6.2117 	EXP 	image_5: image = 'business_reporter.jpg'
6.2117 	EXP 	text_8: autoDraw = True
6.2117 	EXP 	text_9: autoDraw = True
6.2117 	EXP 	image_5: autoDraw = True
6.4972 	DATA 	Keypress: space
6.5446 	EXP 	text_8: autoDraw = False
6.5446 	EXP 	text_9: autoDraw = False
6.5446 	EXP 	image_5: autoDraw = False
6.5446 	EXP 	text_10: text = 'What is being negotiated and how much money is at stake?'
6.5446 	EXP 	text_11: text = 'Business Reporter'
6.5446 	EXP 	image_6: image = 'business_reporter.jpg'
6.5446 	EXP 	text_10: autoDraw = True
6.5446 	EXP 	text_11: autoDraw = True
6.5446 	EXP 	image_6: autoDraw = True
6.6636 	DATA 	Keypress: space
6.7119 	EXP 	text_10: autoDraw = False
6.7119 	EXP 	text_11: autoDraw = False
6.7119 	EXP 	image_6: autoDraw = False
6.7119 	EXP 	text_13: text = 'What is the response to the proposed deal?'
6.7119 	EXP 	text_14: text = 'Business Reporter'
6.7119 	EXP 	image_7: image = 'business_reporter.jpg'
6.7119 	EXP 	text_13: autoDraw = True
6.7119 	EXP 	text_14: autoDraw = True
6.7119 	EXP 	image_7: autoDraw = True
6.8134 	DATA 	Keypress: space
6.8463 	EXP 	text_13: autoDraw = False
6.8463 	EXP 	text_14: autoDraw = False
6.8463 	EXP 	image_7: autoDraw = False
6.8463 	EXP 	text_15: text = 'What comes about from the business proposal?'
6.8463 	EXP 	text_16: text = 'Business Reporter'
6.8463 	EXP 	image_8: image = 'business_reporter.jpg'
6.8463 	EXP 	text_15: autoDraw = True
6.8463 	EXP 	text_16: autoDraw = True
6.8463 	EXP 	image_8: autoDraw = True
6.9638 	DATA 	Keypress: space
6.9702 	EXP 	Created unnamed ImageStim = ImageStim(__class__=<class 'psychopy.visual.image.ImageStim'>, autoLog=True, color=array([1., 1., 1.]), colorSpace='rgb', contrast=1.0, depth=0, flipHoriz=False, flipVert=False, image='checkmark.png', interpolate=False, mask=None, maskParams=None, name='unnamed ImageStim', opacity=1.0, ori=0.0, pos=array([0., 0.]), size=array([0.2703125 , 0.47222222]), texRes=128, units='norm', win=Window(...))
7.0283 	EXP 	text_15: autoDraw = False
7.0283 	EXP 	text_16: autoDraw = False
7.0283 	EXP 	image_8: autoDraw = False
7.0283 	EXP 	question1: text = '1: What industry are the business people in?'
7.0283 	EXP 	question2: text = 'What is being negotiated and how much money is at stake?'
7.0283 	EXP 	question3: text = 'How long does it take to make the deal?'
7.0283 	EXP 	question4: text = 'What is the response to the proposed deal?'
7.0283 	EXP 	question5: text = 'What comes about from the business proposal?'
7.0283 	EXP 	question6: text = 'Is the deal fair?'
7.0283 	EXP 	question1: autoDraw = True
7.0283 	EXP 	question2: autoDraw = True
7.0283 	EXP 	question3: autoDraw = True
7.0283 	EXP 	question4: autoDraw = True
7.0283 	EXP 	question5: autoDraw = True
7.0283 	EXP 	question6: autoDraw = True
7.1800 	DATA 	Keypress: space
10.8484 	DATA 	Keypress: 1
14.0658 	DATA 	Keypress: 2
14.9659 	DATA 	Keypress: 5
14.9668 	EXP 	New trial (rep=0, index=1): OrderedDict([('Q1', 'How is the restaurant decorated?'), ('Q2', 'What are the menus like?'), ('Q3', 'What do the clients order?\n'), ('Q4', 'How do the clients like the food?'), ('D1', 'How old is the waiter?'), ('D2', 'What meal is being served?'), ('roleName', 'Restaurant Critic'), ('rolePic', 'restaurant_critic.jpg')])
15.0280 	EXP 	question1: autoDraw = False
15.0280 	EXP 	question2: autoDraw = False
15.0280 	EXP 	question3: autoDraw = False
15.0280 	EXP 	question4: autoDraw = False
15.0280 	EXP 	question5: autoDraw = False
15.0280 	EXP 	question6: autoDraw = False
15.0280 	EXP 	text_8: text = 'How is the restaurant decorated?'
15.0280 	EXP 	text_9: text = 'Restaurant Critic'
15.0280 	EXP 	image_5: image = 'restaurant_critic.jpg'
15.0280 	EXP 	text_8: autoDraw = True
15.0280 	EXP 	text_9: autoDraw = True
15.0280 	EXP 	image_5: autoDraw = True
16.1666 	DATA 	Keypress: escape
16.4381 	EXP 	window1: mouseVisible = True
