4.8005 	WARNING 	User requested fullscreen with size [1024  768], but screen is actually [2560, 1440]. Using actual size
5.4557 	EXP 	Created window1 = Window(allowGUI=False, allowStencil=False, args=UNKNOWN, autoLog=True, bitsMode=UNKNOWN, blendMode='avg', color=array([0., 0., 0.]), colorSpace='rgb', fullscr=<method-wrapper '__getattribute__' of attributeSetter object at 0x1238ecc88>, gamma=None, kwargs=UNKNOWN, lms=UNKNOWN, monitor=<psychopy.monitors.calibTools.Monitor object at 0x1243a8cc0>, multiSample=False, name='window1', numSamples=2, pos=[0.0, 0.0], screen=0, size=array([5120, 2880]), stereo=False, units='norm', useFBO=True, useRetina=True, viewOri=0.0, viewPos=None, viewScale=None, waitBlanking=True, winType='pyglet')
5.4557 	EXP 	window1: recordFrameIntervals = False
5.6209 	EXP 	window1: recordFrameIntervals = True
5.8046 	EXP 	window1: recordFrameIntervals = False
5.8668 	EXP 	Created welcome = TextStim(__class__=<class 'psychopy.visual.text.TextStim'>, alignHoriz='center', alignVert='center', antialias=True, autoLog=True, bold=False, color='white', colorSpace='named', contrast=1.0, depth=0.0, flipHoriz=False, flipVert=False, font='Arial', fontFiles=[], height=0.1, italic=False, languageStyle='LTR', name='welcome', opacity=1.0, ori=0, pos=array([0., 0.]), rgb=array([255., 255., 255.]), text='default text', units='norm', win=Window(...), wrapWidth=1)
5.8702 	EXP 	Created text_12 = TextStim(__class__=<class 'psychopy.visual.text.TextStim'>, alignHoriz='center', alignVert='center', antialias=True, autoLog=True, bold=False, color='white', colorSpace='named', contrast=1.0, depth=-2.0, flipHoriz=False, flipVert=False, font='Arial', fontFiles=[], height=0.1, italic=False, languageStyle='LTR', name='text_12', opacity=1.0, ori=0, pos=array([ 0. , -0.6]), rgb=array([255., 255., 255.]), text='default text', units='norm', win=Window(...), wrapWidth=1)
5.8719 	EXP 	Created image = ImageStim(__class__=<class 'psychopy.visual.image.ImageStim'>, autoLog=True, color=array([1., 1., 1.]), colorSpace='rgb', contrast=1.0, depth=0.0, flipHoriz=False, flipVert=False, image='sin', interpolate=True, mask=None, maskParams=None, name='image', opacity=1.0, ori=0.0, pos=array([0., 0.]), size=array([0.5, 0.5]), texRes=128, units='norm', win=Window(...))
5.8753 	EXP 	Created text_2 = TextStim(__class__=<class 'psychopy.visual.text.TextStim'>, alignHoriz='center', alignVert='center', antialias=True, autoLog=True, bold=False, color='white', colorSpace='named', contrast=1.0, depth=-2.0, flipHoriz=False, flipVert=False, font='Arial', fontFiles=[], height=0.1, italic=False, languageStyle='LTR', name='text_2', opacity=1.0, ori=0, pos=array([ 0. , -0.5]), rgb=array([255., 255., 255.]), text='default text', units='norm', win=Window(...), wrapWidth=1)
5.8786 	EXP 	Created welcome = TextStim(__class__=<class 'psychopy.visual.text.TextStim'>, alignHoriz='center', alignVert='center', antialias=True, autoLog=True, bold=False, color='white', colorSpace='named', contrast=1.0, depth=0.0, flipHoriz=False, flipVert=False, font='Arial', fontFiles=[], height=0.1, italic=False, languageStyle='LTR', name='welcome', opacity=1.0, ori=0, pos=array([0., 0.]), rgb=array([255., 255., 255.]), text='default text', units='norm', win=Window(...), wrapWidth=1)
5.8821 	EXP 	Created text_12 = TextStim(__class__=<class 'psychopy.visual.text.TextStim'>, alignHoriz='center', alignVert='center', antialias=True, autoLog=True, bold=False, color='white', colorSpace='named', contrast=1.0, depth=-2.0, flipHoriz=False, flipVert=False, font='Arial', fontFiles=[], height=0.1, italic=False, languageStyle='LTR', name='text_12', opacity=1.0, ori=0, pos=array([ 0. , -0.6]), rgb=array([255., 255., 255.]), text='default text', units='norm', win=Window(...), wrapWidth=1)
5.8855 	EXP 	Created text_8 = TextStim(__class__=<class 'psychopy.visual.text.TextStim'>, alignHoriz='center', alignVert='center', antialias=True, autoLog=True, bold=False, color='white', colorSpace='named', contrast=1.0, depth=0.0, flipHoriz=False, flipVert=False, font='Arial', fontFiles=[], height=0.1, italic=False, languageStyle='LTR', name='text_8', opacity=1.0, ori=0, pos=array([ 0. , -0.4]), rgb=array([255., 255., 255.]), text='default text', units='norm', win=Window(...), wrapWidth=1)
5.8889 	EXP 	Created text_9 = TextStim(__class__=<class 'psychopy.visual.text.TextStim'>, alignHoriz='center', alignVert='center', antialias=True, autoLog=True, bold=False, color='white', colorSpace='named', contrast=1.0, depth=-1.0, flipHoriz=False, flipVert=False, font='Arial', fontFiles=[], height=0.1, italic=False, languageStyle='LTR', name='text_9', opacity=1.0, ori=0, pos=array([-0.25,  0.25]), rgb=array([255., 255., 255.]), text='default text', units='norm', win=Window(...), wrapWidth=0.5)
5.8902 	EXP 	Created image_5 = ImageStim(__class__=<class 'psychopy.visual.image.ImageStim'>, autoLog=True, color=array([1., 1., 1.]), colorSpace='rgb', contrast=1.0, depth=-2.0, flipHoriz=False, flipVert=False, image='sin', interpolate=True, mask=None, maskParams=None, name='image_5', opacity=1.0, ori=0.0, pos=array([0.25, 0.25]), size=array([0.5, 0.5]), texRes=128, units='norm', win=Window(...))
5.8934 	EXP 	Created text_10 = TextStim(__class__=<class 'psychopy.visual.text.TextStim'>, alignHoriz='center', alignVert='center', antialias=True, autoLog=True, bold=False, color='white', colorSpace='named', contrast=1.0, depth=0.0, flipHoriz=False, flipVert=False, font='Arial', fontFiles=[], height=0.1, italic=False, languageStyle='LTR', name='text_10', opacity=1.0, ori=0, pos=array([ 0. , -0.4]), rgb=array([255., 255., 255.]), text='default text', units='norm', win=Window(...), wrapWidth=1)
5.8968 	EXP 	Created text_11 = TextStim(__class__=<class 'psychopy.visual.text.TextStim'>, alignHoriz='center', alignVert='center', antialias=True, autoLog=True, bold=False, color='white', colorSpace='named', contrast=1.0, depth=-1.0, flipHoriz=False, flipVert=False, font='Arial', fontFiles=[], height=0.1, italic=False, languageStyle='LTR', name='text_11', opacity=1.0, ori=0, pos=array([-0.25,  0.25]), rgb=array([255., 255., 255.]), text='default text', units='norm', win=Window(...), wrapWidth=0.5)
5.8980 	EXP 	Created image_6 = ImageStim(__class__=<class 'psychopy.visual.image.ImageStim'>, autoLog=True, color=array([1., 1., 1.]), colorSpace='rgb', contrast=1.0, depth=-2.0, flipHoriz=False, flipVert=False, image='sin', interpolate=True, mask=None, maskParams=None, name='image_6', opacity=1.0, ori=0.0, pos=array([0.25, 0.25]), size=array([0.5, 0.5]), texRes=128, units='norm', win=Window(...))
5.9013 	EXP 	Created text_13 = TextStim(__class__=<class 'psychopy.visual.text.TextStim'>, alignHoriz='center', alignVert='center', antialias=True, autoLog=True, bold=False, color='white', colorSpace='named', contrast=1.0, depth=0.0, flipHoriz=False, flipVert=False, font='Arial', fontFiles=[], height=0.1, italic=False, languageStyle='LTR', name='text_13', opacity=1.0, ori=0, pos=array([ 0. , -0.4]), rgb=array([255., 255., 255.]), text='default text', units='norm', win=Window(...), wrapWidth=1)
5.9046 	EXP 	Created text_14 = TextStim(__class__=<class 'psychopy.visual.text.TextStim'>, alignHoriz='center', alignVert='center', antialias=True, autoLog=True, bold=False, color='white', colorSpace='named', contrast=1.0, depth=-1.0, flipHoriz=False, flipVert=False, font='Arial', fontFiles=[], height=0.1, italic=False, languageStyle='LTR', name='text_14', opacity=1.0, ori=0, pos=array([-0.25,  0.25]), rgb=array([255., 255., 255.]), text='default text', units='norm', win=Window(...), wrapWidth=0.5)
5.9059 	EXP 	Created image_7 = ImageStim(__class__=<class 'psychopy.visual.image.ImageStim'>, autoLog=True, color=array([1., 1., 1.]), colorSpace='rgb', contrast=1.0, depth=-2.0, flipHoriz=False, flipVert=False, image='sin', interpolate=True, mask=None, maskParams=None, name='image_7', opacity=1.0, ori=0.0, pos=array([0.25, 0.25]), size=array([0.5, 0.5]), texRes=128, units='norm', win=Window(...))
5.9092 	EXP 	Created text_15 = TextStim(__class__=<class 'psychopy.visual.text.TextStim'>, alignHoriz='center', alignVert='center', antialias=True, autoLog=True, bold=False, color='white', colorSpace='named', contrast=1.0, depth=0.0, flipHoriz=False, flipVert=False, font='Arial', fontFiles=[], height=0.1, italic=False, languageStyle='LTR', name='text_15', opacity=1.0, ori=0, pos=array([ 0. , -0.4]), rgb=array([255., 255., 255.]), text='default text', units='norm', win=Window(...), wrapWidth=1)
5.9124 	EXP 	Created text_16 = TextStim(__class__=<class 'psychopy.visual.text.TextStim'>, alignHoriz='center', alignVert='center', antialias=True, autoLog=True, bold=False, color='white', colorSpace='named', contrast=1.0, depth=-1.0, flipHoriz=False, flipVert=False, font='Arial', fontFiles=[], height=0.1, italic=False, languageStyle='LTR', name='text_16', opacity=1.0, ori=0, pos=array([-0.25,  0.25]), rgb=array([255., 255., 255.]), text='default text', units='norm', win=Window(...), wrapWidth=0.5)
5.9136 	EXP 	Created image_8 = ImageStim(__class__=<class 'psychopy.visual.image.ImageStim'>, autoLog=True, color=array([1., 1., 1.]), colorSpace='rgb', contrast=1.0, depth=-2.0, flipHoriz=False, flipVert=False, image='sin', interpolate=True, mask=None, maskParams=None, name='image_8', opacity=1.0, ori=0.0, pos=array([0.25, 0.25]), size=array([0.5, 0.5]), texRes=128, units='norm', win=Window(...))
5.9184 	EXP 	Created question1_2 = TextStim(__class__=<class 'psychopy.visual.text.TextStim'>, alignHoriz='center', alignVert='center', antialias=True, autoLog=True, bold=False, color='white', colorSpace='named', contrast=1.0, depth=-1.0, flipHoriz=False, flipVert=False, font='Arial', fontFiles=[], height=0.1, italic=False, languageStyle='LTR', name='question1_2', opacity=1.0, ori=0, pos=array([0. , 0.6]), rgb=array([255., 255., 255.]), text='default text', units='norm', win=Window(...), wrapWidth=2)
5.9218 	EXP 	Created question2_2 = TextStim(__class__=<class 'psychopy.visual.text.TextStim'>, alignHoriz='center', alignVert='center', antialias=True, autoLog=True, bold=False, color='white', colorSpace='named', contrast=1.0, depth=-2.0, flipHoriz=False, flipVert=False, font='Arial', fontFiles=[], height=0.1, italic=False, languageStyle='LTR', name='question2_2', opacity=1.0, ori=0, pos=array([0.  , 0.35]), rgb=array([255., 255., 255.]), text='default text', units='norm', win=Window(...), wrapWidth=2)
5.9252 	EXP 	Created question3_2 = TextStim(__class__=<class 'psychopy.visual.text.TextStim'>, alignHoriz='center', alignVert='center', antialias=True, autoLog=True, bold=False, color='white', colorSpace='named', contrast=1.0, depth=-3.0, flipHoriz=False, flipVert=False, font='Arial', fontFiles=[], height=0.1, italic=False, languageStyle='LTR', name='question3_2', opacity=1.0, ori=0, pos=array([0.  , 0.12]), rgb=array([255., 255., 255.]), text='default text', units='norm', win=Window(...), wrapWidth=2)
5.9285 	EXP 	Created question4_2 = TextStim(__class__=<class 'psychopy.visual.text.TextStim'>, alignHoriz='center', alignVert='center', antialias=True, autoLog=True, bold=False, color='white', colorSpace='named', contrast=1.0, depth=-4.0, flipHoriz=False, flipVert=False, font='Arial', fontFiles=[], height=0.1, italic=False, languageStyle='LTR', name='question4_2', opacity=1.0, ori=0, pos=array([ 0.  , -0.12]), rgb=array([255., 255., 255.]), text='default text', units='norm', win=Window(...), wrapWidth=2)
5.9318 	EXP 	Created question5_2 = TextStim(__class__=<class 'psychopy.visual.text.TextStim'>, alignHoriz='center', alignVert='center', antialias=True, autoLog=True, bold=False, color='white', colorSpace='named', contrast=1.0, depth=-5.0, flipHoriz=False, flipVert=False, font='Arial', fontFiles=[], height=0.1, italic=False, languageStyle='LTR', name='question5_2', opacity=1.0, ori=0, pos=array([ 0.  , -0.35]), rgb=array([255., 255., 255.]), text='default text', units='norm', win=Window(...), wrapWidth=2)
5.9356 	EXP 	Created question6_2 = TextStim(__class__=<class 'psychopy.visual.text.TextStim'>, alignHoriz='center', alignVert='center', antialias=True, autoLog=True, bold=False, color='white', colorSpace='named', contrast=1.0, depth=-6.0, flipHoriz=False, flipVert=False, font='Arial', fontFiles=[], height=0.1, italic=False, languageStyle='LTR', name='question6_2', opacity=1.0, ori=0, pos=array([ 0. , -0.6]), rgb=array([255., 255., 255.]), text='default text', units='norm', win=Window(...), wrapWidth=2)
5.9424 	EXP 	Created text_3 = TextStim(__class__=<class 'psychopy.visual.text.TextStim'>, alignHoriz='center', alignVert='center', antialias=True, autoLog=True, bold=False, color='white', colorSpace='named', contrast=1.0, depth=0.0, flipHoriz=False, flipVert=False, font='Arial', fontFiles=[], height=0.1, italic=False, languageStyle='LTR', name='text_3', opacity=1.0, ori=0, pos=array([0., 0.]), rgb=array([255., 255., 255.]), text='Final Tests', units='norm', win=Window(...), wrapWidth=1)
5.9437 	EXP 	Created image_2 = ImageStim(__class__=<class 'psychopy.visual.image.ImageStim'>, autoLog=True, color=array([1., 1., 1.]), colorSpace='rgb', contrast=1.0, depth=0.0, flipHoriz=False, flipVert=False, image='sin', interpolate=True, mask=None, maskParams=None, name='image_2', opacity=1.0, ori=0.0, pos=array([0., 0.]), size=array([0.5, 0.5]), texRes=128, units='norm', win=Window(...))
5.9471 	EXP 	Created text_4 = TextStim(__class__=<class 'psychopy.visual.text.TextStim'>, alignHoriz='center', alignVert='center', antialias=True, autoLog=True, bold=False, color='white', colorSpace='named', contrast=1.0, depth=-2.0, flipHoriz=False, flipVert=False, font='Arial', fontFiles=[], height=0.1, italic=False, languageStyle='LTR', name='text_4', opacity=1.0, ori=0, pos=array([ 0. , -0.5]), rgb=array([255., 255., 255.]), text='default text', units='norm', win=Window(...), wrapWidth=1)
5.9505 	EXP 	Created question1 = TextStim(__class__=<class 'psychopy.visual.text.TextStim'>, alignHoriz='center', alignVert='center', antialias=True, autoLog=True, bold=False, color='white', colorSpace='named', contrast=1.0, depth=-1.0, flipHoriz=False, flipVert=False, font='Arial', fontFiles=[], height=0.1, italic=False, languageStyle='LTR', name='question1', opacity=1.0, ori=0, pos=array([0. , 0.6]), rgb=array([255., 255., 255.]), text='default text', units='norm', win=Window(...), wrapWidth=2)
5.9539 	EXP 	Created question2 = TextStim(__class__=<class 'psychopy.visual.text.TextStim'>, alignHoriz='center', alignVert='center', antialias=True, autoLog=True, bold=False, color='white', colorSpace='named', contrast=1.0, depth=-2.0, flipHoriz=False, flipVert=False, font='Arial', fontFiles=[], height=0.1, italic=False, languageStyle='LTR', name='question2', opacity=1.0, ori=0, pos=array([0.  , 0.35]), rgb=array([255., 255., 255.]), text='default text', units='norm', win=Window(...), wrapWidth=2)
5.9571 	EXP 	Created question3 = TextStim(__class__=<class 'psychopy.visual.text.TextStim'>, alignHoriz='center', alignVert='center', antialias=True, autoLog=True, bold=False, color='white', colorSpace='named', contrast=1.0, depth=-3.0, flipHoriz=False, flipVert=False, font='Arial', fontFiles=[], height=0.1, italic=False, languageStyle='LTR', name='question3', opacity=1.0, ori=0, pos=array([0.  , 0.12]), rgb=array([255., 255., 255.]), text='default text', units='norm', win=Window(...), wrapWidth=2)
5.9603 	EXP 	Created question4 = TextStim(__class__=<class 'psychopy.visual.text.TextStim'>, alignHoriz='center', alignVert='center', antialias=True, autoLog=True, bold=False, color='white', colorSpace='named', contrast=1.0, depth=-4.0, flipHoriz=False, flipVert=False, font='Arial', fontFiles=[], height=0.1, italic=False, languageStyle='LTR', name='question4', opacity=1.0, ori=0, pos=array([ 0.  , -0.12]), rgb=array([255., 255., 255.]), text='default text', units='norm', win=Window(...), wrapWidth=2)
5.9636 	EXP 	Created question5 = TextStim(__class__=<class 'psychopy.visual.text.TextStim'>, alignHoriz='center', alignVert='center', antialias=True, autoLog=True, bold=False, color='white', colorSpace='named', contrast=1.0, depth=-5.0, flipHoriz=False, flipVert=False, font='Arial', fontFiles=[], height=0.1, italic=False, languageStyle='LTR', name='question5', opacity=1.0, ori=0, pos=array([ 0.  , -0.35]), rgb=array([255., 255., 255.]), text='default text', units='norm', win=Window(...), wrapWidth=2)
5.9670 	EXP 	Created question6 = TextStim(__class__=<class 'psychopy.visual.text.TextStim'>, alignHoriz='center', alignVert='center', antialias=True, autoLog=True, bold=False, color='white', colorSpace='named', contrast=1.0, depth=-6.0, flipHoriz=False, flipVert=False, font='Arial', fontFiles=[], height=0.1, italic=False, languageStyle='LTR', name='question6', opacity=1.0, ori=0, pos=array([ 0. , -0.6]), rgb=array([255., 255., 255.]), text='default text', units='norm', win=Window(...), wrapWidth=2)
5.9730 	EXP 	Created text = TextStim(__class__=<class 'psychopy.visual.text.TextStim'>, alignHoriz='center', alignVert='center', antialias=True, autoLog=True, bold=False, color='white', colorSpace='named', contrast=1.0, depth=0.0, flipHoriz=False, flipVert=False, font='Arial', fontFiles=[], height=0.1, italic=False, languageStyle='LTR', name='text', opacity=1.0, ori=0, pos=array([0., 0.]), rgb=array([255., 255., 255.]), text='end of introduction', units='norm', win=Window(...), wrapWidth=1)
5.9801 	EXP 	Imported instructions.xlsx as conditions, 6 conditions, 2 params
5.9803 	EXP 	Created sequence: sequential, trialTypes=6, nReps=1, seed=None
5.9805 	EXP 	New trial (rep=0, index=0): OrderedDict([('instruct_text', 'Welcome to the Job Simulator Task!'), ('instruct_text2', '(press the space bar to continue)')])
6.0190 	EXP 	welcome: text = 'Welcome to the Job Simulator Task!'
6.0190 	EXP 	text_12: text = '(press the space bar to continue)'
6.0190 	EXP 	welcome: autoDraw = True
6.0190 	EXP 	text_12: autoDraw = True
9.1082 	DATA 	Keypress: space
9.1091 	EXP 	New trial (rep=0, index=1): OrderedDict([('instruct_text', 'In this task, you will read 16 stories. During each one you will simulate having one job.\n'), ('instruct_text2', None)])
9.1557 	EXP 	welcome: autoDraw = False
9.1557 	EXP 	text_12: autoDraw = False
9.1557 	EXP 	welcome: text = 'In this task, you will read 16 stories. During each one you will simulate having one job.\n'
9.1557 	EXP 	text_12: text = '(press the space bar to continue)'
9.1557 	EXP 	welcome: autoDraw = True
9.1557 	EXP 	text_12: autoDraw = True
9.4741 	DATA 	Keypress: space
9.4749 	EXP 	New trial (rep=0, index=2): OrderedDict([('instruct_text', 'This job will be assigned to you before each story. '), ('instruct_text2', None)])
9.5057 	EXP 	welcome: autoDraw = False
9.5057 	EXP 	text_12: autoDraw = False
9.5057 	EXP 	welcome: text = 'This job will be assigned to you before each story. '
9.5057 	EXP 	text_12: text = '(press the space bar to continue)'
9.5057 	EXP 	welcome: autoDraw = True
9.5057 	EXP 	text_12: autoDraw = True
9.8077 	DATA 	Keypress: space
9.8085 	EXP 	New trial (rep=0, index=3): OrderedDict([('instruct_text', 'While reading each story, you should imagine yourself as having that job. '), ('instruct_text2', None)])
9.8397 	EXP 	welcome: autoDraw = False
9.8397 	EXP 	text_12: autoDraw = False
9.8397 	EXP 	welcome: text = 'While reading each story, you should imagine yourself as having that job. '
9.8397 	EXP 	text_12: text = '(press the space bar to continue)'
9.8397 	EXP 	welcome: autoDraw = True
9.8397 	EXP 	text_12: autoDraw = True
10.1741 	DATA 	Keypress: space
10.1748 	EXP 	New trial (rep=0, index=4): OrderedDict([('instruct_text', 'There are 8 possible jobs you could be asked to simulate.'), ('instruct_text2', None)])
10.2067 	EXP 	welcome: autoDraw = False
10.2067 	EXP 	text_12: autoDraw = False
10.2067 	EXP 	welcome: text = 'There are 8 possible jobs you could be asked to simulate.'
10.2067 	EXP 	text_12: text = '(press the space bar to continue)'
10.2067 	EXP 	welcome: autoDraw = True
10.2067 	EXP 	text_12: autoDraw = True
10.6242 	DATA 	Keypress: space
10.6249 	EXP 	New trial (rep=0, index=5): OrderedDict([('instruct_text', 'These jobs are as follows:'), ('instruct_text2', None)])
10.6562 	EXP 	welcome: autoDraw = False
10.6562 	EXP 	text_12: autoDraw = False
10.6562 	EXP 	welcome: text = 'These jobs are as follows:'
10.6562 	EXP 	text_12: text = '(press the space bar to continue)'
10.6562 	EXP 	welcome: autoDraw = True
10.6562 	EXP 	text_12: autoDraw = True
11.1408 	DATA 	Keypress: space
11.1457 	EXP 	Imported jobsPics.xlsx as conditions, 8 conditions, 2 params
11.1459 	EXP 	Created sequence: random, trialTypes=8, nReps=1, seed=None
11.1462 	EXP 	New trial (rep=0, index=0): OrderedDict([('rolePic', 'weddingplanner.jpg'), ('job', 'Wedding Planner')])
11.5231 	EXP 	welcome: autoDraw = False
11.5231 	EXP 	text_12: autoDraw = False
11.5231 	EXP 	image: image = 'weddingplanner.jpg'
11.5231 	EXP 	text_2: text = 'Wedding Planner'
11.5231 	EXP 	image: autoDraw = True
11.5231 	EXP 	text_2: autoDraw = True
11.5907 	DATA 	Keypress: space
11.5915 	EXP 	New trial (rep=0, index=1): OrderedDict([('rolePic', 'restaurant_critic.jpg'), ('job', 'Restaurant Critic')])
11.6397 	EXP 	image: autoDraw = False
11.6397 	EXP 	text_2: autoDraw = False
11.6397 	EXP 	image: image = 'restaurant_critic.jpg'
11.6397 	EXP 	text_2: text = 'Restaurant Critic'
11.6397 	EXP 	image: autoDraw = True
11.6397 	EXP 	text_2: autoDraw = True
11.8738 	DATA 	Keypress: space
11.8745 	EXP 	New trial (rep=0, index=2): OrderedDict([('rolePic', 'couples.jpeg'), ('job', 'Couples Therapist\n')])
11.9238 	EXP 	image: autoDraw = False
11.9238 	EXP 	text_2: autoDraw = False
11.9238 	EXP 	image: image = 'couples.jpeg'
11.9238 	EXP 	text_2: text = 'Couples Therapist\n'
11.9238 	EXP 	image: autoDraw = True
11.9238 	EXP 	text_2: autoDraw = True
12.2256 	DATA 	Keypress: space
12.2263 	EXP 	New trial (rep=0, index=3): OrderedDict([('rolePic', 'business_reporter.jpg'), ('job', 'Business Reporter')])
12.2569 	EXP 	image: autoDraw = False
12.2569 	EXP 	text_2: autoDraw = False
12.2569 	EXP 	image: image = 'business_reporter.jpg'
12.2569 	EXP 	text_2: text = 'Business Reporter'
12.2569 	EXP 	image: autoDraw = True
12.2569 	EXP 	text_2: autoDraw = True
12.5584 	DATA 	Keypress: space
12.5590 	EXP 	New trial (rep=0, index=4): OrderedDict([('rolePic', 'gscem.jpg'), ('job', 'Grocery Store Customer Experience Manager\n')])
12.8078 	EXP 	image: autoDraw = False
12.8078 	EXP 	text_2: autoDraw = False
12.8078 	EXP 	image: image = 'gscem.jpg'
12.8078 	EXP 	text_2: text = 'Grocery Store Customer Experience Manager\n'
12.8078 	EXP 	image: autoDraw = True
12.8078 	EXP 	text_2: autoDraw = True
12.9252 	DATA 	Keypress: space
12.9259 	EXP 	New trial (rep=0, index=5): OrderedDict([('rolePic', 'dean.jpg'), ('job', 'Dean of Academic Studies')])
12.9744 	EXP 	image: autoDraw = False
12.9744 	EXP 	text_2: autoDraw = False
12.9744 	EXP 	image: image = 'dean.jpg'
12.9744 	EXP 	text_2: text = 'Dean of Academic Studies'
12.9744 	EXP 	image: autoDraw = True
12.9744 	EXP 	text_2: autoDraw = True
13.4087 	DATA 	Keypress: space
13.4094 	EXP 	New trial (rep=0, index=6): OrderedDict([('rolePic', 'matchmaker.jpg'), ('job', 'Matchmaker')])
13.4406 	EXP 	image: autoDraw = False
13.4406 	EXP 	text_2: autoDraw = False
13.4406 	EXP 	image: image = 'matchmaker.jpg'
13.4406 	EXP 	text_2: text = 'Matchmaker'
13.4406 	EXP 	image: autoDraw = True
13.4406 	EXP 	text_2: autoDraw = True
13.9084 	DATA 	Keypress: space
13.9091 	EXP 	New trial (rep=0, index=7): OrderedDict([('rolePic', 'acem.jpg'), ('job', 'Airport Customer Experience Manager')])
13.9414 	EXP 	image: autoDraw = False
13.9414 	EXP 	text_2: autoDraw = False
13.9414 	EXP 	image: image = 'acem.jpg'
13.9414 	EXP 	text_2: text = 'Airport Customer Experience Manager'
13.9414 	EXP 	image: autoDraw = True
13.9414 	EXP 	text_2: autoDraw = True
14.5429 	DATA 	Keypress: space
14.5478 	EXP 	Imported instructions2.xlsx as conditions, 7 conditions, 2 params
14.5480 	EXP 	Created sequence: sequential, trialTypes=7, nReps=1, seed=None
14.5482 	EXP 	New trial (rep=0, index=0): OrderedDict([('instruct_text', 'In addition, your task will be to answer job-related questions.\n'), ('instruct_text2', '(press the space bar to continue)')])
14.5748 	EXP 	image: autoDraw = False
14.5748 	EXP 	text_2: autoDraw = False
14.5748 	EXP 	welcome: text = 'In addition, your task will be to answer job-related questions.\n'
14.5748 	EXP 	text_12: text = '(press the space bar to continue)'
14.5748 	EXP 	welcome: autoDraw = True
14.5748 	EXP 	text_12: autoDraw = True
15.3756 	DATA 	Keypress: space
15.3764 	EXP 	New trial (rep=0, index=1): OrderedDict([('instruct_text', 'There are four question per job.'), ('instruct_text2', None)])
15.4077 	EXP 	welcome: autoDraw = False
15.4077 	EXP 	text_12: autoDraw = False
15.4077 	EXP 	welcome: text = 'There are four question per job.'
15.4077 	EXP 	text_12: text = '(press the space bar to continue)'
15.4077 	EXP 	welcome: autoDraw = True
15.4077 	EXP 	text_12: autoDraw = True
15.8762 	DATA 	Keypress: space
15.8769 	EXP 	New trial (rep=0, index=2): OrderedDict([('instruct_text', 'You will have to try to memorize these questions and then remember your answers to the questions.'), ('instruct_text2', None)])
15.9077 	EXP 	welcome: autoDraw = False
15.9077 	EXP 	text_12: autoDraw = False
15.9077 	EXP 	welcome: text = 'You will have to try to memorize these questions and then remember your answers to the questions.'
15.9077 	EXP 	text_12: text = '(press the space bar to continue)'
15.9077 	EXP 	welcome: autoDraw = True
15.9077 	EXP 	text_12: autoDraw = True
16.3594 	DATA 	Keypress: space
16.3601 	EXP 	New trial (rep=0, index=3): OrderedDict([('instruct_text', 'You will be asked about the answers to these questions at end of the experiment. '), ('instruct_text2', None)])
16.3911 	EXP 	welcome: autoDraw = False
16.3911 	EXP 	text_12: autoDraw = False
16.3911 	EXP 	welcome: text = 'You will be asked about the answers to these questions at end of the experiment. '
16.3911 	EXP 	text_12: text = '(press the space bar to continue)'
16.3911 	EXP 	welcome: autoDraw = True
16.3911 	EXP 	text_12: autoDraw = True
16.8595 	DATA 	Keypress: space
16.8602 	EXP 	New trial (rep=0, index=4): OrderedDict([('instruct_text', 'In order to help you memorize the questions, there will be a short quiz on them before the actual task begins.'), ('instruct_text2', None)])
16.8911 	EXP 	welcome: autoDraw = False
16.8911 	EXP 	text_12: autoDraw = False
16.8911 	EXP 	welcome: text = 'In order to help you memorize the questions, there will be a short quiz on them before the actual task begins.'
16.8911 	EXP 	text_12: text = '(press the space bar to continue)'
16.8911 	EXP 	welcome: autoDraw = True
16.8911 	EXP 	text_12: autoDraw = True
17.3279 	DATA 	Keypress: space
17.3425 	EXP 	New trial (rep=0, index=5): OrderedDict([('instruct_text', 'In addition, before each story, there will be a reminder of what these questions are.  '), ('instruct_text2', None)])
17.3754 	EXP 	welcome: autoDraw = False
17.3754 	EXP 	text_12: autoDraw = False
17.3754 	EXP 	welcome: text = 'In addition, before each story, there will be a reminder of what these questions are.  '
17.3754 	EXP 	text_12: text = '(press the space bar to continue)'
17.3754 	EXP 	welcome: autoDraw = True
17.3754 	EXP 	text_12: autoDraw = True
17.8607 	DATA 	Keypress: space
17.8614 	EXP 	New trial (rep=0, index=6): OrderedDict([('instruct_text', 'Press the space bar to begin learning the jobs and the questions for each one.'), ('instruct_text2', None)])
17.8928 	EXP 	welcome: autoDraw = False
17.8928 	EXP 	text_12: autoDraw = False
17.8928 	EXP 	welcome: text = 'Press the space bar to begin learning the jobs and the questions for each one.'
17.8928 	EXP 	text_12: text = '(press the space bar to continue)'
17.8928 	EXP 	welcome: autoDraw = True
17.8928 	EXP 	text_12: autoDraw = True
18.4609 	DATA 	Keypress: space
18.4684 	EXP 	Imported whichRole.xlsx as conditions, 8 conditions, 8 params
18.4686 	EXP 	Created sequence: random, trialTypes=8, nReps=1, seed=None
18.4689 	EXP 	New trial (rep=0, index=0): OrderedDict([('Q1', 'Who notices who first and why do they notice the other?\n'), ('Q2', 'How does the couple start talking?\n'), ('Q3', 'Which of the people proposes going on an actual date and what do they propose?\n'), ('Q4', 'Who leaves first and why do they have to go?\n'), ('D1', 'Is the couple going to get married?'), ('D2', 'Who shows more interest?'), ('roleName', 'Matchmaker'), ('rolePic', 'matchmaker.jpg')])
18.4691 	EXP 	Created sequence: sequential, trialTypes=1, nReps=5, seed=None
18.4693 	EXP 	New trial (rep=0, index=0): None
18.5222 	EXP 	welcome: autoDraw = False
18.5222 	EXP 	text_12: autoDraw = False
18.5222 	EXP 	text_8: text = 'Who notices who first and why do they notice the other?\n'
18.5222 	EXP 	text_9: text = 'Matchmaker'
18.5222 	EXP 	image_5: image = 'matchmaker.jpg'
18.5222 	EXP 	text_8: autoDraw = True
18.5222 	EXP 	text_9: autoDraw = True
18.5222 	EXP 	image_5: autoDraw = True
19.5280 	DATA 	Keypress: space
19.5761 	EXP 	text_8: autoDraw = False
19.5761 	EXP 	text_9: autoDraw = False
19.5761 	EXP 	image_5: autoDraw = False
19.5761 	EXP 	text_10: text = 'How does the couple start talking?\n'
19.5761 	EXP 	text_11: text = 'Matchmaker'
19.5761 	EXP 	image_6: image = 'matchmaker.jpg'
19.5761 	EXP 	text_10: autoDraw = True
19.5761 	EXP 	text_11: autoDraw = True
19.5761 	EXP 	image_6: autoDraw = True
21.1941 	DATA 	Keypress: space
21.2428 	EXP 	text_10: autoDraw = False
21.2428 	EXP 	text_11: autoDraw = False
21.2428 	EXP 	image_6: autoDraw = False
21.2428 	EXP 	text_13: text = 'Which of the people proposes going on an actual date and what do they propose?\n'
21.2428 	EXP 	text_14: text = 'Matchmaker'
21.2428 	EXP 	image_7: image = 'matchmaker.jpg'
21.2428 	EXP 	text_13: autoDraw = True
21.2428 	EXP 	text_14: autoDraw = True
21.2428 	EXP 	image_7: autoDraw = True
22.0298 	DATA 	Keypress: space
22.0939 	EXP 	text_13: autoDraw = False
22.0939 	EXP 	text_14: autoDraw = False
22.0939 	EXP 	image_7: autoDraw = False
22.0939 	EXP 	text_15: text = 'Who leaves first and why do they have to go?\n'
22.0939 	EXP 	text_16: text = 'Matchmaker'
22.0939 	EXP 	image_8: image = 'matchmaker.jpg'
22.0939 	EXP 	text_15: autoDraw = True
22.0939 	EXP 	text_16: autoDraw = True
22.0939 	EXP 	image_8: autoDraw = True
22.7625 	DATA 	Keypress: space
22.7697 	EXP 	Created unnamed ImageStim = ImageStim(__class__=<class 'psychopy.visual.image.ImageStim'>, autoLog=True, color=array([1., 1., 1.]), colorSpace='rgb', contrast=1.0, depth=0, flipHoriz=False, flipVert=False, image='checkmark.png', interpolate=False, mask=None, maskParams=None, name='unnamed ImageStim', opacity=1.0, ori=0.0, pos=array([0., 0.]), size=array([0.2703125 , 0.47222222]), texRes=128, units='norm', win=Window(...))
22.8844 	EXP 	Created unnamed ImageStim = ImageStim(__class__=<class 'psychopy.visual.image.ImageStim'>, autoLog=True, color=array([1., 1., 1.]), colorSpace='rgb', contrast=1.0, depth=0, flipHoriz=False, flipVert=False, image='redx.png', interpolate=False, mask=None, maskParams=None, name='unnamed ImageStim', opacity=1.0, ori=0.0, pos=array([0., 0.]), size=array([1.5625    , 2.77777778]), texRes=128, units='norm', win=Window(...))
22.8951 	EXP 	Created unnamed ImageStim = ImageStim(__class__=<class 'psychopy.visual.image.ImageStim'>, autoLog=True, color=array([1., 1., 1.]), colorSpace='rgb', contrast=1.0, depth=0, flipHoriz=False, flipVert=False, image='thumbsup.png', interpolate=False, mask=None, maskParams=None, name='unnamed ImageStim', opacity=1.0, ori=0.0, pos=array([0., 0.]), size=array([0.375 , 0.7125]), texRes=128, units='norm', win=Window(...))
22.9776 	EXP 	text_15: autoDraw = False
22.9776 	EXP 	text_16: autoDraw = False
22.9776 	EXP 	image_8: autoDraw = False
22.9776 	EXP 	question1_2: text = '1: Who leaves first and why do they have to go?\n'
22.9776 	EXP 	question2_2: text = '2: Which of the people proposes going on an actual date and what do they propose?\n'
22.9776 	EXP 	question3_2: text = '3: Who shows more interest?'
22.9776 	EXP 	question4_2: text = '4: How does the couple start talking?\n'
22.9776 	EXP 	question5_2: text = '5: Is the couple going to get married?'
22.9776 	EXP 	question6_2: text = '6: Who notices who first and why do they notice the other?\n'
22.9776 	EXP 	question1_2: autoDraw = True
22.9776 	EXP 	question2_2: autoDraw = True
22.9776 	EXP 	question3_2: autoDraw = True
22.9776 	EXP 	question4_2: autoDraw = True
22.9776 	EXP 	question5_2: autoDraw = True
22.9776 	EXP 	question6_2: autoDraw = True
27.9140 	DATA 	Keypress: 6
29.4299 	DATA 	Keypress: 6
31.4460 	EXP 	New trial (rep=1, index=0): None
31.4790 	EXP 	question1_2: autoDraw = False
31.4790 	EXP 	question2_2: autoDraw = False
31.4790 	EXP 	question3_2: autoDraw = False
31.4790 	EXP 	question4_2: autoDraw = False
31.4790 	EXP 	question5_2: autoDraw = False
31.4790 	EXP 	question6_2: autoDraw = False
31.4790 	EXP 	text_8: text = 'Who notices who first and why do they notice the other?\n'
31.4790 	EXP 	text_9: text = 'Matchmaker'
31.4790 	EXP 	image_5: image = 'matchmaker.jpg'
31.4790 	EXP 	text_8: autoDraw = True
31.4790 	EXP 	text_9: autoDraw = True
31.4790 	EXP 	image_5: autoDraw = True
40.9843 	DATA 	Keypress: space
41.0155 	EXP 	text_8: autoDraw = False
41.0155 	EXP 	text_9: autoDraw = False
41.0155 	EXP 	image_5: autoDraw = False
41.0155 	EXP 	text_10: text = 'How does the couple start talking?\n'
41.0155 	EXP 	text_11: text = 'Matchmaker'
41.0155 	EXP 	image_6: image = 'matchmaker.jpg'
41.0155 	EXP 	text_10: autoDraw = True
41.0155 	EXP 	text_11: autoDraw = True
41.0155 	EXP 	image_6: autoDraw = True
41.4671 	DATA 	Keypress: space
41.4990 	EXP 	text_10: autoDraw = False
41.4990 	EXP 	text_11: autoDraw = False
41.4990 	EXP 	image_6: autoDraw = False
41.4990 	EXP 	text_13: text = 'Which of the people proposes going on an actual date and what do they propose?\n'
41.4990 	EXP 	text_14: text = 'Matchmaker'
41.4990 	EXP 	image_7: image = 'matchmaker.jpg'
41.4990 	EXP 	text_13: autoDraw = True
41.4990 	EXP 	text_14: autoDraw = True
41.4990 	EXP 	image_7: autoDraw = True
43.0522 	DATA 	Keypress: space
43.0841 	EXP 	text_13: autoDraw = False
43.0841 	EXP 	text_14: autoDraw = False
43.0841 	EXP 	image_7: autoDraw = False
43.0841 	EXP 	text_15: text = 'Who leaves first and why do they have to go?\n'
43.0841 	EXP 	text_16: text = 'Matchmaker'
43.0841 	EXP 	image_8: image = 'matchmaker.jpg'
43.0841 	EXP 	text_15: autoDraw = True
43.0841 	EXP 	text_16: autoDraw = True
43.0841 	EXP 	image_8: autoDraw = True
43.8014 	DATA 	Keypress: space
43.8063 	EXP 	Created unnamed ImageStim = ImageStim(__class__=<class 'psychopy.visual.image.ImageStim'>, autoLog=True, color=array([1., 1., 1.]), colorSpace='rgb', contrast=1.0, depth=0, flipHoriz=False, flipVert=False, image='checkmark.png', interpolate=False, mask=None, maskParams=None, name='unnamed ImageStim', opacity=1.0, ori=0.0, pos=array([0., 0.]), size=array([0.2703125 , 0.47222222]), texRes=128, units='norm', win=Window(...))
43.9080 	EXP 	Created unnamed ImageStim = ImageStim(__class__=<class 'psychopy.visual.image.ImageStim'>, autoLog=True, color=array([1., 1., 1.]), colorSpace='rgb', contrast=1.0, depth=0, flipHoriz=False, flipVert=False, image='redx.png', interpolate=False, mask=None, maskParams=None, name='unnamed ImageStim', opacity=1.0, ori=0.0, pos=array([0., 0.]), size=array([1.5625    , 2.77777778]), texRes=128, units='norm', win=Window(...))
43.9200 	EXP 	Created unnamed ImageStim = ImageStim(__class__=<class 'psychopy.visual.image.ImageStim'>, autoLog=True, color=array([1., 1., 1.]), colorSpace='rgb', contrast=1.0, depth=0, flipHoriz=False, flipVert=False, image='thumbsup.png', interpolate=False, mask=None, maskParams=None, name='unnamed ImageStim', opacity=1.0, ori=0.0, pos=array([0., 0.]), size=array([0.375 , 0.7125]), texRes=128, units='norm', win=Window(...))
43.9997 	EXP 	text_15: autoDraw = False
43.9997 	EXP 	text_16: autoDraw = False
43.9997 	EXP 	image_8: autoDraw = False
43.9997 	EXP 	question1_2: text = '1: How does the couple start talking?\n'
43.9997 	EXP 	question2_2: text = '2: Is the couple going to get married?'
43.9997 	EXP 	question3_2: text = '3: Who notices who first and why do they notice the other?\n'
43.9997 	EXP 	question4_2: text = '4: Who shows more interest?'
43.9997 	EXP 	question5_2: text = '5: Who leaves first and why do they have to go?\n'
43.9997 	EXP 	question6_2: text = '6: Which of the people proposes going on an actual date and what do they propose?\n'
43.9997 	EXP 	question1_2: autoDraw = True
43.9997 	EXP 	question2_2: autoDraw = True
43.9997 	EXP 	question3_2: autoDraw = True
43.9997 	EXP 	question4_2: autoDraw = True
43.9997 	EXP 	question5_2: autoDraw = True
43.9997 	EXP 	question6_2: autoDraw = True
52.3875 	DATA 	Keypress: 5
62.5240 	DATA 	Keypress: 6
64.5412 	EXP 	New trial (rep=2, index=0): None
64.5730 	EXP 	question1_2: autoDraw = False
64.5730 	EXP 	question2_2: autoDraw = False
64.5730 	EXP 	question3_2: autoDraw = False
64.5730 	EXP 	question4_2: autoDraw = False
64.5730 	EXP 	question5_2: autoDraw = False
64.5730 	EXP 	question6_2: autoDraw = False
64.5730 	EXP 	text_8: text = 'Who notices who first and why do they notice the other?\n'
64.5730 	EXP 	text_9: text = 'Matchmaker'
64.5730 	EXP 	image_5: image = 'matchmaker.jpg'
64.5730 	EXP 	text_8: autoDraw = True
64.5730 	EXP 	text_9: autoDraw = True
64.5730 	EXP 	image_5: autoDraw = True
65.6923 	DATA 	Keypress: escape
65.9648 	EXP 	window1: mouseVisible = True
