4.7570 	WARNING 	User requested fullscreen with size [1024  768], but screen is actually [2560, 1440]. Using actual size
5.4036 	EXP 	Created window1 = Window(allowGUI=False, allowStencil=False, args=UNKNOWN, autoLog=True, bitsMode=UNKNOWN, blendMode='avg', color=array([0., 0., 0.]), colorSpace='rgb', fullscr=<method-wrapper '__getattribute__' of attributeSetter object at 0x12406bd30>, gamma=None, kwargs=UNKNOWN, lms=UNKNOWN, monitor=<psychopy.monitors.calibTools.Monitor object at 0x1224e67b8>, multiSample=False, name='window1', numSamples=2, pos=[0.0, 0.0], screen=0, size=array([5120, 2880]), stereo=False, units='norm', useFBO=True, useRetina=True, viewOri=0.0, viewPos=None, viewScale=None, waitBlanking=True, winType='pyglet')
5.4036 	EXP 	window1: recordFrameIntervals = False
5.5703 	EXP 	window1: recordFrameIntervals = True
5.7542 	EXP 	window1: recordFrameIntervals = False
5.8198 	EXP 	Created welcome = TextStim(__class__=<class 'psychopy.visual.text.TextStim'>, alignHoriz='center', alignVert='center', antialias=True, autoLog=True, bold=False, color='white', colorSpace='named', contrast=1.0, depth=0.0, flipHoriz=False, flipVert=False, font='Arial', fontFiles=[], height=0.1, italic=False, languageStyle='LTR', name='welcome', opacity=1.0, ori=0, pos=array([0., 0.]), rgb=array([255., 255., 255.]), text='default text', units='norm', win=Window(...), wrapWidth=1)
5.8232 	EXP 	Created text_12 = TextStim(__class__=<class 'psychopy.visual.text.TextStim'>, alignHoriz='center', alignVert='center', antialias=True, autoLog=True, bold=False, color='white', colorSpace='named', contrast=1.0, depth=-2.0, flipHoriz=False, flipVert=False, font='Arial', fontFiles=[], height=0.1, italic=False, languageStyle='LTR', name='text_12', opacity=1.0, ori=0, pos=array([ 0. , -0.6]), rgb=array([255., 255., 255.]), text='default text', units='norm', win=Window(...), wrapWidth=1)
5.8267 	EXP 	Created text_8 = TextStim(__class__=<class 'psychopy.visual.text.TextStim'>, alignHoriz='center', alignVert='center', antialias=True, autoLog=True, bold=False, color='white', colorSpace='named', contrast=1.0, depth=0.0, flipHoriz=False, flipVert=False, font='Arial', fontFiles=[], height=0.1, italic=False, languageStyle='LTR', name='text_8', opacity=1.0, ori=0, pos=array([ 0. , -0.4]), rgb=array([255., 255., 255.]), text='default text', units='norm', win=Window(...), wrapWidth=1)
5.8301 	EXP 	Created text_9 = TextStim(__class__=<class 'psychopy.visual.text.TextStim'>, alignHoriz='center', alignVert='center', antialias=True, autoLog=True, bold=False, color='white', colorSpace='named', contrast=1.0, depth=-1.0, flipHoriz=False, flipVert=False, font='Arial', fontFiles=[], height=0.1, italic=False, languageStyle='LTR', name='text_9', opacity=1.0, ori=0, pos=array([-0.25,  0.25]), rgb=array([255., 255., 255.]), text='default text', units='norm', win=Window(...), wrapWidth=1)
5.8317 	EXP 	Created image_5 = ImageStim(__class__=<class 'psychopy.visual.image.ImageStim'>, autoLog=True, color=array([1., 1., 1.]), colorSpace='rgb', contrast=1.0, depth=-2.0, flipHoriz=False, flipVert=False, image='sin', interpolate=True, mask=None, maskParams=None, name='image_5', opacity=1.0, ori=0.0, pos=array([0.25, 0.25]), size=array([0.5, 0.5]), texRes=128, units='norm', win=Window(...))
5.8354 	EXP 	Created text = TextStim(__class__=<class 'psychopy.visual.text.TextStim'>, alignHoriz='center', alignVert='center', antialias=True, autoLog=True, bold=False, color='white', colorSpace='named', contrast=1.0, depth=0.0, flipHoriz=False, flipVert=False, font='Arial', fontFiles=[], height=0.1, italic=False, languageStyle='LTR', name='text', opacity=1.0, ori=0, pos=array([0., 0.]), rgb=array([255., 255., 255.]), text='default text', units='norm', win=Window(...), wrapWidth=1)
5.8357 	WARNING 	Requested image 'couples.jpg' not found but similar filename 'couples.jpeg' exists. This will be used instead but changing the filename is advised.
5.8946 	EXP 	Created image = ImageStim(__class__=<class 'psychopy.visual.image.ImageStim'>, autoLog=True, color=array([1., 1., 1.]), colorSpace='rgb', contrast=1.0, depth=0.0, flipHoriz=False, flipVert=False, image='couples.jpg', interpolate=True, mask=None, maskParams=None, name='image', opacity=1.0, ori=0.0, pos=array([0., 0.]), size=array([0.5, 0.5]), texRes=128, units='norm', win=Window(...))
5.9019 	EXP 	Imported instructions.xlsx as conditions, 12 conditions, 2 params
5.9021 	EXP 	Created sequence: sequential, trialTypes=12, nReps=1, seed=None
5.9024 	EXP 	New trial (rep=0, index=0): OrderedDict([('instruct_text', 'Welcome to the Job Simulator Task!'), ('instruct_text2', '(press the space bar to continue)')])
5.9498 	EXP 	welcome: text = 'Welcome to the Job Simulator Task!'
5.9498 	EXP 	text_12: text = '(press the space bar to continue)'
5.9498 	EXP 	welcome: autoDraw = True
5.9498 	EXP 	text_12: autoDraw = True
6.2050 	DATA 	Keypress: space
6.2055 	EXP 	New trial (rep=0, index=1): OrderedDict([('instruct_text', 'In this task, you will read 16 stories. During each one you will simulate having one job.\n'), ('instruct_text2', None)])
6.2530 	EXP 	welcome: autoDraw = False
6.2530 	EXP 	text_12: autoDraw = False
6.2530 	EXP 	welcome: text = 'In this task, you will read 16 stories. During each one you will simulate having one job.\n'
6.2530 	EXP 	text_12: text = '(press the space bar to continue)'
6.2530 	EXP 	welcome: autoDraw = True
6.2530 	EXP 	text_12: autoDraw = True
6.3709 	DATA 	Keypress: space
6.3715 	EXP 	New trial (rep=0, index=2): OrderedDict([('instruct_text', 'This job will be assigned to you before each story. '), ('instruct_text2', None)])
6.4028 	EXP 	welcome: autoDraw = False
6.4028 	EXP 	text_12: autoDraw = False
6.4028 	EXP 	welcome: text = 'This job will be assigned to you before each story. '
6.4028 	EXP 	text_12: text = '(press the space bar to continue)'
6.4028 	EXP 	welcome: autoDraw = True
6.4028 	EXP 	text_12: autoDraw = True
6.5044 	DATA 	Keypress: space
6.5049 	EXP 	New trial (rep=0, index=3): OrderedDict([('instruct_text', 'While reading each story, you should imagine yourself as having that job. '), ('instruct_text2', None)])
6.5361 	EXP 	welcome: autoDraw = False
6.5361 	EXP 	text_12: autoDraw = False
6.5361 	EXP 	welcome: text = 'While reading each story, you should imagine yourself as having that job. '
6.5361 	EXP 	text_12: text = '(press the space bar to continue)'
6.5361 	EXP 	welcome: autoDraw = True
6.5361 	EXP 	text_12: autoDraw = True
6.6209 	DATA 	Keypress: space
6.6214 	EXP 	New trial (rep=0, index=4): OrderedDict([('instruct_text', 'There are 8 possible jobs you could be asked to simulate.'), ('instruct_text2', None)])
6.6528 	EXP 	welcome: autoDraw = False
6.6528 	EXP 	text_12: autoDraw = False
6.6528 	EXP 	welcome: text = 'There are 8 possible jobs you could be asked to simulate.'
6.6528 	EXP 	text_12: text = '(press the space bar to continue)'
6.6528 	EXP 	welcome: autoDraw = True
6.6528 	EXP 	text_12: autoDraw = True
6.7710 	DATA 	Keypress: space
6.7716 	EXP 	New trial (rep=0, index=5): OrderedDict([('instruct_text', 'In addition, your task will be to answer job-related questions.\n'), ('instruct_text2', None)])
6.8029 	EXP 	welcome: autoDraw = False
6.8029 	EXP 	text_12: autoDraw = False
6.8029 	EXP 	welcome: text = 'In addition, your task will be to answer job-related questions.\n'
6.8029 	EXP 	text_12: text = '(press the space bar to continue)'
6.8029 	EXP 	welcome: autoDraw = True
6.8029 	EXP 	text_12: autoDraw = True
6.9048 	DATA 	Keypress: space
6.9053 	EXP 	New trial (rep=0, index=6): OrderedDict([('instruct_text', 'There are four question per job.'), ('instruct_text2', None)])
6.9364 	EXP 	welcome: autoDraw = False
6.9364 	EXP 	text_12: autoDraw = False
6.9364 	EXP 	welcome: text = 'There are four question per job.'
6.9364 	EXP 	text_12: text = '(press the space bar to continue)'
6.9364 	EXP 	welcome: autoDraw = True
6.9364 	EXP 	text_12: autoDraw = True
7.0374 	DATA 	Keypress: space
7.0380 	EXP 	New trial (rep=0, index=7): OrderedDict([('instruct_text', 'You will have to try to memorize these questions and then remember your answers to the questions.'), ('instruct_text2', None)])
7.0699 	EXP 	welcome: autoDraw = False
7.0699 	EXP 	text_12: autoDraw = False
7.0699 	EXP 	welcome: text = 'You will have to try to memorize these questions and then remember your answers to the questions.'
7.0699 	EXP 	text_12: text = '(press the space bar to continue)'
7.0699 	EXP 	welcome: autoDraw = True
7.0699 	EXP 	text_12: autoDraw = True
7.2051 	DATA 	Keypress: space
7.2058 	EXP 	New trial (rep=0, index=8): OrderedDict([('instruct_text', 'You will asked about the answers to these questions at end of the experiment. '), ('instruct_text2', None)])
7.2362 	EXP 	welcome: autoDraw = False
7.2362 	EXP 	text_12: autoDraw = False
7.2362 	EXP 	welcome: text = 'You will asked about the answers to these questions at end of the experiment. '
7.2362 	EXP 	text_12: text = '(press the space bar to continue)'
7.2362 	EXP 	welcome: autoDraw = True
7.2362 	EXP 	text_12: autoDraw = True
7.5209 	DATA 	Keypress: space
7.5215 	EXP 	New trial (rep=0, index=9): OrderedDict([('instruct_text', 'In order to help you memorize the questions, there will be a short quiz on them before the actual task begins.'), ('instruct_text2', None)])
7.5533 	EXP 	welcome: autoDraw = False
7.5533 	EXP 	text_12: autoDraw = False
7.5533 	EXP 	welcome: text = 'In order to help you memorize the questions, there will be a short quiz on them before the actual task begins.'
7.5533 	EXP 	text_12: text = '(press the space bar to continue)'
7.5533 	EXP 	welcome: autoDraw = True
7.5533 	EXP 	text_12: autoDraw = True
7.8386 	DATA 	Keypress: space
7.8391 	EXP 	New trial (rep=0, index=10): OrderedDict([('instruct_text', 'In addition, before each story, there will be a reminder of what these questions are.  '), ('instruct_text2', None)])
7.8698 	EXP 	welcome: autoDraw = False
7.8698 	EXP 	text_12: autoDraw = False
7.8698 	EXP 	welcome: text = 'In addition, before each story, there will be a reminder of what these questions are.  '
7.8698 	EXP 	text_12: text = '(press the space bar to continue)'
7.8698 	EXP 	welcome: autoDraw = True
7.8698 	EXP 	text_12: autoDraw = True
8.1047 	DATA 	Keypress: space
8.1053 	EXP 	New trial (rep=0, index=11): OrderedDict([('instruct_text', 'Press the space bar to begin learning the jobs and the questions for each one.'), ('instruct_text2', None)])
8.1372 	EXP 	welcome: autoDraw = False
8.1372 	EXP 	text_12: autoDraw = False
8.1372 	EXP 	welcome: text = 'Press the space bar to begin learning the jobs and the questions for each one.'
8.1372 	EXP 	text_12: text = '(press the space bar to continue)'
8.1372 	EXP 	welcome: autoDraw = True
8.1372 	EXP 	text_12: autoDraw = True
8.3379 	DATA 	Keypress: space
8.3431 	EXP 	Imported whichRole.xlsx as conditions, 2 conditions, 3 params
8.3433 	EXP 	Created sequence: sequential, trialTypes=2, nReps=5, seed=None
8.3436 	EXP 	New trial (rep=0, index=0): OrderedDict([('thisRole', 'q_br.xlsx'), ('roleName', 'Business Reporter'), ('rolePic', 'business_reporter.jpg')])
8.3478 	EXP 	Imported q_br.xlsx as conditions, 5 conditions, 1 params
8.3480 	EXP 	Created sequence: sequential, trialTypes=5, nReps=1, seed=None
8.3482 	EXP 	New trial (rep=0, index=0): OrderedDict([('thisQuestion', '-')])
8.3969 	EXP 	welcome: autoDraw = False
8.3969 	EXP 	text_12: autoDraw = False
8.3969 	EXP 	text_8: text = '-'
8.3969 	EXP 	text_9: text = 'Business Reporter'
8.3969 	EXP 	image_5: image = 'business_reporter.jpg'
8.3969 	EXP 	text_8: autoDraw = True
8.3969 	EXP 	text_9: autoDraw = True
8.3969 	EXP 	image_5: autoDraw = True
8.5222 	DATA 	Keypress: space
8.5296 	EXP 	Created unnamed ImageStim = ImageStim(__class__=<class 'psychopy.visual.image.ImageStim'>, autoLog=True, color=array([1., 1., 1.]), colorSpace='rgb', contrast=1.0, depth=0, flipHoriz=False, flipVert=False, image='checkmark.png', interpolate=False, mask=None, maskParams=None, name='unnamed ImageStim', opacity=1.0, ori=0.0, pos=array([0., 0.]), size=array([0.2703125 , 0.47222222]), texRes=128, units='norm', win=Window(...))
8.5371 	EXP 	text_8: autoDraw = False
8.5371 	EXP 	text_9: autoDraw = False
8.5371 	EXP 	image_5: autoDraw = False
8.5371 	EXP 	text: text = '-'
8.5371 	EXP 	text: autoDraw = True
9.0057 	DATA 	Keypress: space
11.1062 	DATA 	Keypress: 5
11.1070 	EXP 	New trial (rep=0, index=1): OrderedDict([('thisQuestion', '1: What industry are the business people in?\n')])
11.1375 	EXP 	text: autoDraw = False
11.1375 	EXP 	text_8: text = '1: What industry are the business people in?\n'
11.1375 	EXP 	text_9: text = 'Business Reporter'
11.1375 	EXP 	image_5: image = 'business_reporter.jpg'
11.1375 	EXP 	text_8: autoDraw = True
11.1375 	EXP 	text_9: autoDraw = True
11.1375 	EXP 	image_5: autoDraw = True
14.5077 	DATA 	Keypress: space
14.5196 	EXP 	Created unnamed ImageStim = ImageStim(__class__=<class 'psychopy.visual.image.ImageStim'>, autoLog=True, color=array([1., 1., 1.]), colorSpace='rgb', contrast=1.0, depth=0, flipHoriz=False, flipVert=False, image='checkmark.png', interpolate=False, mask=None, maskParams=None, name='unnamed ImageStim', opacity=1.0, ori=0.0, pos=array([0., 0.]), size=array([0.2703125 , 0.47222222]), texRes=128, units='norm', win=Window(...))
14.5399 	EXP 	text_8: autoDraw = False
14.5399 	EXP 	text_9: autoDraw = False
14.5399 	EXP 	image_5: autoDraw = False
14.5399 	EXP 	text: text = '1: What industry are the business people in?\n'
14.5399 	EXP 	text: autoDraw = True
15.4908 	DATA 	Keypress: space
15.6749 	DATA 	Keypress: space
17.0244 	DATA 	Keypress: space
17.3912 	DATA 	Keypress: space
17.7246 	DATA 	Keypress: 1
21.3097 	DATA 	Keypress: 5
21.3105 	EXP 	New trial (rep=0, index=2): OrderedDict([('thisQuestion', '2: What is being negotiated and how much money is at stake?\n')])
21.3581 	EXP 	text: autoDraw = False
21.3581 	EXP 	text_8: text = '2: What is being negotiated and how much money is at stake?\n'
21.3581 	EXP 	text_9: text = 'Business Reporter'
21.3581 	EXP 	image_5: image = 'business_reporter.jpg'
21.3581 	EXP 	text_8: autoDraw = True
21.3581 	EXP 	text_9: autoDraw = True
21.3581 	EXP 	image_5: autoDraw = True
22.7260 	DATA 	Keypress: 5
23.2424 	DATA 	Keypress: 1
23.7443 	DATA 	Keypress: 1
23.9940 	DATA 	Keypress: 2
24.2109 	DATA 	Keypress: 2
24.7104 	DATA 	Keypress: 5
25.1269 	DATA 	Keypress: 1
25.3279 	DATA 	Keypress: 1
25.5271 	DATA 	Keypress: 1
25.7277 	DATA 	Keypress: 1
25.9940 	DATA 	Keypress: space
26.0099 	EXP 	Created unnamed ImageStim = ImageStim(__class__=<class 'psychopy.visual.image.ImageStim'>, autoLog=True, color=array([1., 1., 1.]), colorSpace='rgb', contrast=1.0, depth=0, flipHoriz=False, flipVert=False, image='checkmark.png', interpolate=False, mask=None, maskParams=None, name='unnamed ImageStim', opacity=1.0, ori=0.0, pos=array([0., 0.]), size=array([0.2703125 , 0.47222222]), texRes=128, units='norm', win=Window(...))
26.0256 	EXP 	text_8: autoDraw = False
26.0256 	EXP 	text_9: autoDraw = False
26.0256 	EXP 	image_5: autoDraw = False
26.0256 	EXP 	text: text = '2: What is being negotiated and how much money is at stake?\n'
26.0256 	EXP 	text: autoDraw = True
27.8274 	DATA 	Keypress: space
27.8290 	DATA 	Keypress: space
27.8302 	DATA 	Keypress: space
28.0264 	EXP 	New trial (rep=0, index=3): OrderedDict([('thisQuestion', '3: What is the response to the proposed deal? ')])
28.0599 	EXP 	text: autoDraw = False
28.0599 	EXP 	text_8: text = '3: What is the response to the proposed deal? '
28.0599 	EXP 	text_9: text = 'Business Reporter'
28.0599 	EXP 	image_5: image = 'business_reporter.jpg'
28.0599 	EXP 	text_8: autoDraw = True
28.0599 	EXP 	text_9: autoDraw = True
28.0599 	EXP 	image_5: autoDraw = True
28.0948 	DATA 	Keypress: escape
28.3651 	EXP 	window1: mouseVisible = True
