4.0472 	WARNING 	User requested fullscreen with size [1024  768], but screen is actually [2560, 1440]. Using actual size
4.6963 	EXP 	Created window1 = Window(allowGUI=False, allowStencil=False, args=UNKNOWN, autoLog=True, bitsMode=UNKNOWN, blendMode='avg', color=array([0., 0., 0.]), colorSpace='rgb', fullscr=<method-wrapper '__getattribute__' of attributeSetter object at 0x12406dc18>, gamma=None, kwargs=UNKNOWN, lms=UNKNOWN, monitor=<psychopy.monitors.calibTools.Monitor object at 0x126469c50>, multiSample=False, name='window1', numSamples=2, pos=[0.0, 0.0], screen=0, size=array([5120, 2880]), stereo=False, units='norm', useFBO=True, useRetina=True, viewOri=0.0, viewPos=None, viewScale=None, waitBlanking=True, winType='pyglet')
4.6963 	EXP 	window1: recordFrameIntervals = False
4.8612 	EXP 	window1: recordFrameIntervals = True
5.0446 	EXP 	window1: recordFrameIntervals = False
5.1072 	EXP 	Created welcome = TextStim(__class__=<class 'psychopy.visual.text.TextStim'>, alignHoriz='center', alignVert='center', antialias=True, autoLog=True, bold=False, color='white', colorSpace='named', contrast=1.0, depth=0.0, flipHoriz=False, flipVert=False, font='Arial', fontFiles=[], height=0.1, italic=False, languageStyle='LTR', name='welcome', opacity=1.0, ori=0, pos=array([0., 0.]), rgb=array([255., 255., 255.]), text='default text', units='norm', win=Window(...), wrapWidth=1)
5.1106 	EXP 	Created text_12 = TextStim(__class__=<class 'psychopy.visual.text.TextStim'>, alignHoriz='center', alignVert='center', antialias=True, autoLog=True, bold=False, color='white', colorSpace='named', contrast=1.0, depth=-2.0, flipHoriz=False, flipVert=False, font='Arial', fontFiles=[], height=0.1, italic=False, languageStyle='LTR', name='text_12', opacity=1.0, ori=0, pos=array([ 0. , -0.6]), rgb=array([255., 255., 255.]), text='default text', units='norm', win=Window(...), wrapWidth=1)
5.1122 	EXP 	Created image = ImageStim(__class__=<class 'psychopy.visual.image.ImageStim'>, autoLog=True, color=array([1., 1., 1.]), colorSpace='rgb', contrast=1.0, depth=0.0, flipHoriz=False, flipVert=False, image='sin', interpolate=True, mask=None, maskParams=None, name='image', opacity=1.0, ori=0.0, pos=array([0., 0.]), size=array([0.5, 0.5]), texRes=128, units='norm', win=Window(...))
5.1155 	EXP 	Created text_2 = TextStim(__class__=<class 'psychopy.visual.text.TextStim'>, alignHoriz='center', alignVert='center', antialias=True, autoLog=True, bold=False, color='white', colorSpace='named', contrast=1.0, depth=-2.0, flipHoriz=False, flipVert=False, font='Arial', fontFiles=[], height=0.1, italic=False, languageStyle='LTR', name='text_2', opacity=1.0, ori=0, pos=array([ 0. , -0.5]), rgb=array([255., 255., 255.]), text='default text', units='norm', win=Window(...), wrapWidth=1)
5.1188 	EXP 	Created welcome = TextStim(__class__=<class 'psychopy.visual.text.TextStim'>, alignHoriz='center', alignVert='center', antialias=True, autoLog=True, bold=False, color='white', colorSpace='named', contrast=1.0, depth=0.0, flipHoriz=False, flipVert=False, font='Arial', fontFiles=[], height=0.1, italic=False, languageStyle='LTR', name='welcome', opacity=1.0, ori=0, pos=array([0., 0.]), rgb=array([255., 255., 255.]), text='default text', units='norm', win=Window(...), wrapWidth=1)
5.1224 	EXP 	Created text_12 = TextStim(__class__=<class 'psychopy.visual.text.TextStim'>, alignHoriz='center', alignVert='center', antialias=True, autoLog=True, bold=False, color='white', colorSpace='named', contrast=1.0, depth=-2.0, flipHoriz=False, flipVert=False, font='Arial', fontFiles=[], height=0.1, italic=False, languageStyle='LTR', name='text_12', opacity=1.0, ori=0, pos=array([ 0. , -0.6]), rgb=array([255., 255., 255.]), text='default text', units='norm', win=Window(...), wrapWidth=1)
5.1258 	EXP 	Created text_8 = TextStim(__class__=<class 'psychopy.visual.text.TextStim'>, alignHoriz='center', alignVert='center', antialias=True, autoLog=True, bold=False, color='white', colorSpace='named', contrast=1.0, depth=0.0, flipHoriz=False, flipVert=False, font='Arial', fontFiles=[], height=0.1, italic=False, languageStyle='LTR', name='text_8', opacity=1.0, ori=0, pos=array([ 0. , -0.4]), rgb=array([255., 255., 255.]), text='default text', units='norm', win=Window(...), wrapWidth=1)
5.1291 	EXP 	Created text_9 = TextStim(__class__=<class 'psychopy.visual.text.TextStim'>, alignHoriz='center', alignVert='center', antialias=True, autoLog=True, bold=False, color='white', colorSpace='named', contrast=1.0, depth=-1.0, flipHoriz=False, flipVert=False, font='Arial', fontFiles=[], height=0.1, italic=False, languageStyle='LTR', name='text_9', opacity=1.0, ori=0, pos=array([-0.25,  0.25]), rgb=array([255., 255., 255.]), text='default text', units='norm', win=Window(...), wrapWidth=0.5)
5.1305 	EXP 	Created image_5 = ImageStim(__class__=<class 'psychopy.visual.image.ImageStim'>, autoLog=True, color=array([1., 1., 1.]), colorSpace='rgb', contrast=1.0, depth=-2.0, flipHoriz=False, flipVert=False, image='sin', interpolate=True, mask=None, maskParams=None, name='image_5', opacity=1.0, ori=0.0, pos=array([0.25, 0.25]), size=array([0.5, 0.5]), texRes=128, units='norm', win=Window(...))
5.1338 	EXP 	Created text_10 = TextStim(__class__=<class 'psychopy.visual.text.TextStim'>, alignHoriz='center', alignVert='center', antialias=True, autoLog=True, bold=False, color='white', colorSpace='named', contrast=1.0, depth=0.0, flipHoriz=False, flipVert=False, font='Arial', fontFiles=[], height=0.1, italic=False, languageStyle='LTR', name='text_10', opacity=1.0, ori=0, pos=array([ 0. , -0.4]), rgb=array([255., 255., 255.]), text='default text', units='norm', win=Window(...), wrapWidth=1)
5.1372 	EXP 	Created text_11 = TextStim(__class__=<class 'psychopy.visual.text.TextStim'>, alignHoriz='center', alignVert='center', antialias=True, autoLog=True, bold=False, color='white', colorSpace='named', contrast=1.0, depth=-1.0, flipHoriz=False, flipVert=False, font='Arial', fontFiles=[], height=0.1, italic=False, languageStyle='LTR', name='text_11', opacity=1.0, ori=0, pos=array([-0.25,  0.25]), rgb=array([255., 255., 255.]), text='default text', units='norm', win=Window(...), wrapWidth=0.5)
5.1386 	EXP 	Created image_6 = ImageStim(__class__=<class 'psychopy.visual.image.ImageStim'>, autoLog=True, color=array([1., 1., 1.]), colorSpace='rgb', contrast=1.0, depth=-2.0, flipHoriz=False, flipVert=False, image='sin', interpolate=True, mask=None, maskParams=None, name='image_6', opacity=1.0, ori=0.0, pos=array([0.25, 0.25]), size=array([0.5, 0.5]), texRes=128, units='norm', win=Window(...))
5.1420 	EXP 	Created text_13 = TextStim(__class__=<class 'psychopy.visual.text.TextStim'>, alignHoriz='center', alignVert='center', antialias=True, autoLog=True, bold=False, color='white', colorSpace='named', contrast=1.0, depth=0.0, flipHoriz=False, flipVert=False, font='Arial', fontFiles=[], height=0.1, italic=False, languageStyle='LTR', name='text_13', opacity=1.0, ori=0, pos=array([ 0. , -0.4]), rgb=array([255., 255., 255.]), text='default text', units='norm', win=Window(...), wrapWidth=1)
5.1453 	EXP 	Created text_14 = TextStim(__class__=<class 'psychopy.visual.text.TextStim'>, alignHoriz='center', alignVert='center', antialias=True, autoLog=True, bold=False, color='white', colorSpace='named', contrast=1.0, depth=-1.0, flipHoriz=False, flipVert=False, font='Arial', fontFiles=[], height=0.1, italic=False, languageStyle='LTR', name='text_14', opacity=1.0, ori=0, pos=array([-0.25,  0.25]), rgb=array([255., 255., 255.]), text='default text', units='norm', win=Window(...), wrapWidth=0.5)
5.1465 	EXP 	Created image_7 = ImageStim(__class__=<class 'psychopy.visual.image.ImageStim'>, autoLog=True, color=array([1., 1., 1.]), colorSpace='rgb', contrast=1.0, depth=-2.0, flipHoriz=False, flipVert=False, image='sin', interpolate=True, mask=None, maskParams=None, name='image_7', opacity=1.0, ori=0.0, pos=array([0.25, 0.25]), size=array([0.5, 0.5]), texRes=128, units='norm', win=Window(...))
5.1497 	EXP 	Created text_15 = TextStim(__class__=<class 'psychopy.visual.text.TextStim'>, alignHoriz='center', alignVert='center', antialias=True, autoLog=True, bold=False, color='white', colorSpace='named', contrast=1.0, depth=0.0, flipHoriz=False, flipVert=False, font='Arial', fontFiles=[], height=0.1, italic=False, languageStyle='LTR', name='text_15', opacity=1.0, ori=0, pos=array([ 0. , -0.4]), rgb=array([255., 255., 255.]), text='default text', units='norm', win=Window(...), wrapWidth=1)
5.1529 	EXP 	Created text_16 = TextStim(__class__=<class 'psychopy.visual.text.TextStim'>, alignHoriz='center', alignVert='center', antialias=True, autoLog=True, bold=False, color='white', colorSpace='named', contrast=1.0, depth=-1.0, flipHoriz=False, flipVert=False, font='Arial', fontFiles=[], height=0.1, italic=False, languageStyle='LTR', name='text_16', opacity=1.0, ori=0, pos=array([-0.25,  0.25]), rgb=array([255., 255., 255.]), text='default text', units='norm', win=Window(...), wrapWidth=0.5)
5.1541 	EXP 	Created image_8 = ImageStim(__class__=<class 'psychopy.visual.image.ImageStim'>, autoLog=True, color=array([1., 1., 1.]), colorSpace='rgb', contrast=1.0, depth=-2.0, flipHoriz=False, flipVert=False, image='sin', interpolate=True, mask=None, maskParams=None, name='image_8', opacity=1.0, ori=0.0, pos=array([0.25, 0.25]), size=array([0.5, 0.5]), texRes=128, units='norm', win=Window(...))
5.1588 	EXP 	Created question1_2 = TextStim(__class__=<class 'psychopy.visual.text.TextStim'>, alignHoriz='center', alignVert='center', antialias=True, autoLog=True, bold=False, color='white', colorSpace='named', contrast=1.0, depth=-1.0, flipHoriz=False, flipVert=False, font='Arial', fontFiles=[], height=0.1, italic=False, languageStyle='LTR', name='question1_2', opacity=1.0, ori=0, pos=array([0. , 0.6]), rgb=array([255., 255., 255.]), text='default text', units='norm', win=Window(...), wrapWidth=2)
5.1621 	EXP 	Created question2_2 = TextStim(__class__=<class 'psychopy.visual.text.TextStim'>, alignHoriz='center', alignVert='center', antialias=True, autoLog=True, bold=False, color='white', colorSpace='named', contrast=1.0, depth=-2.0, flipHoriz=False, flipVert=False, font='Arial', fontFiles=[], height=0.1, italic=False, languageStyle='LTR', name='question2_2', opacity=1.0, ori=0, pos=array([0.  , 0.35]), rgb=array([255., 255., 255.]), text='default text', units='norm', win=Window(...), wrapWidth=2)
5.1653 	EXP 	Created question3_2 = TextStim(__class__=<class 'psychopy.visual.text.TextStim'>, alignHoriz='center', alignVert='center', antialias=True, autoLog=True, bold=False, color='white', colorSpace='named', contrast=1.0, depth=-3.0, flipHoriz=False, flipVert=False, font='Arial', fontFiles=[], height=0.1, italic=False, languageStyle='LTR', name='question3_2', opacity=1.0, ori=0, pos=array([0.  , 0.12]), rgb=array([255., 255., 255.]), text='default text', units='norm', win=Window(...), wrapWidth=2)
5.1685 	EXP 	Created question4_2 = TextStim(__class__=<class 'psychopy.visual.text.TextStim'>, alignHoriz='center', alignVert='center', antialias=True, autoLog=True, bold=False, color='white', colorSpace='named', contrast=1.0, depth=-4.0, flipHoriz=False, flipVert=False, font='Arial', fontFiles=[], height=0.1, italic=False, languageStyle='LTR', name='question4_2', opacity=1.0, ori=0, pos=array([ 0.  , -0.12]), rgb=array([255., 255., 255.]), text='default text', units='norm', win=Window(...), wrapWidth=2)
5.1717 	EXP 	Created question5_2 = TextStim(__class__=<class 'psychopy.visual.text.TextStim'>, alignHoriz='center', alignVert='center', antialias=True, autoLog=True, bold=False, color='white', colorSpace='named', contrast=1.0, depth=-5.0, flipHoriz=False, flipVert=False, font='Arial', fontFiles=[], height=0.1, italic=False, languageStyle='LTR', name='question5_2', opacity=1.0, ori=0, pos=array([ 0.  , -0.35]), rgb=array([255., 255., 255.]), text='default text', units='norm', win=Window(...), wrapWidth=2)
5.1752 	EXP 	Created question6_2 = TextStim(__class__=<class 'psychopy.visual.text.TextStim'>, alignHoriz='center', alignVert='center', antialias=True, autoLog=True, bold=False, color='white', colorSpace='named', contrast=1.0, depth=-6.0, flipHoriz=False, flipVert=False, font='Arial', fontFiles=[], height=0.1, italic=False, languageStyle='LTR', name='question6_2', opacity=1.0, ori=0, pos=array([ 0. , -0.6]), rgb=array([255., 255., 255.]), text='default text', units='norm', win=Window(...), wrapWidth=2)
5.1821 	EXP 	Created text_3 = TextStim(__class__=<class 'psychopy.visual.text.TextStim'>, alignHoriz='center', alignVert='center', antialias=True, autoLog=True, bold=False, color='white', colorSpace='named', contrast=1.0, depth=0.0, flipHoriz=False, flipVert=False, font='Arial', fontFiles=[], height=0.1, italic=False, languageStyle='LTR', name='text_3', opacity=1.0, ori=0, pos=array([0., 0.]), rgb=array([255., 255., 255.]), text='Final Tests', units='norm', win=Window(...), wrapWidth=1)
5.1834 	EXP 	Created image_2 = ImageStim(__class__=<class 'psychopy.visual.image.ImageStim'>, autoLog=True, color=array([1., 1., 1.]), colorSpace='rgb', contrast=1.0, depth=0.0, flipHoriz=False, flipVert=False, image='sin', interpolate=True, mask=None, maskParams=None, name='image_2', opacity=1.0, ori=0.0, pos=array([0., 0.]), size=array([0.5, 0.5]), texRes=128, units='norm', win=Window(...))
5.1868 	EXP 	Created text_4 = TextStim(__class__=<class 'psychopy.visual.text.TextStim'>, alignHoriz='center', alignVert='center', antialias=True, autoLog=True, bold=False, color='white', colorSpace='named', contrast=1.0, depth=-2.0, flipHoriz=False, flipVert=False, font='Arial', fontFiles=[], height=0.1, italic=False, languageStyle='LTR', name='text_4', opacity=1.0, ori=0, pos=array([ 0. , -0.5]), rgb=array([255., 255., 255.]), text='default text', units='norm', win=Window(...), wrapWidth=1)
5.1903 	EXP 	Created question1 = TextStim(__class__=<class 'psychopy.visual.text.TextStim'>, alignHoriz='center', alignVert='center', antialias=True, autoLog=True, bold=False, color='white', colorSpace='named', contrast=1.0, depth=-1.0, flipHoriz=False, flipVert=False, font='Arial', fontFiles=[], height=0.1, italic=False, languageStyle='LTR', name='question1', opacity=1.0, ori=0, pos=array([0. , 0.6]), rgb=array([255., 255., 255.]), text='default text', units='norm', win=Window(...), wrapWidth=2)
5.1936 	EXP 	Created question2 = TextStim(__class__=<class 'psychopy.visual.text.TextStim'>, alignHoriz='center', alignVert='center', antialias=True, autoLog=True, bold=False, color='white', colorSpace='named', contrast=1.0, depth=-2.0, flipHoriz=False, flipVert=False, font='Arial', fontFiles=[], height=0.1, italic=False, languageStyle='LTR', name='question2', opacity=1.0, ori=0, pos=array([0.  , 0.35]), rgb=array([255., 255., 255.]), text='default text', units='norm', win=Window(...), wrapWidth=2)
5.1968 	EXP 	Created question3 = TextStim(__class__=<class 'psychopy.visual.text.TextStim'>, alignHoriz='center', alignVert='center', antialias=True, autoLog=True, bold=False, color='white', colorSpace='named', contrast=1.0, depth=-3.0, flipHoriz=False, flipVert=False, font='Arial', fontFiles=[], height=0.1, italic=False, languageStyle='LTR', name='question3', opacity=1.0, ori=0, pos=array([0.  , 0.12]), rgb=array([255., 255., 255.]), text='default text', units='norm', win=Window(...), wrapWidth=2)
5.2001 	EXP 	Created question4 = TextStim(__class__=<class 'psychopy.visual.text.TextStim'>, alignHoriz='center', alignVert='center', antialias=True, autoLog=True, bold=False, color='white', colorSpace='named', contrast=1.0, depth=-4.0, flipHoriz=False, flipVert=False, font='Arial', fontFiles=[], height=0.1, italic=False, languageStyle='LTR', name='question4', opacity=1.0, ori=0, pos=array([ 0.  , -0.12]), rgb=array([255., 255., 255.]), text='default text', units='norm', win=Window(...), wrapWidth=2)
5.2034 	EXP 	Created question5 = TextStim(__class__=<class 'psychopy.visual.text.TextStim'>, alignHoriz='center', alignVert='center', antialias=True, autoLog=True, bold=False, color='white', colorSpace='named', contrast=1.0, depth=-5.0, flipHoriz=False, flipVert=False, font='Arial', fontFiles=[], height=0.1, italic=False, languageStyle='LTR', name='question5', opacity=1.0, ori=0, pos=array([ 0.  , -0.35]), rgb=array([255., 255., 255.]), text='default text', units='norm', win=Window(...), wrapWidth=2)
5.2070 	EXP 	Created question6 = TextStim(__class__=<class 'psychopy.visual.text.TextStim'>, alignHoriz='center', alignVert='center', antialias=True, autoLog=True, bold=False, color='white', colorSpace='named', contrast=1.0, depth=-6.0, flipHoriz=False, flipVert=False, font='Arial', fontFiles=[], height=0.1, italic=False, languageStyle='LTR', name='question6', opacity=1.0, ori=0, pos=array([ 0. , -0.6]), rgb=array([255., 255., 255.]), text='default text', units='norm', win=Window(...), wrapWidth=2)
5.2130 	EXP 	Created text = TextStim(__class__=<class 'psychopy.visual.text.TextStim'>, alignHoriz='center', alignVert='center', antialias=True, autoLog=True, bold=False, color='white', colorSpace='named', contrast=1.0, depth=0.0, flipHoriz=False, flipVert=False, font='Arial', fontFiles=[], height=0.1, italic=False, languageStyle='LTR', name='text', opacity=1.0, ori=0, pos=array([0., 0.]), rgb=array([255., 255., 255.]), text='end of introduction', units='norm', win=Window(...), wrapWidth=1)
5.2200 	EXP 	Imported instructions.xlsx as conditions, 6 conditions, 2 params
5.2202 	EXP 	Created sequence: sequential, trialTypes=6, nReps=1, seed=None
5.2205 	EXP 	New trial (rep=0, index=0): OrderedDict([('instruct_text', 'Welcome to the Job Simulator Task!'), ('instruct_text2', '(press the space bar to continue)')])
5.2595 	EXP 	welcome: text = 'Welcome to the Job Simulator Task!'
5.2595 	EXP 	text_12: text = '(press the space bar to continue)'
5.2595 	EXP 	welcome: autoDraw = True
5.2595 	EXP 	text_12: autoDraw = True
5.4804 	DATA 	Keypress: space
5.4812 	EXP 	New trial (rep=0, index=1): OrderedDict([('instruct_text', 'In this task, you will read 16 stories. During each one you will simulate having one job.\n'), ('instruct_text2', None)])
5.5290 	EXP 	welcome: autoDraw = False
5.5290 	EXP 	text_12: autoDraw = False
5.5290 	EXP 	welcome: text = 'In this task, you will read 16 stories. During each one you will simulate having one job.\n'
5.5290 	EXP 	text_12: text = '(press the space bar to continue)'
5.5290 	EXP 	welcome: autoDraw = True
5.5290 	EXP 	text_12: autoDraw = True
5.6797 	DATA 	Keypress: space
5.6804 	EXP 	New trial (rep=0, index=2): OrderedDict([('instruct_text', 'This job will be assigned to you before each story. '), ('instruct_text2', None)])
5.7117 	EXP 	welcome: autoDraw = False
5.7117 	EXP 	text_12: autoDraw = False
5.7117 	EXP 	welcome: text = 'This job will be assigned to you before each story. '
5.7117 	EXP 	text_12: text = '(press the space bar to continue)'
5.7117 	EXP 	welcome: autoDraw = True
5.7117 	EXP 	text_12: autoDraw = True
5.7965 	DATA 	Keypress: space
5.7971 	EXP 	New trial (rep=0, index=3): OrderedDict([('instruct_text', 'While reading each story, you should imagine yourself as having that job. '), ('instruct_text2', None)])
5.8280 	EXP 	welcome: autoDraw = False
5.8280 	EXP 	text_12: autoDraw = False
5.8280 	EXP 	welcome: text = 'While reading each story, you should imagine yourself as having that job. '
5.8280 	EXP 	text_12: text = '(press the space bar to continue)'
5.8280 	EXP 	welcome: autoDraw = True
5.8280 	EXP 	text_12: autoDraw = True
7.6645 	DATA 	Keypress: space
7.6652 	EXP 	New trial (rep=0, index=4): OrderedDict([('instruct_text', 'There are 8 possible jobs you could be asked to simulate.'), ('instruct_text2', None)])
7.6967 	EXP 	welcome: autoDraw = False
7.6967 	EXP 	text_12: autoDraw = False
7.6967 	EXP 	welcome: text = 'There are 8 possible jobs you could be asked to simulate.'
7.6967 	EXP 	text_12: text = '(press the space bar to continue)'
7.6967 	EXP 	welcome: autoDraw = True
7.6967 	EXP 	text_12: autoDraw = True
7.8638 	DATA 	Keypress: space
7.8645 	EXP 	New trial (rep=0, index=5): OrderedDict([('instruct_text', 'These jobs are as follows:'), ('instruct_text2', None)])
7.8962 	EXP 	welcome: autoDraw = False
7.8962 	EXP 	text_12: autoDraw = False
7.8962 	EXP 	welcome: text = 'These jobs are as follows:'
7.8962 	EXP 	text_12: text = '(press the space bar to continue)'
7.8962 	EXP 	welcome: autoDraw = True
7.8962 	EXP 	text_12: autoDraw = True
8.0475 	DATA 	Keypress: space
8.0522 	EXP 	Imported jobsPics.xlsx as conditions, 8 conditions, 2 params
8.0525 	EXP 	Created sequence: random, trialTypes=8, nReps=1, seed=None
8.0527 	EXP 	New trial (rep=0, index=0): OrderedDict([('rolePic', 'gscem.jpg'), ('job', 'Grocery Store Customer Experience Manager\n')])
8.3765 	DATA 	Keypress: space
8.3971 	EXP 	welcome: autoDraw = False
8.3971 	EXP 	text_12: autoDraw = False
8.3971 	EXP 	image: image = 'gscem.jpg'
8.3971 	EXP 	text_2: text = 'Grocery Store Customer Experience Manager\n'
8.3971 	EXP 	image: autoDraw = True
8.3971 	EXP 	text_2: autoDraw = True
8.5474 	DATA 	Keypress: space
8.5482 	EXP 	New trial (rep=0, index=1): OrderedDict([('rolePic', 'matchmaker.jpg'), ('job', 'Matchmaker')])
8.6071 	EXP 	image: autoDraw = False
8.6071 	EXP 	text_2: autoDraw = False
8.6071 	EXP 	image: image = 'matchmaker.jpg'
8.6071 	EXP 	text_2: text = 'Matchmaker'
8.6071 	EXP 	image: autoDraw = True
8.6071 	EXP 	text_2: autoDraw = True
8.7975 	DATA 	Keypress: space
8.7981 	EXP 	New trial (rep=0, index=2): OrderedDict([('rolePic', 'dean.jpg'), ('job', 'Dean of Academic Studies')])
8.8301 	EXP 	image: autoDraw = False
8.8301 	EXP 	text_2: autoDraw = False
8.8301 	EXP 	image: image = 'dean.jpg'
8.8301 	EXP 	text_2: text = 'Dean of Academic Studies'
8.8301 	EXP 	image: autoDraw = True
8.8301 	EXP 	text_2: autoDraw = True
9.1495 	DATA 	Keypress: space
9.1644 	EXP 	New trial (rep=0, index=3): OrderedDict([('rolePic', 'couples.jpeg'), ('job', 'Couples Therapist\n')])
9.2137 	EXP 	image: autoDraw = False
9.2137 	EXP 	text_2: autoDraw = False
9.2137 	EXP 	image: image = 'couples.jpeg'
9.2137 	EXP 	text_2: text = 'Couples Therapist\n'
9.2137 	EXP 	image: autoDraw = True
9.2137 	EXP 	text_2: autoDraw = True
9.3817 	DATA 	Keypress: space
9.3824 	EXP 	New trial (rep=0, index=4): OrderedDict([('rolePic', 'acem.jpg'), ('job', 'Airport Customer Experience Manager')])
9.4131 	EXP 	image: autoDraw = False
9.4131 	EXP 	text_2: autoDraw = False
9.4131 	EXP 	image: image = 'acem.jpg'
9.4131 	EXP 	text_2: text = 'Airport Customer Experience Manager'
9.4131 	EXP 	image: autoDraw = True
9.4131 	EXP 	text_2: autoDraw = True
9.5480 	DATA 	Keypress: space
9.5486 	EXP 	New trial (rep=0, index=5): OrderedDict([('rolePic', 'weddingplanner.jpg'), ('job', 'Wedding Planner')])
9.8458 	DATA 	Keypress: space
9.8638 	EXP 	image: autoDraw = False
9.8638 	EXP 	text_2: autoDraw = False
9.8638 	EXP 	image: image = 'weddingplanner.jpg'
9.8638 	EXP 	text_2: text = 'Wedding Planner'
9.8638 	EXP 	image: autoDraw = True
9.8638 	EXP 	text_2: autoDraw = True
9.9143 	DATA 	Keypress: space
9.9150 	EXP 	New trial (rep=0, index=6): OrderedDict([('rolePic', 'restaurant_critic.jpg'), ('job', 'Restaurant Critic')])
9.9642 	EXP 	image: autoDraw = False
9.9642 	EXP 	text_2: autoDraw = False
9.9642 	EXP 	image: image = 'restaurant_critic.jpg'
9.9642 	EXP 	text_2: text = 'Restaurant Critic'
9.9642 	EXP 	image: autoDraw = True
9.9642 	EXP 	text_2: autoDraw = True
10.0978 	DATA 	Keypress: space
10.0984 	EXP 	New trial (rep=0, index=7): OrderedDict([('rolePic', 'business_reporter.jpg'), ('job', 'Business Reporter')])
10.1299 	EXP 	image: autoDraw = False
10.1299 	EXP 	text_2: autoDraw = False
10.1299 	EXP 	image: image = 'business_reporter.jpg'
10.1299 	EXP 	text_2: text = 'Business Reporter'
10.1299 	EXP 	image: autoDraw = True
10.1299 	EXP 	text_2: autoDraw = True
10.2821 	DATA 	Keypress: space
10.2873 	EXP 	Imported instructions2.xlsx as conditions, 7 conditions, 2 params
10.2875 	EXP 	Created sequence: sequential, trialTypes=7, nReps=1, seed=None
10.2877 	EXP 	New trial (rep=0, index=0): OrderedDict([('instruct_text', 'In addition, your task will be to answer job-related questions.\n'), ('instruct_text2', '(press the space bar to continue)')])
10.3129 	EXP 	image: autoDraw = False
10.3129 	EXP 	text_2: autoDraw = False
10.3129 	EXP 	welcome: text = 'In addition, your task will be to answer job-related questions.\n'
10.3129 	EXP 	text_12: text = '(press the space bar to continue)'
10.3129 	EXP 	welcome: autoDraw = True
10.3129 	EXP 	text_12: autoDraw = True
10.4650 	DATA 	Keypress: space
10.4658 	EXP 	New trial (rep=0, index=1): OrderedDict([('instruct_text', 'There are four question per job.'), ('instruct_text2', None)])
10.4967 	EXP 	welcome: autoDraw = False
10.4967 	EXP 	text_12: autoDraw = False
10.4967 	EXP 	welcome: text = 'There are four question per job.'
10.4967 	EXP 	text_12: text = '(press the space bar to continue)'
10.4967 	EXP 	welcome: autoDraw = True
10.4967 	EXP 	text_12: autoDraw = True
10.6813 	DATA 	Keypress: space
10.6820 	EXP 	New trial (rep=0, index=2): OrderedDict([('instruct_text', 'You will have to try to memorize these questions and then remember your answers to the questions.'), ('instruct_text2', None)])
10.7131 	EXP 	welcome: autoDraw = False
10.7131 	EXP 	text_12: autoDraw = False
10.7131 	EXP 	welcome: text = 'You will have to try to memorize these questions and then remember your answers to the questions.'
10.7131 	EXP 	text_12: text = '(press the space bar to continue)'
10.7131 	EXP 	welcome: autoDraw = True
10.7131 	EXP 	text_12: autoDraw = True
10.9980 	DATA 	Keypress: space
10.9987 	EXP 	New trial (rep=0, index=3): OrderedDict([('instruct_text', 'You will be asked about the answers to these questions at end of the experiment. '), ('instruct_text2', None)])
11.0299 	EXP 	welcome: autoDraw = False
11.0299 	EXP 	text_12: autoDraw = False
11.0299 	EXP 	welcome: text = 'You will be asked about the answers to these questions at end of the experiment. '
11.0299 	EXP 	text_12: text = '(press the space bar to continue)'
11.0299 	EXP 	welcome: autoDraw = True
11.0299 	EXP 	text_12: autoDraw = True
11.1985 	DATA 	Keypress: space
11.1992 	EXP 	New trial (rep=0, index=4): OrderedDict([('instruct_text', 'In order to help you memorize the questions, there will be a short quiz on them before the actual task begins.'), ('instruct_text2', None)])
11.2298 	EXP 	welcome: autoDraw = False
11.2298 	EXP 	text_12: autoDraw = False
11.2298 	EXP 	welcome: text = 'In order to help you memorize the questions, there will be a short quiz on them before the actual task begins.'
11.2298 	EXP 	text_12: text = '(press the space bar to continue)'
11.2298 	EXP 	welcome: autoDraw = True
11.2298 	EXP 	text_12: autoDraw = True
11.3987 	DATA 	Keypress: space
11.3994 	EXP 	New trial (rep=0, index=5): OrderedDict([('instruct_text', 'In addition, before each story, there will be a reminder of what these questions are.  '), ('instruct_text2', None)])
11.4295 	EXP 	welcome: autoDraw = False
11.4295 	EXP 	text_12: autoDraw = False
11.4295 	EXP 	welcome: text = 'In addition, before each story, there will be a reminder of what these questions are.  '
11.4295 	EXP 	text_12: text = '(press the space bar to continue)'
11.4295 	EXP 	welcome: autoDraw = True
11.4295 	EXP 	text_12: autoDraw = True
11.5821 	DATA 	Keypress: space
11.5828 	EXP 	New trial (rep=0, index=6): OrderedDict([('instruct_text', 'Press the space bar to begin learning the jobs and the questions for each one.'), ('instruct_text2', None)])
11.6132 	EXP 	welcome: autoDraw = False
11.6132 	EXP 	text_12: autoDraw = False
11.6132 	EXP 	welcome: text = 'Press the space bar to begin learning the jobs and the questions for each one.'
11.6132 	EXP 	text_12: text = '(press the space bar to continue)'
11.6132 	EXP 	welcome: autoDraw = True
11.6132 	EXP 	text_12: autoDraw = True
11.7650 	DATA 	Keypress: space
11.7723 	EXP 	Imported whichRole.xlsx as conditions, 8 conditions, 8 params
11.7725 	EXP 	Created sequence: random, trialTypes=8, nReps=1, seed=None
11.7728 	EXP 	New trial (rep=0, index=0): OrderedDict([('Q1', 'How does the person who proposed feel before proposing?\n'), ('Q2', 'What is the ring like?\n'), ('Q3', 'Does anyone besides the person proposing help with the proposal?\n'), ('Q4', 'Who witnessed the “yes”?\n'), ('D1', 'Is anyone taking pictures of the proposal?'), ('D2', 'How long does the proposal take?'), ('roleName', 'Wedding Planner'), ('rolePic', 'weddingplanner.jpg')])
11.7731 	EXP 	Created sequence: sequential, trialTypes=1, nReps=5, seed=None
11.7732 	EXP 	New trial (rep=0, index=0): None
12.0560 	DATA 	Keypress: space
12.0966 	EXP 	welcome: autoDraw = False
12.0966 	EXP 	text_12: autoDraw = False
12.0966 	EXP 	text_8: text = 'How does the person who proposed feel before proposing?\n'
12.0966 	EXP 	text_9: text = 'Wedding Planner'
12.0966 	EXP 	image_5: image = 'weddingplanner.jpg'
12.0966 	EXP 	text_8: autoDraw = True
12.0966 	EXP 	text_9: autoDraw = True
12.0966 	EXP 	image_5: autoDraw = True
12.5663 	DATA 	Keypress: space
12.8818 	EXP 	text_8: autoDraw = False
12.8818 	EXP 	text_9: autoDraw = False
12.8818 	EXP 	image_5: autoDraw = False
12.8818 	EXP 	text_10: text = 'What is the ring like?\n'
12.8818 	EXP 	text_11: text = 'Wedding Planner'
12.8818 	EXP 	image_6: image = 'weddingplanner.jpg'
12.8818 	EXP 	text_10: autoDraw = True
12.8818 	EXP 	text_11: autoDraw = True
12.8818 	EXP 	image_6: autoDraw = True
13.1990 	DATA 	Keypress: space
13.5148 	EXP 	text_10: autoDraw = False
13.5148 	EXP 	text_11: autoDraw = False
13.5148 	EXP 	image_6: autoDraw = False
13.5148 	EXP 	text_13: text = 'Does anyone besides the person proposing help with the proposal?\n'
13.5148 	EXP 	text_14: text = 'Wedding Planner'
13.5148 	EXP 	image_7: image = 'weddingplanner.jpg'
13.5148 	EXP 	text_13: autoDraw = True
13.5148 	EXP 	text_14: autoDraw = True
13.5148 	EXP 	image_7: autoDraw = True
14.0490 	DATA 	Keypress: space
14.3642 	EXP 	text_13: autoDraw = False
14.3642 	EXP 	text_14: autoDraw = False
14.3642 	EXP 	image_7: autoDraw = False
14.3642 	EXP 	text_15: text = 'Who witnessed the “yes”?\n'
14.3642 	EXP 	text_16: text = 'Wedding Planner'
14.3642 	EXP 	image_8: image = 'weddingplanner.jpg'
14.3642 	EXP 	text_15: autoDraw = True
14.3642 	EXP 	text_16: autoDraw = True
14.3642 	EXP 	image_8: autoDraw = True
14.7166 	DATA 	Keypress: space
14.7229 	EXP 	Created unnamed ImageStim = ImageStim(__class__=<class 'psychopy.visual.image.ImageStim'>, autoLog=True, color=array([1., 1., 1.]), colorSpace='rgb', contrast=1.0, depth=0, flipHoriz=False, flipVert=False, image='checkmark.png', interpolate=False, mask=None, maskParams=None, name='unnamed ImageStim', opacity=1.0, ori=0.0, pos=array([0., 0.]), size=array([0.2703125 , 0.47222222]), texRes=128, units='norm', win=Window(...))
14.8267 	EXP 	Created unnamed ImageStim = ImageStim(__class__=<class 'psychopy.visual.image.ImageStim'>, autoLog=True, color=array([1., 1., 1.]), colorSpace='rgb', contrast=1.0, depth=0, flipHoriz=False, flipVert=False, image='redx.png', interpolate=False, mask=None, maskParams=None, name='unnamed ImageStim', opacity=1.0, ori=0.0, pos=array([0., 0.]), size=array([1.5625    , 2.77777778]), texRes=128, units='norm', win=Window(...))
14.8378 	EXP 	Created unnamed ImageStim = ImageStim(__class__=<class 'psychopy.visual.image.ImageStim'>, autoLog=True, color=array([1., 1., 1.]), colorSpace='rgb', contrast=1.0, depth=0, flipHoriz=False, flipVert=False, image='thumbsup.png', interpolate=False, mask=None, maskParams=None, name='unnamed ImageStim', opacity=1.0, ori=0.0, pos=array([0., 0.]), size=array([0.375 , 0.7125]), texRes=128, units='norm', win=Window(...))
14.9147 	EXP 	text_15: autoDraw = False
14.9147 	EXP 	text_16: autoDraw = False
14.9147 	EXP 	image_8: autoDraw = False
14.9147 	EXP 	question1_2: text = '1: How does the person who proposed feel before proposing?\n'
14.9147 	EXP 	question2_2: text = '2: Is anyone taking pictures of the proposal?'
14.9147 	EXP 	question3_2: text = '3: How long does the proposal take?'
14.9147 	EXP 	question4_2: text = '4: Who witnessed the “yes”?\n'
14.9147 	EXP 	question5_2: text = '5: Does anyone besides the person proposing help with the proposal?\n'
14.9147 	EXP 	question6_2: text = '6: What is the ring like?\n'
14.9147 	EXP 	question1_2: autoDraw = True
14.9147 	EXP 	question2_2: autoDraw = True
14.9147 	EXP 	question3_2: autoDraw = True
14.9147 	EXP 	question4_2: autoDraw = True
14.9147 	EXP 	question5_2: autoDraw = True
14.9147 	EXP 	question6_2: autoDraw = True
16.5502 	DATA 	Keypress: 6
20.1439 	DATA 	Keypress: 5
22.1845 	EXP 	New trial (rep=1, index=0): None
22.4682 	EXP 	question1_2: autoDraw = False
22.4682 	EXP 	question2_2: autoDraw = False
22.4682 	EXP 	question3_2: autoDraw = False
22.4682 	EXP 	question4_2: autoDraw = False
22.4682 	EXP 	question5_2: autoDraw = False
22.4682 	EXP 	question6_2: autoDraw = False
22.4682 	EXP 	text_8: text = 'How does the person who proposed feel before proposing?\n'
22.4682 	EXP 	text_9: text = 'Wedding Planner'
22.4682 	EXP 	image_5: image = 'weddingplanner.jpg'
22.4682 	EXP 	text_8: autoDraw = True
22.4682 	EXP 	text_9: autoDraw = True
22.4682 	EXP 	image_5: autoDraw = True
23.0190 	DATA 	Keypress: escape
23.2928 	EXP 	window1: mouseVisible = True
