3.5560 	WARNING 	User requested fullscreen with size [1024  768], but screen is actually [2560, 1440]. Using actual size
4.2141 	EXP 	Created window1 = Window(allowGUI=False, allowStencil=False, args=UNKNOWN, autoLog=True, bitsMode=UNKNOWN, blendMode='avg', color=array([0., 0., 0.]), colorSpace='rgb', fullscr=<method-wrapper '__getattribute__' of attributeSetter object at 0x1245a8c88>, gamma=None, kwargs=UNKNOWN, lms=UNKNOWN, monitor=<psychopy.monitors.calibTools.Monitor object at 0x127b28da0>, multiSample=False, name='window1', numSamples=2, pos=[0.0, 0.0], screen=0, size=array([5120, 2880]), stereo=False, units='norm', useFBO=True, useRetina=True, viewOri=0.0, viewPos=None, viewScale=None, waitBlanking=True, winType='pyglet')
4.2141 	EXP 	window1: recordFrameIntervals = False
4.3823 	EXP 	window1: recordFrameIntervals = True
4.5657 	EXP 	window1: recordFrameIntervals = False
4.6310 	EXP 	Created welcome = TextStim(__class__=<class 'psychopy.visual.text.TextStim'>, alignHoriz='center', alignVert='center', antialias=True, autoLog=True, bold=False, color='white', colorSpace='named', contrast=1.0, depth=0.0, flipHoriz=False, flipVert=False, font='Arial', fontFiles=[], height=0.1, italic=False, languageStyle='LTR', name='welcome', opacity=1.0, ori=0, pos=array([0., 0.]), rgb=array([255., 255., 255.]), text='default text', units='norm', win=Window(...), wrapWidth=1)
4.6344 	EXP 	Created text_12 = TextStim(__class__=<class 'psychopy.visual.text.TextStim'>, alignHoriz='center', alignVert='center', antialias=True, autoLog=True, bold=False, color='white', colorSpace='named', contrast=1.0, depth=-2.0, flipHoriz=False, flipVert=False, font='Arial', fontFiles=[], height=0.1, italic=False, languageStyle='LTR', name='text_12', opacity=1.0, ori=0, pos=array([ 0. , -0.6]), rgb=array([255., 255., 255.]), text='default text', units='norm', win=Window(...), wrapWidth=1)
4.6379 	EXP 	Created text_8 = TextStim(__class__=<class 'psychopy.visual.text.TextStim'>, alignHoriz='center', alignVert='center', antialias=True, autoLog=True, bold=False, color='white', colorSpace='named', contrast=1.0, depth=0.0, flipHoriz=False, flipVert=False, font='Arial', fontFiles=[], height=0.1, italic=False, languageStyle='LTR', name='text_8', opacity=1.0, ori=0, pos=array([ 0. , -0.4]), rgb=array([255., 255., 255.]), text='default text', units='norm', win=Window(...), wrapWidth=1)
4.6415 	EXP 	Created text_9 = TextStim(__class__=<class 'psychopy.visual.text.TextStim'>, alignHoriz='center', alignVert='center', antialias=True, autoLog=True, bold=False, color='white', colorSpace='named', contrast=1.0, depth=-1.0, flipHoriz=False, flipVert=False, font='Arial', fontFiles=[], height=0.1, italic=False, languageStyle='LTR', name='text_9', opacity=1.0, ori=0, pos=array([-0.25,  0.25]), rgb=array([255., 255., 255.]), text='default text', units='norm', win=Window(...), wrapWidth=1)
4.6432 	EXP 	Created image_5 = ImageStim(__class__=<class 'psychopy.visual.image.ImageStim'>, autoLog=True, color=array([1., 1., 1.]), colorSpace='rgb', contrast=1.0, depth=-2.0, flipHoriz=False, flipVert=False, image='sin', interpolate=True, mask=None, maskParams=None, name='image_5', opacity=1.0, ori=0.0, pos=array([0.25, 0.25]), size=array([0.5, 0.5]), texRes=128, units='norm', win=Window(...))
4.6471 	EXP 	Created text_10 = TextStim(__class__=<class 'psychopy.visual.text.TextStim'>, alignHoriz='center', alignVert='center', antialias=True, autoLog=True, bold=False, color='white', colorSpace='named', contrast=1.0, depth=0.0, flipHoriz=False, flipVert=False, font='Arial', fontFiles=[], height=0.1, italic=False, languageStyle='LTR', name='text_10', opacity=1.0, ori=0, pos=array([ 0. , -0.4]), rgb=array([255., 255., 255.]), text='default text', units='norm', win=Window(...), wrapWidth=1)
4.6508 	EXP 	Created text_11 = TextStim(__class__=<class 'psychopy.visual.text.TextStim'>, alignHoriz='center', alignVert='center', antialias=True, autoLog=True, bold=False, color='white', colorSpace='named', contrast=1.0, depth=-1.0, flipHoriz=False, flipVert=False, font='Arial', fontFiles=[], height=0.1, italic=False, languageStyle='LTR', name='text_11', opacity=1.0, ori=0, pos=array([-0.25,  0.25]), rgb=array([255., 255., 255.]), text='default text', units='norm', win=Window(...), wrapWidth=1)
4.6521 	EXP 	Created image_6 = ImageStim(__class__=<class 'psychopy.visual.image.ImageStim'>, autoLog=True, color=array([1., 1., 1.]), colorSpace='rgb', contrast=1.0, depth=-2.0, flipHoriz=False, flipVert=False, image='sin', interpolate=True, mask=None, maskParams=None, name='image_6', opacity=1.0, ori=0.0, pos=array([0.25, 0.25]), size=array([0.5, 0.5]), texRes=128, units='norm', win=Window(...))
4.6554 	EXP 	Created text_13 = TextStim(__class__=<class 'psychopy.visual.text.TextStim'>, alignHoriz='center', alignVert='center', antialias=True, autoLog=True, bold=False, color='white', colorSpace='named', contrast=1.0, depth=0.0, flipHoriz=False, flipVert=False, font='Arial', fontFiles=[], height=0.1, italic=False, languageStyle='LTR', name='text_13', opacity=1.0, ori=0, pos=array([ 0. , -0.4]), rgb=array([255., 255., 255.]), text='default text', units='norm', win=Window(...), wrapWidth=1)
4.6588 	EXP 	Created text_14 = TextStim(__class__=<class 'psychopy.visual.text.TextStim'>, alignHoriz='center', alignVert='center', antialias=True, autoLog=True, bold=False, color='white', colorSpace='named', contrast=1.0, depth=-1.0, flipHoriz=False, flipVert=False, font='Arial', fontFiles=[], height=0.1, italic=False, languageStyle='LTR', name='text_14', opacity=1.0, ori=0, pos=array([-0.25,  0.25]), rgb=array([255., 255., 255.]), text='default text', units='norm', win=Window(...), wrapWidth=1)
4.6601 	EXP 	Created image_7 = ImageStim(__class__=<class 'psychopy.visual.image.ImageStim'>, autoLog=True, color=array([1., 1., 1.]), colorSpace='rgb', contrast=1.0, depth=-2.0, flipHoriz=False, flipVert=False, image='sin', interpolate=True, mask=None, maskParams=None, name='image_7', opacity=1.0, ori=0.0, pos=array([0.25, 0.25]), size=array([0.5, 0.5]), texRes=128, units='norm', win=Window(...))
4.6637 	EXP 	Created text_15 = TextStim(__class__=<class 'psychopy.visual.text.TextStim'>, alignHoriz='center', alignVert='center', antialias=True, autoLog=True, bold=False, color='white', colorSpace='named', contrast=1.0, depth=0.0, flipHoriz=False, flipVert=False, font='Arial', fontFiles=[], height=0.1, italic=False, languageStyle='LTR', name='text_15', opacity=1.0, ori=0, pos=array([ 0. , -0.4]), rgb=array([255., 255., 255.]), text='default text', units='norm', win=Window(...), wrapWidth=1)
4.6672 	EXP 	Created text_16 = TextStim(__class__=<class 'psychopy.visual.text.TextStim'>, alignHoriz='center', alignVert='center', antialias=True, autoLog=True, bold=False, color='white', colorSpace='named', contrast=1.0, depth=-1.0, flipHoriz=False, flipVert=False, font='Arial', fontFiles=[], height=0.1, italic=False, languageStyle='LTR', name='text_16', opacity=1.0, ori=0, pos=array([-0.25,  0.25]), rgb=array([255., 255., 255.]), text='default text', units='norm', win=Window(...), wrapWidth=1)
4.6685 	EXP 	Created image_8 = ImageStim(__class__=<class 'psychopy.visual.image.ImageStim'>, autoLog=True, color=array([1., 1., 1.]), colorSpace='rgb', contrast=1.0, depth=-2.0, flipHoriz=False, flipVert=False, image='sin', interpolate=True, mask=None, maskParams=None, name='image_8', opacity=1.0, ori=0.0, pos=array([0.25, 0.25]), size=array([0.5, 0.5]), texRes=128, units='norm', win=Window(...))
4.6727 	EXP 	Created text = TextStim(__class__=<class 'psychopy.visual.text.TextStim'>, alignHoriz='center', alignVert='center', antialias=True, autoLog=True, bold=False, color='white', colorSpace='named', contrast=1.0, depth=-1.0, flipHoriz=False, flipVert=False, font='Arial', fontFiles=[], height=0.1, italic=False, languageStyle='LTR', name='text', opacity=1.0, ori=0, pos=array([0., 0.]), rgb=array([255., 255., 255.]), text='sup', units='norm', win=Window(...), wrapWidth=1)
4.6730 	WARNING 	Requested image 'couples.jpg' not found but similar filename 'couples.jpeg' exists. This will be used instead but changing the filename is advised.
4.7311 	EXP 	Created image = ImageStim(__class__=<class 'psychopy.visual.image.ImageStim'>, autoLog=True, color=array([1., 1., 1.]), colorSpace='rgb', contrast=1.0, depth=0.0, flipHoriz=False, flipVert=False, image='couples.jpg', interpolate=True, mask=None, maskParams=None, name='image', opacity=1.0, ori=0.0, pos=array([0., 0.]), size=array([0.5, 0.5]), texRes=128, units='norm', win=Window(...))
4.7388 	EXP 	Imported instructions.xlsx as conditions, 12 conditions, 2 params
4.7390 	EXP 	Created sequence: sequential, trialTypes=12, nReps=1, seed=None
4.7392 	EXP 	New trial (rep=0, index=0): OrderedDict([('instruct_text', 'Welcome to the Job Simulator Task!'), ('instruct_text2', '(press the space bar to continue)')])
4.7823 	EXP 	welcome: text = 'Welcome to the Job Simulator Task!'
4.7823 	EXP 	text_12: text = '(press the space bar to continue)'
4.7823 	EXP 	welcome: autoDraw = True
4.7823 	EXP 	text_12: autoDraw = True
5.0336 	DATA 	Keypress: space
5.0344 	EXP 	New trial (rep=0, index=1): OrderedDict([('instruct_text', 'In this task, you will read 16 stories. During each one you will simulate having one job.\n'), ('instruct_text2', None)])
5.0824 	EXP 	welcome: autoDraw = False
5.0824 	EXP 	text_12: autoDraw = False
5.0824 	EXP 	welcome: text = 'In this task, you will read 16 stories. During each one you will simulate having one job.\n'
5.0824 	EXP 	text_12: text = '(press the space bar to continue)'
5.0824 	EXP 	welcome: autoDraw = True
5.0824 	EXP 	text_12: autoDraw = True
5.2172 	DATA 	Keypress: space
5.2179 	EXP 	New trial (rep=0, index=2): OrderedDict([('instruct_text', 'This job will be assigned to you before each story. '), ('instruct_text2', None)])
5.2487 	EXP 	welcome: autoDraw = False
5.2487 	EXP 	text_12: autoDraw = False
5.2487 	EXP 	welcome: text = 'This job will be assigned to you before each story. '
5.2487 	EXP 	text_12: text = '(press the space bar to continue)'
5.2487 	EXP 	welcome: autoDraw = True
5.2487 	EXP 	text_12: autoDraw = True
5.4177 	DATA 	Keypress: space
5.4333 	EXP 	New trial (rep=0, index=3): OrderedDict([('instruct_text', 'While reading each story, you should imagine yourself as having that job. '), ('instruct_text2', None)])
5.4658 	EXP 	welcome: autoDraw = False
5.4658 	EXP 	text_12: autoDraw = False
5.4658 	EXP 	welcome: text = 'While reading each story, you should imagine yourself as having that job. '
5.4658 	EXP 	text_12: text = '(press the space bar to continue)'
5.4658 	EXP 	welcome: autoDraw = True
5.4658 	EXP 	text_12: autoDraw = True
6.3514 	DATA 	Keypress: space
6.3659 	EXP 	New trial (rep=0, index=4): OrderedDict([('instruct_text', 'There are 8 possible jobs you could be asked to simulate.'), ('instruct_text2', None)])
6.3993 	EXP 	welcome: autoDraw = False
6.3993 	EXP 	text_12: autoDraw = False
6.3993 	EXP 	welcome: text = 'There are 8 possible jobs you could be asked to simulate.'
6.3993 	EXP 	text_12: text = '(press the space bar to continue)'
6.3993 	EXP 	welcome: autoDraw = True
6.3993 	EXP 	text_12: autoDraw = True
6.5166 	DATA 	Keypress: space
6.5173 	EXP 	New trial (rep=0, index=5): OrderedDict([('instruct_text', 'In addition, your task will be to answer job-related questions.\n'), ('instruct_text2', None)])
6.5486 	EXP 	welcome: autoDraw = False
6.5486 	EXP 	text_12: autoDraw = False
6.5486 	EXP 	welcome: text = 'In addition, your task will be to answer job-related questions.\n'
6.5486 	EXP 	text_12: text = '(press the space bar to continue)'
6.5486 	EXP 	welcome: autoDraw = True
6.5486 	EXP 	text_12: autoDraw = True
6.6671 	DATA 	Keypress: space
6.6678 	EXP 	New trial (rep=0, index=6): OrderedDict([('instruct_text', 'There are four question per job.'), ('instruct_text2', None)])
6.6986 	EXP 	welcome: autoDraw = False
6.6986 	EXP 	text_12: autoDraw = False
6.6986 	EXP 	welcome: text = 'There are four question per job.'
6.6986 	EXP 	text_12: text = '(press the space bar to continue)'
6.6986 	EXP 	welcome: autoDraw = True
6.6986 	EXP 	text_12: autoDraw = True
6.8331 	DATA 	Keypress: space
6.8338 	EXP 	New trial (rep=0, index=7): OrderedDict([('instruct_text', 'You will have to try to memorize these questions and then remember your answers to the questions.'), ('instruct_text2', None)])
6.8656 	EXP 	welcome: autoDraw = False
6.8656 	EXP 	text_12: autoDraw = False
6.8656 	EXP 	welcome: text = 'You will have to try to memorize these questions and then remember your answers to the questions.'
6.8656 	EXP 	text_12: text = '(press the space bar to continue)'
6.8656 	EXP 	welcome: autoDraw = True
6.8656 	EXP 	text_12: autoDraw = True
7.0000 	DATA 	Keypress: space
7.0007 	EXP 	New trial (rep=0, index=8): OrderedDict([('instruct_text', 'You will asked about the answers to these questions at end of the experiment. '), ('instruct_text2', None)])
7.0319 	EXP 	welcome: autoDraw = False
7.0319 	EXP 	text_12: autoDraw = False
7.0319 	EXP 	welcome: text = 'You will asked about the answers to these questions at end of the experiment. '
7.0319 	EXP 	text_12: text = '(press the space bar to continue)'
7.0319 	EXP 	welcome: autoDraw = True
7.0319 	EXP 	text_12: autoDraw = True
7.4000 	DATA 	Keypress: space
7.4007 	EXP 	New trial (rep=0, index=9): OrderedDict([('instruct_text', 'In order to help you memorize the questions, there will be a short quiz on them before the actual task begins.'), ('instruct_text2', None)])
7.4327 	EXP 	welcome: autoDraw = False
7.4327 	EXP 	text_12: autoDraw = False
7.4327 	EXP 	welcome: text = 'In order to help you memorize the questions, there will be a short quiz on them before the actual task begins.'
7.4327 	EXP 	text_12: text = '(press the space bar to continue)'
7.4327 	EXP 	welcome: autoDraw = True
7.4327 	EXP 	text_12: autoDraw = True
7.5671 	DATA 	Keypress: space
7.5679 	EXP 	New trial (rep=0, index=10): OrderedDict([('instruct_text', 'In addition, before each story, there will be a reminder of what these questions are.  '), ('instruct_text2', None)])
7.5989 	EXP 	welcome: autoDraw = False
7.5989 	EXP 	text_12: autoDraw = False
7.5989 	EXP 	welcome: text = 'In addition, before each story, there will be a reminder of what these questions are.  '
7.5989 	EXP 	text_12: text = '(press the space bar to continue)'
7.5989 	EXP 	welcome: autoDraw = True
7.5989 	EXP 	text_12: autoDraw = True
7.8836 	DATA 	Keypress: space
7.8843 	EXP 	New trial (rep=0, index=11): OrderedDict([('instruct_text', 'Press the space bar to begin learning the jobs and the questions for each one.'), ('instruct_text2', None)])
7.9152 	EXP 	welcome: autoDraw = False
7.9152 	EXP 	text_12: autoDraw = False
7.9152 	EXP 	welcome: text = 'Press the space bar to begin learning the jobs and the questions for each one.'
7.9152 	EXP 	text_12: text = '(press the space bar to continue)'
7.9152 	EXP 	welcome: autoDraw = True
7.9152 	EXP 	text_12: autoDraw = True
8.0339 	DATA 	Keypress: space
8.0402 	EXP 	Imported whichRole.xlsx as conditions, 2 conditions, 8 params
8.0404 	EXP 	Created sequence: sequential, trialTypes=2, nReps=5, seed=None
8.0407 	EXP 	New trial (rep=0, index=0): OrderedDict([('Q1', 'What industry are the business people in?'), ('Q2', 'What is being negotiated and how much money is at stake?'), ('Q3', 'What is the response to the proposed deal?'), ('Q4', 'What comes about from the business proposal?'), ('D1', 'Is the deal fair?'), ('D2', 'How long does it take to make the deal?'), ('roleName', 'Business Reporter'), ('rolePic', 'business_reporter.jpg')])
8.0962 	EXP 	welcome: autoDraw = False
8.0962 	EXP 	text_12: autoDraw = False
8.0962 	EXP 	text_8: text = 'What industry are the business people in?'
8.0962 	EXP 	text_9: text = 'Business Reporter'
8.0962 	EXP 	image_5: image = 'business_reporter.jpg'
8.0962 	EXP 	text_8: autoDraw = True
8.0962 	EXP 	text_9: autoDraw = True
8.0962 	EXP 	image_5: autoDraw = True
8.7173 	DATA 	Keypress: space
8.7656 	EXP 	text_8: autoDraw = False
8.7656 	EXP 	text_9: autoDraw = False
8.7656 	EXP 	image_5: autoDraw = False
8.7656 	EXP 	text_10: text = 'What is being negotiated and how much money is at stake?'
8.7656 	EXP 	text_11: text = 'Business Reporter'
8.7656 	EXP 	image_6: image = 'business_reporter.jpg'
8.7656 	EXP 	text_10: autoDraw = True
8.7656 	EXP 	text_11: autoDraw = True
8.7656 	EXP 	image_6: autoDraw = True
9.0003 	DATA 	Keypress: space
9.0497 	EXP 	text_10: autoDraw = False
9.0497 	EXP 	text_11: autoDraw = False
9.0497 	EXP 	image_6: autoDraw = False
9.0497 	EXP 	text_13: text = 'What is the response to the proposed deal?'
9.0497 	EXP 	text_14: text = 'Business Reporter'
9.0497 	EXP 	image_7: image = 'business_reporter.jpg'
9.0497 	EXP 	text_13: autoDraw = True
9.0497 	EXP 	text_14: autoDraw = True
9.0497 	EXP 	image_7: autoDraw = True
9.5344 	DATA 	Keypress: space
9.5842 	EXP 	text_13: autoDraw = False
9.5842 	EXP 	text_14: autoDraw = False
9.5842 	EXP 	image_7: autoDraw = False
9.5842 	EXP 	text_15: text = 'What comes about from the business proposal?'
9.5842 	EXP 	text_16: text = 'Business Reporter'
9.5842 	EXP 	image_8: image = 'business_reporter.jpg'
9.5842 	EXP 	text_15: autoDraw = True
9.5842 	EXP 	text_16: autoDraw = True
9.5842 	EXP 	image_8: autoDraw = True
10.0536 	DATA 	Keypress: space
10.0779 	EXP 	Created unnamed TextStim = TextStim(__class__=<class 'psychopy.visual.text.TextStim'>, alignHoriz='center', alignVert='center', antialias=True, autoLog=True, bold=False, color=array([1., 1., 1.]), colorSpace='rgb', contrast=1.0, depth=0, flipHoriz=False, flipVert=False, font='', fontFiles=[], height=0.1, italic=False, languageStyle='LTR', name='unnamed TextStim', opacity=1.0, ori=0.0, pos=array([0., 0.]), rgb=array([1., 1., 1.]), text='What industry are the business people in?', units='norm', win=Window(...), wrapWidth=1)
10.0831 	EXP 	Created unnamed ImageStim = ImageStim(__class__=<class 'psychopy.visual.image.ImageStim'>, autoLog=True, color=array([1., 1., 1.]), colorSpace='rgb', contrast=1.0, depth=0, flipHoriz=False, flipVert=False, image='checkmark.png', interpolate=False, mask=None, maskParams=None, name='unnamed ImageStim', opacity=1.0, ori=0.0, pos=array([0., 0.]), size=array([0.2703125 , 0.47222222]), texRes=128, units='norm', win=Window(...))
10.1001 	EXP 	text_15: autoDraw = False
10.1001 	EXP 	text_16: autoDraw = False
10.1001 	EXP 	image_8: autoDraw = False
10.1001 	EXP 	text: autoDraw = True
12.9849 	DATA 	Keypress: 1
18.7039 	DATA 	Keypress: 1
20.3709 	DATA 	Keypress: 1
21.5053 	DATA 	Keypress: 1
22.4716 	DATA 	Keypress: 1
23.5886 	DATA 	Keypress: 1
24.1040 	DATA 	Keypress: space
24.5064 	DATA 	Keypress: escape
24.7777 	EXP 	window1: mouseVisible = True
