3.5044 	WARNING 	User requested fullscreen with size [1024  768], but screen is actually [2560, 1440]. Using actual size
4.1538 	EXP 	Created window1 = Window(allowGUI=False, allowStencil=False, args=UNKNOWN, autoLog=True, bitsMode=UNKNOWN, blendMode='avg', color=array([0., 0., 0.]), colorSpace='rgb', fullscr=<method-wrapper '__getattribute__' of attributeSetter object at 0x12685dc88>, gamma=None, kwargs=UNKNOWN, lms=UNKNOWN, monitor=<psychopy.monitors.calibTools.Monitor object at 0x126071cc0>, multiSample=False, name='window1', numSamples=2, pos=[0.0, 0.0], screen=0, size=array([5120, 2880]), stereo=False, units='norm', useFBO=True, useRetina=True, viewOri=0.0, viewPos=None, viewScale=None, waitBlanking=True, winType='pyglet')
4.1538 	EXP 	window1: recordFrameIntervals = False
4.3201 	EXP 	window1: recordFrameIntervals = True
4.5039 	EXP 	window1: recordFrameIntervals = False
4.5669 	EXP 	Created welcome = TextStim(__class__=<class 'psychopy.visual.text.TextStim'>, alignHoriz='center', alignVert='center', antialias=True, autoLog=True, bold=False, color='white', colorSpace='named', contrast=1.0, depth=0.0, flipHoriz=False, flipVert=False, font='Arial', fontFiles=[], height=0.1, italic=False, languageStyle='LTR', name='welcome', opacity=1.0, ori=0, pos=array([0., 0.]), rgb=array([255., 255., 255.]), text='default text', units='norm', win=Window(...), wrapWidth=1)
4.5703 	EXP 	Created text_12 = TextStim(__class__=<class 'psychopy.visual.text.TextStim'>, alignHoriz='center', alignVert='center', antialias=True, autoLog=True, bold=False, color='white', colorSpace='named', contrast=1.0, depth=-2.0, flipHoriz=False, flipVert=False, font='Arial', fontFiles=[], height=0.1, italic=False, languageStyle='LTR', name='text_12', opacity=1.0, ori=0, pos=array([ 0. , -0.6]), rgb=array([255., 255., 255.]), text='default text', units='norm', win=Window(...), wrapWidth=1)
4.5719 	EXP 	Created image = ImageStim(__class__=<class 'psychopy.visual.image.ImageStim'>, autoLog=True, color=array([1., 1., 1.]), colorSpace='rgb', contrast=1.0, depth=0.0, flipHoriz=False, flipVert=False, image='sin', interpolate=True, mask=None, maskParams=None, name='image', opacity=1.0, ori=0.0, pos=array([0., 0.]), size=array([0.5, 0.5]), texRes=128, units='norm', win=Window(...))
4.5753 	EXP 	Created text_2 = TextStim(__class__=<class 'psychopy.visual.text.TextStim'>, alignHoriz='center', alignVert='center', antialias=True, autoLog=True, bold=False, color='white', colorSpace='named', contrast=1.0, depth=-2.0, flipHoriz=False, flipVert=False, font='Arial', fontFiles=[], height=0.1, italic=False, languageStyle='LTR', name='text_2', opacity=1.0, ori=0, pos=array([ 0. , -0.5]), rgb=array([255., 255., 255.]), text='default text', units='norm', win=Window(...), wrapWidth=1)
4.5787 	EXP 	Created welcome = TextStim(__class__=<class 'psychopy.visual.text.TextStim'>, alignHoriz='center', alignVert='center', antialias=True, autoLog=True, bold=False, color='white', colorSpace='named', contrast=1.0, depth=0.0, flipHoriz=False, flipVert=False, font='Arial', fontFiles=[], height=0.1, italic=False, languageStyle='LTR', name='welcome', opacity=1.0, ori=0, pos=array([0., 0.]), rgb=array([255., 255., 255.]), text='default text', units='norm', win=Window(...), wrapWidth=1)
4.5822 	EXP 	Created text_12 = TextStim(__class__=<class 'psychopy.visual.text.TextStim'>, alignHoriz='center', alignVert='center', antialias=True, autoLog=True, bold=False, color='white', colorSpace='named', contrast=1.0, depth=-2.0, flipHoriz=False, flipVert=False, font='Arial', fontFiles=[], height=0.1, italic=False, languageStyle='LTR', name='text_12', opacity=1.0, ori=0, pos=array([ 0. , -0.6]), rgb=array([255., 255., 255.]), text='default text', units='norm', win=Window(...), wrapWidth=1)
4.5858 	EXP 	Created text_8 = TextStim(__class__=<class 'psychopy.visual.text.TextStim'>, alignHoriz='center', alignVert='center', antialias=True, autoLog=True, bold=False, color='white', colorSpace='named', contrast=1.0, depth=0.0, flipHoriz=False, flipVert=False, font='Arial', fontFiles=[], height=0.1, italic=False, languageStyle='LTR', name='text_8', opacity=1.0, ori=0, pos=array([ 0. , -0.4]), rgb=array([255., 255., 255.]), text='default text', units='norm', win=Window(...), wrapWidth=1)
4.5893 	EXP 	Created text_9 = TextStim(__class__=<class 'psychopy.visual.text.TextStim'>, alignHoriz='center', alignVert='center', antialias=True, autoLog=True, bold=False, color='white', colorSpace='named', contrast=1.0, depth=-1.0, flipHoriz=False, flipVert=False, font='Arial', fontFiles=[], height=0.1, italic=False, languageStyle='LTR', name='text_9', opacity=1.0, ori=0, pos=array([-0.25,  0.25]), rgb=array([255., 255., 255.]), text='default text', units='norm', win=Window(...), wrapWidth=0.5)
4.5907 	EXP 	Created image_5 = ImageStim(__class__=<class 'psychopy.visual.image.ImageStim'>, autoLog=True, color=array([1., 1., 1.]), colorSpace='rgb', contrast=1.0, depth=-2.0, flipHoriz=False, flipVert=False, image='sin', interpolate=True, mask=None, maskParams=None, name='image_5', opacity=1.0, ori=0.0, pos=array([0.25, 0.25]), size=array([0.5, 0.5]), texRes=128, units='norm', win=Window(...))
4.5941 	EXP 	Created text_10 = TextStim(__class__=<class 'psychopy.visual.text.TextStim'>, alignHoriz='center', alignVert='center', antialias=True, autoLog=True, bold=False, color='white', colorSpace='named', contrast=1.0, depth=0.0, flipHoriz=False, flipVert=False, font='Arial', fontFiles=[], height=0.1, italic=False, languageStyle='LTR', name='text_10', opacity=1.0, ori=0, pos=array([ 0. , -0.4]), rgb=array([255., 255., 255.]), text='default text', units='norm', win=Window(...), wrapWidth=1)
4.5975 	EXP 	Created text_11 = TextStim(__class__=<class 'psychopy.visual.text.TextStim'>, alignHoriz='center', alignVert='center', antialias=True, autoLog=True, bold=False, color='white', colorSpace='named', contrast=1.0, depth=-1.0, flipHoriz=False, flipVert=False, font='Arial', fontFiles=[], height=0.1, italic=False, languageStyle='LTR', name='text_11', opacity=1.0, ori=0, pos=array([-0.25,  0.25]), rgb=array([255., 255., 255.]), text='default text', units='norm', win=Window(...), wrapWidth=0.5)
4.5988 	EXP 	Created image_6 = ImageStim(__class__=<class 'psychopy.visual.image.ImageStim'>, autoLog=True, color=array([1., 1., 1.]), colorSpace='rgb', contrast=1.0, depth=-2.0, flipHoriz=False, flipVert=False, image='sin', interpolate=True, mask=None, maskParams=None, name='image_6', opacity=1.0, ori=0.0, pos=array([0.25, 0.25]), size=array([0.5, 0.5]), texRes=128, units='norm', win=Window(...))
4.6024 	EXP 	Created text_13 = TextStim(__class__=<class 'psychopy.visual.text.TextStim'>, alignHoriz='center', alignVert='center', antialias=True, autoLog=True, bold=False, color='white', colorSpace='named', contrast=1.0, depth=0.0, flipHoriz=False, flipVert=False, font='Arial', fontFiles=[], height=0.1, italic=False, languageStyle='LTR', name='text_13', opacity=1.0, ori=0, pos=array([ 0. , -0.4]), rgb=array([255., 255., 255.]), text='default text', units='norm', win=Window(...), wrapWidth=1)
4.6059 	EXP 	Created text_14 = TextStim(__class__=<class 'psychopy.visual.text.TextStim'>, alignHoriz='center', alignVert='center', antialias=True, autoLog=True, bold=False, color='white', colorSpace='named', contrast=1.0, depth=-1.0, flipHoriz=False, flipVert=False, font='Arial', fontFiles=[], height=0.1, italic=False, languageStyle='LTR', name='text_14', opacity=1.0, ori=0, pos=array([-0.25,  0.25]), rgb=array([255., 255., 255.]), text='default text', units='norm', win=Window(...), wrapWidth=0.5)
4.6072 	EXP 	Created image_7 = ImageStim(__class__=<class 'psychopy.visual.image.ImageStim'>, autoLog=True, color=array([1., 1., 1.]), colorSpace='rgb', contrast=1.0, depth=-2.0, flipHoriz=False, flipVert=False, image='sin', interpolate=True, mask=None, maskParams=None, name='image_7', opacity=1.0, ori=0.0, pos=array([0.25, 0.25]), size=array([0.5, 0.5]), texRes=128, units='norm', win=Window(...))
4.6105 	EXP 	Created text_15 = TextStim(__class__=<class 'psychopy.visual.text.TextStim'>, alignHoriz='center', alignVert='center', antialias=True, autoLog=True, bold=False, color='white', colorSpace='named', contrast=1.0, depth=0.0, flipHoriz=False, flipVert=False, font='Arial', fontFiles=[], height=0.1, italic=False, languageStyle='LTR', name='text_15', opacity=1.0, ori=0, pos=array([ 0. , -0.4]), rgb=array([255., 255., 255.]), text='default text', units='norm', win=Window(...), wrapWidth=1)
4.6138 	EXP 	Created text_16 = TextStim(__class__=<class 'psychopy.visual.text.TextStim'>, alignHoriz='center', alignVert='center', antialias=True, autoLog=True, bold=False, color='white', colorSpace='named', contrast=1.0, depth=-1.0, flipHoriz=False, flipVert=False, font='Arial', fontFiles=[], height=0.1, italic=False, languageStyle='LTR', name='text_16', opacity=1.0, ori=0, pos=array([-0.25,  0.25]), rgb=array([255., 255., 255.]), text='default text', units='norm', win=Window(...), wrapWidth=0.5)
4.6151 	EXP 	Created image_8 = ImageStim(__class__=<class 'psychopy.visual.image.ImageStim'>, autoLog=True, color=array([1., 1., 1.]), colorSpace='rgb', contrast=1.0, depth=-2.0, flipHoriz=False, flipVert=False, image='sin', interpolate=True, mask=None, maskParams=None, name='image_8', opacity=1.0, ori=0.0, pos=array([0.25, 0.25]), size=array([0.5, 0.5]), texRes=128, units='norm', win=Window(...))
4.6203 	EXP 	Created question1_2 = TextStim(__class__=<class 'psychopy.visual.text.TextStim'>, alignHoriz='center', alignVert='center', antialias=True, autoLog=True, bold=False, color='white', colorSpace='named', contrast=1.0, depth=-1.0, flipHoriz=False, flipVert=False, font='Arial', fontFiles=[], height=0.1, italic=False, languageStyle='LTR', name='question1_2', opacity=1.0, ori=0, pos=array([0. , 0.6]), rgb=array([255., 255., 255.]), text='default text', units='norm', win=Window(...), wrapWidth=2)
4.6238 	EXP 	Created question2_2 = TextStim(__class__=<class 'psychopy.visual.text.TextStim'>, alignHoriz='center', alignVert='center', antialias=True, autoLog=True, bold=False, color='white', colorSpace='named', contrast=1.0, depth=-2.0, flipHoriz=False, flipVert=False, font='Arial', fontFiles=[], height=0.1, italic=False, languageStyle='LTR', name='question2_2', opacity=1.0, ori=0, pos=array([0.  , 0.35]), rgb=array([255., 255., 255.]), text='default text', units='norm', win=Window(...), wrapWidth=2)
4.6272 	EXP 	Created question3_2 = TextStim(__class__=<class 'psychopy.visual.text.TextStim'>, alignHoriz='center', alignVert='center', antialias=True, autoLog=True, bold=False, color='white', colorSpace='named', contrast=1.0, depth=-3.0, flipHoriz=False, flipVert=False, font='Arial', fontFiles=[], height=0.1, italic=False, languageStyle='LTR', name='question3_2', opacity=1.0, ori=0, pos=array([0.  , 0.12]), rgb=array([255., 255., 255.]), text='default text', units='norm', win=Window(...), wrapWidth=2)
4.6306 	EXP 	Created question4_2 = TextStim(__class__=<class 'psychopy.visual.text.TextStim'>, alignHoriz='center', alignVert='center', antialias=True, autoLog=True, bold=False, color='white', colorSpace='named', contrast=1.0, depth=-4.0, flipHoriz=False, flipVert=False, font='Arial', fontFiles=[], height=0.1, italic=False, languageStyle='LTR', name='question4_2', opacity=1.0, ori=0, pos=array([ 0.  , -0.12]), rgb=array([255., 255., 255.]), text='default text', units='norm', win=Window(...), wrapWidth=2)
4.6340 	EXP 	Created question5_2 = TextStim(__class__=<class 'psychopy.visual.text.TextStim'>, alignHoriz='center', alignVert='center', antialias=True, autoLog=True, bold=False, color='white', colorSpace='named', contrast=1.0, depth=-5.0, flipHoriz=False, flipVert=False, font='Arial', fontFiles=[], height=0.1, italic=False, languageStyle='LTR', name='question5_2', opacity=1.0, ori=0, pos=array([ 0.  , -0.35]), rgb=array([255., 255., 255.]), text='default text', units='norm', win=Window(...), wrapWidth=2)
4.6376 	EXP 	Created question6_2 = TextStim(__class__=<class 'psychopy.visual.text.TextStim'>, alignHoriz='center', alignVert='center', antialias=True, autoLog=True, bold=False, color='white', colorSpace='named', contrast=1.0, depth=-6.0, flipHoriz=False, flipVert=False, font='Arial', fontFiles=[], height=0.1, italic=False, languageStyle='LTR', name='question6_2', opacity=1.0, ori=0, pos=array([ 0. , -0.6]), rgb=array([255., 255., 255.]), text='default text', units='norm', win=Window(...), wrapWidth=2)
4.6443 	EXP 	Created text_3 = TextStim(__class__=<class 'psychopy.visual.text.TextStim'>, alignHoriz='center', alignVert='center', antialias=True, autoLog=True, bold=False, color='white', colorSpace='named', contrast=1.0, depth=0.0, flipHoriz=False, flipVert=False, font='Arial', fontFiles=[], height=0.1, italic=False, languageStyle='LTR', name='text_3', opacity=1.0, ori=0, pos=array([0., 0.]), rgb=array([255., 255., 255.]), text='Final Tests', units='norm', win=Window(...), wrapWidth=1)
4.6457 	EXP 	Created image_2 = ImageStim(__class__=<class 'psychopy.visual.image.ImageStim'>, autoLog=True, color=array([1., 1., 1.]), colorSpace='rgb', contrast=1.0, depth=0.0, flipHoriz=False, flipVert=False, image='sin', interpolate=True, mask=None, maskParams=None, name='image_2', opacity=1.0, ori=0.0, pos=array([0., 0.]), size=array([0.5, 0.5]), texRes=128, units='norm', win=Window(...))
4.6490 	EXP 	Created text_4 = TextStim(__class__=<class 'psychopy.visual.text.TextStim'>, alignHoriz='center', alignVert='center', antialias=True, autoLog=True, bold=False, color='white', colorSpace='named', contrast=1.0, depth=-2.0, flipHoriz=False, flipVert=False, font='Arial', fontFiles=[], height=0.1, italic=False, languageStyle='LTR', name='text_4', opacity=1.0, ori=0, pos=array([ 0. , -0.5]), rgb=array([255., 255., 255.]), text='default text', units='norm', win=Window(...), wrapWidth=1)
4.6527 	EXP 	Created question1 = TextStim(__class__=<class 'psychopy.visual.text.TextStim'>, alignHoriz='center', alignVert='center', antialias=True, autoLog=True, bold=False, color='white', colorSpace='named', contrast=1.0, depth=-1.0, flipHoriz=False, flipVert=False, font='Arial', fontFiles=[], height=0.1, italic=False, languageStyle='LTR', name='question1', opacity=1.0, ori=0, pos=array([0. , 0.6]), rgb=array([255., 255., 255.]), text='default text', units='norm', win=Window(...), wrapWidth=2)
4.6559 	EXP 	Created question2 = TextStim(__class__=<class 'psychopy.visual.text.TextStim'>, alignHoriz='center', alignVert='center', antialias=True, autoLog=True, bold=False, color='white', colorSpace='named', contrast=1.0, depth=-2.0, flipHoriz=False, flipVert=False, font='Arial', fontFiles=[], height=0.1, italic=False, languageStyle='LTR', name='question2', opacity=1.0, ori=0, pos=array([0.  , 0.35]), rgb=array([255., 255., 255.]), text='default text', units='norm', win=Window(...), wrapWidth=2)
4.6592 	EXP 	Created question3 = TextStim(__class__=<class 'psychopy.visual.text.TextStim'>, alignHoriz='center', alignVert='center', antialias=True, autoLog=True, bold=False, color='white', colorSpace='named', contrast=1.0, depth=-3.0, flipHoriz=False, flipVert=False, font='Arial', fontFiles=[], height=0.1, italic=False, languageStyle='LTR', name='question3', opacity=1.0, ori=0, pos=array([0.  , 0.12]), rgb=array([255., 255., 255.]), text='default text', units='norm', win=Window(...), wrapWidth=2)
4.6624 	EXP 	Created question4 = TextStim(__class__=<class 'psychopy.visual.text.TextStim'>, alignHoriz='center', alignVert='center', antialias=True, autoLog=True, bold=False, color='white', colorSpace='named', contrast=1.0, depth=-4.0, flipHoriz=False, flipVert=False, font='Arial', fontFiles=[], height=0.1, italic=False, languageStyle='LTR', name='question4', opacity=1.0, ori=0, pos=array([ 0.  , -0.12]), rgb=array([255., 255., 255.]), text='default text', units='norm', win=Window(...), wrapWidth=2)
4.6656 	EXP 	Created question5 = TextStim(__class__=<class 'psychopy.visual.text.TextStim'>, alignHoriz='center', alignVert='center', antialias=True, autoLog=True, bold=False, color='white', colorSpace='named', contrast=1.0, depth=-5.0, flipHoriz=False, flipVert=False, font='Arial', fontFiles=[], height=0.1, italic=False, languageStyle='LTR', name='question5', opacity=1.0, ori=0, pos=array([ 0.  , -0.35]), rgb=array([255., 255., 255.]), text='default text', units='norm', win=Window(...), wrapWidth=2)
4.6691 	EXP 	Created question6 = TextStim(__class__=<class 'psychopy.visual.text.TextStim'>, alignHoriz='center', alignVert='center', antialias=True, autoLog=True, bold=False, color='white', colorSpace='named', contrast=1.0, depth=-6.0, flipHoriz=False, flipVert=False, font='Arial', fontFiles=[], height=0.1, italic=False, languageStyle='LTR', name='question6', opacity=1.0, ori=0, pos=array([ 0. , -0.6]), rgb=array([255., 255., 255.]), text='default text', units='norm', win=Window(...), wrapWidth=2)
4.6752 	EXP 	Created text = TextStim(__class__=<class 'psychopy.visual.text.TextStim'>, alignHoriz='center', alignVert='center', antialias=True, autoLog=True, bold=False, color='white', colorSpace='named', contrast=1.0, depth=0.0, flipHoriz=False, flipVert=False, font='Arial', fontFiles=[], height=0.1, italic=False, languageStyle='LTR', name='text', opacity=1.0, ori=0, pos=array([0., 0.]), rgb=array([255., 255., 255.]), text='end of introduction', units='norm', win=Window(...), wrapWidth=1)
4.6824 	EXP 	Imported instructions.xlsx as conditions, 6 conditions, 2 params
4.6826 	EXP 	Created sequence: sequential, trialTypes=6, nReps=1, seed=None
4.6828 	EXP 	New trial (rep=0, index=0): OrderedDict([('instruct_text', 'Welcome to the Job Simulator Task!'), ('instruct_text2', '(press the space bar to continue)')])
4.7200 	EXP 	welcome: text = 'Welcome to the Job Simulator Task!'
4.7200 	EXP 	text_12: text = '(press the space bar to continue)'
4.7200 	EXP 	welcome: autoDraw = True
4.7200 	EXP 	text_12: autoDraw = True
5.1059 	DATA 	Keypress: space
5.1067 	EXP 	New trial (rep=0, index=1): OrderedDict([('instruct_text', 'In this task, you will read 16 stories. During each one you will simulate having one job.\n'), ('instruct_text2', None)])
5.1534 	EXP 	welcome: autoDraw = False
5.1534 	EXP 	text_12: autoDraw = False
5.1534 	EXP 	welcome: text = 'In this task, you will read 16 stories. During each one you will simulate having one job.\n'
5.1534 	EXP 	text_12: text = '(press the space bar to continue)'
5.1534 	EXP 	welcome: autoDraw = True
5.1534 	EXP 	text_12: autoDraw = True
5.2891 	DATA 	Keypress: space
5.2898 	EXP 	New trial (rep=0, index=2): OrderedDict([('instruct_text', 'This job will be assigned to you before each story. '), ('instruct_text2', None)])
5.3208 	EXP 	welcome: autoDraw = False
5.3208 	EXP 	text_12: autoDraw = False
5.3208 	EXP 	welcome: text = 'This job will be assigned to you before each story. '
5.3208 	EXP 	text_12: text = '(press the space bar to continue)'
5.3208 	EXP 	welcome: autoDraw = True
5.3208 	EXP 	text_12: autoDraw = True
5.4555 	DATA 	Keypress: space
5.4562 	EXP 	New trial (rep=0, index=3): OrderedDict([('instruct_text', 'While reading each story, you should imagine yourself as having that job. '), ('instruct_text2', None)])
5.4882 	EXP 	welcome: autoDraw = False
5.4882 	EXP 	text_12: autoDraw = False
5.4882 	EXP 	welcome: text = 'While reading each story, you should imagine yourself as having that job. '
5.4882 	EXP 	text_12: text = '(press the space bar to continue)'
5.4882 	EXP 	welcome: autoDraw = True
5.4882 	EXP 	text_12: autoDraw = True
5.6396 	DATA 	Keypress: space
5.6402 	EXP 	New trial (rep=0, index=4): OrderedDict([('instruct_text', 'There are 8 possible jobs you could be asked to simulate.'), ('instruct_text2', None)])
5.6707 	EXP 	welcome: autoDraw = False
5.6707 	EXP 	text_12: autoDraw = False
5.6707 	EXP 	welcome: text = 'There are 8 possible jobs you could be asked to simulate.'
5.6707 	EXP 	text_12: text = '(press the space bar to continue)'
5.6707 	EXP 	welcome: autoDraw = True
5.6707 	EXP 	text_12: autoDraw = True
5.8065 	DATA 	Keypress: space
5.8072 	EXP 	New trial (rep=0, index=5): OrderedDict([('instruct_text', 'These jobs are as follows:'), ('instruct_text2', None)])
5.8388 	EXP 	welcome: autoDraw = False
5.8388 	EXP 	text_12: autoDraw = False
5.8388 	EXP 	welcome: text = 'These jobs are as follows:'
5.8388 	EXP 	text_12: text = '(press the space bar to continue)'
5.8388 	EXP 	welcome: autoDraw = True
5.8388 	EXP 	text_12: autoDraw = True
5.9557 	DATA 	Keypress: space
5.9606 	EXP 	Imported jobsPics.xlsx as conditions, 8 conditions, 2 params
5.9608 	EXP 	Created sequence: random, trialTypes=8, nReps=1, seed=None
5.9610 	EXP 	New trial (rep=0, index=0): OrderedDict([('rolePic', 'matchmaker.jpg'), ('job', 'Matchmaker')])
6.0384 	EXP 	welcome: autoDraw = False
6.0384 	EXP 	text_12: autoDraw = False
6.0384 	EXP 	image: image = 'matchmaker.jpg'
6.0384 	EXP 	text_2: text = 'Matchmaker'
6.0384 	EXP 	image: autoDraw = True
6.0384 	EXP 	text_2: autoDraw = True
6.1399 	DATA 	Keypress: space
6.1407 	EXP 	New trial (rep=0, index=1): OrderedDict([('rolePic', 'restaurant_critic.jpg'), ('job', 'Restaurant Critic')])
6.1716 	EXP 	image: autoDraw = False
6.1716 	EXP 	text_2: autoDraw = False
6.1716 	EXP 	image: image = 'restaurant_critic.jpg'
6.1716 	EXP 	text_2: text = 'Restaurant Critic'
6.1716 	EXP 	image: autoDraw = True
6.1716 	EXP 	text_2: autoDraw = True
6.5235 	DATA 	Keypress: space
6.5242 	EXP 	New trial (rep=0, index=2): OrderedDict([('rolePic', 'acem.jpg'), ('job', 'Airport Customer Experience Manager')])
6.5719 	EXP 	image: autoDraw = False
6.5719 	EXP 	text_2: autoDraw = False
6.5719 	EXP 	image: image = 'acem.jpg'
6.5719 	EXP 	text_2: text = 'Airport Customer Experience Manager'
6.5719 	EXP 	image: autoDraw = True
6.5719 	EXP 	text_2: autoDraw = True
6.6902 	DATA 	Keypress: space
6.6909 	EXP 	New trial (rep=0, index=3): OrderedDict([('rolePic', 'business_reporter.jpg'), ('job', 'Business Reporter')])
6.7216 	EXP 	image: autoDraw = False
6.7216 	EXP 	text_2: autoDraw = False
6.7216 	EXP 	image: image = 'business_reporter.jpg'
6.7216 	EXP 	text_2: text = 'Business Reporter'
6.7216 	EXP 	image: autoDraw = True
6.7216 	EXP 	text_2: autoDraw = True
6.8735 	DATA 	Keypress: space
6.8742 	EXP 	New trial (rep=0, index=4): OrderedDict([('rolePic', 'weddingplanner.jpg'), ('job', 'Wedding Planner')])
7.1993 	DATA 	Keypress: space
7.2209 	EXP 	image: autoDraw = False
7.2209 	EXP 	text_2: autoDraw = False
7.2209 	EXP 	image: image = 'weddingplanner.jpg'
7.2209 	EXP 	text_2: text = 'Wedding Planner'
7.2209 	EXP 	image: autoDraw = True
7.2209 	EXP 	text_2: autoDraw = True
7.2896 	DATA 	Keypress: space
7.2903 	EXP 	New trial (rep=0, index=5): OrderedDict([('rolePic', 'couples.jpeg'), ('job', 'Couples Therapist\n')])
7.3547 	EXP 	image: autoDraw = False
7.3547 	EXP 	text_2: autoDraw = False
7.3547 	EXP 	image: image = 'couples.jpeg'
7.3547 	EXP 	text_2: text = 'Couples Therapist\n'
7.3547 	EXP 	image: autoDraw = True
7.3547 	EXP 	text_2: autoDraw = True
7.5224 	DATA 	Keypress: space
7.5231 	EXP 	New trial (rep=0, index=6): OrderedDict([('rolePic', 'gscem.jpg'), ('job', 'Grocery Store Customer Experience Manager\n')])
7.7635 	DATA 	Keypress: space
7.7884 	EXP 	image: autoDraw = False
7.7884 	EXP 	text_2: autoDraw = False
7.7884 	EXP 	image: image = 'gscem.jpg'
7.7884 	EXP 	text_2: text = 'Grocery Store Customer Experience Manager\n'
7.7884 	EXP 	image: autoDraw = True
7.7884 	EXP 	text_2: autoDraw = True
8.0899 	DATA 	Keypress: space
8.0906 	EXP 	New trial (rep=0, index=7): OrderedDict([('rolePic', 'dean.jpg'), ('job', 'Dean of Academic Studies')])
8.1388 	EXP 	image: autoDraw = False
8.1388 	EXP 	text_2: autoDraw = False
8.1388 	EXP 	image: image = 'dean.jpg'
8.1388 	EXP 	text_2: text = 'Dean of Academic Studies'
8.1388 	EXP 	image: autoDraw = True
8.1388 	EXP 	text_2: autoDraw = True
8.4395 	DATA 	Keypress: space
8.4448 	EXP 	Imported instructions2.xlsx as conditions, 7 conditions, 2 params
8.4450 	EXP 	Created sequence: sequential, trialTypes=7, nReps=1, seed=None
8.4453 	EXP 	New trial (rep=0, index=0): OrderedDict([('instruct_text', 'In addition, your task will be to answer job-related questions.\n'), ('instruct_text2', '(press the space bar to continue)')])
8.4714 	EXP 	image: autoDraw = False
8.4714 	EXP 	text_2: autoDraw = False
8.4714 	EXP 	welcome: text = 'In addition, your task will be to answer job-related questions.\n'
8.4714 	EXP 	text_12: text = '(press the space bar to continue)'
8.4714 	EXP 	welcome: autoDraw = True
8.4714 	EXP 	text_12: autoDraw = True
8.7732 	DATA 	Keypress: space
8.7740 	EXP 	New trial (rep=0, index=1): OrderedDict([('instruct_text', 'There are four question per job.'), ('instruct_text2', None)])
8.8050 	EXP 	welcome: autoDraw = False
8.8050 	EXP 	text_12: autoDraw = False
8.8050 	EXP 	welcome: text = 'There are four question per job.'
8.8050 	EXP 	text_12: text = '(press the space bar to continue)'
8.8050 	EXP 	welcome: autoDraw = True
8.8050 	EXP 	text_12: autoDraw = True
9.1565 	DATA 	Keypress: space
9.1724 	EXP 	New trial (rep=0, index=2): OrderedDict([('instruct_text', 'You will have to try to memorize these questions and then remember your answers to the questions.'), ('instruct_text2', None)])
9.2055 	EXP 	welcome: autoDraw = False
9.2055 	EXP 	text_12: autoDraw = False
9.2055 	EXP 	welcome: text = 'You will have to try to memorize these questions and then remember your answers to the questions.'
9.2055 	EXP 	text_12: text = '(press the space bar to continue)'
9.2055 	EXP 	welcome: autoDraw = True
9.2055 	EXP 	text_12: autoDraw = True
9.5397 	DATA 	Keypress: space
9.5403 	EXP 	New trial (rep=0, index=3): OrderedDict([('instruct_text', 'You will be asked about the answers to these questions at end of the experiment. '), ('instruct_text2', None)])
9.5718 	EXP 	welcome: autoDraw = False
9.5718 	EXP 	text_12: autoDraw = False
9.5718 	EXP 	welcome: text = 'You will be asked about the answers to these questions at end of the experiment. '
9.5718 	EXP 	text_12: text = '(press the space bar to continue)'
9.5718 	EXP 	welcome: autoDraw = True
9.5718 	EXP 	text_12: autoDraw = True
9.9065 	DATA 	Keypress: space
9.9072 	EXP 	New trial (rep=0, index=4): OrderedDict([('instruct_text', 'In order to help you memorize the questions, there will be a short quiz on them before the actual task begins.'), ('instruct_text2', None)])
9.9383 	EXP 	welcome: autoDraw = False
9.9383 	EXP 	text_12: autoDraw = False
9.9383 	EXP 	welcome: text = 'In order to help you memorize the questions, there will be a short quiz on them before the actual task begins.'
9.9383 	EXP 	text_12: text = '(press the space bar to continue)'
9.9383 	EXP 	welcome: autoDraw = True
9.9383 	EXP 	text_12: autoDraw = True
10.3071 	DATA 	Keypress: space
10.3078 	EXP 	New trial (rep=0, index=5): OrderedDict([('instruct_text', 'In addition, before each story, there will be a reminder of what these questions are.  '), ('instruct_text2', None)])
10.3398 	EXP 	welcome: autoDraw = False
10.3398 	EXP 	text_12: autoDraw = False
10.3398 	EXP 	welcome: text = 'In addition, before each story, there will be a reminder of what these questions are.  '
10.3398 	EXP 	text_12: text = '(press the space bar to continue)'
10.3398 	EXP 	welcome: autoDraw = True
10.3398 	EXP 	text_12: autoDraw = True
10.7095 	DATA 	Keypress: space
10.7240 	EXP 	New trial (rep=0, index=6): OrderedDict([('instruct_text', 'Press the space bar to begin learning the jobs and the questions for each one.'), ('instruct_text2', None)])
10.7557 	EXP 	welcome: autoDraw = False
10.7557 	EXP 	text_12: autoDraw = False
10.7557 	EXP 	welcome: text = 'Press the space bar to begin learning the jobs and the questions for each one.'
10.7557 	EXP 	text_12: text = '(press the space bar to continue)'
10.7557 	EXP 	welcome: autoDraw = True
10.7557 	EXP 	text_12: autoDraw = True
11.0580 	DATA 	Keypress: space
11.0653 	EXP 	Imported whichRole.xlsx as conditions, 8 conditions, 8 params
11.0656 	EXP 	Created sequence: random, trialTypes=8, nReps=1, seed=None
11.0659 	EXP 	New trial (rep=0, index=0): OrderedDict([('Q1', 'What is the lecture hall like?\n'), ('Q2', 'What class are the students \xa0in and what is the day’s lecture about?\n'), ('Q3', 'What is something taught in lecture?\n'), ('Q4', 'When is the next assessment in the class?'), ('D1', 'Are the students paying attention?'), ('D2', 'Are the desks comfortable?'), ('roleName', 'Dean of Academic Studies'), ('rolePic', 'dean.jpg')])
11.0661 	EXP 	Created sequence: sequential, trialTypes=1, nReps=5, seed=None
11.0663 	EXP 	New trial (rep=0, index=0): None
11.1165 	EXP 	welcome: autoDraw = False
11.1165 	EXP 	text_12: autoDraw = False
11.1165 	EXP 	text_8: text = 'What is the lecture hall like?\n'
11.1165 	EXP 	text_9: text = 'Dean of Academic Studies'
11.1165 	EXP 	image_5: image = 'dean.jpg'
11.1165 	EXP 	text_8: autoDraw = True
11.1165 	EXP 	text_9: autoDraw = True
11.1165 	EXP 	image_5: autoDraw = True
11.8573 	DATA 	Keypress: space
11.9071 	EXP 	text_8: autoDraw = False
11.9071 	EXP 	text_9: autoDraw = False
11.9071 	EXP 	image_5: autoDraw = False
11.9071 	EXP 	text_10: text = 'What class are the students \xa0in and what is the day’s lecture about?\n'
11.9071 	EXP 	text_11: text = 'Dean of Academic Studies'
11.9071 	EXP 	image_6: image = 'dean.jpg'
11.9071 	EXP 	text_10: autoDraw = True
11.9071 	EXP 	text_11: autoDraw = True
11.9071 	EXP 	image_6: autoDraw = True
12.6906 	DATA 	Keypress: space
12.7405 	EXP 	text_10: autoDraw = False
12.7405 	EXP 	text_11: autoDraw = False
12.7405 	EXP 	image_6: autoDraw = False
12.7405 	EXP 	text_13: text = 'What is something taught in lecture?\n'
12.7405 	EXP 	text_14: text = 'Dean of Academic Studies'
12.7405 	EXP 	image_7: image = 'dean.jpg'
12.7405 	EXP 	text_13: autoDraw = True
12.7405 	EXP 	text_14: autoDraw = True
12.7405 	EXP 	image_7: autoDraw = True
12.7745 	DATA 	Keypress: space
12.8230 	EXP 	text_13: autoDraw = False
12.8230 	EXP 	text_14: autoDraw = False
12.8230 	EXP 	image_7: autoDraw = False
12.8230 	EXP 	text_15: text = 'When is the next assessment in the class?'
12.8230 	EXP 	text_16: text = 'Dean of Academic Studies'
12.8230 	EXP 	image_8: image = 'dean.jpg'
12.8230 	EXP 	text_15: autoDraw = True
12.8230 	EXP 	text_16: autoDraw = True
12.8230 	EXP 	image_8: autoDraw = True
13.7590 	DATA 	Keypress: space
13.7791 	EXP 	Created unnamed ImageStim = ImageStim(__class__=<class 'psychopy.visual.image.ImageStim'>, autoLog=True, color=array([1., 1., 1.]), colorSpace='rgb', contrast=1.0, depth=0, flipHoriz=False, flipVert=False, image='checkmark.png', interpolate=False, mask=None, maskParams=None, name='unnamed ImageStim', opacity=1.0, ori=0.0, pos=array([0., 0.]), size=array([0.2703125 , 0.47222222]), texRes=128, units='norm', win=Window(...))
13.8903 	EXP 	Created unnamed ImageStim = ImageStim(__class__=<class 'psychopy.visual.image.ImageStim'>, autoLog=True, color=array([1., 1., 1.]), colorSpace='rgb', contrast=1.0, depth=0, flipHoriz=False, flipVert=False, image='redx.png', interpolate=False, mask=None, maskParams=None, name='unnamed ImageStim', opacity=1.0, ori=0.0, pos=array([0., 0.]), size=array([1.5625    , 2.77777778]), texRes=128, units='norm', win=Window(...))
13.9031 	EXP 	Created unnamed ImageStim = ImageStim(__class__=<class 'psychopy.visual.image.ImageStim'>, autoLog=True, color=array([1., 1., 1.]), colorSpace='rgb', contrast=1.0, depth=0, flipHoriz=False, flipVert=False, image='thumbsup.png', interpolate=False, mask=None, maskParams=None, name='unnamed ImageStim', opacity=1.0, ori=0.0, pos=array([0., 0.]), size=array([0.375 , 0.7125]), texRes=128, units='norm', win=Window(...))
13.9738 	EXP 	text_15: autoDraw = False
13.9738 	EXP 	text_16: autoDraw = False
13.9738 	EXP 	image_8: autoDraw = False
13.9738 	EXP 	question1_2: text = '1: Are the students paying attention?'
13.9738 	EXP 	question2_2: text = '2: Are the desks comfortable?'
13.9738 	EXP 	question3_2: text = '3: When is the next assessment in the class?'
13.9738 	EXP 	question4_2: text = '4: What is something taught in lecture?\n'
13.9738 	EXP 	question5_2: text = '5: What class are the students \xa0in and what is the day’s lecture about?\n'
13.9738 	EXP 	question6_2: text = '6: What is the lecture hall like?\n'
13.9738 	EXP 	question1_2: autoDraw = True
13.9738 	EXP 	question2_2: autoDraw = True
13.9738 	EXP 	question3_2: autoDraw = True
13.9738 	EXP 	question4_2: autoDraw = True
13.9738 	EXP 	question5_2: autoDraw = True
13.9738 	EXP 	question6_2: autoDraw = True
18.1092 	DATA 	Keypress: 3
20.1266 	EXP 	New trial (rep=1, index=0): None
20.1582 	EXP 	question1_2: autoDraw = False
20.1582 	EXP 	question2_2: autoDraw = False
20.1582 	EXP 	question3_2: autoDraw = False
20.1582 	EXP 	question4_2: autoDraw = False
20.1582 	EXP 	question5_2: autoDraw = False
20.1582 	EXP 	question6_2: autoDraw = False
20.1582 	EXP 	text_8: text = 'What is the lecture hall like?\n'
20.1582 	EXP 	text_9: text = 'Dean of Academic Studies'
20.1582 	EXP 	image_5: image = 'dean.jpg'
20.1582 	EXP 	text_8: autoDraw = True
20.1582 	EXP 	text_9: autoDraw = True
20.1582 	EXP 	image_5: autoDraw = True
20.6935 	DATA 	Keypress: space
20.7257 	EXP 	text_8: autoDraw = False
20.7257 	EXP 	text_9: autoDraw = False
20.7257 	EXP 	image_5: autoDraw = False
20.7257 	EXP 	text_10: text = 'What class are the students \xa0in and what is the day’s lecture about?\n'
20.7257 	EXP 	text_11: text = 'Dean of Academic Studies'
20.7257 	EXP 	image_6: image = 'dean.jpg'
20.7257 	EXP 	text_10: autoDraw = True
20.7257 	EXP 	text_11: autoDraw = True
20.7257 	EXP 	image_6: autoDraw = True
21.3112 	DATA 	Keypress: space
21.3435 	EXP 	text_10: autoDraw = False
21.3435 	EXP 	text_11: autoDraw = False
21.3435 	EXP 	image_6: autoDraw = False
21.3435 	EXP 	text_13: text = 'What is something taught in lecture?\n'
21.3435 	EXP 	text_14: text = 'Dean of Academic Studies'
21.3435 	EXP 	image_7: image = 'dean.jpg'
21.3435 	EXP 	text_13: autoDraw = True
21.3435 	EXP 	text_14: autoDraw = True
21.3435 	EXP 	image_7: autoDraw = True
22.0271 	DATA 	Keypress: space
22.0590 	EXP 	text_13: autoDraw = False
22.0590 	EXP 	text_14: autoDraw = False
22.0590 	EXP 	image_7: autoDraw = False
22.0590 	EXP 	text_15: text = 'When is the next assessment in the class?'
22.0590 	EXP 	text_16: text = 'Dean of Academic Studies'
22.0590 	EXP 	image_8: image = 'dean.jpg'
22.0590 	EXP 	text_15: autoDraw = True
22.0590 	EXP 	text_16: autoDraw = True
22.0590 	EXP 	image_8: autoDraw = True
22.6612 	DATA 	Keypress: space
22.6665 	EXP 	Created unnamed ImageStim = ImageStim(__class__=<class 'psychopy.visual.image.ImageStim'>, autoLog=True, color=array([1., 1., 1.]), colorSpace='rgb', contrast=1.0, depth=0, flipHoriz=False, flipVert=False, image='checkmark.png', interpolate=False, mask=None, maskParams=None, name='unnamed ImageStim', opacity=1.0, ori=0.0, pos=array([0., 0.]), size=array([0.2703125 , 0.47222222]), texRes=128, units='norm', win=Window(...))
22.7705 	EXP 	Created unnamed ImageStim = ImageStim(__class__=<class 'psychopy.visual.image.ImageStim'>, autoLog=True, color=array([1., 1., 1.]), colorSpace='rgb', contrast=1.0, depth=0, flipHoriz=False, flipVert=False, image='redx.png', interpolate=False, mask=None, maskParams=None, name='unnamed ImageStim', opacity=1.0, ori=0.0, pos=array([0., 0.]), size=array([1.5625    , 2.77777778]), texRes=128, units='norm', win=Window(...))
22.7825 	EXP 	Created unnamed ImageStim = ImageStim(__class__=<class 'psychopy.visual.image.ImageStim'>, autoLog=True, color=array([1., 1., 1.]), colorSpace='rgb', contrast=1.0, depth=0, flipHoriz=False, flipVert=False, image='thumbsup.png', interpolate=False, mask=None, maskParams=None, name='unnamed ImageStim', opacity=1.0, ori=0.0, pos=array([0., 0.]), size=array([0.375 , 0.7125]), texRes=128, units='norm', win=Window(...))
22.8405 	EXP 	text_15: autoDraw = False
22.8405 	EXP 	text_16: autoDraw = False
22.8405 	EXP 	image_8: autoDraw = False
22.8405 	EXP 	question1_2: text = '1: What class are the students \xa0in and what is the day’s lecture about?\n'
22.8405 	EXP 	question2_2: text = '2: What is the lecture hall like?\n'
22.8405 	EXP 	question3_2: text = '3: When is the next assessment in the class?'
22.8405 	EXP 	question4_2: text = '4: What is something taught in lecture?\n'
22.8405 	EXP 	question5_2: text = '5: Are the desks comfortable?'
22.8405 	EXP 	question6_2: text = '6: Are the students paying attention?'
22.8405 	EXP 	question1_2: autoDraw = True
22.8405 	EXP 	question2_2: autoDraw = True
22.8405 	EXP 	question3_2: autoDraw = True
22.8405 	EXP 	question4_2: autoDraw = True
22.8405 	EXP 	question5_2: autoDraw = True
22.8405 	EXP 	question6_2: autoDraw = True
26.8685 	DATA 	Keypress: 2
32.3019 	DATA 	Keypress: 1
37.0824 	DATA 	Keypress: 4
39.8826 	DATA 	Keypress: 3
41.0665 	EXP 	New trial (rep=0, index=1): OrderedDict([('Q1', 'How does the person who proposed feel before proposing?\n'), ('Q2', 'What is the ring like?\n'), ('Q3', 'Does anyone besides the person proposing help with the proposal?\n'), ('Q4', 'Who witnessed the “yes”?\n'), ('D1', 'Is anyone taking pictures of the proposal?'), ('D2', 'How long does the proposal take?'), ('roleName', 'Wedding Planner'), ('rolePic', 'weddingplanner.jpg')])
41.0668 	EXP 	Created sequence: sequential, trialTypes=1, nReps=5, seed=None
41.0669 	EXP 	New trial (rep=0, index=0): None
41.3663 	EXP 	question1_2: autoDraw = False
41.3663 	EXP 	question2_2: autoDraw = False
41.3663 	EXP 	question3_2: autoDraw = False
41.3663 	EXP 	question4_2: autoDraw = False
41.3663 	EXP 	question5_2: autoDraw = False
41.3663 	EXP 	question6_2: autoDraw = False
41.3663 	EXP 	text_8: text = 'How does the person who proposed feel before proposing?\n'
41.3663 	EXP 	text_9: text = 'Wedding Planner'
41.3663 	EXP 	image_5: image = 'weddingplanner.jpg'
41.3663 	EXP 	text_8: autoDraw = True
41.3663 	EXP 	text_9: autoDraw = True
41.3663 	EXP 	image_5: autoDraw = True
42.0170 	DATA 	Keypress: space
42.3165 	EXP 	text_8: autoDraw = False
42.3165 	EXP 	text_9: autoDraw = False
42.3165 	EXP 	image_5: autoDraw = False
42.3165 	EXP 	text_10: text = 'What is the ring like?\n'
42.3165 	EXP 	text_11: text = 'Wedding Planner'
42.3165 	EXP 	image_6: image = 'weddingplanner.jpg'
42.3165 	EXP 	text_10: autoDraw = True
42.3165 	EXP 	text_11: autoDraw = True
42.3165 	EXP 	image_6: autoDraw = True
42.5836 	DATA 	Keypress: space
42.8833 	EXP 	text_10: autoDraw = False
42.8833 	EXP 	text_11: autoDraw = False
42.8833 	EXP 	image_6: autoDraw = False
42.8833 	EXP 	text_13: text = 'Does anyone besides the person proposing help with the proposal?\n'
42.8833 	EXP 	text_14: text = 'Wedding Planner'
42.8833 	EXP 	image_7: image = 'weddingplanner.jpg'
42.8833 	EXP 	text_13: autoDraw = True
42.8833 	EXP 	text_14: autoDraw = True
42.8833 	EXP 	image_7: autoDraw = True
43.1671 	DATA 	Keypress: space
43.4664 	EXP 	text_13: autoDraw = False
43.4664 	EXP 	text_14: autoDraw = False
43.4664 	EXP 	image_7: autoDraw = False
43.4664 	EXP 	text_15: text = 'Who witnessed the “yes”?\n'
43.4664 	EXP 	text_16: text = 'Wedding Planner'
43.4664 	EXP 	image_8: image = 'weddingplanner.jpg'
43.4664 	EXP 	text_15: autoDraw = True
43.4664 	EXP 	text_16: autoDraw = True
43.4664 	EXP 	image_8: autoDraw = True
43.8339 	DATA 	Keypress: space
43.8390 	EXP 	Created unnamed ImageStim = ImageStim(__class__=<class 'psychopy.visual.image.ImageStim'>, autoLog=True, color=array([1., 1., 1.]), colorSpace='rgb', contrast=1.0, depth=0, flipHoriz=False, flipVert=False, image='checkmark.png', interpolate=False, mask=None, maskParams=None, name='unnamed ImageStim', opacity=1.0, ori=0.0, pos=array([0., 0.]), size=array([0.2703125 , 0.47222222]), texRes=128, units='norm', win=Window(...))
43.9426 	EXP 	Created unnamed ImageStim = ImageStim(__class__=<class 'psychopy.visual.image.ImageStim'>, autoLog=True, color=array([1., 1., 1.]), colorSpace='rgb', contrast=1.0, depth=0, flipHoriz=False, flipVert=False, image='redx.png', interpolate=False, mask=None, maskParams=None, name='unnamed ImageStim', opacity=1.0, ori=0.0, pos=array([0., 0.]), size=array([1.5625    , 2.77777778]), texRes=128, units='norm', win=Window(...))
43.9540 	EXP 	Created unnamed ImageStim = ImageStim(__class__=<class 'psychopy.visual.image.ImageStim'>, autoLog=True, color=array([1., 1., 1.]), colorSpace='rgb', contrast=1.0, depth=0, flipHoriz=False, flipVert=False, image='thumbsup.png', interpolate=False, mask=None, maskParams=None, name='unnamed ImageStim', opacity=1.0, ori=0.0, pos=array([0., 0.]), size=array([0.375 , 0.7125]), texRes=128, units='norm', win=Window(...))
44.0327 	EXP 	text_15: autoDraw = False
44.0327 	EXP 	text_16: autoDraw = False
44.0327 	EXP 	image_8: autoDraw = False
44.0327 	EXP 	question1_2: text = '1: How does the person who proposed feel before proposing?\n'
44.0327 	EXP 	question2_2: text = '2: What is the ring like?\n'
44.0327 	EXP 	question3_2: text = '3: Is anyone taking pictures of the proposal?'
44.0327 	EXP 	question4_2: text = '4: Does anyone besides the person proposing help with the proposal?\n'
44.0327 	EXP 	question5_2: text = '5: Who witnessed the “yes”?\n'
44.0327 	EXP 	question6_2: text = '6: How long does the proposal take?'
44.0327 	EXP 	question1_2: autoDraw = True
44.0327 	EXP 	question2_2: autoDraw = True
44.0327 	EXP 	question3_2: autoDraw = True
44.0327 	EXP 	question4_2: autoDraw = True
44.0327 	EXP 	question5_2: autoDraw = True
44.0327 	EXP 	question6_2: autoDraw = True
48.5186 	DATA 	Keypress: 3
50.5359 	EXP 	New trial (rep=1, index=0): None
50.8019 	EXP 	question1_2: autoDraw = False
50.8019 	EXP 	question2_2: autoDraw = False
50.8019 	EXP 	question3_2: autoDraw = False
50.8019 	EXP 	question4_2: autoDraw = False
50.8019 	EXP 	question5_2: autoDraw = False
50.8019 	EXP 	question6_2: autoDraw = False
50.8019 	EXP 	text_8: text = 'How does the person who proposed feel before proposing?\n'
50.8019 	EXP 	text_9: text = 'Wedding Planner'
50.8019 	EXP 	image_5: image = 'weddingplanner.jpg'
50.8019 	EXP 	text_8: autoDraw = True
50.8019 	EXP 	text_9: autoDraw = True
50.8019 	EXP 	image_5: autoDraw = True
55.0371 	DATA 	Keypress: space
55.3031 	EXP 	text_8: autoDraw = False
55.3031 	EXP 	text_9: autoDraw = False
55.3031 	EXP 	image_5: autoDraw = False
55.3031 	EXP 	text_10: text = 'What is the ring like?\n'
55.3031 	EXP 	text_11: text = 'Wedding Planner'
55.3031 	EXP 	image_6: image = 'weddingplanner.jpg'
55.3031 	EXP 	text_10: autoDraw = True
55.3031 	EXP 	text_11: autoDraw = True
55.3031 	EXP 	image_6: autoDraw = True
55.8379 	DATA 	Keypress: space
56.1041 	EXP 	text_10: autoDraw = False
56.1041 	EXP 	text_11: autoDraw = False
56.1041 	EXP 	image_6: autoDraw = False
56.1041 	EXP 	text_13: text = 'Does anyone besides the person proposing help with the proposal?\n'
56.1041 	EXP 	text_14: text = 'Wedding Planner'
56.1041 	EXP 	image_7: image = 'weddingplanner.jpg'
56.1041 	EXP 	text_13: autoDraw = True
56.1041 	EXP 	text_14: autoDraw = True
56.1041 	EXP 	image_7: autoDraw = True
56.5715 	DATA 	Keypress: space
56.8377 	EXP 	text_13: autoDraw = False
56.8377 	EXP 	text_14: autoDraw = False
56.8377 	EXP 	image_7: autoDraw = False
56.8377 	EXP 	text_15: text = 'Who witnessed the “yes”?\n'
56.8377 	EXP 	text_16: text = 'Wedding Planner'
56.8377 	EXP 	image_8: image = 'weddingplanner.jpg'
56.8377 	EXP 	text_15: autoDraw = True
56.8377 	EXP 	text_16: autoDraw = True
56.8377 	EXP 	image_8: autoDraw = True
57.3214 	DATA 	Keypress: space
57.3265 	EXP 	Created unnamed ImageStim = ImageStim(__class__=<class 'psychopy.visual.image.ImageStim'>, autoLog=True, color=array([1., 1., 1.]), colorSpace='rgb', contrast=1.0, depth=0, flipHoriz=False, flipVert=False, image='checkmark.png', interpolate=False, mask=None, maskParams=None, name='unnamed ImageStim', opacity=1.0, ori=0.0, pos=array([0., 0.]), size=array([0.2703125 , 0.47222222]), texRes=128, units='norm', win=Window(...))
57.4267 	EXP 	Created unnamed ImageStim = ImageStim(__class__=<class 'psychopy.visual.image.ImageStim'>, autoLog=True, color=array([1., 1., 1.]), colorSpace='rgb', contrast=1.0, depth=0, flipHoriz=False, flipVert=False, image='redx.png', interpolate=False, mask=None, maskParams=None, name='unnamed ImageStim', opacity=1.0, ori=0.0, pos=array([0., 0.]), size=array([1.5625    , 2.77777778]), texRes=128, units='norm', win=Window(...))
57.4381 	EXP 	Created unnamed ImageStim = ImageStim(__class__=<class 'psychopy.visual.image.ImageStim'>, autoLog=True, color=array([1., 1., 1.]), colorSpace='rgb', contrast=1.0, depth=0, flipHoriz=False, flipVert=False, image='thumbsup.png', interpolate=False, mask=None, maskParams=None, name='unnamed ImageStim', opacity=1.0, ori=0.0, pos=array([0., 0.]), size=array([0.375 , 0.7125]), texRes=128, units='norm', win=Window(...))
57.5033 	EXP 	text_15: autoDraw = False
57.5033 	EXP 	text_16: autoDraw = False
57.5033 	EXP 	image_8: autoDraw = False
57.5033 	EXP 	question1_2: text = '1: How long does the proposal take?'
57.5033 	EXP 	question2_2: text = '2: Who witnessed the “yes”?\n'
57.5033 	EXP 	question3_2: text = '3: Is anyone taking pictures of the proposal?'
57.5033 	EXP 	question4_2: text = '4: What is the ring like?\n'
57.5033 	EXP 	question5_2: text = '5: Does anyone besides the person proposing help with the proposal?\n'
57.5033 	EXP 	question6_2: text = '6: How does the person who proposed feel before proposing?\n'
57.5033 	EXP 	question1_2: autoDraw = True
57.5033 	EXP 	question2_2: autoDraw = True
57.5033 	EXP 	question3_2: autoDraw = True
57.5033 	EXP 	question4_2: autoDraw = True
57.5033 	EXP 	question5_2: autoDraw = True
57.5033 	EXP 	question6_2: autoDraw = True
60.2569 	DATA 	Keypress: 4
62.2735 	EXP 	New trial (rep=2, index=0): None
62.5389 	EXP 	question1_2: autoDraw = False
62.5389 	EXP 	question2_2: autoDraw = False
62.5389 	EXP 	question3_2: autoDraw = False
62.5389 	EXP 	question4_2: autoDraw = False
62.5389 	EXP 	question5_2: autoDraw = False
62.5389 	EXP 	question6_2: autoDraw = False
62.5389 	EXP 	text_8: text = 'How does the person who proposed feel before proposing?\n'
62.5389 	EXP 	text_9: text = 'Wedding Planner'
62.5389 	EXP 	image_5: image = 'weddingplanner.jpg'
62.5389 	EXP 	text_8: autoDraw = True
62.5389 	EXP 	text_9: autoDraw = True
62.5389 	EXP 	image_5: autoDraw = True
63.4734 	DATA 	Keypress: escape
63.7469 	EXP 	window1: mouseVisible = True
