4.0502 	WARNING 	User requested fullscreen with size [1024  768], but screen is actually [2560, 1440]. Using actual size
4.7119 	EXP 	Created window1 = Window(allowGUI=False, allowStencil=False, args=UNKNOWN, autoLog=True, bitsMode=UNKNOWN, blendMode='avg', color=array([0., 0., 0.]), colorSpace='rgb', fullscr=<method-wrapper '__getattribute__' of attributeSetter object at 0x1226a6fd0>, gamma=None, kwargs=UNKNOWN, lms=UNKNOWN, monitor=<psychopy.monitors.calibTools.Monitor object at 0x127dab198>, multiSample=False, name='window1', numSamples=2, pos=[0.0, 0.0], screen=0, size=array([5120, 2880]), stereo=False, units='norm', useFBO=True, useRetina=True, viewOri=0.0, viewPos=None, viewScale=None, waitBlanking=True, winType='pyglet')
4.7120 	EXP 	window1: recordFrameIntervals = False
4.8780 	EXP 	window1: recordFrameIntervals = True
5.0626 	EXP 	window1: recordFrameIntervals = False
5.1288 	EXP 	Created text_8 = TextStim(__class__=<class 'psychopy.visual.text.TextStim'>, alignHoriz='center', alignVert='center', antialias=True, autoLog=True, bold=False, color='white', colorSpace='named', contrast=1.0, depth=0.0, flipHoriz=False, flipVert=False, font='Arial', fontFiles=[], height=0.1, italic=False, languageStyle='LTR', name='text_8', opacity=1.0, ori=0, pos=array([ 0. , -0.4]), rgb=array([255., 255., 255.]), text='default text', units='norm', win=Window(...), wrapWidth=1)
5.1325 	EXP 	Created text_9 = TextStim(__class__=<class 'psychopy.visual.text.TextStim'>, alignHoriz='center', alignVert='center', antialias=True, autoLog=True, bold=False, color='white', colorSpace='named', contrast=1.0, depth=-1.0, flipHoriz=False, flipVert=False, font='Arial', fontFiles=[], height=0.1, italic=False, languageStyle='LTR', name='text_9', opacity=1.0, ori=0, pos=array([-0.25,  0.25]), rgb=array([255., 255., 255.]), text='default text', units='norm', win=Window(...), wrapWidth=1)
5.1342 	EXP 	Created image_5 = ImageStim(__class__=<class 'psychopy.visual.image.ImageStim'>, autoLog=True, color=array([1., 1., 1.]), colorSpace='rgb', contrast=1.0, depth=-2.0, flipHoriz=False, flipVert=False, image='sin', interpolate=True, mask=None, maskParams=None, name='image_5', opacity=1.0, ori=0.0, pos=array([0.25, 0.25]), size=array([0.5, 0.5]), texRes=128, units='norm', win=Window(...))
5.1377 	EXP 	Created text_10 = TextStim(__class__=<class 'psychopy.visual.text.TextStim'>, alignHoriz='center', alignVert='center', antialias=True, autoLog=True, bold=False, color='white', colorSpace='named', contrast=1.0, depth=0.0, flipHoriz=False, flipVert=False, font='Arial', fontFiles=[], height=0.1, italic=False, languageStyle='LTR', name='text_10', opacity=1.0, ori=0, pos=array([ 0. , -0.4]), rgb=array([255., 255., 255.]), text='default text', units='norm', win=Window(...), wrapWidth=1)
5.1411 	EXP 	Created text_11 = TextStim(__class__=<class 'psychopy.visual.text.TextStim'>, alignHoriz='center', alignVert='center', antialias=True, autoLog=True, bold=False, color='white', colorSpace='named', contrast=1.0, depth=-1.0, flipHoriz=False, flipVert=False, font='Arial', fontFiles=[], height=0.1, italic=False, languageStyle='LTR', name='text_11', opacity=1.0, ori=0, pos=array([-0.25,  0.25]), rgb=array([255., 255., 255.]), text='default text', units='norm', win=Window(...), wrapWidth=1)
5.1425 	EXP 	Created image_6 = ImageStim(__class__=<class 'psychopy.visual.image.ImageStim'>, autoLog=True, color=array([1., 1., 1.]), colorSpace='rgb', contrast=1.0, depth=-2.0, flipHoriz=False, flipVert=False, image='sin', interpolate=True, mask=None, maskParams=None, name='image_6', opacity=1.0, ori=0.0, pos=array([0.25, 0.25]), size=array([0.5, 0.5]), texRes=128, units='norm', win=Window(...))
5.1462 	EXP 	Created text_13 = TextStim(__class__=<class 'psychopy.visual.text.TextStim'>, alignHoriz='center', alignVert='center', antialias=True, autoLog=True, bold=False, color='white', colorSpace='named', contrast=1.0, depth=0.0, flipHoriz=False, flipVert=False, font='Arial', fontFiles=[], height=0.1, italic=False, languageStyle='LTR', name='text_13', opacity=1.0, ori=0, pos=array([ 0. , -0.4]), rgb=array([255., 255., 255.]), text='default text', units='norm', win=Window(...), wrapWidth=1)
5.1496 	EXP 	Created text_14 = TextStim(__class__=<class 'psychopy.visual.text.TextStim'>, alignHoriz='center', alignVert='center', antialias=True, autoLog=True, bold=False, color='white', colorSpace='named', contrast=1.0, depth=-1.0, flipHoriz=False, flipVert=False, font='Arial', fontFiles=[], height=0.1, italic=False, languageStyle='LTR', name='text_14', opacity=1.0, ori=0, pos=array([-0.25,  0.25]), rgb=array([255., 255., 255.]), text='default text', units='norm', win=Window(...), wrapWidth=1)
5.1509 	EXP 	Created image_7 = ImageStim(__class__=<class 'psychopy.visual.image.ImageStim'>, autoLog=True, color=array([1., 1., 1.]), colorSpace='rgb', contrast=1.0, depth=-2.0, flipHoriz=False, flipVert=False, image='sin', interpolate=True, mask=None, maskParams=None, name='image_7', opacity=1.0, ori=0.0, pos=array([0.25, 0.25]), size=array([0.5, 0.5]), texRes=128, units='norm', win=Window(...))
5.1543 	EXP 	Created text_15 = TextStim(__class__=<class 'psychopy.visual.text.TextStim'>, alignHoriz='center', alignVert='center', antialias=True, autoLog=True, bold=False, color='white', colorSpace='named', contrast=1.0, depth=0.0, flipHoriz=False, flipVert=False, font='Arial', fontFiles=[], height=0.1, italic=False, languageStyle='LTR', name='text_15', opacity=1.0, ori=0, pos=array([ 0. , -0.4]), rgb=array([255., 255., 255.]), text='default text', units='norm', win=Window(...), wrapWidth=1)
5.1578 	EXP 	Created text_16 = TextStim(__class__=<class 'psychopy.visual.text.TextStim'>, alignHoriz='center', alignVert='center', antialias=True, autoLog=True, bold=False, color='white', colorSpace='named', contrast=1.0, depth=-1.0, flipHoriz=False, flipVert=False, font='Arial', fontFiles=[], height=0.1, italic=False, languageStyle='LTR', name='text_16', opacity=1.0, ori=0, pos=array([-0.25,  0.25]), rgb=array([255., 255., 255.]), text='default text', units='norm', win=Window(...), wrapWidth=1)
5.1592 	EXP 	Created image_8 = ImageStim(__class__=<class 'psychopy.visual.image.ImageStim'>, autoLog=True, color=array([1., 1., 1.]), colorSpace='rgb', contrast=1.0, depth=-2.0, flipHoriz=False, flipVert=False, image='sin', interpolate=True, mask=None, maskParams=None, name='image_8', opacity=1.0, ori=0.0, pos=array([0.25, 0.25]), size=array([0.5, 0.5]), texRes=128, units='norm', win=Window(...))
5.1628 	EXP 	Created question1 = TextStim(__class__=<class 'psychopy.visual.text.TextStim'>, alignHoriz='center', alignVert='center', antialias=True, autoLog=True, bold=False, color='white', colorSpace='named', contrast=1.0, depth=-1.0, flipHoriz=False, flipVert=False, font='Arial', fontFiles=[], height=0.1, italic=False, languageStyle='LTR', name='question1', opacity=1.0, ori=0, pos=array([0. , 0.6]), rgb=array([255., 255., 255.]), text='default text', units='norm', win=Window(...), wrapWidth=2)
5.1663 	EXP 	Created question2 = TextStim(__class__=<class 'psychopy.visual.text.TextStim'>, alignHoriz='center', alignVert='center', antialias=True, autoLog=True, bold=False, color='white', colorSpace='named', contrast=1.0, depth=-1.0, flipHoriz=False, flipVert=False, font='Arial', fontFiles=[], height=0.1, italic=False, languageStyle='LTR', name='question2', opacity=1.0, ori=0, pos=array([0.  , 0.35]), rgb=array([255., 255., 255.]), text='default text', units='norm', win=Window(...), wrapWidth=2)
5.1697 	EXP 	Created question3 = TextStim(__class__=<class 'psychopy.visual.text.TextStim'>, alignHoriz='center', alignVert='center', antialias=True, autoLog=True, bold=False, color='white', colorSpace='named', contrast=1.0, depth=-1.0, flipHoriz=False, flipVert=False, font='Arial', fontFiles=[], height=0.1, italic=False, languageStyle='LTR', name='question3', opacity=1.0, ori=0, pos=array([0.  , 0.12]), rgb=array([255., 255., 255.]), text='default text', units='norm', win=Window(...), wrapWidth=2)
5.1733 	EXP 	Created question4 = TextStim(__class__=<class 'psychopy.visual.text.TextStim'>, alignHoriz='center', alignVert='center', antialias=True, autoLog=True, bold=False, color='white', colorSpace='named', contrast=1.0, depth=-1.0, flipHoriz=False, flipVert=False, font='Arial', fontFiles=[], height=0.1, italic=False, languageStyle='LTR', name='question4', opacity=1.0, ori=0, pos=array([ 0.  , -0.12]), rgb=array([255., 255., 255.]), text='default text', units='norm', win=Window(...), wrapWidth=2)
5.1767 	EXP 	Created question5 = TextStim(__class__=<class 'psychopy.visual.text.TextStim'>, alignHoriz='center', alignVert='center', antialias=True, autoLog=True, bold=False, color='white', colorSpace='named', contrast=1.0, depth=-1.0, flipHoriz=False, flipVert=False, font='Arial', fontFiles=[], height=0.1, italic=False, languageStyle='LTR', name='question5', opacity=1.0, ori=0, pos=array([ 0.  , -0.35]), rgb=array([255., 255., 255.]), text='default text', units='norm', win=Window(...), wrapWidth=2)
5.1819 	EXP 	Created question6 = TextStim(__class__=<class 'psychopy.visual.text.TextStim'>, alignHoriz='center', alignVert='center', antialias=True, autoLog=True, bold=False, color='white', colorSpace='named', contrast=1.0, depth=-1.0, flipHoriz=False, flipVert=False, font='Arial', fontFiles=[], height=0.1, italic=False, languageStyle='LTR', name='question6', opacity=1.0, ori=0, pos=array([ 0. , -0.6]), rgb=array([255., 255., 255.]), text='default text', units='norm', win=Window(...), wrapWidth=2)
5.1822 	WARNING 	Requested image 'couples.jpg' not found but similar filename 'couples.jpeg' exists. This will be used instead but changing the filename is advised.
5.2404 	EXP 	Created image = ImageStim(__class__=<class 'psychopy.visual.image.ImageStim'>, autoLog=True, color=array([1., 1., 1.]), colorSpace='rgb', contrast=1.0, depth=0.0, flipHoriz=False, flipVert=False, image='couples.jpg', interpolate=True, mask=None, maskParams=None, name='image', opacity=1.0, ori=0.0, pos=array([0., 0.]), size=array([0.5, 0.5]), texRes=128, units='norm', win=Window(...))
5.2495 	EXP 	Imported whichRole.xlsx as conditions, 8 conditions, 8 params
5.2498 	EXP 	Created sequence: random, trialTypes=8, nReps=1, seed=None
5.2501 	EXP 	New trial (rep=0, index=0): OrderedDict([('Q1', 'How is the restaurant decorated?'), ('Q2', 'What are the menus like?'), ('Q3', 'What do the clients order?\n'), ('Q4', 'How do the clients like the food?'), ('D1', 'How old is the waiter?'), ('D2', 'What meal is being served?'), ('roleName', 'Restaurant Critic'), ('rolePic', 'restaurant_critic.jpg')])
5.2503 	EXP 	Created sequence: sequential, trialTypes=1, nReps=5, seed=None
5.2505 	EXP 	New trial (rep=0, index=0): None
5.2950 	EXP 	text_8: text = 'How is the restaurant decorated?'
5.2950 	EXP 	text_9: text = 'Restaurant Critic'
5.2950 	EXP 	image_5: image = 'restaurant_critic.jpg'
5.2950 	EXP 	text_8: autoDraw = True
5.2950 	EXP 	text_9: autoDraw = True
5.2950 	EXP 	image_5: autoDraw = True
5.6317 	DATA 	Keypress: space
5.6781 	EXP 	text_8: autoDraw = False
5.6781 	EXP 	text_9: autoDraw = False
5.6781 	EXP 	image_5: autoDraw = False
5.6781 	EXP 	text_10: text = 'What are the menus like?'
5.6781 	EXP 	text_11: text = 'Restaurant Critic'
5.6781 	EXP 	image_6: image = 'restaurant_critic.jpg'
5.6781 	EXP 	text_10: autoDraw = True
5.6781 	EXP 	text_11: autoDraw = True
5.6781 	EXP 	image_6: autoDraw = True
5.8302 	DATA 	Keypress: space
5.8616 	EXP 	text_10: autoDraw = False
5.8616 	EXP 	text_11: autoDraw = False
5.8616 	EXP 	image_6: autoDraw = False
5.8616 	EXP 	text_13: text = 'What do the clients order?\n'
5.8616 	EXP 	text_14: text = 'Restaurant Critic'
5.8616 	EXP 	image_7: image = 'restaurant_critic.jpg'
5.8616 	EXP 	text_13: autoDraw = True
5.8616 	EXP 	text_14: autoDraw = True
5.8616 	EXP 	image_7: autoDraw = True
6.2630 	DATA 	Keypress: space
6.2948 	EXP 	text_13: autoDraw = False
6.2948 	EXP 	text_14: autoDraw = False
6.2948 	EXP 	image_7: autoDraw = False
6.2948 	EXP 	text_15: text = 'How do the clients like the food?'
6.2948 	EXP 	text_16: text = 'Restaurant Critic'
6.2948 	EXP 	image_8: image = 'restaurant_critic.jpg'
6.2948 	EXP 	text_15: autoDraw = True
6.2948 	EXP 	text_16: autoDraw = True
6.2948 	EXP 	image_8: autoDraw = True
6.6314 	DATA 	Keypress: space
6.6509 	EXP 	Created unnamed ImageStim = ImageStim(__class__=<class 'psychopy.visual.image.ImageStim'>, autoLog=True, color=array([1., 1., 1.]), colorSpace='rgb', contrast=1.0, depth=0, flipHoriz=False, flipVert=False, image='checkmark.png', interpolate=False, mask=None, maskParams=None, name='unnamed ImageStim', opacity=1.0, ori=0.0, pos=array([0., 0.]), size=array([0.2703125 , 0.47222222]), texRes=128, units='norm', win=Window(...))
6.7737 	EXP 	Created unnamed ImageStim = ImageStim(__class__=<class 'psychopy.visual.image.ImageStim'>, autoLog=True, color=array([1., 1., 1.]), colorSpace='rgb', contrast=1.0, depth=0, flipHoriz=False, flipVert=False, image='redx.png', interpolate=False, mask=None, maskParams=None, name='unnamed ImageStim', opacity=1.0, ori=0.0, pos=array([0., 0.]), size=array([1.5625    , 2.77777778]), texRes=128, units='norm', win=Window(...))
6.7815 	EXP 	Created unnamed TextStim = TextStim(__class__=<class 'psychopy.visual.text.TextStim'>, alignHoriz='center', alignVert='center', antialias=True, autoLog=True, bold=False, color=array([0., 1., 0.]), colorSpace='rgb', contrast=1.0, depth=0, flipHoriz=False, flipVert=False, font='', fontFiles=[], height=0.1, italic=False, languageStyle='LTR', name='unnamed TextStim', opacity=1.0, ori=0.0, pos=array([0., 0.]), rgb=array([0., 1., 0.]), text='Restart Learning', units='norm', win=Window(...), wrapWidth=1)
6.7875 	EXP 	Created unnamed TextStim = TextStim(__class__=<class 'psychopy.visual.text.TextStim'>, alignHoriz='center', alignVert='center', antialias=True, autoLog=True, bold=False, color=array([0., 1., 0.]), colorSpace='rgb', contrast=1.0, depth=0, flipHoriz=False, flipVert=False, font='', fontFiles=[], height=0.1, italic=False, languageStyle='LTR', name='unnamed TextStim', opacity=1.0, ori=0.0, pos=array([0., 0.]), rgb=array([0., 1., 0.]), text='Great job!', units='norm', win=Window(...), wrapWidth=1)
6.7989 	EXP 	Created unnamed ImageStim = ImageStim(__class__=<class 'psychopy.visual.image.ImageStim'>, autoLog=True, color=array([1., 1., 1.]), colorSpace='rgb', contrast=1.0, depth=0, flipHoriz=False, flipVert=False, image='thumbsup.png', interpolate=False, mask=None, maskParams=None, name='unnamed ImageStim', opacity=1.0, ori=0.0, pos=array([0., 0.]), size=array([0.375 , 0.7125]), texRes=128, units='norm', win=Window(...))
6.8622 	EXP 	text_15: autoDraw = False
6.8622 	EXP 	text_16: autoDraw = False
6.8622 	EXP 	image_8: autoDraw = False
6.8622 	EXP 	unnamed TextStim: size = 10
6.8622 	EXP 	unnamed TextStim: size = 4
6.8622 	EXP 	question1: text = '1: How is the restaurant decorated?'
6.8622 	EXP 	question2: text = '2: How old is the waiter?'
6.8622 	EXP 	question3: text = '3: What are the menus like?'
6.8622 	EXP 	question4: text = '4: What meal is being served?'
6.8622 	EXP 	question5: text = '5: How do the clients like the food?'
6.8622 	EXP 	question6: text = '6: What do the clients order?\n'
6.8622 	EXP 	question1: autoDraw = True
6.8622 	EXP 	question2: autoDraw = True
6.8622 	EXP 	question3: autoDraw = True
6.8622 	EXP 	question4: autoDraw = True
6.8622 	EXP 	question5: autoDraw = True
6.8622 	EXP 	question6: autoDraw = True
7.3975 	DATA 	Keypress: 1
8.3650 	DATA 	Keypress: 2
10.3810 	EXP 	New trial (rep=1, index=0): None
10.4113 	EXP 	question1: autoDraw = False
10.4113 	EXP 	question2: autoDraw = False
10.4113 	EXP 	question3: autoDraw = False
10.4113 	EXP 	question4: autoDraw = False
10.4113 	EXP 	question5: autoDraw = False
10.4113 	EXP 	question6: autoDraw = False
10.4113 	EXP 	text_8: text = 'How is the restaurant decorated?'
10.4113 	EXP 	text_9: text = 'Restaurant Critic'
10.4113 	EXP 	image_5: image = 'restaurant_critic.jpg'
10.4113 	EXP 	text_8: autoDraw = True
10.4113 	EXP 	text_9: autoDraw = True
10.4113 	EXP 	image_5: autoDraw = True
10.8646 	DATA 	Keypress: return
11.1314 	DATA 	Keypress: space
11.1470 	EXP 	text_8: autoDraw = False
11.1470 	EXP 	text_9: autoDraw = False
11.1470 	EXP 	image_5: autoDraw = False
11.1470 	EXP 	text_10: text = 'What are the menus like?'
11.1470 	EXP 	text_11: text = 'Restaurant Critic'
11.1470 	EXP 	image_6: image = 'restaurant_critic.jpg'
11.1470 	EXP 	text_10: autoDraw = True
11.1470 	EXP 	text_11: autoDraw = True
11.1470 	EXP 	image_6: autoDraw = True
11.2985 	DATA 	Keypress: space
11.3138 	EXP 	text_10: autoDraw = False
11.3138 	EXP 	text_11: autoDraw = False
11.3138 	EXP 	image_6: autoDraw = False
11.3138 	EXP 	text_13: text = 'What do the clients order?\n'
11.3138 	EXP 	text_14: text = 'Restaurant Critic'
11.3138 	EXP 	image_7: image = 'restaurant_critic.jpg'
11.3138 	EXP 	text_13: autoDraw = True
11.3138 	EXP 	text_14: autoDraw = True
11.3138 	EXP 	image_7: autoDraw = True
11.4482 	DATA 	Keypress: space
11.4636 	EXP 	text_13: autoDraw = False
11.4636 	EXP 	text_14: autoDraw = False
11.4636 	EXP 	image_7: autoDraw = False
11.4636 	EXP 	text_15: text = 'How do the clients like the food?'
11.4636 	EXP 	text_16: text = 'Restaurant Critic'
11.4636 	EXP 	image_8: image = 'restaurant_critic.jpg'
11.4636 	EXP 	text_15: autoDraw = True
11.4636 	EXP 	text_16: autoDraw = True
11.4636 	EXP 	image_8: autoDraw = True
11.7815 	DATA 	Keypress: space
11.7864 	EXP 	Created unnamed ImageStim = ImageStim(__class__=<class 'psychopy.visual.image.ImageStim'>, autoLog=True, color=array([1., 1., 1.]), colorSpace='rgb', contrast=1.0, depth=0, flipHoriz=False, flipVert=False, image='checkmark.png', interpolate=False, mask=None, maskParams=None, name='unnamed ImageStim', opacity=1.0, ori=0.0, pos=array([0., 0.]), size=array([0.2703125 , 0.47222222]), texRes=128, units='norm', win=Window(...))
11.8941 	EXP 	Created unnamed ImageStim = ImageStim(__class__=<class 'psychopy.visual.image.ImageStim'>, autoLog=True, color=array([1., 1., 1.]), colorSpace='rgb', contrast=1.0, depth=0, flipHoriz=False, flipVert=False, image='redx.png', interpolate=False, mask=None, maskParams=None, name='unnamed ImageStim', opacity=1.0, ori=0.0, pos=array([0., 0.]), size=array([1.5625    , 2.77777778]), texRes=128, units='norm', win=Window(...))
11.8990 	EXP 	Created unnamed TextStim = TextStim(__class__=<class 'psychopy.visual.text.TextStim'>, alignHoriz='center', alignVert='center', antialias=True, autoLog=True, bold=False, color=array([0., 1., 0.]), colorSpace='rgb', contrast=1.0, depth=0, flipHoriz=False, flipVert=False, font='', fontFiles=[], height=0.1, italic=False, languageStyle='LTR', name='unnamed TextStim', opacity=1.0, ori=0.0, pos=array([0., 0.]), rgb=array([0., 1., 0.]), text='Restart Learning', units='norm', win=Window(...), wrapWidth=1)
11.9025 	EXP 	Created unnamed TextStim = TextStim(__class__=<class 'psychopy.visual.text.TextStim'>, alignHoriz='center', alignVert='center', antialias=True, autoLog=True, bold=False, color=array([0., 1., 0.]), colorSpace='rgb', contrast=1.0, depth=0, flipHoriz=False, flipVert=False, font='', fontFiles=[], height=0.1, italic=False, languageStyle='LTR', name='unnamed TextStim', opacity=1.0, ori=0.0, pos=array([0., 0.]), rgb=array([0., 1., 0.]), text='Great job!', units='norm', win=Window(...), wrapWidth=1)
11.9137 	EXP 	Created unnamed ImageStim = ImageStim(__class__=<class 'psychopy.visual.image.ImageStim'>, autoLog=True, color=array([1., 1., 1.]), colorSpace='rgb', contrast=1.0, depth=0, flipHoriz=False, flipVert=False, image='thumbsup.png', interpolate=False, mask=None, maskParams=None, name='unnamed ImageStim', opacity=1.0, ori=0.0, pos=array([0., 0.]), size=array([0.375 , 0.7125]), texRes=128, units='norm', win=Window(...))
11.9647 	EXP 	text_15: autoDraw = False
11.9647 	EXP 	text_16: autoDraw = False
11.9647 	EXP 	image_8: autoDraw = False
11.9647 	EXP 	unnamed TextStim: size = 10
11.9647 	EXP 	unnamed TextStim: size = 4
11.9647 	EXP 	question1: text = '1: What are the menus like?'
11.9647 	EXP 	question2: text = '2: How is the restaurant decorated?'
11.9647 	EXP 	question3: text = '3: How old is the waiter?'
11.9647 	EXP 	question4: text = '4: What do the clients order?\n'
11.9647 	EXP 	question5: text = '5: What meal is being served?'
11.9647 	EXP 	question6: text = '6: How do the clients like the food?'
11.9647 	EXP 	question1: autoDraw = True
11.9647 	EXP 	question2: autoDraw = True
11.9647 	EXP 	question3: autoDraw = True
11.9647 	EXP 	question4: autoDraw = True
11.9647 	EXP 	question5: autoDraw = True
11.9647 	EXP 	question6: autoDraw = True
12.1664 	DATA 	Keypress: space
12.9324 	DATA 	Keypress: 1
15.1496 	DATA 	Keypress: 2
17.9678 	DATA 	Keypress: 4
19.6844 	DATA 	Keypress: 5
21.5028 	DATA 	Keypress: escape
21.5038 	DATA 	Keypress: escape
21.5939 	DATA 	Keypress: escape
21.7016 	EXP 	New trial (rep=2, index=0): None
21.7317 	EXP 	question1: autoDraw = False
21.7317 	EXP 	question2: autoDraw = False
21.7317 	EXP 	question3: autoDraw = False
21.7317 	EXP 	question4: autoDraw = False
21.7317 	EXP 	question5: autoDraw = False
21.7317 	EXP 	question6: autoDraw = False
21.7317 	EXP 	text_8: text = 'How is the restaurant decorated?'
21.7317 	EXP 	text_9: text = 'Restaurant Critic'
21.7317 	EXP 	image_5: image = 'restaurant_critic.jpg'
21.7317 	EXP 	text_8: autoDraw = True
21.7317 	EXP 	text_9: autoDraw = True
21.7317 	EXP 	image_5: autoDraw = True
21.8347 	DATA 	Keypress: escape
22.1081 	EXP 	window1: mouseVisible = True
