4.1107 	WARNING 	User requested fullscreen with size [1024  768], but screen is actually [2560, 1440]. Using actual size
4.7603 	EXP 	Created window1 = Window(allowGUI=False, allowStencil=False, args=UNKNOWN, autoLog=True, bitsMode=UNKNOWN, blendMode='avg', color=array([0., 0., 0.]), colorSpace='rgb', fullscr=<method-wrapper '__getattribute__' of attributeSetter object at 0x123266be0>, gamma=None, kwargs=UNKNOWN, lms=UNKNOWN, monitor=<psychopy.monitors.calibTools.Monitor object at 0x126472c50>, multiSample=False, name='window1', numSamples=2, pos=[0.0, 0.0], screen=0, size=array([5120, 2880]), stereo=False, units='norm', useFBO=True, useRetina=True, viewOri=0.0, viewPos=None, viewScale=None, waitBlanking=True, winType='pyglet')
4.7603 	EXP 	window1: recordFrameIntervals = False
4.9264 	EXP 	window1: recordFrameIntervals = True
5.1099 	EXP 	window1: recordFrameIntervals = False
5.1727 	EXP 	Created welcome = TextStim(__class__=<class 'psychopy.visual.text.TextStim'>, alignHoriz='center', alignVert='center', antialias=True, autoLog=True, bold=False, color='white', colorSpace='named', contrast=1.0, depth=0.0, flipHoriz=False, flipVert=False, font='Arial', fontFiles=[], height=0.1, italic=False, languageStyle='LTR', name='welcome', opacity=1.0, ori=0, pos=array([0., 0.]), rgb=array([255., 255., 255.]), text='default text', units='norm', win=Window(...), wrapWidth=1)
5.1760 	EXP 	Created text_12 = TextStim(__class__=<class 'psychopy.visual.text.TextStim'>, alignHoriz='center', alignVert='center', antialias=True, autoLog=True, bold=False, color='white', colorSpace='named', contrast=1.0, depth=-2.0, flipHoriz=False, flipVert=False, font='Arial', fontFiles=[], height=0.1, italic=False, languageStyle='LTR', name='text_12', opacity=1.0, ori=0, pos=array([ 0. , -0.6]), rgb=array([255., 255., 255.]), text='default text', units='norm', win=Window(...), wrapWidth=1)
5.1776 	EXP 	Created image = ImageStim(__class__=<class 'psychopy.visual.image.ImageStim'>, autoLog=True, color=array([1., 1., 1.]), colorSpace='rgb', contrast=1.0, depth=0.0, flipHoriz=False, flipVert=False, image='sin', interpolate=True, mask=None, maskParams=None, name='image', opacity=1.0, ori=0.0, pos=array([0., 0.]), size=array([0.5, 0.5]), texRes=128, units='norm', win=Window(...))
5.1810 	EXP 	Created text_2 = TextStim(__class__=<class 'psychopy.visual.text.TextStim'>, alignHoriz='center', alignVert='center', antialias=True, autoLog=True, bold=False, color='white', colorSpace='named', contrast=1.0, depth=-2.0, flipHoriz=False, flipVert=False, font='Arial', fontFiles=[], height=0.1, italic=False, languageStyle='LTR', name='text_2', opacity=1.0, ori=0, pos=array([ 0. , -0.5]), rgb=array([255., 255., 255.]), text='default text', units='norm', win=Window(...), wrapWidth=1)
5.1842 	EXP 	Created welcome = TextStim(__class__=<class 'psychopy.visual.text.TextStim'>, alignHoriz='center', alignVert='center', antialias=True, autoLog=True, bold=False, color='white', colorSpace='named', contrast=1.0, depth=0.0, flipHoriz=False, flipVert=False, font='Arial', fontFiles=[], height=0.1, italic=False, languageStyle='LTR', name='welcome', opacity=1.0, ori=0, pos=array([0., 0.]), rgb=array([255., 255., 255.]), text='default text', units='norm', win=Window(...), wrapWidth=1)
5.1876 	EXP 	Created text_12 = TextStim(__class__=<class 'psychopy.visual.text.TextStim'>, alignHoriz='center', alignVert='center', antialias=True, autoLog=True, bold=False, color='white', colorSpace='named', contrast=1.0, depth=-2.0, flipHoriz=False, flipVert=False, font='Arial', fontFiles=[], height=0.1, italic=False, languageStyle='LTR', name='text_12', opacity=1.0, ori=0, pos=array([ 0. , -0.6]), rgb=array([255., 255., 255.]), text='default text', units='norm', win=Window(...), wrapWidth=1)
5.1909 	EXP 	Created text_8 = TextStim(__class__=<class 'psychopy.visual.text.TextStim'>, alignHoriz='center', alignVert='center', antialias=True, autoLog=True, bold=False, color='white', colorSpace='named', contrast=1.0, depth=0.0, flipHoriz=False, flipVert=False, font='Arial', fontFiles=[], height=0.1, italic=False, languageStyle='LTR', name='text_8', opacity=1.0, ori=0, pos=array([ 0. , -0.4]), rgb=array([255., 255., 255.]), text='default text', units='norm', win=Window(...), wrapWidth=1)
5.1944 	EXP 	Created text_9 = TextStim(__class__=<class 'psychopy.visual.text.TextStim'>, alignHoriz='center', alignVert='center', antialias=True, autoLog=True, bold=False, color='white', colorSpace='named', contrast=1.0, depth=-1.0, flipHoriz=False, flipVert=False, font='Arial', fontFiles=[], height=0.1, italic=False, languageStyle='LTR', name='text_9', opacity=1.0, ori=0, pos=array([-0.25,  0.25]), rgb=array([255., 255., 255.]), text='default text', units='norm', win=Window(...), wrapWidth=0.5)
5.1957 	EXP 	Created image_5 = ImageStim(__class__=<class 'psychopy.visual.image.ImageStim'>, autoLog=True, color=array([1., 1., 1.]), colorSpace='rgb', contrast=1.0, depth=-2.0, flipHoriz=False, flipVert=False, image='sin', interpolate=True, mask=None, maskParams=None, name='image_5', opacity=1.0, ori=0.0, pos=array([0.25, 0.25]), size=array([0.5, 0.5]), texRes=128, units='norm', win=Window(...))
5.1991 	EXP 	Created text_10 = TextStim(__class__=<class 'psychopy.visual.text.TextStim'>, alignHoriz='center', alignVert='center', antialias=True, autoLog=True, bold=False, color='white', colorSpace='named', contrast=1.0, depth=0.0, flipHoriz=False, flipVert=False, font='Arial', fontFiles=[], height=0.1, italic=False, languageStyle='LTR', name='text_10', opacity=1.0, ori=0, pos=array([ 0. , -0.4]), rgb=array([255., 255., 255.]), text='default text', units='norm', win=Window(...), wrapWidth=1)
5.2024 	EXP 	Created text_11 = TextStim(__class__=<class 'psychopy.visual.text.TextStim'>, alignHoriz='center', alignVert='center', antialias=True, autoLog=True, bold=False, color='white', colorSpace='named', contrast=1.0, depth=-1.0, flipHoriz=False, flipVert=False, font='Arial', fontFiles=[], height=0.1, italic=False, languageStyle='LTR', name='text_11', opacity=1.0, ori=0, pos=array([-0.25,  0.25]), rgb=array([255., 255., 255.]), text='default text', units='norm', win=Window(...), wrapWidth=0.5)
5.2037 	EXP 	Created image_6 = ImageStim(__class__=<class 'psychopy.visual.image.ImageStim'>, autoLog=True, color=array([1., 1., 1.]), colorSpace='rgb', contrast=1.0, depth=-2.0, flipHoriz=False, flipVert=False, image='sin', interpolate=True, mask=None, maskParams=None, name='image_6', opacity=1.0, ori=0.0, pos=array([0.25, 0.25]), size=array([0.5, 0.5]), texRes=128, units='norm', win=Window(...))
5.2070 	EXP 	Created text_13 = TextStim(__class__=<class 'psychopy.visual.text.TextStim'>, alignHoriz='center', alignVert='center', antialias=True, autoLog=True, bold=False, color='white', colorSpace='named', contrast=1.0, depth=0.0, flipHoriz=False, flipVert=False, font='Arial', fontFiles=[], height=0.1, italic=False, languageStyle='LTR', name='text_13', opacity=1.0, ori=0, pos=array([ 0. , -0.4]), rgb=array([255., 255., 255.]), text='default text', units='norm', win=Window(...), wrapWidth=1)
5.2103 	EXP 	Created text_14 = TextStim(__class__=<class 'psychopy.visual.text.TextStim'>, alignHoriz='center', alignVert='center', antialias=True, autoLog=True, bold=False, color='white', colorSpace='named', contrast=1.0, depth=-1.0, flipHoriz=False, flipVert=False, font='Arial', fontFiles=[], height=0.1, italic=False, languageStyle='LTR', name='text_14', opacity=1.0, ori=0, pos=array([-0.25,  0.25]), rgb=array([255., 255., 255.]), text='default text', units='norm', win=Window(...), wrapWidth=0.5)
5.2116 	EXP 	Created image_7 = ImageStim(__class__=<class 'psychopy.visual.image.ImageStim'>, autoLog=True, color=array([1., 1., 1.]), colorSpace='rgb', contrast=1.0, depth=-2.0, flipHoriz=False, flipVert=False, image='sin', interpolate=True, mask=None, maskParams=None, name='image_7', opacity=1.0, ori=0.0, pos=array([0.25, 0.25]), size=array([0.5, 0.5]), texRes=128, units='norm', win=Window(...))
5.2150 	EXP 	Created text_15 = TextStim(__class__=<class 'psychopy.visual.text.TextStim'>, alignHoriz='center', alignVert='center', antialias=True, autoLog=True, bold=False, color='white', colorSpace='named', contrast=1.0, depth=0.0, flipHoriz=False, flipVert=False, font='Arial', fontFiles=[], height=0.1, italic=False, languageStyle='LTR', name='text_15', opacity=1.0, ori=0, pos=array([ 0. , -0.4]), rgb=array([255., 255., 255.]), text='default text', units='norm', win=Window(...), wrapWidth=1)
5.2183 	EXP 	Created text_16 = TextStim(__class__=<class 'psychopy.visual.text.TextStim'>, alignHoriz='center', alignVert='center', antialias=True, autoLog=True, bold=False, color='white', colorSpace='named', contrast=1.0, depth=-1.0, flipHoriz=False, flipVert=False, font='Arial', fontFiles=[], height=0.1, italic=False, languageStyle='LTR', name='text_16', opacity=1.0, ori=0, pos=array([-0.25,  0.25]), rgb=array([255., 255., 255.]), text='default text', units='norm', win=Window(...), wrapWidth=0.5)
5.2196 	EXP 	Created image_8 = ImageStim(__class__=<class 'psychopy.visual.image.ImageStim'>, autoLog=True, color=array([1., 1., 1.]), colorSpace='rgb', contrast=1.0, depth=-2.0, flipHoriz=False, flipVert=False, image='sin', interpolate=True, mask=None, maskParams=None, name='image_8', opacity=1.0, ori=0.0, pos=array([0.25, 0.25]), size=array([0.5, 0.5]), texRes=128, units='norm', win=Window(...))
5.2244 	EXP 	Created question1_2 = TextStim(__class__=<class 'psychopy.visual.text.TextStim'>, alignHoriz='center', alignVert='center', antialias=True, autoLog=True, bold=False, color='white', colorSpace='named', contrast=1.0, depth=-1.0, flipHoriz=False, flipVert=False, font='Arial', fontFiles=[], height=0.1, italic=False, languageStyle='LTR', name='question1_2', opacity=1.0, ori=0, pos=array([0. , 0.6]), rgb=array([255., 255., 255.]), text='default text', units='norm', win=Window(...), wrapWidth=2)
5.2278 	EXP 	Created question2_2 = TextStim(__class__=<class 'psychopy.visual.text.TextStim'>, alignHoriz='center', alignVert='center', antialias=True, autoLog=True, bold=False, color='white', colorSpace='named', contrast=1.0, depth=-2.0, flipHoriz=False, flipVert=False, font='Arial', fontFiles=[], height=0.1, italic=False, languageStyle='LTR', name='question2_2', opacity=1.0, ori=0, pos=array([0.  , 0.35]), rgb=array([255., 255., 255.]), text='default text', units='norm', win=Window(...), wrapWidth=2)
5.2311 	EXP 	Created question3_2 = TextStim(__class__=<class 'psychopy.visual.text.TextStim'>, alignHoriz='center', alignVert='center', antialias=True, autoLog=True, bold=False, color='white', colorSpace='named', contrast=1.0, depth=-3.0, flipHoriz=False, flipVert=False, font='Arial', fontFiles=[], height=0.1, italic=False, languageStyle='LTR', name='question3_2', opacity=1.0, ori=0, pos=array([0.  , 0.12]), rgb=array([255., 255., 255.]), text='default text', units='norm', win=Window(...), wrapWidth=2)
5.2343 	EXP 	Created question4_2 = TextStim(__class__=<class 'psychopy.visual.text.TextStim'>, alignHoriz='center', alignVert='center', antialias=True, autoLog=True, bold=False, color='white', colorSpace='named', contrast=1.0, depth=-4.0, flipHoriz=False, flipVert=False, font='Arial', fontFiles=[], height=0.1, italic=False, languageStyle='LTR', name='question4_2', opacity=1.0, ori=0, pos=array([ 0.  , -0.12]), rgb=array([255., 255., 255.]), text='default text', units='norm', win=Window(...), wrapWidth=2)
5.2375 	EXP 	Created question5_2 = TextStim(__class__=<class 'psychopy.visual.text.TextStim'>, alignHoriz='center', alignVert='center', antialias=True, autoLog=True, bold=False, color='white', colorSpace='named', contrast=1.0, depth=-5.0, flipHoriz=False, flipVert=False, font='Arial', fontFiles=[], height=0.1, italic=False, languageStyle='LTR', name='question5_2', opacity=1.0, ori=0, pos=array([ 0.  , -0.35]), rgb=array([255., 255., 255.]), text='default text', units='norm', win=Window(...), wrapWidth=2)
5.2409 	EXP 	Created question6_2 = TextStim(__class__=<class 'psychopy.visual.text.TextStim'>, alignHoriz='center', alignVert='center', antialias=True, autoLog=True, bold=False, color='white', colorSpace='named', contrast=1.0, depth=-6.0, flipHoriz=False, flipVert=False, font='Arial', fontFiles=[], height=0.1, italic=False, languageStyle='LTR', name='question6_2', opacity=1.0, ori=0, pos=array([ 0. , -0.6]), rgb=array([255., 255., 255.]), text='default text', units='norm', win=Window(...), wrapWidth=2)
5.2475 	EXP 	Created text_3 = TextStim(__class__=<class 'psychopy.visual.text.TextStim'>, alignHoriz='center', alignVert='center', antialias=True, autoLog=True, bold=False, color='white', colorSpace='named', contrast=1.0, depth=0.0, flipHoriz=False, flipVert=False, font='Arial', fontFiles=[], height=0.1, italic=False, languageStyle='LTR', name='text_3', opacity=1.0, ori=0, pos=array([0., 0.]), rgb=array([255., 255., 255.]), text='Final Tests', units='norm', win=Window(...), wrapWidth=1)
5.2488 	EXP 	Created image_2 = ImageStim(__class__=<class 'psychopy.visual.image.ImageStim'>, autoLog=True, color=array([1., 1., 1.]), colorSpace='rgb', contrast=1.0, depth=0.0, flipHoriz=False, flipVert=False, image='sin', interpolate=True, mask=None, maskParams=None, name='image_2', opacity=1.0, ori=0.0, pos=array([0., 0.]), size=array([0.5, 0.5]), texRes=128, units='norm', win=Window(...))
5.2525 	EXP 	Created text_4 = TextStim(__class__=<class 'psychopy.visual.text.TextStim'>, alignHoriz='center', alignVert='center', antialias=True, autoLog=True, bold=False, color='white', colorSpace='named', contrast=1.0, depth=-2.0, flipHoriz=False, flipVert=False, font='Arial', fontFiles=[], height=0.1, italic=False, languageStyle='LTR', name='text_4', opacity=1.0, ori=0, pos=array([ 0. , -0.5]), rgb=array([255., 255., 255.]), text='default text', units='norm', win=Window(...), wrapWidth=1)
5.2559 	EXP 	Created question1 = TextStim(__class__=<class 'psychopy.visual.text.TextStim'>, alignHoriz='center', alignVert='center', antialias=True, autoLog=True, bold=False, color='white', colorSpace='named', contrast=1.0, depth=-1.0, flipHoriz=False, flipVert=False, font='Arial', fontFiles=[], height=0.1, italic=False, languageStyle='LTR', name='question1', opacity=1.0, ori=0, pos=array([0. , 0.6]), rgb=array([255., 255., 255.]), text='default text', units='norm', win=Window(...), wrapWidth=2)
5.2592 	EXP 	Created question2 = TextStim(__class__=<class 'psychopy.visual.text.TextStim'>, alignHoriz='center', alignVert='center', antialias=True, autoLog=True, bold=False, color='white', colorSpace='named', contrast=1.0, depth=-2.0, flipHoriz=False, flipVert=False, font='Arial', fontFiles=[], height=0.1, italic=False, languageStyle='LTR', name='question2', opacity=1.0, ori=0, pos=array([0.  , 0.35]), rgb=array([255., 255., 255.]), text='default text', units='norm', win=Window(...), wrapWidth=2)
5.2624 	EXP 	Created question3 = TextStim(__class__=<class 'psychopy.visual.text.TextStim'>, alignHoriz='center', alignVert='center', antialias=True, autoLog=True, bold=False, color='white', colorSpace='named', contrast=1.0, depth=-3.0, flipHoriz=False, flipVert=False, font='Arial', fontFiles=[], height=0.1, italic=False, languageStyle='LTR', name='question3', opacity=1.0, ori=0, pos=array([0.  , 0.12]), rgb=array([255., 255., 255.]), text='default text', units='norm', win=Window(...), wrapWidth=2)
5.2657 	EXP 	Created question4 = TextStim(__class__=<class 'psychopy.visual.text.TextStim'>, alignHoriz='center', alignVert='center', antialias=True, autoLog=True, bold=False, color='white', colorSpace='named', contrast=1.0, depth=-4.0, flipHoriz=False, flipVert=False, font='Arial', fontFiles=[], height=0.1, italic=False, languageStyle='LTR', name='question4', opacity=1.0, ori=0, pos=array([ 0.  , -0.12]), rgb=array([255., 255., 255.]), text='default text', units='norm', win=Window(...), wrapWidth=2)
5.2689 	EXP 	Created question5 = TextStim(__class__=<class 'psychopy.visual.text.TextStim'>, alignHoriz='center', alignVert='center', antialias=True, autoLog=True, bold=False, color='white', colorSpace='named', contrast=1.0, depth=-5.0, flipHoriz=False, flipVert=False, font='Arial', fontFiles=[], height=0.1, italic=False, languageStyle='LTR', name='question5', opacity=1.0, ori=0, pos=array([ 0.  , -0.35]), rgb=array([255., 255., 255.]), text='default text', units='norm', win=Window(...), wrapWidth=2)
5.2724 	EXP 	Created question6 = TextStim(__class__=<class 'psychopy.visual.text.TextStim'>, alignHoriz='center', alignVert='center', antialias=True, autoLog=True, bold=False, color='white', colorSpace='named', contrast=1.0, depth=-6.0, flipHoriz=False, flipVert=False, font='Arial', fontFiles=[], height=0.1, italic=False, languageStyle='LTR', name='question6', opacity=1.0, ori=0, pos=array([ 0. , -0.6]), rgb=array([255., 255., 255.]), text='default text', units='norm', win=Window(...), wrapWidth=2)
5.2783 	EXP 	Created text = TextStim(__class__=<class 'psychopy.visual.text.TextStim'>, alignHoriz='center', alignVert='center', antialias=True, autoLog=True, bold=False, color='white', colorSpace='named', contrast=1.0, depth=0.0, flipHoriz=False, flipVert=False, font='Arial', fontFiles=[], height=0.1, italic=False, languageStyle='LTR', name='text', opacity=1.0, ori=0, pos=array([0., 0.]), rgb=array([255., 255., 255.]), text='end of introduction', units='norm', win=Window(...), wrapWidth=1)
5.2853 	EXP 	Imported instructions.xlsx as conditions, 6 conditions, 2 params
5.2855 	EXP 	Created sequence: sequential, trialTypes=6, nReps=1, seed=None
5.2857 	EXP 	New trial (rep=0, index=0): OrderedDict([('instruct_text', 'Welcome to the Job Simulator Task!'), ('instruct_text2', '(press the space bar to continue)')])
5.3244 	EXP 	welcome: text = 'Welcome to the Job Simulator Task!'
5.3244 	EXP 	text_12: text = '(press the space bar to continue)'
5.3244 	EXP 	welcome: autoDraw = True
5.3244 	EXP 	text_12: autoDraw = True
5.5791 	DATA 	Keypress: space
5.5941 	EXP 	New trial (rep=0, index=1): OrderedDict([('instruct_text', 'In this task, you will read 16 stories. During each one you will simulate having one job.\n'), ('instruct_text2', None)])
5.6433 	EXP 	welcome: autoDraw = False
5.6433 	EXP 	text_12: autoDraw = False
5.6433 	EXP 	welcome: text = 'In this task, you will read 16 stories. During each one you will simulate having one job.\n'
5.6433 	EXP 	text_12: text = '(press the space bar to continue)'
5.6433 	EXP 	welcome: autoDraw = True
5.6433 	EXP 	text_12: autoDraw = True
5.7611 	DATA 	Keypress: space
5.7618 	EXP 	New trial (rep=0, index=2): OrderedDict([('instruct_text', 'This job will be assigned to you before each story. '), ('instruct_text2', None)])
5.7930 	EXP 	welcome: autoDraw = False
5.7930 	EXP 	text_12: autoDraw = False
5.7930 	EXP 	welcome: text = 'This job will be assigned to you before each story. '
5.7930 	EXP 	text_12: text = '(press the space bar to continue)'
5.7930 	EXP 	welcome: autoDraw = True
5.7930 	EXP 	text_12: autoDraw = True
5.9279 	DATA 	Keypress: space
5.9286 	EXP 	New trial (rep=0, index=3): OrderedDict([('instruct_text', 'While reading each story, you should imagine yourself as having that job. '), ('instruct_text2', None)])
5.9610 	EXP 	welcome: autoDraw = False
5.9610 	EXP 	text_12: autoDraw = False
5.9610 	EXP 	welcome: text = 'While reading each story, you should imagine yourself as having that job. '
5.9610 	EXP 	text_12: text = '(press the space bar to continue)'
5.9610 	EXP 	welcome: autoDraw = True
5.9610 	EXP 	text_12: autoDraw = True
6.0627 	DATA 	Keypress: space
6.0774 	EXP 	New trial (rep=0, index=4): OrderedDict([('instruct_text', 'There are 8 possible jobs you could be asked to simulate.'), ('instruct_text2', None)])
6.1101 	EXP 	welcome: autoDraw = False
6.1101 	EXP 	text_12: autoDraw = False
6.1101 	EXP 	welcome: text = 'There are 8 possible jobs you could be asked to simulate.'
6.1101 	EXP 	text_12: text = '(press the space bar to continue)'
6.1101 	EXP 	welcome: autoDraw = True
6.1101 	EXP 	text_12: autoDraw = True
6.2617 	DATA 	Keypress: space
6.2624 	EXP 	New trial (rep=0, index=5): OrderedDict([('instruct_text', 'These jobs are as follows:'), ('instruct_text2', None)])
6.2933 	EXP 	welcome: autoDraw = False
6.2933 	EXP 	text_12: autoDraw = False
6.2933 	EXP 	welcome: text = 'These jobs are as follows:'
6.2933 	EXP 	text_12: text = '(press the space bar to continue)'
6.2933 	EXP 	welcome: autoDraw = True
6.2933 	EXP 	text_12: autoDraw = True
6.4446 	DATA 	Keypress: space
6.4495 	EXP 	Imported jobsPics.xlsx as conditions, 8 conditions, 2 params
6.4497 	EXP 	Created sequence: random, trialTypes=8, nReps=1, seed=None
6.4500 	EXP 	New trial (rep=0, index=0): OrderedDict([('rolePic', 'acem.jpg'), ('job', 'Airport Customer Experience Manager')])
6.5267 	EXP 	welcome: autoDraw = False
6.5267 	EXP 	text_12: autoDraw = False
6.5267 	EXP 	image: image = 'acem.jpg'
6.5267 	EXP 	text_2: text = 'Airport Customer Experience Manager'
6.5267 	EXP 	image: autoDraw = True
6.5267 	EXP 	text_2: autoDraw = True
6.6783 	DATA 	Keypress: space
6.6791 	EXP 	New trial (rep=0, index=1): OrderedDict([('rolePic', 'gscem.jpg'), ('job', 'Grocery Store Customer Experience Manager\n')])
6.9572 	DATA 	Keypress: space
6.9771 	EXP 	image: autoDraw = False
6.9771 	EXP 	text_2: autoDraw = False
6.9771 	EXP 	image: image = 'gscem.jpg'
6.9771 	EXP 	text_2: text = 'Grocery Store Customer Experience Manager\n'
6.9771 	EXP 	image: autoDraw = True
6.9771 	EXP 	text_2: autoDraw = True
7.0451 	DATA 	Keypress: space
7.0458 	EXP 	New trial (rep=0, index=2): OrderedDict([('rolePic', 'couples.jpeg'), ('job', 'Couples Therapist\n')])
7.1101 	EXP 	image: autoDraw = False
7.1101 	EXP 	text_2: autoDraw = False
7.1101 	EXP 	image: image = 'couples.jpeg'
7.1101 	EXP 	text_2: text = 'Couples Therapist\n'
7.1101 	EXP 	image: autoDraw = True
7.1101 	EXP 	text_2: autoDraw = True
7.2286 	DATA 	Keypress: space
7.2293 	EXP 	New trial (rep=0, index=3): OrderedDict([('rolePic', 'weddingplanner.jpg'), ('job', 'Wedding Planner')])
7.5308 	DATA 	Keypress: space
7.5611 	EXP 	image: autoDraw = False
7.5611 	EXP 	text_2: autoDraw = False
7.5611 	EXP 	image: image = 'weddingplanner.jpg'
7.5611 	EXP 	text_2: text = 'Wedding Planner'
7.5611 	EXP 	image: autoDraw = True
7.5611 	EXP 	text_2: autoDraw = True
7.5947 	DATA 	Keypress: space
7.5954 	EXP 	New trial (rep=0, index=4): OrderedDict([('rolePic', 'matchmaker.jpg'), ('job', 'Matchmaker')])
7.6440 	EXP 	image: autoDraw = False
7.6440 	EXP 	text_2: autoDraw = False
7.6440 	EXP 	image: image = 'matchmaker.jpg'
7.6440 	EXP 	text_2: text = 'Matchmaker'
7.6440 	EXP 	image: autoDraw = True
7.6440 	EXP 	text_2: autoDraw = True
7.7959 	DATA 	Keypress: space
7.7965 	EXP 	New trial (rep=0, index=5): OrderedDict([('rolePic', 'restaurant_critic.jpg'), ('job', 'Restaurant Critic')])
7.8274 	EXP 	image: autoDraw = False
7.8274 	EXP 	text_2: autoDraw = False
7.8274 	EXP 	image: image = 'restaurant_critic.jpg'
7.8274 	EXP 	text_2: text = 'Restaurant Critic'
7.8274 	EXP 	image: autoDraw = True
7.8274 	EXP 	text_2: autoDraw = True
7.9641 	DATA 	Keypress: space
7.9782 	EXP 	New trial (rep=0, index=6): OrderedDict([('rolePic', 'dean.jpg'), ('job', 'Dean of Academic Studies')])
8.0286 	EXP 	image: autoDraw = False
8.0286 	EXP 	text_2: autoDraw = False
8.0286 	EXP 	image: image = 'dean.jpg'
8.0286 	EXP 	text_2: text = 'Dean of Academic Studies'
8.0286 	EXP 	image: autoDraw = True
8.0286 	EXP 	text_2: autoDraw = True
8.1633 	DATA 	Keypress: space
8.1640 	EXP 	New trial (rep=0, index=7): OrderedDict([('rolePic', 'business_reporter.jpg'), ('job', 'Business Reporter')])
8.1944 	EXP 	image: autoDraw = False
8.1944 	EXP 	text_2: autoDraw = False
8.1944 	EXP 	image: image = 'business_reporter.jpg'
8.1944 	EXP 	text_2: text = 'Business Reporter'
8.1944 	EXP 	image: autoDraw = True
8.1944 	EXP 	text_2: autoDraw = True
8.3459 	DATA 	Keypress: space
8.3508 	EXP 	Imported instructions2.xlsx as conditions, 7 conditions, 2 params
8.3510 	EXP 	Created sequence: sequential, trialTypes=7, nReps=1, seed=None
8.3512 	EXP 	New trial (rep=0, index=0): OrderedDict([('instruct_text', 'In addition, your task will be to answer job-related questions.\n'), ('instruct_text2', '(press the space bar to continue)')])
8.3776 	EXP 	image: autoDraw = False
8.3776 	EXP 	text_2: autoDraw = False
8.3776 	EXP 	welcome: text = 'In addition, your task will be to answer job-related questions.\n'
8.3776 	EXP 	text_12: text = '(press the space bar to continue)'
8.3776 	EXP 	welcome: autoDraw = True
8.3776 	EXP 	text_12: autoDraw = True
8.5302 	DATA 	Keypress: space
8.5311 	EXP 	New trial (rep=0, index=1): OrderedDict([('instruct_text', 'There are four question per job.'), ('instruct_text2', None)])
8.5615 	EXP 	welcome: autoDraw = False
8.5615 	EXP 	text_12: autoDraw = False
8.5615 	EXP 	welcome: text = 'There are four question per job.'
8.5615 	EXP 	text_12: text = '(press the space bar to continue)'
8.5615 	EXP 	welcome: autoDraw = True
8.5615 	EXP 	text_12: autoDraw = True
8.7298 	DATA 	Keypress: space
8.7305 	EXP 	New trial (rep=0, index=2): OrderedDict([('instruct_text', 'You will have to try to memorize these questions and then remember your answers to the questions.'), ('instruct_text2', None)])
8.7620 	EXP 	welcome: autoDraw = False
8.7620 	EXP 	text_12: autoDraw = False
8.7620 	EXP 	welcome: text = 'You will have to try to memorize these questions and then remember your answers to the questions.'
8.7620 	EXP 	text_12: text = '(press the space bar to continue)'
8.7620 	EXP 	welcome: autoDraw = True
8.7620 	EXP 	text_12: autoDraw = True
8.9302 	DATA 	Keypress: space
8.9311 	EXP 	New trial (rep=0, index=3): OrderedDict([('instruct_text', 'You will be asked about the answers to these questions at end of the experiment. '), ('instruct_text2', None)])
8.9618 	EXP 	welcome: autoDraw = False
8.9618 	EXP 	text_12: autoDraw = False
8.9618 	EXP 	welcome: text = 'You will be asked about the answers to these questions at end of the experiment. '
8.9618 	EXP 	text_12: text = '(press the space bar to continue)'
8.9618 	EXP 	welcome: autoDraw = True
8.9618 	EXP 	text_12: autoDraw = True
9.1134 	DATA 	Keypress: space
9.1141 	EXP 	New trial (rep=0, index=4): OrderedDict([('instruct_text', 'In order to help you memorize the questions, there will be a short quiz on them before the actual task begins.'), ('instruct_text2', None)])
9.1453 	EXP 	welcome: autoDraw = False
9.1453 	EXP 	text_12: autoDraw = False
9.1453 	EXP 	welcome: text = 'In order to help you memorize the questions, there will be a short quiz on them before the actual task begins.'
9.1453 	EXP 	text_12: text = '(press the space bar to continue)'
9.1453 	EXP 	welcome: autoDraw = True
9.1453 	EXP 	text_12: autoDraw = True
9.3134 	DATA 	Keypress: space
9.3298 	EXP 	New trial (rep=0, index=5): OrderedDict([('instruct_text', 'In addition, before each story, there will be a reminder of what these questions are.  '), ('instruct_text2', None)])
9.3622 	EXP 	welcome: autoDraw = False
9.3622 	EXP 	text_12: autoDraw = False
9.3622 	EXP 	welcome: text = 'In addition, before each story, there will be a reminder of what these questions are.  '
9.3622 	EXP 	text_12: text = '(press the space bar to continue)'
9.3622 	EXP 	welcome: autoDraw = True
9.3622 	EXP 	text_12: autoDraw = True
9.5294 	DATA 	Keypress: space
9.5301 	EXP 	New trial (rep=0, index=6): OrderedDict([('instruct_text', 'Press the space bar to begin learning the jobs and the questions for each one.'), ('instruct_text2', None)])
9.5623 	EXP 	welcome: autoDraw = False
9.5623 	EXP 	text_12: autoDraw = False
9.5623 	EXP 	welcome: text = 'Press the space bar to begin learning the jobs and the questions for each one.'
9.5623 	EXP 	text_12: text = '(press the space bar to continue)'
9.5623 	EXP 	welcome: autoDraw = True
9.5623 	EXP 	text_12: autoDraw = True
9.6959 	DATA 	Keypress: space
9.7033 	EXP 	Imported whichRole.xlsx as conditions, 8 conditions, 8 params
9.7035 	EXP 	Created sequence: random, trialTypes=8, nReps=1, seed=None
9.7038 	EXP 	New trial (rep=0, index=0): OrderedDict([('Q1', 'What is the grocery store like upon entering?\n'), ('Q2', 'What items do the clients pick out?\n'), ('Q3', 'How is the checkout line and how long do the clients wait in line?\n'), ('Q4', 'How much are the groceries and what method of payment do the clients use?\n'), ('D1', 'How long does it take for the cashier to scan all of the customers’ groceries?'), ('D2', 'What type of grocery bags do the clients use?'), ('roleName', 'Grocery Store Customer Experience Manager\n'), ('rolePic', 'gscem.jpg')])
9.7041 	EXP 	Created sequence: sequential, trialTypes=1, nReps=5, seed=None
9.7042 	EXP 	New trial (rep=0, index=0): None
9.9478 	DATA 	Keypress: space
9.9784 	EXP 	welcome: autoDraw = False
9.9784 	EXP 	text_12: autoDraw = False
9.9784 	EXP 	text_8: text = 'What is the grocery store like upon entering?\n'
9.9784 	EXP 	text_9: text = 'Grocery Store Customer Experience Manager\n'
9.9784 	EXP 	image_5: image = 'gscem.jpg'
9.9784 	EXP 	text_8: autoDraw = True
9.9784 	EXP 	text_9: autoDraw = True
9.9784 	EXP 	image_5: autoDraw = True
10.1134 	DATA 	Keypress: space
10.3526 	DATA 	Keypress: space
10.3949 	EXP 	text_8: autoDraw = False
10.3949 	EXP 	text_9: autoDraw = False
10.3949 	EXP 	image_5: autoDraw = False
10.3949 	EXP 	text_10: text = 'What items do the clients pick out?\n'
10.3949 	EXP 	text_11: text = 'Grocery Store Customer Experience Manager\n'
10.3949 	EXP 	image_6: image = 'gscem.jpg'
10.3949 	EXP 	text_10: autoDraw = True
10.3949 	EXP 	text_11: autoDraw = True
10.3949 	EXP 	image_6: autoDraw = True
10.7313 	DATA 	Keypress: space
11.0291 	EXP 	text_10: autoDraw = False
11.0291 	EXP 	text_11: autoDraw = False
11.0291 	EXP 	image_6: autoDraw = False
11.0291 	EXP 	text_13: text = 'How is the checkout line and how long do the clients wait in line?\n'
11.0291 	EXP 	text_14: text = 'Grocery Store Customer Experience Manager\n'
11.0291 	EXP 	image_7: image = 'gscem.jpg'
11.0291 	EXP 	text_13: autoDraw = True
11.0291 	EXP 	text_14: autoDraw = True
11.0291 	EXP 	image_7: autoDraw = True
11.0307 	DATA 	Keypress: space
11.3128 	EXP 	text_13: autoDraw = False
11.3128 	EXP 	text_14: autoDraw = False
11.3128 	EXP 	image_7: autoDraw = False
11.3128 	EXP 	text_15: text = 'How much are the groceries and what method of payment do the clients use?\n'
11.3128 	EXP 	text_16: text = 'Grocery Store Customer Experience Manager\n'
11.3128 	EXP 	image_8: image = 'gscem.jpg'
11.3128 	EXP 	text_15: autoDraw = True
11.3128 	EXP 	text_16: autoDraw = True
11.3128 	EXP 	image_8: autoDraw = True
11.7637 	DATA 	Keypress: space
11.7696 	EXP 	Created unnamed ImageStim = ImageStim(__class__=<class 'psychopy.visual.image.ImageStim'>, autoLog=True, color=array([1., 1., 1.]), colorSpace='rgb', contrast=1.0, depth=0, flipHoriz=False, flipVert=False, image='checkmark.png', interpolate=False, mask=None, maskParams=None, name='unnamed ImageStim', opacity=1.0, ori=0.0, pos=array([0., 0.]), size=array([0.2703125 , 0.47222222]), texRes=128, units='norm', win=Window(...))
11.8778 	EXP 	Created unnamed ImageStim = ImageStim(__class__=<class 'psychopy.visual.image.ImageStim'>, autoLog=True, color=array([1., 1., 1.]), colorSpace='rgb', contrast=1.0, depth=0, flipHoriz=False, flipVert=False, image='redx.png', interpolate=False, mask=None, maskParams=None, name='unnamed ImageStim', opacity=1.0, ori=0.0, pos=array([0., 0.]), size=array([1.5625    , 2.77777778]), texRes=128, units='norm', win=Window(...))
11.8888 	EXP 	Created unnamed ImageStim = ImageStim(__class__=<class 'psychopy.visual.image.ImageStim'>, autoLog=True, color=array([1., 1., 1.]), colorSpace='rgb', contrast=1.0, depth=0, flipHoriz=False, flipVert=False, image='thumbsup.png', interpolate=False, mask=None, maskParams=None, name='unnamed ImageStim', opacity=1.0, ori=0.0, pos=array([0., 0.]), size=array([0.375 , 0.7125]), texRes=128, units='norm', win=Window(...))
11.9786 	EXP 	text_15: autoDraw = False
11.9786 	EXP 	text_16: autoDraw = False
11.9786 	EXP 	image_8: autoDraw = False
11.9786 	EXP 	question1_2: text = '1: How is the checkout line and how long do the clients wait in line?\n'
11.9786 	EXP 	question2_2: text = '2: How much are the groceries and what method of payment do the clients use?\n'
11.9786 	EXP 	question3_2: text = '3: How long does it take for the cashier to scan all of the customers’ groceries?'
11.9786 	EXP 	question4_2: text = '4: What type of grocery bags do the clients use?'
11.9786 	EXP 	question5_2: text = '5: What is the grocery store like upon entering?\n'
11.9786 	EXP 	question6_2: text = '6: What items do the clients pick out?\n'
11.9786 	EXP 	question1_2: autoDraw = True
11.9786 	EXP 	question2_2: autoDraw = True
11.9786 	EXP 	question3_2: autoDraw = True
11.9786 	EXP 	question4_2: autoDraw = True
11.9786 	EXP 	question5_2: autoDraw = True
11.9786 	EXP 	question6_2: autoDraw = True
19.4049 	DATA 	Keypress: 6
20.6548 	DATA 	Keypress: 6
22.6837 	EXP 	New trial (rep=1, index=0): None
22.9153 	EXP 	question1_2: autoDraw = False
22.9153 	EXP 	question2_2: autoDraw = False
22.9153 	EXP 	question3_2: autoDraw = False
22.9153 	EXP 	question4_2: autoDraw = False
22.9153 	EXP 	question5_2: autoDraw = False
22.9153 	EXP 	question6_2: autoDraw = False
22.9153 	EXP 	text_8: text = 'What is the grocery store like upon entering?\n'
22.9153 	EXP 	text_9: text = 'Grocery Store Customer Experience Manager\n'
22.9153 	EXP 	image_5: image = 'gscem.jpg'
22.9153 	EXP 	text_8: autoDraw = True
22.9153 	EXP 	text_9: autoDraw = True
22.9153 	EXP 	image_5: autoDraw = True
24.7675 	DATA 	Keypress: space
24.9989 	EXP 	text_8: autoDraw = False
24.9989 	EXP 	text_9: autoDraw = False
24.9989 	EXP 	image_5: autoDraw = False
24.9989 	EXP 	text_10: text = 'What items do the clients pick out?\n'
24.9989 	EXP 	text_11: text = 'Grocery Store Customer Experience Manager\n'
24.9989 	EXP 	image_6: image = 'gscem.jpg'
24.9989 	EXP 	text_10: autoDraw = True
24.9989 	EXP 	text_11: autoDraw = True
24.9989 	EXP 	image_6: autoDraw = True
25.5673 	DATA 	Keypress: space
25.7993 	EXP 	text_10: autoDraw = False
25.7993 	EXP 	text_11: autoDraw = False
25.7993 	EXP 	image_6: autoDraw = False
25.7993 	EXP 	text_13: text = 'How is the checkout line and how long do the clients wait in line?\n'
25.7993 	EXP 	text_14: text = 'Grocery Store Customer Experience Manager\n'
25.7993 	EXP 	image_7: image = 'gscem.jpg'
25.7993 	EXP 	text_13: autoDraw = True
25.7993 	EXP 	text_14: autoDraw = True
25.7993 	EXP 	image_7: autoDraw = True
26.3014 	DATA 	Keypress: space
26.5328 	EXP 	text_13: autoDraw = False
26.5328 	EXP 	text_14: autoDraw = False
26.5328 	EXP 	image_7: autoDraw = False
26.5328 	EXP 	text_15: text = 'How much are the groceries and what method of payment do the clients use?\n'
26.5328 	EXP 	text_16: text = 'Grocery Store Customer Experience Manager\n'
26.5328 	EXP 	image_8: image = 'gscem.jpg'
26.5328 	EXP 	text_15: autoDraw = True
26.5328 	EXP 	text_16: autoDraw = True
26.5328 	EXP 	image_8: autoDraw = True
27.1351 	DATA 	Keypress: space
27.1401 	EXP 	Created unnamed ImageStim = ImageStim(__class__=<class 'psychopy.visual.image.ImageStim'>, autoLog=True, color=array([1., 1., 1.]), colorSpace='rgb', contrast=1.0, depth=0, flipHoriz=False, flipVert=False, image='checkmark.png', interpolate=False, mask=None, maskParams=None, name='unnamed ImageStim', opacity=1.0, ori=0.0, pos=array([0., 0.]), size=array([0.2703125 , 0.47222222]), texRes=128, units='norm', win=Window(...))
27.2424 	EXP 	Created unnamed ImageStim = ImageStim(__class__=<class 'psychopy.visual.image.ImageStim'>, autoLog=True, color=array([1., 1., 1.]), colorSpace='rgb', contrast=1.0, depth=0, flipHoriz=False, flipVert=False, image='redx.png', interpolate=False, mask=None, maskParams=None, name='unnamed ImageStim', opacity=1.0, ori=0.0, pos=array([0., 0.]), size=array([1.5625    , 2.77777778]), texRes=128, units='norm', win=Window(...))
27.2544 	EXP 	Created unnamed ImageStim = ImageStim(__class__=<class 'psychopy.visual.image.ImageStim'>, autoLog=True, color=array([1., 1., 1.]), colorSpace='rgb', contrast=1.0, depth=0, flipHoriz=False, flipVert=False, image='thumbsup.png', interpolate=False, mask=None, maskParams=None, name='unnamed ImageStim', opacity=1.0, ori=0.0, pos=array([0., 0.]), size=array([0.375 , 0.7125]), texRes=128, units='norm', win=Window(...))
27.3338 	EXP 	text_15: autoDraw = False
27.3338 	EXP 	text_16: autoDraw = False
27.3338 	EXP 	image_8: autoDraw = False
27.3338 	EXP 	question1_2: text = '1: How much are the groceries and what method of payment do the clients use?\n'
27.3338 	EXP 	question2_2: text = '2: What is the grocery store like upon entering?\n'
27.3338 	EXP 	question3_2: text = '3: How is the checkout line and how long do the clients wait in line?\n'
27.3338 	EXP 	question4_2: text = '4: What type of grocery bags do the clients use?'
27.3338 	EXP 	question5_2: text = '5: What items do the clients pick out?\n'
27.3338 	EXP 	question6_2: text = '6: How long does it take for the cashier to scan all of the customers’ groceries?'
27.3338 	EXP 	question1_2: autoDraw = True
27.3338 	EXP 	question2_2: autoDraw = True
27.3338 	EXP 	question3_2: autoDraw = True
27.3338 	EXP 	question4_2: autoDraw = True
27.3338 	EXP 	question5_2: autoDraw = True
27.3338 	EXP 	question6_2: autoDraw = True
29.4743 	DATA 	Keypress: 3
34.2214 	DATA 	Keypress: 3
36.2386 	EXP 	New trial (rep=2, index=0): None
36.4696 	EXP 	question1_2: autoDraw = False
36.4696 	EXP 	question2_2: autoDraw = False
36.4696 	EXP 	question3_2: autoDraw = False
36.4696 	EXP 	question4_2: autoDraw = False
36.4696 	EXP 	question5_2: autoDraw = False
36.4696 	EXP 	question6_2: autoDraw = False
36.4696 	EXP 	text_8: text = 'What is the grocery store like upon entering?\n'
36.4696 	EXP 	text_9: text = 'Grocery Store Customer Experience Manager\n'
36.4696 	EXP 	image_5: image = 'gscem.jpg'
36.4696 	EXP 	text_8: autoDraw = True
36.4696 	EXP 	text_9: autoDraw = True
36.4696 	EXP 	image_5: autoDraw = True
37.5207 	DATA 	Keypress: space
37.7532 	EXP 	text_8: autoDraw = False
37.7532 	EXP 	text_9: autoDraw = False
37.7532 	EXP 	image_5: autoDraw = False
37.7532 	EXP 	text_10: text = 'What items do the clients pick out?\n'
37.7532 	EXP 	text_11: text = 'Grocery Store Customer Experience Manager\n'
37.7532 	EXP 	image_6: image = 'gscem.jpg'
37.7532 	EXP 	text_10: autoDraw = True
37.7532 	EXP 	text_11: autoDraw = True
37.7532 	EXP 	image_6: autoDraw = True
38.1053 	DATA 	Keypress: space
38.3377 	EXP 	text_10: autoDraw = False
38.3377 	EXP 	text_11: autoDraw = False
38.3377 	EXP 	image_6: autoDraw = False
38.3377 	EXP 	text_13: text = 'How is the checkout line and how long do the clients wait in line?\n'
38.3377 	EXP 	text_14: text = 'Grocery Store Customer Experience Manager\n'
38.3377 	EXP 	image_7: image = 'gscem.jpg'
38.3377 	EXP 	text_13: autoDraw = True
38.3377 	EXP 	text_14: autoDraw = True
38.3377 	EXP 	image_7: autoDraw = True
38.9889 	DATA 	Keypress: space
39.2211 	EXP 	text_13: autoDraw = False
39.2211 	EXP 	text_14: autoDraw = False
39.2211 	EXP 	image_7: autoDraw = False
39.2211 	EXP 	text_15: text = 'How much are the groceries and what method of payment do the clients use?\n'
39.2211 	EXP 	text_16: text = 'Grocery Store Customer Experience Manager\n'
39.2211 	EXP 	image_8: image = 'gscem.jpg'
39.2211 	EXP 	text_15: autoDraw = True
39.2211 	EXP 	text_16: autoDraw = True
39.2211 	EXP 	image_8: autoDraw = True
40.1219 	DATA 	Keypress: space
40.1269 	EXP 	Created unnamed ImageStim = ImageStim(__class__=<class 'psychopy.visual.image.ImageStim'>, autoLog=True, color=array([1., 1., 1.]), colorSpace='rgb', contrast=1.0, depth=0, flipHoriz=False, flipVert=False, image='checkmark.png', interpolate=False, mask=None, maskParams=None, name='unnamed ImageStim', opacity=1.0, ori=0.0, pos=array([0., 0.]), size=array([0.2703125 , 0.47222222]), texRes=128, units='norm', win=Window(...))
40.2301 	EXP 	Created unnamed ImageStim = ImageStim(__class__=<class 'psychopy.visual.image.ImageStim'>, autoLog=True, color=array([1., 1., 1.]), colorSpace='rgb', contrast=1.0, depth=0, flipHoriz=False, flipVert=False, image='redx.png', interpolate=False, mask=None, maskParams=None, name='unnamed ImageStim', opacity=1.0, ori=0.0, pos=array([0., 0.]), size=array([1.5625    , 2.77777778]), texRes=128, units='norm', win=Window(...))
40.2416 	EXP 	Created unnamed ImageStim = ImageStim(__class__=<class 'psychopy.visual.image.ImageStim'>, autoLog=True, color=array([1., 1., 1.]), colorSpace='rgb', contrast=1.0, depth=0, flipHoriz=False, flipVert=False, image='thumbsup.png', interpolate=False, mask=None, maskParams=None, name='unnamed ImageStim', opacity=1.0, ori=0.0, pos=array([0., 0.]), size=array([0.375 , 0.7125]), texRes=128, units='norm', win=Window(...))
40.3206 	EXP 	text_15: autoDraw = False
40.3206 	EXP 	text_16: autoDraw = False
40.3206 	EXP 	image_8: autoDraw = False
40.3206 	EXP 	question1_2: text = '1: How long does it take for the cashier to scan all of the customers’ groceries?'
40.3206 	EXP 	question2_2: text = '2: What items do the clients pick out?\n'
40.3206 	EXP 	question3_2: text = '3: How is the checkout line and how long do the clients wait in line?\n'
40.3206 	EXP 	question4_2: text = '4: How much are the groceries and what method of payment do the clients use?\n'
40.3206 	EXP 	question5_2: text = '5: What type of grocery bags do the clients use?'
40.3206 	EXP 	question6_2: text = '6: What is the grocery store like upon entering?\n'
40.3206 	EXP 	question1_2: autoDraw = True
40.3206 	EXP 	question2_2: autoDraw = True
40.3206 	EXP 	question3_2: autoDraw = True
40.3206 	EXP 	question4_2: autoDraw = True
40.3206 	EXP 	question5_2: autoDraw = True
40.3206 	EXP 	question6_2: autoDraw = True
43.2907 	DATA 	Keypress: 4
45.0460 	DATA 	Keypress: 3
47.0739 	EXP 	New trial (rep=3, index=0): None
47.2905 	EXP 	question1_2: autoDraw = False
47.2905 	EXP 	question2_2: autoDraw = False
47.2905 	EXP 	question3_2: autoDraw = False
47.2905 	EXP 	question4_2: autoDraw = False
47.2905 	EXP 	question5_2: autoDraw = False
47.2905 	EXP 	question6_2: autoDraw = False
47.2905 	EXP 	text_8: text = 'What is the grocery store like upon entering?\n'
47.2905 	EXP 	text_9: text = 'Grocery Store Customer Experience Manager\n'
47.2905 	EXP 	image_5: image = 'gscem.jpg'
47.2905 	EXP 	text_8: autoDraw = True
47.2905 	EXP 	text_9: autoDraw = True
47.2905 	EXP 	image_5: autoDraw = True
47.3412 	DATA 	Keypress: escape
47.6127 	EXP 	window1: mouseVisible = True
