5.3336 	WARNING 	User requested fullscreen with size [1024  768], but screen is actually [2560, 1440]. Using actual size
5.9911 	EXP 	Created window1 = Window(allowGUI=False, allowStencil=False, args=UNKNOWN, autoLog=True, bitsMode=UNKNOWN, blendMode='avg', color=array([0., 0., 0.]), colorSpace='rgb', fullscr=<method-wrapper '__getattribute__' of attributeSetter object at 0x1247ecc18>, gamma=None, kwargs=UNKNOWN, lms=UNKNOWN, monitor=<psychopy.monitors.calibTools.Monitor object at 0x124171cc0>, multiSample=False, name='window1', numSamples=2, pos=[0.0, 0.0], screen=0, size=array([5120, 2880]), stereo=False, units='norm', useFBO=True, useRetina=True, viewOri=0.0, viewPos=None, viewScale=None, waitBlanking=True, winType='pyglet')
5.9912 	EXP 	window1: recordFrameIntervals = False
6.1570 	EXP 	window1: recordFrameIntervals = True
6.3409 	EXP 	window1: recordFrameIntervals = False
6.4047 	EXP 	Created welcome = TextStim(__class__=<class 'psychopy.visual.text.TextStim'>, alignHoriz='center', alignVert='center', antialias=True, autoLog=True, bold=False, color='white', colorSpace='named', contrast=1.0, depth=0.0, flipHoriz=False, flipVert=False, font='Arial', fontFiles=[], height=0.1, italic=False, languageStyle='LTR', name='welcome', opacity=1.0, ori=0, pos=array([0., 0.]), rgb=array([255., 255., 255.]), text='default text', units='norm', win=Window(...), wrapWidth=1)
6.4081 	EXP 	Created text_12 = TextStim(__class__=<class 'psychopy.visual.text.TextStim'>, alignHoriz='center', alignVert='center', antialias=True, autoLog=True, bold=False, color='white', colorSpace='named', contrast=1.0, depth=-2.0, flipHoriz=False, flipVert=False, font='Arial', fontFiles=[], height=0.1, italic=False, languageStyle='LTR', name='text_12', opacity=1.0, ori=0, pos=array([ 0. , -0.6]), rgb=array([255., 255., 255.]), text='default text', units='norm', win=Window(...), wrapWidth=1)
6.4097 	EXP 	Created image = ImageStim(__class__=<class 'psychopy.visual.image.ImageStim'>, autoLog=True, color=array([1., 1., 1.]), colorSpace='rgb', contrast=1.0, depth=0.0, flipHoriz=False, flipVert=False, image='sin', interpolate=True, mask=None, maskParams=None, name='image', opacity=1.0, ori=0.0, pos=array([0., 0.]), size=array([0.5, 0.5]), texRes=128, units='norm', win=Window(...))
6.4130 	EXP 	Created text_2 = TextStim(__class__=<class 'psychopy.visual.text.TextStim'>, alignHoriz='center', alignVert='center', antialias=True, autoLog=True, bold=False, color='white', colorSpace='named', contrast=1.0, depth=-2.0, flipHoriz=False, flipVert=False, font='Arial', fontFiles=[], height=0.1, italic=False, languageStyle='LTR', name='text_2', opacity=1.0, ori=0, pos=array([ 0. , -0.5]), rgb=array([255., 255., 255.]), text='default text', units='norm', win=Window(...), wrapWidth=1)
6.4162 	EXP 	Created welcome = TextStim(__class__=<class 'psychopy.visual.text.TextStim'>, alignHoriz='center', alignVert='center', antialias=True, autoLog=True, bold=False, color='white', colorSpace='named', contrast=1.0, depth=0.0, flipHoriz=False, flipVert=False, font='Arial', fontFiles=[], height=0.1, italic=False, languageStyle='LTR', name='welcome', opacity=1.0, ori=0, pos=array([0., 0.]), rgb=array([255., 255., 255.]), text='default text', units='norm', win=Window(...), wrapWidth=1)
6.4199 	EXP 	Created text_12 = TextStim(__class__=<class 'psychopy.visual.text.TextStim'>, alignHoriz='center', alignVert='center', antialias=True, autoLog=True, bold=False, color='white', colorSpace='named', contrast=1.0, depth=-2.0, flipHoriz=False, flipVert=False, font='Arial', fontFiles=[], height=0.1, italic=False, languageStyle='LTR', name='text_12', opacity=1.0, ori=0, pos=array([ 0. , -0.6]), rgb=array([255., 255., 255.]), text='default text', units='norm', win=Window(...), wrapWidth=1)
6.4235 	EXP 	Created text_8 = TextStim(__class__=<class 'psychopy.visual.text.TextStim'>, alignHoriz='center', alignVert='center', antialias=True, autoLog=True, bold=False, color='white', colorSpace='named', contrast=1.0, depth=0.0, flipHoriz=False, flipVert=False, font='Arial', fontFiles=[], height=0.1, italic=False, languageStyle='LTR', name='text_8', opacity=1.0, ori=0, pos=array([ 0. , -0.4]), rgb=array([255., 255., 255.]), text='default text', units='norm', win=Window(...), wrapWidth=1)
6.4269 	EXP 	Created text_9 = TextStim(__class__=<class 'psychopy.visual.text.TextStim'>, alignHoriz='center', alignVert='center', antialias=True, autoLog=True, bold=False, color='white', colorSpace='named', contrast=1.0, depth=-1.0, flipHoriz=False, flipVert=False, font='Arial', fontFiles=[], height=0.1, italic=False, languageStyle='LTR', name='text_9', opacity=1.0, ori=0, pos=array([-0.25,  0.25]), rgb=array([255., 255., 255.]), text='default text', units='norm', win=Window(...), wrapWidth=0.5)
6.4282 	EXP 	Created image_5 = ImageStim(__class__=<class 'psychopy.visual.image.ImageStim'>, autoLog=True, color=array([1., 1., 1.]), colorSpace='rgb', contrast=1.0, depth=-2.0, flipHoriz=False, flipVert=False, image='sin', interpolate=True, mask=None, maskParams=None, name='image_5', opacity=1.0, ori=0.0, pos=array([0.25, 0.25]), size=array([0.5, 0.5]), texRes=128, units='norm', win=Window(...))
6.4316 	EXP 	Created text_10 = TextStim(__class__=<class 'psychopy.visual.text.TextStim'>, alignHoriz='center', alignVert='center', antialias=True, autoLog=True, bold=False, color='white', colorSpace='named', contrast=1.0, depth=0.0, flipHoriz=False, flipVert=False, font='Arial', fontFiles=[], height=0.1, italic=False, languageStyle='LTR', name='text_10', opacity=1.0, ori=0, pos=array([ 0. , -0.4]), rgb=array([255., 255., 255.]), text='default text', units='norm', win=Window(...), wrapWidth=1)
6.4351 	EXP 	Created text_11 = TextStim(__class__=<class 'psychopy.visual.text.TextStim'>, alignHoriz='center', alignVert='center', antialias=True, autoLog=True, bold=False, color='white', colorSpace='named', contrast=1.0, depth=-1.0, flipHoriz=False, flipVert=False, font='Arial', fontFiles=[], height=0.1, italic=False, languageStyle='LTR', name='text_11', opacity=1.0, ori=0, pos=array([-0.25,  0.25]), rgb=array([255., 255., 255.]), text='default text', units='norm', win=Window(...), wrapWidth=0.5)
6.4364 	EXP 	Created image_6 = ImageStim(__class__=<class 'psychopy.visual.image.ImageStim'>, autoLog=True, color=array([1., 1., 1.]), colorSpace='rgb', contrast=1.0, depth=-2.0, flipHoriz=False, flipVert=False, image='sin', interpolate=True, mask=None, maskParams=None, name='image_6', opacity=1.0, ori=0.0, pos=array([0.25, 0.25]), size=array([0.5, 0.5]), texRes=128, units='norm', win=Window(...))
6.4401 	EXP 	Created text_13 = TextStim(__class__=<class 'psychopy.visual.text.TextStim'>, alignHoriz='center', alignVert='center', antialias=True, autoLog=True, bold=False, color='white', colorSpace='named', contrast=1.0, depth=0.0, flipHoriz=False, flipVert=False, font='Arial', fontFiles=[], height=0.1, italic=False, languageStyle='LTR', name='text_13', opacity=1.0, ori=0, pos=array([ 0. , -0.4]), rgb=array([255., 255., 255.]), text='default text', units='norm', win=Window(...), wrapWidth=1)
6.4435 	EXP 	Created text_14 = TextStim(__class__=<class 'psychopy.visual.text.TextStim'>, alignHoriz='center', alignVert='center', antialias=True, autoLog=True, bold=False, color='white', colorSpace='named', contrast=1.0, depth=-1.0, flipHoriz=False, flipVert=False, font='Arial', fontFiles=[], height=0.1, italic=False, languageStyle='LTR', name='text_14', opacity=1.0, ori=0, pos=array([-0.25,  0.25]), rgb=array([255., 255., 255.]), text='default text', units='norm', win=Window(...), wrapWidth=0.5)
6.4448 	EXP 	Created image_7 = ImageStim(__class__=<class 'psychopy.visual.image.ImageStim'>, autoLog=True, color=array([1., 1., 1.]), colorSpace='rgb', contrast=1.0, depth=-2.0, flipHoriz=False, flipVert=False, image='sin', interpolate=True, mask=None, maskParams=None, name='image_7', opacity=1.0, ori=0.0, pos=array([0.25, 0.25]), size=array([0.5, 0.5]), texRes=128, units='norm', win=Window(...))
6.4481 	EXP 	Created text_15 = TextStim(__class__=<class 'psychopy.visual.text.TextStim'>, alignHoriz='center', alignVert='center', antialias=True, autoLog=True, bold=False, color='white', colorSpace='named', contrast=1.0, depth=0.0, flipHoriz=False, flipVert=False, font='Arial', fontFiles=[], height=0.1, italic=False, languageStyle='LTR', name='text_15', opacity=1.0, ori=0, pos=array([ 0. , -0.4]), rgb=array([255., 255., 255.]), text='default text', units='norm', win=Window(...), wrapWidth=1)
6.4515 	EXP 	Created text_16 = TextStim(__class__=<class 'psychopy.visual.text.TextStim'>, alignHoriz='center', alignVert='center', antialias=True, autoLog=True, bold=False, color='white', colorSpace='named', contrast=1.0, depth=-1.0, flipHoriz=False, flipVert=False, font='Arial', fontFiles=[], height=0.1, italic=False, languageStyle='LTR', name='text_16', opacity=1.0, ori=0, pos=array([-0.25,  0.25]), rgb=array([255., 255., 255.]), text='default text', units='norm', win=Window(...), wrapWidth=0.5)
6.4528 	EXP 	Created image_8 = ImageStim(__class__=<class 'psychopy.visual.image.ImageStim'>, autoLog=True, color=array([1., 1., 1.]), colorSpace='rgb', contrast=1.0, depth=-2.0, flipHoriz=False, flipVert=False, image='sin', interpolate=True, mask=None, maskParams=None, name='image_8', opacity=1.0, ori=0.0, pos=array([0.25, 0.25]), size=array([0.5, 0.5]), texRes=128, units='norm', win=Window(...))
6.4575 	EXP 	Created question1_2 = TextStim(__class__=<class 'psychopy.visual.text.TextStim'>, alignHoriz='center', alignVert='center', antialias=True, autoLog=True, bold=False, color='white', colorSpace='named', contrast=1.0, depth=-1.0, flipHoriz=False, flipVert=False, font='Arial', fontFiles=[], height=0.1, italic=False, languageStyle='LTR', name='question1_2', opacity=1.0, ori=0, pos=array([0. , 0.6]), rgb=array([255., 255., 255.]), text='default text', units='norm', win=Window(...), wrapWidth=2)
6.4608 	EXP 	Created question2_2 = TextStim(__class__=<class 'psychopy.visual.text.TextStim'>, alignHoriz='center', alignVert='center', antialias=True, autoLog=True, bold=False, color='white', colorSpace='named', contrast=1.0, depth=-2.0, flipHoriz=False, flipVert=False, font='Arial', fontFiles=[], height=0.1, italic=False, languageStyle='LTR', name='question2_2', opacity=1.0, ori=0, pos=array([0.  , 0.35]), rgb=array([255., 255., 255.]), text='default text', units='norm', win=Window(...), wrapWidth=2)
6.4642 	EXP 	Created question3_2 = TextStim(__class__=<class 'psychopy.visual.text.TextStim'>, alignHoriz='center', alignVert='center', antialias=True, autoLog=True, bold=False, color='white', colorSpace='named', contrast=1.0, depth=-3.0, flipHoriz=False, flipVert=False, font='Arial', fontFiles=[], height=0.1, italic=False, languageStyle='LTR', name='question3_2', opacity=1.0, ori=0, pos=array([0.  , 0.12]), rgb=array([255., 255., 255.]), text='default text', units='norm', win=Window(...), wrapWidth=2)
6.4677 	EXP 	Created question4_2 = TextStim(__class__=<class 'psychopy.visual.text.TextStim'>, alignHoriz='center', alignVert='center', antialias=True, autoLog=True, bold=False, color='white', colorSpace='named', contrast=1.0, depth=-4.0, flipHoriz=False, flipVert=False, font='Arial', fontFiles=[], height=0.1, italic=False, languageStyle='LTR', name='question4_2', opacity=1.0, ori=0, pos=array([ 0.  , -0.12]), rgb=array([255., 255., 255.]), text='default text', units='norm', win=Window(...), wrapWidth=2)
6.4710 	EXP 	Created question5_2 = TextStim(__class__=<class 'psychopy.visual.text.TextStim'>, alignHoriz='center', alignVert='center', antialias=True, autoLog=True, bold=False, color='white', colorSpace='named', contrast=1.0, depth=-5.0, flipHoriz=False, flipVert=False, font='Arial', fontFiles=[], height=0.1, italic=False, languageStyle='LTR', name='question5_2', opacity=1.0, ori=0, pos=array([ 0.  , -0.35]), rgb=array([255., 255., 255.]), text='default text', units='norm', win=Window(...), wrapWidth=2)
6.4745 	EXP 	Created question6_2 = TextStim(__class__=<class 'psychopy.visual.text.TextStim'>, alignHoriz='center', alignVert='center', antialias=True, autoLog=True, bold=False, color='white', colorSpace='named', contrast=1.0, depth=-6.0, flipHoriz=False, flipVert=False, font='Arial', fontFiles=[], height=0.1, italic=False, languageStyle='LTR', name='question6_2', opacity=1.0, ori=0, pos=array([ 0. , -0.6]), rgb=array([255., 255., 255.]), text='default text', units='norm', win=Window(...), wrapWidth=2)
6.4814 	EXP 	Created text_3 = TextStim(__class__=<class 'psychopy.visual.text.TextStim'>, alignHoriz='center', alignVert='center', antialias=True, autoLog=True, bold=False, color='white', colorSpace='named', contrast=1.0, depth=0.0, flipHoriz=False, flipVert=False, font='Arial', fontFiles=[], height=0.1, italic=False, languageStyle='LTR', name='text_3', opacity=1.0, ori=0, pos=array([0., 0.]), rgb=array([255., 255., 255.]), text='Final Tests', units='norm', win=Window(...), wrapWidth=1)
6.4827 	EXP 	Created image_2 = ImageStim(__class__=<class 'psychopy.visual.image.ImageStim'>, autoLog=True, color=array([1., 1., 1.]), colorSpace='rgb', contrast=1.0, depth=0.0, flipHoriz=False, flipVert=False, image='sin', interpolate=True, mask=None, maskParams=None, name='image_2', opacity=1.0, ori=0.0, pos=array([0., 0.]), size=array([0.5, 0.5]), texRes=128, units='norm', win=Window(...))
6.4861 	EXP 	Created text_4 = TextStim(__class__=<class 'psychopy.visual.text.TextStim'>, alignHoriz='center', alignVert='center', antialias=True, autoLog=True, bold=False, color='white', colorSpace='named', contrast=1.0, depth=-2.0, flipHoriz=False, flipVert=False, font='Arial', fontFiles=[], height=0.1, italic=False, languageStyle='LTR', name='text_4', opacity=1.0, ori=0, pos=array([ 0. , -0.5]), rgb=array([255., 255., 255.]), text='default text', units='norm', win=Window(...), wrapWidth=1)
6.4897 	EXP 	Created question1 = TextStim(__class__=<class 'psychopy.visual.text.TextStim'>, alignHoriz='center', alignVert='center', antialias=True, autoLog=True, bold=False, color='white', colorSpace='named', contrast=1.0, depth=-1.0, flipHoriz=False, flipVert=False, font='Arial', fontFiles=[], height=0.1, italic=False, languageStyle='LTR', name='question1', opacity=1.0, ori=0, pos=array([0. , 0.6]), rgb=array([255., 255., 255.]), text='default text', units='norm', win=Window(...), wrapWidth=2)
6.4931 	EXP 	Created question2 = TextStim(__class__=<class 'psychopy.visual.text.TextStim'>, alignHoriz='center', alignVert='center', antialias=True, autoLog=True, bold=False, color='white', colorSpace='named', contrast=1.0, depth=-2.0, flipHoriz=False, flipVert=False, font='Arial', fontFiles=[], height=0.1, italic=False, languageStyle='LTR', name='question2', opacity=1.0, ori=0, pos=array([0.  , 0.35]), rgb=array([255., 255., 255.]), text='default text', units='norm', win=Window(...), wrapWidth=2)
6.4964 	EXP 	Created question3 = TextStim(__class__=<class 'psychopy.visual.text.TextStim'>, alignHoriz='center', alignVert='center', antialias=True, autoLog=True, bold=False, color='white', colorSpace='named', contrast=1.0, depth=-3.0, flipHoriz=False, flipVert=False, font='Arial', fontFiles=[], height=0.1, italic=False, languageStyle='LTR', name='question3', opacity=1.0, ori=0, pos=array([0.  , 0.12]), rgb=array([255., 255., 255.]), text='default text', units='norm', win=Window(...), wrapWidth=2)
6.4999 	EXP 	Created question4 = TextStim(__class__=<class 'psychopy.visual.text.TextStim'>, alignHoriz='center', alignVert='center', antialias=True, autoLog=True, bold=False, color='white', colorSpace='named', contrast=1.0, depth=-4.0, flipHoriz=False, flipVert=False, font='Arial', fontFiles=[], height=0.1, italic=False, languageStyle='LTR', name='question4', opacity=1.0, ori=0, pos=array([ 0.  , -0.12]), rgb=array([255., 255., 255.]), text='default text', units='norm', win=Window(...), wrapWidth=2)
6.5032 	EXP 	Created question5 = TextStim(__class__=<class 'psychopy.visual.text.TextStim'>, alignHoriz='center', alignVert='center', antialias=True, autoLog=True, bold=False, color='white', colorSpace='named', contrast=1.0, depth=-5.0, flipHoriz=False, flipVert=False, font='Arial', fontFiles=[], height=0.1, italic=False, languageStyle='LTR', name='question5', opacity=1.0, ori=0, pos=array([ 0.  , -0.35]), rgb=array([255., 255., 255.]), text='default text', units='norm', win=Window(...), wrapWidth=2)
6.5066 	EXP 	Created question6 = TextStim(__class__=<class 'psychopy.visual.text.TextStim'>, alignHoriz='center', alignVert='center', antialias=True, autoLog=True, bold=False, color='white', colorSpace='named', contrast=1.0, depth=-6.0, flipHoriz=False, flipVert=False, font='Arial', fontFiles=[], height=0.1, italic=False, languageStyle='LTR', name='question6', opacity=1.0, ori=0, pos=array([ 0. , -0.6]), rgb=array([255., 255., 255.]), text='default text', units='norm', win=Window(...), wrapWidth=2)
6.5125 	EXP 	Created text = TextStim(__class__=<class 'psychopy.visual.text.TextStim'>, alignHoriz='center', alignVert='center', antialias=True, autoLog=True, bold=False, color='white', colorSpace='named', contrast=1.0, depth=0.0, flipHoriz=False, flipVert=False, font='Arial', fontFiles=[], height=0.1, italic=False, languageStyle='LTR', name='text', opacity=1.0, ori=0, pos=array([0., 0.]), rgb=array([255., 255., 255.]), text='end of introduction', units='norm', win=Window(...), wrapWidth=1)
6.5195 	EXP 	Imported instructions.xlsx as conditions, 6 conditions, 2 params
6.5197 	EXP 	Created sequence: sequential, trialTypes=6, nReps=1, seed=None
6.5200 	EXP 	New trial (rep=0, index=0): OrderedDict([('instruct_text', 'Welcome to the Job Simulator Task!'), ('instruct_text2', '(press the space bar to continue)')])
6.5585 	EXP 	welcome: text = 'Welcome to the Job Simulator Task!'
6.5585 	EXP 	text_12: text = '(press the space bar to continue)'
6.5585 	EXP 	welcome: autoDraw = True
6.5585 	EXP 	text_12: autoDraw = True
6.6109 	DATA 	Keypress: space
6.6117 	EXP 	New trial (rep=0, index=1): OrderedDict([('instruct_text', 'In this task, you will read 16 stories. During each one you will simulate having one job.\n'), ('instruct_text2', None)])
6.6576 	EXP 	welcome: autoDraw = False
6.6576 	EXP 	text_12: autoDraw = False
6.6576 	EXP 	welcome: text = 'In this task, you will read 16 stories. During each one you will simulate having one job.\n'
6.6576 	EXP 	text_12: text = '(press the space bar to continue)'
6.6576 	EXP 	welcome: autoDraw = True
6.6576 	EXP 	text_12: autoDraw = True
7.0935 	DATA 	Keypress: space
7.1091 	EXP 	New trial (rep=0, index=2): OrderedDict([('instruct_text', 'This job will be assigned to you before each story. '), ('instruct_text2', None)])
7.1409 	EXP 	welcome: autoDraw = False
7.1409 	EXP 	text_12: autoDraw = False
7.1409 	EXP 	welcome: text = 'This job will be assigned to you before each story. '
7.1409 	EXP 	text_12: text = '(press the space bar to continue)'
7.1409 	EXP 	welcome: autoDraw = True
7.1409 	EXP 	text_12: autoDraw = True
8.2760 	DATA 	Keypress: space
8.2767 	EXP 	New trial (rep=0, index=3): OrderedDict([('instruct_text', 'While reading each story, you should imagine yourself as having that job. '), ('instruct_text2', None)])
8.3090 	EXP 	welcome: autoDraw = False
8.3090 	EXP 	text_12: autoDraw = False
8.3090 	EXP 	welcome: text = 'While reading each story, you should imagine yourself as having that job. '
8.3090 	EXP 	text_12: text = '(press the space bar to continue)'
8.3090 	EXP 	welcome: autoDraw = True
8.3090 	EXP 	text_12: autoDraw = True
8.5093 	DATA 	Keypress: space
8.5100 	EXP 	New trial (rep=0, index=4): OrderedDict([('instruct_text', 'There are 8 possible jobs you could be asked to simulate.'), ('instruct_text2', None)])
8.5422 	EXP 	welcome: autoDraw = False
8.5422 	EXP 	text_12: autoDraw = False
8.5422 	EXP 	welcome: text = 'There are 8 possible jobs you could be asked to simulate.'
8.5422 	EXP 	text_12: text = '(press the space bar to continue)'
8.5422 	EXP 	welcome: autoDraw = True
8.5422 	EXP 	text_12: autoDraw = True
8.7097 	DATA 	Keypress: space
8.7104 	EXP 	New trial (rep=0, index=5): OrderedDict([('instruct_text', 'These jobs are as follows:'), ('instruct_text2', None)])
8.7415 	EXP 	welcome: autoDraw = False
8.7415 	EXP 	text_12: autoDraw = False
8.7415 	EXP 	welcome: text = 'These jobs are as follows:'
8.7415 	EXP 	text_12: text = '(press the space bar to continue)'
8.7415 	EXP 	welcome: autoDraw = True
8.7415 	EXP 	text_12: autoDraw = True
8.9094 	DATA 	Keypress: space
8.9141 	EXP 	Imported jobsPics.xlsx as conditions, 8 conditions, 2 params
8.9143 	EXP 	Created sequence: random, trialTypes=8, nReps=1, seed=None
8.9146 	EXP 	New trial (rep=0, index=0): OrderedDict([('rolePic', 'dean.jpg'), ('job', 'Dean of Academic Studies')])
8.9918 	EXP 	welcome: autoDraw = False
8.9918 	EXP 	text_12: autoDraw = False
8.9918 	EXP 	image: image = 'dean.jpg'
8.9918 	EXP 	text_2: text = 'Dean of Academic Studies'
8.9918 	EXP 	image: autoDraw = True
8.9918 	EXP 	text_2: autoDraw = True
9.1601 	DATA 	Keypress: space
9.1609 	EXP 	New trial (rep=0, index=1): OrderedDict([('rolePic', 'matchmaker.jpg'), ('job', 'Matchmaker')])
9.1913 	EXP 	image: autoDraw = False
9.1913 	EXP 	text_2: autoDraw = False
9.1913 	EXP 	image: image = 'matchmaker.jpg'
9.1913 	EXP 	text_2: text = 'Matchmaker'
9.1913 	EXP 	image: autoDraw = True
9.1913 	EXP 	text_2: autoDraw = True
9.5263 	DATA 	Keypress: space
9.5270 	EXP 	New trial (rep=0, index=2): OrderedDict([('rolePic', 'weddingplanner.jpg'), ('job', 'Wedding Planner')])
9.8557 	DATA 	Keypress: space
9.8748 	EXP 	image: autoDraw = False
9.8748 	EXP 	text_2: autoDraw = False
9.8748 	EXP 	image: image = 'weddingplanner.jpg'
9.8748 	EXP 	text_2: text = 'Wedding Planner'
9.8748 	EXP 	image: autoDraw = True
9.8748 	EXP 	text_2: autoDraw = True
10.2267 	DATA 	Keypress: space
10.2274 	EXP 	New trial (rep=0, index=3): OrderedDict([('rolePic', 'couples.jpeg'), ('job', 'Couples Therapist\n')])
10.2917 	EXP 	image: autoDraw = False
10.2917 	EXP 	text_2: autoDraw = False
10.2917 	EXP 	image: image = 'couples.jpeg'
10.2917 	EXP 	text_2: text = 'Couples Therapist\n'
10.2917 	EXP 	image: autoDraw = True
10.2917 	EXP 	text_2: autoDraw = True
10.6762 	DATA 	Keypress: space
10.6769 	EXP 	New trial (rep=0, index=4): OrderedDict([('rolePic', 'acem.jpg'), ('job', 'Airport Customer Experience Manager')])
10.7091 	EXP 	image: autoDraw = False
10.7091 	EXP 	text_2: autoDraw = False
10.7091 	EXP 	image: image = 'acem.jpg'
10.7091 	EXP 	text_2: text = 'Airport Customer Experience Manager'
10.7091 	EXP 	image: autoDraw = True
10.7091 	EXP 	text_2: autoDraw = True
11.1098 	DATA 	Keypress: space
11.1105 	EXP 	New trial (rep=0, index=5): OrderedDict([('rolePic', 'business_reporter.jpg'), ('job', 'Business Reporter')])
11.1417 	EXP 	image: autoDraw = False
11.1417 	EXP 	text_2: autoDraw = False
11.1417 	EXP 	image: image = 'business_reporter.jpg'
11.1417 	EXP 	text_2: text = 'Business Reporter'
11.1417 	EXP 	image: autoDraw = True
11.1417 	EXP 	text_2: autoDraw = True
11.4937 	DATA 	Keypress: space
11.4943 	EXP 	New trial (rep=0, index=6): OrderedDict([('rolePic', 'gscem.jpg'), ('job', 'Grocery Store Customer Experience Manager\n')])
11.7427 	EXP 	image: autoDraw = False
11.7427 	EXP 	text_2: autoDraw = False
11.7427 	EXP 	image: image = 'gscem.jpg'
11.7427 	EXP 	text_2: text = 'Grocery Store Customer Experience Manager\n'
11.7427 	EXP 	image: autoDraw = True
11.7427 	EXP 	text_2: autoDraw = True
12.2775 	DATA 	Keypress: space
12.2782 	EXP 	New trial (rep=0, index=7): OrderedDict([('rolePic', 'restaurant_critic.jpg'), ('job', 'Restaurant Critic')])
12.3096 	EXP 	image: autoDraw = False
12.3096 	EXP 	text_2: autoDraw = False
12.3096 	EXP 	image: image = 'restaurant_critic.jpg'
12.3096 	EXP 	text_2: text = 'Restaurant Critic'
12.3096 	EXP 	image: autoDraw = True
12.3096 	EXP 	text_2: autoDraw = True
12.7440 	DATA 	Keypress: space
12.7492 	EXP 	Imported instructions2.xlsx as conditions, 7 conditions, 2 params
12.7494 	EXP 	Created sequence: sequential, trialTypes=7, nReps=1, seed=None
12.7496 	EXP 	New trial (rep=0, index=0): OrderedDict([('instruct_text', 'In addition, your task will be to answer job-related questions.\n'), ('instruct_text2', '(press the space bar to continue)')])
12.7762 	EXP 	image: autoDraw = False
12.7762 	EXP 	text_2: autoDraw = False
12.7762 	EXP 	welcome: text = 'In addition, your task will be to answer job-related questions.\n'
12.7762 	EXP 	text_12: text = '(press the space bar to continue)'
12.7762 	EXP 	welcome: autoDraw = True
12.7762 	EXP 	text_12: autoDraw = True
13.5295 	DATA 	Keypress: space
13.5438 	EXP 	New trial (rep=0, index=1): OrderedDict([('instruct_text', 'There are four question per job.'), ('instruct_text2', None)])
13.5764 	EXP 	welcome: autoDraw = False
13.5764 	EXP 	text_12: autoDraw = False
13.5764 	EXP 	welcome: text = 'There are four question per job.'
13.5764 	EXP 	text_12: text = '(press the space bar to continue)'
13.5764 	EXP 	welcome: autoDraw = True
13.5764 	EXP 	text_12: autoDraw = True
13.8442 	DATA 	Keypress: space
13.8449 	EXP 	New trial (rep=0, index=2): OrderedDict([('instruct_text', 'You will have to try to memorize these questions and then remember your answers to the questions.'), ('instruct_text2', None)])
13.8771 	EXP 	welcome: autoDraw = False
13.8771 	EXP 	text_12: autoDraw = False
13.8771 	EXP 	welcome: text = 'You will have to try to memorize these questions and then remember your answers to the questions.'
13.8771 	EXP 	text_12: text = '(press the space bar to continue)'
13.8771 	EXP 	welcome: autoDraw = True
13.8771 	EXP 	text_12: autoDraw = True
14.1610 	DATA 	Keypress: space
14.1618 	EXP 	New trial (rep=0, index=3): OrderedDict([('instruct_text', 'You will be asked about the answers to these questions at end of the experiment. '), ('instruct_text2', None)])
14.1931 	EXP 	welcome: autoDraw = False
14.1931 	EXP 	text_12: autoDraw = False
14.1931 	EXP 	welcome: text = 'You will be asked about the answers to these questions at end of the experiment. '
14.1931 	EXP 	text_12: text = '(press the space bar to continue)'
14.1931 	EXP 	welcome: autoDraw = True
14.1931 	EXP 	text_12: autoDraw = True
14.4625 	DATA 	Keypress: space
14.4772 	EXP 	New trial (rep=0, index=4): OrderedDict([('instruct_text', 'In order to help you memorize the questions, there will be a short quiz on them before the actual task begins.'), ('instruct_text2', None)])
14.5105 	EXP 	welcome: autoDraw = False
14.5105 	EXP 	text_12: autoDraw = False
14.5105 	EXP 	welcome: text = 'In order to help you memorize the questions, there will be a short quiz on them before the actual task begins.'
14.5105 	EXP 	text_12: text = '(press the space bar to continue)'
14.5105 	EXP 	welcome: autoDraw = True
14.5105 	EXP 	text_12: autoDraw = True
14.8111 	DATA 	Keypress: space
14.8118 	EXP 	New trial (rep=0, index=5): OrderedDict([('instruct_text', 'In addition, before each story, there will be a reminder of what these questions are.  '), ('instruct_text2', None)])
14.8431 	EXP 	welcome: autoDraw = False
14.8431 	EXP 	text_12: autoDraw = False
14.8431 	EXP 	welcome: text = 'In addition, before each story, there will be a reminder of what these questions are.  '
14.8431 	EXP 	text_12: text = '(press the space bar to continue)'
14.8431 	EXP 	welcome: autoDraw = True
14.8431 	EXP 	text_12: autoDraw = True
15.2785 	DATA 	Keypress: space
15.2793 	EXP 	New trial (rep=0, index=6): OrderedDict([('instruct_text', 'Press the space bar to begin learning the jobs and the questions for each one.'), ('instruct_text2', None)])
15.3101 	EXP 	welcome: autoDraw = False
15.3101 	EXP 	text_12: autoDraw = False
15.3101 	EXP 	welcome: text = 'Press the space bar to begin learning the jobs and the questions for each one.'
15.3101 	EXP 	text_12: text = '(press the space bar to continue)'
15.3101 	EXP 	welcome: autoDraw = True
15.3101 	EXP 	text_12: autoDraw = True
15.8120 	DATA 	Keypress: space
15.8194 	EXP 	Imported whichRole.xlsx as conditions, 8 conditions, 8 params
15.8196 	EXP 	Created sequence: random, trialTypes=8, nReps=1, seed=None
15.8199 	EXP 	New trial (rep=0, index=0): OrderedDict([('Q1', 'How is the restaurant decorated?'), ('Q2', 'What are the menus like?'), ('Q3', 'What do the clients order?\n'), ('Q4', 'How do the clients like the food?'), ('D1', 'How old is the waiter?'), ('D2', 'What meal is being served?'), ('roleName', 'Restaurant Critic'), ('rolePic', 'restaurant_critic.jpg')])
15.8201 	EXP 	Created sequence: sequential, trialTypes=1, nReps=5, seed=None
15.8203 	EXP 	New trial (rep=0, index=0): None
15.8597 	EXP 	welcome: autoDraw = False
15.8597 	EXP 	text_12: autoDraw = False
15.8597 	EXP 	text_8: text = 'How is the restaurant decorated?'
15.8597 	EXP 	text_9: text = 'Restaurant Critic'
15.8597 	EXP 	image_5: image = 'restaurant_critic.jpg'
15.8597 	EXP 	text_8: autoDraw = True
15.8597 	EXP 	text_9: autoDraw = True
15.8597 	EXP 	image_5: autoDraw = True
16.6462 	DATA 	Keypress: space
16.6781 	EXP 	text_8: autoDraw = False
16.6781 	EXP 	text_9: autoDraw = False
16.6781 	EXP 	image_5: autoDraw = False
16.6781 	EXP 	text_10: text = 'What are the menus like?'
16.6781 	EXP 	text_11: text = 'Restaurant Critic'
16.6781 	EXP 	image_6: image = 'restaurant_critic.jpg'
16.6781 	EXP 	text_10: autoDraw = True
16.6781 	EXP 	text_11: autoDraw = True
16.6781 	EXP 	image_6: autoDraw = True
17.0122 	DATA 	Keypress: space
17.0443 	EXP 	text_10: autoDraw = False
17.0443 	EXP 	text_11: autoDraw = False
17.0443 	EXP 	image_6: autoDraw = False
17.0443 	EXP 	text_13: text = 'What do the clients order?\n'
17.0443 	EXP 	text_14: text = 'Restaurant Critic'
17.0443 	EXP 	image_7: image = 'restaurant_critic.jpg'
17.0443 	EXP 	text_13: autoDraw = True
17.0443 	EXP 	text_14: autoDraw = True
17.0443 	EXP 	image_7: autoDraw = True
18.0959 	DATA 	Keypress: space
18.1453 	EXP 	text_13: autoDraw = False
18.1453 	EXP 	text_14: autoDraw = False
18.1453 	EXP 	image_7: autoDraw = False
18.1453 	EXP 	text_15: text = 'How do the clients like the food?'
18.1453 	EXP 	text_16: text = 'Restaurant Critic'
18.1453 	EXP 	image_8: image = 'restaurant_critic.jpg'
18.1453 	EXP 	text_15: autoDraw = True
18.1453 	EXP 	text_16: autoDraw = True
18.1453 	EXP 	image_8: autoDraw = True
18.8959 	DATA 	Keypress: space
18.9011 	EXP 	Created unnamed ImageStim = ImageStim(__class__=<class 'psychopy.visual.image.ImageStim'>, autoLog=True, color=array([1., 1., 1.]), colorSpace='rgb', contrast=1.0, depth=0, flipHoriz=False, flipVert=False, image='checkmark.png', interpolate=False, mask=None, maskParams=None, name='unnamed ImageStim', opacity=1.0, ori=0.0, pos=array([0., 0.]), size=array([0.2703125 , 0.47222222]), texRes=128, units='norm', win=Window(...))
19.0093 	EXP 	Created unnamed ImageStim = ImageStim(__class__=<class 'psychopy.visual.image.ImageStim'>, autoLog=True, color=array([1., 1., 1.]), colorSpace='rgb', contrast=1.0, depth=0, flipHoriz=False, flipVert=False, image='redx.png', interpolate=False, mask=None, maskParams=None, name='unnamed ImageStim', opacity=1.0, ori=0.0, pos=array([0., 0.]), size=array([1.5625    , 2.77777778]), texRes=128, units='norm', win=Window(...))
19.0206 	EXP 	Created unnamed ImageStim = ImageStim(__class__=<class 'psychopy.visual.image.ImageStim'>, autoLog=True, color=array([1., 1., 1.]), colorSpace='rgb', contrast=1.0, depth=0, flipHoriz=False, flipVert=False, image='thumbsup.png', interpolate=False, mask=None, maskParams=None, name='unnamed ImageStim', opacity=1.0, ori=0.0, pos=array([0., 0.]), size=array([0.375 , 0.7125]), texRes=128, units='norm', win=Window(...))
19.0920 	EXP 	text_15: autoDraw = False
19.0920 	EXP 	text_16: autoDraw = False
19.0920 	EXP 	image_8: autoDraw = False
19.0920 	EXP 	question1_2: text = '1: What meal is being served?'
19.0920 	EXP 	question2_2: text = '2: How is the restaurant decorated?'
19.0920 	EXP 	question3_2: text = '3: How do the clients like the food?'
19.0920 	EXP 	question4_2: text = '4: What do the clients order?\n'
19.0920 	EXP 	question5_2: text = '5: What are the menus like?'
19.0920 	EXP 	question6_2: text = '6: How old is the waiter?'
19.0920 	EXP 	question1_2: autoDraw = True
19.0920 	EXP 	question2_2: autoDraw = True
19.0920 	EXP 	question3_2: autoDraw = True
19.0920 	EXP 	question4_2: autoDraw = True
19.0920 	EXP 	question5_2: autoDraw = True
19.0920 	EXP 	question6_2: autoDraw = True
22.3150 	DATA 	Keypress: 4
26.0317 	DATA 	Keypress: 5
27.8492 	DATA 	Keypress: escape
28.0480 	EXP 	New trial (rep=1, index=0): None
28.0786 	EXP 	question1_2: autoDraw = False
28.0786 	EXP 	question2_2: autoDraw = False
28.0786 	EXP 	question3_2: autoDraw = False
28.0786 	EXP 	question4_2: autoDraw = False
28.0786 	EXP 	question5_2: autoDraw = False
28.0786 	EXP 	question6_2: autoDraw = False
28.0786 	EXP 	text_8: text = 'How is the restaurant decorated?'
28.0786 	EXP 	text_9: text = 'Restaurant Critic'
28.0786 	EXP 	image_5: image = 'restaurant_critic.jpg'
28.0786 	EXP 	text_8: autoDraw = True
28.0786 	EXP 	text_9: autoDraw = True
28.0786 	EXP 	image_5: autoDraw = True
28.7992 	DATA 	Keypress: escape
29.0717 	EXP 	window1: mouseVisible = True
