4.5178 	WARNING 	User requested fullscreen with size [1024  768], but screen is actually [2560, 1440]. Using actual size
5.1812 	EXP 	Created window1 = Window(allowGUI=False, allowStencil=False, args=UNKNOWN, autoLog=True, bitsMode=UNKNOWN, blendMode='avg', color=array([0., 0., 0.]), colorSpace='rgb', fullscr=<method-wrapper '__getattribute__' of attributeSetter object at 0x124dc3da0>, gamma=None, kwargs=UNKNOWN, lms=UNKNOWN, monitor=<psychopy.monitors.calibTools.Monitor object at 0x124421940>, multiSample=False, name='window1', numSamples=2, pos=[0.0, 0.0], screen=0, size=array([5120, 2880]), stereo=False, units='norm', useFBO=True, useRetina=True, viewOri=0.0, viewPos=None, viewScale=None, waitBlanking=True, winType='pyglet')
5.1813 	EXP 	window1: recordFrameIntervals = False
5.3472 	EXP 	window1: recordFrameIntervals = True
5.5307 	EXP 	window1: recordFrameIntervals = False
5.5960 	EXP 	Created welcome = TextStim(__class__=<class 'psychopy.visual.text.TextStim'>, alignHoriz='center', alignVert='center', antialias=True, autoLog=True, bold=False, color='white', colorSpace='named', contrast=1.0, depth=0.0, flipHoriz=False, flipVert=False, font='Arial', fontFiles=[], height=0.1, italic=False, languageStyle='LTR', name='welcome', opacity=1.0, ori=0, pos=array([0., 0.]), rgb=array([255., 255., 255.]), text='default text', units='norm', win=Window(...), wrapWidth=1)
5.5995 	EXP 	Created text_12 = TextStim(__class__=<class 'psychopy.visual.text.TextStim'>, alignHoriz='center', alignVert='center', antialias=True, autoLog=True, bold=False, color='white', colorSpace='named', contrast=1.0, depth=-2.0, flipHoriz=False, flipVert=False, font='Arial', fontFiles=[], height=0.1, italic=False, languageStyle='LTR', name='text_12', opacity=1.0, ori=0, pos=array([ 0. , -0.6]), rgb=array([255., 255., 255.]), text='default text', units='norm', win=Window(...), wrapWidth=1)
5.6011 	EXP 	Created image = ImageStim(__class__=<class 'psychopy.visual.image.ImageStim'>, autoLog=True, color=array([1., 1., 1.]), colorSpace='rgb', contrast=1.0, depth=0.0, flipHoriz=False, flipVert=False, image='sin', interpolate=True, mask=None, maskParams=None, name='image', opacity=1.0, ori=0.0, pos=array([0., 0.]), size=array([0.5, 0.5]), texRes=128, units='norm', win=Window(...))
5.6047 	EXP 	Created text_2 = TextStim(__class__=<class 'psychopy.visual.text.TextStim'>, alignHoriz='center', alignVert='center', antialias=True, autoLog=True, bold=False, color='white', colorSpace='named', contrast=1.0, depth=-2.0, flipHoriz=False, flipVert=False, font='Arial', fontFiles=[], height=0.1, italic=False, languageStyle='LTR', name='text_2', opacity=1.0, ori=0, pos=array([ 0. , -0.5]), rgb=array([255., 255., 255.]), text='default text', units='norm', win=Window(...), wrapWidth=1)
5.6080 	EXP 	Created welcome = TextStim(__class__=<class 'psychopy.visual.text.TextStim'>, alignHoriz='center', alignVert='center', antialias=True, autoLog=True, bold=False, color='white', colorSpace='named', contrast=1.0, depth=0.0, flipHoriz=False, flipVert=False, font='Arial', fontFiles=[], height=0.1, italic=False, languageStyle='LTR', name='welcome', opacity=1.0, ori=0, pos=array([0., 0.]), rgb=array([255., 255., 255.]), text='default text', units='norm', win=Window(...), wrapWidth=1)
5.6116 	EXP 	Created text_12 = TextStim(__class__=<class 'psychopy.visual.text.TextStim'>, alignHoriz='center', alignVert='center', antialias=True, autoLog=True, bold=False, color='white', colorSpace='named', contrast=1.0, depth=-2.0, flipHoriz=False, flipVert=False, font='Arial', fontFiles=[], height=0.1, italic=False, languageStyle='LTR', name='text_12', opacity=1.0, ori=0, pos=array([ 0. , -0.6]), rgb=array([255., 255., 255.]), text='default text', units='norm', win=Window(...), wrapWidth=1)
5.6151 	EXP 	Created text_8 = TextStim(__class__=<class 'psychopy.visual.text.TextStim'>, alignHoriz='center', alignVert='center', antialias=True, autoLog=True, bold=False, color='white', colorSpace='named', contrast=1.0, depth=0.0, flipHoriz=False, flipVert=False, font='Arial', fontFiles=[], height=0.1, italic=False, languageStyle='LTR', name='text_8', opacity=1.0, ori=0, pos=array([ 0. , -0.4]), rgb=array([255., 255., 255.]), text='default text', units='norm', win=Window(...), wrapWidth=1)
5.6185 	EXP 	Created text_9 = TextStim(__class__=<class 'psychopy.visual.text.TextStim'>, alignHoriz='center', alignVert='center', antialias=True, autoLog=True, bold=False, color='white', colorSpace='named', contrast=1.0, depth=-1.0, flipHoriz=False, flipVert=False, font='Arial', fontFiles=[], height=0.1, italic=False, languageStyle='LTR', name='text_9', opacity=1.0, ori=0, pos=array([-0.25,  0.25]), rgb=array([255., 255., 255.]), text='default text', units='norm', win=Window(...), wrapWidth=0.5)
5.6198 	EXP 	Created image_5 = ImageStim(__class__=<class 'psychopy.visual.image.ImageStim'>, autoLog=True, color=array([1., 1., 1.]), colorSpace='rgb', contrast=1.0, depth=-2.0, flipHoriz=False, flipVert=False, image='sin', interpolate=True, mask=None, maskParams=None, name='image_5', opacity=1.0, ori=0.0, pos=array([0.25, 0.25]), size=array([0.5, 0.5]), texRes=128, units='norm', win=Window(...))
5.6233 	EXP 	Created text_10 = TextStim(__class__=<class 'psychopy.visual.text.TextStim'>, alignHoriz='center', alignVert='center', antialias=True, autoLog=True, bold=False, color='white', colorSpace='named', contrast=1.0, depth=0.0, flipHoriz=False, flipVert=False, font='Arial', fontFiles=[], height=0.1, italic=False, languageStyle='LTR', name='text_10', opacity=1.0, ori=0, pos=array([ 0. , -0.4]), rgb=array([255., 255., 255.]), text='default text', units='norm', win=Window(...), wrapWidth=1)
5.6268 	EXP 	Created text_11 = TextStim(__class__=<class 'psychopy.visual.text.TextStim'>, alignHoriz='center', alignVert='center', antialias=True, autoLog=True, bold=False, color='white', colorSpace='named', contrast=1.0, depth=-1.0, flipHoriz=False, flipVert=False, font='Arial', fontFiles=[], height=0.1, italic=False, languageStyle='LTR', name='text_11', opacity=1.0, ori=0, pos=array([-0.25,  0.25]), rgb=array([255., 255., 255.]), text='default text', units='norm', win=Window(...), wrapWidth=0.5)
5.6281 	EXP 	Created image_6 = ImageStim(__class__=<class 'psychopy.visual.image.ImageStim'>, autoLog=True, color=array([1., 1., 1.]), colorSpace='rgb', contrast=1.0, depth=-2.0, flipHoriz=False, flipVert=False, image='sin', interpolate=True, mask=None, maskParams=None, name='image_6', opacity=1.0, ori=0.0, pos=array([0.25, 0.25]), size=array([0.5, 0.5]), texRes=128, units='norm', win=Window(...))
5.6317 	EXP 	Created text_13 = TextStim(__class__=<class 'psychopy.visual.text.TextStim'>, alignHoriz='center', alignVert='center', antialias=True, autoLog=True, bold=False, color='white', colorSpace='named', contrast=1.0, depth=0.0, flipHoriz=False, flipVert=False, font='Arial', fontFiles=[], height=0.1, italic=False, languageStyle='LTR', name='text_13', opacity=1.0, ori=0, pos=array([ 0. , -0.4]), rgb=array([255., 255., 255.]), text='default text', units='norm', win=Window(...), wrapWidth=1)
5.6353 	EXP 	Created text_14 = TextStim(__class__=<class 'psychopy.visual.text.TextStim'>, alignHoriz='center', alignVert='center', antialias=True, autoLog=True, bold=False, color='white', colorSpace='named', contrast=1.0, depth=-1.0, flipHoriz=False, flipVert=False, font='Arial', fontFiles=[], height=0.1, italic=False, languageStyle='LTR', name='text_14', opacity=1.0, ori=0, pos=array([-0.25,  0.25]), rgb=array([255., 255., 255.]), text='default text', units='norm', win=Window(...), wrapWidth=0.5)
5.6368 	EXP 	Created image_7 = ImageStim(__class__=<class 'psychopy.visual.image.ImageStim'>, autoLog=True, color=array([1., 1., 1.]), colorSpace='rgb', contrast=1.0, depth=-2.0, flipHoriz=False, flipVert=False, image='sin', interpolate=True, mask=None, maskParams=None, name='image_7', opacity=1.0, ori=0.0, pos=array([0.25, 0.25]), size=array([0.5, 0.5]), texRes=128, units='norm', win=Window(...))
5.6403 	EXP 	Created text_15 = TextStim(__class__=<class 'psychopy.visual.text.TextStim'>, alignHoriz='center', alignVert='center', antialias=True, autoLog=True, bold=False, color='white', colorSpace='named', contrast=1.0, depth=0.0, flipHoriz=False, flipVert=False, font='Arial', fontFiles=[], height=0.1, italic=False, languageStyle='LTR', name='text_15', opacity=1.0, ori=0, pos=array([ 0. , -0.4]), rgb=array([255., 255., 255.]), text='default text', units='norm', win=Window(...), wrapWidth=1)
5.6437 	EXP 	Created text_16 = TextStim(__class__=<class 'psychopy.visual.text.TextStim'>, alignHoriz='center', alignVert='center', antialias=True, autoLog=True, bold=False, color='white', colorSpace='named', contrast=1.0, depth=-1.0, flipHoriz=False, flipVert=False, font='Arial', fontFiles=[], height=0.1, italic=False, languageStyle='LTR', name='text_16', opacity=1.0, ori=0, pos=array([-0.25,  0.25]), rgb=array([255., 255., 255.]), text='default text', units='norm', win=Window(...), wrapWidth=0.5)
5.6450 	EXP 	Created image_8 = ImageStim(__class__=<class 'psychopy.visual.image.ImageStim'>, autoLog=True, color=array([1., 1., 1.]), colorSpace='rgb', contrast=1.0, depth=-2.0, flipHoriz=False, flipVert=False, image='sin', interpolate=True, mask=None, maskParams=None, name='image_8', opacity=1.0, ori=0.0, pos=array([0.25, 0.25]), size=array([0.5, 0.5]), texRes=128, units='norm', win=Window(...))
5.6501 	EXP 	Created question1 = TextStim(__class__=<class 'psychopy.visual.text.TextStim'>, alignHoriz='center', alignVert='center', antialias=True, autoLog=True, bold=False, color='white', colorSpace='named', contrast=1.0, depth=-1.0, flipHoriz=False, flipVert=False, font='Arial', fontFiles=[], height=0.1, italic=False, languageStyle='LTR', name='question1', opacity=1.0, ori=0, pos=array([0. , 0.6]), rgb=array([255., 255., 255.]), text='default text', units='norm', win=Window(...), wrapWidth=2)
5.6535 	EXP 	Created question2 = TextStim(__class__=<class 'psychopy.visual.text.TextStim'>, alignHoriz='center', alignVert='center', antialias=True, autoLog=True, bold=False, color='white', colorSpace='named', contrast=1.0, depth=-1.0, flipHoriz=False, flipVert=False, font='Arial', fontFiles=[], height=0.1, italic=False, languageStyle='LTR', name='question2', opacity=1.0, ori=0, pos=array([0.  , 0.35]), rgb=array([255., 255., 255.]), text='default text', units='norm', win=Window(...), wrapWidth=2)
5.6570 	EXP 	Created question3 = TextStim(__class__=<class 'psychopy.visual.text.TextStim'>, alignHoriz='center', alignVert='center', antialias=True, autoLog=True, bold=False, color='white', colorSpace='named', contrast=1.0, depth=-1.0, flipHoriz=False, flipVert=False, font='Arial', fontFiles=[], height=0.1, italic=False, languageStyle='LTR', name='question3', opacity=1.0, ori=0, pos=array([0.  , 0.12]), rgb=array([255., 255., 255.]), text='default text', units='norm', win=Window(...), wrapWidth=2)
5.6605 	EXP 	Created question4 = TextStim(__class__=<class 'psychopy.visual.text.TextStim'>, alignHoriz='center', alignVert='center', antialias=True, autoLog=True, bold=False, color='white', colorSpace='named', contrast=1.0, depth=-1.0, flipHoriz=False, flipVert=False, font='Arial', fontFiles=[], height=0.1, italic=False, languageStyle='LTR', name='question4', opacity=1.0, ori=0, pos=array([ 0.  , -0.12]), rgb=array([255., 255., 255.]), text='default text', units='norm', win=Window(...), wrapWidth=2)
5.6638 	EXP 	Created question5 = TextStim(__class__=<class 'psychopy.visual.text.TextStim'>, alignHoriz='center', alignVert='center', antialias=True, autoLog=True, bold=False, color='white', colorSpace='named', contrast=1.0, depth=-1.0, flipHoriz=False, flipVert=False, font='Arial', fontFiles=[], height=0.1, italic=False, languageStyle='LTR', name='question5', opacity=1.0, ori=0, pos=array([ 0.  , -0.35]), rgb=array([255., 255., 255.]), text='default text', units='norm', win=Window(...), wrapWidth=2)
5.6674 	EXP 	Created question6 = TextStim(__class__=<class 'psychopy.visual.text.TextStim'>, alignHoriz='center', alignVert='center', antialias=True, autoLog=True, bold=False, color='white', colorSpace='named', contrast=1.0, depth=-1.0, flipHoriz=False, flipVert=False, font='Arial', fontFiles=[], height=0.1, italic=False, languageStyle='LTR', name='question6', opacity=1.0, ori=0, pos=array([ 0. , -0.6]), rgb=array([255., 255., 255.]), text='default text', units='norm', win=Window(...), wrapWidth=2)
5.6744 	EXP 	Created text_3 = TextStim(__class__=<class 'psychopy.visual.text.TextStim'>, alignHoriz='center', alignVert='center', antialias=True, autoLog=True, bold=False, color='white', colorSpace='named', contrast=1.0, depth=0.0, flipHoriz=False, flipVert=False, font='Arial', fontFiles=[], height=0.1, italic=False, languageStyle='LTR', name='text_3', opacity=1.0, ori=0, pos=array([0., 0.]), rgb=array([255., 255., 255.]), text='Final Tests', units='norm', win=Window(...), wrapWidth=1)
5.6758 	EXP 	Created image_2 = ImageStim(__class__=<class 'psychopy.visual.image.ImageStim'>, autoLog=True, color=array([1., 1., 1.]), colorSpace='rgb', contrast=1.0, depth=0.0, flipHoriz=False, flipVert=False, image='sin', interpolate=True, mask=None, maskParams=None, name='image_2', opacity=1.0, ori=0.0, pos=array([0., 0.]), size=array([0.5, 0.5]), texRes=128, units='norm', win=Window(...))
5.6792 	EXP 	Created text_4 = TextStim(__class__=<class 'psychopy.visual.text.TextStim'>, alignHoriz='center', alignVert='center', antialias=True, autoLog=True, bold=False, color='white', colorSpace='named', contrast=1.0, depth=-2.0, flipHoriz=False, flipVert=False, font='Arial', fontFiles=[], height=0.1, italic=False, languageStyle='LTR', name='text_4', opacity=1.0, ori=0, pos=array([ 0. , -0.5]), rgb=array([255., 255., 255.]), text='default text', units='norm', win=Window(...), wrapWidth=1)
5.6830 	EXP 	Created question1 = TextStim(__class__=<class 'psychopy.visual.text.TextStim'>, alignHoriz='center', alignVert='center', antialias=True, autoLog=True, bold=False, color='white', colorSpace='named', contrast=1.0, depth=-1.0, flipHoriz=False, flipVert=False, font='Arial', fontFiles=[], height=0.1, italic=False, languageStyle='LTR', name='question1', opacity=1.0, ori=0, pos=array([0. , 0.6]), rgb=array([255., 255., 255.]), text='default text', units='norm', win=Window(...), wrapWidth=2)
5.6864 	EXP 	Created question2 = TextStim(__class__=<class 'psychopy.visual.text.TextStim'>, alignHoriz='center', alignVert='center', antialias=True, autoLog=True, bold=False, color='white', colorSpace='named', contrast=1.0, depth=-1.0, flipHoriz=False, flipVert=False, font='Arial', fontFiles=[], height=0.1, italic=False, languageStyle='LTR', name='question2', opacity=1.0, ori=0, pos=array([0.  , 0.35]), rgb=array([255., 255., 255.]), text='default text', units='norm', win=Window(...), wrapWidth=2)
5.6898 	EXP 	Created question3 = TextStim(__class__=<class 'psychopy.visual.text.TextStim'>, alignHoriz='center', alignVert='center', antialias=True, autoLog=True, bold=False, color='white', colorSpace='named', contrast=1.0, depth=-1.0, flipHoriz=False, flipVert=False, font='Arial', fontFiles=[], height=0.1, italic=False, languageStyle='LTR', name='question3', opacity=1.0, ori=0, pos=array([0.  , 0.12]), rgb=array([255., 255., 255.]), text='default text', units='norm', win=Window(...), wrapWidth=2)
5.6931 	EXP 	Created question4 = TextStim(__class__=<class 'psychopy.visual.text.TextStim'>, alignHoriz='center', alignVert='center', antialias=True, autoLog=True, bold=False, color='white', colorSpace='named', contrast=1.0, depth=-1.0, flipHoriz=False, flipVert=False, font='Arial', fontFiles=[], height=0.1, italic=False, languageStyle='LTR', name='question4', opacity=1.0, ori=0, pos=array([ 0.  , -0.12]), rgb=array([255., 255., 255.]), text='default text', units='norm', win=Window(...), wrapWidth=2)
5.6966 	EXP 	Created question5 = TextStim(__class__=<class 'psychopy.visual.text.TextStim'>, alignHoriz='center', alignVert='center', antialias=True, autoLog=True, bold=False, color='white', colorSpace='named', contrast=1.0, depth=-1.0, flipHoriz=False, flipVert=False, font='Arial', fontFiles=[], height=0.1, italic=False, languageStyle='LTR', name='question5', opacity=1.0, ori=0, pos=array([ 0.  , -0.35]), rgb=array([255., 255., 255.]), text='default text', units='norm', win=Window(...), wrapWidth=2)
5.7000 	EXP 	Created question6 = TextStim(__class__=<class 'psychopy.visual.text.TextStim'>, alignHoriz='center', alignVert='center', antialias=True, autoLog=True, bold=False, color='white', colorSpace='named', contrast=1.0, depth=-1.0, flipHoriz=False, flipVert=False, font='Arial', fontFiles=[], height=0.1, italic=False, languageStyle='LTR', name='question6', opacity=1.0, ori=0, pos=array([ 0. , -0.6]), rgb=array([255., 255., 255.]), text='default text', units='norm', win=Window(...), wrapWidth=2)
5.7061 	EXP 	Created text = TextStim(__class__=<class 'psychopy.visual.text.TextStim'>, alignHoriz='center', alignVert='center', antialias=True, autoLog=True, bold=False, color='white', colorSpace='named', contrast=1.0, depth=0.0, flipHoriz=False, flipVert=False, font='Arial', fontFiles=[], height=0.1, italic=False, languageStyle='LTR', name='text', opacity=1.0, ori=0, pos=array([0., 0.]), rgb=array([255., 255., 255.]), text='end of introduction', units='norm', win=Window(...), wrapWidth=1)
5.7135 	EXP 	Imported instructions.xlsx as conditions, 6 conditions, 2 params
5.7137 	EXP 	Created sequence: sequential, trialTypes=6, nReps=1, seed=None
5.7139 	EXP 	New trial (rep=0, index=0): OrderedDict([('instruct_text', 'Welcome to the Job Simulator Task!'), ('instruct_text2', '(press the space bar to continue)')])
5.7472 	EXP 	welcome: text = 'Welcome to the Job Simulator Task!'
5.7472 	EXP 	text_12: text = '(press the space bar to continue)'
5.7472 	EXP 	welcome: autoDraw = True
5.7472 	EXP 	text_12: autoDraw = True
6.3997 	DATA 	Keypress: space
6.4005 	EXP 	New trial (rep=0, index=1): OrderedDict([('instruct_text', 'In this task, you will read 16 stories. During each one you will simulate having one job.\n'), ('instruct_text2', None)])
6.4475 	EXP 	welcome: autoDraw = False
6.4475 	EXP 	text_12: autoDraw = False
6.4475 	EXP 	welcome: text = 'In this task, you will read 16 stories. During each one you will simulate having one job.\n'
6.4475 	EXP 	text_12: text = '(press the space bar to continue)'
6.4475 	EXP 	welcome: autoDraw = True
6.4475 	EXP 	text_12: autoDraw = True
8.0484 	DATA 	Keypress: space
8.0492 	EXP 	New trial (rep=0, index=2): OrderedDict([('instruct_text', 'This job will be assigned to you before each story. '), ('instruct_text2', None)])
8.0802 	EXP 	welcome: autoDraw = False
8.0802 	EXP 	text_12: autoDraw = False
8.0802 	EXP 	welcome: text = 'This job will be assigned to you before each story. '
8.0802 	EXP 	text_12: text = '(press the space bar to continue)'
8.0802 	EXP 	welcome: autoDraw = True
8.0802 	EXP 	text_12: autoDraw = True
9.4169 	DATA 	Keypress: space
9.4310 	EXP 	New trial (rep=0, index=3): OrderedDict([('instruct_text', 'While reading each story, you should imagine yourself as having that job. '), ('instruct_text2', None)])
9.4639 	EXP 	welcome: autoDraw = False
9.4639 	EXP 	text_12: autoDraw = False
9.4639 	EXP 	welcome: text = 'While reading each story, you should imagine yourself as having that job. '
9.4639 	EXP 	text_12: text = '(press the space bar to continue)'
9.4639 	EXP 	welcome: autoDraw = True
9.4639 	EXP 	text_12: autoDraw = True
10.2168 	DATA 	Keypress: space
10.2175 	EXP 	New trial (rep=0, index=4): OrderedDict([('instruct_text', 'There are 8 possible jobs you could be asked to simulate.'), ('instruct_text2', None)])
10.2485 	EXP 	welcome: autoDraw = False
10.2485 	EXP 	text_12: autoDraw = False
10.2485 	EXP 	welcome: text = 'There are 8 possible jobs you could be asked to simulate.'
10.2485 	EXP 	text_12: text = '(press the space bar to continue)'
10.2485 	EXP 	welcome: autoDraw = True
10.2485 	EXP 	text_12: autoDraw = True
10.8169 	DATA 	Keypress: space
10.8176 	EXP 	New trial (rep=0, index=5): OrderedDict([('instruct_text', 'These jobs are as follows:'), ('instruct_text2', None)])
10.8491 	EXP 	welcome: autoDraw = False
10.8491 	EXP 	text_12: autoDraw = False
10.8491 	EXP 	welcome: text = 'These jobs are as follows:'
10.8491 	EXP 	text_12: text = '(press the space bar to continue)'
10.8491 	EXP 	welcome: autoDraw = True
10.8491 	EXP 	text_12: autoDraw = True
11.3997 	DATA 	Keypress: space
11.4049 	EXP 	Imported jobsPics.xlsx as conditions, 8 conditions, 2 params
11.4052 	EXP 	Created sequence: random, trialTypes=8, nReps=1, seed=None
11.4054 	EXP 	New trial (rep=0, index=0): OrderedDict([('rolePic', 'business_reporter.jpg'), ('job', 'Business Reporter')])
11.4824 	EXP 	welcome: autoDraw = False
11.4824 	EXP 	text_12: autoDraw = False
11.4824 	EXP 	image: image = 'business_reporter.jpg'
11.4824 	EXP 	text_2: text = 'Business Reporter'
11.4824 	EXP 	image: autoDraw = True
11.4824 	EXP 	text_2: autoDraw = True
12.1174 	DATA 	Keypress: space
12.1182 	EXP 	New trial (rep=0, index=1): OrderedDict([('rolePic', 'dean.jpg'), ('job', 'Dean of Academic Studies')])
12.1494 	EXP 	image: autoDraw = False
12.1494 	EXP 	text_2: autoDraw = False
12.1494 	EXP 	image: image = 'dean.jpg'
12.1494 	EXP 	text_2: text = 'Dean of Academic Studies'
12.1494 	EXP 	image: autoDraw = True
12.1494 	EXP 	text_2: autoDraw = True
12.9668 	DATA 	Keypress: space
12.9675 	EXP 	New trial (rep=0, index=2): OrderedDict([('rolePic', 'restaurant_critic.jpg'), ('job', 'Restaurant Critic')])
12.9993 	EXP 	image: autoDraw = False
12.9993 	EXP 	text_2: autoDraw = False
12.9993 	EXP 	image: image = 'restaurant_critic.jpg'
12.9993 	EXP 	text_2: text = 'Restaurant Critic'
12.9993 	EXP 	image: autoDraw = True
12.9993 	EXP 	text_2: autoDraw = True
13.6498 	DATA 	Keypress: space
13.6505 	EXP 	New trial (rep=0, index=3): OrderedDict([('rolePic', 'acem.jpg'), ('job', 'Airport Customer Experience Manager')])
13.6823 	EXP 	image: autoDraw = False
13.6823 	EXP 	text_2: autoDraw = False
13.6823 	EXP 	image: image = 'acem.jpg'
13.6823 	EXP 	text_2: text = 'Airport Customer Experience Manager'
13.6823 	EXP 	image: autoDraw = True
13.6823 	EXP 	text_2: autoDraw = True
14.5003 	DATA 	Keypress: space
14.5010 	EXP 	New trial (rep=0, index=4): OrderedDict([('rolePic', 'weddingplanner.jpg'), ('job', 'Wedding Planner')])
14.8500 	EXP 	image: autoDraw = False
14.8500 	EXP 	text_2: autoDraw = False
14.8500 	EXP 	image: image = 'weddingplanner.jpg'
14.8500 	EXP 	text_2: text = 'Wedding Planner'
14.8500 	EXP 	image: autoDraw = True
14.8500 	EXP 	text_2: autoDraw = True
15.3014 	DATA 	Keypress: space
15.3021 	EXP 	New trial (rep=0, index=5): OrderedDict([('rolePic', 'matchmaker.jpg'), ('job', 'Matchmaker')])
15.3503 	EXP 	image: autoDraw = False
15.3503 	EXP 	text_2: autoDraw = False
15.3503 	EXP 	image: image = 'matchmaker.jpg'
15.3503 	EXP 	text_2: text = 'Matchmaker'
15.3503 	EXP 	image: autoDraw = True
15.3503 	EXP 	text_2: autoDraw = True
15.6845 	DATA 	Keypress: space
15.6852 	EXP 	New trial (rep=0, index=6): OrderedDict([('rolePic', 'gscem.jpg'), ('job', 'Grocery Store Customer Experience Manager\n')])
15.9505 	EXP 	image: autoDraw = False
15.9505 	EXP 	text_2: autoDraw = False
15.9505 	EXP 	image: image = 'gscem.jpg'
15.9505 	EXP 	text_2: text = 'Grocery Store Customer Experience Manager\n'
15.9505 	EXP 	image: autoDraw = True
15.9505 	EXP 	text_2: autoDraw = True
16.4352 	DATA 	Keypress: space
16.4360 	EXP 	New trial (rep=0, index=7): OrderedDict([('rolePic', 'couples.jpeg'), ('job', 'Couples Therapist\n')])
16.4829 	EXP 	image: autoDraw = False
16.4829 	EXP 	text_2: autoDraw = False
16.4829 	EXP 	image: image = 'couples.jpeg'
16.4829 	EXP 	text_2: text = 'Couples Therapist\n'
16.4829 	EXP 	image: autoDraw = True
16.4829 	EXP 	text_2: autoDraw = True
17.0191 	DATA 	Keypress: space
17.0242 	EXP 	Imported instructions2.xlsx as conditions, 7 conditions, 2 params
17.0244 	EXP 	Created sequence: sequential, trialTypes=7, nReps=1, seed=None
17.0246 	EXP 	New trial (rep=0, index=0): OrderedDict([('instruct_text', 'In addition, your task will be to answer job-related questions.\n'), ('instruct_text2', '(press the space bar to continue)')])
17.0509 	EXP 	image: autoDraw = False
17.0509 	EXP 	text_2: autoDraw = False
17.0509 	EXP 	welcome: text = 'In addition, your task will be to answer job-related questions.\n'
17.0509 	EXP 	text_12: text = '(press the space bar to continue)'
17.0509 	EXP 	welcome: autoDraw = True
17.0509 	EXP 	text_12: autoDraw = True
18.0347 	DATA 	Keypress: space
18.0355 	EXP 	New trial (rep=0, index=1): OrderedDict([('instruct_text', 'There are four question per job.'), ('instruct_text2', None)])
18.0669 	EXP 	welcome: autoDraw = False
18.0669 	EXP 	text_12: autoDraw = False
18.0669 	EXP 	welcome: text = 'There are four question per job.'
18.0669 	EXP 	text_12: text = '(press the space bar to continue)'
18.0669 	EXP 	welcome: autoDraw = True
18.0669 	EXP 	text_12: autoDraw = True
18.6194 	DATA 	Keypress: space
18.6345 	EXP 	New trial (rep=0, index=2): OrderedDict([('instruct_text', 'You will have to try to memorize these questions and then remember your answers to the questions.'), ('instruct_text2', None)])
18.6668 	EXP 	welcome: autoDraw = False
18.6668 	EXP 	text_12: autoDraw = False
18.6668 	EXP 	welcome: text = 'You will have to try to memorize these questions and then remember your answers to the questions.'
18.6668 	EXP 	text_12: text = '(press the space bar to continue)'
18.6668 	EXP 	welcome: autoDraw = True
18.6668 	EXP 	text_12: autoDraw = True
19.1021 	DATA 	Keypress: space
19.1027 	EXP 	New trial (rep=0, index=3): OrderedDict([('instruct_text', 'You will be asked about the answers to these questions at end of the experiment. '), ('instruct_text2', None)])
19.1344 	EXP 	welcome: autoDraw = False
19.1344 	EXP 	text_12: autoDraw = False
19.1344 	EXP 	welcome: text = 'You will be asked about the answers to these questions at end of the experiment. '
19.1344 	EXP 	text_12: text = '(press the space bar to continue)'
19.1344 	EXP 	welcome: autoDraw = True
19.1344 	EXP 	text_12: autoDraw = True
19.6023 	DATA 	Keypress: space
19.6030 	EXP 	New trial (rep=0, index=4): OrderedDict([('instruct_text', 'In order to help you memorize the questions, there will be a short quiz on them before the actual task begins.'), ('instruct_text2', None)])
19.6337 	EXP 	welcome: autoDraw = False
19.6337 	EXP 	text_12: autoDraw = False
19.6337 	EXP 	welcome: text = 'In order to help you memorize the questions, there will be a short quiz on them before the actual task begins.'
19.6337 	EXP 	text_12: text = '(press the space bar to continue)'
19.6337 	EXP 	welcome: autoDraw = True
19.6337 	EXP 	text_12: autoDraw = True
20.1703 	DATA 	Keypress: space
20.1711 	EXP 	New trial (rep=0, index=5): OrderedDict([('instruct_text', 'In addition, before each story, there will be a reminder of what these questions are.  '), ('instruct_text2', None)])
20.2018 	EXP 	welcome: autoDraw = False
20.2018 	EXP 	text_12: autoDraw = False
20.2018 	EXP 	welcome: text = 'In addition, before each story, there will be a reminder of what these questions are.  '
20.2018 	EXP 	text_12: text = '(press the space bar to continue)'
20.2018 	EXP 	welcome: autoDraw = True
20.2018 	EXP 	text_12: autoDraw = True
20.6361 	DATA 	Keypress: space
20.6369 	EXP 	New trial (rep=0, index=6): OrderedDict([('instruct_text', 'Press the space bar to begin learning the jobs and the questions for each one.'), ('instruct_text2', None)])
20.6687 	EXP 	welcome: autoDraw = False
20.6687 	EXP 	text_12: autoDraw = False
20.6687 	EXP 	welcome: text = 'Press the space bar to begin learning the jobs and the questions for each one.'
20.6687 	EXP 	text_12: text = '(press the space bar to continue)'
20.6687 	EXP 	welcome: autoDraw = True
20.6687 	EXP 	text_12: autoDraw = True
21.0861 	DATA 	Keypress: space
21.0940 	EXP 	Imported whichRole.xlsx as conditions, 8 conditions, 8 params
21.0944 	EXP 	Created sequence: random, trialTypes=8, nReps=1, seed=None
21.0947 	EXP 	New trial (rep=0, index=0): OrderedDict([('Q1', 'How does the person who proposed feel before proposing?\n'), ('Q2', 'What is the ring like?\n'), ('Q3', 'Does anyone besides the person proposing help with the proposal?\n'), ('Q4', 'Who witnessed the “yes”?\n'), ('D1', 'Is anyone taking pictures of the proposal?'), ('D2', 'How long does the proposal take?'), ('roleName', 'Wedding Planner'), ('rolePic', 'weddingplanner.jpg')])
21.0949 	EXP 	Created sequence: sequential, trialTypes=1, nReps=5, seed=None
21.0951 	EXP 	New trial (rep=0, index=0): None
21.4193 	EXP 	welcome: autoDraw = False
21.4193 	EXP 	text_12: autoDraw = False
21.4193 	EXP 	text_8: text = 'How does the person who proposed feel before proposing?\n'
21.4193 	EXP 	text_9: text = 'Wedding Planner'
21.4193 	EXP 	image_5: image = 'weddingplanner.jpg'
21.4193 	EXP 	text_8: autoDraw = True
21.4193 	EXP 	text_9: autoDraw = True
21.4193 	EXP 	image_5: autoDraw = True
21.9535 	DATA 	Keypress: space
22.2691 	EXP 	text_8: autoDraw = False
22.2691 	EXP 	text_9: autoDraw = False
22.2691 	EXP 	image_5: autoDraw = False
22.2691 	EXP 	text_10: text = 'What is the ring like?\n'
22.2691 	EXP 	text_11: text = 'Wedding Planner'
22.2691 	EXP 	image_6: image = 'weddingplanner.jpg'
22.2691 	EXP 	text_10: autoDraw = True
22.2691 	EXP 	text_11: autoDraw = True
22.2691 	EXP 	image_6: autoDraw = True
22.7196 	DATA 	Keypress: space
23.0352 	EXP 	text_10: autoDraw = False
23.0352 	EXP 	text_11: autoDraw = False
23.0352 	EXP 	image_6: autoDraw = False
23.0352 	EXP 	text_13: text = 'Does anyone besides the person proposing help with the proposal?\n'
23.0352 	EXP 	text_14: text = 'Wedding Planner'
23.0352 	EXP 	image_7: image = 'weddingplanner.jpg'
23.0352 	EXP 	text_13: autoDraw = True
23.0352 	EXP 	text_14: autoDraw = True
23.0352 	EXP 	image_7: autoDraw = True
23.4032 	DATA 	Keypress: space
23.7186 	EXP 	text_13: autoDraw = False
23.7186 	EXP 	text_14: autoDraw = False
23.7186 	EXP 	image_7: autoDraw = False
23.7186 	EXP 	text_15: text = 'Who witnessed the “yes”?\n'
23.7186 	EXP 	text_16: text = 'Wedding Planner'
23.7186 	EXP 	image_8: image = 'weddingplanner.jpg'
23.7186 	EXP 	text_15: autoDraw = True
23.7186 	EXP 	text_16: autoDraw = True
23.7186 	EXP 	image_8: autoDraw = True
24.1202 	DATA 	Keypress: space
24.1260 	EXP 	Created unnamed ImageStim = ImageStim(__class__=<class 'psychopy.visual.image.ImageStim'>, autoLog=True, color=array([1., 1., 1.]), colorSpace='rgb', contrast=1.0, depth=0, flipHoriz=False, flipVert=False, image='checkmark.png', interpolate=False, mask=None, maskParams=None, name='unnamed ImageStim', opacity=1.0, ori=0.0, pos=array([0., 0.]), size=array([0.2703125 , 0.47222222]), texRes=128, units='norm', win=Window(...))
24.2374 	EXP 	Created unnamed ImageStim = ImageStim(__class__=<class 'psychopy.visual.image.ImageStim'>, autoLog=True, color=array([1., 1., 1.]), colorSpace='rgb', contrast=1.0, depth=0, flipHoriz=False, flipVert=False, image='redx.png', interpolate=False, mask=None, maskParams=None, name='unnamed ImageStim', opacity=1.0, ori=0.0, pos=array([0., 0.]), size=array([1.5625    , 2.77777778]), texRes=128, units='norm', win=Window(...))
24.2495 	EXP 	Created unnamed ImageStim = ImageStim(__class__=<class 'psychopy.visual.image.ImageStim'>, autoLog=True, color=array([1., 1., 1.]), colorSpace='rgb', contrast=1.0, depth=0, flipHoriz=False, flipVert=False, image='thumbsup.png', interpolate=False, mask=None, maskParams=None, name='unnamed ImageStim', opacity=1.0, ori=0.0, pos=array([0., 0.]), size=array([0.375 , 0.7125]), texRes=128, units='norm', win=Window(...))
24.3333 	EXP 	text_15: autoDraw = False
24.3333 	EXP 	text_16: autoDraw = False
24.3333 	EXP 	image_8: autoDraw = False
24.3333 	EXP 	question1: text = '1: Does anyone besides the person proposing help with the proposal?\n'
24.3333 	EXP 	question2: text = '2: How does the person who proposed feel before proposing?\n'
24.3333 	EXP 	question3: text = '3: Who witnessed the “yes”?\n'
24.3333 	EXP 	question4: text = '4: What is the ring like?\n'
24.3333 	EXP 	question5: text = '5: How long does the proposal take?'
24.3333 	EXP 	question6: text = '6: Is anyone taking pictures of the proposal?'
24.3333 	EXP 	question1: autoDraw = True
24.3333 	EXP 	question2: autoDraw = True
24.3333 	EXP 	question3: autoDraw = True
24.3333 	EXP 	question4: autoDraw = True
24.3333 	EXP 	question5: autoDraw = True
24.3333 	EXP 	question6: autoDraw = True
27.5884 	DATA 	Keypress: q
27.8592 	EXP 	window1: mouseVisible = True
