5.7696 	WARNING 	User requested fullscreen with size [1024  768], but screen is actually [2560, 1440]. Using actual size
6.4402 	EXP 	Created window1 = Window(allowGUI=False, allowStencil=False, args=UNKNOWN, autoLog=True, bitsMode=UNKNOWN, blendMode='avg', color=array([0., 0., 0.]), colorSpace='rgb', fullscr=<method-wrapper '__getattribute__' of attributeSetter object at 0x12455ada0>, gamma=None, kwargs=UNKNOWN, lms=UNKNOWN, monitor=<psychopy.monitors.calibTools.Monitor object at 0x12434d9e8>, multiSample=False, name='window1', numSamples=2, pos=[0.0, 0.0], screen=0, size=array([5120, 2880]), stereo=False, units='norm', useFBO=True, useRetina=True, viewOri=0.0, viewPos=None, viewScale=None, waitBlanking=True, winType='pyglet')
6.4402 	EXP 	window1: recordFrameIntervals = False
6.6058 	EXP 	window1: recordFrameIntervals = True
6.7901 	EXP 	window1: recordFrameIntervals = False
6.8714 	EXP 	Created text_4 = TextStim(__class__=<class 'psychopy.visual.text.TextStim'>, alignHoriz='center', alignVert='center', antialias=True, autoLog=True, bold=False, color='white', colorSpace='named', contrast=1.0, depth=-1.0, flipHoriz=False, flipVert=False, font='Arial', fontFiles=[], height=0.1, italic=False, languageStyle='LTR', name='text_4', opacity=1.0, ori=0, pos=array([0., 0.]), rgb=array([255., 255., 255.]), text='default text', units='norm', win=Window(...), wrapWidth=1)
6.8732 	EXP 	Created image = ImageStim(__class__=<class 'psychopy.visual.image.ImageStim'>, autoLog=True, color=array([1., 1., 1.]), colorSpace='rgb', contrast=1.0, depth=-2.0, flipHoriz=False, flipVert=False, image='sin', interpolate=True, mask=None, maskParams=None, name='image', opacity=1.0, ori=0.0, pos=array([0. , 0.5]), size=array([0.5, 0.5]), texRes=128, units='norm', win=Window(...))
6.8829 	EXP 	Created text_5 = TextStim(__class__=<class 'psychopy.visual.text.TextStim'>, alignHoriz='center', alignVert='center', antialias=True, autoLog=True, bold=False, color='white', colorSpace='named', contrast=1.0, depth=-3.0, flipHoriz=False, flipVert=False, font='Arial', fontFiles=[], height=0.1, italic=False, languageStyle='LTR', name='text_5', opacity=1.0, ori=0, pos=array([ 0. , -0.7]), rgb=array([255., 255., 255.]), text='(press space to continue)', units='norm', win=Window(...), wrapWidth=1)
6.8869 	EXP 	Created text = TextStim(__class__=<class 'psychopy.visual.text.TextStim'>, alignHoriz='center', alignVert='center', antialias=True, autoLog=True, bold=False, color='white', colorSpace='named', contrast=1.0, depth=0.0, flipHoriz=False, flipVert=False, font='Arial', fontFiles=[], height=0.1, italic=False, languageStyle='LTR', name='text', opacity=1.0, ori=0, pos=array([ 0. , -0.5]), rgb=array([255., 255., 255.]), text='default text', units='norm', win=Window(...), wrapWidth=1)
6.8883 	EXP 	Created image_2 = ImageStim(__class__=<class 'psychopy.visual.image.ImageStim'>, autoLog=True, color=array([1., 1., 1.]), colorSpace='rgb', contrast=1.0, depth=-2.0, flipHoriz=False, flipVert=False, image='sin', interpolate=True, mask=None, maskParams=None, name='image_2', opacity=1.0, ori=0.0, pos=array([0. , 0.4]), size=array([1., 1.]), texRes=128, units='norm', win=Window(...))
6.8920 	EXP 	Created text_6 = TextStim(__class__=<class 'psychopy.visual.text.TextStim'>, alignHoriz='center', alignVert='center', antialias=True, autoLog=True, bold=False, color='white', colorSpace='named', contrast=1.0, depth=-1.0, flipHoriz=False, flipVert=False, font='Arial', fontFiles=[], height=0.1, italic=False, languageStyle='LTR', name='text_6', opacity=1.0, ori=0, pos=array([0., 0.]), rgb=array([255., 255., 255.]), text='default text', units='norm', win=Window(...), wrapWidth=1)
6.9048 	EXP 	Created text_9 = TextStim(__class__=<class 'psychopy.visual.text.TextStim'>, alignHoriz='center', alignVert='center', antialias=True, autoLog=True, bold=False, color='white', colorSpace='named', contrast=1.0, depth=-1.0, flipHoriz=False, flipVert=False, font='Arial', fontFiles=[], height=0.1, italic=False, languageStyle='LTR', name='text_9', opacity=1.0, ori=0, pos=array([0., 0.]), rgb=array([255., 255., 255.]), text=str(...), units='norm', win=Window(...), wrapWidth=1.5)
6.9084 	EXP 	Created text_10 = TextStim(__class__=<class 'psychopy.visual.text.TextStim'>, alignHoriz='center', alignVert='center', antialias=True, autoLog=True, bold=False, color='white', colorSpace='named', contrast=1.0, depth=-2.0, flipHoriz=False, flipVert=False, font='Arial', fontFiles=[], height=0.1, italic=False, languageStyle='LTR', name='text_10', opacity=1.0, ori=0, pos=array([-0.9 , -0.15]), rgb=array([255., 255., 255.]), text='default text', units='norm', win=Window(...), wrapWidth=1)
6.9098 	EXP 	Created image_4 = ImageStim(__class__=<class 'psychopy.visual.image.ImageStim'>, autoLog=True, color=array([1., 1., 1.]), colorSpace='rgb', contrast=1.0, depth=-3.0, flipHoriz=False, flipVert=False, image='sin', interpolate=True, mask=None, maskParams=None, name='image_4', opacity=1.0, ori=0.0, pos=array([0. , 0.5]), size=array([0.75, 0.75]), texRes=128, units='norm', win=Window(...))
6.9150 	EXP 	Created polygon = Line(__class__=<class 'psychopy.visual.line.Line'>, autoDraw=False, autoLog=True, closeShape=False, contrast=1.0, depth=-4.0, fillColor=None, fillColorSpace='rgb255', interpolate=True, lineColor=array([1., 1., 1.]), lineColorSpace='rgb', lineWidth=20, name='polygon', opacity=1.0, ori=array(0.), pos=array([ 0.   , -0.125]), size=array([1., 1.]), units='norm', vertices=ndarray(...), win=Window(...), windingRule=None)
6.9157 	EXP 	Created bottom_line = Line(__class__=<class 'psychopy.visual.line.Line'>, autoDraw=False, autoLog=True, closeShape=False, contrast=1.0, depth=-5.0, fillColor=None, fillColorSpace='rgb255', interpolate=True, lineColor=array([1., 1., 1.]), lineColorSpace='rgb', lineWidth=20, name='bottom_line', opacity=1.0, ori=array(0.), pos=array([ 0.   , -0.975]), size=array([1., 1.]), units='norm', vertices=ndarray(...), win=Window(...), windingRule=None)
6.9165 	EXP 	Created right_line_2 = Line(__class__=<class 'psychopy.visual.line.Line'>, autoDraw=False, autoLog=True, closeShape=False, contrast=1.0, depth=-6.0, fillColor=None, fillColorSpace='rgb255', interpolate=True, lineColor=array([1., 1., 1.]), lineColorSpace='rgb', lineWidth=20, name='right_line_2', opacity=1.0, ori=array(90.), pos=array([ 0.925, -0.55 ]), size=array([1., 1.]), units='norm', vertices=ndarray(...), win=Window(...), windingRule=None)
6.9173 	EXP 	Created left_line = Line(__class__=<class 'psychopy.visual.line.Line'>, autoDraw=False, autoLog=True, closeShape=False, contrast=1.0, depth=-7.0, fillColor=None, fillColorSpace='rgb255', interpolate=True, lineColor=array([1., 1., 1.]), lineColorSpace='rgb', lineWidth=20, name='left_line', opacity=1.0, ori=array(90.), pos=array([-0.925, -0.55 ]), size=array([1., 1.]), units='norm', vertices=ndarray(...), win=Window(...), windingRule=None)
6.9224 	EXP 	Created text_13 = TextStim(__class__=<class 'psychopy.visual.text.TextStim'>, alignHoriz='center', alignVert='center', antialias=True, autoLog=True, bold=False, color='white', colorSpace='named', contrast=1.0, depth=-1.0, flipHoriz=False, flipVert=False, font='Arial', fontFiles=[], height=0.1, italic=False, languageStyle='LTR', name='text_13', opacity=1.0, ori=0, pos=array([0., 0.]), rgb=array([255., 255., 255.]), text='default text', units='norm', win=Window(...), wrapWidth=1)
6.9238 	EXP 	Created image_10 = ImageStim(__class__=<class 'psychopy.visual.image.ImageStim'>, autoLog=True, color=array([1., 1., 1.]), colorSpace='rgb', contrast=1.0, depth=-1.0, flipHoriz=False, flipVert=False, image='sin', interpolate=True, mask=None, maskParams=None, name='image_10', opacity=1.0, ori=0.0, pos=array([0., 0.]), size=array([0.75, 0.75]), texRes=128, units='norm', win=Window(...))
6.9286 	EXP 	Created text_22 = TextStim(__class__=<class 'psychopy.visual.text.TextStim'>, alignHoriz='center', alignVert='center', antialias=True, autoLog=True, bold=False, color='white', colorSpace='named', contrast=1.0, depth=-3.0, flipHoriz=False, flipVert=False, font='Arial', fontFiles=[], height=0.1, italic=False, languageStyle='LTR', name='text_22', opacity=1.0, ori=0, pos=array([ 0. , -0.5]), rgb=array([255., 255., 255.]), text='(press space to continue)', units='norm', win=Window(...), wrapWidth=1)
6.9321 	EXP 	Created text_14 = TextStim(__class__=<class 'psychopy.visual.text.TextStim'>, alignHoriz='center', alignVert='center', antialias=True, autoLog=True, bold=False, color='white', colorSpace='named', contrast=1.0, depth=-1.0, flipHoriz=False, flipVert=False, font='Arial', fontFiles=[], height=0.1, italic=False, languageStyle='LTR', name='text_14', opacity=1.0, ori=0, pos=array([0., 0.]), rgb=array([255., 255., 255.]), text='default text', units='norm', win=Window(...), wrapWidth=1.5)
6.9358 	EXP 	Created text_15 = TextStim(__class__=<class 'psychopy.visual.text.TextStim'>, alignHoriz='center', alignVert='center', antialias=True, autoLog=True, bold=False, color='white', colorSpace='named', contrast=1.0, depth=-2.0, flipHoriz=False, flipVert=False, font='Arial', fontFiles=[], height=0.1, italic=False, languageStyle='LTR', name='text_15', opacity=1.0, ori=0, pos=array([-0.9 , -0.15]), rgb=array([255., 255., 255.]), text='default text', units='norm', win=Window(...), wrapWidth=1)
6.9372 	EXP 	Created image_6 = ImageStim(__class__=<class 'psychopy.visual.image.ImageStim'>, autoLog=True, color=array([1., 1., 1.]), colorSpace='rgb', contrast=1.0, depth=-3.0, flipHoriz=False, flipVert=False, image='sin', interpolate=True, mask=None, maskParams=None, name='image_6', opacity=1.0, ori=0.0, pos=array([0. , 0.5]), size=array([0.75, 0.75]), texRes=128, units='norm', win=Window(...))
6.9379 	EXP 	Created polygon_3 = Line(__class__=<class 'psychopy.visual.line.Line'>, autoDraw=False, autoLog=True, closeShape=False, contrast=1.0, depth=-4.0, fillColor=None, fillColorSpace='rgb255', interpolate=True, lineColor=array([1., 1., 1.]), lineColorSpace='rgb', lineWidth=20, name='polygon_3', opacity=1.0, ori=array(0.), pos=array([ 0.   , -0.125]), size=array([1., 1.]), units='norm', vertices=ndarray(...), win=Window(...), windingRule=None)
6.9387 	EXP 	Created bottom_line_3 = Line(__class__=<class 'psychopy.visual.line.Line'>, autoDraw=False, autoLog=True, closeShape=False, contrast=1.0, depth=-5.0, fillColor=None, fillColorSpace='rgb255', interpolate=True, lineColor=array([1., 1., 1.]), lineColorSpace='rgb', lineWidth=20, name='bottom_line_3', opacity=1.0, ori=array(0.), pos=array([ 0.   , -0.975]), size=array([1., 1.]), units='norm', vertices=ndarray(...), win=Window(...), windingRule=None)
6.9394 	EXP 	Created right_line_3 = Line(__class__=<class 'psychopy.visual.line.Line'>, autoDraw=False, autoLog=True, closeShape=False, contrast=1.0, depth=-6.0, fillColor=None, fillColorSpace='rgb255', interpolate=True, lineColor=array([1., 1., 1.]), lineColorSpace='rgb', lineWidth=20, name='right_line_3', opacity=1.0, ori=array(90.), pos=array([ 0.925, -0.55 ]), size=array([1., 1.]), units='norm', vertices=ndarray(...), win=Window(...), windingRule=None)
6.9401 	EXP 	Created left_line_3 = Line(__class__=<class 'psychopy.visual.line.Line'>, autoDraw=False, autoLog=True, closeShape=False, contrast=1.0, depth=-7.0, fillColor=None, fillColorSpace='rgb255', interpolate=True, lineColor=array([1., 1., 1.]), lineColorSpace='rgb', lineWidth=20, name='left_line_3', opacity=1.0, ori=array(90.), pos=array([-0.925, -0.55 ]), size=array([1., 1.]), units='norm', vertices=ndarray(...), win=Window(...), windingRule=None)
6.9441 	EXP 	Created text_16 = TextStim(__class__=<class 'psychopy.visual.text.TextStim'>, alignHoriz='center', alignVert='center', antialias=True, autoLog=True, bold=False, color='white', colorSpace='named', contrast=1.0, depth=-1.0, flipHoriz=False, flipVert=False, font='Arial', fontFiles=[], height=0.1, italic=False, languageStyle='LTR', name='text_16', opacity=1.0, ori=0, pos=array([0., 0.]), rgb=array([255., 255., 255.]), text='default text', units='norm', win=Window(...), wrapWidth=1.5)
6.9477 	EXP 	Created text_17 = TextStim(__class__=<class 'psychopy.visual.text.TextStim'>, alignHoriz='center', alignVert='center', antialias=True, autoLog=True, bold=False, color='white', colorSpace='named', contrast=1.0, depth=-2.0, flipHoriz=False, flipVert=False, font='Arial', fontFiles=[], height=0.1, italic=False, languageStyle='LTR', name='text_17', opacity=1.0, ori=0, pos=array([-0.9 , -0.15]), rgb=array([255., 255., 255.]), text='default text', units='norm', win=Window(...), wrapWidth=1)
6.9491 	EXP 	Created image_7 = ImageStim(__class__=<class 'psychopy.visual.image.ImageStim'>, autoLog=True, color=array([1., 1., 1.]), colorSpace='rgb', contrast=1.0, depth=-3.0, flipHoriz=False, flipVert=False, image='sin', interpolate=True, mask=None, maskParams=None, name='image_7', opacity=1.0, ori=0.0, pos=array([0. , 0.5]), size=array([0.75, 0.75]), texRes=128, units='norm', win=Window(...))
6.9499 	EXP 	Created polygon_4 = Line(__class__=<class 'psychopy.visual.line.Line'>, autoDraw=False, autoLog=True, closeShape=False, contrast=1.0, depth=-4.0, fillColor=None, fillColorSpace='rgb255', interpolate=True, lineColor=array([1., 1., 1.]), lineColorSpace='rgb', lineWidth=20, name='polygon_4', opacity=1.0, ori=array(0.), pos=array([ 0.   , -0.125]), size=array([1., 1.]), units='norm', vertices=ndarray(...), win=Window(...), windingRule=None)
6.9506 	EXP 	Created bottom_line_4 = Line(__class__=<class 'psychopy.visual.line.Line'>, autoDraw=False, autoLog=True, closeShape=False, contrast=1.0, depth=-5.0, fillColor=None, fillColorSpace='rgb255', interpolate=True, lineColor=array([1., 1., 1.]), lineColorSpace='rgb', lineWidth=20, name='bottom_line_4', opacity=1.0, ori=array(0.), pos=array([ 0.   , -0.975]), size=array([1., 1.]), units='norm', vertices=ndarray(...), win=Window(...), windingRule=None)
6.9514 	EXP 	Created right_line_4 = Line(__class__=<class 'psychopy.visual.line.Line'>, autoDraw=False, autoLog=True, closeShape=False, contrast=1.0, depth=-6.0, fillColor=None, fillColorSpace='rgb255', interpolate=True, lineColor=array([1., 1., 1.]), lineColorSpace='rgb', lineWidth=20, name='right_line_4', opacity=1.0, ori=array(90.), pos=array([ 0.925, -0.55 ]), size=array([1., 1.]), units='norm', vertices=ndarray(...), win=Window(...), windingRule=None)
6.9522 	EXP 	Created left_line_4 = Line(__class__=<class 'psychopy.visual.line.Line'>, autoDraw=False, autoLog=True, closeShape=False, contrast=1.0, depth=-7.0, fillColor=None, fillColorSpace='rgb255', interpolate=True, lineColor=array([1., 1., 1.]), lineColorSpace='rgb', lineWidth=20, name='left_line_4', opacity=1.0, ori=array(90.), pos=array([-0.925, -0.55 ]), size=array([1., 1.]), units='norm', vertices=ndarray(...), win=Window(...), windingRule=None)
6.9558 	EXP 	Created text_18 = TextStim(__class__=<class 'psychopy.visual.text.TextStim'>, alignHoriz='center', alignVert='center', antialias=True, autoLog=True, bold=False, color='white', colorSpace='named', contrast=1.0, depth=-1.0, flipHoriz=False, flipVert=False, font='Arial', fontFiles=[], height=0.1, italic=False, languageStyle='LTR', name='text_18', opacity=1.0, ori=0, pos=array([0., 0.]), rgb=array([255., 255., 255.]), text='default text', units='norm', win=Window(...), wrapWidth=1.5)
6.9594 	EXP 	Created text_19 = TextStim(__class__=<class 'psychopy.visual.text.TextStim'>, alignHoriz='center', alignVert='center', antialias=True, autoLog=True, bold=False, color='white', colorSpace='named', contrast=1.0, depth=-2.0, flipHoriz=False, flipVert=False, font='Arial', fontFiles=[], height=0.1, italic=False, languageStyle='LTR', name='text_19', opacity=1.0, ori=0, pos=array([-0.9 , -0.15]), rgb=array([255., 255., 255.]), text='default text', units='norm', win=Window(...), wrapWidth=1)
6.9608 	EXP 	Created image_8 = ImageStim(__class__=<class 'psychopy.visual.image.ImageStim'>, autoLog=True, color=array([1., 1., 1.]), colorSpace='rgb', contrast=1.0, depth=-3.0, flipHoriz=False, flipVert=False, image='sin', interpolate=True, mask=None, maskParams=None, name='image_8', opacity=1.0, ori=0.0, pos=array([0. , 0.5]), size=array([0.75, 0.75]), texRes=128, units='norm', win=Window(...))
6.9615 	EXP 	Created polygon_5 = Line(__class__=<class 'psychopy.visual.line.Line'>, autoDraw=False, autoLog=True, closeShape=False, contrast=1.0, depth=-4.0, fillColor=None, fillColorSpace='rgb255', interpolate=True, lineColor=array([1., 1., 1.]), lineColorSpace='rgb', lineWidth=20, name='polygon_5', opacity=1.0, ori=array(0.), pos=array([ 0.   , -0.125]), size=array([1., 1.]), units='norm', vertices=ndarray(...), win=Window(...), windingRule=None)
6.9622 	EXP 	Created bottom_line_5 = Line(__class__=<class 'psychopy.visual.line.Line'>, autoDraw=False, autoLog=True, closeShape=False, contrast=1.0, depth=-5.0, fillColor=None, fillColorSpace='rgb255', interpolate=True, lineColor=array([1., 1., 1.]), lineColorSpace='rgb', lineWidth=20, name='bottom_line_5', opacity=1.0, ori=array(0.), pos=array([ 0.   , -0.975]), size=array([1., 1.]), units='norm', vertices=ndarray(...), win=Window(...), windingRule=None)
6.9630 	EXP 	Created right_line_5 = Line(__class__=<class 'psychopy.visual.line.Line'>, autoDraw=False, autoLog=True, closeShape=False, contrast=1.0, depth=-6.0, fillColor=None, fillColorSpace='rgb255', interpolate=True, lineColor=array([1., 1., 1.]), lineColorSpace='rgb', lineWidth=20, name='right_line_5', opacity=1.0, ori=array(90.), pos=array([ 0.925, -0.55 ]), size=array([1., 1.]), units='norm', vertices=ndarray(...), win=Window(...), windingRule=None)
6.9637 	EXP 	Created left_line_5 = Line(__class__=<class 'psychopy.visual.line.Line'>, autoDraw=False, autoLog=True, closeShape=False, contrast=1.0, depth=-7.0, fillColor=None, fillColorSpace='rgb255', interpolate=True, lineColor=array([1., 1., 1.]), lineColorSpace='rgb', lineWidth=20, name='left_line_5', opacity=1.0, ori=array(90.), pos=array([-0.925, -0.55 ]), size=array([1., 1.]), units='norm', vertices=ndarray(...), win=Window(...), windingRule=None)
6.9676 	EXP 	Created text_20 = TextStim(__class__=<class 'psychopy.visual.text.TextStim'>, alignHoriz='center', alignVert='center', antialias=True, autoLog=True, bold=False, color='white', colorSpace='named', contrast=1.0, depth=-1.0, flipHoriz=False, flipVert=False, font='Arial', fontFiles=[], height=0.1, italic=False, languageStyle='LTR', name='text_20', opacity=1.0, ori=0, pos=array([0., 0.]), rgb=array([255., 255., 255.]), text='default text', units='norm', win=Window(...), wrapWidth=1.5)
6.9712 	EXP 	Created text_21 = TextStim(__class__=<class 'psychopy.visual.text.TextStim'>, alignHoriz='center', alignVert='center', antialias=True, autoLog=True, bold=False, color='white', colorSpace='named', contrast=1.0, depth=-2.0, flipHoriz=False, flipVert=False, font='Arial', fontFiles=[], height=0.1, italic=False, languageStyle='LTR', name='text_21', opacity=1.0, ori=0, pos=array([-0.9 , -0.15]), rgb=array([255., 255., 255.]), text='default text', units='norm', win=Window(...), wrapWidth=1)
6.9725 	EXP 	Created image_9 = ImageStim(__class__=<class 'psychopy.visual.image.ImageStim'>, autoLog=True, color=array([1., 1., 1.]), colorSpace='rgb', contrast=1.0, depth=-3.0, flipHoriz=False, flipVert=False, image='sin', interpolate=True, mask=None, maskParams=None, name='image_9', opacity=1.0, ori=0.0, pos=array([0. , 0.5]), size=array([0.75, 0.75]), texRes=128, units='norm', win=Window(...))
6.9733 	EXP 	Created polygon_6 = Line(__class__=<class 'psychopy.visual.line.Line'>, autoDraw=False, autoLog=True, closeShape=False, contrast=1.0, depth=-4.0, fillColor=None, fillColorSpace='rgb255', interpolate=True, lineColor=array([1., 1., 1.]), lineColorSpace='rgb', lineWidth=20, name='polygon_6', opacity=1.0, ori=array(0.), pos=array([ 0.   , -0.125]), size=array([1., 1.]), units='norm', vertices=ndarray(...), win=Window(...), windingRule=None)
6.9740 	EXP 	Created bottom_line_6 = Line(__class__=<class 'psychopy.visual.line.Line'>, autoDraw=False, autoLog=True, closeShape=False, contrast=1.0, depth=-5.0, fillColor=None, fillColorSpace='rgb255', interpolate=True, lineColor=array([1., 1., 1.]), lineColorSpace='rgb', lineWidth=20, name='bottom_line_6', opacity=1.0, ori=array(0.), pos=array([ 0.   , -0.975]), size=array([1., 1.]), units='norm', vertices=ndarray(...), win=Window(...), windingRule=None)
6.9747 	EXP 	Created right_line_6 = Line(__class__=<class 'psychopy.visual.line.Line'>, autoDraw=False, autoLog=True, closeShape=False, contrast=1.0, depth=-6.0, fillColor=None, fillColorSpace='rgb255', interpolate=True, lineColor=array([1., 1., 1.]), lineColorSpace='rgb', lineWidth=20, name='right_line_6', opacity=1.0, ori=array(90.), pos=array([ 0.925, -0.55 ]), size=array([1., 1.]), units='norm', vertices=ndarray(...), win=Window(...), windingRule=None)
6.9755 	EXP 	Created left_line_6 = Line(__class__=<class 'psychopy.visual.line.Line'>, autoDraw=False, autoLog=True, closeShape=False, contrast=1.0, depth=-7.0, fillColor=None, fillColorSpace='rgb255', interpolate=True, lineColor=array([1., 1., 1.]), lineColorSpace='rgb', lineWidth=20, name='left_line_6', opacity=1.0, ori=array(90.), pos=array([-0.925, -0.55 ]), size=array([1., 1.]), units='norm', vertices=ndarray(...), win=Window(...), windingRule=None)
6.9831 	EXP 	Imported count.xlsx as conditions, 16 conditions, 1 params
6.9833 	EXP 	Created sequence: sequential, trialTypes=16, nReps=1, seed=None
6.9836 	EXP 	New trial (rep=0, index=0): OrderedDict([('count', 0)])
7.0704 	EXP 	text_4: text = 'Restaurant Critic'
7.0704 	EXP 	image: image = 'jobphotos/restaurant_critic.jpg'
7.0704 	EXP 	text_4: autoDraw = True
7.0704 	EXP 	image: autoDraw = True
7.0704 	EXP 	text_5: autoDraw = True
8.5423 	DATA 	Keypress: q
8.5475 	EXP 	Imported story_xlsx_files/41.xlsx as conditions, 2 conditions, 1 params
8.5477 	EXP 	Created sequence: sequential, trialTypes=2, nReps=1, seed=None
8.5479 	EXP 	New trial (rep=0, index=0): OrderedDict([('storyText', 41)])
8.5514 	WARNING 	Requested image 'storypics/41_storypic' not found but similar filename 'storypics/41_storypic.jpg' exists. This will be used instead but changing the filename is advised.
8.6068 	EXP 	text_4: autoDraw = False
8.6068 	EXP 	image: autoDraw = False
8.6068 	EXP 	text_5: autoDraw = False
8.6068 	EXP 	text: text = 41
8.6068 	EXP 	image_2: image = 'storypics/41_storypic'
8.6068 	EXP 	text: autoDraw = True
8.6068 	EXP 	image_2: autoDraw = True
8.9590 	DATA 	Keypress: 1
8.9599 	EXP 	New trial (rep=0, index=1): OrderedDict([('storyText', 'Restaurant Meet Cute')])
8.9661 	WARNING 	Requested image 'storypics/41_storypic' not found but similar filename 'storypics/41_storypic.jpg' exists. This will be used instead but changing the filename is advised.
8.9909 	EXP 	text: autoDraw = False
8.9909 	EXP 	image_2: autoDraw = False
8.9909 	EXP 	text: text = 'Restaurant Meet Cute'
8.9909 	EXP 	image_2: image = 'storypics/41_storypic'
8.9909 	EXP 	text: autoDraw = True
8.9909 	EXP 	image_2: autoDraw = True
9.8260 	DATA 	Keypress: 9
9.8314 	EXP 	Imported recall_instructions.xlsx as conditions, 5 conditions, 1 params
9.8316 	EXP 	Created sequence: sequential, trialTypes=5, nReps=1, seed=None
9.8319 	EXP 	New trial (rep=0, index=0): OrderedDict([('instructText', 'The next part of the experiment is to recall each story to the best of your ability.')])
9.8574 	EXP 	text: autoDraw = False
9.8574 	EXP 	image_2: autoDraw = False
9.8574 	EXP 	text_6: text = 'The next part of the experiment is to recall each story to the best of your ability.'
9.8574 	EXP 	text_6: autoDraw = True
10.5594 	DATA 	Keypress: space
10.5602 	EXP 	New trial (rep=0, index=1): OrderedDict([('instructText', 'You will be presented with the story title, names, the images, and a blank text box for each story.')])
10.5906 	EXP 	text_6: autoDraw = False
10.5906 	EXP 	text_6: text = 'You will be presented with the story title, names, the images, and a blank text box for each story.'
10.5906 	EXP 	text_6: autoDraw = True
10.7590 	DATA 	Keypress: space
10.7597 	EXP 	New trial (rep=0, index=2): OrderedDict([('instructText', 'Describe the story with as many details as you can remember in the space provided. ')])
10.7904 	EXP 	text_6: autoDraw = False
10.7904 	EXP 	text_6: text = 'Describe the story with as many details as you can remember in the space provided. '
10.7904 	EXP 	text_6: autoDraw = True
10.9265 	DATA 	Keypress: space
10.9409 	EXP 	New trial (rep=0, index=3): OrderedDict([('instructText', 'When you are finished recalling one story, to move onto the next one hit ‘return’. ')])
10.9742 	EXP 	text_6: autoDraw = False
10.9742 	EXP 	text_6: text = 'When you are finished recalling one story, to move onto the next one hit ‘return’. '
10.9742 	EXP 	text_6: autoDraw = True
11.2925 	DATA 	Keypress: space
11.2933 	EXP 	New trial (rep=0, index=4): OrderedDict([('instructText', 'There is no time limit for your responses. ')])
11.3072 	EXP 	text_6: autoDraw = False
11.3072 	EXP 	text_6: text = 'There is no time limit for your responses. '
11.3072 	EXP 	text_6: autoDraw = True
12.0764 	DATA 	Keypress: space
12.0819 	EXP 	Imported count.xlsx as conditions, 16 conditions, 1 params
12.0821 	EXP 	Created sequence: sequential, trialTypes=16, nReps=1, seed=None
12.0823 	EXP 	New trial (rep=0, index=0): OrderedDict([('count', 0)])
12.0827 	WARNING 	Requested image 'storypics/41_storypic' not found but similar filename 'storypics/41_storypic.jpg' exists. This will be used instead but changing the filename is advised.
12.1240 	EXP 	text_6: autoDraw = False
12.1240 	EXP 	text_10: alignHoriz = 'left'
12.1240 	EXP 	text_10: alignVert = 'top'
12.1240 	EXP 	text_10: wrapWidth = 1.8
12.1240 	EXP 	text_10: height = 0.05
12.1240 	EXP 	image_4: image = 'storypics/41_storypic'
12.1240 	EXP 	text_9: autoDraw = True
12.1240 	EXP 	text_10: autoDraw = True
12.1240 	EXP 	image_4: autoDraw = True
12.1240 	EXP 	polygon: autoDraw = True
12.1240 	EXP 	bottom_line: autoDraw = True
12.1240 	EXP 	right_line_2: autoDraw = True
12.1240 	EXP 	left_line: autoDraw = True
12.7589 	DATA 	Keypress: k
12.8091 	DATA 	Keypress: s
12.8752 	DATA 	Keypress: j
12.9760 	DATA 	Keypress: f
13.0088 	DATA 	Keypress: l
13.0430 	DATA 	Keypress: k
13.0765 	DATA 	Keypress: s
13.0927 	DATA 	Keypress: j
13.1771 	DATA 	Keypress: l
13.2257 	DATA 	Keypress: f
13.2427 	DATA 	Keypress: k
13.2439 	DATA 	Keypress: a
13.2767 	DATA 	Keypress: j
13.3591 	DATA 	Keypress: s
13.3926 	DATA 	Keypress: l
13.4260 	DATA 	Keypress: k
13.4272 	DATA 	Keypress: space
13.5775 	DATA 	Keypress: k
13.6275 	DATA 	Keypress: j
13.9439 	DATA 	Keypress: s
14.0772 	DATA 	Keypress: j
14.1930 	DATA 	Keypress: space
14.2124 	DATA 	Keypress: k
14.2136 	DATA 	Keypress: l
14.4610 	DATA 	Keypress: return
14.4764 	EXP 	New trial (rep=0, index=1): OrderedDict([('count', 1)])
14.4766 	WARNING 	Requested image 'storypics/21_storypic' not found but similar filename 'storypics/21_storypic.jpg' exists. This will be used instead but changing the filename is advised.
14.5095 	EXP 	text_9: autoDraw = False
14.5095 	EXP 	text_10: autoDraw = False
14.5095 	EXP 	image_4: autoDraw = False
14.5095 	EXP 	polygon: autoDraw = False
14.5095 	EXP 	bottom_line: autoDraw = False
14.5095 	EXP 	right_line_2: autoDraw = False
14.5095 	EXP 	left_line: autoDraw = False
14.5095 	EXP 	text_10: alignHoriz = 'left'
14.5095 	EXP 	text_10: alignVert = 'top'
14.5095 	EXP 	text_10: wrapWidth = 1.8
14.5095 	EXP 	text_10: height = 0.05
14.5095 	EXP 	image_4: image = 'storypics/21_storypic'
14.5095 	EXP 	text_9: autoDraw = True
14.5095 	EXP 	text_10: autoDraw = True
14.5095 	EXP 	image_4: autoDraw = True
14.5095 	EXP 	polygon: autoDraw = True
14.5095 	EXP 	bottom_line: autoDraw = True
14.5095 	EXP 	right_line_2: autoDraw = True
14.5095 	EXP 	left_line: autoDraw = True
14.8434 	DATA 	Keypress: k
14.8775 	DATA 	Keypress: s
14.9599 	DATA 	Keypress: j
14.9773 	DATA 	Keypress: f
14.9941 	DATA 	Keypress: l
15.1124 	DATA 	Keypress: k
15.1136 	DATA 	Keypress: s
15.1770 	DATA 	Keypress: j
15.2435 	DATA 	Keypress: space
15.3276 	DATA 	Keypress: f
15.3440 	DATA 	Keypress: k
15.4274 	DATA 	Keypress: s
15.5108 	DATA 	Keypress: j
15.5952 	DATA 	Keypress: space
15.8273 	DATA 	Keypress: return
15.8423 	EXP 	New trial (rep=0, index=2): OrderedDict([('count', 2)])
15.8425 	WARNING 	Requested image 'storypics/23_storypic' not found but similar filename 'storypics/23_storypic.jpg' exists. This will be used instead but changing the filename is advised.
15.8762 	EXP 	text_9: autoDraw = False
15.8762 	EXP 	text_10: autoDraw = False
15.8762 	EXP 	image_4: autoDraw = False
15.8762 	EXP 	polygon: autoDraw = False
15.8762 	EXP 	bottom_line: autoDraw = False
15.8762 	EXP 	right_line_2: autoDraw = False
15.8762 	EXP 	left_line: autoDraw = False
15.8762 	EXP 	text_10: alignHoriz = 'left'
15.8762 	EXP 	text_10: alignVert = 'top'
15.8762 	EXP 	text_10: wrapWidth = 1.8
15.8762 	EXP 	text_10: height = 0.05
15.8762 	EXP 	image_4: image = 'storypics/23_storypic'
15.8762 	EXP 	text_9: autoDraw = True
15.8762 	EXP 	text_10: autoDraw = True
15.8762 	EXP 	image_4: autoDraw = True
15.8762 	EXP 	polygon: autoDraw = True
15.8762 	EXP 	bottom_line: autoDraw = True
15.8762 	EXP 	right_line_2: autoDraw = True
15.8762 	EXP 	left_line: autoDraw = True
16.1934 	DATA 	Keypress: k
16.2272 	DATA 	Keypress: s
16.2600 	DATA 	Keypress: j
16.3270 	DATA 	Keypress: f
16.3440 	DATA 	Keypress: l
16.4434 	DATA 	Keypress: k
16.4771 	DATA 	Keypress: j
16.4935 	DATA 	Keypress: s
16.5601 	DATA 	Keypress: space
17.4276 	DATA 	Keypress: tab
17.4362 	EXP 	Imported question_instructions.xlsx as conditions, 2 conditions, 1 params
17.4364 	EXP 	Created sequence: sequential, trialTypes=2, nReps=1, seed=None
17.4366 	EXP 	New trial (rep=0, index=0): OrderedDict([('instructText', 'The next part of the task is to answer specific questions about each story.')])
17.4587 	EXP 	text_9: autoDraw = False
17.4587 	EXP 	text_10: autoDraw = False
17.4587 	EXP 	image_4: autoDraw = False
17.4587 	EXP 	polygon: autoDraw = False
17.4587 	EXP 	bottom_line: autoDraw = False
17.4587 	EXP 	right_line_2: autoDraw = False
17.4587 	EXP 	left_line: autoDraw = False
17.4587 	EXP 	text_13: text = 'The next part of the task is to answer specific questions about each story.'
17.4587 	EXP 	text_13: autoDraw = True
18.3601 	DATA 	Keypress: space
18.3608 	EXP 	New trial (rep=0, index=1): OrderedDict([('instructText', 'Hit enter to submit your answer and move onto the next question. ')])
18.3923 	EXP 	text_13: autoDraw = False
18.3923 	EXP 	text_13: text = 'Hit enter to submit your answer and move onto the next question. '
18.3923 	EXP 	text_13: autoDraw = True
20.1782 	DATA 	Keypress: space
20.1839 	EXP 	Imported count.xlsx as conditions, 16 conditions, 1 params
20.1841 	EXP 	Created sequence: sequential, trialTypes=16, nReps=1, seed=None
20.1843 	EXP 	New trial (rep=0, index=0): OrderedDict([('count', 0)])
20.1844 	WARNING 	Requested image 'storypics/41_storypic' not found but similar filename 'storypics/41_storypic.jpg' exists. This will be used instead but changing the filename is advised.
20.2105 	EXP 	text_13: autoDraw = False
20.2105 	EXP 	image_10: image = 'storypics/41_storypic'
20.2105 	EXP 	image_10: autoDraw = True
20.2105 	EXP 	text_22: autoDraw = True
23.1617 	DATA 	Keypress: space
23.1696 	WARNING 	Requested image 'storypics/41_storypic' not found but similar filename 'storypics/41_storypic.jpg' exists. This will be used instead but changing the filename is advised.
23.2105 	EXP 	image_10: autoDraw = False
23.2105 	EXP 	text_22: autoDraw = False
23.2105 	EXP 	text_15: alignHoriz = 'left'
23.2105 	EXP 	text_15: alignVert = 'top'
23.2105 	EXP 	text_15: wrapWidth = 1.8
23.2105 	EXP 	text_15: height = 0.05
23.2105 	EXP 	text_14: text = 'How is the restaurant decorated?'
23.2105 	EXP 	image_6: image = 'storypics/41_storypic'
23.2105 	EXP 	text_14: autoDraw = True
23.2105 	EXP 	text_15: autoDraw = True
23.2105 	EXP 	image_6: autoDraw = True
23.2105 	EXP 	polygon_3: autoDraw = True
23.2105 	EXP 	bottom_line_3: autoDraw = True
23.2105 	EXP 	right_line_3: autoDraw = True
23.2105 	EXP 	left_line_3: autoDraw = True
23.9298 	DATA 	Keypress: d
24.0134 	DATA 	Keypress: k
24.0637 	DATA 	Keypress: j
24.1305 	DATA 	Keypress: s
24.1466 	DATA 	Keypress: l
24.2471 	DATA 	Keypress: k
24.2799 	DATA 	Keypress: f
24.2970 	DATA 	Keypress: j
24.4140 	DATA 	Keypress: k
24.4295 	DATA 	Keypress: s
24.4306 	DATA 	Keypress: space
24.5637 	DATA 	Keypress: j
24.5972 	DATA 	Keypress: f
24.6630 	DATA 	Keypress: l
24.6968 	DATA 	Keypress: s
24.7306 	DATA 	Keypress: k
24.7971 	DATA 	Keypress: j
24.8305 	DATA 	Keypress: space
24.9467 	DATA 	Keypress: k
24.9964 	DATA 	Keypress: j
24.9976 	DATA 	Keypress: s
25.7961 	DATA 	Keypress: return
25.8178 	WARNING 	Requested image 'storypics/41_storypic' not found but similar filename 'storypics/41_storypic.jpg' exists. This will be used instead but changing the filename is advised.
25.8454 	EXP 	text_14: autoDraw = False
25.8454 	EXP 	text_15: autoDraw = False
25.8454 	EXP 	image_6: autoDraw = False
25.8454 	EXP 	polygon_3: autoDraw = False
25.8454 	EXP 	bottom_line_3: autoDraw = False
25.8454 	EXP 	right_line_3: autoDraw = False
25.8454 	EXP 	left_line_3: autoDraw = False
25.8454 	EXP 	text_17: alignHoriz = 'left'
25.8454 	EXP 	text_17: alignVert = 'top'
25.8454 	EXP 	text_17: wrapWidth = 1.8
25.8454 	EXP 	text_17: height = 0.05
25.8454 	EXP 	text_16: text = 'What are the menus like?'
25.8454 	EXP 	image_7: image = 'storypics/41_storypic'
25.8454 	EXP 	text_16: autoDraw = True
25.8454 	EXP 	text_17: autoDraw = True
25.8454 	EXP 	image_7: autoDraw = True
25.8454 	EXP 	polygon_4: autoDraw = True
25.8454 	EXP 	bottom_line_4: autoDraw = True
25.8454 	EXP 	right_line_4: autoDraw = True
25.8454 	EXP 	left_line_4: autoDraw = True
26.3305 	DATA 	Keypress: s
26.3469 	DATA 	Keypress: k
26.4632 	DATA 	Keypress: j
26.4805 	DATA 	Keypress: f
26.5468 	DATA 	Keypress: l
26.6468 	DATA 	Keypress: k
26.6480 	DATA 	Keypress: s
26.6804 	DATA 	Keypress: d
26.6973 	DATA 	Keypress: space
26.7131 	DATA 	Keypress: j
26.9133 	DATA 	Keypress: s
26.9146 	DATA 	Keypress: d
26.9467 	DATA 	Keypress: k
27.0133 	DATA 	Keypress: j
27.0470 	DATA 	Keypress: f
27.1296 	DATA 	Keypress: space
27.2639 	DATA 	Keypress: k
27.2806 	DATA 	Keypress: s
27.3468 	DATA 	Keypress: j
27.3527 	DATA 	Keypress: d
27.4298 	DATA 	Keypress: f
27.4985 	DATA 	Keypress: l
27.5474 	DATA 	Keypress: space
27.5654 	DATA 	Keypress: k
27.7151 	DATA 	Keypress: s
27.7305 	DATA 	Keypress: d
27.9138 	DATA 	Keypress: return
27.9345 	WARNING 	Requested image 'storypics/41_storypic' not found but similar filename 'storypics/41_storypic.jpg' exists. This will be used instead but changing the filename is advised.
27.9621 	EXP 	text_16: autoDraw = False
27.9621 	EXP 	text_17: autoDraw = False
27.9621 	EXP 	image_7: autoDraw = False
27.9621 	EXP 	polygon_4: autoDraw = False
27.9621 	EXP 	bottom_line_4: autoDraw = False
27.9621 	EXP 	right_line_4: autoDraw = False
27.9621 	EXP 	left_line_4: autoDraw = False
27.9621 	EXP 	text_19: alignHoriz = 'left'
27.9621 	EXP 	text_19: alignVert = 'top'
27.9621 	EXP 	text_19: wrapWidth = 1.8
27.9621 	EXP 	text_19: height = 0.05
27.9621 	EXP 	text_18: text = 'What do the clients order?'
27.9621 	EXP 	image_8: image = 'storypics/41_storypic'
27.9621 	EXP 	text_18: autoDraw = True
27.9621 	EXP 	text_19: autoDraw = True
27.9621 	EXP 	image_8: autoDraw = True
27.9621 	EXP 	polygon_5: autoDraw = True
27.9621 	EXP 	bottom_line_5: autoDraw = True
27.9621 	EXP 	right_line_5: autoDraw = True
27.9621 	EXP 	left_line_5: autoDraw = True
28.3307 	DATA 	Keypress: k
28.3809 	DATA 	Keypress: s
28.4321 	DATA 	Keypress: l
28.4468 	DATA 	Keypress: j
28.5308 	DATA 	Keypress: f
28.5663 	DATA 	Keypress: space
28.6309 	DATA 	Keypress: k
28.6810 	DATA 	Keypress: s
28.6987 	DATA 	Keypress: j
28.7817 	DATA 	Keypress: l
28.8152 	DATA 	Keypress: space
29.1152 	DATA 	Keypress: return
29.1385 	WARNING 	Requested image 'storypics/41_storypic' not found but similar filename 'storypics/41_storypic.jpg' exists. This will be used instead but changing the filename is advised.
29.1639 	EXP 	text_18: autoDraw = False
29.1639 	EXP 	text_19: autoDraw = False
29.1639 	EXP 	image_8: autoDraw = False
29.1639 	EXP 	polygon_5: autoDraw = False
29.1639 	EXP 	bottom_line_5: autoDraw = False
29.1639 	EXP 	right_line_5: autoDraw = False
29.1639 	EXP 	left_line_5: autoDraw = False
29.1639 	EXP 	text_21: alignHoriz = 'left'
29.1639 	EXP 	text_21: alignVert = 'top'
29.1639 	EXP 	text_21: wrapWidth = 1.8
29.1639 	EXP 	text_21: height = 0.05
29.1639 	EXP 	text_20: text = 'How do the clients like the food?'
29.1639 	EXP 	image_9: image = 'storypics/41_storypic'
29.1639 	EXP 	text_20: autoDraw = True
29.1639 	EXP 	text_21: autoDraw = True
29.1639 	EXP 	image_9: autoDraw = True
29.1639 	EXP 	polygon_6: autoDraw = True
29.1639 	EXP 	bottom_line_6: autoDraw = True
29.1639 	EXP 	right_line_6: autoDraw = True
29.1639 	EXP 	left_line_6: autoDraw = True
29.6157 	DATA 	Keypress: s
29.6171 	DATA 	Keypress: l
29.6318 	DATA 	Keypress: k
29.6647 	DATA 	Keypress: d
29.6688 	DATA 	Keypress: j
29.6981 	DATA 	Keypress: f
29.7646 	DATA 	Keypress: space
29.8818 	DATA 	Keypress: k
29.8983 	DATA 	Keypress: s
29.9320 	DATA 	Keypress: d
29.9333 	DATA 	Keypress: j
30.0647 	DATA 	Keypress: space
30.2313 	DATA 	Keypress: return
30.2481 	EXP 	New trial (rep=0, index=1): OrderedDict([('count', 1)])
30.2482 	WARNING 	Requested image 'storypics/21_storypic' not found but similar filename 'storypics/21_storypic.jpg' exists. This will be used instead but changing the filename is advised.
30.2799 	EXP 	text_20: autoDraw = False
30.2799 	EXP 	text_21: autoDraw = False
30.2799 	EXP 	image_9: autoDraw = False
30.2799 	EXP 	polygon_6: autoDraw = False
30.2799 	EXP 	bottom_line_6: autoDraw = False
30.2799 	EXP 	right_line_6: autoDraw = False
30.2799 	EXP 	left_line_6: autoDraw = False
30.2799 	EXP 	image_10: image = 'storypics/21_storypic'
30.2799 	EXP 	image_10: autoDraw = True
30.2799 	EXP 	text_22: autoDraw = True
32.6655 	DATA 	Keypress: space
32.6755 	WARNING 	Requested image 'storypics/21_storypic' not found but similar filename 'storypics/21_storypic.jpg' exists. This will be used instead but changing the filename is advised.
32.6973 	EXP 	image_10: autoDraw = False
32.6973 	EXP 	text_22: autoDraw = False
32.6973 	EXP 	text_15: alignHoriz = 'left'
32.6973 	EXP 	text_15: alignVert = 'top'
32.6973 	EXP 	text_15: wrapWidth = 1.8
32.6973 	EXP 	text_15: height = 0.05
32.6973 	EXP 	text_14: text = 'How does the person who proposed feel before proposing?'
32.6973 	EXP 	image_6: image = 'storypics/21_storypic'
32.6973 	EXP 	text_14: autoDraw = True
32.6973 	EXP 	text_15: autoDraw = True
32.6973 	EXP 	image_6: autoDraw = True
32.6973 	EXP 	polygon_3: autoDraw = True
32.6973 	EXP 	bottom_line_3: autoDraw = True
32.6973 	EXP 	right_line_3: autoDraw = True
32.6973 	EXP 	left_line_3: autoDraw = True
33.1816 	DATA 	Keypress: l
33.1829 	DATA 	Keypress: s
33.2155 	DATA 	Keypress: k
33.2496 	DATA 	Keypress: d
33.2818 	DATA 	Keypress: j
33.2831 	DATA 	Keypress: f
33.3823 	DATA 	Keypress: l
33.3985 	DATA 	Keypress: k
33.4159 	DATA 	Keypress: s
33.4321 	DATA 	Keypress: d
33.4821 	DATA 	Keypress: j
33.5177 	DATA 	Keypress: space
33.5486 	DATA 	Keypress: f
33.9334 	DATA 	Keypress: return
33.9548 	WARNING 	Requested image 'storypics/21_storypic' not found but similar filename 'storypics/21_storypic.jpg' exists. This will be used instead but changing the filename is advised.
33.9819 	EXP 	text_14: autoDraw = False
33.9819 	EXP 	text_15: autoDraw = False
33.9819 	EXP 	image_6: autoDraw = False
33.9819 	EXP 	polygon_3: autoDraw = False
33.9819 	EXP 	bottom_line_3: autoDraw = False
33.9819 	EXP 	right_line_3: autoDraw = False
33.9819 	EXP 	left_line_3: autoDraw = False
33.9819 	EXP 	text_17: alignHoriz = 'left'
33.9819 	EXP 	text_17: alignVert = 'top'
33.9819 	EXP 	text_17: wrapWidth = 1.8
33.9819 	EXP 	text_17: height = 0.05
33.9819 	EXP 	text_16: text = 'What is the ring like?'
33.9819 	EXP 	image_7: image = 'storypics/21_storypic'
33.9819 	EXP 	text_16: autoDraw = True
33.9819 	EXP 	text_17: autoDraw = True
33.9819 	EXP 	image_7: autoDraw = True
33.9819 	EXP 	polygon_4: autoDraw = True
33.9819 	EXP 	bottom_line_4: autoDraw = True
33.9819 	EXP 	right_line_4: autoDraw = True
33.9819 	EXP 	left_line_4: autoDraw = True
34.3669 	DATA 	Keypress: s
34.3718 	DATA 	Keypress: k
34.3997 	DATA 	Keypress: j
34.4178 	DATA 	Keypress: d
34.4190 	DATA 	Keypress: f
34.4998 	DATA 	Keypress: l
34.5162 	DATA 	Keypress: space
34.5998 	DATA 	Keypress: k
34.6167 	DATA 	Keypress: s
34.6504 	DATA 	Keypress: j
34.6554 	DATA 	Keypress: d
34.7830 	DATA 	Keypress: l
34.7882 	DATA 	Keypress: f
35.0495 	DATA 	Keypress: return
35.0732 	WARNING 	Requested image 'storypics/21_storypic' not found but similar filename 'storypics/21_storypic.jpg' exists. This will be used instead but changing the filename is advised.
35.0990 	EXP 	text_16: autoDraw = False
35.0990 	EXP 	text_17: autoDraw = False
35.0990 	EXP 	image_7: autoDraw = False
35.0990 	EXP 	polygon_4: autoDraw = False
35.0990 	EXP 	bottom_line_4: autoDraw = False
35.0990 	EXP 	right_line_4: autoDraw = False
35.0990 	EXP 	left_line_4: autoDraw = False
35.0990 	EXP 	text_19: alignHoriz = 'left'
35.0990 	EXP 	text_19: alignVert = 'top'
35.0990 	EXP 	text_19: wrapWidth = 1.8
35.0990 	EXP 	text_19: height = 0.05
35.0990 	EXP 	text_18: text = 'Does anyone help with the proposal?'
35.0990 	EXP 	image_8: image = 'storypics/21_storypic'
35.0990 	EXP 	text_18: autoDraw = True
35.0990 	EXP 	text_19: autoDraw = True
35.0990 	EXP 	image_8: autoDraw = True
35.0990 	EXP 	polygon_5: autoDraw = True
35.0990 	EXP 	bottom_line_5: autoDraw = True
35.0990 	EXP 	right_line_5: autoDraw = True
35.0990 	EXP 	left_line_5: autoDraw = True
35.4172 	DATA 	Keypress: k
35.4336 	DATA 	Keypress: s
35.4523 	DATA 	Keypress: j
35.4995 	DATA 	Keypress: f
35.5334 	DATA 	Keypress: l
35.6340 	DATA 	Keypress: k
35.6673 	DATA 	Keypress: s
35.6832 	DATA 	Keypress: j
36.0166 	DATA 	Keypress: return
36.0398 	WARNING 	Requested image 'storypics/21_storypic' not found but similar filename 'storypics/21_storypic.jpg' exists. This will be used instead but changing the filename is advised.
36.0657 	EXP 	text_18: autoDraw = False
36.0657 	EXP 	text_19: autoDraw = False
36.0657 	EXP 	image_8: autoDraw = False
36.0657 	EXP 	polygon_5: autoDraw = False
36.0657 	EXP 	bottom_line_5: autoDraw = False
36.0657 	EXP 	right_line_5: autoDraw = False
36.0657 	EXP 	left_line_5: autoDraw = False
36.0657 	EXP 	text_21: alignHoriz = 'left'
36.0657 	EXP 	text_21: alignVert = 'top'
36.0657 	EXP 	text_21: wrapWidth = 1.8
36.0657 	EXP 	text_21: height = 0.05
36.0657 	EXP 	text_20: text = 'Who witnessed the “yes”?'
36.0657 	EXP 	image_9: image = 'storypics/21_storypic'
36.0657 	EXP 	text_20: autoDraw = True
36.0657 	EXP 	text_21: autoDraw = True
36.0657 	EXP 	image_9: autoDraw = True
36.0657 	EXP 	polygon_6: autoDraw = True
36.0657 	EXP 	bottom_line_6: autoDraw = True
36.0657 	EXP 	right_line_6: autoDraw = True
36.0657 	EXP 	left_line_6: autoDraw = True
36.4172 	DATA 	Keypress: s
36.4507 	DATA 	Keypress: k
36.5168 	DATA 	Keypress: f
36.5210 	DATA 	Keypress: j
36.6333 	DATA 	Keypress: l
36.6672 	DATA 	Keypress: s
36.6836 	DATA 	Keypress: k
36.7003 	DATA 	Keypress: d
36.7352 	DATA 	Keypress: j
36.9501 	DATA 	Keypress: return
36.9662 	EXP 	New trial (rep=0, index=2): OrderedDict([('count', 2)])
36.9663 	WARNING 	Requested image 'storypics/23_storypic' not found but similar filename 'storypics/23_storypic.jpg' exists. This will be used instead but changing the filename is advised.
36.9985 	EXP 	text_20: autoDraw = False
36.9985 	EXP 	text_21: autoDraw = False
36.9985 	EXP 	image_9: autoDraw = False
36.9985 	EXP 	polygon_6: autoDraw = False
36.9985 	EXP 	bottom_line_6: autoDraw = False
36.9985 	EXP 	right_line_6: autoDraw = False
36.9985 	EXP 	left_line_6: autoDraw = False
36.9985 	EXP 	image_10: image = 'storypics/23_storypic'
36.9985 	EXP 	image_10: autoDraw = True
36.9985 	EXP 	text_22: autoDraw = True
39.3686 	DATA 	Keypress: space
39.3772 	WARNING 	Requested image 'storypics/23_storypic' not found but similar filename 'storypics/23_storypic.jpg' exists. This will be used instead but changing the filename is advised.
39.4005 	EXP 	image_10: autoDraw = False
39.4005 	EXP 	text_22: autoDraw = False
39.4005 	EXP 	text_15: alignHoriz = 'left'
39.4005 	EXP 	text_15: alignVert = 'top'
39.4005 	EXP 	text_15: wrapWidth = 1.8
39.4005 	EXP 	text_15: height = 0.05
39.4005 	EXP 	text_14: text = 'What is the grocery store like upon entering?'
39.4005 	EXP 	image_6: image = 'storypics/23_storypic'
39.4005 	EXP 	text_14: autoDraw = True
39.4005 	EXP 	text_15: autoDraw = True
39.4005 	EXP 	image_6: autoDraw = True
39.4005 	EXP 	polygon_3: autoDraw = True
39.4005 	EXP 	bottom_line_3: autoDraw = True
39.4005 	EXP 	right_line_3: autoDraw = True
39.4005 	EXP 	left_line_3: autoDraw = True
39.8682 	DATA 	Keypress: k
39.9022 	DATA 	Keypress: d
39.9520 	DATA 	Keypress: j
40.2179 	DATA 	Keypress: return
40.2409 	WARNING 	Requested image 'storypics/23_storypic' not found but similar filename 'storypics/23_storypic.jpg' exists. This will be used instead but changing the filename is advised.
40.2673 	EXP 	text_14: autoDraw = False
40.2673 	EXP 	text_15: autoDraw = False
40.2673 	EXP 	image_6: autoDraw = False
40.2673 	EXP 	polygon_3: autoDraw = False
40.2673 	EXP 	bottom_line_3: autoDraw = False
40.2673 	EXP 	right_line_3: autoDraw = False
40.2673 	EXP 	left_line_3: autoDraw = False
40.2673 	EXP 	text_17: alignHoriz = 'left'
40.2673 	EXP 	text_17: alignVert = 'top'
40.2673 	EXP 	text_17: wrapWidth = 1.8
40.2673 	EXP 	text_17: height = 0.05
40.2673 	EXP 	text_16: text = 'What items do the clients pick out?'
40.2673 	EXP 	image_7: image = 'storypics/23_storypic'
40.2673 	EXP 	text_16: autoDraw = True
40.2673 	EXP 	text_17: autoDraw = True
40.2673 	EXP 	image_7: autoDraw = True
40.2673 	EXP 	polygon_4: autoDraw = True
40.2673 	EXP 	bottom_line_4: autoDraw = True
40.2673 	EXP 	right_line_4: autoDraw = True
40.2673 	EXP 	left_line_4: autoDraw = True
40.7018 	DATA 	Keypress: j
40.9683 	DATA 	Keypress: return
40.9952 	WARNING 	Requested image 'storypics/23_storypic' not found but similar filename 'storypics/23_storypic.jpg' exists. This will be used instead but changing the filename is advised.
41.0166 	EXP 	text_16: autoDraw = False
41.0166 	EXP 	text_17: autoDraw = False
41.0166 	EXP 	image_7: autoDraw = False
41.0166 	EXP 	polygon_4: autoDraw = False
41.0166 	EXP 	bottom_line_4: autoDraw = False
41.0166 	EXP 	right_line_4: autoDraw = False
41.0166 	EXP 	left_line_4: autoDraw = False
41.0166 	EXP 	text_19: alignHoriz = 'left'
41.0166 	EXP 	text_19: alignVert = 'top'
41.0166 	EXP 	text_19: wrapWidth = 1.8
41.0166 	EXP 	text_19: height = 0.05
41.0166 	EXP 	text_18: text = 'How is the checkout line and how long do the clients wait in line?'
41.0166 	EXP 	image_8: image = 'storypics/23_storypic'
41.0166 	EXP 	text_18: autoDraw = True
41.0166 	EXP 	text_19: autoDraw = True
41.0166 	EXP 	image_8: autoDraw = True
41.0166 	EXP 	polygon_5: autoDraw = True
41.0166 	EXP 	bottom_line_5: autoDraw = True
41.0166 	EXP 	right_line_5: autoDraw = True
41.0166 	EXP 	left_line_5: autoDraw = True
41.5176 	DATA 	Keypress: return
41.5445 	WARNING 	Requested image 'storypics/23_storypic' not found but similar filename 'storypics/23_storypic.jpg' exists. This will be used instead but changing the filename is advised.
41.5664 	EXP 	text_18: autoDraw = False
41.5664 	EXP 	text_19: autoDraw = False
41.5664 	EXP 	image_8: autoDraw = False
41.5664 	EXP 	polygon_5: autoDraw = False
41.5664 	EXP 	bottom_line_5: autoDraw = False
41.5664 	EXP 	right_line_5: autoDraw = False
41.5664 	EXP 	left_line_5: autoDraw = False
41.5664 	EXP 	text_21: alignHoriz = 'left'
41.5664 	EXP 	text_21: alignVert = 'top'
41.5664 	EXP 	text_21: wrapWidth = 1.8
41.5664 	EXP 	text_21: height = 0.05
41.5664 	EXP 	text_20: text = 'How much are the groceries and what method of payment do the clients use?'
41.5664 	EXP 	image_9: image = 'storypics/23_storypic'
41.5664 	EXP 	text_20: autoDraw = True
41.5664 	EXP 	text_21: autoDraw = True
41.5664 	EXP 	image_9: autoDraw = True
41.5664 	EXP 	polygon_6: autoDraw = True
41.5664 	EXP 	bottom_line_6: autoDraw = True
41.5664 	EXP 	right_line_6: autoDraw = True
41.5664 	EXP 	left_line_6: autoDraw = True
41.9850 	DATA 	Keypress: return
42.0005 	EXP 	New trial (rep=0, index=3): OrderedDict([('count', 3)])
42.0006 	WARNING 	Requested image 'storypics/43_storypic' not found but similar filename 'storypics/43_storypic.jpg' exists. This will be used instead but changing the filename is advised.
42.0332 	EXP 	text_20: autoDraw = False
42.0332 	EXP 	text_21: autoDraw = False
42.0332 	EXP 	image_9: autoDraw = False
42.0332 	EXP 	polygon_6: autoDraw = False
42.0332 	EXP 	bottom_line_6: autoDraw = False
42.0332 	EXP 	right_line_6: autoDraw = False
42.0332 	EXP 	left_line_6: autoDraw = False
42.0332 	EXP 	image_10: image = 'storypics/43_storypic'
42.0332 	EXP 	image_10: autoDraw = True
42.0332 	EXP 	text_22: autoDraw = True
42.9350 	DATA 	Keypress: escape
43.2122 	EXP 	window1: mouseVisible = True
