3.7755 	WARNING 	User requested fullscreen with size [1024  768], but screen is actually [2560, 1440]. Using actual size
5.1322 	EXP 	Created window1 = Window(allowGUI=False, allowStencil=False, args=UNKNOWN, autoLog=True, bitsMode=UNKNOWN, blendMode='avg', color=array([0., 0., 0.]), colorSpace='rgb', fullscr=<method-wrapper '__getattribute__' of attributeSetter object at 0x123f32cf8>, gamma=None, kwargs=UNKNOWN, lms=UNKNOWN, monitor=<psychopy.monitors.calibTools.Monitor object at 0x125ca93c8>, multiSample=False, name='window1', numSamples=2, pos=[0.0, 0.0], screen=0, size=array([5120, 2880]), stereo=False, units='norm', useFBO=True, useRetina=True, viewOri=0.0, viewPos=None, viewScale=None, waitBlanking=True, winType='pyglet')
5.1323 	EXP 	window1: recordFrameIntervals = False
5.2985 	EXP 	window1: recordFrameIntervals = True
5.4191 	WARNING 	t of last frame was 20.62ms (=1/48)
5.6189 	WARNING 	t of last frame was 20.39ms (=1/49)
5.7193 	WARNING 	t of last frame was 20.58ms (=1/48)
5.8862 	WARNING 	t of last frame was 20.98ms (=1/47)
5.9357 	WARNING 	Multiple dropped frames have occurred - I'll stop bothering you about them!
6.8358 	EXP 	window1: recordFrameIntervals = False
6.9014 	EXP 	Created text_4 = TextStim(__class__=<class 'psychopy.visual.text.TextStim'>, alignHoriz='center', alignVert='center', antialias=True, autoLog=True, bold=False, color='white', colorSpace='named', contrast=1.0, depth=-2.0, flipHoriz=False, flipVert=False, font='Arial', fontFiles=[], height=0.1, italic=False, languageStyle='LTR', name='text_4', opacity=1.0, ori=0, pos=array([0., 0.]), rgb=array([255., 255., 255.]), text='default text', units='norm', win=Window(...), wrapWidth=1)
6.9030 	EXP 	Created image = ImageStim(__class__=<class 'psychopy.visual.image.ImageStim'>, autoLog=True, color=array([1., 1., 1.]), colorSpace='rgb', contrast=1.0, depth=-3.0, flipHoriz=False, flipVert=False, image='sin', interpolate=True, mask=None, maskParams=None, name='image', opacity=1.0, ori=0.0, pos=array([ 0. , -0.5]), size=array([0.5, 0.5]), texRes=128, units='norm', win=Window(...))
6.9068 	EXP 	Created text = TextStim(__class__=<class 'psychopy.visual.text.TextStim'>, alignHoriz='center', alignVert='center', antialias=True, autoLog=True, bold=False, color='white', colorSpace='named', contrast=1.0, depth=0.0, flipHoriz=False, flipVert=False, font='Arial', fontFiles=[], height=0.1, italic=False, languageStyle='LTR', name='text', opacity=1.0, ori=0, pos=array([ 0. , -0.5]), rgb=array([255., 255., 255.]), text='default text', units='norm', win=Window(...), wrapWidth=1)
6.9082 	EXP 	Created image_2 = ImageStim(__class__=<class 'psychopy.visual.image.ImageStim'>, autoLog=True, color=array([1., 1., 1.]), colorSpace='rgb', contrast=1.0, depth=-2.0, flipHoriz=False, flipVert=False, image='sin', interpolate=True, mask=None, maskParams=None, name='image_2', opacity=1.0, ori=0.0, pos=array([0. , 0.4]), size=array([0.5, 0.5]), texRes=128, units='norm', win=Window(...))
6.9155 	EXP 	Imported count.xlsx as conditions, 16 conditions, 1 params
6.9157 	EXP 	Created sequence: sequential, trialTypes=16, nReps=1, seed=None
6.9159 	EXP 	New trial (rep=0, index=0): OrderedDict([('count', 0)])
7.0121 	EXP 	text_4: text = 'Grocery Store Customer Experience Manager'
7.0121 	EXP 	image: image = 'gscem.jpg'
7.0121 	EXP 	text_4: autoDraw = True
7.0121 	EXP 	image: autoDraw = True
8.0507 	DATA 	Keypress: space
8.0559 	EXP 	Imported 23.xlsx as conditions, 2 conditions, 1 params
8.0561 	EXP 	Created sequence: sequential, trialTypes=2, nReps=1, seed=None
8.0563 	EXP 	New trial (rep=0, index=0): OrderedDict([('storyText', 23)])
8.0984 	EXP 	text_4: autoDraw = False
8.0984 	EXP 	image: autoDraw = False
8.0984 	EXP 	text: text = 23
8.0984 	EXP 	image_2: image = '23_faces.jpg'
8.0984 	EXP 	text: autoDraw = True
8.0984 	EXP 	image_2: autoDraw = True
9.8510 	DATA 	Keypress: space
9.8518 	EXP 	New trial (rep=0, index=1): OrderedDict([('storyText', 'Grocery shopping Proposal')])
9.8832 	EXP 	text: autoDraw = False
9.8832 	EXP 	image_2: autoDraw = False
9.8832 	EXP 	text: text = 'Grocery shopping Proposal'
9.8832 	EXP 	image_2: image = '23_faces.jpg'
9.8832 	EXP 	text: autoDraw = True
9.8832 	EXP 	image_2: autoDraw = True
12.0510 	DATA 	Keypress: space
12.0518 	EXP 	New trial (rep=0, index=1): OrderedDict([('count', 1)])
12.0831 	EXP 	text: autoDraw = False
12.0831 	EXP 	image_2: autoDraw = False
12.0831 	EXP 	text_4: text = 'Business Reporter'
12.0831 	EXP 	image: image = 'business_reporter.jpg'
12.0831 	EXP 	text_4: autoDraw = True
12.0831 	EXP 	image: autoDraw = True
12.7178 	DATA 	Keypress: space
12.7229 	EXP 	Imported 33.xlsx as conditions, 2 conditions, 1 params
12.7231 	EXP 	Created sequence: sequential, trialTypes=2, nReps=1, seed=None
12.7233 	EXP 	New trial (rep=0, index=0): OrderedDict([('storyText', 33)])
12.7501 	EXP 	text_4: autoDraw = False
12.7501 	EXP 	image: autoDraw = False
12.7501 	EXP 	text: text = 33
12.7501 	EXP 	image_2: image = '33_faces.jpg'
12.7501 	EXP 	text: autoDraw = True
12.7501 	EXP 	image_2: autoDraw = True
15.4197 	DATA 	Keypress: space
15.4205 	EXP 	New trial (rep=0, index=1): OrderedDict([('storyText', 'Grocery Shopping Business Deal')])
15.4516 	EXP 	text: autoDraw = False
15.4516 	EXP 	image_2: autoDraw = False
15.4516 	EXP 	text: text = 'Grocery Shopping Business Deal'
15.4516 	EXP 	image_2: image = '33_faces.jpg'
15.4516 	EXP 	text: autoDraw = True
15.4516 	EXP 	image_2: autoDraw = True
17.2360 	DATA 	Keypress: space
17.2369 	EXP 	New trial (rep=0, index=2): OrderedDict([('count', 2)])
17.2685 	EXP 	text: autoDraw = False
17.2685 	EXP 	image_2: autoDraw = False
17.2685 	EXP 	text_4: text = 'Restaurant Critic'
17.2685 	EXP 	image: image = 'restaurant_critic.jpg'
17.2685 	EXP 	text_4: autoDraw = True
17.2685 	EXP 	image: autoDraw = True
17.8528 	DATA 	Keypress: space
17.8573 	EXP 	Imported 31.xlsx as conditions, 2 conditions, 1 params
17.8575 	EXP 	Created sequence: sequential, trialTypes=2, nReps=1, seed=None
17.8577 	EXP 	New trial (rep=0, index=0): OrderedDict([('storyText', 31)])
17.8845 	EXP 	text_4: autoDraw = False
17.8845 	EXP 	image: autoDraw = False
17.8845 	EXP 	text: text = 31
17.8845 	EXP 	image_2: image = '31_faces.jpg'
17.8845 	EXP 	text: autoDraw = True
17.8845 	EXP 	image_2: autoDraw = True
18.4533 	DATA 	Keypress: space
18.4541 	EXP 	New trial (rep=0, index=1): OrderedDict([('storyText', 'Restaurant Business Deal')])
18.4859 	EXP 	text: autoDraw = False
18.4859 	EXP 	image_2: autoDraw = False
18.4859 	EXP 	text: text = 'Restaurant Business Deal'
18.4859 	EXP 	image_2: image = '31_faces.jpg'
18.4859 	EXP 	text: autoDraw = True
18.4859 	EXP 	image_2: autoDraw = True
19.0537 	DATA 	Keypress: space
19.0544 	EXP 	New trial (rep=0, index=3): OrderedDict([('count', 3)])
19.0863 	EXP 	text: autoDraw = False
19.0863 	EXP 	image_2: autoDraw = False
19.0863 	EXP 	text_4: text = 'Couples Therapist'
19.0863 	EXP 	image: image = 'couples.jpg'
19.0863 	EXP 	text_4: autoDraw = True
19.0863 	EXP 	image: autoDraw = True
19.6712 	DATA 	Keypress: space
19.6764 	EXP 	Imported 12.xlsx as conditions, 2 conditions, 1 params
19.6766 	EXP 	Created sequence: sequential, trialTypes=2, nReps=1, seed=None
19.6768 	EXP 	New trial (rep=0, index=0): OrderedDict([('storyText', 12)])
19.7029 	EXP 	text_4: autoDraw = False
19.7029 	EXP 	image: autoDraw = False
19.7029 	EXP 	text: text = 12
19.7029 	EXP 	image_2: image = '12_faces.jpg'
19.7029 	EXP 	text: autoDraw = True
19.7029 	EXP 	image_2: autoDraw = True
20.9870 	DATA 	Keypress: space
20.9878 	EXP 	New trial (rep=0, index=1): OrderedDict([('storyText', 'Airport Breakup')])
21.0190 	EXP 	text: autoDraw = False
21.0190 	EXP 	image_2: autoDraw = False
21.0190 	EXP 	text: text = 'Airport Breakup'
21.0190 	EXP 	image_2: image = '12_faces.jpg'
21.0190 	EXP 	text: autoDraw = True
21.0190 	EXP 	image_2: autoDraw = True
22.1712 	DATA 	Keypress: space
22.1721 	EXP 	New trial (rep=0, index=4): OrderedDict([('count', 4)])
22.2027 	EXP 	text: autoDraw = False
22.2027 	EXP 	image_2: autoDraw = False
22.2027 	EXP 	text_4: text = 'Dean of Academic Studies'
22.2027 	EXP 	image: image = 'dean.jpg'
22.2027 	EXP 	text_4: autoDraw = True
22.2027 	EXP 	image: autoDraw = True
22.6539 	DATA 	Keypress: escape
22.9265 	EXP 	window1: mouseVisible = True
