3.6505 	WARNING 	User requested fullscreen with size [1024  768], but screen is actually [2560, 1440]. Using actual size
4.3132 	EXP 	Created window1 = Window(allowGUI=False, allowStencil=False, args=UNKNOWN, autoLog=True, bitsMode=UNKNOWN, blendMode='avg', color=array([0., 0., 0.]), colorSpace='rgb', fullscr=<method-wrapper '__getattribute__' of attributeSetter object at 0x1257abd68>, gamma=None, kwargs=UNKNOWN, lms=UNKNOWN, monitor=<psychopy.monitors.calibTools.Monitor object at 0x126a65be0>, multiSample=False, name='window1', numSamples=2, pos=[0.0, 0.0], screen=0, size=array([5120, 2880]), stereo=False, units='norm', useFBO=True, useRetina=True, viewOri=0.0, viewPos=None, viewScale=None, waitBlanking=True, winType='pyglet')
4.3133 	EXP 	window1: recordFrameIntervals = False
4.4799 	EXP 	window1: recordFrameIntervals = True
4.6628 	EXP 	window1: recordFrameIntervals = False
4.7356 	EXP 	Created text_2 = TextStim(__class__=<class 'psychopy.visual.text.TextStim'>, alignHoriz='center', alignVert='center', antialias=True, autoLog=True, bold=False, color='white', colorSpace='named', contrast=1.0, depth=0.0, flipHoriz=False, flipVert=False, font='Arial', fontFiles=[], height=0.1, italic=False, languageStyle='LTR', name='text_2', opacity=1.0, ori=0, pos=array([0., 0.]), rgb=array([255., 255., 255.]), text='which experiment?\n\n(for experimenter)', units='norm', win=Window(...), wrapWidth=1)
4.7418 	EXP 	Created text_4 = TextStim(__class__=<class 'psychopy.visual.text.TextStim'>, alignHoriz='center', alignVert='center', antialias=True, autoLog=True, bold=False, color='white', colorSpace='named', contrast=1.0, depth=-2.0, flipHoriz=False, flipVert=False, font='Arial', fontFiles=[], height=0.1, italic=False, languageStyle='LTR', name='text_4', opacity=1.0, ori=0, pos=array([0., 0.]), rgb=array([255., 255., 255.]), text='default text', units='norm', win=Window(...), wrapWidth=1)
4.7454 	EXP 	Created text = TextStim(__class__=<class 'psychopy.visual.text.TextStim'>, alignHoriz='center', alignVert='center', antialias=True, autoLog=True, bold=False, color='white', colorSpace='named', contrast=1.0, depth=-1.0, flipHoriz=False, flipVert=False, font='Arial', fontFiles=[], height=0.1, italic=False, languageStyle='LTR', name='text', opacity=1.0, ori=0, pos=array([0., 0.]), rgb=array([255., 255., 255.]), text='default text', units='norm', win=Window(...), wrapWidth=1)
4.7630 	EXP 	text_2: autoDraw = True
5.4816 	DATA 	Keypress: space
5.4910 	EXP 	Imported count.xlsx as conditions, 16 conditions, 1 params
5.4912 	EXP 	Created sequence: sequential, trialTypes=16, nReps=1, seed=None
5.4915 	EXP 	New trial (rep=0, index=0): OrderedDict([('count', 0)])
5.7625 	EXP 	window1: mouseVisible = True
4.0864 	WARNING 	User requested fullscreen with size [1024  768], but screen is actually [2560, 1440]. Using actual size
4.7528 	EXP 	Created window1 = Window(allowGUI=False, allowStencil=False, args=UNKNOWN, autoLog=True, bitsMode=UNKNOWN, blendMode='avg', color=array([0., 0., 0.]), colorSpace='rgb', fullscr=<method-wrapper '__getattribute__' of attributeSetter object at 0x124492d68>, gamma=None, kwargs=UNKNOWN, lms=UNKNOWN, monitor=<psychopy.monitors.calibTools.Monitor object at 0x124209be0>, multiSample=False, name='window1', numSamples=2, pos=[0.0, 0.0], screen=0, size=array([5120, 2880]), stereo=False, units='norm', useFBO=True, useRetina=True, viewOri=0.0, viewPos=None, viewScale=None, waitBlanking=True, winType='pyglet')
4.7529 	EXP 	window1: recordFrameIntervals = False
4.9185 	EXP 	window1: recordFrameIntervals = True
5.1018 	EXP 	window1: recordFrameIntervals = False
5.1723 	EXP 	Created text_2 = TextStim(__class__=<class 'psychopy.visual.text.TextStim'>, alignHoriz='center', alignVert='center', antialias=True, autoLog=True, bold=False, color='white', colorSpace='named', contrast=1.0, depth=0.0, flipHoriz=False, flipVert=False, font='Arial', fontFiles=[], height=0.1, italic=False, languageStyle='LTR', name='text_2', opacity=1.0, ori=0, pos=array([0., 0.]), rgb=array([255., 255., 255.]), text='which experiment?\n\n(for experimenter)', units='norm', win=Window(...), wrapWidth=1)
5.1784 	EXP 	Created text_4 = TextStim(__class__=<class 'psychopy.visual.text.TextStim'>, alignHoriz='center', alignVert='center', antialias=True, autoLog=True, bold=False, color='white', colorSpace='named', contrast=1.0, depth=-2.0, flipHoriz=False, flipVert=False, font='Arial', fontFiles=[], height=0.1, italic=False, languageStyle='LTR', name='text_4', opacity=1.0, ori=0, pos=array([0., 0.]), rgb=array([255., 255., 255.]), text='default text', units='norm', win=Window(...), wrapWidth=1)
5.1819 	EXP 	Created text = TextStim(__class__=<class 'psychopy.visual.text.TextStim'>, alignHoriz='center', alignVert='center', antialias=True, autoLog=True, bold=False, color='white', colorSpace='named', contrast=1.0, depth=-1.0, flipHoriz=False, flipVert=False, font='Arial', fontFiles=[], height=0.1, italic=False, languageStyle='LTR', name='text', opacity=1.0, ori=0, pos=array([0., 0.]), rgb=array([255., 255., 255.]), text='default text', units='norm', win=Window(...), wrapWidth=1)
5.2016 	EXP 	text_2: autoDraw = True
5.8878 	DATA 	Keypress: s
5.8966 	EXP 	Imported count.xlsx as conditions, 16 conditions, 1 params
5.8969 	EXP 	Created sequence: sequential, trialTypes=16, nReps=1, seed=None
5.8971 	EXP 	New trial (rep=0, index=0): OrderedDict([('count', 0)])
5.9189 	EXP 	text_2: autoDraw = False
5.9189 	EXP 	text_4: text = 'Couples Therapist'
5.9189 	EXP 	text_4: autoDraw = True
8.4054 	DATA 	Keypress: space
8.4203 	EXP 	text_4: autoDraw = False
8.4203 	EXP 	text: text = 'Restaurant Breakup'
8.4203 	EXP 	text: autoDraw = True
11.0721 	DATA 	Keypress: space
11.0886 	EXP 	New trial (rep=0, index=1): OrderedDict([('count', 1)])
11.1044 	EXP 	text: autoDraw = False
11.1044 	EXP 	text_4: text = 'Matchmaker'
11.1044 	EXP 	text_4: autoDraw = True
11.8400 	DATA 	Keypress: space
11.8723 	EXP 	text_4: autoDraw = False
11.8723 	EXP 	text: text = 'Grocery Shopping- Meet Cute'
11.8723 	EXP 	text: autoDraw = True
12.4402 	DATA 	Keypress: space
12.4409 	EXP 	New trial (rep=0, index=2): OrderedDict([('count', 2)])
12.4549 	EXP 	text: autoDraw = False
12.4549 	EXP 	text_4: text = 'Wedding Planner'
12.4549 	EXP 	text_4: autoDraw = True
13.0403 	DATA 	Keypress: space
13.0549 	EXP 	text_4: autoDraw = False
13.0549 	EXP 	text: text = 'Restaurant Proposal'
13.0549 	EXP 	text: autoDraw = True
13.5728 	DATA 	Keypress: space
13.5735 	EXP 	New trial (rep=0, index=3): OrderedDict([('count', 3)])
13.5893 	EXP 	text: autoDraw = False
13.5893 	EXP 	text_4: text = 'Grocery Store Customer Experience Manager'
13.5893 	EXP 	text_4: autoDraw = True
14.5730 	DATA 	Keypress: space
14.5891 	EXP 	text_4: autoDraw = False
14.5891 	EXP 	text: text = 'Grocery Shopping- Business Deal'
14.5891 	EXP 	text: autoDraw = True
15.4401 	DATA 	Keypress: space
15.4410 	EXP 	New trial (rep=0, index=4): OrderedDict([('count', 4)])
15.4555 	EXP 	text: autoDraw = False
15.4555 	EXP 	text_4: text = 'Airport Customer Experience Manager'
15.4555 	EXP 	text_4: autoDraw = True
16.3401 	DATA 	Keypress: space
16.3559 	EXP 	text_4: autoDraw = False
16.3559 	EXP 	text: text = 'Airport Breakup'
16.3559 	EXP 	text: autoDraw = True
17.1250 	DATA 	Keypress: space
17.1258 	EXP 	New trial (rep=0, index=5): OrderedDict([('count', 5)])
17.1394 	EXP 	text: autoDraw = False
17.1394 	EXP 	text_4: text = 'Dean of Academic Studies'
17.1394 	EXP 	text_4: autoDraw = True
17.5741 	DATA 	Keypress: space
17.5903 	EXP 	text_4: autoDraw = False
17.5903 	EXP 	text: text = 'Attending a Lecture-Meet Cute'
17.5903 	EXP 	text: autoDraw = True
18.2080 	DATA 	Keypress: space
18.2087 	EXP 	New trial (rep=0, index=6): OrderedDict([('count', 6)])
18.2231 	EXP 	text: autoDraw = False
18.2231 	EXP 	text_4: text = 'Airport Customer Experience Manager'
18.2231 	EXP 	text_4: autoDraw = True
18.7078 	DATA 	Keypress: space
18.7230 	EXP 	text_4: autoDraw = False
18.7230 	EXP 	text: text = 'Airport Proposal'
18.7230 	EXP 	text: autoDraw = True
19.2259 	DATA 	Keypress: space
19.2266 	EXP 	New trial (rep=0, index=7): OrderedDict([('count', 7)])
19.2404 	EXP 	text: autoDraw = False
19.2404 	EXP 	text_4: text = 'Business Reporter'
19.2404 	EXP 	text_4: autoDraw = True
19.9918 	DATA 	Keypress: space
20.0069 	EXP 	text_4: autoDraw = False
20.0069 	EXP 	text: text = 'Attending a Lecture-Business Deal'
20.0069 	EXP 	text: autoDraw = True
20.3251 	DATA 	Keypress: space
20.3259 	EXP 	New trial (rep=0, index=8): OrderedDict([('count', 8)])
20.3400 	EXP 	text: autoDraw = False
20.3400 	EXP 	text_4: text = 'Couples Therapist'
20.3400 	EXP 	text_4: autoDraw = True
20.6252 	DATA 	Keypress: space
20.6406 	EXP 	text_4: autoDraw = False
20.6406 	EXP 	text: text = 'Grocery Shopping- Break up'
20.6406 	EXP 	text: autoDraw = True
20.9581 	DATA 	Keypress: space
20.9588 	EXP 	New trial (rep=0, index=9): OrderedDict([('count', 9)])
20.9734 	EXP 	text: autoDraw = False
20.9734 	EXP 	text_4: text = 'Matchmaker'
20.9734 	EXP 	text_4: autoDraw = True
21.2087 	DATA 	Keypress: space
21.2407 	EXP 	text_4: autoDraw = False
21.2407 	EXP 	text: text = 'Restaurant Meet Cute'
21.2407 	EXP 	text: autoDraw = True
21.4252 	DATA 	Keypress: space
21.4259 	EXP 	New trial (rep=0, index=10): OrderedDict([('count', 10)])
21.4407 	EXP 	text: autoDraw = False
21.4407 	EXP 	text_4: text = 'Wedding Planner'
21.4407 	EXP 	text_4: autoDraw = True
21.6102 	DATA 	Keypress: space
21.6249 	EXP 	text_4: autoDraw = False
21.6249 	EXP 	text: text = 'Grocery Shopping- Proposal'
21.6249 	EXP 	text: autoDraw = True
21.8257 	DATA 	Keypress: space
21.8263 	EXP 	New trial (rep=0, index=11): OrderedDict([('count', 11)])
21.8409 	EXP 	text: autoDraw = False
21.8409 	EXP 	text_4: text = 'Restaurant Critic'
21.8409 	EXP 	text_4: autoDraw = True
21.9762 	DATA 	Keypress: space
21.9917 	EXP 	text_4: autoDraw = False
21.9917 	EXP 	text: text = 'Restaurant Business Deal'
21.9917 	EXP 	text: autoDraw = True
22.1766 	DATA 	Keypress: space
22.1773 	EXP 	New trial (rep=0, index=12): OrderedDict([('count', 12)])
22.1910 	EXP 	text: autoDraw = False
22.1910 	EXP 	text_4: text = 'Dean of Academic Studies'
22.1910 	EXP 	text_4: autoDraw = True
22.3434 	DATA 	Keypress: space
22.3584 	EXP 	text_4: autoDraw = False
22.3584 	EXP 	text: text = 'Attending a Lecture-Breakup'
22.3584 	EXP 	text: autoDraw = True
22.5266 	DATA 	Keypress: space
22.5274 	EXP 	New trial (rep=0, index=13): OrderedDict([('count', 13)])
22.5412 	EXP 	text: autoDraw = False
22.5412 	EXP 	text_4: text = 'Airport Customer Experience Manager'
22.5412 	EXP 	text_4: autoDraw = True
23.1103 	DATA 	Keypress: escape
23.3826 	EXP 	window1: mouseVisible = True
