3.5696 	WARNING 	User requested fullscreen with size [1024  768], but screen is actually [2560, 1440]. Using actual size
4.2591 	EXP 	Created window1 = Window(allowGUI=False, allowStencil=False, args=UNKNOWN, autoLog=True, bitsMode=UNKNOWN, blendMode='avg', color=array([0., 0., 0.]), colorSpace='rgb', fullscr=<method-wrapper '__getattribute__' of attributeSetter object at 0x124370e10>, gamma=None, kwargs=UNKNOWN, lms=UNKNOWN, monitor=<psychopy.monitors.calibTools.Monitor object at 0x127e6c240>, multiSample=False, name='window1', numSamples=2, pos=[0.0, 0.0], screen=0, size=array([5120, 2880]), stereo=False, units='norm', useFBO=True, useRetina=True, viewOri=0.0, viewPos=None, viewScale=None, waitBlanking=True, winType='pyglet')
4.2591 	EXP 	window1: recordFrameIntervals = False
4.4238 	EXP 	window1: recordFrameIntervals = True
4.6075 	EXP 	window1: recordFrameIntervals = False
4.6709 	EXP 	Created text_4 = TextStim(__class__=<class 'psychopy.visual.text.TextStim'>, alignHoriz='center', alignVert='center', antialias=True, autoLog=True, bold=False, color='white', colorSpace='named', contrast=1.0, depth=-1.0, flipHoriz=False, flipVert=False, font='Arial', fontFiles=[], height=0.1, italic=False, languageStyle='LTR', name='text_4', opacity=1.0, ori=0, pos=array([0., 0.]), rgb=array([255., 255., 255.]), text='default text', units='norm', win=Window(...), wrapWidth=1)
4.6728 	EXP 	Created image = ImageStim(__class__=<class 'psychopy.visual.image.ImageStim'>, autoLog=True, color=array([1., 1., 1.]), colorSpace='rgb', contrast=1.0, depth=-2.0, flipHoriz=False, flipVert=False, image='sin', interpolate=True, mask=None, maskParams=None, name='image', opacity=1.0, ori=0.0, pos=array([0. , 0.5]), size=array([0.5, 0.5]), texRes=128, units='norm', win=Window(...))
4.6820 	EXP 	Created text_5 = TextStim(__class__=<class 'psychopy.visual.text.TextStim'>, alignHoriz='center', alignVert='center', antialias=True, autoLog=True, bold=False, color='white', colorSpace='named', contrast=1.0, depth=-3.0, flipHoriz=False, flipVert=False, font='Arial', fontFiles=[], height=0.1, italic=False, languageStyle='LTR', name='text_5', opacity=1.0, ori=0, pos=array([ 0. , -0.7]), rgb=array([255., 255., 255.]), text='(press space to continue)', units='norm', win=Window(...), wrapWidth=1)
4.6857 	EXP 	Created text = TextStim(__class__=<class 'psychopy.visual.text.TextStim'>, alignHoriz='center', alignVert='center', antialias=True, autoLog=True, bold=False, color='white', colorSpace='named', contrast=1.0, depth=0.0, flipHoriz=False, flipVert=False, font='Arial', fontFiles=[], height=0.1, italic=False, languageStyle='LTR', name='text', opacity=1.0, ori=0, pos=array([ 0. , -0.5]), rgb=array([255., 255., 255.]), text='default text', units='norm', win=Window(...), wrapWidth=1)
4.6870 	EXP 	Created image_2 = ImageStim(__class__=<class 'psychopy.visual.image.ImageStim'>, autoLog=True, color=array([1., 1., 1.]), colorSpace='rgb', contrast=1.0, depth=-2.0, flipHoriz=False, flipVert=False, image='sin', interpolate=True, mask=None, maskParams=None, name='image_2', opacity=1.0, ori=0.0, pos=array([0. , 0.4]), size=array([1., 1.]), texRes=128, units='norm', win=Window(...))
4.6907 	EXP 	Created text_6 = TextStim(__class__=<class 'psychopy.visual.text.TextStim'>, alignHoriz='center', alignVert='center', antialias=True, autoLog=True, bold=False, color='white', colorSpace='named', contrast=1.0, depth=-1.0, flipHoriz=False, flipVert=False, font='Arial', fontFiles=[], height=0.1, italic=False, languageStyle='LTR', name='text_6', opacity=1.0, ori=0, pos=array([0., 0.]), rgb=array([255., 255., 255.]), text='default text', units='norm', win=Window(...), wrapWidth=1)
4.7030 	EXP 	Created text_9 = TextStim(__class__=<class 'psychopy.visual.text.TextStim'>, alignHoriz='center', alignVert='center', antialias=True, autoLog=True, bold=False, color='white', colorSpace='named', contrast=1.0, depth=-1.0, flipHoriz=False, flipVert=False, font='Arial', fontFiles=[], height=0.1, italic=False, languageStyle='LTR', name='text_9', opacity=1.0, ori=0, pos=array([0., 0.]), rgb=array([255., 255., 255.]), text=str(...), units='norm', win=Window(...), wrapWidth=1.5)
4.7066 	EXP 	Created text_10 = TextStim(__class__=<class 'psychopy.visual.text.TextStim'>, alignHoriz='center', alignVert='center', antialias=True, autoLog=True, bold=False, color='white', colorSpace='named', contrast=1.0, depth=-2.0, flipHoriz=False, flipVert=False, font='Arial', fontFiles=[], height=0.1, italic=False, languageStyle='LTR', name='text_10', opacity=1.0, ori=0, pos=array([-0.9 , -0.15]), rgb=array([255., 255., 255.]), text='default text', units='norm', win=Window(...), wrapWidth=1)
4.7079 	EXP 	Created image_4 = ImageStim(__class__=<class 'psychopy.visual.image.ImageStim'>, autoLog=True, color=array([1., 1., 1.]), colorSpace='rgb', contrast=1.0, depth=-3.0, flipHoriz=False, flipVert=False, image='sin', interpolate=True, mask=None, maskParams=None, name='image_4', opacity=1.0, ori=0.0, pos=array([0. , 0.5]), size=array([0.75, 0.75]), texRes=128, units='norm', win=Window(...))
4.7127 	EXP 	Created polygon = Line(__class__=<class 'psychopy.visual.line.Line'>, autoDraw=False, autoLog=True, closeShape=False, contrast=1.0, depth=-4.0, fillColor=None, fillColorSpace='rgb255', interpolate=True, lineColor=array([1., 1., 1.]), lineColorSpace='rgb', lineWidth=20, name='polygon', opacity=1.0, ori=array(0.), pos=array([ 0.   , -0.125]), size=array([1., 1.]), units='norm', vertices=ndarray(...), win=Window(...), windingRule=None)
4.7133 	EXP 	Created bottom_line = Line(__class__=<class 'psychopy.visual.line.Line'>, autoDraw=False, autoLog=True, closeShape=False, contrast=1.0, depth=-5.0, fillColor=None, fillColorSpace='rgb255', interpolate=True, lineColor=array([1., 1., 1.]), lineColorSpace='rgb', lineWidth=20, name='bottom_line', opacity=1.0, ori=array(0.), pos=array([ 0.   , -0.975]), size=array([1., 1.]), units='norm', vertices=ndarray(...), win=Window(...), windingRule=None)
4.7140 	EXP 	Created right_line_2 = Line(__class__=<class 'psychopy.visual.line.Line'>, autoDraw=False, autoLog=True, closeShape=False, contrast=1.0, depth=-6.0, fillColor=None, fillColorSpace='rgb255', interpolate=True, lineColor=array([1., 1., 1.]), lineColorSpace='rgb', lineWidth=20, name='right_line_2', opacity=1.0, ori=array(90.), pos=array([ 0.925, -0.55 ]), size=array([1., 1.]), units='norm', vertices=ndarray(...), win=Window(...), windingRule=None)
4.7147 	EXP 	Created left_line = Line(__class__=<class 'psychopy.visual.line.Line'>, autoDraw=False, autoLog=True, closeShape=False, contrast=1.0, depth=-7.0, fillColor=None, fillColorSpace='rgb255', interpolate=True, lineColor=array([1., 1., 1.]), lineColorSpace='rgb', lineWidth=20, name='left_line', opacity=1.0, ori=array(90.), pos=array([-0.925, -0.55 ]), size=array([1., 1.]), units='norm', vertices=ndarray(...), win=Window(...), windingRule=None)
4.7230 	EXP 	Imported count.xlsx as conditions, 16 conditions, 1 params
4.7232 	EXP 	Created sequence: sequential, trialTypes=16, nReps=1, seed=None
4.7234 	EXP 	New trial (rep=0, index=0): OrderedDict([('count', 0)])
4.8050 	EXP 	text_4: text = 'Matchmaker'
4.8050 	EXP 	image: image = 'jobphotos/matchmaker.jpg'
4.8050 	EXP 	text_4: autoDraw = True
4.8050 	EXP 	image: autoDraw = True
4.8050 	EXP 	text_5: autoDraw = True
6.6270 	DATA 	Keypress: q
6.6318 	EXP 	Imported story_xlsx_files/41.xlsx as conditions, 2 conditions, 1 params
6.6320 	EXP 	Created sequence: sequential, trialTypes=2, nReps=1, seed=None
6.6322 	EXP 	New trial (rep=0, index=0): OrderedDict([('storyText', 41)])
6.6355 	WARNING 	Requested image 'storypics/41_storypic' not found but similar filename 'storypics/41_storypic.jpg' exists. This will be used instead but changing the filename is advised.
6.6758 	EXP 	text_4: autoDraw = False
6.6758 	EXP 	image: autoDraw = False
6.6758 	EXP 	text_5: autoDraw = False
6.6758 	EXP 	text: text = 41
6.6758 	EXP 	image_2: image = 'storypics/41_storypic'
6.6758 	EXP 	text: autoDraw = True
6.6758 	EXP 	image_2: autoDraw = True
9.2938 	DATA 	Keypress: 1
9.2947 	EXP 	New trial (rep=0, index=1): OrderedDict([('storyText', 'Restaurant Meet Cute')])
9.3014 	WARNING 	Requested image 'storypics/41_storypic' not found but similar filename 'storypics/41_storypic.jpg' exists. This will be used instead but changing the filename is advised.
9.3253 	EXP 	text: autoDraw = False
9.3253 	EXP 	image_2: autoDraw = False
9.3253 	EXP 	text: text = 'Restaurant Meet Cute'
9.3253 	EXP 	image_2: image = 'storypics/41_storypic'
9.3253 	EXP 	text: autoDraw = True
9.3253 	EXP 	image_2: autoDraw = True
9.8271 	DATA 	Keypress: 9
9.8319 	EXP 	Imported recall_instructions.xlsx as conditions, 5 conditions, 1 params
9.8321 	EXP 	Created sequence: sequential, trialTypes=5, nReps=1, seed=None
9.8323 	EXP 	New trial (rep=0, index=0): OrderedDict([('instructText', 'The next part of the experiment is to recall each story to the best of your ability.')])
9.8585 	EXP 	text: autoDraw = False
9.8585 	EXP 	image_2: autoDraw = False
9.8585 	EXP 	text_6: text = 'The next part of the experiment is to recall each story to the best of your ability.'
9.8585 	EXP 	text_6: autoDraw = True
10.9115 	DATA 	Keypress: space
10.9123 	EXP 	New trial (rep=0, index=1): OrderedDict([('instructText', 'You will be presented with the story title, names, the images, and a blank text box for each story.')])
10.9433 	EXP 	text_6: autoDraw = False
10.9433 	EXP 	text_6: text = 'You will be presented with the story title, names, the images, and a blank text box for each story.'
10.9433 	EXP 	text_6: autoDraw = True
11.1950 	DATA 	Keypress: space
11.1957 	EXP 	New trial (rep=0, index=2): OrderedDict([('instructText', 'Describe the story with as many details as you can remember in the space provided. ')])
11.2272 	EXP 	text_6: autoDraw = False
11.2272 	EXP 	text_6: text = 'Describe the story with as many details as you can remember in the space provided. '
11.2272 	EXP 	text_6: autoDraw = True
11.6784 	DATA 	Keypress: space
11.6792 	EXP 	New trial (rep=0, index=3): OrderedDict([('instructText', 'When you are finished recalling one story, to move onto the next one hit ‘return’. ')])
11.7105 	EXP 	text_6: autoDraw = False
11.7105 	EXP 	text_6: text = 'When you are finished recalling one story, to move onto the next one hit ‘return’. '
11.7105 	EXP 	text_6: autoDraw = True
12.3951 	DATA 	Keypress: space
12.3958 	EXP 	New trial (rep=0, index=4): OrderedDict([('instructText', 'There is no time limit for your responses. ')])
12.4106 	EXP 	text_6: autoDraw = False
12.4106 	EXP 	text_6: text = 'There is no time limit for your responses. '
12.4106 	EXP 	text_6: autoDraw = True
13.0444 	DATA 	Keypress: space
13.0494 	EXP 	Imported count.xlsx as conditions, 16 conditions, 1 params
13.0496 	EXP 	Created sequence: sequential, trialTypes=16, nReps=1, seed=None
13.0498 	EXP 	New trial (rep=0, index=0): OrderedDict([('count', 0)])
13.0501 	WARNING 	Requested image 'storypics/41_storypic' not found but similar filename 'storypics/41_storypic.jpg' exists. This will be used instead but changing the filename is advised.
13.0942 	EXP 	text_6: autoDraw = False
13.0942 	EXP 	text_10: alignHoriz = 'left'
13.0942 	EXP 	text_10: alignVert = 'top'
13.0942 	EXP 	text_10: wrapWidth = 1.8
13.0942 	EXP 	text_10: height = 0.05
13.0942 	EXP 	image_4: image = 'storypics/41_storypic'
13.0942 	EXP 	text_9: autoDraw = True
13.0942 	EXP 	text_10: autoDraw = True
13.0942 	EXP 	image_4: autoDraw = True
13.0942 	EXP 	polygon: autoDraw = True
13.0942 	EXP 	bottom_line: autoDraw = True
13.0942 	EXP 	right_line_2: autoDraw = True
13.0942 	EXP 	left_line: autoDraw = True
13.5953 	DATA 	Keypress: j
13.6952 	DATA 	Keypress: f
13.7293 	DATA 	Keypress: k
13.7953 	DATA 	Keypress: d
13.8776 	DATA 	Keypress: s
13.9779 	DATA 	Keypress: l
14.0275 	DATA 	Keypress: f
14.0951 	DATA 	Keypress: k
14.1277 	DATA 	Keypress: j
14.4617 	DATA 	Keypress: return
14.4777 	EXP 	New trial (rep=0, index=1): OrderedDict([('count', 1)])
14.4779 	WARNING 	Requested image 'storypics/44_storypic' not found but similar filename 'storypics/44_storypic.jpg' exists. This will be used instead but changing the filename is advised.
14.5101 	EXP 	text_9: autoDraw = False
14.5101 	EXP 	text_10: autoDraw = False
14.5101 	EXP 	image_4: autoDraw = False
14.5101 	EXP 	polygon: autoDraw = False
14.5101 	EXP 	bottom_line: autoDraw = False
14.5101 	EXP 	right_line_2: autoDraw = False
14.5101 	EXP 	left_line: autoDraw = False
14.5101 	EXP 	text_10: alignHoriz = 'left'
14.5101 	EXP 	text_10: alignVert = 'top'
14.5101 	EXP 	text_10: wrapWidth = 1.8
14.5101 	EXP 	text_10: height = 0.05
14.5101 	EXP 	image_4: image = 'storypics/44_storypic'
14.5101 	EXP 	text_9: autoDraw = True
14.5101 	EXP 	text_10: autoDraw = True
14.5101 	EXP 	image_4: autoDraw = True
14.5101 	EXP 	polygon: autoDraw = True
14.5101 	EXP 	bottom_line: autoDraw = True
14.5101 	EXP 	right_line_2: autoDraw = True
14.5101 	EXP 	left_line: autoDraw = True
15.2278 	DATA 	Keypress: h
15.2951 	DATA 	Keypress: e
15.3955 	DATA 	Keypress: l
15.5131 	DATA 	Keypress: l
15.6639 	DATA 	Keypress: o
15.9287 	DATA 	Keypress: return
15.9455 	EXP 	New trial (rep=0, index=2): OrderedDict([('count', 2)])
15.9457 	WARNING 	Requested image 'storypics/14_storypic' not found but similar filename 'storypics/14_storypic.jpg' exists. This will be used instead but changing the filename is advised.
15.9783 	EXP 	text_9: autoDraw = False
15.9783 	EXP 	text_10: autoDraw = False
15.9783 	EXP 	image_4: autoDraw = False
15.9783 	EXP 	polygon: autoDraw = False
15.9783 	EXP 	bottom_line: autoDraw = False
15.9783 	EXP 	right_line_2: autoDraw = False
15.9783 	EXP 	left_line: autoDraw = False
15.9783 	EXP 	text_10: alignHoriz = 'left'
15.9783 	EXP 	text_10: alignVert = 'top'
15.9783 	EXP 	text_10: wrapWidth = 1.8
15.9783 	EXP 	text_10: height = 0.05
15.9783 	EXP 	image_4: image = 'storypics/14_storypic'
15.9783 	EXP 	text_9: autoDraw = True
15.9783 	EXP 	text_10: autoDraw = True
15.9783 	EXP 	image_4: autoDraw = True
15.9783 	EXP 	polygon: autoDraw = True
15.9783 	EXP 	bottom_line: autoDraw = True
15.9783 	EXP 	right_line_2: autoDraw = True
15.9783 	EXP 	left_line: autoDraw = True
17.2957 	DATA 	Keypress: g
17.4974 	DATA 	Keypress: o
17.6963 	DATA 	Keypress: r
17.9458 	DATA 	Keypress: b
17.9961 	DATA 	Keypress: i
18.0624 	DATA 	Keypress: n
18.1958 	DATA 	Keypress: return
18.2119 	EXP 	New trial (rep=0, index=3): OrderedDict([('count', 3)])
18.2120 	WARNING 	Requested image 'storypics/33_storypic' not found but similar filename 'storypics/33_storypic.jpg' exists. This will be used instead but changing the filename is advised.
18.2448 	EXP 	text_9: autoDraw = False
18.2448 	EXP 	text_10: autoDraw = False
18.2448 	EXP 	image_4: autoDraw = False
18.2448 	EXP 	polygon: autoDraw = False
18.2448 	EXP 	bottom_line: autoDraw = False
18.2448 	EXP 	right_line_2: autoDraw = False
18.2448 	EXP 	left_line: autoDraw = False
18.2448 	EXP 	text_10: alignHoriz = 'left'
18.2448 	EXP 	text_10: alignVert = 'top'
18.2448 	EXP 	text_10: wrapWidth = 1.8
18.2448 	EXP 	text_10: height = 0.05
18.2448 	EXP 	image_4: image = 'storypics/33_storypic'
18.2448 	EXP 	text_9: autoDraw = True
18.2448 	EXP 	text_10: autoDraw = True
18.2448 	EXP 	image_4: autoDraw = True
18.2448 	EXP 	polygon: autoDraw = True
18.2448 	EXP 	bottom_line: autoDraw = True
18.2448 	EXP 	right_line_2: autoDraw = True
18.2448 	EXP 	left_line: autoDraw = True
19.1466 	DATA 	Keypress: c
19.3627 	DATA 	Keypress: o
19.4964 	DATA 	Keypress: o
19.8459 	DATA 	Keypress: p
20.0801 	DATA 	Keypress: return
20.0954 	EXP 	New trial (rep=0, index=4): OrderedDict([('count', 4)])
20.0955 	WARNING 	Requested image 'storypics/22_storypic' not found but similar filename 'storypics/22_storypic.jpg' exists. This will be used instead but changing the filename is advised.
20.1287 	EXP 	text_9: autoDraw = False
20.1287 	EXP 	text_10: autoDraw = False
20.1287 	EXP 	image_4: autoDraw = False
20.1287 	EXP 	polygon: autoDraw = False
20.1287 	EXP 	bottom_line: autoDraw = False
20.1287 	EXP 	right_line_2: autoDraw = False
20.1287 	EXP 	left_line: autoDraw = False
20.1287 	EXP 	text_10: alignHoriz = 'left'
20.1287 	EXP 	text_10: alignVert = 'top'
20.1287 	EXP 	text_10: wrapWidth = 1.8
20.1287 	EXP 	text_10: height = 0.05
20.1287 	EXP 	image_4: image = 'storypics/22_storypic'
20.1287 	EXP 	text_9: autoDraw = True
20.1287 	EXP 	text_10: autoDraw = True
20.1287 	EXP 	image_4: autoDraw = True
20.1287 	EXP 	polygon: autoDraw = True
20.1287 	EXP 	bottom_line: autoDraw = True
20.1287 	EXP 	right_line_2: autoDraw = True
20.1287 	EXP 	left_line: autoDraw = True
20.8972 	DATA 	Keypress: escape
21.1697 	EXP 	window1: mouseVisible = True
