3.2921 	WARNING 	User requested fullscreen with size [1024  768], but screen is actually [2560, 1440]. Using actual size
3.9704 	EXP 	Created window1 = Window(allowGUI=False, allowStencil=False, args=UNKNOWN, autoLog=True, bitsMode=UNKNOWN, blendMode='avg', color=array([0., 0., 0.]), colorSpace='rgb', fullscr=<method-wrapper '__getattribute__' of attributeSetter object at 0x12467bc88>, gamma=None, kwargs=UNKNOWN, lms=UNKNOWN, monitor=<psychopy.monitors.calibTools.Monitor object at 0x126c7f320>, multiSample=False, name='window1', numSamples=2, pos=[0.0, 0.0], screen=0, size=array([5120, 2880]), stereo=False, units='norm', useFBO=True, useRetina=True, viewOri=0.0, viewPos=None, viewScale=None, waitBlanking=True, winType='pyglet')
3.9704 	EXP 	window1: recordFrameIntervals = False
4.1367 	EXP 	window1: recordFrameIntervals = True
4.3195 	EXP 	window1: recordFrameIntervals = False
4.3841 	EXP 	Created text_4 = TextStim(__class__=<class 'psychopy.visual.text.TextStim'>, alignHoriz='center', alignVert='center', antialias=True, autoLog=True, bold=False, color='white', colorSpace='named', contrast=1.0, depth=-1.0, flipHoriz=False, flipVert=False, font='Arial', fontFiles=[], height=0.1, italic=False, languageStyle='LTR', name='text_4', opacity=1.0, ori=0, pos=array([0., 0.]), rgb=array([255., 255., 255.]), text='default text', units='norm', win=Window(...), wrapWidth=1)
4.3858 	EXP 	Created image = ImageStim(__class__=<class 'psychopy.visual.image.ImageStim'>, autoLog=True, color=array([1., 1., 1.]), colorSpace='rgb', contrast=1.0, depth=-2.0, flipHoriz=False, flipVert=False, image='sin', interpolate=True, mask=None, maskParams=None, name='image', opacity=1.0, ori=0.0, pos=array([0. , 0.5]), size=array([0.5, 0.5]), texRes=128, units='norm', win=Window(...))
4.3955 	EXP 	Created text_5 = TextStim(__class__=<class 'psychopy.visual.text.TextStim'>, alignHoriz='center', alignVert='center', antialias=True, autoLog=True, bold=False, color='white', colorSpace='named', contrast=1.0, depth=-3.0, flipHoriz=False, flipVert=False, font='Arial', fontFiles=[], height=0.1, italic=False, languageStyle='LTR', name='text_5', opacity=1.0, ori=0, pos=array([ 0. , -0.7]), rgb=array([255., 255., 255.]), text='(press space to continue)', units='norm', win=Window(...), wrapWidth=1)
4.3992 	EXP 	Created text = TextStim(__class__=<class 'psychopy.visual.text.TextStim'>, alignHoriz='center', alignVert='center', antialias=True, autoLog=True, bold=False, color='white', colorSpace='named', contrast=1.0, depth=0.0, flipHoriz=False, flipVert=False, font='Arial', fontFiles=[], height=0.1, italic=False, languageStyle='LTR', name='text', opacity=1.0, ori=0, pos=array([ 0. , -0.5]), rgb=array([255., 255., 255.]), text='default text', units='norm', win=Window(...), wrapWidth=1)
4.4005 	EXP 	Created image_2 = ImageStim(__class__=<class 'psychopy.visual.image.ImageStim'>, autoLog=True, color=array([1., 1., 1.]), colorSpace='rgb', contrast=1.0, depth=-2.0, flipHoriz=False, flipVert=False, image='sin', interpolate=True, mask=None, maskParams=None, name='image_2', opacity=1.0, ori=0.0, pos=array([0. , 0.4]), size=array([1., 1.]), texRes=128, units='norm', win=Window(...))
4.4040 	EXP 	Created text_6 = TextStim(__class__=<class 'psychopy.visual.text.TextStim'>, alignHoriz='center', alignVert='center', antialias=True, autoLog=True, bold=False, color='white', colorSpace='named', contrast=1.0, depth=-1.0, flipHoriz=False, flipVert=False, font='Arial', fontFiles=[], height=0.1, italic=False, languageStyle='LTR', name='text_6', opacity=1.0, ori=0, pos=array([0., 0.]), rgb=array([255., 255., 255.]), text='default text', units='norm', win=Window(...), wrapWidth=1)
4.4083 	EXP 	Created text_24 = TextStim(__class__=<class 'psychopy.visual.text.TextStim'>, alignHoriz='center', alignVert='center', antialias=True, autoLog=True, bold=False, color='white', colorSpace='named', contrast=1.0, depth=-2.0, flipHoriz=False, flipVert=False, font='Arial', fontFiles=[], height=0.1, italic=False, languageStyle='LTR', name='text_24', opacity=1.0, ori=0, pos=array([ 0. , -0.4]), rgb=array([255., 255., 255.]), text='(press space to continue)', units='norm', win=Window(...), wrapWidth=1)
4.4212 	EXP 	Created text_9 = TextStim(__class__=<class 'psychopy.visual.text.TextStim'>, alignHoriz='center', alignVert='center', antialias=True, autoLog=True, bold=False, color='white', colorSpace='named', contrast=1.0, depth=-1.0, flipHoriz=False, flipVert=False, font='Arial', fontFiles=[], height=0.1, italic=False, languageStyle='LTR', name='text_9', opacity=1.0, ori=0, pos=array([0., 0.]), rgb=array([255., 255., 255.]), text=str(...), units='norm', win=Window(...), wrapWidth=1.5)
4.4248 	EXP 	Created text_10 = TextStim(__class__=<class 'psychopy.visual.text.TextStim'>, alignHoriz='center', alignVert='center', antialias=True, autoLog=True, bold=False, color='white', colorSpace='named', contrast=1.0, depth=-2.0, flipHoriz=False, flipVert=False, font='Arial', fontFiles=[], height=0.1, italic=False, languageStyle='LTR', name='text_10', opacity=1.0, ori=0, pos=array([-0.9 , -0.15]), rgb=array([255., 255., 255.]), text='default text', units='norm', win=Window(...), wrapWidth=1)
4.4261 	EXP 	Created image_4 = ImageStim(__class__=<class 'psychopy.visual.image.ImageStim'>, autoLog=True, color=array([1., 1., 1.]), colorSpace='rgb', contrast=1.0, depth=-3.0, flipHoriz=False, flipVert=False, image='sin', interpolate=True, mask=None, maskParams=None, name='image_4', opacity=1.0, ori=0.0, pos=array([0. , 0.5]), size=array([0.75, 0.75]), texRes=128, units='norm', win=Window(...))
4.4324 	EXP 	Created polygon = Line(__class__=<class 'psychopy.visual.line.Line'>, autoDraw=False, autoLog=True, closeShape=False, contrast=1.0, depth=-4.0, fillColor=None, fillColorSpace='rgb255', interpolate=True, lineColor=array([1., 1., 1.]), lineColorSpace='rgb', lineWidth=20, name='polygon', opacity=1.0, ori=array(0.), pos=array([ 0.   , -0.125]), size=array([1., 1.]), units='norm', vertices=ndarray(...), win=Window(...), windingRule=None)
4.4331 	EXP 	Created bottom_line = Line(__class__=<class 'psychopy.visual.line.Line'>, autoDraw=False, autoLog=True, closeShape=False, contrast=1.0, depth=-5.0, fillColor=None, fillColorSpace='rgb255', interpolate=True, lineColor=array([1., 1., 1.]), lineColorSpace='rgb', lineWidth=20, name='bottom_line', opacity=1.0, ori=array(0.), pos=array([ 0.   , -0.975]), size=array([1., 1.]), units='norm', vertices=ndarray(...), win=Window(...), windingRule=None)
4.4339 	EXP 	Created right_line_2 = Line(__class__=<class 'psychopy.visual.line.Line'>, autoDraw=False, autoLog=True, closeShape=False, contrast=1.0, depth=-6.0, fillColor=None, fillColorSpace='rgb255', interpolate=True, lineColor=array([1., 1., 1.]), lineColorSpace='rgb', lineWidth=20, name='right_line_2', opacity=1.0, ori=array(90.), pos=array([ 0.925, -0.55 ]), size=array([1., 1.]), units='norm', vertices=ndarray(...), win=Window(...), windingRule=None)
4.4346 	EXP 	Created left_line = Line(__class__=<class 'psychopy.visual.line.Line'>, autoDraw=False, autoLog=True, closeShape=False, contrast=1.0, depth=-7.0, fillColor=None, fillColorSpace='rgb255', interpolate=True, lineColor=array([1., 1., 1.]), lineColorSpace='rgb', lineWidth=20, name='left_line', opacity=1.0, ori=array(90.), pos=array([-0.925, -0.55 ]), size=array([1., 1.]), units='norm', vertices=ndarray(...), win=Window(...), windingRule=None)
4.4383 	EXP 	Created text_13 = TextStim(__class__=<class 'psychopy.visual.text.TextStim'>, alignHoriz='center', alignVert='center', antialias=True, autoLog=True, bold=False, color='white', colorSpace='named', contrast=1.0, depth=-1.0, flipHoriz=False, flipVert=False, font='Arial', fontFiles=[], height=0.1, italic=False, languageStyle='LTR', name='text_13', opacity=1.0, ori=0, pos=array([0., 0.]), rgb=array([255., 255., 255.]), text='default text', units='norm', win=Window(...), wrapWidth=1)
4.4428 	EXP 	Created text_23 = TextStim(__class__=<class 'psychopy.visual.text.TextStim'>, alignHoriz='center', alignVert='center', antialias=True, autoLog=True, bold=False, color='white', colorSpace='named', contrast=1.0, depth=-2.0, flipHoriz=False, flipVert=False, font='Arial', fontFiles=[], height=0.1, italic=False, languageStyle='LTR', name='text_23', opacity=1.0, ori=0, pos=array([ 0. , -0.4]), rgb=array([255., 255., 255.]), text='(press space to continue)', units='norm', win=Window(...), wrapWidth=1)
4.4441 	EXP 	Created image_10 = ImageStim(__class__=<class 'psychopy.visual.image.ImageStim'>, autoLog=True, color=array([1., 1., 1.]), colorSpace='rgb', contrast=1.0, depth=-1.0, flipHoriz=False, flipVert=False, image='sin', interpolate=True, mask=None, maskParams=None, name='image_10', opacity=1.0, ori=0.0, pos=array([0., 0.]), size=array([0.75, 0.75]), texRes=128, units='norm', win=Window(...))
4.4485 	EXP 	Created text_22 = TextStim(__class__=<class 'psychopy.visual.text.TextStim'>, alignHoriz='center', alignVert='center', antialias=True, autoLog=True, bold=False, color='white', colorSpace='named', contrast=1.0, depth=-3.0, flipHoriz=False, flipVert=False, font='Arial', fontFiles=[], height=0.1, italic=False, languageStyle='LTR', name='text_22', opacity=1.0, ori=0, pos=array([ 0. , -0.5]), rgb=array([255., 255., 255.]), text='(press space to continue)', units='norm', win=Window(...), wrapWidth=1)
4.4522 	EXP 	Created text_14 = TextStim(__class__=<class 'psychopy.visual.text.TextStim'>, alignHoriz='center', alignVert='center', antialias=True, autoLog=True, bold=False, color='white', colorSpace='named', contrast=1.0, depth=-1.0, flipHoriz=False, flipVert=False, font='Arial', fontFiles=[], height=0.1, italic=False, languageStyle='LTR', name='text_14', opacity=1.0, ori=0, pos=array([0., 0.]), rgb=array([255., 255., 255.]), text='default text', units='norm', win=Window(...), wrapWidth=1.5)
4.4556 	EXP 	Created text_15 = TextStim(__class__=<class 'psychopy.visual.text.TextStim'>, alignHoriz='center', alignVert='center', antialias=True, autoLog=True, bold=False, color='white', colorSpace='named', contrast=1.0, depth=-2.0, flipHoriz=False, flipVert=False, font='Arial', fontFiles=[], height=0.1, italic=False, languageStyle='LTR', name='text_15', opacity=1.0, ori=0, pos=array([-0.9 , -0.15]), rgb=array([255., 255., 255.]), text='default text', units='norm', win=Window(...), wrapWidth=1)
4.4569 	EXP 	Created image_6 = ImageStim(__class__=<class 'psychopy.visual.image.ImageStim'>, autoLog=True, color=array([1., 1., 1.]), colorSpace='rgb', contrast=1.0, depth=-3.0, flipHoriz=False, flipVert=False, image='sin', interpolate=True, mask=None, maskParams=None, name='image_6', opacity=1.0, ori=0.0, pos=array([0. , 0.5]), size=array([0.75, 0.75]), texRes=128, units='norm', win=Window(...))
4.4577 	EXP 	Created polygon_3 = Line(__class__=<class 'psychopy.visual.line.Line'>, autoDraw=False, autoLog=True, closeShape=False, contrast=1.0, depth=-4.0, fillColor=None, fillColorSpace='rgb255', interpolate=True, lineColor=array([1., 1., 1.]), lineColorSpace='rgb', lineWidth=20, name='polygon_3', opacity=1.0, ori=array(0.), pos=array([ 0.   , -0.125]), size=array([1., 1.]), units='norm', vertices=ndarray(...), win=Window(...), windingRule=None)
4.4584 	EXP 	Created bottom_line_3 = Line(__class__=<class 'psychopy.visual.line.Line'>, autoDraw=False, autoLog=True, closeShape=False, contrast=1.0, depth=-5.0, fillColor=None, fillColorSpace='rgb255', interpolate=True, lineColor=array([1., 1., 1.]), lineColorSpace='rgb', lineWidth=20, name='bottom_line_3', opacity=1.0, ori=array(0.), pos=array([ 0. , -0.5]), size=array([1., 1.]), units='norm', vertices=ndarray(...), win=Window(...), windingRule=None)
4.4591 	EXP 	Created right_line_3 = Line(__class__=<class 'psychopy.visual.line.Line'>, autoDraw=False, autoLog=True, closeShape=False, contrast=1.0, depth=-6.0, fillColor=None, fillColorSpace='rgb255', interpolate=True, lineColor=array([1., 1., 1.]), lineColorSpace='rgb', lineWidth=20, name='right_line_3', opacity=1.0, ori=array(90.), pos=array([ 0.925 , -0.3125]), size=array([1., 1.]), units='norm', vertices=ndarray(...), win=Window(...), windingRule=None)
4.4599 	EXP 	Created left_line_3 = Line(__class__=<class 'psychopy.visual.line.Line'>, autoDraw=False, autoLog=True, closeShape=False, contrast=1.0, depth=-7.0, fillColor=None, fillColorSpace='rgb255', interpolate=True, lineColor=array([1., 1., 1.]), lineColorSpace='rgb', lineWidth=20, name='left_line_3', opacity=1.0, ori=array(90.), pos=array([-0.925 , -0.3125]), size=array([1., 1.]), units='norm', vertices=ndarray(...), win=Window(...), windingRule=None)
4.4633 	EXP 	Created text_16 = TextStim(__class__=<class 'psychopy.visual.text.TextStim'>, alignHoriz='center', alignVert='center', antialias=True, autoLog=True, bold=False, color='white', colorSpace='named', contrast=1.0, depth=-1.0, flipHoriz=False, flipVert=False, font='Arial', fontFiles=[], height=0.1, italic=False, languageStyle='LTR', name='text_16', opacity=1.0, ori=0, pos=array([0., 0.]), rgb=array([255., 255., 255.]), text='default text', units='norm', win=Window(...), wrapWidth=1.5)
4.4669 	EXP 	Created text_17 = TextStim(__class__=<class 'psychopy.visual.text.TextStim'>, alignHoriz='center', alignVert='center', antialias=True, autoLog=True, bold=False, color='white', colorSpace='named', contrast=1.0, depth=-2.0, flipHoriz=False, flipVert=False, font='Arial', fontFiles=[], height=0.1, italic=False, languageStyle='LTR', name='text_17', opacity=1.0, ori=0, pos=array([-0.9 , -0.15]), rgb=array([255., 255., 255.]), text='default text', units='norm', win=Window(...), wrapWidth=1)
4.4683 	EXP 	Created image_7 = ImageStim(__class__=<class 'psychopy.visual.image.ImageStim'>, autoLog=True, color=array([1., 1., 1.]), colorSpace='rgb', contrast=1.0, depth=-3.0, flipHoriz=False, flipVert=False, image='sin', interpolate=True, mask=None, maskParams=None, name='image_7', opacity=1.0, ori=0.0, pos=array([0. , 0.5]), size=array([0.75, 0.75]), texRes=128, units='norm', win=Window(...))
4.4690 	EXP 	Created polygon_4 = Line(__class__=<class 'psychopy.visual.line.Line'>, autoDraw=False, autoLog=True, closeShape=False, contrast=1.0, depth=-4.0, fillColor=None, fillColorSpace='rgb255', interpolate=True, lineColor=array([1., 1., 1.]), lineColorSpace='rgb', lineWidth=20, name='polygon_4', opacity=1.0, ori=array(0.), pos=array([ 0.   , -0.125]), size=array([1., 1.]), units='norm', vertices=ndarray(...), win=Window(...), windingRule=None)
4.4698 	EXP 	Created bottom_line_4 = Line(__class__=<class 'psychopy.visual.line.Line'>, autoDraw=False, autoLog=True, closeShape=False, contrast=1.0, depth=-5.0, fillColor=None, fillColorSpace='rgb255', interpolate=True, lineColor=array([1., 1., 1.]), lineColorSpace='rgb', lineWidth=20, name='bottom_line_4', opacity=1.0, ori=array(0.), pos=array([ 0. , -0.5]), size=array([1., 1.]), units='norm', vertices=ndarray(...), win=Window(...), windingRule=None)
4.4705 	EXP 	Created right_line_4 = Line(__class__=<class 'psychopy.visual.line.Line'>, autoDraw=False, autoLog=True, closeShape=False, contrast=1.0, depth=-6.0, fillColor=None, fillColorSpace='rgb255', interpolate=True, lineColor=array([1., 1., 1.]), lineColorSpace='rgb', lineWidth=20, name='right_line_4', opacity=1.0, ori=array(90.), pos=array([ 0.925 , -0.3125]), size=array([1., 1.]), units='norm', vertices=ndarray(...), win=Window(...), windingRule=None)
4.4712 	EXP 	Created left_line_4 = Line(__class__=<class 'psychopy.visual.line.Line'>, autoDraw=False, autoLog=True, closeShape=False, contrast=1.0, depth=-7.0, fillColor=None, fillColorSpace='rgb255', interpolate=True, lineColor=array([1., 1., 1.]), lineColorSpace='rgb', lineWidth=20, name='left_line_4', opacity=1.0, ori=array(90.), pos=array([-0.925 , -0.3125]), size=array([1., 1.]), units='norm', vertices=ndarray(...), win=Window(...), windingRule=None)
4.4749 	EXP 	Created text_18 = TextStim(__class__=<class 'psychopy.visual.text.TextStim'>, alignHoriz='center', alignVert='center', antialias=True, autoLog=True, bold=False, color='white', colorSpace='named', contrast=1.0, depth=-1.0, flipHoriz=False, flipVert=False, font='Arial', fontFiles=[], height=0.1, italic=False, languageStyle='LTR', name='text_18', opacity=1.0, ori=0, pos=array([0., 0.]), rgb=array([255., 255., 255.]), text='default text', units='norm', win=Window(...), wrapWidth=1.5)
4.4783 	EXP 	Created text_19 = TextStim(__class__=<class 'psychopy.visual.text.TextStim'>, alignHoriz='center', alignVert='center', antialias=True, autoLog=True, bold=False, color='white', colorSpace='named', contrast=1.0, depth=-2.0, flipHoriz=False, flipVert=False, font='Arial', fontFiles=[], height=0.1, italic=False, languageStyle='LTR', name='text_19', opacity=1.0, ori=0, pos=array([-0.9 , -0.15]), rgb=array([255., 255., 255.]), text='default text', units='norm', win=Window(...), wrapWidth=1)
4.4798 	EXP 	Created image_8 = ImageStim(__class__=<class 'psychopy.visual.image.ImageStim'>, autoLog=True, color=array([1., 1., 1.]), colorSpace='rgb', contrast=1.0, depth=-3.0, flipHoriz=False, flipVert=False, image='sin', interpolate=True, mask=None, maskParams=None, name='image_8', opacity=1.0, ori=0.0, pos=array([0. , 0.5]), size=array([0.75, 0.75]), texRes=128, units='norm', win=Window(...))
4.4806 	EXP 	Created polygon_5 = Line(__class__=<class 'psychopy.visual.line.Line'>, autoDraw=False, autoLog=True, closeShape=False, contrast=1.0, depth=-4.0, fillColor=None, fillColorSpace='rgb255', interpolate=True, lineColor=array([1., 1., 1.]), lineColorSpace='rgb', lineWidth=20, name='polygon_5', opacity=1.0, ori=array(0.), pos=array([ 0.   , -0.125]), size=array([1., 1.]), units='norm', vertices=ndarray(...), win=Window(...), windingRule=None)
4.4813 	EXP 	Created bottom_line_5 = Line(__class__=<class 'psychopy.visual.line.Line'>, autoDraw=False, autoLog=True, closeShape=False, contrast=1.0, depth=-5.0, fillColor=None, fillColorSpace='rgb255', interpolate=True, lineColor=array([1., 1., 1.]), lineColorSpace='rgb', lineWidth=20, name='bottom_line_5', opacity=1.0, ori=array(0.), pos=array([ 0. , -0.5]), size=array([1., 1.]), units='norm', vertices=ndarray(...), win=Window(...), windingRule=None)
4.4822 	EXP 	Created right_line_5 = Line(__class__=<class 'psychopy.visual.line.Line'>, autoDraw=False, autoLog=True, closeShape=False, contrast=1.0, depth=-6.0, fillColor=None, fillColorSpace='rgb255', interpolate=True, lineColor=array([1., 1., 1.]), lineColorSpace='rgb', lineWidth=20, name='right_line_5', opacity=1.0, ori=array(90.), pos=array([ 0.925 , -0.3125]), size=array([1., 1.]), units='norm', vertices=ndarray(...), win=Window(...), windingRule=None)
4.4829 	EXP 	Created left_line_5 = Line(__class__=<class 'psychopy.visual.line.Line'>, autoDraw=False, autoLog=True, closeShape=False, contrast=1.0, depth=-7.0, fillColor=None, fillColorSpace='rgb255', interpolate=True, lineColor=array([1., 1., 1.]), lineColorSpace='rgb', lineWidth=20, name='left_line_5', opacity=1.0, ori=array(90.), pos=array([-0.925 , -0.3125]), size=array([1., 1.]), units='norm', vertices=ndarray(...), win=Window(...), windingRule=None)
4.4868 	EXP 	Created text_20 = TextStim(__class__=<class 'psychopy.visual.text.TextStim'>, alignHoriz='center', alignVert='center', antialias=True, autoLog=True, bold=False, color='white', colorSpace='named', contrast=1.0, depth=-1.0, flipHoriz=False, flipVert=False, font='Arial', fontFiles=[], height=0.1, italic=False, languageStyle='LTR', name='text_20', opacity=1.0, ori=0, pos=array([0., 0.]), rgb=array([255., 255., 255.]), text='default text', units='norm', win=Window(...), wrapWidth=1.5)
4.4905 	EXP 	Created text_21 = TextStim(__class__=<class 'psychopy.visual.text.TextStim'>, alignHoriz='center', alignVert='center', antialias=True, autoLog=True, bold=False, color='white', colorSpace='named', contrast=1.0, depth=-2.0, flipHoriz=False, flipVert=False, font='Arial', fontFiles=[], height=0.1, italic=False, languageStyle='LTR', name='text_21', opacity=1.0, ori=0, pos=array([-0.9 , -0.15]), rgb=array([255., 255., 255.]), text='default text', units='norm', win=Window(...), wrapWidth=1)
4.4918 	EXP 	Created image_9 = ImageStim(__class__=<class 'psychopy.visual.image.ImageStim'>, autoLog=True, color=array([1., 1., 1.]), colorSpace='rgb', contrast=1.0, depth=-3.0, flipHoriz=False, flipVert=False, image='sin', interpolate=True, mask=None, maskParams=None, name='image_9', opacity=1.0, ori=0.0, pos=array([0. , 0.5]), size=array([0.75, 0.75]), texRes=128, units='norm', win=Window(...))
4.4926 	EXP 	Created polygon_6 = Line(__class__=<class 'psychopy.visual.line.Line'>, autoDraw=False, autoLog=True, closeShape=False, contrast=1.0, depth=-4.0, fillColor=None, fillColorSpace='rgb255', interpolate=True, lineColor=array([1., 1., 1.]), lineColorSpace='rgb', lineWidth=20, name='polygon_6', opacity=1.0, ori=array(0.), pos=array([ 0.   , -0.125]), size=array([1., 1.]), units='norm', vertices=ndarray(...), win=Window(...), windingRule=None)
4.4933 	EXP 	Created bottom_line_6 = Line(__class__=<class 'psychopy.visual.line.Line'>, autoDraw=False, autoLog=True, closeShape=False, contrast=1.0, depth=-5.0, fillColor=None, fillColorSpace='rgb255', interpolate=True, lineColor=array([1., 1., 1.]), lineColorSpace='rgb', lineWidth=20, name='bottom_line_6', opacity=1.0, ori=array(0.), pos=array([ 0. , -0.5]), size=array([1., 1.]), units='norm', vertices=ndarray(...), win=Window(...), windingRule=None)
4.4940 	EXP 	Created right_line_6 = Line(__class__=<class 'psychopy.visual.line.Line'>, autoDraw=False, autoLog=True, closeShape=False, contrast=1.0, depth=-6.0, fillColor=None, fillColorSpace='rgb255', interpolate=True, lineColor=array([1., 1., 1.]), lineColorSpace='rgb', lineWidth=20, name='right_line_6', opacity=1.0, ori=array(90.), pos=array([ 0.925 , -0.3125]), size=array([1., 1.]), units='norm', vertices=ndarray(...), win=Window(...), windingRule=None)
4.4947 	EXP 	Created left_line_6 = Line(__class__=<class 'psychopy.visual.line.Line'>, autoDraw=False, autoLog=True, closeShape=False, contrast=1.0, depth=-7.0, fillColor=None, fillColorSpace='rgb255', interpolate=True, lineColor=array([1., 1., 1.]), lineColorSpace='rgb', lineWidth=20, name='left_line_6', opacity=1.0, ori=array(90.), pos=array([-0.925 , -0.3125]), size=array([1., 1.]), units='norm', vertices=ndarray(...), win=Window(...), windingRule=None)
4.4983 	EXP 	Created text_25 = TextStim(__class__=<class 'psychopy.visual.text.TextStim'>, alignHoriz='center', alignVert='center', antialias=True, autoLog=True, bold=False, color='white', colorSpace='named', contrast=1.0, depth=-1.0, flipHoriz=False, flipVert=False, font='Arial', fontFiles=[], height=0.1, italic=False, languageStyle='LTR', name='text_25', opacity=1.0, ori=0, pos=array([0., 0.]), rgb=array([255., 255., 255.]), text='default text', units='norm', win=Window(...), wrapWidth=1.5)
4.5018 	EXP 	Created text_26 = TextStim(__class__=<class 'psychopy.visual.text.TextStim'>, alignHoriz='center', alignVert='center', antialias=True, autoLog=True, bold=False, color='white', colorSpace='named', contrast=1.0, depth=-2.0, flipHoriz=False, flipVert=False, font='Arial', fontFiles=[], height=0.1, italic=False, languageStyle='LTR', name='text_26', opacity=1.0, ori=0, pos=array([-0.9 , -0.15]), rgb=array([255., 255., 255.]), text='default text', units='norm', win=Window(...), wrapWidth=1)
4.5032 	EXP 	Created image_11 = ImageStim(__class__=<class 'psychopy.visual.image.ImageStim'>, autoLog=True, color=array([1., 1., 1.]), colorSpace='rgb', contrast=1.0, depth=-3.0, flipHoriz=False, flipVert=False, image='sin', interpolate=True, mask=None, maskParams=None, name='image_11', opacity=1.0, ori=0.0, pos=array([0. , 0.5]), size=array([0.75, 0.75]), texRes=128, units='norm', win=Window(...))
4.5040 	EXP 	Created polygon_7 = Line(__class__=<class 'psychopy.visual.line.Line'>, autoDraw=False, autoLog=True, closeShape=False, contrast=1.0, depth=-4.0, fillColor=None, fillColorSpace='rgb255', interpolate=True, lineColor=array([1., 1., 1.]), lineColorSpace='rgb', lineWidth=20, name='polygon_7', opacity=1.0, ori=array(0.), pos=array([ 0.   , -0.125]), size=array([1., 1.]), units='norm', vertices=ndarray(...), win=Window(...), windingRule=None)
4.5047 	EXP 	Created bottom_line_7 = Line(__class__=<class 'psychopy.visual.line.Line'>, autoDraw=False, autoLog=True, closeShape=False, contrast=1.0, depth=-5.0, fillColor=None, fillColorSpace='rgb255', interpolate=True, lineColor=array([1., 1., 1.]), lineColorSpace='rgb', lineWidth=20, name='bottom_line_7', opacity=1.0, ori=array(0.), pos=array([ 0. , -0.5]), size=array([1., 1.]), units='norm', vertices=ndarray(...), win=Window(...), windingRule=None)
4.5054 	EXP 	Created right_line_7 = Line(__class__=<class 'psychopy.visual.line.Line'>, autoDraw=False, autoLog=True, closeShape=False, contrast=1.0, depth=-6.0, fillColor=None, fillColorSpace='rgb255', interpolate=True, lineColor=array([1., 1., 1.]), lineColorSpace='rgb', lineWidth=20, name='right_line_7', opacity=1.0, ori=array(90.), pos=array([ 0.925 , -0.3125]), size=array([1., 1.]), units='norm', vertices=ndarray(...), win=Window(...), windingRule=None)
4.5062 	EXP 	Created left_line_7 = Line(__class__=<class 'psychopy.visual.line.Line'>, autoDraw=False, autoLog=True, closeShape=False, contrast=1.0, depth=-7.0, fillColor=None, fillColorSpace='rgb255', interpolate=True, lineColor=array([1., 1., 1.]), lineColorSpace='rgb', lineWidth=20, name='left_line_7', opacity=1.0, ori=array(90.), pos=array([-0.925 , -0.3125]), size=array([1., 1.]), units='norm', vertices=ndarray(...), win=Window(...), windingRule=None)
4.5096 	EXP 	Created text_27 = TextStim(__class__=<class 'psychopy.visual.text.TextStim'>, alignHoriz='center', alignVert='center', antialias=True, autoLog=True, bold=False, color='white', colorSpace='named', contrast=1.0, depth=-1.0, flipHoriz=False, flipVert=False, font='Arial', fontFiles=[], height=0.1, italic=False, languageStyle='LTR', name='text_27', opacity=1.0, ori=0, pos=array([0., 0.]), rgb=array([255., 255., 255.]), text='default text', units='norm', win=Window(...), wrapWidth=1.5)
4.5130 	EXP 	Created text_28 = TextStim(__class__=<class 'psychopy.visual.text.TextStim'>, alignHoriz='center', alignVert='center', antialias=True, autoLog=True, bold=False, color='white', colorSpace='named', contrast=1.0, depth=-2.0, flipHoriz=False, flipVert=False, font='Arial', fontFiles=[], height=0.1, italic=False, languageStyle='LTR', name='text_28', opacity=1.0, ori=0, pos=array([-0.9 , -0.15]), rgb=array([255., 255., 255.]), text='default text', units='norm', win=Window(...), wrapWidth=1)
4.5144 	EXP 	Created image_12 = ImageStim(__class__=<class 'psychopy.visual.image.ImageStim'>, autoLog=True, color=array([1., 1., 1.]), colorSpace='rgb', contrast=1.0, depth=-3.0, flipHoriz=False, flipVert=False, image='sin', interpolate=True, mask=None, maskParams=None, name='image_12', opacity=1.0, ori=0.0, pos=array([0. , 0.5]), size=array([0.75, 0.75]), texRes=128, units='norm', win=Window(...))
4.5151 	EXP 	Created polygon_8 = Line(__class__=<class 'psychopy.visual.line.Line'>, autoDraw=False, autoLog=True, closeShape=False, contrast=1.0, depth=-4.0, fillColor=None, fillColorSpace='rgb255', interpolate=True, lineColor=array([1., 1., 1.]), lineColorSpace='rgb', lineWidth=20, name='polygon_8', opacity=1.0, ori=array(0.), pos=array([ 0.   , -0.125]), size=array([1., 1.]), units='norm', vertices=ndarray(...), win=Window(...), windingRule=None)
4.5159 	EXP 	Created bottom_line_8 = Line(__class__=<class 'psychopy.visual.line.Line'>, autoDraw=False, autoLog=True, closeShape=False, contrast=1.0, depth=-5.0, fillColor=None, fillColorSpace='rgb255', interpolate=True, lineColor=array([1., 1., 1.]), lineColorSpace='rgb', lineWidth=20, name='bottom_line_8', opacity=1.0, ori=array(0.), pos=array([ 0. , -0.5]), size=array([1., 1.]), units='norm', vertices=ndarray(...), win=Window(...), windingRule=None)
4.5166 	EXP 	Created right_line_8 = Line(__class__=<class 'psychopy.visual.line.Line'>, autoDraw=False, autoLog=True, closeShape=False, contrast=1.0, depth=-6.0, fillColor=None, fillColorSpace='rgb255', interpolate=True, lineColor=array([1., 1., 1.]), lineColorSpace='rgb', lineWidth=20, name='right_line_8', opacity=1.0, ori=array(90.), pos=array([ 0.925 , -0.3125]), size=array([1., 1.]), units='norm', vertices=ndarray(...), win=Window(...), windingRule=None)
4.5174 	EXP 	Created left_line_8 = Line(__class__=<class 'psychopy.visual.line.Line'>, autoDraw=False, autoLog=True, closeShape=False, contrast=1.0, depth=-7.0, fillColor=None, fillColorSpace='rgb255', interpolate=True, lineColor=array([1., 1., 1.]), lineColorSpace='rgb', lineWidth=20, name='left_line_8', opacity=1.0, ori=array(90.), pos=array([-0.925 , -0.3125]), size=array([1., 1.]), units='norm', vertices=ndarray(...), win=Window(...), windingRule=None)
4.5215 	EXP 	Created text_29 = TextStim(__class__=<class 'psychopy.visual.text.TextStim'>, alignHoriz='center', alignVert='center', antialias=True, autoLog=True, bold=False, color='white', colorSpace='named', contrast=1.0, depth=-1.0, flipHoriz=False, flipVert=False, font='Arial', fontFiles=[], height=0.1, italic=False, languageStyle='LTR', name='text_29', opacity=1.0, ori=0, pos=array([0., 0.]), rgb=array([255., 255., 255.]), text='default text', units='norm', win=Window(...), wrapWidth=1.5)
4.5250 	EXP 	Created text_30 = TextStim(__class__=<class 'psychopy.visual.text.TextStim'>, alignHoriz='center', alignVert='center', antialias=True, autoLog=True, bold=False, color='white', colorSpace='named', contrast=1.0, depth=-2.0, flipHoriz=False, flipVert=False, font='Arial', fontFiles=[], height=0.1, italic=False, languageStyle='LTR', name='text_30', opacity=1.0, ori=0, pos=array([-0.9 , -0.15]), rgb=array([255., 255., 255.]), text='default text', units='norm', win=Window(...), wrapWidth=1)
4.5264 	EXP 	Created image_13 = ImageStim(__class__=<class 'psychopy.visual.image.ImageStim'>, autoLog=True, color=array([1., 1., 1.]), colorSpace='rgb', contrast=1.0, depth=-3.0, flipHoriz=False, flipVert=False, image='sin', interpolate=True, mask=None, maskParams=None, name='image_13', opacity=1.0, ori=0.0, pos=array([0. , 0.5]), size=array([0.75, 0.75]), texRes=128, units='norm', win=Window(...))
4.5271 	EXP 	Created polygon_9 = Line(__class__=<class 'psychopy.visual.line.Line'>, autoDraw=False, autoLog=True, closeShape=False, contrast=1.0, depth=-4.0, fillColor=None, fillColorSpace='rgb255', interpolate=True, lineColor=array([1., 1., 1.]), lineColorSpace='rgb', lineWidth=20, name='polygon_9', opacity=1.0, ori=array(0.), pos=array([ 0.   , -0.125]), size=array([1., 1.]), units='norm', vertices=ndarray(...), win=Window(...), windingRule=None)
4.5278 	EXP 	Created bottom_line_9 = Line(__class__=<class 'psychopy.visual.line.Line'>, autoDraw=False, autoLog=True, closeShape=False, contrast=1.0, depth=-5.0, fillColor=None, fillColorSpace='rgb255', interpolate=True, lineColor=array([1., 1., 1.]), lineColorSpace='rgb', lineWidth=20, name='bottom_line_9', opacity=1.0, ori=array(0.), pos=array([ 0. , -0.5]), size=array([1., 1.]), units='norm', vertices=ndarray(...), win=Window(...), windingRule=None)
4.5286 	EXP 	Created right_line_9 = Line(__class__=<class 'psychopy.visual.line.Line'>, autoDraw=False, autoLog=True, closeShape=False, contrast=1.0, depth=-6.0, fillColor=None, fillColorSpace='rgb255', interpolate=True, lineColor=array([1., 1., 1.]), lineColorSpace='rgb', lineWidth=20, name='right_line_9', opacity=1.0, ori=array(90.), pos=array([ 0.925 , -0.3125]), size=array([1., 1.]), units='norm', vertices=ndarray(...), win=Window(...), windingRule=None)
4.5293 	EXP 	Created left_line_9 = Line(__class__=<class 'psychopy.visual.line.Line'>, autoDraw=False, autoLog=True, closeShape=False, contrast=1.0, depth=-7.0, fillColor=None, fillColorSpace='rgb255', interpolate=True, lineColor=array([1., 1., 1.]), lineColorSpace='rgb', lineWidth=20, name='left_line_9', opacity=1.0, ori=array(90.), pos=array([-0.925 , -0.3125]), size=array([1., 1.]), units='norm', vertices=ndarray(...), win=Window(...), windingRule=None)
4.5328 	EXP 	Created text_31 = TextStim(__class__=<class 'psychopy.visual.text.TextStim'>, alignHoriz='center', alignVert='center', antialias=True, autoLog=True, bold=False, color='white', colorSpace='named', contrast=1.0, depth=-1.0, flipHoriz=False, flipVert=False, font='Arial', fontFiles=[], height=0.1, italic=False, languageStyle='LTR', name='text_31', opacity=1.0, ori=0, pos=array([0., 0.]), rgb=array([255., 255., 255.]), text='default text', units='norm', win=Window(...), wrapWidth=1.5)
4.5362 	EXP 	Created text_32 = TextStim(__class__=<class 'psychopy.visual.text.TextStim'>, alignHoriz='center', alignVert='center', antialias=True, autoLog=True, bold=False, color='white', colorSpace='named', contrast=1.0, depth=-2.0, flipHoriz=False, flipVert=False, font='Arial', fontFiles=[], height=0.1, italic=False, languageStyle='LTR', name='text_32', opacity=1.0, ori=0, pos=array([-0.9 , -0.15]), rgb=array([255., 255., 255.]), text='default text', units='norm', win=Window(...), wrapWidth=1)
4.5376 	EXP 	Created image_14 = ImageStim(__class__=<class 'psychopy.visual.image.ImageStim'>, autoLog=True, color=array([1., 1., 1.]), colorSpace='rgb', contrast=1.0, depth=-3.0, flipHoriz=False, flipVert=False, image='sin', interpolate=True, mask=None, maskParams=None, name='image_14', opacity=1.0, ori=0.0, pos=array([0. , 0.5]), size=array([0.75, 0.75]), texRes=128, units='norm', win=Window(...))
4.5384 	EXP 	Created polygon_10 = Line(__class__=<class 'psychopy.visual.line.Line'>, autoDraw=False, autoLog=True, closeShape=False, contrast=1.0, depth=-4.0, fillColor=None, fillColorSpace='rgb255', interpolate=True, lineColor=array([1., 1., 1.]), lineColorSpace='rgb', lineWidth=20, name='polygon_10', opacity=1.0, ori=array(0.), pos=array([ 0.   , -0.125]), size=array([1., 1.]), units='norm', vertices=ndarray(...), win=Window(...), windingRule=None)
4.5391 	EXP 	Created bottom_line_10 = Line(__class__=<class 'psychopy.visual.line.Line'>, autoDraw=False, autoLog=True, closeShape=False, contrast=1.0, depth=-5.0, fillColor=None, fillColorSpace='rgb255', interpolate=True, lineColor=array([1., 1., 1.]), lineColorSpace='rgb', lineWidth=20, name='bottom_line_10', opacity=1.0, ori=array(0.), pos=array([ 0. , -0.5]), size=array([1., 1.]), units='norm', vertices=ndarray(...), win=Window(...), windingRule=None)
4.5398 	EXP 	Created right_line_10 = Line(__class__=<class 'psychopy.visual.line.Line'>, autoDraw=False, autoLog=True, closeShape=False, contrast=1.0, depth=-6.0, fillColor=None, fillColorSpace='rgb255', interpolate=True, lineColor=array([1., 1., 1.]), lineColorSpace='rgb', lineWidth=20, name='right_line_10', opacity=1.0, ori=array(90.), pos=array([ 0.925 , -0.3125]), size=array([1., 1.]), units='norm', vertices=ndarray(...), win=Window(...), windingRule=None)
4.5405 	EXP 	Created left_line_10 = Line(__class__=<class 'psychopy.visual.line.Line'>, autoDraw=False, autoLog=True, closeShape=False, contrast=1.0, depth=-7.0, fillColor=None, fillColorSpace='rgb255', interpolate=True, lineColor=array([1., 1., 1.]), lineColorSpace='rgb', lineWidth=20, name='left_line_10', opacity=1.0, ori=array(90.), pos=array([-0.925 , -0.3125]), size=array([1., 1.]), units='norm', vertices=ndarray(...), win=Window(...), windingRule=None)
4.5477 	EXP 	Imported count.xlsx as conditions, 16 conditions, 1 params
4.5479 	EXP 	Created sequence: sequential, trialTypes=16, nReps=1, seed=None
4.5481 	EXP 	New trial (rep=0, index=0): OrderedDict([('count', 0)])
4.6337 	EXP 	text_4: text = 'Wedding Planner'
4.6337 	EXP 	image: image = 'jobphotos/weddingplanner.jpg'
4.6337 	EXP 	text_4: autoDraw = True
4.6337 	EXP 	image: autoDraw = True
4.6337 	EXP 	text_5: autoDraw = True
5.7387 	DATA 	Keypress: q
5.7437 	EXP 	Imported story_xlsx_files/23.xlsx as conditions, 2 conditions, 1 params
5.7438 	EXP 	Created sequence: sequential, trialTypes=2, nReps=1, seed=None
5.7441 	EXP 	New trial (rep=0, index=0): OrderedDict([('storyText', 23)])
5.7474 	WARNING 	Requested image 'storypics/23_storypic' not found but similar filename 'storypics/23_storypic.jpg' exists. This will be used instead but changing the filename is advised.
5.7874 	EXP 	text_4: autoDraw = False
5.7874 	EXP 	image: autoDraw = False
5.7874 	EXP 	text_5: autoDraw = False
5.7874 	EXP 	text: text = 23
5.7874 	EXP 	image_2: image = 'storypics/23_storypic'
5.7874 	EXP 	text: autoDraw = True
5.7874 	EXP 	image_2: autoDraw = True
6.2043 	DATA 	Keypress: 1
6.2052 	EXP 	New trial (rep=0, index=1): OrderedDict([('storyText', 'Grocery shopping Proposal')])
6.2112 	WARNING 	Requested image 'storypics/23_storypic' not found but similar filename 'storypics/23_storypic.jpg' exists. This will be used instead but changing the filename is advised.
6.2369 	EXP 	text: autoDraw = False
6.2369 	EXP 	image_2: autoDraw = False
6.2369 	EXP 	text: text = 'Grocery shopping Proposal'
6.2369 	EXP 	image_2: image = 'storypics/23_storypic'
6.2369 	EXP 	text: autoDraw = True
6.2369 	EXP 	image_2: autoDraw = True
6.9550 	DATA 	Keypress: 9
6.9598 	EXP 	Imported recall_instructions.xlsx as conditions, 5 conditions, 1 params
6.9600 	EXP 	Created sequence: sequential, trialTypes=5, nReps=1, seed=None
6.9603 	EXP 	New trial (rep=0, index=0): OrderedDict([('instructText', 'The next task in the experiment is to recall each story to the best of your ability.')])
6.9864 	EXP 	text: autoDraw = False
6.9864 	EXP 	image_2: autoDraw = False
6.9864 	EXP 	text_6: text = 'The next task in the experiment is to recall each story to the best of your ability.'
6.9864 	EXP 	text_6: autoDraw = True
6.9864 	EXP 	text_24: autoDraw = True
7.4551 	DATA 	Keypress: space
7.4560 	EXP 	New trial (rep=0, index=1): OrderedDict([('instructText', 'You will be presented with the story title, names, the images, and a blank text box for each story.')])
7.4872 	EXP 	text_6: autoDraw = False
7.4872 	EXP 	text_24: autoDraw = False
7.4872 	EXP 	text_6: text = 'You will be presented with the story title, names, the images, and a blank text box for each story.'
7.4872 	EXP 	text_6: autoDraw = True
7.4872 	EXP 	text_24: autoDraw = True
7.6717 	DATA 	Keypress: space
7.6724 	EXP 	New trial (rep=0, index=2): OrderedDict([('instructText', 'Describe the story with as many details as you can remember in the space provided. ')])
7.7031 	EXP 	text_6: autoDraw = False
7.7031 	EXP 	text_24: autoDraw = False
7.7031 	EXP 	text_6: text = 'Describe the story with as many details as you can remember in the space provided. '
7.7031 	EXP 	text_6: autoDraw = True
7.7031 	EXP 	text_24: autoDraw = True
7.8552 	DATA 	Keypress: space
7.8559 	EXP 	New trial (rep=0, index=3): OrderedDict([('instructText', 'When you are finished recalling one story, to move onto the next one hit ‘return’. ')])
7.8868 	EXP 	text_6: autoDraw = False
7.8868 	EXP 	text_24: autoDraw = False
7.8868 	EXP 	text_6: text = 'When you are finished recalling one story, to move onto the next one hit ‘return’. '
7.8868 	EXP 	text_6: autoDraw = True
7.8868 	EXP 	text_24: autoDraw = True
8.0553 	DATA 	Keypress: space
8.0560 	EXP 	New trial (rep=0, index=4): OrderedDict([('instructText', 'There is no time limit for your responses. ')])
8.0699 	EXP 	text_6: autoDraw = False
8.0699 	EXP 	text_24: autoDraw = False
8.0699 	EXP 	text_6: text = 'There is no time limit for your responses. '
8.0699 	EXP 	text_6: autoDraw = True
8.0699 	EXP 	text_24: autoDraw = True
8.3884 	DATA 	Keypress: space
8.3938 	EXP 	Imported count.xlsx as conditions, 16 conditions, 1 params
8.3940 	EXP 	Created sequence: sequential, trialTypes=16, nReps=1, seed=None
8.3942 	EXP 	New trial (rep=0, index=0): OrderedDict([('count', 0)])
8.3946 	WARNING 	Requested image 'storypics/23_storypic' not found but similar filename 'storypics/23_storypic.jpg' exists. This will be used instead but changing the filename is advised.
8.4368 	EXP 	text_6: autoDraw = False
8.4368 	EXP 	text_24: autoDraw = False
8.4368 	EXP 	text_10: alignHoriz = 'left'
8.4368 	EXP 	text_10: alignVert = 'top'
8.4368 	EXP 	text_10: wrapWidth = 1.8
8.4368 	EXP 	text_10: height = 0.05
8.4368 	EXP 	image_4: image = 'storypics/23_storypic'
8.4368 	EXP 	text_9: autoDraw = True
8.4368 	EXP 	text_10: autoDraw = True
8.4368 	EXP 	image_4: autoDraw = True
8.4368 	EXP 	polygon: autoDraw = True
8.4368 	EXP 	bottom_line: autoDraw = True
8.4368 	EXP 	right_line_2: autoDraw = True
8.4368 	EXP 	left_line: autoDraw = True
8.8399 	DATA 	Keypress: k
8.9892 	DATA 	Keypress: d
9.1558 	DATA 	Keypress: j
9.1892 	DATA 	Keypress: f
9.4891 	DATA 	Keypress: j
9.5067 	DATA 	Keypress: f
9.6726 	DATA 	Keypress: k
9.7399 	DATA 	Keypress: s
9.8058 	DATA 	Keypress: j
9.8399 	DATA 	Keypress: l
9.8734 	DATA 	Keypress: d
9.8745 	DATA 	Keypress: f
9.9565 	DATA 	Keypress: k
10.0229 	DATA 	Keypress: j
10.4905 	DATA 	Keypress: rshift
10.6385 	DATA 	Keypress: lshift
10.8567 	DATA 	Keypress: i
11.2729 	DATA 	Keypress: space
11.5052 	DATA 	Keypress: lshift
11.5900 	DATA 	Keypress: i
11.7566 	DATA 	Keypress: i
11.9400 	DATA 	Keypress: i
12.0895 	DATA 	Keypress: i
12.2228 	DATA 	Keypress: i
12.3899 	DATA 	Keypress: space
12.5221 	DATA 	Keypress: lshift
12.6407 	DATA 	Keypress: n
12.8561 	DATA 	Keypress: e
13.0405 	DATA 	Keypress: v
13.1402 	DATA 	Keypress: e
13.3902 	DATA 	Keypress: r
13.8571 	DATA 	Keypress: quoteleft
14.1073 	DATA 	Keypress: escape
14.3823 	EXP 	window1: mouseVisible = True
