3.7932 	WARNING 	User requested fullscreen with size [1024  768], but screen is actually [2560, 1440]. Using actual size
4.4568 	EXP 	Created window1 = Window(allowGUI=False, allowStencil=False, args=UNKNOWN, autoLog=True, bitsMode=UNKNOWN, blendMode='avg', color=array([0., 0., 0.]), colorSpace='rgb', fullscr=<method-wrapper '__getattribute__' of attributeSetter object at 0x1254e8c88>, gamma=None, kwargs=UNKNOWN, lms=UNKNOWN, monitor=<psychopy.monitors.calibTools.Monitor object at 0x126aa7320>, multiSample=False, name='window1', numSamples=2, pos=[0.0, 0.0], screen=0, size=array([5120, 2880]), stereo=False, units='norm', useFBO=True, useRetina=True, viewOri=0.0, viewPos=None, viewScale=None, waitBlanking=True, winType='pyglet')
4.4569 	EXP 	window1: recordFrameIntervals = False
4.6219 	EXP 	window1: recordFrameIntervals = True
4.8061 	EXP 	window1: recordFrameIntervals = False
4.8720 	EXP 	Created text_4 = TextStim(__class__=<class 'psychopy.visual.text.TextStim'>, alignHoriz='center', alignVert='center', antialias=True, autoLog=True, bold=False, color='white', colorSpace='named', contrast=1.0, depth=-2.0, flipHoriz=False, flipVert=False, font='Arial', fontFiles=[], height=0.1, italic=False, languageStyle='LTR', name='text_4', opacity=1.0, ori=0, pos=array([0., 0.]), rgb=array([255., 255., 255.]), text='default text', units='norm', win=Window(...), wrapWidth=1)
4.8737 	EXP 	Created image = ImageStim(__class__=<class 'psychopy.visual.image.ImageStim'>, autoLog=True, color=array([1., 1., 1.]), colorSpace='rgb', contrast=1.0, depth=-3.0, flipHoriz=False, flipVert=False, image='sin', interpolate=True, mask=None, maskParams=None, name='image', opacity=1.0, ori=0.0, pos=array([ 0. , -0.5]), size=array([0.5, 0.5]), texRes=128, units='norm', win=Window(...))
4.8772 	EXP 	Created text = TextStim(__class__=<class 'psychopy.visual.text.TextStim'>, alignHoriz='center', alignVert='center', antialias=True, autoLog=True, bold=False, color='white', colorSpace='named', contrast=1.0, depth=-1.0, flipHoriz=False, flipVert=False, font='Arial', fontFiles=[], height=0.1, italic=False, languageStyle='LTR', name='text', opacity=1.0, ori=0, pos=array([0., 0.]), rgb=array([255., 255., 255.]), text='default text', units='norm', win=Window(...), wrapWidth=1)
4.8843 	EXP 	Imported count.xlsx as conditions, 16 conditions, 1 params
4.8845 	EXP 	Created sequence: sequential, trialTypes=16, nReps=1, seed=None
4.8847 	EXP 	New trial (rep=0, index=0): OrderedDict([('count', 0)])
4.9859 	EXP 	text_4: text = 'Matchmaker'
4.9859 	EXP 	image: image = 'matchmaker.jpg'
4.9859 	EXP 	text_4: autoDraw = True
4.9859 	EXP 	image: autoDraw = True
7.0584 	DATA 	Keypress: space
7.0674 	EXP 	Imported 44.xlsx as conditions, 2 conditions, 1 params
7.0676 	EXP 	Created sequence: sequential, trialTypes=2, nReps=1, seed=None
7.0679 	EXP 	New trial (rep=0, index=0): OrderedDict([('storyText', 44)])
7.0895 	EXP 	text_4: autoDraw = False
7.0895 	EXP 	image: autoDraw = False
7.0895 	EXP 	text: text = 'storyText\n\n'
7.0895 	EXP 	text: autoDraw = True
8.8585 	DATA 	Keypress: space
8.8595 	EXP 	New trial (rep=0, index=1): OrderedDict([('storyText', 'Attending a Lecture Meet Cute')])
8.8746 	EXP 	text: autoDraw = False
8.8746 	EXP 	text: text = 'storyText\n\n'
8.8746 	EXP 	text: autoDraw = True
9.7415 	DATA 	Keypress: space
9.7422 	EXP 	New trial (rep=0, index=1): OrderedDict([('count', 1)])
9.7739 	EXP 	text: autoDraw = False
9.7739 	EXP 	text_4: text = 'Airport Customer Experience Manager'
9.7739 	EXP 	image: image = 'acem.jpg'
9.7739 	EXP 	text_4: autoDraw = True
9.7739 	EXP 	image: autoDraw = True
10.4926 	DATA 	Keypress: space
10.4974 	EXP 	Imported 42.xlsx as conditions, 2 conditions, 1 params
10.4976 	EXP 	Created sequence: sequential, trialTypes=2, nReps=1, seed=None
10.4978 	EXP 	New trial (rep=0, index=0): OrderedDict([('storyText', 42)])
10.5076 	EXP 	text_4: autoDraw = False
10.5076 	EXP 	image: autoDraw = False
10.5076 	EXP 	text: text = 'storyText\n\n'
10.5076 	EXP 	text: autoDraw = True
11.0423 	DATA 	Keypress: space
11.0431 	EXP 	New trial (rep=0, index=1): OrderedDict([('storyText', 'Airport Meet Cute')])
11.0571 	EXP 	text: autoDraw = False
11.0571 	EXP 	text: text = 'storyText\n\n'
11.0571 	EXP 	text: autoDraw = True
12.2104 	DATA 	Keypress: space
12.2112 	EXP 	New trial (rep=0, index=2): OrderedDict([('count', 2)])
12.2425 	EXP 	text: autoDraw = False
12.2425 	EXP 	text_4: text = 'Grocery Store Customer Experience Manager'
12.2425 	EXP 	image: image = 'gscem.jpg'
12.2425 	EXP 	text_4: autoDraw = True
12.2425 	EXP 	image: autoDraw = True
13.2437 	DATA 	Keypress: space
13.2484 	EXP 	Imported 13.xlsx as conditions, 2 conditions, 1 params
13.2486 	EXP 	Created sequence: sequential, trialTypes=2, nReps=1, seed=None
13.2488 	EXP 	New trial (rep=0, index=0): OrderedDict([('storyText', 13)])
13.2583 	EXP 	text_4: autoDraw = False
13.2583 	EXP 	image: autoDraw = False
13.2583 	EXP 	text: text = 'storyText\n\n'
13.2583 	EXP 	text: autoDraw = True
13.7272 	DATA 	Keypress: space
13.7280 	EXP 	New trial (rep=0, index=1): OrderedDict([('storyText', 'Grocery Shopping Breakup')])
13.7425 	EXP 	text: autoDraw = False
13.7425 	EXP 	text: text = 'storyText\n\n'
13.7425 	EXP 	text: autoDraw = True
14.7769 	DATA 	Keypress: space
14.7777 	EXP 	New trial (rep=0, index=3): OrderedDict([('count', 3)])
14.8084 	EXP 	text: autoDraw = False
14.8084 	EXP 	text_4: text = 'Wedding Planner'
14.8084 	EXP 	image: image = 'weddingplanner.jpg'
14.8084 	EXP 	text_4: autoDraw = True
14.8084 	EXP 	image: autoDraw = True
15.9274 	DATA 	Keypress: escape
16.1990 	EXP 	window1: mouseVisible = True
