3.7908 	WARNING 	User requested fullscreen with size [1024  768], but screen is actually [2560, 1440]. Using actual size
4.5155 	EXP 	Created window1 = Window(allowGUI=False, allowStencil=False, args=UNKNOWN, autoLog=True, bitsMode=UNKNOWN, blendMode='avg', color=array([0., 0., 0.]), colorSpace='rgb', fullscr=<method-wrapper '__getattribute__' of attributeSetter object at 0x124631d30>, gamma=None, kwargs=UNKNOWN, lms=UNKNOWN, monitor=<psychopy.monitors.calibTools.Monitor object at 0x1229084a8>, multiSample=False, name='window1', numSamples=2, pos=[0.0, 0.0], screen=0, size=array([5120, 2880]), stereo=False, units='norm', useFBO=True, useRetina=True, viewOri=0.0, viewPos=None, viewScale=None, waitBlanking=True, winType='pyglet')
4.5155 	EXP 	window1: recordFrameIntervals = False
4.6820 	EXP 	window1: recordFrameIntervals = True
4.8655 	EXP 	window1: recordFrameIntervals = False
4.9390 	EXP 	Created text_4 = TextStim(__class__=<class 'psychopy.visual.text.TextStim'>, alignHoriz='center', alignVert='center', antialias=True, autoLog=True, bold=False, color='white', colorSpace='named', contrast=1.0, depth=-2.0, flipHoriz=False, flipVert=False, font='Arial', fontFiles=[], height=0.1, italic=False, languageStyle='LTR', name='text_4', opacity=1.0, ori=0, pos=array([0., 0.]), rgb=array([255., 255., 255.]), text='default text', units='norm', win=Window(...), wrapWidth=1)
4.9407 	EXP 	Created image = ImageStim(__class__=<class 'psychopy.visual.image.ImageStim'>, autoLog=True, color=array([1., 1., 1.]), colorSpace='rgb', contrast=1.0, depth=-3.0, flipHoriz=False, flipVert=False, image='sin', interpolate=True, mask=None, maskParams=None, name='image', opacity=1.0, ori=0.0, pos=array([ 0. , -0.5]), size=array([0.5, 0.5]), texRes=128, units='norm', win=Window(...))
4.9441 	EXP 	Created text = TextStim(__class__=<class 'psychopy.visual.text.TextStim'>, alignHoriz='center', alignVert='center', antialias=True, autoLog=True, bold=False, color='white', colorSpace='named', contrast=1.0, depth=0.0, flipHoriz=False, flipVert=False, font='Arial', fontFiles=[], height=0.1, italic=False, languageStyle='LTR', name='text', opacity=1.0, ori=0, pos=array([ 0. , -0.5]), rgb=array([255., 255., 255.]), text='default text', units='norm', win=Window(...), wrapWidth=1)
4.9455 	EXP 	Created image_2 = ImageStim(__class__=<class 'psychopy.visual.image.ImageStim'>, autoLog=True, color=array([1., 1., 1.]), colorSpace='rgb', contrast=1.0, depth=-2.0, flipHoriz=False, flipVert=False, image='sin', interpolate=True, mask=None, maskParams=None, name='image_2', opacity=1.0, ori=0.0, pos=array([0. , 0.4]), size=array([1., 1.]), texRes=128, units='norm', win=Window(...))
4.9531 	EXP 	Imported count.xlsx as conditions, 16 conditions, 1 params
4.9534 	EXP 	Created sequence: sequential, trialTypes=16, nReps=1, seed=None
4.9536 	EXP 	New trial (rep=0, index=0): OrderedDict([('count', 0)])
5.0486 	EXP 	text_4: text = 'Dean of Academic Studies'
5.0486 	EXP 	image: image = 'dean.jpg'
5.0486 	EXP 	text_4: autoDraw = True
5.0486 	EXP 	image: autoDraw = True
5.5676 	DATA 	Keypress: space
5.5769 	EXP 	Imported 14.xlsx as conditions, 2 conditions, 1 params
5.5771 	EXP 	Created sequence: sequential, trialTypes=2, nReps=1, seed=None
5.5773 	EXP 	New trial (rep=0, index=0): OrderedDict([('storyText', 14)])
5.6154 	EXP 	text_4: autoDraw = False
5.6154 	EXP 	image: autoDraw = False
5.6154 	EXP 	text: text = 14
5.6154 	EXP 	image_2: image = 'face_images/14_faces.jpg'
5.6154 	EXP 	text: autoDraw = True
5.6154 	EXP 	image_2: autoDraw = True
6.4680 	DATA 	Keypress: space
6.4688 	EXP 	New trial (rep=0, index=1): OrderedDict([('storyText', 'Attending a Lecture Breakup')])
6.4988 	EXP 	text: autoDraw = False
6.4988 	EXP 	image_2: autoDraw = False
6.4988 	EXP 	text: text = 'Attending a Lecture Breakup'
6.4988 	EXP 	image_2: image = 'face_images/14_faces.jpg'
6.4988 	EXP 	text: autoDraw = True
6.4988 	EXP 	image_2: autoDraw = True
7.2349 	DATA 	Keypress: space
7.2357 	EXP 	New trial (rep=0, index=1): OrderedDict([('count', 1)])
7.2667 	EXP 	text: autoDraw = False
7.2667 	EXP 	image_2: autoDraw = False
7.2667 	EXP 	text_4: text = 'Business Reporter'
7.2667 	EXP 	image: image = 'business_reporter.jpg'
7.2667 	EXP 	text_4: autoDraw = True
7.2667 	EXP 	image: autoDraw = True
7.7849 	DATA 	Keypress: space
7.7901 	EXP 	Imported 34.xlsx as conditions, 2 conditions, 1 params
7.7903 	EXP 	Created sequence: sequential, trialTypes=2, nReps=1, seed=None
7.7905 	EXP 	New trial (rep=0, index=0): OrderedDict([('storyText', 34)])
7.8175 	EXP 	text_4: autoDraw = False
7.8175 	EXP 	image: autoDraw = False
7.8175 	EXP 	text: text = 34
7.8175 	EXP 	image_2: image = 'face_images/34_faces.jpg'
7.8175 	EXP 	text: autoDraw = True
7.8175 	EXP 	image_2: autoDraw = True
8.1681 	DATA 	Keypress: space
8.1689 	EXP 	New trial (rep=0, index=1): OrderedDict([('storyText', 'Attending a Lecture Business Deal')])
8.2001 	EXP 	text: autoDraw = False
8.2001 	EXP 	image_2: autoDraw = False
8.2001 	EXP 	text: text = 'Attending a Lecture Business Deal'
8.2001 	EXP 	image_2: image = 'face_images/34_faces.jpg'
8.2001 	EXP 	text: autoDraw = True
8.2001 	EXP 	image_2: autoDraw = True
8.4364 	DATA 	Keypress: space
8.4508 	EXP 	New trial (rep=0, index=2): OrderedDict([('count', 2)])
8.7219 	EXP 	window1: mouseVisible = True
