3.5812 	WARNING 	User requested fullscreen with size [1024  768], but screen is actually [2560, 1440]. Using actual size
4.2403 	EXP 	Created window1 = Window(allowGUI=False, allowStencil=False, args=UNKNOWN, autoLog=True, bitsMode=UNKNOWN, blendMode='avg', color=array([0., 0., 0.]), colorSpace='rgb', fullscr=<method-wrapper '__getattribute__' of attributeSetter object at 0x12677aba8>, gamma=None, kwargs=UNKNOWN, lms=UNKNOWN, monitor=<psychopy.monitors.calibTools.Monitor object at 0x1263a3be0>, multiSample=False, name='window1', numSamples=2, pos=[0.0, 0.0], screen=0, size=array([5120, 2880]), stereo=False, units='norm', useFBO=True, useRetina=True, viewOri=0.0, viewPos=None, viewScale=None, waitBlanking=True, winType='pyglet')
4.2403 	EXP 	window1: recordFrameIntervals = False
4.4069 	EXP 	window1: recordFrameIntervals = True
4.5898 	EXP 	window1: recordFrameIntervals = False
4.6590 	EXP 	Created text_2 = TextStim(__class__=<class 'psychopy.visual.text.TextStim'>, alignHoriz='center', alignVert='center', antialias=True, autoLog=True, bold=False, color='white', colorSpace='named', contrast=1.0, depth=0.0, flipHoriz=False, flipVert=False, font='Arial', fontFiles=[], height=0.1, italic=False, languageStyle='LTR', name='text_2', opacity=1.0, ori=0, pos=array([0., 0.]), rgb=array([255., 255., 255.]), text='which experiment?\n\n(for experimenter)', units='norm', win=Window(...), wrapWidth=1)
4.6651 	EXP 	Created text_4 = TextStim(__class__=<class 'psychopy.visual.text.TextStim'>, alignHoriz='center', alignVert='center', antialias=True, autoLog=True, bold=False, color='white', colorSpace='named', contrast=1.0, depth=-2.0, flipHoriz=False, flipVert=False, font='Arial', fontFiles=[], height=0.1, italic=False, languageStyle='LTR', name='text_4', opacity=1.0, ori=0, pos=array([0., 0.]), rgb=array([255., 255., 255.]), text='default text', units='norm', win=Window(...), wrapWidth=1)
4.6654 	WARNING 	Requested image 'leonardo.jpg' not found but similar filename 'leonardo.jpeg' exists. This will be used instead but changing the filename is advised.
4.7186 	EXP 	Created image = ImageStim(__class__=<class 'psychopy.visual.image.ImageStim'>, autoLog=True, color=array([1., 1., 1.]), colorSpace='rgb', contrast=1.0, depth=-3.0, flipHoriz=False, flipVert=False, image='leonardo.jpg', interpolate=True, mask=None, maskParams=None, name='image', opacity=1.0, ori=0.0, pos=array([ 0. , -0.5]), size=array([0.5, 0.5]), texRes=128, units='norm', win=Window(...))
4.7225 	EXP 	Created text = TextStim(__class__=<class 'psychopy.visual.text.TextStim'>, alignHoriz='center', alignVert='center', antialias=True, autoLog=True, bold=False, color='white', colorSpace='named', contrast=1.0, depth=-1.0, flipHoriz=False, flipVert=False, font='Arial', fontFiles=[], height=0.1, italic=False, languageStyle='LTR', name='text', opacity=1.0, ori=0, pos=array([0., 0.]), rgb=array([255., 255., 255.]), text='default text', units='norm', win=Window(...), wrapWidth=1)
4.7397 	EXP 	text_2: autoDraw = True
6.0593 	DATA 	Keypress: l
6.0665 	EXP 	Imported count.xlsx as conditions, 16 conditions, 1 params
6.0668 	EXP 	Created sequence: sequential, trialTypes=16, nReps=1, seed=None
6.0670 	EXP 	New trial (rep=0, index=0): OrderedDict([('count', 0)])
6.0911 	EXP 	text_2: autoDraw = False
6.0911 	EXP 	text_4: text = 'Restaurant Critic'
6.0911 	EXP 	text_4: autoDraw = True
6.0911 	EXP 	image: autoDraw = True
7.0741 	EXP 	image: autoDraw = False
8.4255 	DATA 	Keypress: space
8.4408 	EXP 	text_4: autoDraw = False
8.4408 	EXP 	image: autoDraw = False
8.4408 	EXP 	text: text = 'Restaurant Meet Cute'
8.4408 	EXP 	text: autoDraw = True
9.5430 	DATA 	Keypress: space
9.5438 	EXP 	New trial (rep=0, index=1): OrderedDict([('count', 1)])
9.5586 	EXP 	text: autoDraw = False
9.5586 	EXP 	text_4: text = 'Airport Customer Experience Manager'
9.5586 	EXP 	text_4: autoDraw = True
9.5586 	EXP 	image: autoDraw = True
10.5591 	EXP 	image: autoDraw = False
11.0110 	DATA 	Keypress: space
11.0266 	EXP 	text_4: autoDraw = False
11.0266 	EXP 	image: autoDraw = False
11.0266 	EXP 	text: text = 'Airport Business Deal'
11.0266 	EXP 	text: autoDraw = True
11.6270 	DATA 	Keypress: space
11.6277 	EXP 	New trial (rep=0, index=2): OrderedDict([('count', 2)])
11.6429 	EXP 	text: autoDraw = False
11.6429 	EXP 	text_4: text = 'Wedding Planner'
11.6429 	EXP 	text_4: autoDraw = True
11.6429 	EXP 	image: autoDraw = True
12.6423 	EXP 	image: autoDraw = False
12.7604 	DATA 	Keypress: space
12.7756 	EXP 	text_4: autoDraw = False
12.7756 	EXP 	image: autoDraw = False
12.7756 	EXP 	text: text = 'Restaurant Proposal'
12.7756 	EXP 	text: autoDraw = True
13.2608 	DATA 	Keypress: escape
13.5328 	EXP 	window1: mouseVisible = True
