4.4690 	WARNING 	User requested fullscreen with size [1024  768], but screen is actually [2560, 1440]. Using actual size
6.6744 	WARNING 	Couldn't measure a consistent frame rate.
  - Is your graphics card set to sync to vertical blank?
  - Are you running other processes on your computer?

6.6747 	EXP 	Created window1 = Window(allowGUI=False, allowStencil=False, args=UNKNOWN, autoLog=True, bitsMode=UNKNOWN, blendMode='avg', color=array([0., 0., 0.]), colorSpace='rgb', fullscr=<method-wrapper '__getattribute__' of attributeSetter object at 0x1247b0c88>, gamma=None, kwargs=UNKNOWN, lms=UNKNOWN, monitor=<psychopy.monitors.calibTools.Monitor object at 0x124290d30>, multiSample=False, name='window1', numSamples=2, pos=[0.0, 0.0], screen=0, size=array([5120, 2880]), stereo=False, units='norm', useFBO=True, useRetina=True, viewOri=0.0, viewPos=None, viewScale=None, waitBlanking=True, winType='pyglet')
6.6747 	EXP 	window1: recordFrameIntervals = False
6.8410 	EXP 	window1: recordFrameIntervals = True
6.8783 	WARNING 	t of last frame was 20.67ms (=1/48)
6.9784 	WARNING 	t of last frame was 20.84ms (=1/47)
7.0275 	WARNING 	t of last frame was 20.09ms (=1/49)
7.1946 	EXP 	window1: recordFrameIntervals = True
7.2609 	EXP 	Created text_4 = TextStim(__class__=<class 'psychopy.visual.text.TextStim'>, alignHoriz='center', alignVert='center', antialias=True, autoLog=True, bold=False, color='white', colorSpace='named', contrast=1.0, depth=-2.0, flipHoriz=False, flipVert=False, font='Arial', fontFiles=[], height=0.1, italic=False, languageStyle='LTR', name='text_4', opacity=1.0, ori=0, pos=array([0., 0.]), rgb=array([255., 255., 255.]), text='default text', units='norm', win=Window(...), wrapWidth=1)
7.2626 	EXP 	Created image = ImageStim(__class__=<class 'psychopy.visual.image.ImageStim'>, autoLog=True, color=array([1., 1., 1.]), colorSpace='rgb', contrast=1.0, depth=-3.0, flipHoriz=False, flipVert=False, image='sin', interpolate=True, mask=None, maskParams=None, name='image', opacity=1.0, ori=0.0, pos=array([ 0. , -0.5]), size=array([0.5, 0.5]), texRes=128, units='norm', win=Window(...))
7.2720 	EXP 	Created text_5 = TextStim(__class__=<class 'psychopy.visual.text.TextStim'>, alignHoriz='center', alignVert='center', antialias=True, autoLog=True, bold=False, color='white', colorSpace='named', contrast=1.0, depth=-4.0, flipHoriz=False, flipVert=False, font='Arial', fontFiles=[], height=0.1, italic=False, languageStyle='LTR', name='text_5', opacity=1.0, ori=0, pos=array([ 0. , -0.7]), rgb=array([255., 255., 255.]), text='(press space to continue)', units='norm', win=Window(...), wrapWidth=1)
7.2761 	EXP 	Created text = TextStim(__class__=<class 'psychopy.visual.text.TextStim'>, alignHoriz='center', alignVert='center', antialias=True, autoLog=True, bold=False, color='white', colorSpace='named', contrast=1.0, depth=0.0, flipHoriz=False, flipVert=False, font='Arial', fontFiles=[], height=0.1, italic=False, languageStyle='LTR', name='text', opacity=1.0, ori=0, pos=array([ 0. , -0.5]), rgb=array([255., 255., 255.]), text='default text', units='norm', win=Window(...), wrapWidth=1)
7.2775 	EXP 	Created image_2 = ImageStim(__class__=<class 'psychopy.visual.image.ImageStim'>, autoLog=True, color=array([1., 1., 1.]), colorSpace='rgb', contrast=1.0, depth=-2.0, flipHoriz=False, flipVert=False, image='sin', interpolate=True, mask=None, maskParams=None, name='image_2', opacity=1.0, ori=0.0, pos=array([0. , 0.4]), size=array([1., 1.]), texRes=128, units='norm', win=Window(...))
7.2860 	EXP 	Imported count.xlsx as conditions, 16 conditions, 1 params
7.2863 	EXP 	Created sequence: sequential, trialTypes=16, nReps=1, seed=None
7.2865 	EXP 	New trial (rep=0, index=0): OrderedDict([('count', 0)])
7.3733 	WARNING 	t of last frame was 178.86ms (=1/5)
7.3733 	EXP 	text_4: text = 'Restaurant Critic'
7.3733 	EXP 	image: image = 'jobphotos/restaurant_critic.jpg'
7.3733 	EXP 	text_4: autoDraw = True
7.3733 	EXP 	image: autoDraw = True
7.3733 	EXP 	text_5: autoDraw = True
12.7769 	DATA 	Keypress: escape
13.0477 	EXP 	window1: mouseVisible = True
4.1008 	WARNING 	User requested fullscreen with size [1024  768], but screen is actually [2560, 1440]. Using actual size
4.7687 	EXP 	Created window1 = Window(allowGUI=False, allowStencil=False, args=UNKNOWN, autoLog=True, bitsMode=UNKNOWN, blendMode='avg', color=array([0., 0., 0.]), colorSpace='rgb', fullscr=<method-wrapper '__getattribute__' of attributeSetter object at 0x1257eec50>, gamma=None, kwargs=UNKNOWN, lms=UNKNOWN, monitor=<psychopy.monitors.calibTools.Monitor object at 0x126a66d30>, multiSample=False, name='window1', numSamples=2, pos=[0.0, 0.0], screen=0, size=array([5120, 2880]), stereo=False, units='norm', useFBO=True, useRetina=True, viewOri=0.0, viewPos=None, viewScale=None, waitBlanking=True, winType='pyglet')
4.7687 	EXP 	window1: recordFrameIntervals = False
4.9343 	EXP 	window1: recordFrameIntervals = True
5.1178 	EXP 	window1: recordFrameIntervals = False
5.1842 	EXP 	Created text_4 = TextStim(__class__=<class 'psychopy.visual.text.TextStim'>, alignHoriz='center', alignVert='center', antialias=True, autoLog=True, bold=False, color='white', colorSpace='named', contrast=1.0, depth=-2.0, flipHoriz=False, flipVert=False, font='Arial', fontFiles=[], height=0.1, italic=False, languageStyle='LTR', name='text_4', opacity=1.0, ori=0, pos=array([0., 0.]), rgb=array([255., 255., 255.]), text='default text', units='norm', win=Window(...), wrapWidth=1)
5.1858 	EXP 	Created image = ImageStim(__class__=<class 'psychopy.visual.image.ImageStim'>, autoLog=True, color=array([1., 1., 1.]), colorSpace='rgb', contrast=1.0, depth=-3.0, flipHoriz=False, flipVert=False, image='sin', interpolate=True, mask=None, maskParams=None, name='image', opacity=1.0, ori=0.0, pos=array([0. , 0.7]), size=array([0.5, 0.5]), texRes=128, units='norm', win=Window(...))
5.1955 	EXP 	Created text_5 = TextStim(__class__=<class 'psychopy.visual.text.TextStim'>, alignHoriz='center', alignVert='center', antialias=True, autoLog=True, bold=False, color='white', colorSpace='named', contrast=1.0, depth=-4.0, flipHoriz=False, flipVert=False, font='Arial', fontFiles=[], height=0.1, italic=False, languageStyle='LTR', name='text_5', opacity=1.0, ori=0, pos=array([ 0. , -0.7]), rgb=array([255., 255., 255.]), text='(press space to continue)', units='norm', win=Window(...), wrapWidth=1)
5.1993 	EXP 	Created text = TextStim(__class__=<class 'psychopy.visual.text.TextStim'>, alignHoriz='center', alignVert='center', antialias=True, autoLog=True, bold=False, color='white', colorSpace='named', contrast=1.0, depth=0.0, flipHoriz=False, flipVert=False, font='Arial', fontFiles=[], height=0.1, italic=False, languageStyle='LTR', name='text', opacity=1.0, ori=0, pos=array([ 0. , -0.5]), rgb=array([255., 255., 255.]), text='default text', units='norm', win=Window(...), wrapWidth=1)
5.2007 	EXP 	Created image_2 = ImageStim(__class__=<class 'psychopy.visual.image.ImageStim'>, autoLog=True, color=array([1., 1., 1.]), colorSpace='rgb', contrast=1.0, depth=-2.0, flipHoriz=False, flipVert=False, image='sin', interpolate=True, mask=None, maskParams=None, name='image_2', opacity=1.0, ori=0.0, pos=array([0. , 0.4]), size=array([1., 1.]), texRes=128, units='norm', win=Window(...))
5.2090 	EXP 	Imported count.xlsx as conditions, 16 conditions, 1 params
5.2093 	EXP 	Created sequence: sequential, trialTypes=16, nReps=1, seed=None
5.2095 	EXP 	New trial (rep=0, index=0): OrderedDict([('count', 0)])
5.2993 	EXP 	text_4: text = 'Grocery Store Customer Experience Manager'
5.2993 	EXP 	image: image = 'jobphotos/gscem.jpg'
5.2993 	EXP 	text_4: autoDraw = True
5.2993 	EXP 	image: autoDraw = True
5.2993 	EXP 	text_5: autoDraw = True
7.9049 	DATA 	Keypress: escape
8.1772 	EXP 	window1: mouseVisible = True
4.0516 	WARNING 	User requested fullscreen with size [1024  768], but screen is actually [2560, 1440]. Using actual size
4.7271 	EXP 	Created window1 = Window(allowGUI=False, allowStencil=False, args=UNKNOWN, autoLog=True, bitsMode=UNKNOWN, blendMode='avg', color=array([0., 0., 0.]), colorSpace='rgb', fullscr=<method-wrapper '__getattribute__' of attributeSetter object at 0x1247afc88>, gamma=None, kwargs=UNKNOWN, lms=UNKNOWN, monitor=<psychopy.monitors.calibTools.Monitor object at 0x12428fd30>, multiSample=False, name='window1', numSamples=2, pos=[0.0, 0.0], screen=0, size=array([5120, 2880]), stereo=False, units='norm', useFBO=True, useRetina=True, viewOri=0.0, viewPos=None, viewScale=None, waitBlanking=True, winType='pyglet')
4.7271 	EXP 	window1: recordFrameIntervals = False
4.8933 	EXP 	window1: recordFrameIntervals = True
5.0770 	EXP 	window1: recordFrameIntervals = False
5.1432 	EXP 	Created text_4 = TextStim(__class__=<class 'psychopy.visual.text.TextStim'>, alignHoriz='center', alignVert='center', antialias=True, autoLog=True, bold=False, color='white', colorSpace='named', contrast=1.0, depth=-2.0, flipHoriz=False, flipVert=False, font='Arial', fontFiles=[], height=0.1, italic=False, languageStyle='LTR', name='text_4', opacity=1.0, ori=0, pos=array([0., 0.]), rgb=array([255., 255., 255.]), text='default text', units='norm', win=Window(...), wrapWidth=1)
5.1449 	EXP 	Created image = ImageStim(__class__=<class 'psychopy.visual.image.ImageStim'>, autoLog=True, color=array([1., 1., 1.]), colorSpace='rgb', contrast=1.0, depth=-3.0, flipHoriz=False, flipVert=False, image='sin', interpolate=True, mask=None, maskParams=None, name='image', opacity=1.0, ori=0.0, pos=array([0. , 0.5]), size=array([0.5, 0.5]), texRes=128, units='norm', win=Window(...))
5.1545 	EXP 	Created text_5 = TextStim(__class__=<class 'psychopy.visual.text.TextStim'>, alignHoriz='center', alignVert='center', antialias=True, autoLog=True, bold=False, color='white', colorSpace='named', contrast=1.0, depth=-4.0, flipHoriz=False, flipVert=False, font='Arial', fontFiles=[], height=0.1, italic=False, languageStyle='LTR', name='text_5', opacity=1.0, ori=0, pos=array([ 0. , -0.7]), rgb=array([255., 255., 255.]), text='(press space to continue)', units='norm', win=Window(...), wrapWidth=1)
5.1582 	EXP 	Created text = TextStim(__class__=<class 'psychopy.visual.text.TextStim'>, alignHoriz='center', alignVert='center', antialias=True, autoLog=True, bold=False, color='white', colorSpace='named', contrast=1.0, depth=0.0, flipHoriz=False, flipVert=False, font='Arial', fontFiles=[], height=0.1, italic=False, languageStyle='LTR', name='text', opacity=1.0, ori=0, pos=array([ 0. , -0.5]), rgb=array([255., 255., 255.]), text='default text', units='norm', win=Window(...), wrapWidth=1)
5.1597 	EXP 	Created image_2 = ImageStim(__class__=<class 'psychopy.visual.image.ImageStim'>, autoLog=True, color=array([1., 1., 1.]), colorSpace='rgb', contrast=1.0, depth=-2.0, flipHoriz=False, flipVert=False, image='sin', interpolate=True, mask=None, maskParams=None, name='image_2', opacity=1.0, ori=0.0, pos=array([0. , 0.4]), size=array([1., 1.]), texRes=128, units='norm', win=Window(...))
5.1682 	EXP 	Imported count.xlsx as conditions, 16 conditions, 1 params
5.1684 	EXP 	Created sequence: sequential, trialTypes=16, nReps=1, seed=None
5.1686 	EXP 	New trial (rep=0, index=0): OrderedDict([('count', 0)])
5.2568 	EXP 	text_4: text = 'Dean of Academic Studies'
5.2568 	EXP 	image: image = 'jobphotos/dean.jpg'
5.2568 	EXP 	text_4: autoDraw = True
5.2568 	EXP 	image: autoDraw = True
5.2568 	EXP 	text_5: autoDraw = True
7.5961 	DATA 	Keypress: space
7.6011 	EXP 	Imported story_xlsx_files/24.xlsx as conditions, 2 conditions, 1 params
7.6013 	EXP 	Created sequence: sequential, trialTypes=2, nReps=1, seed=None
7.6015 	EXP 	New trial (rep=0, index=0): OrderedDict([('storyText', 24)])
7.6048 	WARNING 	Requested image 'storypics/24_storypic' not found but similar filename 'storypics/24_storypic.jpg' exists. This will be used instead but changing the filename is advised.
7.6437 	EXP 	text_4: autoDraw = False
7.6437 	EXP 	image: autoDraw = False
7.6437 	EXP 	text_5: autoDraw = False
7.6437 	EXP 	text: text = 24
7.6437 	EXP 	image_2: image = 'storypics/24_storypic'
7.6437 	EXP 	text: autoDraw = True
7.6437 	EXP 	image_2: autoDraw = True
8.8112 	DATA 	Keypress: space
10.7624 	DATA 	Keypress: n
13.7297 	DATA 	Keypress: 1
13.7305 	EXP 	New trial (rep=0, index=1): OrderedDict([('storyText', 'Attending a Lecture Proposal')])
13.7368 	WARNING 	Requested image 'storypics/24_storypic' not found but similar filename 'storypics/24_storypic.jpg' exists. This will be used instead but changing the filename is advised.
13.7619 	EXP 	text: autoDraw = False
13.7619 	EXP 	image_2: autoDraw = False
13.7619 	EXP 	text: text = 'Attending a Lecture Proposal'
13.7619 	EXP 	image_2: image = 'storypics/24_storypic'
13.7619 	EXP 	text: autoDraw = True
13.7619 	EXP 	image_2: autoDraw = True
14.5479 	DATA 	Keypress: 9
14.5487 	EXP 	New trial (rep=0, index=1): OrderedDict([('count', 1)])
14.5796 	EXP 	text: autoDraw = False
14.5796 	EXP 	image_2: autoDraw = False
14.5796 	EXP 	text_4: text = 'Airport Customer Experience Manager'
14.5796 	EXP 	image: image = 'jobphotos/acem.jpg'
14.5796 	EXP 	text_4: autoDraw = True
14.5796 	EXP 	image: autoDraw = True
14.5796 	EXP 	text_5: autoDraw = True
15.6311 	DATA 	Keypress: space
15.6359 	EXP 	Imported story_xlsx_files/42.xlsx as conditions, 2 conditions, 1 params
15.6361 	EXP 	Created sequence: sequential, trialTypes=2, nReps=1, seed=None
15.6363 	EXP 	New trial (rep=0, index=0): OrderedDict([('storyText', 42)])
15.6382 	WARNING 	Requested image 'storypics/42_storypic' not found but similar filename 'storypics/42_storypic.jpg' exists. This will be used instead but changing the filename is advised.
15.6634 	EXP 	text_4: autoDraw = False
15.6634 	EXP 	image: autoDraw = False
15.6634 	EXP 	text_5: autoDraw = False
15.6634 	EXP 	text: text = 42
15.6634 	EXP 	image_2: image = 'storypics/42_storypic'
15.6634 	EXP 	text: autoDraw = True
15.6634 	EXP 	image_2: autoDraw = True
16.0652 	DATA 	Keypress: 1
16.0661 	EXP 	New trial (rep=0, index=1): OrderedDict([('storyText', 'Airport Meet Cute')])
16.0708 	WARNING 	Requested image 'storypics/42_storypic' not found but similar filename 'storypics/42_storypic.jpg' exists. This will be used instead but changing the filename is advised.
16.0969 	EXP 	text: autoDraw = False
16.0969 	EXP 	image_2: autoDraw = False
16.0969 	EXP 	text: text = 'Airport Meet Cute'
16.0969 	EXP 	image_2: image = 'storypics/42_storypic'
16.0969 	EXP 	text: autoDraw = True
16.0969 	EXP 	image_2: autoDraw = True
16.7973 	DATA 	Keypress: 9
16.7980 	EXP 	New trial (rep=0, index=2): OrderedDict([('count', 2)])
16.8293 	EXP 	text: autoDraw = False
16.8293 	EXP 	image_2: autoDraw = False
16.8293 	EXP 	text_4: text = 'Business Reporter'
16.8293 	EXP 	image: image = 'jobphotos/business_reporter.jpg'
16.8293 	EXP 	text_4: autoDraw = True
16.8293 	EXP 	image: autoDraw = True
16.8293 	EXP 	text_5: autoDraw = True
17.6643 	DATA 	Keypress: space
17.6692 	EXP 	Imported story_xlsx_files/31.xlsx as conditions, 2 conditions, 1 params
17.6693 	EXP 	Created sequence: sequential, trialTypes=2, nReps=1, seed=None
17.6695 	EXP 	New trial (rep=0, index=0): OrderedDict([('storyText', 31)])
17.6726 	WARNING 	Requested image 'storypics/31_storypic' not found but similar filename 'storypics/31_storypic.jpg' exists. This will be used instead but changing the filename is advised.
17.6961 	EXP 	text_4: autoDraw = False
17.6961 	EXP 	image: autoDraw = False
17.6961 	EXP 	text_5: autoDraw = False
17.6961 	EXP 	text: text = 31
17.6961 	EXP 	image_2: image = 'storypics/31_storypic'
17.6961 	EXP 	text: autoDraw = True
17.6961 	EXP 	image_2: autoDraw = True
18.2146 	DATA 	Keypress: 9
18.2305 	EXP 	New trial (rep=0, index=1): OrderedDict([('storyText', 'Restaurant Business Deal')])
18.2363 	WARNING 	Requested image 'storypics/31_storypic' not found but similar filename 'storypics/31_storypic.jpg' exists. This will be used instead but changing the filename is advised.
18.2630 	EXP 	text: autoDraw = False
18.2630 	EXP 	image_2: autoDraw = False
18.2630 	EXP 	text: text = 'Restaurant Business Deal'
18.2630 	EXP 	image_2: image = 'storypics/31_storypic'
18.2630 	EXP 	text: autoDraw = True
18.2630 	EXP 	image_2: autoDraw = True
18.7808 	DATA 	Keypress: 9
18.7816 	EXP 	New trial (rep=0, index=3): OrderedDict([('count', 3)])
18.8133 	EXP 	text: autoDraw = False
18.8133 	EXP 	image_2: autoDraw = False
18.8133 	EXP 	text_4: text = 'Wedding Planner'
18.8133 	EXP 	image: image = 'jobphotos/weddingplanner.jpg'
18.8133 	EXP 	text_4: autoDraw = True
18.8133 	EXP 	image: autoDraw = True
18.8133 	EXP 	text_5: autoDraw = True
19.5492 	DATA 	Keypress: space
19.5544 	EXP 	Imported story_xlsx_files/22.xlsx as conditions, 2 conditions, 1 params
19.5546 	EXP 	Created sequence: sequential, trialTypes=2, nReps=1, seed=None
19.5548 	EXP 	New trial (rep=0, index=0): OrderedDict([('storyText', 22)])
19.5569 	WARNING 	Requested image 'storypics/22_storypic' not found but similar filename 'storypics/22_storypic.jpg' exists. This will be used instead but changing the filename is advised.
19.5812 	EXP 	text_4: autoDraw = False
19.5812 	EXP 	image: autoDraw = False
19.5812 	EXP 	text_5: autoDraw = False
19.5812 	EXP 	text: text = 22
19.5812 	EXP 	image_2: image = 'storypics/22_storypic'
19.5812 	EXP 	text: autoDraw = True
19.5812 	EXP 	image_2: autoDraw = True
20.2330 	DATA 	Keypress: 9
20.2338 	EXP 	New trial (rep=0, index=1): OrderedDict([('storyText', 'Airport Proposal')])
20.2375 	WARNING 	Requested image 'storypics/22_storypic' not found but similar filename 'storypics/22_storypic.jpg' exists. This will be used instead but changing the filename is advised.
20.2641 	EXP 	text: autoDraw = False
20.2641 	EXP 	image_2: autoDraw = False
20.2641 	EXP 	text: text = 'Airport Proposal'
20.2641 	EXP 	image_2: image = 'storypics/22_storypic'
20.2641 	EXP 	text: autoDraw = True
20.2641 	EXP 	image_2: autoDraw = True
20.4159 	DATA 	Keypress: 9
20.4166 	EXP 	New trial (rep=0, index=4): OrderedDict([('count', 4)])
20.4480 	EXP 	text: autoDraw = False
20.4480 	EXP 	image_2: autoDraw = False
20.4480 	EXP 	text_4: text = 'Couples Therapist'
20.4480 	EXP 	image: image = 'jobphotos/weddingplanner.jpg'
20.4480 	EXP 	text_4: autoDraw = True
20.4480 	EXP 	image: autoDraw = True
20.4480 	EXP 	text_5: autoDraw = True
20.5498 	DATA 	Keypress: 9
20.7161 	DATA 	Keypress: 9
20.8832 	DATA 	Keypress: 9
21.0988 	DATA 	Keypress: space
21.1036 	EXP 	Imported story_xlsx_files/13.xlsx as conditions, 2 conditions, 1 params
21.1038 	EXP 	Created sequence: sequential, trialTypes=2, nReps=1, seed=None
21.1040 	EXP 	New trial (rep=0, index=0): OrderedDict([('storyText', 13)])
21.1059 	WARNING 	Requested image 'storypics/13_storypic' not found but similar filename 'storypics/13_storypic.jpg' exists. This will be used instead but changing the filename is advised.
21.1318 	EXP 	text_4: autoDraw = False
21.1318 	EXP 	image: autoDraw = False
21.1318 	EXP 	text_5: autoDraw = False
21.1318 	EXP 	text: text = 13
21.1318 	EXP 	image_2: image = 'storypics/13_storypic'
21.1318 	EXP 	text: autoDraw = True
21.1318 	EXP 	image_2: autoDraw = True
21.3989 	DATA 	Keypress: 9
21.3997 	EXP 	New trial (rep=0, index=1): OrderedDict([('storyText', 'Grocery Shopping Breakup')])
21.4092 	WARNING 	Requested image 'storypics/13_storypic' not found but similar filename 'storypics/13_storypic.jpg' exists. This will be used instead but changing the filename is advised.
21.4317 	EXP 	text: autoDraw = False
21.4317 	EXP 	image_2: autoDraw = False
21.4317 	EXP 	text: text = 'Grocery Shopping Breakup'
21.4317 	EXP 	image_2: image = 'storypics/13_storypic'
21.4317 	EXP 	text: autoDraw = True
21.4317 	EXP 	image_2: autoDraw = True
21.5659 	DATA 	Keypress: 9
21.5667 	EXP 	New trial (rep=0, index=5): OrderedDict([('count', 5)])
21.5974 	EXP 	text: autoDraw = False
21.5974 	EXP 	image_2: autoDraw = False
21.5974 	EXP 	text_4: text = 'Restaurant Critic'
21.5974 	EXP 	image: image = 'jobphotos/restaurant_critic.jpg'
21.5974 	EXP 	text_4: autoDraw = True
21.5974 	EXP 	image: autoDraw = True
21.5974 	EXP 	text_5: autoDraw = True
21.7156 	DATA 	Keypress: 9
21.8659 	DATA 	Keypress: 9
22.0830 	DATA 	Keypress: space
22.0876 	EXP 	Imported story_xlsx_files/11.xlsx as conditions, 2 conditions, 1 params
22.0878 	EXP 	Created sequence: sequential, trialTypes=2, nReps=1, seed=None
22.0880 	EXP 	New trial (rep=0, index=0): OrderedDict([('storyText', 11)])
22.0900 	WARNING 	Requested image 'storypics/11_storypic' not found but similar filename 'storypics/11_storypic.jpg' exists. This will be used instead but changing the filename is advised.
22.1142 	EXP 	text_4: autoDraw = False
22.1142 	EXP 	image: autoDraw = False
22.1142 	EXP 	text_5: autoDraw = False
22.1142 	EXP 	text: text = 11
22.1142 	EXP 	image_2: image = 'storypics/11_storypic'
22.1142 	EXP 	text: autoDraw = True
22.1142 	EXP 	image_2: autoDraw = True
22.4499 	DATA 	Keypress: 9
22.4508 	EXP 	New trial (rep=0, index=1): OrderedDict([('storyText', 'Restaurant- Breakup')])
22.4577 	WARNING 	Requested image 'storypics/11_storypic' not found but similar filename 'storypics/11_storypic.jpg' exists. This will be used instead but changing the filename is advised.
22.4808 	EXP 	text: autoDraw = False
22.4808 	EXP 	image_2: autoDraw = False
22.4808 	EXP 	text: text = 'Restaurant- Breakup'
22.4808 	EXP 	image_2: image = 'storypics/11_storypic'
22.4808 	EXP 	text: autoDraw = True
22.4808 	EXP 	image_2: autoDraw = True
22.7159 	DATA 	Keypress: 9
22.7166 	EXP 	New trial (rep=0, index=6): OrderedDict([('count', 6)])
22.7482 	EXP 	text: autoDraw = False
22.7482 	EXP 	image_2: autoDraw = False
22.7482 	EXP 	text_4: text = 'Matchmaker'
22.7482 	EXP 	image: image = 'jobphotos/matchmaker.jpg'
22.7482 	EXP 	text_4: autoDraw = True
22.7482 	EXP 	image: autoDraw = True
22.7482 	EXP 	text_5: autoDraw = True
23.0660 	DATA 	Keypress: space
23.0750 	EXP 	Imported story_xlsx_files/44.xlsx as conditions, 2 conditions, 1 params
23.0752 	EXP 	Created sequence: sequential, trialTypes=2, nReps=1, seed=None
23.0754 	EXP 	New trial (rep=0, index=0): OrderedDict([('storyText', 44)])
23.0776 	WARNING 	Requested image 'storypics/44_storypic' not found but similar filename 'storypics/44_storypic.jpg' exists. This will be used instead but changing the filename is advised.
23.0985 	EXP 	text_4: autoDraw = False
23.0985 	EXP 	image: autoDraw = False
23.0985 	EXP 	text_5: autoDraw = False
23.0985 	EXP 	text: text = 44
23.0985 	EXP 	image_2: image = 'storypics/44_storypic'
23.0985 	EXP 	text: autoDraw = True
23.0985 	EXP 	image_2: autoDraw = True
23.2825 	DATA 	Keypress: 9
23.2833 	EXP 	New trial (rep=0, index=1): OrderedDict([('storyText', 'Attending a Lecture Meet Cute')])
23.2888 	WARNING 	Requested image 'storypics/44_storypic' not found but similar filename 'storypics/44_storypic.jpg' exists. This will be used instead but changing the filename is advised.
23.3146 	EXP 	text: autoDraw = False
23.3146 	EXP 	image_2: autoDraw = False
23.3146 	EXP 	text: text = 'Attending a Lecture Meet Cute'
23.3146 	EXP 	image_2: image = 'storypics/44_storypic'
23.3146 	EXP 	text: autoDraw = True
23.3146 	EXP 	image_2: autoDraw = True
23.4666 	DATA 	Keypress: 9
23.4674 	EXP 	New trial (rep=0, index=7): OrderedDict([('count', 7)])
23.4987 	EXP 	text: autoDraw = False
23.4987 	EXP 	image_2: autoDraw = False
23.4987 	EXP 	text_4: text = 'Grocery Store Customer Experience Manager'
23.4987 	EXP 	image: image = 'jobphotos/gscem.jpg'
23.4987 	EXP 	text_4: autoDraw = True
23.4987 	EXP 	image: autoDraw = True
23.4987 	EXP 	text_5: autoDraw = True
23.6165 	DATA 	Keypress: 9
23.8665 	DATA 	Keypress: space
23.8714 	EXP 	Imported story_xlsx_files/33.xlsx as conditions, 2 conditions, 1 params
23.8716 	EXP 	Created sequence: sequential, trialTypes=2, nReps=1, seed=None
23.8718 	EXP 	New trial (rep=0, index=0): OrderedDict([('storyText', 33)])
23.8737 	WARNING 	Requested image 'storypics/33_storypic' not found but similar filename 'storypics/33_storypic.jpg' exists. This will be used instead but changing the filename is advised.
23.8986 	EXP 	text_4: autoDraw = False
23.8986 	EXP 	image: autoDraw = False
23.8986 	EXP 	text_5: autoDraw = False
23.8986 	EXP 	text: text = 33
23.8986 	EXP 	image_2: image = 'storypics/33_storypic'
23.8986 	EXP 	text: autoDraw = True
23.8986 	EXP 	image_2: autoDraw = True
24.0833 	DATA 	Keypress: 9
24.0841 	EXP 	New trial (rep=0, index=1): OrderedDict([('storyText', 'Grocery Shopping Business Deal')])
24.0920 	WARNING 	Requested image 'storypics/33_storypic' not found but similar filename 'storypics/33_storypic.jpg' exists. This will be used instead but changing the filename is advised.
24.1159 	EXP 	text: autoDraw = False
24.1159 	EXP 	image_2: autoDraw = False
24.1159 	EXP 	text: text = 'Grocery Shopping Business Deal'
24.1159 	EXP 	image_2: image = 'storypics/33_storypic'
24.1159 	EXP 	text: autoDraw = True
24.1159 	EXP 	image_2: autoDraw = True
24.2836 	DATA 	Keypress: 9
24.2845 	EXP 	New trial (rep=0, index=8): OrderedDict([('count', 8)])
24.3161 	EXP 	text: autoDraw = False
24.3161 	EXP 	image_2: autoDraw = False
24.3161 	EXP 	text_4: text = 'Wedding Planner'
24.3161 	EXP 	image: image = 'jobphotos/weddingplanner.jpg'
24.3161 	EXP 	text_4: autoDraw = True
24.3161 	EXP 	image: autoDraw = True
24.3161 	EXP 	text_5: autoDraw = True
24.4511 	DATA 	Keypress: 9
24.6338 	DATA 	Keypress: space
24.6384 	EXP 	Imported story_xlsx_files/21.xlsx as conditions, 2 conditions, 1 params
24.6386 	EXP 	Created sequence: sequential, trialTypes=2, nReps=1, seed=None
24.6388 	EXP 	New trial (rep=0, index=0): OrderedDict([('storyText', 21)])
24.6412 	WARNING 	Requested image 'storypics/21_storypic' not found but similar filename 'storypics/21_storypic.jpg' exists. This will be used instead but changing the filename is advised.
24.6654 	EXP 	text_4: autoDraw = False
24.6654 	EXP 	image: autoDraw = False
24.6654 	EXP 	text_5: autoDraw = False
24.6654 	EXP 	text: text = 21
24.6654 	EXP 	image_2: image = 'storypics/21_storypic'
24.6654 	EXP 	text: autoDraw = True
24.6654 	EXP 	image_2: autoDraw = True
24.8185 	DATA 	Keypress: 9
24.8336 	EXP 	New trial (rep=0, index=1): OrderedDict([('storyText', 'Restaurant Proposal')])
24.8380 	WARNING 	Requested image 'storypics/21_storypic' not found but similar filename 'storypics/21_storypic.jpg' exists. This will be used instead but changing the filename is advised.
24.8663 	EXP 	text: autoDraw = False
24.8663 	EXP 	image_2: autoDraw = False
24.8663 	EXP 	text: text = 'Restaurant Proposal'
24.8663 	EXP 	image_2: image = 'storypics/21_storypic'
24.8663 	EXP 	text: autoDraw = True
24.8663 	EXP 	image_2: autoDraw = True
25.0008 	DATA 	Keypress: 9
25.0016 	EXP 	New trial (rep=0, index=9): OrderedDict([('count', 9)])
25.0330 	EXP 	text: autoDraw = False
25.0330 	EXP 	image_2: autoDraw = False
25.0330 	EXP 	text_4: text = 'Dean of Academic Studies'
25.0330 	EXP 	image: image = 'jobphotos/dean.jpg'
25.0330 	EXP 	text_4: autoDraw = True
25.0330 	EXP 	image: autoDraw = True
25.0330 	EXP 	text_5: autoDraw = True
25.1679 	DATA 	Keypress: 9
25.3342 	DATA 	Keypress: space
25.3388 	EXP 	Imported story_xlsx_files/34.xlsx as conditions, 2 conditions, 1 params
25.3390 	EXP 	Created sequence: sequential, trialTypes=2, nReps=1, seed=None
25.3392 	EXP 	New trial (rep=0, index=0): OrderedDict([('storyText', 34)])
25.3418 	WARNING 	Requested image 'storypics/34_storypic' not found but similar filename 'storypics/34_storypic.jpg' exists. This will be used instead but changing the filename is advised.
25.3663 	EXP 	text_4: autoDraw = False
25.3663 	EXP 	image: autoDraw = False
25.3663 	EXP 	text_5: autoDraw = False
25.3663 	EXP 	text: text = 34
25.3663 	EXP 	image_2: image = 'storypics/34_storypic'
25.3663 	EXP 	text: autoDraw = True
25.3663 	EXP 	image_2: autoDraw = True
25.5345 	DATA 	Keypress: 9
25.5353 	EXP 	New trial (rep=0, index=1): OrderedDict([('storyText', 'Attending a Lecture Business Deal')])
25.5413 	WARNING 	Requested image 'storypics/34_storypic' not found but similar filename 'storypics/34_storypic.jpg' exists. This will be used instead but changing the filename is advised.
25.5665 	EXP 	text: autoDraw = False
25.5665 	EXP 	image_2: autoDraw = False
25.5665 	EXP 	text: text = 'Attending a Lecture Business Deal'
25.5665 	EXP 	image_2: image = 'storypics/34_storypic'
25.5665 	EXP 	text: autoDraw = True
25.5665 	EXP 	image_2: autoDraw = True
25.7187 	DATA 	Keypress: 1
25.7339 	EXP 	New trial (rep=0, index=10): OrderedDict([('count', 10)])
25.7664 	EXP 	text: autoDraw = False
25.7664 	EXP 	image_2: autoDraw = False
25.7664 	EXP 	text_4: text = 'Airport Customer Experience Manager'
25.7664 	EXP 	image: image = 'jobphotos/acem.jpg'
25.7664 	EXP 	text_4: autoDraw = True
25.7664 	EXP 	image: autoDraw = True
25.7664 	EXP 	text_5: autoDraw = True
25.9509 	DATA 	Keypress: 1
26.2028 	DATA 	Keypress: space
26.2212 	EXP 	Imported story_xlsx_files/12.xlsx as conditions, 2 conditions, 1 params
26.2214 	EXP 	Created sequence: sequential, trialTypes=2, nReps=1, seed=None
26.2216 	EXP 	New trial (rep=0, index=0): OrderedDict([('storyText', 12)])
26.2242 	WARNING 	Requested image 'storypics/12_storypic' not found but similar filename 'storypics/12_storypic.jpg' exists. This will be used instead but changing the filename is advised.
26.2498 	EXP 	text_4: autoDraw = False
26.2498 	EXP 	image: autoDraw = False
26.2498 	EXP 	text_5: autoDraw = False
26.2498 	EXP 	text: text = 12
26.2498 	EXP 	image_2: image = 'storypics/12_storypic'
26.2498 	EXP 	text: autoDraw = True
26.2498 	EXP 	image_2: autoDraw = True
26.4674 	DATA 	Keypress: 1
26.4683 	EXP 	New trial (rep=0, index=1): OrderedDict([('storyText', 'Airport Breakup')])
26.4730 	WARNING 	Requested image 'storypics/12_storypic' not found but similar filename 'storypics/12_storypic.jpg' exists. This will be used instead but changing the filename is advised.
26.4998 	EXP 	text: autoDraw = False
26.4998 	EXP 	image_2: autoDraw = False
26.4998 	EXP 	text: text = 'Airport Breakup'
26.4998 	EXP 	image_2: image = 'storypics/12_storypic'
26.4998 	EXP 	text: autoDraw = True
26.4998 	EXP 	image_2: autoDraw = True
26.6677 	DATA 	Keypress: 1
26.6684 	EXP 	New trial (rep=0, index=11): OrderedDict([('count', 11)])
26.7001 	EXP 	text: autoDraw = False
26.7001 	EXP 	image_2: autoDraw = False
26.7001 	EXP 	text_4: text = 'Couples Therapist'
26.7001 	EXP 	image: image = 'jobphotos/acem.jpg'
26.7001 	EXP 	text_4: autoDraw = True
26.7001 	EXP 	image: autoDraw = True
26.7001 	EXP 	text_5: autoDraw = True
27.0513 	DATA 	Keypress: space
27.0561 	EXP 	Imported story_xlsx_files/14.xlsx as conditions, 2 conditions, 1 params
27.0563 	EXP 	Created sequence: sequential, trialTypes=2, nReps=1, seed=None
27.0565 	EXP 	New trial (rep=0, index=0): OrderedDict([('storyText', 14)])
27.0589 	WARNING 	Requested image 'storypics/14_storypic' not found but similar filename 'storypics/14_storypic.jpg' exists. This will be used instead but changing the filename is advised.
27.1097 	EXP 	text_4: autoDraw = False
27.1097 	EXP 	image: autoDraw = False
27.1097 	EXP 	text_5: autoDraw = False
27.1097 	EXP 	text: text = 14
27.1097 	EXP 	image_2: image = 'storypics/14_storypic'
27.1097 	EXP 	text: autoDraw = True
27.1097 	EXP 	image_2: autoDraw = True
27.2344 	DATA 	Keypress: 1
27.2352 	EXP 	New trial (rep=0, index=1): OrderedDict([('storyText', 'Attending a Lecture Breakup')])
27.2408 	WARNING 	Requested image 'storypics/14_storypic' not found but similar filename 'storypics/14_storypic.jpg' exists. This will be used instead but changing the filename is advised.
27.2665 	EXP 	text: autoDraw = False
27.2665 	EXP 	image_2: autoDraw = False
27.2665 	EXP 	text: text = 'Attending a Lecture Breakup'
27.2665 	EXP 	image_2: image = 'storypics/14_storypic'
27.2665 	EXP 	text: autoDraw = True
27.2665 	EXP 	image_2: autoDraw = True
27.4348 	DATA 	Keypress: 1
27.4355 	EXP 	New trial (rep=0, index=12): OrderedDict([('count', 12)])
27.4663 	EXP 	text: autoDraw = False
27.4663 	EXP 	image_2: autoDraw = False
27.4663 	EXP 	text_4: text = 'Matchmaker'
27.4663 	EXP 	image: image = 'jobphotos/matchmaker.jpg'
27.4663 	EXP 	text_4: autoDraw = True
27.4663 	EXP 	image: autoDraw = True
27.4663 	EXP 	text_5: autoDraw = True
27.6012 	DATA 	Keypress: 1
27.9014 	DATA 	Keypress: 1
28.1679 	DATA 	Keypress: 9
28.5678 	DATA 	Keypress: space
28.5771 	EXP 	Imported story_xlsx_files/43.xlsx as conditions, 2 conditions, 1 params
28.5772 	EXP 	Created sequence: sequential, trialTypes=2, nReps=1, seed=None
28.5774 	EXP 	New trial (rep=0, index=0): OrderedDict([('storyText', 43)])
28.5800 	WARNING 	Requested image 'storypics/43_storypic' not found but similar filename 'storypics/43_storypic.jpg' exists. This will be used instead but changing the filename is advised.
28.6010 	EXP 	text_4: autoDraw = False
28.6010 	EXP 	image: autoDraw = False
28.6010 	EXP 	text_5: autoDraw = False
28.6010 	EXP 	text: text = 43
28.6010 	EXP 	image_2: image = 'storypics/43_storypic'
28.6010 	EXP 	text: autoDraw = True
28.6010 	EXP 	image_2: autoDraw = True
29.0353 	DATA 	Keypress: 1
29.0361 	EXP 	New trial (rep=0, index=1): OrderedDict([('storyText', 'Grocery Shopping Meet Cute')])
29.0436 	WARNING 	Requested image 'storypics/43_storypic' not found but similar filename 'storypics/43_storypic.jpg' exists. This will be used instead but changing the filename is advised.
29.0679 	EXP 	text: autoDraw = False
29.0679 	EXP 	image_2: autoDraw = False
29.0679 	EXP 	text: text = 'Grocery Shopping Meet Cute'
29.0679 	EXP 	image_2: image = 'storypics/43_storypic'
29.0679 	EXP 	text: autoDraw = True
29.0679 	EXP 	image_2: autoDraw = True
29.1850 	DATA 	Keypress: 9
29.1857 	EXP 	New trial (rep=0, index=13): OrderedDict([('count', 13)])
29.2176 	EXP 	text: autoDraw = False
29.2176 	EXP 	image_2: autoDraw = False
29.2176 	EXP 	text_4: text = 'Business Reporter'
29.2176 	EXP 	image: image = 'jobphotos/business_reporter.jpg'
29.2176 	EXP 	text_4: autoDraw = True
29.2176 	EXP 	image: autoDraw = True
29.2176 	EXP 	text_5: autoDraw = True
29.5351 	DATA 	Keypress: space
29.5406 	EXP 	Imported story_xlsx_files/32.xlsx as conditions, 2 conditions, 1 params
29.5407 	EXP 	Created sequence: sequential, trialTypes=2, nReps=1, seed=None
29.5409 	EXP 	New trial (rep=0, index=0): OrderedDict([('storyText', 32)])
29.5434 	WARNING 	Requested image 'storypics/32_storypic' not found but similar filename 'storypics/32_storypic.jpg' exists. This will be used instead but changing the filename is advised.
29.5678 	EXP 	text_4: autoDraw = False
29.5678 	EXP 	image: autoDraw = False
29.5678 	EXP 	text_5: autoDraw = False
29.5678 	EXP 	text: text = 32
29.5678 	EXP 	image_2: image = 'storypics/32_storypic'
29.5678 	EXP 	text: autoDraw = True
29.5678 	EXP 	image_2: autoDraw = True
29.8189 	DATA 	Keypress: 1
29.8197 	EXP 	New trial (rep=0, index=1): OrderedDict([('storyText', 'Airport Business Deal')])
29.8249 	WARNING 	Requested image 'storypics/32_storypic' not found but similar filename 'storypics/32_storypic.jpg' exists. This will be used instead but changing the filename is advised.
29.8505 	EXP 	text: autoDraw = False
29.8505 	EXP 	image_2: autoDraw = False
29.8505 	EXP 	text: text = 'Airport Business Deal'
29.8505 	EXP 	image_2: image = 'storypics/32_storypic'
29.8505 	EXP 	text: autoDraw = True
29.8505 	EXP 	image_2: autoDraw = True
29.9359 	DATA 	Keypress: 9
29.9366 	EXP 	New trial (rep=0, index=14): OrderedDict([('count', 14)])
29.9671 	EXP 	text: autoDraw = False
29.9671 	EXP 	image_2: autoDraw = False
29.9671 	EXP 	text_4: text = 'Restaurant Critic'
29.9671 	EXP 	image: image = 'jobphotos/restaurant_critic.jpg'
29.9671 	EXP 	text_4: autoDraw = True
29.9671 	EXP 	image: autoDraw = True
29.9671 	EXP 	text_5: autoDraw = True
30.3351 	DATA 	Keypress: space
30.3401 	EXP 	Imported story_xlsx_files/41.xlsx as conditions, 2 conditions, 1 params
30.3402 	EXP 	Created sequence: sequential, trialTypes=2, nReps=1, seed=None
30.3404 	EXP 	New trial (rep=0, index=0): OrderedDict([('storyText', 41)])
30.3429 	WARNING 	Requested image 'storypics/41_storypic' not found but similar filename 'storypics/41_storypic.jpg' exists. This will be used instead but changing the filename is advised.
30.3671 	EXP 	text_4: autoDraw = False
30.3671 	EXP 	image: autoDraw = False
30.3671 	EXP 	text_5: autoDraw = False
30.3671 	EXP 	text: text = 41
30.3671 	EXP 	image_2: image = 'storypics/41_storypic'
30.3671 	EXP 	text: autoDraw = True
30.3671 	EXP 	image_2: autoDraw = True
30.7697 	DATA 	Keypress: 1
30.7848 	EXP 	New trial (rep=0, index=1): OrderedDict([('storyText', 'Restaurant Meet Cute')])
30.7901 	WARNING 	Requested image 'storypics/41_storypic' not found but similar filename 'storypics/41_storypic.jpg' exists. This will be used instead but changing the filename is advised.
30.8181 	EXP 	text: autoDraw = False
30.8181 	EXP 	image_2: autoDraw = False
30.8181 	EXP 	text: text = 'Restaurant Meet Cute'
30.8181 	EXP 	image_2: image = 'storypics/41_storypic'
30.8181 	EXP 	text: autoDraw = True
30.8181 	EXP 	image_2: autoDraw = True
30.8854 	DATA 	Keypress: 9
30.8862 	EXP 	New trial (rep=0, index=15): OrderedDict([('count', 15)])
30.9171 	EXP 	text: autoDraw = False
30.9171 	EXP 	image_2: autoDraw = False
30.9171 	EXP 	text_4: text = 'Grocery Store Customer Experience Manager'
30.9171 	EXP 	image: image = 'jobphotos/gscem.jpg'
30.9171 	EXP 	text_4: autoDraw = True
30.9171 	EXP 	image: autoDraw = True
30.9171 	EXP 	text_5: autoDraw = True
31.3351 	DATA 	Keypress: space
31.3399 	EXP 	Imported story_xlsx_files/23.xlsx as conditions, 2 conditions, 1 params
31.3401 	EXP 	Created sequence: sequential, trialTypes=2, nReps=1, seed=None
31.3403 	EXP 	New trial (rep=0, index=0): OrderedDict([('storyText', 23)])
31.3428 	WARNING 	Requested image 'storypics/23_storypic' not found but similar filename 'storypics/23_storypic.jpg' exists. This will be used instead but changing the filename is advised.
31.3671 	EXP 	text_4: autoDraw = False
31.3671 	EXP 	image: autoDraw = False
31.3671 	EXP 	text_5: autoDraw = False
31.3671 	EXP 	text: text = 23
31.3671 	EXP 	image_2: image = 'storypics/23_storypic'
31.3671 	EXP 	text: autoDraw = True
31.3671 	EXP 	image_2: autoDraw = True
31.7530 	DATA 	Keypress: 1
31.7538 	EXP 	New trial (rep=0, index=1): OrderedDict([('storyText', 'Grocery shopping Proposal')])
31.7604 	WARNING 	Requested image 'storypics/23_storypic' not found but similar filename 'storypics/23_storypic.jpg' exists. This will be used instead but changing the filename is advised.
31.7840 	EXP 	text: autoDraw = False
31.7840 	EXP 	image_2: autoDraw = False
31.7840 	EXP 	text: text = 'Grocery shopping Proposal'
31.7840 	EXP 	image_2: image = 'storypics/23_storypic'
31.7840 	EXP 	text: autoDraw = True
31.7840 	EXP 	image_2: autoDraw = True
31.8856 	DATA 	Keypress: 9
32.1681 	EXP 	window1: mouseVisible = True
