4.1406 	WARNING 	User requested fullscreen with size [1024  768], but screen is actually [2560, 1440]. Using actual size
4.8288 	EXP 	Created window1 = Window(allowGUI=False, allowStencil=False, args=UNKNOWN, autoLog=True, bitsMode=UNKNOWN, blendMode='avg', color=array([0., 0., 0.]), colorSpace='rgb', fullscr=<method-wrapper '__getattribute__' of attributeSetter object at 0x125718cc0>, gamma=None, kwargs=UNKNOWN, lms=UNKNOWN, monitor=<psychopy.monitors.calibTools.Monitor object at 0x127239400>, multiSample=False, name='window1', numSamples=2, pos=[0.0, 0.0], screen=0, size=array([5120, 2880]), stereo=False, units='norm', useFBO=True, useRetina=True, viewOri=0.0, viewPos=None, viewScale=None, waitBlanking=True, winType='pyglet')
4.8289 	EXP 	window1: recordFrameIntervals = False
4.9948 	EXP 	window1: recordFrameIntervals = True
5.1781 	EXP 	window1: recordFrameIntervals = False
5.2435 	EXP 	Created text_4 = TextStim(__class__=<class 'psychopy.visual.text.TextStim'>, alignHoriz='center', alignVert='center', antialias=True, autoLog=True, bold=False, color='white', colorSpace='named', contrast=1.0, depth=-2.0, flipHoriz=False, flipVert=False, font='Arial', fontFiles=[], height=0.1, italic=False, languageStyle='LTR', name='text_4', opacity=1.0, ori=0, pos=array([0., 0.]), rgb=array([255., 255., 255.]), text='default text', units='norm', win=Window(...), wrapWidth=1)
5.2471 	EXP 	Created text = TextStim(__class__=<class 'psychopy.visual.text.TextStim'>, alignHoriz='center', alignVert='center', antialias=True, autoLog=True, bold=False, color='white', colorSpace='named', contrast=1.0, depth=-1.0, flipHoriz=False, flipVert=False, font='Arial', fontFiles=[], height=0.1, italic=False, languageStyle='LTR', name='text', opacity=1.0, ori=0, pos=array([0., 0.]), rgb=array([255., 255., 255.]), text='default text', units='norm', win=Window(...), wrapWidth=1)
5.2542 	EXP 	Imported count.xlsx as conditions, 16 conditions, 1 params
5.2545 	EXP 	Created sequence: sequential, trialTypes=16, nReps=1, seed=None
5.2547 	EXP 	New trial (rep=0, index=0): OrderedDict([('count', 0)])
5.2929 	EXP 	text_4: text = 'Grocery Store Customer Experience Manager'
5.2929 	EXP 	text_4: autoDraw = True
6.2155 	DATA 	Keypress: space
6.2291 	EXP 	text_4: autoDraw = False
6.2291 	EXP 	text: text = 'Grocery Shopping- Meet Cute'
6.2291 	EXP 	text: autoDraw = True
6.7648 	DATA 	Keypress: space
6.7653 	EXP 	New trial (rep=0, index=1): OrderedDict([('count', 1)])
6.7792 	EXP 	text: autoDraw = False
6.7792 	EXP 	text_4: text = 'Dean of Academic Studies'
6.7792 	EXP 	text_4: autoDraw = True
7.3812 	DATA 	Keypress: space
7.3967 	EXP 	text_4: autoDraw = False
7.3967 	EXP 	text: text = 'Attending a Lecture-Business Deal'
7.3967 	EXP 	text: autoDraw = True
8.7318 	DATA 	Keypress: space
8.7326 	EXP 	New trial (rep=0, index=2): OrderedDict([('count', 2)])
8.7468 	EXP 	text: autoDraw = False
8.7468 	EXP 	text_4: text = 'Couples Therapist'
8.7468 	EXP 	text_4: autoDraw = True
9.5314 	DATA 	Keypress: space
9.5468 	EXP 	text_4: autoDraw = False
9.5468 	EXP 	text: text = 'Grocery Shopping- Break up'
9.5468 	EXP 	text: autoDraw = True
11.9831 	DATA 	Keypress: space
11.9837 	EXP 	New trial (rep=0, index=3): OrderedDict([('count', 3)])
11.9983 	EXP 	text: autoDraw = False
11.9983 	EXP 	text_4: text = 'Wedding Planner'
11.9983 	EXP 	text_4: autoDraw = True
12.7488 	DATA 	Keypress: space
12.7648 	EXP 	text_4: autoDraw = False
12.7648 	EXP 	text: text = 'Attending a Lecture-Proposal'
12.7648 	EXP 	text: autoDraw = True
13.2990 	DATA 	Keypress: space
13.2995 	EXP 	New trial (rep=0, index=4): OrderedDict([('count', 4)])
13.3142 	EXP 	text: autoDraw = False
13.3142 	EXP 	text_4: text = 'Matchmaker'
13.3142 	EXP 	text_4: autoDraw = True
14.2670 	DATA 	Keypress: escape
14.5393 	EXP 	window1: mouseVisible = True
3.7444 	WARNING 	User requested fullscreen with size [1024  768], but screen is actually [2560, 1440]. Using actual size
4.4117 	EXP 	Created window1 = Window(allowGUI=False, allowStencil=False, args=UNKNOWN, autoLog=True, bitsMode=UNKNOWN, blendMode='avg', color=array([0., 0., 0.]), colorSpace='rgb', fullscr=<method-wrapper '__getattribute__' of attributeSetter object at 0x124509cc0>, gamma=None, kwargs=UNKNOWN, lms=UNKNOWN, monitor=<psychopy.monitors.calibTools.Monitor object at 0x127b28400>, multiSample=False, name='window1', numSamples=2, pos=[0.0, 0.0], screen=0, size=array([5120, 2880]), stereo=False, units='norm', useFBO=True, useRetina=True, viewOri=0.0, viewPos=None, viewScale=None, waitBlanking=True, winType='pyglet')
4.4117 	EXP 	window1: recordFrameIntervals = False
4.5779 	EXP 	window1: recordFrameIntervals = True
4.7611 	EXP 	window1: recordFrameIntervals = False
4.8280 	EXP 	Created text_4 = TextStim(__class__=<class 'psychopy.visual.text.TextStim'>, alignHoriz='center', alignVert='center', antialias=True, autoLog=True, bold=False, color='white', colorSpace='named', contrast=1.0, depth=-2.0, flipHoriz=False, flipVert=False, font='Arial', fontFiles=[], height=0.1, italic=False, languageStyle='LTR', name='text_4', opacity=1.0, ori=0, pos=array([0., 0.]), rgb=array([255., 255., 255.]), text='default text', units='norm', win=Window(...), wrapWidth=1)
4.8316 	EXP 	Created text = TextStim(__class__=<class 'psychopy.visual.text.TextStim'>, alignHoriz='center', alignVert='center', antialias=True, autoLog=True, bold=False, color='white', colorSpace='named', contrast=1.0, depth=-1.0, flipHoriz=False, flipVert=False, font='Arial', fontFiles=[], height=0.1, italic=False, languageStyle='LTR', name='text', opacity=1.0, ori=0, pos=array([0., 0.]), rgb=array([255., 255., 255.]), text='default text', units='norm', win=Window(...), wrapWidth=1)
4.8389 	EXP 	Imported count.xlsx as conditions, 16 conditions, 1 params
4.8391 	EXP 	Created sequence: sequential, trialTypes=16, nReps=1, seed=None
4.8394 	EXP 	New trial (rep=0, index=0): OrderedDict([('count', 0)])
4.8746 	EXP 	text_4: text = 'Dean of Academic Studies'
4.8746 	EXP 	text_4: autoDraw = True
6.7468 	DATA 	Keypress: space
6.7613 	EXP 	text_4: autoDraw = False
6.7613 	EXP 	text: text = 'Attending a Lecture-Meet Cute'
6.7613 	EXP 	text: autoDraw = True
8.0473 	DATA 	Keypress: space
8.0480 	EXP 	New trial (rep=0, index=1): OrderedDict([('count', 1)])
8.0620 	EXP 	text: autoDraw = False
8.0620 	EXP 	text_4: text = 'Airport Customer Experience Manager'
8.0620 	EXP 	text_4: autoDraw = True
12.4145 	DATA 	Keypress: space
12.4303 	EXP 	text_4: autoDraw = False
12.4303 	EXP 	text: text = 'Airport Breakup'
12.4303 	EXP 	text: autoDraw = True
13.6664 	DATA 	Keypress: space
13.6805 	EXP 	New trial (rep=0, index=2): OrderedDict([('count', 2)])
13.6976 	EXP 	text: autoDraw = False
13.6976 	EXP 	text_4: text = 'Business Reporter'
13.6976 	EXP 	text_4: autoDraw = True
15.1821 	DATA 	Keypress: space
15.1975 	EXP 	text_4: autoDraw = False
15.1975 	EXP 	text: text = 'Attending a Lecture-Business Deal'
15.1975 	EXP 	text: autoDraw = True
16.5487 	DATA 	Keypress: space
16.5493 	EXP 	New trial (rep=0, index=3): OrderedDict([('count', 3)])
16.5642 	EXP 	text: autoDraw = False
16.5642 	EXP 	text_4: text = 'Wedding Planner'
16.5642 	EXP 	text_4: autoDraw = True
17.6169 	DATA 	Keypress: space
17.6313 	EXP 	text_4: autoDraw = False
17.6313 	EXP 	text: text = 'Airport Proposal'
17.6313 	EXP 	text: autoDraw = True
18.4164 	DATA 	Keypress: space
18.4171 	EXP 	New trial (rep=0, index=4): OrderedDict([('count', 4)])
18.4323 	EXP 	text: autoDraw = False
18.4323 	EXP 	text_4: text = 'Matchmaker'
18.4323 	EXP 	text_4: autoDraw = True
19.0839 	DATA 	Keypress: space
19.0991 	EXP 	text_4: autoDraw = False
19.0991 	EXP 	text: text = 'Grocery Shopping- Meet Cute'
19.0991 	EXP 	text: autoDraw = True
19.8838 	DATA 	Keypress: space
19.8843 	EXP 	New trial (rep=0, index=5): OrderedDict([('count', 5)])
19.8986 	EXP 	text: autoDraw = False
19.8986 	EXP 	text_4: text = 'Couples Therapist'
19.8986 	EXP 	text_4: autoDraw = True
20.5173 	DATA 	Keypress: space
20.5316 	EXP 	text_4: autoDraw = False
20.5316 	EXP 	text: text = 'Restaurant Breakup'
20.5316 	EXP 	text: autoDraw = True
21.2838 	DATA 	Keypress: space
21.2845 	EXP 	New trial (rep=0, index=6): OrderedDict([('count', 6)])
21.2993 	EXP 	text: autoDraw = False
21.2993 	EXP 	text_4: text = 'Grocery Store Customer Experience Manager'
21.2993 	EXP 	text_4: autoDraw = True
22.3508 	DATA 	Keypress: space
22.3671 	EXP 	text_4: autoDraw = False
22.3671 	EXP 	text: text = 'Grocery Shopping- Business Deal'
22.3671 	EXP 	text: autoDraw = True
23.2852 	DATA 	Keypress: space
23.2858 	EXP 	New trial (rep=0, index=7): OrderedDict([('count', 7)])
23.3004 	EXP 	text: autoDraw = False
23.3004 	EXP 	text_4: text = ' Restaurant Critic'
23.3004 	EXP 	text_4: autoDraw = True
23.9688 	DATA 	Keypress: space
23.9840 	EXP 	text_4: autoDraw = False
23.9840 	EXP 	text: text = 'Restaurant Proposal'
23.9840 	EXP 	text: autoDraw = True
24.5357 	DATA 	Keypress: space
24.5363 	EXP 	New trial (rep=0, index=8): OrderedDict([('count', 8)])
24.5509 	EXP 	text: autoDraw = False
24.5509 	EXP 	text_4: text = 'Airport Customer Experience Manager'
24.5509 	EXP 	text_4: autoDraw = True
25.3680 	DATA 	Keypress: space
25.3834 	EXP 	text_4: autoDraw = False
25.3834 	EXP 	text: text = 'Airport Meet Cute'
25.3834 	EXP 	text: autoDraw = True
26.0682 	DATA 	Keypress: space
26.0688 	EXP 	New trial (rep=0, index=9): OrderedDict([('count', 9)])
26.0835 	EXP 	text: autoDraw = False
26.0835 	EXP 	text_4: text = 'Dean of Academic Studies'
26.0835 	EXP 	text_4: autoDraw = True
26.8691 	DATA 	Keypress: space
26.8833 	EXP 	text_4: autoDraw = False
26.8833 	EXP 	text: text = 'Attending a Lecture-Breakup'
26.8833 	EXP 	text: autoDraw = True
27.5031 	DATA 	Keypress: space
27.5037 	EXP 	New trial (rep=0, index=10): OrderedDict([('count', 10)])
27.5187 	EXP 	text: autoDraw = False
27.5187 	EXP 	text_4: text = 'Business Reporter'
27.5187 	EXP 	text_4: autoDraw = True
28.0700 	DATA 	Keypress: space
28.0856 	EXP 	text_4: autoDraw = False
28.0856 	EXP 	text: text = 'Airport Business Deal'
28.0856 	EXP 	text: autoDraw = True
28.3031 	DATA 	Keypress: space
28.3036 	EXP 	New trial (rep=0, index=11): OrderedDict([('count', 11)])
28.3185 	EXP 	text: autoDraw = False
28.3185 	EXP 	text_4: text = 'Wedding Planner'
28.3185 	EXP 	text_4: autoDraw = True
28.6202 	DATA 	Keypress: space
28.6348 	EXP 	text_4: autoDraw = False
28.6348 	EXP 	text: text = 'Attending a Lecture-Proposal'
28.6348 	EXP 	text: autoDraw = True
28.8536 	DATA 	Keypress: space
28.8543 	EXP 	New trial (rep=0, index=12): OrderedDict([('count', 12)])
28.8686 	EXP 	text: autoDraw = False
28.8686 	EXP 	text_4: text = 'Matchmaker'
28.8686 	EXP 	text_4: autoDraw = True
29.1532 	DATA 	Keypress: space
29.1690 	EXP 	text_4: autoDraw = False
29.1690 	EXP 	text: text = 'Restaurant Meet Cute'
29.1690 	EXP 	text: autoDraw = True
29.4193 	DATA 	Keypress: space
29.4200 	EXP 	New trial (rep=0, index=13): OrderedDict([('count', 13)])
29.4357 	EXP 	text: autoDraw = False
29.4357 	EXP 	text_4: text = 'Couples Therapist'
29.4357 	EXP 	text_4: autoDraw = True
29.6368 	DATA 	Keypress: space
29.6515 	EXP 	text_4: autoDraw = False
29.6515 	EXP 	text: text = 'Grocery Shopping- Break up'
29.6515 	EXP 	text: autoDraw = True
29.8532 	DATA 	Keypress: space
29.8538 	EXP 	New trial (rep=0, index=14): OrderedDict([('count', 14)])
29.8687 	EXP 	text: autoDraw = False
29.8687 	EXP 	text_4: text = 'Restaurant Critic'
29.8687 	EXP 	text_4: autoDraw = True
30.0365 	DATA 	Keypress: space
30.0523 	EXP 	text_4: autoDraw = False
30.0523 	EXP 	text: text = 'Restaurant Business Deal'
30.0523 	EXP 	text: autoDraw = True
30.2045 	DATA 	Keypress: space
30.2187 	EXP 	New trial (rep=0, index=15): OrderedDict([('count', 15)])
30.2358 	EXP 	text: autoDraw = False
30.2358 	EXP 	text_4: text = 'Grocery Store Customer Experience Manager'
30.2358 	EXP 	text_4: autoDraw = True
30.3704 	DATA 	Keypress: space
30.3856 	EXP 	text_4: autoDraw = False
30.3856 	EXP 	text: text = 'Grocery Shopping- Proposal'
30.3856 	EXP 	text: autoDraw = True
30.5534 	DATA 	Keypress: space
30.8333 	EXP 	window1: mouseVisible = True
