3.4285 	WARNING 	User requested fullscreen with size [1024  768], but screen is actually [2560, 1440]. Using actual size
4.0915 	EXP 	Created window1 = Window(allowGUI=False, allowStencil=False, args=UNKNOWN, autoLog=True, bitsMode=UNKNOWN, blendMode='avg', color=array([0., 0., 0.]), colorSpace='rgb', fullscr=<method-wrapper '__getattribute__' of attributeSetter object at 0x12404acf8>, gamma=None, kwargs=UNKNOWN, lms=UNKNOWN, monitor=<psychopy.monitors.calibTools.Monitor object at 0x127f29390>, multiSample=False, name='window1', numSamples=2, pos=[0.0, 0.0], screen=0, size=array([5120, 2880]), stereo=False, units='norm', useFBO=True, useRetina=True, viewOri=0.0, viewPos=None, viewScale=None, waitBlanking=True, winType='pyglet')
4.0916 	EXP 	window1: recordFrameIntervals = False
4.2582 	EXP 	window1: recordFrameIntervals = True
4.4409 	EXP 	window1: recordFrameIntervals = False
4.5085 	EXP 	Created text_4 = TextStim(__class__=<class 'psychopy.visual.text.TextStim'>, alignHoriz='center', alignVert='center', antialias=True, autoLog=True, bold=False, color='white', colorSpace='named', contrast=1.0, depth=-2.0, flipHoriz=False, flipVert=False, font='Arial', fontFiles=[], height=0.1, italic=False, languageStyle='LTR', name='text_4', opacity=1.0, ori=0, pos=array([0., 0.]), rgb=array([255., 255., 255.]), text='default text', units='norm', win=Window(...), wrapWidth=1)
4.5120 	EXP 	Created text = TextStim(__class__=<class 'psychopy.visual.text.TextStim'>, alignHoriz='center', alignVert='center', antialias=True, autoLog=True, bold=False, color='white', colorSpace='named', contrast=1.0, depth=-1.0, flipHoriz=False, flipVert=False, font='Arial', fontFiles=[], height=0.1, italic=False, languageStyle='LTR', name='text', opacity=1.0, ori=0, pos=array([0., 0.]), rgb=array([255., 255., 255.]), text='default text', units='norm', win=Window(...), wrapWidth=1)
4.5192 	EXP 	Imported count.xlsx as conditions, 16 conditions, 1 params
4.5194 	EXP 	Created sequence: sequential, trialTypes=16, nReps=1, seed=None
4.5196 	EXP 	New trial (rep=0, index=0): OrderedDict([('count', 0)])
4.5581 	EXP 	text_4: text = 'Grocery Store Customer Experience Manager'
4.5581 	EXP 	text_4: autoDraw = True
5.7436 	DATA 	Keypress: space
5.7575 	EXP 	text_4: autoDraw = False
5.7575 	EXP 	text: text = 'Grocery Shopping- Meet Cute'
5.7575 	EXP 	text: autoDraw = True
6.6099 	DATA 	Keypress: space
6.6105 	EXP 	New trial (rep=0, index=1): OrderedDict([('count', 1)])
6.6251 	EXP 	text: autoDraw = False
6.6251 	EXP 	text_4: text = 'Dean of Academic Studies'
6.6251 	EXP 	text_4: autoDraw = True
7.3442 	DATA 	Keypress: space
7.3599 	EXP 	text_4: autoDraw = False
7.3599 	EXP 	text: text = 'Attending a Lecture-Breakup'
7.3599 	EXP 	text: autoDraw = True
7.6946 	DATA 	Keypress: space
7.6952 	EXP 	New trial (rep=0, index=2): OrderedDict([('count', 2)])
7.7089 	EXP 	text: autoDraw = False
7.7089 	EXP 	text_4: text = 'Wedding Planner'
7.7089 	EXP 	text_4: autoDraw = True
7.8944 	DATA 	Keypress: space
7.9096 	EXP 	text_4: autoDraw = False
7.9096 	EXP 	text: text = 'Grocery Shopping- Proposal'
7.9096 	EXP 	text: autoDraw = True
8.2609 	DATA 	Keypress: escape
8.5334 	EXP 	window1: mouseVisible = True
