3.9488 	WARNING 	User requested fullscreen with size [1024  768], but screen is actually [2560, 1440]. Using actual size
4.6410 	EXP 	Created window1 = Window(allowGUI=False, allowStencil=False, args=UNKNOWN, autoLog=True, bitsMode=UNKNOWN, blendMode='avg', color=array([0., 0., 0.]), colorSpace='rgb', fullscr=<method-wrapper '__getattribute__' of attributeSetter object at 0x123deeda0>, gamma=None, kwargs=UNKNOWN, lms=UNKNOWN, monitor=<psychopy.monitors.calibTools.Monitor object at 0x1243649b0>, multiSample=False, name='window1', numSamples=2, pos=[0.0, 0.0], screen=0, size=array([5120, 2880]), stereo=False, units='norm', useFBO=True, useRetina=True, viewOri=0.0, viewPos=None, viewScale=None, waitBlanking=True, winType='pyglet')
4.6411 	EXP 	window1: recordFrameIntervals = False
4.8071 	EXP 	window1: recordFrameIntervals = True
4.9905 	EXP 	window1: recordFrameIntervals = False
5.0709 	EXP 	Created text_4 = TextStim(__class__=<class 'psychopy.visual.text.TextStim'>, alignHoriz='center', alignVert='center', antialias=True, autoLog=True, bold=False, color='white', colorSpace='named', contrast=1.0, depth=-1.0, flipHoriz=False, flipVert=False, font='Arial', fontFiles=[], height=0.1, italic=False, languageStyle='LTR', name='text_4', opacity=1.0, ori=0, pos=array([0., 0.]), rgb=array([255., 255., 255.]), text='default text', units='norm', win=Window(...), wrapWidth=1)
5.0726 	EXP 	Created image = ImageStim(__class__=<class 'psychopy.visual.image.ImageStim'>, autoLog=True, color=array([1., 1., 1.]), colorSpace='rgb', contrast=1.0, depth=-2.0, flipHoriz=False, flipVert=False, image='sin', interpolate=True, mask=None, maskParams=None, name='image', opacity=1.0, ori=0.0, pos=array([0. , 0.5]), size=array([0.5, 0.5]), texRes=128, units='norm', win=Window(...))
5.0821 	EXP 	Created text_5 = TextStim(__class__=<class 'psychopy.visual.text.TextStim'>, alignHoriz='center', alignVert='center', antialias=True, autoLog=True, bold=False, color='white', colorSpace='named', contrast=1.0, depth=-3.0, flipHoriz=False, flipVert=False, font='Arial', fontFiles=[], height=0.1, italic=False, languageStyle='LTR', name='text_5', opacity=1.0, ori=0, pos=array([ 0. , -0.7]), rgb=array([255., 255., 255.]), text='(press space to continue)', units='norm', win=Window(...), wrapWidth=1)
5.0860 	EXP 	Created text = TextStim(__class__=<class 'psychopy.visual.text.TextStim'>, alignHoriz='center', alignVert='center', antialias=True, autoLog=True, bold=False, color='white', colorSpace='named', contrast=1.0, depth=0.0, flipHoriz=False, flipVert=False, font='Arial', fontFiles=[], height=0.1, italic=False, languageStyle='LTR', name='text', opacity=1.0, ori=0, pos=array([ 0. , -0.5]), rgb=array([255., 255., 255.]), text='default text', units='norm', win=Window(...), wrapWidth=1)
5.0875 	EXP 	Created image_2 = ImageStim(__class__=<class 'psychopy.visual.image.ImageStim'>, autoLog=True, color=array([1., 1., 1.]), colorSpace='rgb', contrast=1.0, depth=-2.0, flipHoriz=False, flipVert=False, image='sin', interpolate=True, mask=None, maskParams=None, name='image_2', opacity=1.0, ori=0.0, pos=array([0. , 0.4]), size=array([1., 1.]), texRes=128, units='norm', win=Window(...))
5.0911 	EXP 	Created text_6 = TextStim(__class__=<class 'psychopy.visual.text.TextStim'>, alignHoriz='center', alignVert='center', antialias=True, autoLog=True, bold=False, color='white', colorSpace='named', contrast=1.0, depth=-1.0, flipHoriz=False, flipVert=False, font='Arial', fontFiles=[], height=0.1, italic=False, languageStyle='LTR', name='text_6', opacity=1.0, ori=0, pos=array([0., 0.]), rgb=array([255., 255., 255.]), text='default text', units='norm', win=Window(...), wrapWidth=1)
5.1045 	EXP 	Created text_9 = TextStim(__class__=<class 'psychopy.visual.text.TextStim'>, alignHoriz='center', alignVert='center', antialias=True, autoLog=True, bold=False, color='white', colorSpace='named', contrast=1.0, depth=-1.0, flipHoriz=False, flipVert=False, font='Arial', fontFiles=[], height=0.1, italic=False, languageStyle='LTR', name='text_9', opacity=1.0, ori=0, pos=array([0., 0.]), rgb=array([255., 255., 255.]), text=str(...), units='norm', win=Window(...), wrapWidth=1.5)
5.1083 	EXP 	Created text_10 = TextStim(__class__=<class 'psychopy.visual.text.TextStim'>, alignHoriz='center', alignVert='center', antialias=True, autoLog=True, bold=False, color='white', colorSpace='named', contrast=1.0, depth=-2.0, flipHoriz=False, flipVert=False, font='Arial', fontFiles=[], height=0.1, italic=False, languageStyle='LTR', name='text_10', opacity=1.0, ori=0, pos=array([-0.9 , -0.15]), rgb=array([255., 255., 255.]), text='default text', units='norm', win=Window(...), wrapWidth=1)
5.1096 	EXP 	Created image_4 = ImageStim(__class__=<class 'psychopy.visual.image.ImageStim'>, autoLog=True, color=array([1., 1., 1.]), colorSpace='rgb', contrast=1.0, depth=-3.0, flipHoriz=False, flipVert=False, image='sin', interpolate=True, mask=None, maskParams=None, name='image_4', opacity=1.0, ori=0.0, pos=array([0. , 0.5]), size=array([0.75, 0.75]), texRes=128, units='norm', win=Window(...))
5.1147 	EXP 	Created polygon = Line(__class__=<class 'psychopy.visual.line.Line'>, autoDraw=False, autoLog=True, closeShape=False, contrast=1.0, depth=-4.0, fillColor=None, fillColorSpace='rgb255', interpolate=True, lineColor=array([1., 1., 1.]), lineColorSpace='rgb', lineWidth=20, name='polygon', opacity=1.0, ori=array(0.), pos=array([ 0.   , -0.125]), size=array([1., 1.]), units='norm', vertices=ndarray(...), win=Window(...), windingRule=None)
5.1154 	EXP 	Created bottom_line = Line(__class__=<class 'psychopy.visual.line.Line'>, autoDraw=False, autoLog=True, closeShape=False, contrast=1.0, depth=-5.0, fillColor=None, fillColorSpace='rgb255', interpolate=True, lineColor=array([1., 1., 1.]), lineColorSpace='rgb', lineWidth=20, name='bottom_line', opacity=1.0, ori=array(0.), pos=array([ 0.   , -0.975]), size=array([1., 1.]), units='norm', vertices=ndarray(...), win=Window(...), windingRule=None)
5.1161 	EXP 	Created right_line_2 = Line(__class__=<class 'psychopy.visual.line.Line'>, autoDraw=False, autoLog=True, closeShape=False, contrast=1.0, depth=-6.0, fillColor=None, fillColorSpace='rgb255', interpolate=True, lineColor=array([1., 1., 1.]), lineColorSpace='rgb', lineWidth=20, name='right_line_2', opacity=1.0, ori=array(90.), pos=array([ 0.925, -0.55 ]), size=array([1., 1.]), units='norm', vertices=ndarray(...), win=Window(...), windingRule=None)
5.1169 	EXP 	Created left_line = Line(__class__=<class 'psychopy.visual.line.Line'>, autoDraw=False, autoLog=True, closeShape=False, contrast=1.0, depth=-7.0, fillColor=None, fillColorSpace='rgb255', interpolate=True, lineColor=array([1., 1., 1.]), lineColorSpace='rgb', lineWidth=20, name='left_line', opacity=1.0, ori=array(90.), pos=array([-0.925, -0.55 ]), size=array([1., 1.]), units='norm', vertices=ndarray(...), win=Window(...), windingRule=None)
5.1222 	EXP 	Created text_13 = TextStim(__class__=<class 'psychopy.visual.text.TextStim'>, alignHoriz='center', alignVert='center', antialias=True, autoLog=True, bold=False, color='white', colorSpace='named', contrast=1.0, depth=-1.0, flipHoriz=False, flipVert=False, font='Arial', fontFiles=[], height=0.1, italic=False, languageStyle='LTR', name='text_13', opacity=1.0, ori=0, pos=array([0., 0.]), rgb=array([255., 255., 255.]), text='default text', units='norm', win=Window(...), wrapWidth=1)
5.1236 	EXP 	Created image_10 = ImageStim(__class__=<class 'psychopy.visual.image.ImageStim'>, autoLog=True, color=array([1., 1., 1.]), colorSpace='rgb', contrast=1.0, depth=-1.0, flipHoriz=False, flipVert=False, image='sin', interpolate=True, mask=None, maskParams=None, name='image_10', opacity=1.0, ori=0.0, pos=array([0., 0.]), size=array([0.75, 0.75]), texRes=128, units='norm', win=Window(...))
5.1281 	EXP 	Created text_22 = TextStim(__class__=<class 'psychopy.visual.text.TextStim'>, alignHoriz='center', alignVert='center', antialias=True, autoLog=True, bold=False, color='white', colorSpace='named', contrast=1.0, depth=-3.0, flipHoriz=False, flipVert=False, font='Arial', fontFiles=[], height=0.1, italic=False, languageStyle='LTR', name='text_22', opacity=1.0, ori=0, pos=array([ 0. , -0.5]), rgb=array([255., 255., 255.]), text='(press space to continue)', units='norm', win=Window(...), wrapWidth=1)
5.1318 	EXP 	Created text_14 = TextStim(__class__=<class 'psychopy.visual.text.TextStim'>, alignHoriz='center', alignVert='center', antialias=True, autoLog=True, bold=False, color='white', colorSpace='named', contrast=1.0, depth=-1.0, flipHoriz=False, flipVert=False, font='Arial', fontFiles=[], height=0.1, italic=False, languageStyle='LTR', name='text_14', opacity=1.0, ori=0, pos=array([0., 0.]), rgb=array([255., 255., 255.]), text='default text', units='norm', win=Window(...), wrapWidth=1.5)
5.1354 	EXP 	Created text_15 = TextStim(__class__=<class 'psychopy.visual.text.TextStim'>, alignHoriz='center', alignVert='center', antialias=True, autoLog=True, bold=False, color='white', colorSpace='named', contrast=1.0, depth=-2.0, flipHoriz=False, flipVert=False, font='Arial', fontFiles=[], height=0.1, italic=False, languageStyle='LTR', name='text_15', opacity=1.0, ori=0, pos=array([-0.9 , -0.15]), rgb=array([255., 255., 255.]), text='default text', units='norm', win=Window(...), wrapWidth=1)
5.1370 	EXP 	Created image_6 = ImageStim(__class__=<class 'psychopy.visual.image.ImageStim'>, autoLog=True, color=array([1., 1., 1.]), colorSpace='rgb', contrast=1.0, depth=-3.0, flipHoriz=False, flipVert=False, image='sin', interpolate=True, mask=None, maskParams=None, name='image_6', opacity=1.0, ori=0.0, pos=array([0. , 0.5]), size=array([0.75, 0.75]), texRes=128, units='norm', win=Window(...))
5.1378 	EXP 	Created polygon_3 = Line(__class__=<class 'psychopy.visual.line.Line'>, autoDraw=False, autoLog=True, closeShape=False, contrast=1.0, depth=-4.0, fillColor=None, fillColorSpace='rgb255', interpolate=True, lineColor=array([1., 1., 1.]), lineColorSpace='rgb', lineWidth=20, name='polygon_3', opacity=1.0, ori=array(0.), pos=array([ 0.   , -0.125]), size=array([1., 1.]), units='norm', vertices=ndarray(...), win=Window(...), windingRule=None)
5.1385 	EXP 	Created bottom_line_3 = Line(__class__=<class 'psychopy.visual.line.Line'>, autoDraw=False, autoLog=True, closeShape=False, contrast=1.0, depth=-5.0, fillColor=None, fillColorSpace='rgb255', interpolate=True, lineColor=array([1., 1., 1.]), lineColorSpace='rgb', lineWidth=20, name='bottom_line_3', opacity=1.0, ori=array(0.), pos=array([ 0. , -0.5]), size=array([1., 1.]), units='norm', vertices=ndarray(...), win=Window(...), windingRule=None)
5.1392 	EXP 	Created right_line_3 = Line(__class__=<class 'psychopy.visual.line.Line'>, autoDraw=False, autoLog=True, closeShape=False, contrast=1.0, depth=-6.0, fillColor=None, fillColorSpace='rgb255', interpolate=True, lineColor=array([1., 1., 1.]), lineColorSpace='rgb', lineWidth=20, name='right_line_3', opacity=1.0, ori=array(90.), pos=array([ 0.925 , -0.3125]), size=array([1., 1.]), units='norm', vertices=ndarray(...), win=Window(...), windingRule=None)
5.1400 	EXP 	Created left_line_3 = Line(__class__=<class 'psychopy.visual.line.Line'>, autoDraw=False, autoLog=True, closeShape=False, contrast=1.0, depth=-7.0, fillColor=None, fillColorSpace='rgb255', interpolate=True, lineColor=array([1., 1., 1.]), lineColorSpace='rgb', lineWidth=20, name='left_line_3', opacity=1.0, ori=array(90.), pos=array([-0.925 , -0.3125]), size=array([1., 1.]), units='norm', vertices=ndarray(...), win=Window(...), windingRule=None)
5.1440 	EXP 	Created text_16 = TextStim(__class__=<class 'psychopy.visual.text.TextStim'>, alignHoriz='center', alignVert='center', antialias=True, autoLog=True, bold=False, color='white', colorSpace='named', contrast=1.0, depth=-1.0, flipHoriz=False, flipVert=False, font='Arial', fontFiles=[], height=0.1, italic=False, languageStyle='LTR', name='text_16', opacity=1.0, ori=0, pos=array([0., 0.]), rgb=array([255., 255., 255.]), text='default text', units='norm', win=Window(...), wrapWidth=1.5)
5.1475 	EXP 	Created text_17 = TextStim(__class__=<class 'psychopy.visual.text.TextStim'>, alignHoriz='center', alignVert='center', antialias=True, autoLog=True, bold=False, color='white', colorSpace='named', contrast=1.0, depth=-2.0, flipHoriz=False, flipVert=False, font='Arial', fontFiles=[], height=0.1, italic=False, languageStyle='LTR', name='text_17', opacity=1.0, ori=0, pos=array([-0.9 , -0.15]), rgb=array([255., 255., 255.]), text='default text', units='norm', win=Window(...), wrapWidth=1)
5.1490 	EXP 	Created image_7 = ImageStim(__class__=<class 'psychopy.visual.image.ImageStim'>, autoLog=True, color=array([1., 1., 1.]), colorSpace='rgb', contrast=1.0, depth=-3.0, flipHoriz=False, flipVert=False, image='sin', interpolate=True, mask=None, maskParams=None, name='image_7', opacity=1.0, ori=0.0, pos=array([0. , 0.5]), size=array([0.75, 0.75]), texRes=128, units='norm', win=Window(...))
5.1498 	EXP 	Created polygon_4 = Line(__class__=<class 'psychopy.visual.line.Line'>, autoDraw=False, autoLog=True, closeShape=False, contrast=1.0, depth=-4.0, fillColor=None, fillColorSpace='rgb255', interpolate=True, lineColor=array([1., 1., 1.]), lineColorSpace='rgb', lineWidth=20, name='polygon_4', opacity=1.0, ori=array(0.), pos=array([ 0.   , -0.125]), size=array([1., 1.]), units='norm', vertices=ndarray(...), win=Window(...), windingRule=None)
5.1505 	EXP 	Created bottom_line_4 = Line(__class__=<class 'psychopy.visual.line.Line'>, autoDraw=False, autoLog=True, closeShape=False, contrast=1.0, depth=-5.0, fillColor=None, fillColorSpace='rgb255', interpolate=True, lineColor=array([1., 1., 1.]), lineColorSpace='rgb', lineWidth=20, name='bottom_line_4', opacity=1.0, ori=array(0.), pos=array([ 0.   , -0.975]), size=array([1., 1.]), units='norm', vertices=ndarray(...), win=Window(...), windingRule=None)
5.1512 	EXP 	Created right_line_4 = Line(__class__=<class 'psychopy.visual.line.Line'>, autoDraw=False, autoLog=True, closeShape=False, contrast=1.0, depth=-6.0, fillColor=None, fillColorSpace='rgb255', interpolate=True, lineColor=array([1., 1., 1.]), lineColorSpace='rgb', lineWidth=20, name='right_line_4', opacity=1.0, ori=array(90.), pos=array([ 0.925, -0.55 ]), size=array([1., 1.]), units='norm', vertices=ndarray(...), win=Window(...), windingRule=None)
5.1519 	EXP 	Created left_line_4 = Line(__class__=<class 'psychopy.visual.line.Line'>, autoDraw=False, autoLog=True, closeShape=False, contrast=1.0, depth=-7.0, fillColor=None, fillColorSpace='rgb255', interpolate=True, lineColor=array([1., 1., 1.]), lineColorSpace='rgb', lineWidth=20, name='left_line_4', opacity=1.0, ori=array(90.), pos=array([-0.925, -0.55 ]), size=array([1., 1.]), units='norm', vertices=ndarray(...), win=Window(...), windingRule=None)
5.1558 	EXP 	Created text_18 = TextStim(__class__=<class 'psychopy.visual.text.TextStim'>, alignHoriz='center', alignVert='center', antialias=True, autoLog=True, bold=False, color='white', colorSpace='named', contrast=1.0, depth=-1.0, flipHoriz=False, flipVert=False, font='Arial', fontFiles=[], height=0.1, italic=False, languageStyle='LTR', name='text_18', opacity=1.0, ori=0, pos=array([0., 0.]), rgb=array([255., 255., 255.]), text='default text', units='norm', win=Window(...), wrapWidth=1.5)
5.1594 	EXP 	Created text_19 = TextStim(__class__=<class 'psychopy.visual.text.TextStim'>, alignHoriz='center', alignVert='center', antialias=True, autoLog=True, bold=False, color='white', colorSpace='named', contrast=1.0, depth=-2.0, flipHoriz=False, flipVert=False, font='Arial', fontFiles=[], height=0.1, italic=False, languageStyle='LTR', name='text_19', opacity=1.0, ori=0, pos=array([-0.9 , -0.15]), rgb=array([255., 255., 255.]), text='default text', units='norm', win=Window(...), wrapWidth=1)
5.1608 	EXP 	Created image_8 = ImageStim(__class__=<class 'psychopy.visual.image.ImageStim'>, autoLog=True, color=array([1., 1., 1.]), colorSpace='rgb', contrast=1.0, depth=-3.0, flipHoriz=False, flipVert=False, image='sin', interpolate=True, mask=None, maskParams=None, name='image_8', opacity=1.0, ori=0.0, pos=array([0. , 0.5]), size=array([0.75, 0.75]), texRes=128, units='norm', win=Window(...))
5.1616 	EXP 	Created polygon_5 = Line(__class__=<class 'psychopy.visual.line.Line'>, autoDraw=False, autoLog=True, closeShape=False, contrast=1.0, depth=-4.0, fillColor=None, fillColorSpace='rgb255', interpolate=True, lineColor=array([1., 1., 1.]), lineColorSpace='rgb', lineWidth=20, name='polygon_5', opacity=1.0, ori=array(0.), pos=array([ 0.   , -0.125]), size=array([1., 1.]), units='norm', vertices=ndarray(...), win=Window(...), windingRule=None)
5.1623 	EXP 	Created bottom_line_5 = Line(__class__=<class 'psychopy.visual.line.Line'>, autoDraw=False, autoLog=True, closeShape=False, contrast=1.0, depth=-5.0, fillColor=None, fillColorSpace='rgb255', interpolate=True, lineColor=array([1., 1., 1.]), lineColorSpace='rgb', lineWidth=20, name='bottom_line_5', opacity=1.0, ori=array(0.), pos=array([ 0.   , -0.975]), size=array([1., 1.]), units='norm', vertices=ndarray(...), win=Window(...), windingRule=None)
5.1630 	EXP 	Created right_line_5 = Line(__class__=<class 'psychopy.visual.line.Line'>, autoDraw=False, autoLog=True, closeShape=False, contrast=1.0, depth=-6.0, fillColor=None, fillColorSpace='rgb255', interpolate=True, lineColor=array([1., 1., 1.]), lineColorSpace='rgb', lineWidth=20, name='right_line_5', opacity=1.0, ori=array(90.), pos=array([ 0.925, -0.55 ]), size=array([1., 1.]), units='norm', vertices=ndarray(...), win=Window(...), windingRule=None)
5.1638 	EXP 	Created left_line_5 = Line(__class__=<class 'psychopy.visual.line.Line'>, autoDraw=False, autoLog=True, closeShape=False, contrast=1.0, depth=-7.0, fillColor=None, fillColorSpace='rgb255', interpolate=True, lineColor=array([1., 1., 1.]), lineColorSpace='rgb', lineWidth=20, name='left_line_5', opacity=1.0, ori=array(90.), pos=array([-0.925, -0.55 ]), size=array([1., 1.]), units='norm', vertices=ndarray(...), win=Window(...), windingRule=None)
5.1676 	EXP 	Created text_20 = TextStim(__class__=<class 'psychopy.visual.text.TextStim'>, alignHoriz='center', alignVert='center', antialias=True, autoLog=True, bold=False, color='white', colorSpace='named', contrast=1.0, depth=-1.0, flipHoriz=False, flipVert=False, font='Arial', fontFiles=[], height=0.1, italic=False, languageStyle='LTR', name='text_20', opacity=1.0, ori=0, pos=array([0., 0.]), rgb=array([255., 255., 255.]), text='default text', units='norm', win=Window(...), wrapWidth=1.5)
5.1712 	EXP 	Created text_21 = TextStim(__class__=<class 'psychopy.visual.text.TextStim'>, alignHoriz='center', alignVert='center', antialias=True, autoLog=True, bold=False, color='white', colorSpace='named', contrast=1.0, depth=-2.0, flipHoriz=False, flipVert=False, font='Arial', fontFiles=[], height=0.1, italic=False, languageStyle='LTR', name='text_21', opacity=1.0, ori=0, pos=array([-0.9 , -0.15]), rgb=array([255., 255., 255.]), text='default text', units='norm', win=Window(...), wrapWidth=1)
5.1726 	EXP 	Created image_9 = ImageStim(__class__=<class 'psychopy.visual.image.ImageStim'>, autoLog=True, color=array([1., 1., 1.]), colorSpace='rgb', contrast=1.0, depth=-3.0, flipHoriz=False, flipVert=False, image='sin', interpolate=True, mask=None, maskParams=None, name='image_9', opacity=1.0, ori=0.0, pos=array([0. , 0.5]), size=array([0.75, 0.75]), texRes=128, units='norm', win=Window(...))
5.1733 	EXP 	Created polygon_6 = Line(__class__=<class 'psychopy.visual.line.Line'>, autoDraw=False, autoLog=True, closeShape=False, contrast=1.0, depth=-4.0, fillColor=None, fillColorSpace='rgb255', interpolate=True, lineColor=array([1., 1., 1.]), lineColorSpace='rgb', lineWidth=20, name='polygon_6', opacity=1.0, ori=array(0.), pos=array([ 0.   , -0.125]), size=array([1., 1.]), units='norm', vertices=ndarray(...), win=Window(...), windingRule=None)
5.1741 	EXP 	Created bottom_line_6 = Line(__class__=<class 'psychopy.visual.line.Line'>, autoDraw=False, autoLog=True, closeShape=False, contrast=1.0, depth=-5.0, fillColor=None, fillColorSpace='rgb255', interpolate=True, lineColor=array([1., 1., 1.]), lineColorSpace='rgb', lineWidth=20, name='bottom_line_6', opacity=1.0, ori=array(0.), pos=array([ 0.   , -0.975]), size=array([1., 1.]), units='norm', vertices=ndarray(...), win=Window(...), windingRule=None)
5.1748 	EXP 	Created right_line_6 = Line(__class__=<class 'psychopy.visual.line.Line'>, autoDraw=False, autoLog=True, closeShape=False, contrast=1.0, depth=-6.0, fillColor=None, fillColorSpace='rgb255', interpolate=True, lineColor=array([1., 1., 1.]), lineColorSpace='rgb', lineWidth=20, name='right_line_6', opacity=1.0, ori=array(90.), pos=array([ 0.925, -0.55 ]), size=array([1., 1.]), units='norm', vertices=ndarray(...), win=Window(...), windingRule=None)
5.1755 	EXP 	Created left_line_6 = Line(__class__=<class 'psychopy.visual.line.Line'>, autoDraw=False, autoLog=True, closeShape=False, contrast=1.0, depth=-7.0, fillColor=None, fillColorSpace='rgb255', interpolate=True, lineColor=array([1., 1., 1.]), lineColorSpace='rgb', lineWidth=20, name='left_line_6', opacity=1.0, ori=array(90.), pos=array([-0.925, -0.55 ]), size=array([1., 1.]), units='norm', vertices=ndarray(...), win=Window(...), windingRule=None)
5.1827 	EXP 	Imported count.xlsx as conditions, 16 conditions, 1 params
5.1830 	EXP 	Created sequence: sequential, trialTypes=16, nReps=1, seed=None
5.1832 	EXP 	New trial (rep=0, index=0): OrderedDict([('count', 0)])
5.2715 	EXP 	text_4: text = 'Restaurant Critic'
5.2715 	EXP 	image: image = 'jobphotos/restaurant_critic.jpg'
5.2715 	EXP 	text_4: autoDraw = True
5.2715 	EXP 	image: autoDraw = True
5.2715 	EXP 	text_5: autoDraw = True
6.4450 	DATA 	Keypress: q
6.4625 	EXP 	Imported story_xlsx_files/31.xlsx as conditions, 2 conditions, 1 params
6.4627 	EXP 	Created sequence: sequential, trialTypes=2, nReps=1, seed=None
6.4629 	EXP 	New trial (rep=0, index=0): OrderedDict([('storyText', 31)])
6.4665 	WARNING 	Requested image 'storypics/31_storypic' not found but similar filename 'storypics/31_storypic.jpg' exists. This will be used instead but changing the filename is advised.
6.4911 	EXP 	text_4: autoDraw = False
6.4911 	EXP 	image: autoDraw = False
6.4911 	EXP 	text_5: autoDraw = False
6.4911 	EXP 	text: text = 31
6.4911 	EXP 	image_2: image = 'storypics/31_storypic'
6.4911 	EXP 	text: autoDraw = True
6.4911 	EXP 	image_2: autoDraw = True
7.2759 	DATA 	Keypress: 1
7.2769 	EXP 	New trial (rep=0, index=1): OrderedDict([('storyText', 'Restaurant Business Deal')])
7.2859 	WARNING 	Requested image 'storypics/31_storypic' not found but similar filename 'storypics/31_storypic.jpg' exists. This will be used instead but changing the filename is advised.
7.3241 	EXP 	text: autoDraw = False
7.3241 	EXP 	image_2: autoDraw = False
7.3241 	EXP 	text: text = 'Restaurant Business Deal'
7.3241 	EXP 	image_2: image = 'storypics/31_storypic'
7.3241 	EXP 	text: autoDraw = True
7.3241 	EXP 	image_2: autoDraw = True
7.9436 	DATA 	Keypress: 9
7.9486 	EXP 	Imported recall_instructions.xlsx as conditions, 5 conditions, 1 params
7.9487 	EXP 	Created sequence: sequential, trialTypes=5, nReps=1, seed=None
7.9490 	EXP 	New trial (rep=0, index=0): OrderedDict([('instructText', 'The next part of the experiment is to recall each story to the best of your ability.')])
7.9751 	EXP 	text: autoDraw = False
7.9751 	EXP 	image_2: autoDraw = False
7.9751 	EXP 	text_6: text = 'The next part of the experiment is to recall each story to the best of your ability.'
7.9751 	EXP 	text_6: autoDraw = True
8.4264 	DATA 	Keypress: space
8.4273 	EXP 	New trial (rep=0, index=1): OrderedDict([('instructText', 'You will be presented with the story title, names, the images, and a blank text box for each story.')])
8.4592 	EXP 	text_6: autoDraw = False
8.4592 	EXP 	text_6: text = 'You will be presented with the story title, names, the images, and a blank text box for each story.'
8.4592 	EXP 	text_6: autoDraw = True
8.5939 	DATA 	Keypress: space
8.5947 	EXP 	New trial (rep=0, index=2): OrderedDict([('instructText', 'Describe the story with as many details as you can remember in the space provided. ')])
8.6254 	EXP 	text_6: autoDraw = False
8.6254 	EXP 	text_6: text = 'Describe the story with as many details as you can remember in the space provided. '
8.6254 	EXP 	text_6: autoDraw = True
8.7269 	DATA 	Keypress: space
8.7277 	EXP 	New trial (rep=0, index=3): OrderedDict([('instructText', 'When you are finished recalling one story, to move onto the next one hit ‘return’. ')])
8.7594 	EXP 	text_6: autoDraw = False
8.7594 	EXP 	text_6: text = 'When you are finished recalling one story, to move onto the next one hit ‘return’. '
8.7594 	EXP 	text_6: autoDraw = True
9.0934 	DATA 	Keypress: space
9.0942 	EXP 	New trial (rep=0, index=4): OrderedDict([('instructText', 'There is no time limit for your responses. ')])
9.1086 	EXP 	text_6: autoDraw = False
9.1086 	EXP 	text_6: text = 'There is no time limit for your responses. '
9.1086 	EXP 	text_6: autoDraw = True
9.3933 	DATA 	Keypress: space
9.3987 	EXP 	Imported count.xlsx as conditions, 16 conditions, 1 params
9.3989 	EXP 	Created sequence: sequential, trialTypes=16, nReps=1, seed=None
9.3991 	EXP 	New trial (rep=0, index=0): OrderedDict([('count', 0)])
9.3995 	WARNING 	Requested image 'storypics/31_storypic' not found but similar filename 'storypics/31_storypic.jpg' exists. This will be used instead but changing the filename is advised.
9.4429 	EXP 	text_6: autoDraw = False
9.4429 	EXP 	text_10: alignHoriz = 'left'
9.4429 	EXP 	text_10: alignVert = 'top'
9.4429 	EXP 	text_10: wrapWidth = 1.8
9.4429 	EXP 	text_10: height = 0.05
9.4429 	EXP 	image_4: image = 'storypics/31_storypic'
9.4429 	EXP 	text_9: autoDraw = True
9.4429 	EXP 	text_10: autoDraw = True
9.4429 	EXP 	image_4: autoDraw = True
9.4429 	EXP 	polygon: autoDraw = True
9.4429 	EXP 	bottom_line: autoDraw = True
9.4429 	EXP 	right_line_2: autoDraw = True
9.4429 	EXP 	left_line: autoDraw = True
10.6440 	DATA 	Keypress: tab
10.6517 	EXP 	Imported question_instructions.xlsx as conditions, 2 conditions, 1 params
10.6520 	EXP 	Created sequence: sequential, trialTypes=2, nReps=1, seed=None
10.6522 	EXP 	New trial (rep=0, index=0): OrderedDict([('instructText', 'The next part of the task is to answer specific questions about each story.')])
10.6761 	EXP 	text_9: autoDraw = False
10.6761 	EXP 	text_10: autoDraw = False
10.6761 	EXP 	image_4: autoDraw = False
10.6761 	EXP 	polygon: autoDraw = False
10.6761 	EXP 	bottom_line: autoDraw = False
10.6761 	EXP 	right_line_2: autoDraw = False
10.6761 	EXP 	left_line: autoDraw = False
10.6761 	EXP 	text_13: text = 'The next part of the task is to answer specific questions about each story.'
10.6761 	EXP 	text_13: autoDraw = True
11.1446 	DATA 	Keypress: space
11.1452 	EXP 	New trial (rep=0, index=1): OrderedDict([('instructText', 'Hit enter to submit your answer and move onto the next question. ')])
11.1765 	EXP 	text_13: autoDraw = False
11.1765 	EXP 	text_13: text = 'Hit enter to submit your answer and move onto the next question. '
11.1765 	EXP 	text_13: autoDraw = True
11.4948 	DATA 	Keypress: space
11.5138 	EXP 	Imported count.xlsx as conditions, 16 conditions, 1 params
11.5140 	EXP 	Created sequence: sequential, trialTypes=16, nReps=1, seed=None
11.5142 	EXP 	New trial (rep=0, index=0): OrderedDict([('count', 0)])
11.5143 	WARNING 	Requested image 'storypics/31_storypic' not found but similar filename 'storypics/31_storypic.jpg' exists. This will be used instead but changing the filename is advised.
11.5427 	EXP 	text_13: autoDraw = False
11.5427 	EXP 	image_10: image = 'storypics/31_storypic'
11.5427 	EXP 	image_10: autoDraw = True
11.5427 	EXP 	text_22: autoDraw = True
13.5947 	DATA 	Keypress: space
13.6029 	WARNING 	Requested image 'storypics/31_storypic' not found but similar filename 'storypics/31_storypic.jpg' exists. This will be used instead but changing the filename is advised.
13.6274 	EXP 	image_10: autoDraw = False
13.6274 	EXP 	text_22: autoDraw = False
13.6274 	EXP 	text_15: alignHoriz = 'left'
13.6274 	EXP 	text_15: alignVert = 'top'
13.6274 	EXP 	text_15: wrapWidth = 1.8
13.6274 	EXP 	text_15: height = 0.05
13.6274 	EXP 	text_14: text = 'How is the restaurant decorated?'
13.6274 	EXP 	image_6: image = 'storypics/31_storypic'
13.6274 	EXP 	text_14: autoDraw = True
13.6274 	EXP 	text_15: autoDraw = True
13.6274 	EXP 	image_6: autoDraw = True
13.6274 	EXP 	polygon_3: autoDraw = True
13.6274 	EXP 	bottom_line_3: autoDraw = True
13.6274 	EXP 	right_line_3: autoDraw = True
13.6274 	EXP 	left_line_3: autoDraw = True
16.7961 	DATA 	Keypress: s
16.8297 	DATA 	Keypress: k
16.8455 	DATA 	Keypress: d
16.9459 	DATA 	Keypress: f
16.9515 	DATA 	Keypress: j
16.9963 	DATA 	Keypress: l
17.0956 	DATA 	Keypress: s
17.1294 	DATA 	Keypress: k
17.1622 	DATA 	Keypress: d
17.1789 	DATA 	Keypress: j
17.2121 	DATA 	Keypress: f
17.2964 	DATA 	Keypress: l
17.3457 	DATA 	Keypress: k
17.3468 	DATA 	Keypress: space
17.3626 	DATA 	Keypress: s
17.4127 	DATA 	Keypress: j
17.5127 	DATA 	Keypress: f
17.5291 	DATA 	Keypress: k
17.5471 	DATA 	Keypress: s
17.5628 	DATA 	Keypress: d
17.6484 	DATA 	Keypress: j
17.7128 	DATA 	Keypress: space
17.7961 	DATA 	Keypress: l
17.8137 	DATA 	Keypress: k
17.8471 	DATA 	Keypress: s
17.8804 	DATA 	Keypress: d
17.8865 	DATA 	Keypress: j
17.8963 	DATA 	Keypress: f
17.9638 	DATA 	Keypress: l
18.0305 	DATA 	Keypress: k
18.0461 	DATA 	Keypress: space
18.0971 	DATA 	Keypress: j
18.1466 	DATA 	Keypress: s
18.1797 	DATA 	Keypress: d
18.1968 	DATA 	Keypress: l
18.2132 	DATA 	Keypress: k
18.2798 	DATA 	Keypress: f
18.2810 	DATA 	Keypress: j
18.3469 	DATA 	Keypress: space
18.4136 	DATA 	Keypress: l
18.4148 	DATA 	Keypress: k
18.4304 	DATA 	Keypress: s
18.4799 	DATA 	Keypress: d
18.4812 	DATA 	Keypress: j
18.5482 	DATA 	Keypress: f
18.5642 	DATA 	Keypress: space
18.6641 	DATA 	Keypress: k
18.6973 	DATA 	Keypress: s
18.6988 	DATA 	Keypress: d
18.7801 	DATA 	Keypress: j
18.8139 	DATA 	Keypress: f
18.8973 	DATA 	Keypress: space
19.0142 	DATA 	Keypress: s
19.0467 	DATA 	Keypress: k
19.0479 	DATA 	Keypress: d
19.0805 	DATA 	Keypress: j
19.1473 	DATA 	Keypress: f
21.1819 	DATA 	Keypress: return
21.2187 	WARNING 	Requested image 'storypics/31_storypic' not found but similar filename 'storypics/31_storypic.jpg' exists. This will be used instead but changing the filename is advised.
21.2455 	EXP 	text_14: autoDraw = False
21.2455 	EXP 	text_15: autoDraw = False
21.2455 	EXP 	image_6: autoDraw = False
21.2455 	EXP 	polygon_3: autoDraw = False
21.2455 	EXP 	bottom_line_3: autoDraw = False
21.2455 	EXP 	right_line_3: autoDraw = False
21.2455 	EXP 	left_line_3: autoDraw = False
21.2455 	EXP 	text_17: alignHoriz = 'left'
21.2455 	EXP 	text_17: alignVert = 'top'
21.2455 	EXP 	text_17: wrapWidth = 1.8
21.2455 	EXP 	text_17: height = 0.05
21.2455 	EXP 	text_16: text = 'What are the menus like?'
21.2455 	EXP 	image_7: image = 'storypics/31_storypic'
21.2455 	EXP 	text_16: autoDraw = True
21.2455 	EXP 	text_17: autoDraw = True
21.2455 	EXP 	image_7: autoDraw = True
21.2455 	EXP 	polygon_4: autoDraw = True
21.2455 	EXP 	bottom_line_4: autoDraw = True
21.2455 	EXP 	right_line_4: autoDraw = True
21.2455 	EXP 	left_line_4: autoDraw = True
21.9302 	DATA 	Keypress: k
21.9349 	DATA 	Keypress: j
21.9470 	DATA 	Keypress: d
22.0474 	DATA 	Keypress: l
22.0809 	DATA 	Keypress: a
22.1305 	DATA 	Keypress: k
22.2971 	DATA 	Keypress: return
22.3185 	WARNING 	Requested image 'storypics/31_storypic' not found but similar filename 'storypics/31_storypic.jpg' exists. This will be used instead but changing the filename is advised.
22.3455 	EXP 	text_16: autoDraw = False
22.3455 	EXP 	text_17: autoDraw = False
22.3455 	EXP 	image_7: autoDraw = False
22.3455 	EXP 	polygon_4: autoDraw = False
22.3455 	EXP 	bottom_line_4: autoDraw = False
22.3455 	EXP 	right_line_4: autoDraw = False
22.3455 	EXP 	left_line_4: autoDraw = False
22.3455 	EXP 	text_19: alignHoriz = 'left'
22.3455 	EXP 	text_19: alignVert = 'top'
22.3455 	EXP 	text_19: wrapWidth = 1.8
22.3455 	EXP 	text_19: height = 0.05
22.3455 	EXP 	text_18: text = 'What do the clients order?'
22.3455 	EXP 	image_8: image = 'storypics/31_storypic'
22.3455 	EXP 	text_18: autoDraw = True
22.3455 	EXP 	text_19: autoDraw = True
22.3455 	EXP 	image_8: autoDraw = True
22.3455 	EXP 	polygon_5: autoDraw = True
22.3455 	EXP 	bottom_line_5: autoDraw = True
22.3455 	EXP 	right_line_5: autoDraw = True
22.3455 	EXP 	left_line_5: autoDraw = True
22.7816 	DATA 	Keypress: return
22.8058 	WARNING 	Requested image 'storypics/31_storypic' not found but similar filename 'storypics/31_storypic.jpg' exists. This will be used instead but changing the filename is advised.
22.8306 	EXP 	text_18: autoDraw = False
22.8306 	EXP 	text_19: autoDraw = False
22.8306 	EXP 	image_8: autoDraw = False
22.8306 	EXP 	polygon_5: autoDraw = False
22.8306 	EXP 	bottom_line_5: autoDraw = False
22.8306 	EXP 	right_line_5: autoDraw = False
22.8306 	EXP 	left_line_5: autoDraw = False
22.8306 	EXP 	text_21: alignHoriz = 'left'
22.8306 	EXP 	text_21: alignVert = 'top'
22.8306 	EXP 	text_21: wrapWidth = 1.8
22.8306 	EXP 	text_21: height = 0.05
22.8306 	EXP 	text_20: text = 'How do the clients like the food?'
22.8306 	EXP 	image_9: image = 'storypics/31_storypic'
22.8306 	EXP 	text_20: autoDraw = True
22.8306 	EXP 	text_21: autoDraw = True
22.8306 	EXP 	image_9: autoDraw = True
22.8306 	EXP 	polygon_6: autoDraw = True
22.8306 	EXP 	bottom_line_6: autoDraw = True
22.8306 	EXP 	right_line_6: autoDraw = True
22.8306 	EXP 	left_line_6: autoDraw = True
23.1821 	DATA 	Keypress: escape
23.4564 	EXP 	window1: mouseVisible = True
