5.1743 	WARNING 	User requested fullscreen with size [1024  768], but screen is actually [2560, 1440]. Using actual size
5.8341 	EXP 	Created window1 = Window(allowGUI=False, allowStencil=False, args=UNKNOWN, autoLog=True, bitsMode=UNKNOWN, blendMode='avg', color=array([0., 0., 0.]), colorSpace='rgb', fullscr=<method-wrapper '__getattribute__' of attributeSetter object at 0x1247b2cc0>, gamma=None, kwargs=UNKNOWN, lms=UNKNOWN, monitor=<psychopy.monitors.calibTools.Monitor object at 0x1236b7da0>, multiSample=False, name='window1', numSamples=2, pos=[0.0, 0.0], screen=0, size=array([5120, 2880]), stereo=False, units='norm', useFBO=True, useRetina=True, viewOri=0.0, viewPos=None, viewScale=None, waitBlanking=True, winType='pyglet')
5.8341 	EXP 	window1: recordFrameIntervals = False
6.0013 	EXP 	window1: recordFrameIntervals = True
6.1843 	EXP 	window1: recordFrameIntervals = False
6.2517 	EXP 	Created text_8 = TextStim(__class__=<class 'psychopy.visual.text.TextStim'>, alignHoriz='center', alignVert='center', antialias=True, autoLog=True, bold=False, color='white', colorSpace='named', contrast=1.0, depth=0.0, flipHoriz=False, flipVert=False, font='Arial', fontFiles=[], height=0.1, italic=False, languageStyle='LTR', name='text_8', opacity=1.0, ori=0, pos=array([ 0. , -0.4]), rgb=array([255., 255., 255.]), text='default text', units='norm', win=Window(...), wrapWidth=1)
6.2551 	EXP 	Created text_9 = TextStim(__class__=<class 'psychopy.visual.text.TextStim'>, alignHoriz='center', alignVert='center', antialias=True, autoLog=True, bold=False, color='white', colorSpace='named', contrast=1.0, depth=-1.0, flipHoriz=False, flipVert=False, font='Arial', fontFiles=[], height=0.1, italic=False, languageStyle='LTR', name='text_9', opacity=1.0, ori=0, pos=array([-0.25,  0.25]), rgb=array([255., 255., 255.]), text='default text', units='norm', win=Window(...), wrapWidth=1)
6.2568 	EXP 	Created image_5 = ImageStim(__class__=<class 'psychopy.visual.image.ImageStim'>, autoLog=True, color=array([1., 1., 1.]), colorSpace='rgb', contrast=1.0, depth=-2.0, flipHoriz=False, flipVert=False, image='sin', interpolate=True, mask=None, maskParams=None, name='image_5', opacity=1.0, ori=0.0, pos=array([0.25, 0.25]), size=array([0.5, 0.5]), texRes=128, units='norm', win=Window(...))
6.2604 	EXP 	Created text_10 = TextStim(__class__=<class 'psychopy.visual.text.TextStim'>, alignHoriz='center', alignVert='center', antialias=True, autoLog=True, bold=False, color='white', colorSpace='named', contrast=1.0, depth=0.0, flipHoriz=False, flipVert=False, font='Arial', fontFiles=[], height=0.1, italic=False, languageStyle='LTR', name='text_10', opacity=1.0, ori=0, pos=array([ 0. , -0.4]), rgb=array([255., 255., 255.]), text='default text', units='norm', win=Window(...), wrapWidth=1)
6.2638 	EXP 	Created text_11 = TextStim(__class__=<class 'psychopy.visual.text.TextStim'>, alignHoriz='center', alignVert='center', antialias=True, autoLog=True, bold=False, color='white', colorSpace='named', contrast=1.0, depth=-1.0, flipHoriz=False, flipVert=False, font='Arial', fontFiles=[], height=0.1, italic=False, languageStyle='LTR', name='text_11', opacity=1.0, ori=0, pos=array([-0.25,  0.25]), rgb=array([255., 255., 255.]), text='default text', units='norm', win=Window(...), wrapWidth=1)
6.2652 	EXP 	Created image_6 = ImageStim(__class__=<class 'psychopy.visual.image.ImageStim'>, autoLog=True, color=array([1., 1., 1.]), colorSpace='rgb', contrast=1.0, depth=-2.0, flipHoriz=False, flipVert=False, image='sin', interpolate=True, mask=None, maskParams=None, name='image_6', opacity=1.0, ori=0.0, pos=array([0.25, 0.25]), size=array([0.5, 0.5]), texRes=128, units='norm', win=Window(...))
6.2690 	EXP 	Created text_13 = TextStim(__class__=<class 'psychopy.visual.text.TextStim'>, alignHoriz='center', alignVert='center', antialias=True, autoLog=True, bold=False, color='white', colorSpace='named', contrast=1.0, depth=0.0, flipHoriz=False, flipVert=False, font='Arial', fontFiles=[], height=0.1, italic=False, languageStyle='LTR', name='text_13', opacity=1.0, ori=0, pos=array([ 0. , -0.4]), rgb=array([255., 255., 255.]), text='default text', units='norm', win=Window(...), wrapWidth=1)
6.2726 	EXP 	Created text_14 = TextStim(__class__=<class 'psychopy.visual.text.TextStim'>, alignHoriz='center', alignVert='center', antialias=True, autoLog=True, bold=False, color='white', colorSpace='named', contrast=1.0, depth=-1.0, flipHoriz=False, flipVert=False, font='Arial', fontFiles=[], height=0.1, italic=False, languageStyle='LTR', name='text_14', opacity=1.0, ori=0, pos=array([-0.25,  0.25]), rgb=array([255., 255., 255.]), text='default text', units='norm', win=Window(...), wrapWidth=1)
6.2740 	EXP 	Created image_7 = ImageStim(__class__=<class 'psychopy.visual.image.ImageStim'>, autoLog=True, color=array([1., 1., 1.]), colorSpace='rgb', contrast=1.0, depth=-2.0, flipHoriz=False, flipVert=False, image='sin', interpolate=True, mask=None, maskParams=None, name='image_7', opacity=1.0, ori=0.0, pos=array([0.25, 0.25]), size=array([0.5, 0.5]), texRes=128, units='norm', win=Window(...))
6.2776 	EXP 	Created text_15 = TextStim(__class__=<class 'psychopy.visual.text.TextStim'>, alignHoriz='center', alignVert='center', antialias=True, autoLog=True, bold=False, color='white', colorSpace='named', contrast=1.0, depth=0.0, flipHoriz=False, flipVert=False, font='Arial', fontFiles=[], height=0.1, italic=False, languageStyle='LTR', name='text_15', opacity=1.0, ori=0, pos=array([ 0. , -0.4]), rgb=array([255., 255., 255.]), text='default text', units='norm', win=Window(...), wrapWidth=1)
6.2812 	EXP 	Created text_16 = TextStim(__class__=<class 'psychopy.visual.text.TextStim'>, alignHoriz='center', alignVert='center', antialias=True, autoLog=True, bold=False, color='white', colorSpace='named', contrast=1.0, depth=-1.0, flipHoriz=False, flipVert=False, font='Arial', fontFiles=[], height=0.1, italic=False, languageStyle='LTR', name='text_16', opacity=1.0, ori=0, pos=array([-0.25,  0.25]), rgb=array([255., 255., 255.]), text='default text', units='norm', win=Window(...), wrapWidth=1)
6.2826 	EXP 	Created image_8 = ImageStim(__class__=<class 'psychopy.visual.image.ImageStim'>, autoLog=True, color=array([1., 1., 1.]), colorSpace='rgb', contrast=1.0, depth=-2.0, flipHoriz=False, flipVert=False, image='sin', interpolate=True, mask=None, maskParams=None, name='image_8', opacity=1.0, ori=0.0, pos=array([0.25, 0.25]), size=array([0.5, 0.5]), texRes=128, units='norm', win=Window(...))
6.2864 	EXP 	Created question1 = TextStim(__class__=<class 'psychopy.visual.text.TextStim'>, alignHoriz='center', alignVert='center', antialias=True, autoLog=True, bold=False, color='white', colorSpace='named', contrast=1.0, depth=-1.0, flipHoriz=False, flipVert=False, font='Arial', fontFiles=[], height=0.1, italic=False, languageStyle='LTR', name='question1', opacity=1.0, ori=0, pos=array([-0.5 ,  0.65]), rgb=array([255., 255., 255.]), text='default text', units='norm', win=Window(...), wrapWidth=2)
6.2898 	EXP 	Created question2 = TextStim(__class__=<class 'psychopy.visual.text.TextStim'>, alignHoriz='center', alignVert='center', antialias=True, autoLog=True, bold=False, color='white', colorSpace='named', contrast=1.0, depth=-1.0, flipHoriz=False, flipVert=False, font='Arial', fontFiles=[], height=0.1, italic=False, languageStyle='LTR', name='question2', opacity=1.0, ori=0, pos=array([-0.5 ,  0.35]), rgb=array([255., 255., 255.]), text='default text', units='norm', win=Window(...), wrapWidth=2)
6.2933 	EXP 	Created question3 = TextStim(__class__=<class 'psychopy.visual.text.TextStim'>, alignHoriz='center', alignVert='center', antialias=True, autoLog=True, bold=False, color='white', colorSpace='named', contrast=1.0, depth=-1.0, flipHoriz=False, flipVert=False, font='Arial', fontFiles=[], height=0.1, italic=False, languageStyle='LTR', name='question3', opacity=1.0, ori=0, pos=array([-0.5,  0.5]), rgb=array([255., 255., 255.]), text='default text', units='norm', win=Window(...), wrapWidth=2)
6.2968 	EXP 	Created question4 = TextStim(__class__=<class 'psychopy.visual.text.TextStim'>, alignHoriz='center', alignVert='center', antialias=True, autoLog=True, bold=False, color='white', colorSpace='named', contrast=1.0, depth=-1.0, flipHoriz=False, flipVert=False, font='Arial', fontFiles=[], height=0.1, italic=False, languageStyle='LTR', name='question4', opacity=1.0, ori=0, pos=array([-0.5, -0.5]), rgb=array([255., 255., 255.]), text='default text', units='norm', win=Window(...), wrapWidth=2)
6.3003 	EXP 	Created question5 = TextStim(__class__=<class 'psychopy.visual.text.TextStim'>, alignHoriz='center', alignVert='center', antialias=True, autoLog=True, bold=False, color='white', colorSpace='named', contrast=1.0, depth=-1.0, flipHoriz=False, flipVert=False, font='Arial', fontFiles=[], height=0.1, italic=False, languageStyle='LTR', name='question5', opacity=1.0, ori=0, pos=array([-0.5 , -0.35]), rgb=array([255., 255., 255.]), text='default text', units='norm', win=Window(...), wrapWidth=1)
6.3054 	EXP 	Created question6 = TextStim(__class__=<class 'psychopy.visual.text.TextStim'>, alignHoriz='center', alignVert='center', antialias=True, autoLog=True, bold=False, color='white', colorSpace='named', contrast=1.0, depth=-1.0, flipHoriz=False, flipVert=False, font='Arial', fontFiles=[], height=0.1, italic=False, languageStyle='LTR', name='question6', opacity=1.0, ori=0, pos=array([-0.5 , -0.65]), rgb=array([255., 255., 255.]), text='default text', units='norm', win=Window(...), wrapWidth=2)
6.3058 	WARNING 	Requested image 'couples.jpg' not found but similar filename 'couples.jpeg' exists. This will be used instead but changing the filename is advised.
6.3637 	EXP 	Created image = ImageStim(__class__=<class 'psychopy.visual.image.ImageStim'>, autoLog=True, color=array([1., 1., 1.]), colorSpace='rgb', contrast=1.0, depth=0.0, flipHoriz=False, flipVert=False, image='couples.jpg', interpolate=True, mask=None, maskParams=None, name='image', opacity=1.0, ori=0.0, pos=array([0., 0.]), size=array([0.5, 0.5]), texRes=128, units='norm', win=Window(...))
6.3719 	EXP 	Imported whichRole.xlsx as conditions, 2 conditions, 8 params
6.3721 	EXP 	Created sequence: sequential, trialTypes=2, nReps=5, seed=None
6.3725 	EXP 	New trial (rep=0, index=0): OrderedDict([('Q1', 'What industry are the business people in?'), ('Q2', 'What is being negotiated and how much money is at stake?'), ('Q3', 'What is the response to the proposed deal?'), ('Q4', 'What comes about from the business proposal?'), ('D1', 'Is the deal fair?'), ('D2', 'How long does it take to make the deal?'), ('roleName', 'Business Reporter'), ('rolePic', 'business_reporter.jpg')])
6.4317 	EXP 	text_8: text = 'What industry are the business people in?'
6.4317 	EXP 	text_9: text = 'Business Reporter'
6.4317 	EXP 	image_5: image = 'business_reporter.jpg'
6.4317 	EXP 	text_8: autoDraw = True
6.4317 	EXP 	text_9: autoDraw = True
6.4317 	EXP 	image_5: autoDraw = True
6.7368 	DATA 	Keypress: space
6.7844 	EXP 	text_8: autoDraw = False
6.7844 	EXP 	text_9: autoDraw = False
6.7844 	EXP 	image_5: autoDraw = False
6.7844 	EXP 	text_10: text = 'What is being negotiated and how much money is at stake?'
6.7844 	EXP 	text_11: text = 'Business Reporter'
6.7844 	EXP 	image_6: image = 'business_reporter.jpg'
6.7844 	EXP 	text_10: autoDraw = True
6.7844 	EXP 	text_11: autoDraw = True
6.7844 	EXP 	image_6: autoDraw = True
6.9185 	DATA 	Keypress: space
6.9504 	EXP 	text_10: autoDraw = False
6.9504 	EXP 	text_11: autoDraw = False
6.9504 	EXP 	image_6: autoDraw = False
6.9504 	EXP 	text_13: text = 'What is the response to the proposed deal?'
6.9504 	EXP 	text_14: text = 'Business Reporter'
6.9504 	EXP 	image_7: image = 'business_reporter.jpg'
6.9504 	EXP 	text_13: autoDraw = True
6.9504 	EXP 	text_14: autoDraw = True
6.9504 	EXP 	image_7: autoDraw = True
7.0869 	DATA 	Keypress: space
7.1341 	EXP 	text_13: autoDraw = False
7.1341 	EXP 	text_14: autoDraw = False
7.1341 	EXP 	image_7: autoDraw = False
7.1341 	EXP 	text_15: text = 'What comes about from the business proposal?'
7.1341 	EXP 	text_16: text = 'Business Reporter'
7.1341 	EXP 	image_8: image = 'business_reporter.jpg'
7.1341 	EXP 	text_15: autoDraw = True
7.1341 	EXP 	text_16: autoDraw = True
7.1341 	EXP 	image_8: autoDraw = True
7.4694 	DATA 	Keypress: space
7.4753 	EXP 	Created unnamed ImageStim = ImageStim(__class__=<class 'psychopy.visual.image.ImageStim'>, autoLog=True, color=array([1., 1., 1.]), colorSpace='rgb', contrast=1.0, depth=0, flipHoriz=False, flipVert=False, image='checkmark.png', interpolate=False, mask=None, maskParams=None, name='unnamed ImageStim', opacity=1.0, ori=0.0, pos=array([0., 0.]), size=array([0.2703125 , 0.47222222]), texRes=128, units='norm', win=Window(...))
7.5349 	EXP 	text_15: autoDraw = False
7.5349 	EXP 	text_16: autoDraw = False
7.5349 	EXP 	image_8: autoDraw = False
7.5349 	EXP 	question1: text = 'Is the deal fair?'
7.5349 	EXP 	question2: text = 'What comes about from the business proposal?'
7.5349 	EXP 	question3: text = 'What is being negotiated and how much money is at stake?'
7.5349 	EXP 	question4: text = 'What is the response to the proposed deal?'
7.5349 	EXP 	question5: text = 'How long does it take to make the deal?'
7.5349 	EXP 	question6: text = 'What industry are the business people in?'
7.5349 	EXP 	question1: autoDraw = True
7.5349 	EXP 	question2: autoDraw = True
7.5349 	EXP 	question3: autoDraw = True
7.5349 	EXP 	question4: autoDraw = True
7.5349 	EXP 	question5: autoDraw = True
7.5349 	EXP 	question6: autoDraw = True
12.6202 	DATA 	Keypress: space
13.6044 	DATA 	Keypress: space
14.0371 	DATA 	Keypress: space
15.0539 	DATA 	Keypress: 5
15.0547 	EXP 	New trial (rep=0, index=1): OrderedDict([('Q1', 'How is the restaurant decorated?'), ('Q2', 'What are the menus like?'), ('Q3', 'What do the clients order?\n'), ('Q4', 'How do the clients like the food?'), ('D1', 'How old is the waiter?'), ('D2', 'What meal is being served?'), ('roleName', 'Restaurant Critic'), ('rolePic', 'restaurant_critic.jpg')])
15.0862 	EXP 	question1: autoDraw = False
15.0862 	EXP 	question2: autoDraw = False
15.0862 	EXP 	question3: autoDraw = False
15.0862 	EXP 	question4: autoDraw = False
15.0862 	EXP 	question5: autoDraw = False
15.0862 	EXP 	question6: autoDraw = False
15.0862 	EXP 	text_8: text = 'How is the restaurant decorated?'
15.0862 	EXP 	text_9: text = 'Restaurant Critic'
15.0862 	EXP 	image_5: image = 'restaurant_critic.jpg'
15.0862 	EXP 	text_8: autoDraw = True
15.0862 	EXP 	text_9: autoDraw = True
15.0862 	EXP 	image_5: autoDraw = True
15.8205 	DATA 	Keypress: space
15.8529 	EXP 	text_8: autoDraw = False
15.8529 	EXP 	text_9: autoDraw = False
15.8529 	EXP 	image_5: autoDraw = False
15.8529 	EXP 	text_10: text = 'What are the menus like?'
15.8529 	EXP 	text_11: text = 'Restaurant Critic'
15.8529 	EXP 	image_6: image = 'restaurant_critic.jpg'
15.8529 	EXP 	text_10: autoDraw = True
15.8529 	EXP 	text_11: autoDraw = True
15.8529 	EXP 	image_6: autoDraw = True
16.0892 	DATA 	Keypress: space
16.1206 	EXP 	text_10: autoDraw = False
16.1206 	EXP 	text_11: autoDraw = False
16.1206 	EXP 	image_6: autoDraw = False
16.1206 	EXP 	text_13: text = 'What do the clients order?\n'
16.1206 	EXP 	text_14: text = 'Restaurant Critic'
16.1206 	EXP 	image_7: image = 'restaurant_critic.jpg'
16.1206 	EXP 	text_13: autoDraw = True
16.1206 	EXP 	text_14: autoDraw = True
16.1206 	EXP 	image_7: autoDraw = True
16.3715 	DATA 	Keypress: space
16.4046 	EXP 	text_13: autoDraw = False
16.4046 	EXP 	text_14: autoDraw = False
16.4046 	EXP 	image_7: autoDraw = False
16.4046 	EXP 	text_15: text = 'How do the clients like the food?'
16.4046 	EXP 	text_16: text = 'Restaurant Critic'
16.4046 	EXP 	image_8: image = 'restaurant_critic.jpg'
16.4046 	EXP 	text_15: autoDraw = True
16.4046 	EXP 	text_16: autoDraw = True
16.4046 	EXP 	image_8: autoDraw = True
16.7057 	DATA 	Keypress: space
16.7110 	EXP 	Created unnamed ImageStim = ImageStim(__class__=<class 'psychopy.visual.image.ImageStim'>, autoLog=True, color=array([1., 1., 1.]), colorSpace='rgb', contrast=1.0, depth=0, flipHoriz=False, flipVert=False, image='checkmark.png', interpolate=False, mask=None, maskParams=None, name='unnamed ImageStim', opacity=1.0, ori=0.0, pos=array([0., 0.]), size=array([0.2703125 , 0.47222222]), texRes=128, units='norm', win=Window(...))
16.7649 	EXP 	text_15: autoDraw = False
16.7649 	EXP 	text_16: autoDraw = False
16.7649 	EXP 	image_8: autoDraw = False
16.7649 	EXP 	question1: text = 'What meal is being served?'
16.7649 	EXP 	question2: text = 'What are the menus like?'
16.7649 	EXP 	question3: text = 'How old is the waiter?'
16.7649 	EXP 	question4: text = 'What do the clients order?\n'
16.7649 	EXP 	question5: text = 'How is the restaurant decorated?'
16.7649 	EXP 	question6: text = 'How do the clients like the food?'
16.7649 	EXP 	question1: autoDraw = True
16.7649 	EXP 	question2: autoDraw = True
16.7649 	EXP 	question3: autoDraw = True
16.7649 	EXP 	question4: autoDraw = True
16.7649 	EXP 	question5: autoDraw = True
16.7649 	EXP 	question6: autoDraw = True
25.2070 	DATA 	Keypress: space
26.0423 	DATA 	Keypress: escape
26.3133 	EXP 	window1: mouseVisible = True
