3.9371 	WARNING 	User requested fullscreen with size [1024  768], but screen is actually [2560, 1440]. Using actual size
4.8351 	EXP 	Created window1 = Window(allowGUI=False, allowStencil=False, args=UNKNOWN, autoLog=True, bitsMode=UNKNOWN, blendMode='avg', color=array([0., 0., 0.]), colorSpace='rgb', fullscr=<method-wrapper '__getattribute__' of attributeSetter object at 0x1240a1d30>, gamma=None, kwargs=UNKNOWN, lms=UNKNOWN, monitor=<psychopy.monitors.calibTools.Monitor object at 0x125ca8400>, multiSample=False, name='window1', numSamples=2, pos=[0.0, 0.0], screen=0, size=array([5120, 2880]), stereo=False, units='norm', useFBO=True, useRetina=True, viewOri=0.0, viewPos=None, viewScale=None, waitBlanking=True, winType='pyglet')
4.8352 	EXP 	window1: recordFrameIntervals = False
5.0014 	EXP 	window1: recordFrameIntervals = True
5.1850 	EXP 	window1: recordFrameIntervals = False
5.2507 	EXP 	Created welcome = TextStim(__class__=<class 'psychopy.visual.text.TextStim'>, alignHoriz='center', alignVert='center', antialias=True, autoLog=True, bold=False, color='white', colorSpace='named', contrast=1.0, depth=0.0, flipHoriz=False, flipVert=False, font='Arial', fontFiles=[], height=0.1, italic=False, languageStyle='LTR', name='welcome', opacity=1.0, ori=0, pos=array([0., 0.]), rgb=array([255., 255., 255.]), text='default text', units='norm', win=Window(...), wrapWidth=1)
5.2540 	EXP 	Created text_12 = TextStim(__class__=<class 'psychopy.visual.text.TextStim'>, alignHoriz='center', alignVert='center', antialias=True, autoLog=True, bold=False, color='white', colorSpace='named', contrast=1.0, depth=-2.0, flipHoriz=False, flipVert=False, font='Arial', fontFiles=[], height=0.1, italic=False, languageStyle='LTR', name='text_12', opacity=1.0, ori=0, pos=array([ 0. , -0.6]), rgb=array([255., 255., 255.]), text='default text', units='norm', win=Window(...), wrapWidth=1)
5.2555 	EXP 	Created image = ImageStim(__class__=<class 'psychopy.visual.image.ImageStim'>, autoLog=True, color=array([1., 1., 1.]), colorSpace='rgb', contrast=1.0, depth=0.0, flipHoriz=False, flipVert=False, image='sin', interpolate=True, mask=None, maskParams=None, name='image', opacity=1.0, ori=0.0, pos=array([0., 0.]), size=array([0.5, 0.5]), texRes=128, units='norm', win=Window(...))
5.2587 	EXP 	Created text_2 = TextStim(__class__=<class 'psychopy.visual.text.TextStim'>, alignHoriz='center', alignVert='center', antialias=True, autoLog=True, bold=False, color='white', colorSpace='named', contrast=1.0, depth=-2.0, flipHoriz=False, flipVert=False, font='Arial', fontFiles=[], height=0.1, italic=False, languageStyle='LTR', name='text_2', opacity=1.0, ori=0, pos=array([ 0. , -0.5]), rgb=array([255., 255., 255.]), text='default text', units='norm', win=Window(...), wrapWidth=1)
5.2619 	EXP 	Created welcome = TextStim(__class__=<class 'psychopy.visual.text.TextStim'>, alignHoriz='center', alignVert='center', antialias=True, autoLog=True, bold=False, color='white', colorSpace='named', contrast=1.0, depth=0.0, flipHoriz=False, flipVert=False, font='Arial', fontFiles=[], height=0.1, italic=False, languageStyle='LTR', name='welcome', opacity=1.0, ori=0, pos=array([0., 0.]), rgb=array([255., 255., 255.]), text='default text', units='norm', win=Window(...), wrapWidth=1)
5.2653 	EXP 	Created text_12 = TextStim(__class__=<class 'psychopy.visual.text.TextStim'>, alignHoriz='center', alignVert='center', antialias=True, autoLog=True, bold=False, color='white', colorSpace='named', contrast=1.0, depth=-2.0, flipHoriz=False, flipVert=False, font='Arial', fontFiles=[], height=0.1, italic=False, languageStyle='LTR', name='text_12', opacity=1.0, ori=0, pos=array([ 0. , -0.6]), rgb=array([255., 255., 255.]), text='default text', units='norm', win=Window(...), wrapWidth=1)
5.2685 	EXP 	Created text_18 = TextStim(__class__=<class 'psychopy.visual.text.TextStim'>, alignHoriz='center', alignVert='center', antialias=True, autoLog=True, bold=False, color='white', colorSpace='named', contrast=1.0, depth=0.0, flipHoriz=False, flipVert=False, font='Arial', fontFiles=[], height=0.1, italic=False, languageStyle='LTR', name='text_18', opacity=1.0, ori=0, pos=array([-0.25,  0.25]), rgb=array([255., 255., 255.]), text='default text', units='norm', win=Window(...), wrapWidth=0.5)
5.2697 	EXP 	Created image_9 = ImageStim(__class__=<class 'psychopy.visual.image.ImageStim'>, autoLog=True, color=array([1., 1., 1.]), colorSpace='rgb', contrast=1.0, depth=-1.0, flipHoriz=False, flipVert=False, image='sin', interpolate=True, mask=None, maskParams=None, name='image_9', opacity=1.0, ori=0.0, pos=array([0.25, 0.25]), size=array([0.5, 0.5]), texRes=128, units='norm', win=Window(...))
5.2729 	EXP 	Created text_8 = TextStim(__class__=<class 'psychopy.visual.text.TextStim'>, alignHoriz='center', alignVert='center', antialias=True, autoLog=True, bold=False, color='white', colorSpace='named', contrast=1.0, depth=0.0, flipHoriz=False, flipVert=False, font='Arial', fontFiles=[], height=0.1, italic=False, languageStyle='LTR', name='text_8', opacity=1.0, ori=0, pos=array([ 0. , -0.4]), rgb=array([255., 255., 255.]), text='default text', units='norm', win=Window(...), wrapWidth=1)
5.2761 	EXP 	Created text_9 = TextStim(__class__=<class 'psychopy.visual.text.TextStim'>, alignHoriz='center', alignVert='center', antialias=True, autoLog=True, bold=False, color='white', colorSpace='named', contrast=1.0, depth=-1.0, flipHoriz=False, flipVert=False, font='Arial', fontFiles=[], height=0.1, italic=False, languageStyle='LTR', name='text_9', opacity=1.0, ori=0, pos=array([-0.25,  0.25]), rgb=array([255., 255., 255.]), text='default text', units='norm', win=Window(...), wrapWidth=0.5)
5.2774 	EXP 	Created image_5 = ImageStim(__class__=<class 'psychopy.visual.image.ImageStim'>, autoLog=True, color=array([1., 1., 1.]), colorSpace='rgb', contrast=1.0, depth=-2.0, flipHoriz=False, flipVert=False, image='sin', interpolate=True, mask=None, maskParams=None, name='image_5', opacity=1.0, ori=0.0, pos=array([0.25, 0.25]), size=array([0.5, 0.5]), texRes=128, units='norm', win=Window(...))
5.2808 	EXP 	Created text_10 = TextStim(__class__=<class 'psychopy.visual.text.TextStim'>, alignHoriz='center', alignVert='center', antialias=True, autoLog=True, bold=False, color='white', colorSpace='named', contrast=1.0, depth=0.0, flipHoriz=False, flipVert=False, font='Arial', fontFiles=[], height=0.1, italic=False, languageStyle='LTR', name='text_10', opacity=1.0, ori=0, pos=array([ 0. , -0.4]), rgb=array([255., 255., 255.]), text='default text', units='norm', win=Window(...), wrapWidth=1)
5.2839 	EXP 	Created text_11 = TextStim(__class__=<class 'psychopy.visual.text.TextStim'>, alignHoriz='center', alignVert='center', antialias=True, autoLog=True, bold=False, color='white', colorSpace='named', contrast=1.0, depth=-1.0, flipHoriz=False, flipVert=False, font='Arial', fontFiles=[], height=0.1, italic=False, languageStyle='LTR', name='text_11', opacity=1.0, ori=0, pos=array([-0.25,  0.25]), rgb=array([255., 255., 255.]), text='default text', units='norm', win=Window(...), wrapWidth=0.5)
5.2851 	EXP 	Created image_6 = ImageStim(__class__=<class 'psychopy.visual.image.ImageStim'>, autoLog=True, color=array([1., 1., 1.]), colorSpace='rgb', contrast=1.0, depth=-2.0, flipHoriz=False, flipVert=False, image='sin', interpolate=True, mask=None, maskParams=None, name='image_6', opacity=1.0, ori=0.0, pos=array([0.25, 0.25]), size=array([0.5, 0.5]), texRes=128, units='norm', win=Window(...))
5.2884 	EXP 	Created text_13 = TextStim(__class__=<class 'psychopy.visual.text.TextStim'>, alignHoriz='center', alignVert='center', antialias=True, autoLog=True, bold=False, color='white', colorSpace='named', contrast=1.0, depth=0.0, flipHoriz=False, flipVert=False, font='Arial', fontFiles=[], height=0.1, italic=False, languageStyle='LTR', name='text_13', opacity=1.0, ori=0, pos=array([ 0. , -0.4]), rgb=array([255., 255., 255.]), text='default text', units='norm', win=Window(...), wrapWidth=1)
5.2916 	EXP 	Created text_14 = TextStim(__class__=<class 'psychopy.visual.text.TextStim'>, alignHoriz='center', alignVert='center', antialias=True, autoLog=True, bold=False, color='white', colorSpace='named', contrast=1.0, depth=-1.0, flipHoriz=False, flipVert=False, font='Arial', fontFiles=[], height=0.1, italic=False, languageStyle='LTR', name='text_14', opacity=1.0, ori=0, pos=array([-0.25,  0.25]), rgb=array([255., 255., 255.]), text='default text', units='norm', win=Window(...), wrapWidth=0.5)
5.2928 	EXP 	Created image_7 = ImageStim(__class__=<class 'psychopy.visual.image.ImageStim'>, autoLog=True, color=array([1., 1., 1.]), colorSpace='rgb', contrast=1.0, depth=-2.0, flipHoriz=False, flipVert=False, image='sin', interpolate=True, mask=None, maskParams=None, name='image_7', opacity=1.0, ori=0.0, pos=array([0.25, 0.25]), size=array([0.5, 0.5]), texRes=128, units='norm', win=Window(...))
5.2973 	EXP 	Created text_15 = TextStim(__class__=<class 'psychopy.visual.text.TextStim'>, alignHoriz='center', alignVert='center', antialias=True, autoLog=True, bold=False, color='white', colorSpace='named', contrast=1.0, depth=0.0, flipHoriz=False, flipVert=False, font='Arial', fontFiles=[], height=0.1, italic=False, languageStyle='LTR', name='text_15', opacity=1.0, ori=0, pos=array([ 0. , -0.4]), rgb=array([255., 255., 255.]), text='default text', units='norm', win=Window(...), wrapWidth=1)
5.3007 	EXP 	Created text_16 = TextStim(__class__=<class 'psychopy.visual.text.TextStim'>, alignHoriz='center', alignVert='center', antialias=True, autoLog=True, bold=False, color='white', colorSpace='named', contrast=1.0, depth=-1.0, flipHoriz=False, flipVert=False, font='Arial', fontFiles=[], height=0.1, italic=False, languageStyle='LTR', name='text_16', opacity=1.0, ori=0, pos=array([-0.25,  0.25]), rgb=array([255., 255., 255.]), text='default text', units='norm', win=Window(...), wrapWidth=0.5)
5.3019 	EXP 	Created image_8 = ImageStim(__class__=<class 'psychopy.visual.image.ImageStim'>, autoLog=True, color=array([1., 1., 1.]), colorSpace='rgb', contrast=1.0, depth=-2.0, flipHoriz=False, flipVert=False, image='sin', interpolate=True, mask=None, maskParams=None, name='image_8', opacity=1.0, ori=0.0, pos=array([0.25, 0.25]), size=array([0.5, 0.5]), texRes=128, units='norm', win=Window(...))
5.3244 	EXP 	Created text_5 = TextStim(__class__=<class 'psychopy.visual.text.TextStim'>, alignHoriz='center', alignVert='center', antialias=True, autoLog=True, bold=False, color='white', colorSpace='named', contrast=1.0, depth=0.0, flipHoriz=False, flipVert=False, font='Arial', fontFiles=[], height=0.1, italic=False, languageStyle='LTR', name='text_5', opacity=1.0, ori=0, pos=array([0., 0.]), rgb=array([255., 255., 255.]), text=str(...), units='norm', win=Window(...), wrapWidth=1)
5.3276 	EXP 	Created question1_2 = TextStim(__class__=<class 'psychopy.visual.text.TextStim'>, alignHoriz='center', alignVert='center', antialias=True, autoLog=True, bold=False, color='white', colorSpace='named', contrast=1.0, depth=-1.0, flipHoriz=False, flipVert=False, font='Arial', fontFiles=[], height=0.1, italic=False, languageStyle='LTR', name='question1_2', opacity=1.0, ori=0, pos=array([0. , 0.6]), rgb=array([255., 255., 255.]), text='default text', units='norm', win=Window(...), wrapWidth=2)
5.3309 	EXP 	Created question2_2 = TextStim(__class__=<class 'psychopy.visual.text.TextStim'>, alignHoriz='center', alignVert='center', antialias=True, autoLog=True, bold=False, color='white', colorSpace='named', contrast=1.0, depth=-2.0, flipHoriz=False, flipVert=False, font='Arial', fontFiles=[], height=0.1, italic=False, languageStyle='LTR', name='question2_2', opacity=1.0, ori=0, pos=array([0.  , 0.35]), rgb=array([255., 255., 255.]), text='default text', units='norm', win=Window(...), wrapWidth=2)
5.3342 	EXP 	Created question3_2 = TextStim(__class__=<class 'psychopy.visual.text.TextStim'>, alignHoriz='center', alignVert='center', antialias=True, autoLog=True, bold=False, color='white', colorSpace='named', contrast=1.0, depth=-3.0, flipHoriz=False, flipVert=False, font='Arial', fontFiles=[], height=0.1, italic=False, languageStyle='LTR', name='question3_2', opacity=1.0, ori=0, pos=array([0.  , 0.12]), rgb=array([255., 255., 255.]), text='default text', units='norm', win=Window(...), wrapWidth=2)
5.3374 	EXP 	Created question4_2 = TextStim(__class__=<class 'psychopy.visual.text.TextStim'>, alignHoriz='center', alignVert='center', antialias=True, autoLog=True, bold=False, color='white', colorSpace='named', contrast=1.0, depth=-4.0, flipHoriz=False, flipVert=False, font='Arial', fontFiles=[], height=0.1, italic=False, languageStyle='LTR', name='question4_2', opacity=1.0, ori=0, pos=array([ 0.  , -0.12]), rgb=array([255., 255., 255.]), text='default text', units='norm', win=Window(...), wrapWidth=2)
5.3406 	EXP 	Created question5_2 = TextStim(__class__=<class 'psychopy.visual.text.TextStim'>, alignHoriz='center', alignVert='center', antialias=True, autoLog=True, bold=False, color='white', colorSpace='named', contrast=1.0, depth=-5.0, flipHoriz=False, flipVert=False, font='Arial', fontFiles=[], height=0.1, italic=False, languageStyle='LTR', name='question5_2', opacity=1.0, ori=0, pos=array([ 0.  , -0.35]), rgb=array([255., 255., 255.]), text='default text', units='norm', win=Window(...), wrapWidth=2)
5.3438 	EXP 	Created question6_2 = TextStim(__class__=<class 'psychopy.visual.text.TextStim'>, alignHoriz='center', alignVert='center', antialias=True, autoLog=True, bold=False, color='white', colorSpace='named', contrast=1.0, depth=-6.0, flipHoriz=False, flipVert=False, font='Arial', fontFiles=[], height=0.1, italic=False, languageStyle='LTR', name='question6_2', opacity=1.0, ori=0, pos=array([ 0. , -0.6]), rgb=array([255., 255., 255.]), text='default text', units='norm', win=Window(...), wrapWidth=2)
5.3452 	EXP 	Created image_3 = ImageStim(__class__=<class 'psychopy.visual.image.ImageStim'>, autoLog=True, color=array([1., 1., 1.]), colorSpace='rgb', contrast=1.0, depth=-8.0, flipHoriz=False, flipVert=False, image='sin', interpolate=True, mask=None, maskParams=None, name='image_3', opacity=1.0, ori=0.0, pos=array([ 0.  , -0.85]), size=array([0.25 , 0.125]), texRes=128, units='norm', win=Window(...))
5.3500 	EXP 	Created text_3 = TextStim(__class__=<class 'psychopy.visual.text.TextStim'>, alignHoriz='center', alignVert='center', antialias=True, autoLog=True, bold=False, color='white', colorSpace='named', contrast=1.0, depth=0.0, flipHoriz=False, flipVert=False, font='Arial', fontFiles=[], height=0.1, italic=False, languageStyle='LTR', name='text_3', opacity=1.0, ori=0, pos=array([0., 0.]), rgb=array([255., 255., 255.]), text='Final Tests', units='norm', win=Window(...), wrapWidth=1)
5.3512 	EXP 	Created image_2 = ImageStim(__class__=<class 'psychopy.visual.image.ImageStim'>, autoLog=True, color=array([1., 1., 1.]), colorSpace='rgb', contrast=1.0, depth=0.0, flipHoriz=False, flipVert=False, image='sin', interpolate=True, mask=None, maskParams=None, name='image_2', opacity=1.0, ori=0.0, pos=array([0., 0.]), size=array([0.5, 0.5]), texRes=128, units='norm', win=Window(...))
5.3544 	EXP 	Created text_4 = TextStim(__class__=<class 'psychopy.visual.text.TextStim'>, alignHoriz='center', alignVert='center', antialias=True, autoLog=True, bold=False, color='white', colorSpace='named', contrast=1.0, depth=-2.0, flipHoriz=False, flipVert=False, font='Arial', fontFiles=[], height=0.1, italic=False, languageStyle='LTR', name='text_4', opacity=1.0, ori=0, pos=array([ 0. , -0.5]), rgb=array([255., 255., 255.]), text='default text', units='norm', win=Window(...), wrapWidth=1)
5.3576 	EXP 	Created question1_3 = TextStim(__class__=<class 'psychopy.visual.text.TextStim'>, alignHoriz='center', alignVert='center', antialias=True, autoLog=True, bold=False, color='white', colorSpace='named', contrast=1.0, depth=-1.0, flipHoriz=False, flipVert=False, font='Arial', fontFiles=[], height=0.1, italic=False, languageStyle='LTR', name='question1_3', opacity=1.0, ori=0, pos=array([0. , 0.6]), rgb=array([255., 255., 255.]), text='default text', units='norm', win=Window(...), wrapWidth=2)
5.3609 	EXP 	Created question2_3 = TextStim(__class__=<class 'psychopy.visual.text.TextStim'>, alignHoriz='center', alignVert='center', antialias=True, autoLog=True, bold=False, color='white', colorSpace='named', contrast=1.0, depth=-2.0, flipHoriz=False, flipVert=False, font='Arial', fontFiles=[], height=0.1, italic=False, languageStyle='LTR', name='question2_3', opacity=1.0, ori=0, pos=array([0.  , 0.35]), rgb=array([255., 255., 255.]), text='default text', units='norm', win=Window(...), wrapWidth=2)
5.3641 	EXP 	Created question3_3 = TextStim(__class__=<class 'psychopy.visual.text.TextStim'>, alignHoriz='center', alignVert='center', antialias=True, autoLog=True, bold=False, color='white', colorSpace='named', contrast=1.0, depth=-3.0, flipHoriz=False, flipVert=False, font='Arial', fontFiles=[], height=0.1, italic=False, languageStyle='LTR', name='question3_3', opacity=1.0, ori=0, pos=array([0.  , 0.12]), rgb=array([255., 255., 255.]), text='default text', units='norm', win=Window(...), wrapWidth=2)
5.3675 	EXP 	Created question4_3 = TextStim(__class__=<class 'psychopy.visual.text.TextStim'>, alignHoriz='center', alignVert='center', antialias=True, autoLog=True, bold=False, color='white', colorSpace='named', contrast=1.0, depth=-4.0, flipHoriz=False, flipVert=False, font='Arial', fontFiles=[], height=0.1, italic=False, languageStyle='LTR', name='question4_3', opacity=1.0, ori=0, pos=array([ 0.  , -0.12]), rgb=array([255., 255., 255.]), text='default text', units='norm', win=Window(...), wrapWidth=2)
5.3707 	EXP 	Created question5_3 = TextStim(__class__=<class 'psychopy.visual.text.TextStim'>, alignHoriz='center', alignVert='center', antialias=True, autoLog=True, bold=False, color='white', colorSpace='named', contrast=1.0, depth=-5.0, flipHoriz=False, flipVert=False, font='Arial', fontFiles=[], height=0.1, italic=False, languageStyle='LTR', name='question5_3', opacity=1.0, ori=0, pos=array([ 0.  , -0.35]), rgb=array([255., 255., 255.]), text='default text', units='norm', win=Window(...), wrapWidth=2)
5.3739 	EXP 	Created question6_3 = TextStim(__class__=<class 'psychopy.visual.text.TextStim'>, alignHoriz='center', alignVert='center', antialias=True, autoLog=True, bold=False, color='white', colorSpace='named', contrast=1.0, depth=-6.0, flipHoriz=False, flipVert=False, font='Arial', fontFiles=[], height=0.1, italic=False, languageStyle='LTR', name='question6_3', opacity=1.0, ori=0, pos=array([ 0. , -0.6]), rgb=array([255., 255., 255.]), text='default text', units='norm', win=Window(...), wrapWidth=2)
5.3752 	EXP 	Created image_4 = ImageStim(__class__=<class 'psychopy.visual.image.ImageStim'>, autoLog=True, color=array([1., 1., 1.]), colorSpace='rgb', contrast=1.0, depth=-8.0, flipHoriz=False, flipVert=False, image='sin', interpolate=True, mask=None, maskParams=None, name='image_4', opacity=1.0, ori=0.0, pos=array([ 0.  , -0.85]), size=array([0.25 , 0.125]), texRes=128, units='norm', win=Window(...))
5.3787 	EXP 	Created text_6 = TextStim(__class__=<class 'psychopy.visual.text.TextStim'>, alignHoriz='center', alignVert='center', antialias=True, autoLog=True, bold=False, color='white', colorSpace='named', contrast=1.0, depth=-1.0, flipHoriz=False, flipVert=False, font='Arial', fontFiles=[], height=0.1, italic=False, languageStyle='LTR', name='text_6', opacity=1.0, ori=0, pos=array([0., 0.]), rgb=array([255., 255., 255.]), text='default text', units='norm', win=Window(...), wrapWidth=1)
5.3827 	EXP 	Created text = TextStim(__class__=<class 'psychopy.visual.text.TextStim'>, alignHoriz='center', alignVert='center', antialias=True, autoLog=True, bold=False, color='white', colorSpace='named', contrast=1.0, depth=0.0, flipHoriz=False, flipVert=False, font='Arial', fontFiles=[], height=0.1, italic=False, languageStyle='LTR', name='text', opacity=1.0, ori=0, pos=array([0., 0.]), rgb=array([255., 255., 255.]), text='end of introduction', units='norm', win=Window(...), wrapWidth=1)
5.3941 	EXP 	Imported instructions.xlsx as conditions, 7 conditions, 2 params
5.3943 	EXP 	Created sequence: sequential, trialTypes=7, nReps=1, seed=None
5.3945 	EXP 	New trial (rep=0, index=0): OrderedDict([('instruct_text', 'Welcome to the Job Simulator Task!'), ('instruct_text2', '(press the space bar to continue)')])
5.4302 	EXP 	welcome: text = 'Welcome to the Job Simulator Task!'
5.4302 	EXP 	text_12: text = '(press the space bar to continue)'
5.4302 	EXP 	welcome: autoDraw = True
5.4302 	EXP 	text_12: autoDraw = True
10.8345 	DATA 	Keypress: space
10.8355 	EXP 	New trial (rep=0, index=1): OrderedDict([('instruct_text', 'In this task, you first be introduced to the perspectives of 8 different careers. '), ('instruct_text2', None)])
10.8652 	EXP 	welcome: autoDraw = False
10.8652 	EXP 	text_12: autoDraw = False
10.8652 	EXP 	welcome: text = 'In this task, you first be introduced to the perspectives of 8 different careers. '
10.8652 	EXP 	text_12: text = '(press the space bar to continue)'
10.8652 	EXP 	welcome: autoDraw = True
10.8652 	EXP 	text_12: autoDraw = True
16.8701 	DATA 	Keypress: space
16.8709 	EXP 	New trial (rep=0, index=2): OrderedDict([('instruct_text', 'Then, you will learn 4 questions associated with each perspective. '), ('instruct_text2', None)])
16.9015 	EXP 	welcome: autoDraw = False
16.9015 	EXP 	text_12: autoDraw = False
16.9015 	EXP 	welcome: text = 'Then, you will learn 4 questions associated with each perspective. '
16.9015 	EXP 	text_12: text = '(press the space bar to continue)'
16.9015 	EXP 	welcome: autoDraw = True
16.9015 	EXP 	text_12: autoDraw = True
32.2402 	DATA 	Keypress: space
32.2409 	EXP 	New trial (rep=0, index=3): OrderedDict([('instruct_text', 'Subsequently, you will thoroughly read 16 stories while assuming one of those 8 perspectives. '), ('instruct_text2', None)])
32.2722 	EXP 	welcome: autoDraw = False
32.2722 	EXP 	text_12: autoDraw = False
32.2722 	EXP 	welcome: text = 'Subsequently, you will thoroughly read 16 stories while assuming one of those 8 perspectives. '
32.2722 	EXP 	text_12: text = '(press the space bar to continue)'
32.2722 	EXP 	welcome: autoDraw = True
32.2722 	EXP 	text_12: autoDraw = True
37.5430 	DATA 	Keypress: space
37.5437 	EXP 	New trial (rep=0, index=4): OrderedDict([('instruct_text', 'While reading, try to remember the questions of the perspective you have assumed. '), ('instruct_text2', None)])
37.5740 	EXP 	welcome: autoDraw = False
37.5740 	EXP 	text_12: autoDraw = False
37.5740 	EXP 	welcome: text = 'While reading, try to remember the questions of the perspective you have assumed. '
37.5740 	EXP 	text_12: text = '(press the space bar to continue)'
37.5740 	EXP 	welcome: autoDraw = True
37.5740 	EXP 	text_12: autoDraw = True
41.7444 	DATA 	Keypress: space
41.7451 	EXP 	New trial (rep=0, index=5): OrderedDict([('instruct_text', 'After, you will be asked to answer these questions about the stories you have read. '), ('instruct_text2', None)])
41.7763 	EXP 	welcome: autoDraw = False
41.7763 	EXP 	text_12: autoDraw = False
41.7763 	EXP 	welcome: text = 'After, you will be asked to answer these questions about the stories you have read. '
41.7763 	EXP 	text_12: text = '(press the space bar to continue)'
41.7763 	EXP 	welcome: autoDraw = True
41.7763 	EXP 	text_12: autoDraw = True
43.4113 	DATA 	Keypress: space
43.4120 	EXP 	New trial (rep=0, index=6): OrderedDict([('instruct_text', 'The 8 perspectives are as follows:'), ('instruct_text2', None)])
43.4435 	EXP 	welcome: autoDraw = False
43.4435 	EXP 	text_12: autoDraw = False
43.4435 	EXP 	welcome: text = 'The 8 perspectives are as follows:'
43.4435 	EXP 	text_12: text = '(press the space bar to continue)'
43.4435 	EXP 	welcome: autoDraw = True
43.4435 	EXP 	text_12: autoDraw = True
44.5110 	DATA 	Keypress: space
44.5353 	EXP 	Imported jobsPics.xlsx as conditions, 8 conditions, 2 params
44.5536 	EXP 	Created sequence: random, trialTypes=8, nReps=1, seed=None
44.5538 	EXP 	New trial (rep=0, index=0): OrderedDict([('rolePic', 'jobphotos/business_reporter.jpg'), ('job', 'Business Reporter')])
44.6426 	EXP 	welcome: autoDraw = False
44.6426 	EXP 	text_12: autoDraw = False
44.6426 	EXP 	image: image = 'jobphotos/business_reporter.jpg'
44.6426 	EXP 	text_2: text = 'Business Reporter'
44.6426 	EXP 	image: autoDraw = True
44.6426 	EXP 	text_2: autoDraw = True
45.4774 	DATA 	Keypress: space
45.4782 	EXP 	New trial (rep=0, index=1): OrderedDict([('rolePic', 'jobphotos/restaurant_critic.jpg'), ('job', 'Restaurant Critic')])
45.5263 	EXP 	image: autoDraw = False
45.5263 	EXP 	text_2: autoDraw = False
45.5263 	EXP 	image: image = 'jobphotos/restaurant_critic.jpg'
45.5263 	EXP 	text_2: text = 'Restaurant Critic'
45.5263 	EXP 	image: autoDraw = True
45.5263 	EXP 	text_2: autoDraw = True
47.3131 	DATA 	Keypress: space
47.3287 	EXP 	New trial (rep=0, index=2): OrderedDict([('rolePic', 'jobphotos/gscem.jpg'), ('job', 'Grocery Store Customer Experience Manager\n')])
47.3613 	EXP 	image: autoDraw = False
47.3613 	EXP 	text_2: autoDraw = False
47.3613 	EXP 	image: image = 'jobphotos/gscem.jpg'
47.3613 	EXP 	text_2: text = 'Grocery Store Customer Experience Manager\n'
47.3613 	EXP 	image: autoDraw = True
47.3613 	EXP 	text_2: autoDraw = True
48.5955 	DATA 	Keypress: space
48.5963 	EXP 	New trial (rep=0, index=3): OrderedDict([('rolePic', 'jobphotos/weddingplanner.jpg'), ('job', 'Wedding Planner')])
48.6440 	EXP 	image: autoDraw = False
48.6440 	EXP 	text_2: autoDraw = False
48.6440 	EXP 	image: image = 'jobphotos/weddingplanner.jpg'
48.6440 	EXP 	text_2: text = 'Wedding Planner'
48.6440 	EXP 	image: autoDraw = True
48.6440 	EXP 	text_2: autoDraw = True
50.0467 	DATA 	Keypress: space
50.0617 	EXP 	New trial (rep=0, index=4): OrderedDict([('rolePic', 'jobphotos/couples.jpeg'), ('job', 'Couples Therapist\n')])
50.0619 	WARNING 	Requested image 'jobphotos/couples.jpeg' not found but similar filename 'jobphotos/couples.jpg' exists. This will be used instead but changing the filename is advised.
50.1111 	EXP 	image: autoDraw = False
50.1111 	EXP 	text_2: autoDraw = False
50.1111 	EXP 	image: image = 'jobphotos/couples.jpeg'
50.1111 	EXP 	text_2: text = 'Couples Therapist\n'
50.1111 	EXP 	image: autoDraw = True
50.1111 	EXP 	text_2: autoDraw = True
50.8622 	DATA 	Keypress: space
50.8628 	EXP 	New trial (rep=0, index=5): OrderedDict([('rolePic', 'jobphotos/dean.jpg'), ('job', 'Dean of Academic Studies')])
50.9110 	EXP 	image: autoDraw = False
50.9110 	EXP 	text_2: autoDraw = False
50.9110 	EXP 	image: image = 'jobphotos/dean.jpg'
50.9110 	EXP 	text_2: text = 'Dean of Academic Studies'
50.9110 	EXP 	image: autoDraw = True
50.9110 	EXP 	text_2: autoDraw = True
51.4960 	DATA 	Keypress: space
51.4967 	EXP 	New trial (rep=0, index=6): OrderedDict([('rolePic', 'jobphotos/acem.jpg'), ('job', 'Airport Customer Experience Manager')])
51.6764 	EXP 	image: autoDraw = False
51.6764 	EXP 	text_2: autoDraw = False
51.6764 	EXP 	image: image = 'jobphotos/acem.jpg'
51.6764 	EXP 	text_2: text = 'Airport Customer Experience Manager'
51.6764 	EXP 	image: autoDraw = True
51.6764 	EXP 	text_2: autoDraw = True
52.0968 	DATA 	Keypress: space
52.0975 	EXP 	New trial (rep=0, index=7): OrderedDict([('rolePic', 'jobphotos/matchmaker.jpg'), ('job', 'Matchmaker')])
52.1287 	EXP 	image: autoDraw = False
52.1287 	EXP 	text_2: autoDraw = False
52.1287 	EXP 	image: image = 'jobphotos/matchmaker.jpg'
52.1287 	EXP 	text_2: text = 'Matchmaker'
52.1287 	EXP 	image: autoDraw = True
52.1287 	EXP 	text_2: autoDraw = True
52.4806 	DATA 	Keypress: space
52.4984 	EXP 	Imported instructions2.xlsx as conditions, 10 conditions, 2 params
52.4986 	EXP 	Created sequence: sequential, trialTypes=10, nReps=1, seed=None
52.4988 	EXP 	New trial (rep=0, index=0): OrderedDict([('instruct_text', 'In addition to reading all 16 stories, your task will be to answer perspective-related questions about each story.\n'), ('instruct_text2', '(press the space bar to continue)')])
52.5296 	EXP 	image: autoDraw = False
52.5296 	EXP 	text_2: autoDraw = False
52.5296 	EXP 	welcome: text = 'In addition to reading all 16 stories, your task will be to answer perspective-related questions about each story.\n'
52.5296 	EXP 	text_12: text = '(press the space bar to continue)'
52.5296 	EXP 	welcome: autoDraw = True
52.5296 	EXP 	text_12: autoDraw = True
59.7330 	DATA 	Keypress: space
59.7339 	EXP 	New trial (rep=0, index=1): OrderedDict([('instruct_text', 'You will answer the questions about each story after reading all 16 stories. '), ('instruct_text2', None)])
59.7641 	EXP 	welcome: autoDraw = False
59.7641 	EXP 	text_12: autoDraw = False
59.7641 	EXP 	welcome: text = 'You will answer the questions about each story after reading all 16 stories. '
59.7641 	EXP 	text_12: text = '(press the space bar to continue)'
59.7641 	EXP 	welcome: autoDraw = True
59.7641 	EXP 	text_12: autoDraw = True
60.8156 	DATA 	Keypress: space
60.8163 	EXP 	New trial (rep=0, index=2): OrderedDict([('instruct_text', 'There will be four questions to answer per story.'), ('instruct_text2', None)])
60.8478 	EXP 	welcome: autoDraw = False
60.8478 	EXP 	text_12: autoDraw = False
60.8478 	EXP 	welcome: text = 'There will be four questions to answer per story.'
60.8478 	EXP 	text_12: text = '(press the space bar to continue)'
60.8478 	EXP 	welcome: autoDraw = True
60.8478 	EXP 	text_12: autoDraw = True
61.1824 	DATA 	Keypress: space
61.1831 	EXP 	New trial (rep=0, index=3): OrderedDict([('instruct_text', 'These questions are determined by the perspective you take during the story. '), ('instruct_text2', None)])
61.2145 	EXP 	welcome: autoDraw = False
61.2145 	EXP 	text_12: autoDraw = False
61.2145 	EXP 	welcome: text = 'These questions are determined by the perspective you take during the story. '
61.2145 	EXP 	text_12: text = '(press the space bar to continue)'
61.2145 	EXP 	welcome: autoDraw = True
61.2145 	EXP 	text_12: autoDraw = True
61.5671 	DATA 	Keypress: space
61.5819 	EXP 	New trial (rep=0, index=4): OrderedDict([('instruct_text', 'The questions will be the same for the stories read with the same perspective. '), ('instruct_text2', None)])
61.6143 	EXP 	welcome: autoDraw = False
61.6143 	EXP 	text_12: autoDraw = False
61.6143 	EXP 	welcome: text = 'The questions will be the same for the stories read with the same perspective. '
61.6143 	EXP 	text_12: text = '(press the space bar to continue)'
61.6143 	EXP 	welcome: autoDraw = True
61.6143 	EXP 	text_12: autoDraw = True
61.9004 	DATA 	Keypress: space
61.9011 	EXP 	New trial (rep=0, index=5): OrderedDict([('instruct_text', 'Before reading the stories, you will learn the questions associated with each career perspective in order to help you answer them. '), ('instruct_text2', None)])
61.9324 	EXP 	welcome: autoDraw = False
61.9324 	EXP 	text_12: autoDraw = False
61.9324 	EXP 	welcome: text = 'Before reading the stories, you will learn the questions associated with each career perspective in order to help you answer them. '
61.9324 	EXP 	text_12: text = '(press the space bar to continue)'
61.9324 	EXP 	welcome: autoDraw = True
61.9324 	EXP 	text_12: autoDraw = True
62.2000 	DATA 	Keypress: space
62.2006 	EXP 	New trial (rep=0, index=6): OrderedDict([('instruct_text', 'You will have to try to learn these questions with a series of pre-task quizzes.'), ('instruct_text2', None)])
62.2328 	EXP 	welcome: autoDraw = False
62.2328 	EXP 	text_12: autoDraw = False
62.2328 	EXP 	welcome: text = 'You will have to try to learn these questions with a series of pre-task quizzes.'
62.2328 	EXP 	text_12: text = '(press the space bar to continue)'
62.2328 	EXP 	welcome: autoDraw = True
62.2328 	EXP 	text_12: autoDraw = True
62.4672 	DATA 	Keypress: space
62.4679 	EXP 	New trial (rep=0, index=7): OrderedDict([('instruct_text', 'Once the story-reading task has begun, remember your answers to the questions for each story.'), ('instruct_text2', None)])
62.4994 	EXP 	welcome: autoDraw = False
62.4994 	EXP 	text_12: autoDraw = False
62.4994 	EXP 	welcome: text = 'Once the story-reading task has begun, remember your answers to the questions for each story.'
62.4994 	EXP 	text_12: text = '(press the space bar to continue)'
62.4994 	EXP 	welcome: autoDraw = True
62.4994 	EXP 	text_12: autoDraw = True
62.7834 	DATA 	Keypress: space
62.7840 	EXP 	New trial (rep=0, index=8): OrderedDict([('instruct_text', 'Again, you will be asked about the answers to these questions for each story at end of the experiment. '), ('instruct_text2', None)])
62.8162 	EXP 	welcome: autoDraw = False
62.8162 	EXP 	text_12: autoDraw = False
62.8162 	EXP 	welcome: text = 'Again, you will be asked about the answers to these questions for each story at end of the experiment. '
62.8162 	EXP 	text_12: text = '(press the space bar to continue)'
62.8162 	EXP 	welcome: autoDraw = True
62.8162 	EXP 	text_12: autoDraw = True
63.1178 	DATA 	Keypress: space
63.1185 	EXP 	New trial (rep=0, index=9): OrderedDict([('instruct_text', 'Press the space bar to begin learning the perspectives and the questions for each one.'), ('instruct_text2', None)])
63.1497 	EXP 	welcome: autoDraw = False
63.1497 	EXP 	text_12: autoDraw = False
63.1497 	EXP 	welcome: text = 'Press the space bar to begin learning the perspectives and the questions for each one.'
63.1497 	EXP 	text_12: text = '(press the space bar to continue)'
63.1497 	EXP 	welcome: autoDraw = True
63.1497 	EXP 	text_12: autoDraw = True
63.3002 	DATA 	Keypress: space
63.3209 	EXP 	Imported whichRole.xlsx as conditions, 8 conditions, 8 params
63.3212 	EXP 	Created sequence: random, trialTypes=8, nReps=1, seed=None
63.3214 	EXP 	New trial (rep=0, index=0): OrderedDict([('Q1', 'How is the restaurant decorated?'), ('Q2', 'What are the menus like?'), ('Q3', 'What do the clients order?\n'), ('Q4', 'How do the clients like the food?'), ('D1', 'How old is the waiter?'), ('D2', 'What meal is being served?'), ('roleName', 'Restaurant Critic'), ('rolePic', 'jobphotos/restaurant_critic.jpg')])
63.3217 	EXP 	Created sequence: sequential, trialTypes=1, nReps=5, seed=None
63.3218 	EXP 	New trial (rep=0, index=0): None
63.3602 	EXP 	welcome: autoDraw = False
63.3602 	EXP 	text_12: autoDraw = False
63.3602 	EXP 	text_18: text = 'Restaurant Critic'
63.3602 	EXP 	image_9: image = 'jobphotos/restaurant_critic.jpg'
63.3602 	EXP 	text_18: autoDraw = True
63.3602 	EXP 	image_9: autoDraw = True
63.5336 	DATA 	Keypress: space
63.5831 	EXP 	text_18: autoDraw = False
63.5831 	EXP 	image_9: autoDraw = False
63.5831 	EXP 	text_8: text = 'A: How is the restaurant decorated?'
63.5831 	EXP 	text_9: text = 'Restaurant Critic'
63.5831 	EXP 	image_5: image = 'jobphotos/restaurant_critic.jpg'
63.5831 	EXP 	text_8: autoDraw = True
63.5831 	EXP 	text_9: autoDraw = True
63.5831 	EXP 	image_5: autoDraw = True
68.4023 	DATA 	Keypress: space
68.4340 	EXP 	text_8: autoDraw = False
68.4340 	EXP 	text_9: autoDraw = False
68.4340 	EXP 	image_5: autoDraw = False
68.4340 	EXP 	text_10: text = 'B: What are the menus like?'
68.4340 	EXP 	text_11: text = 'Restaurant Critic'
68.4340 	EXP 	image_6: image = 'jobphotos/restaurant_critic.jpg'
68.4340 	EXP 	text_10: autoDraw = True
68.4340 	EXP 	text_11: autoDraw = True
68.4340 	EXP 	image_6: autoDraw = True
70.1188 	DATA 	Keypress: space
70.1503 	EXP 	text_10: autoDraw = False
70.1503 	EXP 	text_11: autoDraw = False
70.1503 	EXP 	image_6: autoDraw = False
70.1503 	EXP 	text_13: text = 'C: What do the clients order?\n'
70.1503 	EXP 	text_14: text = 'Restaurant Critic'
70.1503 	EXP 	image_7: image = 'jobphotos/restaurant_critic.jpg'
70.1503 	EXP 	text_13: autoDraw = True
70.1503 	EXP 	text_14: autoDraw = True
70.1503 	EXP 	image_7: autoDraw = True
70.7706 	DATA 	Keypress: space
70.8172 	EXP 	text_13: autoDraw = False
70.8172 	EXP 	text_14: autoDraw = False
70.8172 	EXP 	image_7: autoDraw = False
70.8172 	EXP 	text_15: text = 'D: How do the clients like the food?'
70.8172 	EXP 	text_16: text = 'Restaurant Critic'
70.8172 	EXP 	image_8: image = 'jobphotos/restaurant_critic.jpg'
70.8172 	EXP 	text_15: autoDraw = True
70.8172 	EXP 	text_16: autoDraw = True
70.8172 	EXP 	image_8: autoDraw = True
71.5691 	DATA 	Keypress: space
71.5843 	EXP 	text_15: autoDraw = False
71.5843 	EXP 	text_16: autoDraw = False
71.5843 	EXP 	image_8: autoDraw = False
71.5843 	EXP 	text_5: autoDraw = True
72.5036 	DATA 	Keypress: space
72.5373 	EXP 	Created unnamed ImageStim = ImageStim(__class__=<class 'psychopy.visual.image.ImageStim'>, autoLog=True, color=array([1., 1., 1.]), colorSpace='rgb', contrast=1.0, depth=0, flipHoriz=False, flipVert=False, image='checkmark.png', interpolate=False, mask=None, maskParams=None, name='unnamed ImageStim', opacity=1.0, ori=0.0, pos=array([0., 0.]), size=array([0.2703125 , 0.47222222]), texRes=128, units='norm', win=Window(...))
72.6670 	EXP 	Created unnamed ImageStim = ImageStim(__class__=<class 'psychopy.visual.image.ImageStim'>, autoLog=True, color=array([1., 1., 1.]), colorSpace='rgb', contrast=1.0, depth=0, flipHoriz=False, flipVert=False, image='redx.png', interpolate=False, mask=None, maskParams=None, name='unnamed ImageStim', opacity=1.0, ori=0.0, pos=array([0., 0.]), size=array([1.5625    , 2.77777778]), texRes=128, units='norm', win=Window(...))
72.6943 	EXP 	Created unnamed ImageStim = ImageStim(__class__=<class 'psychopy.visual.image.ImageStim'>, autoLog=True, color=array([1., 1., 1.]), colorSpace='rgb', contrast=1.0, depth=0, flipHoriz=False, flipVert=False, image='thumbsup.png', interpolate=False, mask=None, maskParams=None, name='unnamed ImageStim', opacity=1.0, ori=0.0, pos=array([0., 0.]), size=array([0.375 , 0.7125]), texRes=128, units='norm', win=Window(...))
72.7859 	EXP 	text_5: autoDraw = False
72.7859 	EXP 	question1_2: text = '1: What meal is being served?'
72.7859 	EXP 	question2_2: text = '2: How old is the waiter?'
72.7859 	EXP 	question3_2: text = '3: What are the menus like?'
72.7859 	EXP 	question4_2: text = '4: How is the restaurant decorated?'
72.7859 	EXP 	question5_2: text = '5: How do the clients like the food?'
72.7859 	EXP 	question6_2: text = '6: What do the clients order?\n'
72.7859 	EXP 	question1_2: autoDraw = True
72.7859 	EXP 	question2_2: autoDraw = True
72.7859 	EXP 	question3_2: autoDraw = True
72.7859 	EXP 	question4_2: autoDraw = True
72.7859 	EXP 	question5_2: autoDraw = True
72.7859 	EXP 	question6_2: autoDraw = True
72.7859 	EXP 	image_3: autoDraw = True
72.8448 	DATA 	Keypress: space
82.3086 	DATA 	Keypress: 4
87.6943 	DATA 	Keypress: 3
87.8746 	WARNING 	Requested image 'bar3.jpeg' not found but similar filename 'bar3.jpg' exists. This will be used instead but changing the filename is advised.
87.9219 	WARNING 	Requested image 'bar3.jpeg' not found but similar filename 'bar3.jpg' exists. This will be used instead but changing the filename is advised.
87.9585 	WARNING 	Requested image 'bar3.jpeg' not found but similar filename 'bar3.jpg' exists. This will be used instead but changing the filename is advised.
87.9910 	WARNING 	Requested image 'bar3.jpeg' not found but similar filename 'bar3.jpg' exists. This will be used instead but changing the filename is advised.
88.0252 	WARNING 	Requested image 'bar3.jpeg' not found but similar filename 'bar3.jpg' exists. This will be used instead but changing the filename is advised.
88.0582 	WARNING 	Requested image 'bar3.jpeg' not found but similar filename 'bar3.jpg' exists. This will be used instead but changing the filename is advised.
88.0920 	WARNING 	Requested image 'bar3.jpeg' not found but similar filename 'bar3.jpg' exists. This will be used instead but changing the filename is advised.
88.1249 	WARNING 	Requested image 'bar3.jpeg' not found but similar filename 'bar3.jpg' exists. This will be used instead but changing the filename is advised.
88.1587 	WARNING 	Requested image 'bar3.jpeg' not found but similar filename 'bar3.jpg' exists. This will be used instead but changing the filename is advised.
88.1919 	WARNING 	Requested image 'bar3.jpeg' not found but similar filename 'bar3.jpg' exists. This will be used instead but changing the filename is advised.
88.2250 	WARNING 	Requested image 'bar3.jpeg' not found but similar filename 'bar3.jpg' exists. This will be used instead but changing the filename is advised.
88.2588 	WARNING 	Requested image 'bar3.jpeg' not found but similar filename 'bar3.jpg' exists. This will be used instead but changing the filename is advised.
88.2919 	WARNING 	Requested image 'bar3.jpeg' not found but similar filename 'bar3.jpg' exists. This will be used instead but changing the filename is advised.
88.3251 	WARNING 	Requested image 'bar3.jpeg' not found but similar filename 'bar3.jpg' exists. This will be used instead but changing the filename is advised.
88.3588 	WARNING 	Requested image 'bar3.jpeg' not found but similar filename 'bar3.jpg' exists. This will be used instead but changing the filename is advised.
88.3919 	WARNING 	Requested image 'bar3.jpeg' not found but similar filename 'bar3.jpg' exists. This will be used instead but changing the filename is advised.
88.4251 	WARNING 	Requested image 'bar3.jpeg' not found but similar filename 'bar3.jpg' exists. This will be used instead but changing the filename is advised.
88.4588 	WARNING 	Requested image 'bar3.jpeg' not found but similar filename 'bar3.jpg' exists. This will be used instead but changing the filename is advised.
88.4921 	WARNING 	Requested image 'bar3.jpeg' not found but similar filename 'bar3.jpg' exists. This will be used instead but changing the filename is advised.
88.5252 	WARNING 	Requested image 'bar3.jpeg' not found but similar filename 'bar3.jpg' exists. This will be used instead but changing the filename is advised.
88.5575 	WARNING 	Requested image 'bar3.jpeg' not found but similar filename 'bar3.jpg' exists. This will be used instead but changing the filename is advised.
88.5920 	WARNING 	Requested image 'bar3.jpeg' not found but similar filename 'bar3.jpg' exists. This will be used instead but changing the filename is advised.
88.6251 	WARNING 	Requested image 'bar3.jpeg' not found but similar filename 'bar3.jpg' exists. This will be used instead but changing the filename is advised.
88.6575 	WARNING 	Requested image 'bar3.jpeg' not found but similar filename 'bar3.jpg' exists. This will be used instead but changing the filename is advised.
88.6911 	WARNING 	Requested image 'bar3.jpeg' not found but similar filename 'bar3.jpg' exists. This will be used instead but changing the filename is advised.
88.7254 	WARNING 	Requested image 'bar3.jpeg' not found but similar filename 'bar3.jpg' exists. This will be used instead but changing the filename is advised.
88.7585 	WARNING 	Requested image 'bar3.jpeg' not found but similar filename 'bar3.jpg' exists. This will be used instead but changing the filename is advised.
88.7910 	WARNING 	Requested image 'bar3.jpeg' not found but similar filename 'bar3.jpg' exists. This will be used instead but changing the filename is advised.
88.8255 	WARNING 	Requested image 'bar3.jpeg' not found but similar filename 'bar3.jpg' exists. This will be used instead but changing the filename is advised.
88.8585 	WARNING 	Requested image 'bar3.jpeg' not found but similar filename 'bar3.jpg' exists. This will be used instead but changing the filename is advised.
88.8909 	WARNING 	Requested image 'bar3.jpeg' not found but similar filename 'bar3.jpg' exists. This will be used instead but changing the filename is advised.
88.9256 	WARNING 	Requested image 'bar3.jpeg' not found but similar filename 'bar3.jpg' exists. This will be used instead but changing the filename is advised.
88.9588 	WARNING 	Requested image 'bar3.jpeg' not found but similar filename 'bar3.jpg' exists. This will be used instead but changing the filename is advised.
88.9906 	WARNING 	Requested image 'bar3.jpeg' not found but similar filename 'bar3.jpg' exists. This will be used instead but changing the filename is advised.
89.0250 	WARNING 	Requested image 'bar3.jpeg' not found but similar filename 'bar3.jpg' exists. This will be used instead but changing the filename is advised.
89.0576 	WARNING 	Requested image 'bar3.jpeg' not found but similar filename 'bar3.jpg' exists. This will be used instead but changing the filename is advised.
89.0917 	WARNING 	Requested image 'bar3.jpeg' not found but similar filename 'bar3.jpg' exists. This will be used instead but changing the filename is advised.
89.1251 	WARNING 	Requested image 'bar3.jpeg' not found but similar filename 'bar3.jpg' exists. This will be used instead but changing the filename is advised.
89.1577 	WARNING 	Requested image 'bar3.jpeg' not found but similar filename 'bar3.jpg' exists. This will be used instead but changing the filename is advised.
89.1921 	WARNING 	Requested image 'bar3.jpeg' not found but similar filename 'bar3.jpg' exists. This will be used instead but changing the filename is advised.
89.2254 	WARNING 	Requested image 'bar3.jpeg' not found but similar filename 'bar3.jpg' exists. This will be used instead but changing the filename is advised.
89.2577 	WARNING 	Requested image 'bar3.jpeg' not found but similar filename 'bar3.jpg' exists. This will be used instead but changing the filename is advised.
89.2915 	WARNING 	Requested image 'bar3.jpeg' not found but similar filename 'bar3.jpg' exists. This will be used instead but changing the filename is advised.
89.3241 	WARNING 	Requested image 'bar3.jpeg' not found but similar filename 'bar3.jpg' exists. This will be used instead but changing the filename is advised.
89.3576 	WARNING 	Requested image 'bar3.jpeg' not found but similar filename 'bar3.jpg' exists. This will be used instead but changing the filename is advised.
89.3919 	WARNING 	Requested image 'bar3.jpeg' not found but similar filename 'bar3.jpg' exists. This will be used instead but changing the filename is advised.
89.4245 	WARNING 	Requested image 'bar3.jpeg' not found but similar filename 'bar3.jpg' exists. This will be used instead but changing the filename is advised.
89.4589 	WARNING 	Requested image 'bar3.jpeg' not found but similar filename 'bar3.jpg' exists. This will be used instead but changing the filename is advised.
89.4912 	WARNING 	Requested image 'bar3.jpeg' not found but similar filename 'bar3.jpg' exists. This will be used instead but changing the filename is advised.
89.5254 	WARNING 	Requested image 'bar3.jpeg' not found but similar filename 'bar3.jpg' exists. This will be used instead but changing the filename is advised.
89.5581 	WARNING 	Requested image 'bar3.jpeg' not found but similar filename 'bar3.jpg' exists. This will be used instead but changing the filename is advised.
89.5911 	WARNING 	Requested image 'bar3.jpeg' not found but similar filename 'bar3.jpg' exists. This will be used instead but changing the filename is advised.
89.6250 	WARNING 	Requested image 'bar3.jpeg' not found but similar filename 'bar3.jpg' exists. This will be used instead but changing the filename is advised.
89.6580 	WARNING 	Requested image 'bar3.jpeg' not found but similar filename 'bar3.jpg' exists. This will be used instead but changing the filename is advised.
89.6910 	WARNING 	Requested image 'bar3.jpeg' not found but similar filename 'bar3.jpg' exists. This will be used instead but changing the filename is advised.
89.7253 	WARNING 	Requested image 'bar3.jpeg' not found but similar filename 'bar3.jpg' exists. This will be used instead but changing the filename is advised.
89.7581 	WARNING 	Requested image 'bar3.jpeg' not found but similar filename 'bar3.jpg' exists. This will be used instead but changing the filename is advised.
89.7916 	WARNING 	Requested image 'bar3.jpeg' not found but similar filename 'bar3.jpg' exists. This will be used instead but changing the filename is advised.
89.8246 	WARNING 	Requested image 'bar3.jpeg' not found but similar filename 'bar3.jpg' exists. This will be used instead but changing the filename is advised.
89.8576 	WARNING 	Requested image 'bar3.jpeg' not found but similar filename 'bar3.jpg' exists. This will be used instead but changing the filename is advised.
89.8920 	WARNING 	Requested image 'bar3.jpeg' not found but similar filename 'bar3.jpg' exists. This will be used instead but changing the filename is advised.
89.9250 	WARNING 	Requested image 'bar3.jpeg' not found but similar filename 'bar3.jpg' exists. This will be used instead but changing the filename is advised.
89.9578 	WARNING 	Requested image 'bar3.jpeg' not found but similar filename 'bar3.jpg' exists. This will be used instead but changing the filename is advised.
89.9919 	WARNING 	Requested image 'bar3.jpeg' not found but similar filename 'bar3.jpg' exists. This will be used instead but changing the filename is advised.
90.0255 	DATA 	Keypress: 1
91.0425 	WARNING 	Requested image 'bar3.jpeg' not found but similar filename 'bar3.jpg' exists. This will be used instead but changing the filename is advised.
91.0608 	EXP 	New trial (rep=1, index=0): None
91.0906 	EXP 	question1_2: autoDraw = False
91.0906 	EXP 	question2_2: autoDraw = False
91.0906 	EXP 	question3_2: autoDraw = False
91.0906 	EXP 	question4_2: autoDraw = False
91.0906 	EXP 	question5_2: autoDraw = False
91.0906 	EXP 	question6_2: autoDraw = False
91.0906 	EXP 	image_3: autoDraw = False
91.0906 	EXP 	text_18: text = 'Restaurant Critic'
91.0906 	EXP 	image_9: image = 'jobphotos/restaurant_critic.jpg'
91.0906 	EXP 	text_18: autoDraw = True
91.0906 	EXP 	image_9: autoDraw = True
92.0436 	DATA 	Keypress: space
92.0756 	EXP 	text_18: autoDraw = False
92.0756 	EXP 	image_9: autoDraw = False
92.0756 	EXP 	text_8: text = 'A: How is the restaurant decorated?'
92.0756 	EXP 	text_9: text = 'Restaurant Critic'
92.0756 	EXP 	image_5: image = 'jobphotos/restaurant_critic.jpg'
92.0756 	EXP 	text_8: autoDraw = True
92.0756 	EXP 	text_9: autoDraw = True
92.0756 	EXP 	image_5: autoDraw = True
95.7429 	DATA 	Keypress: space
95.7752 	EXP 	text_8: autoDraw = False
95.7752 	EXP 	text_9: autoDraw = False
95.7752 	EXP 	image_5: autoDraw = False
95.7752 	EXP 	text_10: text = 'B: What are the menus like?'
95.7752 	EXP 	text_11: text = 'Restaurant Critic'
95.7752 	EXP 	image_6: image = 'jobphotos/restaurant_critic.jpg'
95.7752 	EXP 	text_10: autoDraw = True
95.7752 	EXP 	text_11: autoDraw = True
95.7752 	EXP 	image_6: autoDraw = True
96.0603 	DATA 	Keypress: space
96.0920 	EXP 	text_10: autoDraw = False
96.0920 	EXP 	text_11: autoDraw = False
96.0920 	EXP 	image_6: autoDraw = False
96.0920 	EXP 	text_13: text = 'C: What do the clients order?\n'
96.0920 	EXP 	text_14: text = 'Restaurant Critic'
96.0920 	EXP 	image_7: image = 'jobphotos/restaurant_critic.jpg'
96.0920 	EXP 	text_13: autoDraw = True
96.0920 	EXP 	text_14: autoDraw = True
96.0920 	EXP 	image_7: autoDraw = True
96.4605 	DATA 	Keypress: space
96.4924 	EXP 	text_13: autoDraw = False
96.4924 	EXP 	text_14: autoDraw = False
96.4924 	EXP 	image_7: autoDraw = False
96.4924 	EXP 	text_15: text = 'D: How do the clients like the food?'
96.4924 	EXP 	text_16: text = 'Restaurant Critic'
96.4924 	EXP 	image_8: image = 'jobphotos/restaurant_critic.jpg'
96.4924 	EXP 	text_15: autoDraw = True
96.4924 	EXP 	text_16: autoDraw = True
96.4924 	EXP 	image_8: autoDraw = True
96.9606 	DATA 	Keypress: space
96.9771 	EXP 	text_15: autoDraw = False
96.9771 	EXP 	text_16: autoDraw = False
96.9771 	EXP 	image_8: autoDraw = False
96.9771 	EXP 	text_5: autoDraw = True
97.4442 	DATA 	Keypress: space
97.4490 	EXP 	Created unnamed ImageStim = ImageStim(__class__=<class 'psychopy.visual.image.ImageStim'>, autoLog=True, color=array([1., 1., 1.]), colorSpace='rgb', contrast=1.0, depth=0, flipHoriz=False, flipVert=False, image='checkmark.png', interpolate=False, mask=None, maskParams=None, name='unnamed ImageStim', opacity=1.0, ori=0.0, pos=array([0., 0.]), size=array([0.2703125 , 0.47222222]), texRes=128, units='norm', win=Window(...))
97.5502 	EXP 	Created unnamed ImageStim = ImageStim(__class__=<class 'psychopy.visual.image.ImageStim'>, autoLog=True, color=array([1., 1., 1.]), colorSpace='rgb', contrast=1.0, depth=0, flipHoriz=False, flipVert=False, image='redx.png', interpolate=False, mask=None, maskParams=None, name='unnamed ImageStim', opacity=1.0, ori=0.0, pos=array([0., 0.]), size=array([1.5625    , 2.77777778]), texRes=128, units='norm', win=Window(...))
97.5613 	EXP 	Created unnamed ImageStim = ImageStim(__class__=<class 'psychopy.visual.image.ImageStim'>, autoLog=True, color=array([1., 1., 1.]), colorSpace='rgb', contrast=1.0, depth=0, flipHoriz=False, flipVert=False, image='thumbsup.png', interpolate=False, mask=None, maskParams=None, name='unnamed ImageStim', opacity=1.0, ori=0.0, pos=array([0., 0.]), size=array([0.375 , 0.7125]), texRes=128, units='norm', win=Window(...))
97.6403 	EXP 	text_5: autoDraw = False
97.6403 	EXP 	question1_2: text = '1: What are the menus like?'
97.6403 	EXP 	question2_2: text = '2: How do the clients like the food?'
97.6403 	EXP 	question3_2: text = '3: What meal is being served?'
97.6403 	EXP 	question4_2: text = '4: How old is the waiter?'
97.6403 	EXP 	question5_2: text = '5: How is the restaurant decorated?'
97.6403 	EXP 	question6_2: text = '6: What do the clients order?\n'
97.6403 	EXP 	question1_2: autoDraw = True
97.6403 	EXP 	question2_2: autoDraw = True
97.6403 	EXP 	question3_2: autoDraw = True
97.6403 	EXP 	question4_2: autoDraw = True
97.6403 	EXP 	question5_2: autoDraw = True
97.6403 	EXP 	question6_2: autoDraw = True
97.6403 	EXP 	image_3: autoDraw = True
101.0301 	DATA 	Keypress: q
101.0769 	EXP 	question1_2: autoDraw = False
101.0769 	EXP 	question2_2: autoDraw = False
101.0769 	EXP 	question3_2: autoDraw = False
101.0769 	EXP 	question4_2: autoDraw = False
101.0769 	EXP 	question5_2: autoDraw = False
101.0769 	EXP 	question6_2: autoDraw = False
101.0769 	EXP 	image_3: autoDraw = False
101.0769 	EXP 	text_3: autoDraw = True
101.8467 	DATA 	Keypress: q
102.0672 	EXP 	Imported whichRole.xlsx as conditions, 8 conditions, 8 params
102.0673 	EXP 	Created sequence: sequential, trialTypes=8, nReps=1, seed=None
102.0676 	EXP 	New trial (rep=0, index=0): OrderedDict([('Q1', 'What industry are the business people in?'), ('Q2', 'What is being negotiated and how much money is at stake?'), ('Q3', 'What is the response to the proposed deal?'), ('Q4', 'What comes about from the business proposal?'), ('D1', 'Is the deal fair?'), ('D2', 'How long does it take to make the deal?'), ('roleName', 'Business Reporter'), ('rolePic', 'jobphotos/business_reporter.jpg')])
102.0679 	EXP 	Created sequence: random, trialTypes=1, nReps=5, seed=None
102.0681 	EXP 	New trial (rep=0, index=0): None
102.0951 	EXP 	text_3: autoDraw = False
102.0951 	EXP 	text_3: autoDraw = False
102.0951 	EXP 	image_2: image = 'jobphotos/business_reporter.jpg'
102.0951 	EXP 	text_4: text = 'Business Reporter'
102.0951 	EXP 	image_2: autoDraw = True
102.0951 	EXP 	text_4: autoDraw = True
102.2628 	DATA 	Keypress: space
102.2677 	EXP 	Created unnamed ImageStim = ImageStim(__class__=<class 'psychopy.visual.image.ImageStim'>, autoLog=True, color=array([1., 1., 1.]), colorSpace='rgb', contrast=1.0, depth=0, flipHoriz=False, flipVert=False, image='checkmark.png', interpolate=False, mask=None, maskParams=None, name='unnamed ImageStim', opacity=1.0, ori=0.0, pos=array([0., 0.]), size=array([0.2703125 , 0.47222222]), texRes=128, units='norm', win=Window(...))
102.3688 	EXP 	Created unnamed ImageStim = ImageStim(__class__=<class 'psychopy.visual.image.ImageStim'>, autoLog=True, color=array([1., 1., 1.]), colorSpace='rgb', contrast=1.0, depth=0, flipHoriz=False, flipVert=False, image='redx.png', interpolate=False, mask=None, maskParams=None, name='unnamed ImageStim', opacity=1.0, ori=0.0, pos=array([0., 0.]), size=array([1.5625    , 2.77777778]), texRes=128, units='norm', win=Window(...))
102.3800 	EXP 	Created unnamed ImageStim = ImageStim(__class__=<class 'psychopy.visual.image.ImageStim'>, autoLog=True, color=array([1., 1., 1.]), colorSpace='rgb', contrast=1.0, depth=0, flipHoriz=False, flipVert=False, image='thumbsup.png', interpolate=False, mask=None, maskParams=None, name='unnamed ImageStim', opacity=1.0, ori=0.0, pos=array([0., 0.]), size=array([0.375 , 0.7125]), texRes=128, units='norm', win=Window(...))
102.4749 	EXP 	image_2: autoDraw = False
102.4749 	EXP 	text_4: autoDraw = False
102.4749 	EXP 	question1_3: text = '1: What is the response to the proposed deal?'
102.4749 	EXP 	question2_3: text = '2: Is the deal fair?'
102.4749 	EXP 	question3_3: text = '3: What is being negotiated and how much money is at stake?'
102.4749 	EXP 	question4_3: text = '4: What comes about from the business proposal?'
102.4749 	EXP 	question5_3: text = '5: How long does it take to make the deal?'
102.4749 	EXP 	question6_3: text = '6: What industry are the business people in?'
102.4749 	EXP 	question1_3: autoDraw = True
102.4749 	EXP 	question2_3: autoDraw = True
102.4749 	EXP 	question3_3: autoDraw = True
102.4749 	EXP 	question4_3: autoDraw = True
102.4749 	EXP 	question5_3: autoDraw = True
102.4749 	EXP 	question6_3: autoDraw = True
102.4749 	EXP 	image_4: autoDraw = True
102.6133 	DATA 	Keypress: q
102.6398 	EXP 	Imported instructions_segment.xlsx as conditions, 5 conditions, 1 params
102.6400 	EXP 	Created sequence: sequential, trialTypes=5, nReps=1, seed=None
102.6402 	EXP 	New trial (rep=0, index=0): OrderedDict([('instructText', 'Additionally, while reading each story, you will also indicate when you think a new part of the story is beginning. ')])
102.6789 	EXP 	question1_3: autoDraw = False
102.6789 	EXP 	question2_3: autoDraw = False
102.6789 	EXP 	question3_3: autoDraw = False
102.6789 	EXP 	question4_3: autoDraw = False
102.6789 	EXP 	question5_3: autoDraw = False
102.6789 	EXP 	question6_3: autoDraw = False
102.6789 	EXP 	image_4: autoDraw = False
102.6789 	EXP 	text_6: text = 'Additionally, while reading each story, you will also indicate when you think a new part of the story is beginning. '
102.6789 	EXP 	text_6: autoDraw = True
102.9135 	DATA 	Keypress: q
103.8459 	DATA 	Keypress: space
103.8466 	EXP 	New trial (rep=0, index=1): OrderedDict([('instructText', 'Some people feel that the stories have natural parts.')])
103.8626 	EXP 	text_6: autoDraw = False
103.8626 	EXP 	text_6: text = 'Some people feel that the stories have natural parts.'
103.8626 	EXP 	text_6: autoDraw = True
104.0460 	DATA 	Keypress: space
104.0468 	EXP 	New trial (rep=0, index=2): OrderedDict([('instructText', 'You will press 9 if you think the sentence is the beginning of a new part.')])
104.0785 	EXP 	text_6: autoDraw = False
104.0785 	EXP 	text_6: text = 'You will press 9 if you think the sentence is the beginning of a new part.'
104.0785 	EXP 	text_6: autoDraw = True
104.3298 	DATA 	Keypress: space
104.3305 	EXP 	New trial (rep=0, index=3): OrderedDict([('instructText', 'For example you should press 9 at the beginning of a new story or when you think a different event is beginning. ')])
104.3613 	EXP 	text_6: autoDraw = False
104.3613 	EXP 	text_6: text = 'For example you should press 9 at the beginning of a new story or when you think a different event is beginning. '
104.3613 	EXP 	text_6: autoDraw = True
104.4466 	DATA 	Keypress: space
104.4473 	EXP 	New trial (rep=0, index=4): OrderedDict([('instructText', 'You will press 1 if you think the sentence is in the same part as the sentence before. ')])
104.4780 	EXP 	text_6: autoDraw = False
104.4780 	EXP 	text_6: text = 'You will press 1 if you think the sentence is in the same part as the sentence before. '
104.4780 	EXP 	text_6: autoDraw = True
104.6131 	DATA 	Keypress: space
104.6280 	EXP 	text_6: autoDraw = False
104.6280 	EXP 	text: autoDraw = True
104.7625 	DATA 	Keypress: space
105.0398 	EXP 	window1: mouseVisible = True
