4.0883 	WARNING 	User requested fullscreen with size [1024  768], but screen is actually [2560, 1440]. Using actual size
4.7692 	EXP 	Created window1 = Window(allowGUI=False, allowStencil=False, args=UNKNOWN, autoLog=True, bitsMode=UNKNOWN, blendMode='avg', color=array([0., 0., 0.]), colorSpace='rgb', fullscr=<method-wrapper '__getattribute__' of attributeSetter object at 0x12367ee10>, gamma=None, kwargs=UNKNOWN, lms=UNKNOWN, monitor=<psychopy.monitors.calibTools.Monitor object at 0x126d36fd0>, multiSample=False, name='window1', numSamples=2, pos=[0.0, 0.0], screen=0, size=array([5120, 2880]), stereo=False, units='norm', useFBO=True, useRetina=True, viewOri=0.0, viewPos=None, viewScale=None, waitBlanking=True, winType='pyglet')
4.7692 	EXP 	window1: recordFrameIntervals = False
4.9352 	EXP 	window1: recordFrameIntervals = True
5.1185 	EXP 	window1: recordFrameIntervals = False
5.1834 	EXP 	Created welcome = TextStim(__class__=<class 'psychopy.visual.text.TextStim'>, alignHoriz='center', alignVert='center', antialias=True, autoLog=True, bold=False, color='white', colorSpace='named', contrast=1.0, depth=0.0, flipHoriz=False, flipVert=False, font='Arial', fontFiles=[], height=0.1, italic=False, languageStyle='LTR', name='welcome', opacity=1.0, ori=0, pos=array([0., 0.]), rgb=array([255., 255., 255.]), text='default text', units='norm', win=Window(...), wrapWidth=1)
5.1869 	EXP 	Created text_12 = TextStim(__class__=<class 'psychopy.visual.text.TextStim'>, alignHoriz='center', alignVert='center', antialias=True, autoLog=True, bold=False, color='white', colorSpace='named', contrast=1.0, depth=-2.0, flipHoriz=False, flipVert=False, font='Arial', fontFiles=[], height=0.1, italic=False, languageStyle='LTR', name='text_12', opacity=1.0, ori=0, pos=array([ 0. , -0.6]), rgb=array([255., 255., 255.]), text='default text', units='norm', win=Window(...), wrapWidth=1)
5.1885 	EXP 	Created image = ImageStim(__class__=<class 'psychopy.visual.image.ImageStim'>, autoLog=True, color=array([1., 1., 1.]), colorSpace='rgb', contrast=1.0, depth=0.0, flipHoriz=False, flipVert=False, image='sin', interpolate=True, mask=None, maskParams=None, name='image', opacity=1.0, ori=0.0, pos=array([0., 0.]), size=array([0.5, 0.5]), texRes=128, units='norm', win=Window(...))
5.1920 	EXP 	Created text_2 = TextStim(__class__=<class 'psychopy.visual.text.TextStim'>, alignHoriz='center', alignVert='center', antialias=True, autoLog=True, bold=False, color='white', colorSpace='named', contrast=1.0, depth=-2.0, flipHoriz=False, flipVert=False, font='Arial', fontFiles=[], height=0.1, italic=False, languageStyle='LTR', name='text_2', opacity=1.0, ori=0, pos=array([ 0. , -0.5]), rgb=array([255., 255., 255.]), text='default text', units='norm', win=Window(...), wrapWidth=1)
5.1953 	EXP 	Created welcome = TextStim(__class__=<class 'psychopy.visual.text.TextStim'>, alignHoriz='center', alignVert='center', antialias=True, autoLog=True, bold=False, color='white', colorSpace='named', contrast=1.0, depth=0.0, flipHoriz=False, flipVert=False, font='Arial', fontFiles=[], height=0.1, italic=False, languageStyle='LTR', name='welcome', opacity=1.0, ori=0, pos=array([0., 0.]), rgb=array([255., 255., 255.]), text='default text', units='norm', win=Window(...), wrapWidth=1)
5.1992 	EXP 	Created text_12 = TextStim(__class__=<class 'psychopy.visual.text.TextStim'>, alignHoriz='center', alignVert='center', antialias=True, autoLog=True, bold=False, color='white', colorSpace='named', contrast=1.0, depth=-2.0, flipHoriz=False, flipVert=False, font='Arial', fontFiles=[], height=0.1, italic=False, languageStyle='LTR', name='text_12', opacity=1.0, ori=0, pos=array([ 0. , -0.6]), rgb=array([255., 255., 255.]), text='default text', units='norm', win=Window(...), wrapWidth=1)
5.2026 	EXP 	Created text_18 = TextStim(__class__=<class 'psychopy.visual.text.TextStim'>, alignHoriz='center', alignVert='center', antialias=True, autoLog=True, bold=False, color='white', colorSpace='named', contrast=1.0, depth=0.0, flipHoriz=False, flipVert=False, font='Arial', fontFiles=[], height=0.1, italic=False, languageStyle='LTR', name='text_18', opacity=1.0, ori=0, pos=array([-0.25,  0.25]), rgb=array([255., 255., 255.]), text='default text', units='norm', win=Window(...), wrapWidth=0.5)
5.2040 	EXP 	Created image_9 = ImageStim(__class__=<class 'psychopy.visual.image.ImageStim'>, autoLog=True, color=array([1., 1., 1.]), colorSpace='rgb', contrast=1.0, depth=-1.0, flipHoriz=False, flipVert=False, image='sin', interpolate=True, mask=None, maskParams=None, name='image_9', opacity=1.0, ori=0.0, pos=array([0.25, 0.25]), size=array([0.5, 0.5]), texRes=128, units='norm', win=Window(...))
5.2074 	EXP 	Created text_8 = TextStim(__class__=<class 'psychopy.visual.text.TextStim'>, alignHoriz='center', alignVert='center', antialias=True, autoLog=True, bold=False, color='white', colorSpace='named', contrast=1.0, depth=0.0, flipHoriz=False, flipVert=False, font='Arial', fontFiles=[], height=0.1, italic=False, languageStyle='LTR', name='text_8', opacity=1.0, ori=0, pos=array([ 0. , -0.4]), rgb=array([255., 255., 255.]), text='default text', units='norm', win=Window(...), wrapWidth=1)
5.2108 	EXP 	Created text_9 = TextStim(__class__=<class 'psychopy.visual.text.TextStim'>, alignHoriz='center', alignVert='center', antialias=True, autoLog=True, bold=False, color='white', colorSpace='named', contrast=1.0, depth=-1.0, flipHoriz=False, flipVert=False, font='Arial', fontFiles=[], height=0.1, italic=False, languageStyle='LTR', name='text_9', opacity=1.0, ori=0, pos=array([-0.25,  0.25]), rgb=array([255., 255., 255.]), text='default text', units='norm', win=Window(...), wrapWidth=0.5)
5.2121 	EXP 	Created image_5 = ImageStim(__class__=<class 'psychopy.visual.image.ImageStim'>, autoLog=True, color=array([1., 1., 1.]), colorSpace='rgb', contrast=1.0, depth=-2.0, flipHoriz=False, flipVert=False, image='sin', interpolate=True, mask=None, maskParams=None, name='image_5', opacity=1.0, ori=0.0, pos=array([0.25, 0.25]), size=array([0.5, 0.5]), texRes=128, units='norm', win=Window(...))
5.2157 	EXP 	Created text_10 = TextStim(__class__=<class 'psychopy.visual.text.TextStim'>, alignHoriz='center', alignVert='center', antialias=True, autoLog=True, bold=False, color='white', colorSpace='named', contrast=1.0, depth=0.0, flipHoriz=False, flipVert=False, font='Arial', fontFiles=[], height=0.1, italic=False, languageStyle='LTR', name='text_10', opacity=1.0, ori=0, pos=array([ 0. , -0.4]), rgb=array([255., 255., 255.]), text='default text', units='norm', win=Window(...), wrapWidth=1)
5.2193 	EXP 	Created text_11 = TextStim(__class__=<class 'psychopy.visual.text.TextStim'>, alignHoriz='center', alignVert='center', antialias=True, autoLog=True, bold=False, color='white', colorSpace='named', contrast=1.0, depth=-1.0, flipHoriz=False, flipVert=False, font='Arial', fontFiles=[], height=0.1, italic=False, languageStyle='LTR', name='text_11', opacity=1.0, ori=0, pos=array([-0.25,  0.25]), rgb=array([255., 255., 255.]), text='default text', units='norm', win=Window(...), wrapWidth=0.5)
5.2206 	EXP 	Created image_6 = ImageStim(__class__=<class 'psychopy.visual.image.ImageStim'>, autoLog=True, color=array([1., 1., 1.]), colorSpace='rgb', contrast=1.0, depth=-2.0, flipHoriz=False, flipVert=False, image='sin', interpolate=True, mask=None, maskParams=None, name='image_6', opacity=1.0, ori=0.0, pos=array([0.25, 0.25]), size=array([0.5, 0.5]), texRes=128, units='norm', win=Window(...))
5.2241 	EXP 	Created text_13 = TextStim(__class__=<class 'psychopy.visual.text.TextStim'>, alignHoriz='center', alignVert='center', antialias=True, autoLog=True, bold=False, color='white', colorSpace='named', contrast=1.0, depth=0.0, flipHoriz=False, flipVert=False, font='Arial', fontFiles=[], height=0.1, italic=False, languageStyle='LTR', name='text_13', opacity=1.0, ori=0, pos=array([ 0. , -0.4]), rgb=array([255., 255., 255.]), text='default text', units='norm', win=Window(...), wrapWidth=1)
5.2281 	EXP 	Created text_14 = TextStim(__class__=<class 'psychopy.visual.text.TextStim'>, alignHoriz='center', alignVert='center', antialias=True, autoLog=True, bold=False, color='white', colorSpace='named', contrast=1.0, depth=-1.0, flipHoriz=False, flipVert=False, font='Arial', fontFiles=[], height=0.1, italic=False, languageStyle='LTR', name='text_14', opacity=1.0, ori=0, pos=array([-0.25,  0.25]), rgb=array([255., 255., 255.]), text='default text', units='norm', win=Window(...), wrapWidth=0.5)
5.2294 	EXP 	Created image_7 = ImageStim(__class__=<class 'psychopy.visual.image.ImageStim'>, autoLog=True, color=array([1., 1., 1.]), colorSpace='rgb', contrast=1.0, depth=-2.0, flipHoriz=False, flipVert=False, image='sin', interpolate=True, mask=None, maskParams=None, name='image_7', opacity=1.0, ori=0.0, pos=array([0.25, 0.25]), size=array([0.5, 0.5]), texRes=128, units='norm', win=Window(...))
5.2343 	EXP 	Created text_15 = TextStim(__class__=<class 'psychopy.visual.text.TextStim'>, alignHoriz='center', alignVert='center', antialias=True, autoLog=True, bold=False, color='white', colorSpace='named', contrast=1.0, depth=0.0, flipHoriz=False, flipVert=False, font='Arial', fontFiles=[], height=0.1, italic=False, languageStyle='LTR', name='text_15', opacity=1.0, ori=0, pos=array([ 0. , -0.4]), rgb=array([255., 255., 255.]), text='default text', units='norm', win=Window(...), wrapWidth=1)
5.2379 	EXP 	Created text_16 = TextStim(__class__=<class 'psychopy.visual.text.TextStim'>, alignHoriz='center', alignVert='center', antialias=True, autoLog=True, bold=False, color='white', colorSpace='named', contrast=1.0, depth=-1.0, flipHoriz=False, flipVert=False, font='Arial', fontFiles=[], height=0.1, italic=False, languageStyle='LTR', name='text_16', opacity=1.0, ori=0, pos=array([-0.25,  0.25]), rgb=array([255., 255., 255.]), text='default text', units='norm', win=Window(...), wrapWidth=0.5)
5.2393 	EXP 	Created image_8 = ImageStim(__class__=<class 'psychopy.visual.image.ImageStim'>, autoLog=True, color=array([1., 1., 1.]), colorSpace='rgb', contrast=1.0, depth=-2.0, flipHoriz=False, flipVert=False, image='sin', interpolate=True, mask=None, maskParams=None, name='image_8', opacity=1.0, ori=0.0, pos=array([0.25, 0.25]), size=array([0.5, 0.5]), texRes=128, units='norm', win=Window(...))
5.2639 	EXP 	Created text_5 = TextStim(__class__=<class 'psychopy.visual.text.TextStim'>, alignHoriz='center', alignVert='center', antialias=True, autoLog=True, bold=False, color='white', colorSpace='named', contrast=1.0, depth=0.0, flipHoriz=False, flipVert=False, font='Arial', fontFiles=[], height=0.1, italic=False, languageStyle='LTR', name='text_5', opacity=1.0, ori=0, pos=array([0., 0.]), rgb=array([255., 255., 255.]), text=str(...), units='norm', win=Window(...), wrapWidth=1)
5.2673 	EXP 	Created question1_2 = TextStim(__class__=<class 'psychopy.visual.text.TextStim'>, alignHoriz='center', alignVert='center', antialias=True, autoLog=True, bold=False, color='white', colorSpace='named', contrast=1.0, depth=-1.0, flipHoriz=False, flipVert=False, font='Arial', fontFiles=[], height=0.1, italic=False, languageStyle='LTR', name='question1_2', opacity=1.0, ori=0, pos=array([0. , 0.6]), rgb=array([255., 255., 255.]), text='default text', units='norm', win=Window(...), wrapWidth=2)
5.2708 	EXP 	Created question2_2 = TextStim(__class__=<class 'psychopy.visual.text.TextStim'>, alignHoriz='center', alignVert='center', antialias=True, autoLog=True, bold=False, color='white', colorSpace='named', contrast=1.0, depth=-2.0, flipHoriz=False, flipVert=False, font='Arial', fontFiles=[], height=0.1, italic=False, languageStyle='LTR', name='question2_2', opacity=1.0, ori=0, pos=array([0.  , 0.35]), rgb=array([255., 255., 255.]), text='default text', units='norm', win=Window(...), wrapWidth=2)
5.2743 	EXP 	Created question3_2 = TextStim(__class__=<class 'psychopy.visual.text.TextStim'>, alignHoriz='center', alignVert='center', antialias=True, autoLog=True, bold=False, color='white', colorSpace='named', contrast=1.0, depth=-3.0, flipHoriz=False, flipVert=False, font='Arial', fontFiles=[], height=0.1, italic=False, languageStyle='LTR', name='question3_2', opacity=1.0, ori=0, pos=array([0.  , 0.12]), rgb=array([255., 255., 255.]), text='default text', units='norm', win=Window(...), wrapWidth=2)
5.2778 	EXP 	Created question4_2 = TextStim(__class__=<class 'psychopy.visual.text.TextStim'>, alignHoriz='center', alignVert='center', antialias=True, autoLog=True, bold=False, color='white', colorSpace='named', contrast=1.0, depth=-4.0, flipHoriz=False, flipVert=False, font='Arial', fontFiles=[], height=0.1, italic=False, languageStyle='LTR', name='question4_2', opacity=1.0, ori=0, pos=array([ 0.  , -0.12]), rgb=array([255., 255., 255.]), text='default text', units='norm', win=Window(...), wrapWidth=2)
5.2812 	EXP 	Created question5_2 = TextStim(__class__=<class 'psychopy.visual.text.TextStim'>, alignHoriz='center', alignVert='center', antialias=True, autoLog=True, bold=False, color='white', colorSpace='named', contrast=1.0, depth=-5.0, flipHoriz=False, flipVert=False, font='Arial', fontFiles=[], height=0.1, italic=False, languageStyle='LTR', name='question5_2', opacity=1.0, ori=0, pos=array([ 0.  , -0.35]), rgb=array([255., 255., 255.]), text='default text', units='norm', win=Window(...), wrapWidth=2)
5.2846 	EXP 	Created question6_2 = TextStim(__class__=<class 'psychopy.visual.text.TextStim'>, alignHoriz='center', alignVert='center', antialias=True, autoLog=True, bold=False, color='white', colorSpace='named', contrast=1.0, depth=-6.0, flipHoriz=False, flipVert=False, font='Arial', fontFiles=[], height=0.1, italic=False, languageStyle='LTR', name='question6_2', opacity=1.0, ori=0, pos=array([ 0. , -0.6]), rgb=array([255., 255., 255.]), text='default text', units='norm', win=Window(...), wrapWidth=2)
5.2861 	EXP 	Created image_3 = ImageStim(__class__=<class 'psychopy.visual.image.ImageStim'>, autoLog=True, color=array([1., 1., 1.]), colorSpace='rgb', contrast=1.0, depth=-8.0, flipHoriz=False, flipVert=False, image='sin', interpolate=True, mask=None, maskParams=None, name='image_3', opacity=1.0, ori=0.0, pos=array([ 0.  , -0.85]), size=array([0.25 , 0.125]), texRes=128, units='norm', win=Window(...))
5.2913 	EXP 	Created text_3 = TextStim(__class__=<class 'psychopy.visual.text.TextStim'>, alignHoriz='center', alignVert='center', antialias=True, autoLog=True, bold=False, color='white', colorSpace='named', contrast=1.0, depth=0.0, flipHoriz=False, flipVert=False, font='Arial', fontFiles=[], height=0.1, italic=False, languageStyle='LTR', name='text_3', opacity=1.0, ori=0, pos=array([0., 0.]), rgb=array([255., 255., 255.]), text='Final Tests', units='norm', win=Window(...), wrapWidth=1)
5.2927 	EXP 	Created image_2 = ImageStim(__class__=<class 'psychopy.visual.image.ImageStim'>, autoLog=True, color=array([1., 1., 1.]), colorSpace='rgb', contrast=1.0, depth=0.0, flipHoriz=False, flipVert=False, image='sin', interpolate=True, mask=None, maskParams=None, name='image_2', opacity=1.0, ori=0.0, pos=array([0., 0.]), size=array([0.5, 0.5]), texRes=128, units='norm', win=Window(...))
5.2961 	EXP 	Created text_4 = TextStim(__class__=<class 'psychopy.visual.text.TextStim'>, alignHoriz='center', alignVert='center', antialias=True, autoLog=True, bold=False, color='white', colorSpace='named', contrast=1.0, depth=-2.0, flipHoriz=False, flipVert=False, font='Arial', fontFiles=[], height=0.1, italic=False, languageStyle='LTR', name='text_4', opacity=1.0, ori=0, pos=array([ 0. , -0.5]), rgb=array([255., 255., 255.]), text='default text', units='norm', win=Window(...), wrapWidth=1)
5.2994 	EXP 	Created question1_3 = TextStim(__class__=<class 'psychopy.visual.text.TextStim'>, alignHoriz='center', alignVert='center', antialias=True, autoLog=True, bold=False, color='white', colorSpace='named', contrast=1.0, depth=-1.0, flipHoriz=False, flipVert=False, font='Arial', fontFiles=[], height=0.1, italic=False, languageStyle='LTR', name='question1_3', opacity=1.0, ori=0, pos=array([0. , 0.6]), rgb=array([255., 255., 255.]), text='default text', units='norm', win=Window(...), wrapWidth=2)
5.3030 	EXP 	Created question2_3 = TextStim(__class__=<class 'psychopy.visual.text.TextStim'>, alignHoriz='center', alignVert='center', antialias=True, autoLog=True, bold=False, color='white', colorSpace='named', contrast=1.0, depth=-2.0, flipHoriz=False, flipVert=False, font='Arial', fontFiles=[], height=0.1, italic=False, languageStyle='LTR', name='question2_3', opacity=1.0, ori=0, pos=array([0.  , 0.35]), rgb=array([255., 255., 255.]), text='default text', units='norm', win=Window(...), wrapWidth=2)
5.3064 	EXP 	Created question3_3 = TextStim(__class__=<class 'psychopy.visual.text.TextStim'>, alignHoriz='center', alignVert='center', antialias=True, autoLog=True, bold=False, color='white', colorSpace='named', contrast=1.0, depth=-3.0, flipHoriz=False, flipVert=False, font='Arial', fontFiles=[], height=0.1, italic=False, languageStyle='LTR', name='question3_3', opacity=1.0, ori=0, pos=array([0.  , 0.12]), rgb=array([255., 255., 255.]), text='default text', units='norm', win=Window(...), wrapWidth=2)
5.3100 	EXP 	Created question4_3 = TextStim(__class__=<class 'psychopy.visual.text.TextStim'>, alignHoriz='center', alignVert='center', antialias=True, autoLog=True, bold=False, color='white', colorSpace='named', contrast=1.0, depth=-4.0, flipHoriz=False, flipVert=False, font='Arial', fontFiles=[], height=0.1, italic=False, languageStyle='LTR', name='question4_3', opacity=1.0, ori=0, pos=array([ 0.  , -0.12]), rgb=array([255., 255., 255.]), text='default text', units='norm', win=Window(...), wrapWidth=2)
5.3135 	EXP 	Created question5_3 = TextStim(__class__=<class 'psychopy.visual.text.TextStim'>, alignHoriz='center', alignVert='center', antialias=True, autoLog=True, bold=False, color='white', colorSpace='named', contrast=1.0, depth=-5.0, flipHoriz=False, flipVert=False, font='Arial', fontFiles=[], height=0.1, italic=False, languageStyle='LTR', name='question5_3', opacity=1.0, ori=0, pos=array([ 0.  , -0.35]), rgb=array([255., 255., 255.]), text='default text', units='norm', win=Window(...), wrapWidth=2)
5.3171 	EXP 	Created question6_3 = TextStim(__class__=<class 'psychopy.visual.text.TextStim'>, alignHoriz='center', alignVert='center', antialias=True, autoLog=True, bold=False, color='white', colorSpace='named', contrast=1.0, depth=-6.0, flipHoriz=False, flipVert=False, font='Arial', fontFiles=[], height=0.1, italic=False, languageStyle='LTR', name='question6_3', opacity=1.0, ori=0, pos=array([ 0. , -0.6]), rgb=array([255., 255., 255.]), text='default text', units='norm', win=Window(...), wrapWidth=2)
5.3185 	EXP 	Created image_4 = ImageStim(__class__=<class 'psychopy.visual.image.ImageStim'>, autoLog=True, color=array([1., 1., 1.]), colorSpace='rgb', contrast=1.0, depth=-8.0, flipHoriz=False, flipVert=False, image='sin', interpolate=True, mask=None, maskParams=None, name='image_4', opacity=1.0, ori=0.0, pos=array([ 0.  , -0.85]), size=array([0.25 , 0.125]), texRes=128, units='norm', win=Window(...))
5.3228 	EXP 	Created text = TextStim(__class__=<class 'psychopy.visual.text.TextStim'>, alignHoriz='center', alignVert='center', antialias=True, autoLog=True, bold=False, color='white', colorSpace='named', contrast=1.0, depth=0.0, flipHoriz=False, flipVert=False, font='Arial', fontFiles=[], height=0.1, italic=False, languageStyle='LTR', name='text', opacity=1.0, ori=0, pos=array([0., 0.]), rgb=array([255., 255., 255.]), text='end of introduction', units='norm', win=Window(...), wrapWidth=1)
5.3307 	EXP 	Imported instructions.xlsx as conditions, 5 conditions, 2 params
5.3309 	EXP 	Created sequence: sequential, trialTypes=5, nReps=1, seed=None
5.3311 	EXP 	New trial (rep=0, index=0): OrderedDict([('instruct_text', 'Welcome to the Job Simulator Task!'), ('instruct_text2', '(press the space bar to continue)')])
5.3685 	EXP 	welcome: text = 'Welcome to the Job Simulator Task!'
5.3685 	EXP 	text_12: text = '(press the space bar to continue)'
5.3685 	EXP 	welcome: autoDraw = True
5.3685 	EXP 	text_12: autoDraw = True
7.7057 	DATA 	Keypress: space
7.7068 	EXP 	New trial (rep=0, index=1): OrderedDict([('instruct_text', 'In this task, you will read 16 stories.'), ('instruct_text2', None)])
7.7368 	EXP 	welcome: autoDraw = False
7.7368 	EXP 	text_12: autoDraw = False
7.7368 	EXP 	welcome: text = 'In this task, you will read 16 stories.'
7.7368 	EXP 	text_12: text = '(press the space bar to continue)'
7.7368 	EXP 	welcome: autoDraw = True
7.7368 	EXP 	text_12: autoDraw = True
8.1391 	DATA 	Keypress: space
8.1544 	EXP 	New trial (rep=0, index=2): OrderedDict([('instruct_text', 'Before each story you will be assigned a perspective of a particular career to assume while reading that story.\n'), ('instruct_text2', None)])
8.1861 	EXP 	welcome: autoDraw = False
8.1861 	EXP 	text_12: autoDraw = False
8.1861 	EXP 	welcome: text = 'Before each story you will be assigned a perspective of a particular career to assume while reading that story.\n'
8.1861 	EXP 	text_12: text = '(press the space bar to continue)'
8.1861 	EXP 	welcome: autoDraw = True
8.1861 	EXP 	text_12: autoDraw = True
10.6063 	DATA 	Keypress: space
10.6070 	EXP 	New trial (rep=0, index=3): OrderedDict([('instruct_text', 'You should read the story according to the designated perspective.'), ('instruct_text2', None)])
10.6385 	EXP 	welcome: autoDraw = False
10.6385 	EXP 	text_12: autoDraw = False
10.6385 	EXP 	welcome: text = 'You should read the story according to the designated perspective.'
10.6385 	EXP 	text_12: text = '(press the space bar to continue)'
10.6385 	EXP 	welcome: autoDraw = True
10.6385 	EXP 	text_12: autoDraw = True
11.2889 	DATA 	Keypress: space
11.2896 	EXP 	New trial (rep=0, index=4): OrderedDict([('instruct_text', 'The perspectives are as follows:'), ('instruct_text2', None)])
11.3219 	EXP 	welcome: autoDraw = False
11.3219 	EXP 	text_12: autoDraw = False
11.3219 	EXP 	welcome: text = 'The perspectives are as follows:'
11.3219 	EXP 	text_12: text = '(press the space bar to continue)'
11.3219 	EXP 	welcome: autoDraw = True
11.3219 	EXP 	text_12: autoDraw = True
11.8397 	DATA 	Keypress: space
11.8448 	EXP 	Imported jobsPics.xlsx as conditions, 8 conditions, 2 params
11.8494 	EXP 	Created sequence: random, trialTypes=8, nReps=1, seed=None
11.8496 	EXP 	New trial (rep=0, index=0): OrderedDict([('rolePic', 'matchmaker.jpg'), ('job', 'Matchmaker')])
11.9350 	EXP 	welcome: autoDraw = False
11.9350 	EXP 	text_12: autoDraw = False
11.9350 	EXP 	image: image = 'matchmaker.jpg'
11.9350 	EXP 	text_2: text = 'Matchmaker'
11.9350 	EXP 	image: autoDraw = True
11.9350 	EXP 	text_2: autoDraw = True
12.4895 	DATA 	Keypress: space
12.4905 	EXP 	New trial (rep=0, index=1): OrderedDict([('rolePic', 'restaurant_critic.jpg'), ('job', 'Restaurant Critic')])
12.5223 	EXP 	image: autoDraw = False
12.5223 	EXP 	text_2: autoDraw = False
12.5223 	EXP 	image: image = 'restaurant_critic.jpg'
12.5223 	EXP 	text_2: text = 'Restaurant Critic'
12.5223 	EXP 	image: autoDraw = True
12.5223 	EXP 	text_2: autoDraw = True
13.2061 	DATA 	Keypress: space
13.2069 	EXP 	New trial (rep=0, index=2): OrderedDict([('rolePic', 'gscem.jpg'), ('job', 'Grocery Store Customer Experience Manager\n')])
13.2382 	EXP 	image: autoDraw = False
13.2382 	EXP 	text_2: autoDraw = False
13.2382 	EXP 	image: image = 'gscem.jpg'
13.2382 	EXP 	text_2: text = 'Grocery Store Customer Experience Manager\n'
13.2382 	EXP 	image: autoDraw = True
13.2382 	EXP 	text_2: autoDraw = True
13.8235 	DATA 	Keypress: space
13.8242 	EXP 	New trial (rep=0, index=3): OrderedDict([('rolePic', 'business_reporter.jpg'), ('job', 'Business Reporter')])
13.8546 	EXP 	image: autoDraw = False
13.8546 	EXP 	text_2: autoDraw = False
13.8546 	EXP 	image: image = 'business_reporter.jpg'
13.8546 	EXP 	text_2: text = 'Business Reporter'
13.8546 	EXP 	image: autoDraw = True
13.8546 	EXP 	text_2: autoDraw = True
14.4065 	DATA 	Keypress: space
14.4072 	EXP 	New trial (rep=0, index=4): OrderedDict([('rolePic', 'acem.jpg'), ('job', 'Airport Customer Experience Manager')])
14.4389 	EXP 	image: autoDraw = False
14.4389 	EXP 	text_2: autoDraw = False
14.4389 	EXP 	image: image = 'acem.jpg'
14.4389 	EXP 	text_2: text = 'Airport Customer Experience Manager'
14.4389 	EXP 	image: autoDraw = True
14.4389 	EXP 	text_2: autoDraw = True
14.9735 	DATA 	Keypress: space
14.9743 	EXP 	New trial (rep=0, index=5): OrderedDict([('rolePic', 'weddingplanner.jpg'), ('job', 'Wedding Planner')])
15.0049 	EXP 	image: autoDraw = False
15.0049 	EXP 	text_2: autoDraw = False
15.0049 	EXP 	image: image = 'weddingplanner.jpg'
15.0049 	EXP 	text_2: text = 'Wedding Planner'
15.0049 	EXP 	image: autoDraw = True
15.0049 	EXP 	text_2: autoDraw = True
15.5237 	DATA 	Keypress: space
15.5243 	EXP 	New trial (rep=0, index=6): OrderedDict([('rolePic', 'dean.jpg'), ('job', 'Dean of Academic Studies')])
15.5546 	EXP 	image: autoDraw = False
15.5546 	EXP 	text_2: autoDraw = False
15.5546 	EXP 	image: image = 'dean.jpg'
15.5546 	EXP 	text_2: text = 'Dean of Academic Studies'
15.5546 	EXP 	image: autoDraw = True
15.5546 	EXP 	text_2: autoDraw = True
15.9747 	DATA 	Keypress: space
15.9755 	EXP 	New trial (rep=0, index=7): OrderedDict([('rolePic', 'couples.jpeg'), ('job', 'Couples Therapist\n')])
15.9756 	WARNING 	Requested image 'couples.jpeg' not found but similar filename 'couples.jpg' exists. This will be used instead but changing the filename is advised.
16.0057 	EXP 	image: autoDraw = False
16.0057 	EXP 	text_2: autoDraw = False
16.0057 	EXP 	image: image = 'couples.jpeg'
16.0057 	EXP 	text_2: text = 'Couples Therapist\n'
16.0057 	EXP 	image: autoDraw = True
16.0057 	EXP 	text_2: autoDraw = True
16.6414 	DATA 	Keypress: space
16.6467 	EXP 	Imported instructions2.xlsx as conditions, 10 conditions, 2 params
16.6470 	EXP 	Created sequence: sequential, trialTypes=10, nReps=1, seed=None
16.6472 	EXP 	New trial (rep=0, index=0): OrderedDict([('instruct_text', 'In addition to reading all 16 stories, your task will be to answer perspective-related questions about each story.\n'), ('instruct_text2', '(press the space bar to continue)')])
16.6730 	EXP 	image: autoDraw = False
16.6730 	EXP 	text_2: autoDraw = False
16.6730 	EXP 	welcome: text = 'In addition to reading all 16 stories, your task will be to answer perspective-related questions about each story.\n'
16.6730 	EXP 	text_12: text = '(press the space bar to continue)'
16.6730 	EXP 	welcome: autoDraw = True
16.6730 	EXP 	text_12: autoDraw = True
17.3083 	DATA 	Keypress: space
17.3091 	EXP 	New trial (rep=0, index=1): OrderedDict([('instruct_text', 'You will answer the questions about each story after reading all 16 stories. '), ('instruct_text2', None)])
17.3401 	EXP 	welcome: autoDraw = False
17.3401 	EXP 	text_12: autoDraw = False
17.3401 	EXP 	welcome: text = 'You will answer the questions about each story after reading all 16 stories. '
17.3401 	EXP 	text_12: text = '(press the space bar to continue)'
17.3401 	EXP 	welcome: autoDraw = True
17.3401 	EXP 	text_12: autoDraw = True
17.8084 	DATA 	Keypress: space
17.8091 	EXP 	New trial (rep=0, index=2): OrderedDict([('instruct_text', 'There will be four questions to answer per story.'), ('instruct_text2', None)])
17.8404 	EXP 	welcome: autoDraw = False
17.8404 	EXP 	text_12: autoDraw = False
17.8404 	EXP 	welcome: text = 'There will be four questions to answer per story.'
17.8404 	EXP 	text_12: text = '(press the space bar to continue)'
17.8404 	EXP 	welcome: autoDraw = True
17.8404 	EXP 	text_12: autoDraw = True
18.1911 	DATA 	Keypress: space
18.1918 	EXP 	New trial (rep=0, index=3): OrderedDict([('instruct_text', 'These questions are determined by the perspective you take during the story. '), ('instruct_text2', None)])
18.2226 	EXP 	welcome: autoDraw = False
18.2226 	EXP 	text_12: autoDraw = False
18.2226 	EXP 	welcome: text = 'These questions are determined by the perspective you take during the story. '
18.2226 	EXP 	text_12: text = '(press the space bar to continue)'
18.2226 	EXP 	welcome: autoDraw = True
18.2226 	EXP 	text_12: autoDraw = True
18.6575 	DATA 	Keypress: space
18.6582 	EXP 	New trial (rep=0, index=4): OrderedDict([('instruct_text', 'The questions will be the same for the stories read with the same perspective. '), ('instruct_text2', None)])
18.6894 	EXP 	welcome: autoDraw = False
18.6894 	EXP 	text_12: autoDraw = False
18.6894 	EXP 	welcome: text = 'The questions will be the same for the stories read with the same perspective. '
18.6894 	EXP 	text_12: text = '(press the space bar to continue)'
18.6894 	EXP 	welcome: autoDraw = True
18.6894 	EXP 	text_12: autoDraw = True
19.1077 	DATA 	Keypress: space
19.1084 	EXP 	New trial (rep=0, index=5): OrderedDict([('instruct_text', 'Before reading the stories, you will learn the questions associated with each career perspective in order to help you answer them. '), ('instruct_text2', None)])
19.1398 	EXP 	welcome: autoDraw = False
19.1398 	EXP 	text_12: autoDraw = False
19.1398 	EXP 	welcome: text = 'Before reading the stories, you will learn the questions associated with each career perspective in order to help you answer them. '
19.1398 	EXP 	text_12: text = '(press the space bar to continue)'
19.1398 	EXP 	welcome: autoDraw = True
19.1398 	EXP 	text_12: autoDraw = True
19.5578 	DATA 	Keypress: space
19.5585 	EXP 	New trial (rep=0, index=6): OrderedDict([('instruct_text', 'You will have to try to learn these questions with a series of pre-task quizzes.'), ('instruct_text2', None)])
19.5896 	EXP 	welcome: autoDraw = False
19.5896 	EXP 	text_12: autoDraw = False
19.5896 	EXP 	welcome: text = 'You will have to try to learn these questions with a series of pre-task quizzes.'
19.5896 	EXP 	text_12: text = '(press the space bar to continue)'
19.5896 	EXP 	welcome: autoDraw = True
19.5896 	EXP 	text_12: autoDraw = True
19.9909 	DATA 	Keypress: space
19.9917 	EXP 	New trial (rep=0, index=7): OrderedDict([('instruct_text', 'Once the story-reading task has begun, remember your answers to the questions for each story.'), ('instruct_text2', None)])
20.0231 	EXP 	welcome: autoDraw = False
20.0231 	EXP 	text_12: autoDraw = False
20.0231 	EXP 	welcome: text = 'Once the story-reading task has begun, remember your answers to the questions for each story.'
20.0231 	EXP 	text_12: text = '(press the space bar to continue)'
20.0231 	EXP 	welcome: autoDraw = True
20.0231 	EXP 	text_12: autoDraw = True
20.4751 	DATA 	Keypress: space
20.4758 	EXP 	New trial (rep=0, index=8): OrderedDict([('instruct_text', 'Again, you will be asked about the answers to these questions for each story at end of the experiment. '), ('instruct_text2', None)])
20.5072 	EXP 	welcome: autoDraw = False
20.5072 	EXP 	text_12: autoDraw = False
20.5072 	EXP 	welcome: text = 'Again, you will be asked about the answers to these questions for each story at end of the experiment. '
20.5072 	EXP 	text_12: text = '(press the space bar to continue)'
20.5072 	EXP 	welcome: autoDraw = True
20.5072 	EXP 	text_12: autoDraw = True
20.9094 	DATA 	Keypress: space
20.9101 	EXP 	New trial (rep=0, index=9): OrderedDict([('instruct_text', 'Press the space bar to begin learning the perspectives and the questions for each one.'), ('instruct_text2', None)])
20.9406 	EXP 	welcome: autoDraw = False
20.9406 	EXP 	text_12: autoDraw = False
20.9406 	EXP 	welcome: text = 'Press the space bar to begin learning the perspectives and the questions for each one.'
20.9406 	EXP 	text_12: text = '(press the space bar to continue)'
20.9406 	EXP 	welcome: autoDraw = True
20.9406 	EXP 	text_12: autoDraw = True
21.4595 	DATA 	Keypress: space
21.4666 	EXP 	Imported whichRole.xlsx as conditions, 8 conditions, 8 params
21.4668 	EXP 	Created sequence: random, trialTypes=8, nReps=1, seed=None
21.4671 	EXP 	New trial (rep=0, index=0): OrderedDict([('Q1', 'How does the person who proposed feel before proposing?\n'), ('Q2', 'What is the ring like?\n'), ('Q3', 'Does anyone besides the person proposing help with the proposal?\n'), ('Q4', 'Who witnessed the “yes”?\n'), ('D1', 'Is anyone taking pictures of the proposal?'), ('D2', 'How long does the proposal take?'), ('roleName', 'Wedding Planner'), ('rolePic', 'weddingplanner.jpg')])
21.4674 	EXP 	Created sequence: sequential, trialTypes=1, nReps=5, seed=None
21.4675 	EXP 	New trial (rep=0, index=0): None
21.5084 	EXP 	welcome: autoDraw = False
21.5084 	EXP 	text_12: autoDraw = False
21.5084 	EXP 	text_18: text = 'Wedding Planner'
21.5084 	EXP 	image_9: image = 'weddingplanner.jpg'
21.5084 	EXP 	text_18: autoDraw = True
21.5084 	EXP 	image_9: autoDraw = True
22.1427 	DATA 	Keypress: space
22.1919 	EXP 	text_18: autoDraw = False
22.1919 	EXP 	image_9: autoDraw = False
22.1919 	EXP 	text_8: text = 'A: How does the person who proposed feel before proposing?\n'
22.1919 	EXP 	text_9: text = 'Wedding Planner'
22.1919 	EXP 	image_5: image = 'weddingplanner.jpg'
22.1919 	EXP 	text_8: autoDraw = True
22.1919 	EXP 	text_9: autoDraw = True
22.1919 	EXP 	image_5: autoDraw = True
23.3257 	DATA 	Keypress: space
23.3583 	EXP 	text_8: autoDraw = False
23.3583 	EXP 	text_9: autoDraw = False
23.3583 	EXP 	image_5: autoDraw = False
23.3583 	EXP 	text_10: text = 'B: What is the ring like?\n'
23.3583 	EXP 	text_11: text = 'Wedding Planner'
23.3583 	EXP 	image_6: image = 'weddingplanner.jpg'
23.3583 	EXP 	text_10: autoDraw = True
23.3583 	EXP 	text_11: autoDraw = True
23.3583 	EXP 	image_6: autoDraw = True
24.4092 	DATA 	Keypress: space
24.4577 	EXP 	text_10: autoDraw = False
24.4577 	EXP 	text_11: autoDraw = False
24.4577 	EXP 	image_6: autoDraw = False
24.4577 	EXP 	text_13: text = 'C: Does anyone besides the person proposing help with the proposal?\n'
24.4577 	EXP 	text_14: text = 'Wedding Planner'
24.4577 	EXP 	image_7: image = 'weddingplanner.jpg'
24.4577 	EXP 	text_13: autoDraw = True
24.4577 	EXP 	text_14: autoDraw = True
24.4577 	EXP 	image_7: autoDraw = True
26.4771 	DATA 	Keypress: space
26.5266 	EXP 	text_13: autoDraw = False
26.5266 	EXP 	text_14: autoDraw = False
26.5266 	EXP 	image_7: autoDraw = False
26.5266 	EXP 	text_15: text = 'D: Who witnessed the “yes”?\n'
26.5266 	EXP 	text_16: text = 'Wedding Planner'
26.5266 	EXP 	image_8: image = 'weddingplanner.jpg'
26.5266 	EXP 	text_15: autoDraw = True
26.5266 	EXP 	text_16: autoDraw = True
26.5266 	EXP 	image_8: autoDraw = True
27.3440 	DATA 	Keypress: space
27.3601 	EXP 	text_15: autoDraw = False
27.3601 	EXP 	text_16: autoDraw = False
27.3601 	EXP 	image_8: autoDraw = False
27.3601 	EXP 	text_5: autoDraw = True
30.7950 	DATA 	Keypress: space
30.8193 	EXP 	Created unnamed ImageStim = ImageStim(__class__=<class 'psychopy.visual.image.ImageStim'>, autoLog=True, color=array([1., 1., 1.]), colorSpace='rgb', contrast=1.0, depth=0, flipHoriz=False, flipVert=False, image='checkmark.png', interpolate=False, mask=None, maskParams=None, name='unnamed ImageStim', opacity=1.0, ori=0.0, pos=array([0., 0.]), size=array([0.2703125 , 0.47222222]), texRes=128, units='norm', win=Window(...))
30.9572 	EXP 	Created unnamed ImageStim = ImageStim(__class__=<class 'psychopy.visual.image.ImageStim'>, autoLog=True, color=array([1., 1., 1.]), colorSpace='rgb', contrast=1.0, depth=0, flipHoriz=False, flipVert=False, image='redx.png', interpolate=False, mask=None, maskParams=None, name='unnamed ImageStim', opacity=1.0, ori=0.0, pos=array([0., 0.]), size=array([1.5625    , 2.77777778]), texRes=128, units='norm', win=Window(...))
30.9827 	EXP 	Created unnamed ImageStim = ImageStim(__class__=<class 'psychopy.visual.image.ImageStim'>, autoLog=True, color=array([1., 1., 1.]), colorSpace='rgb', contrast=1.0, depth=0, flipHoriz=False, flipVert=False, image='thumbsup.png', interpolate=False, mask=None, maskParams=None, name='unnamed ImageStim', opacity=1.0, ori=0.0, pos=array([0., 0.]), size=array([0.375 , 0.7125]), texRes=128, units='norm', win=Window(...))
31.0944 	EXP 	text_5: autoDraw = False
31.0944 	EXP 	question1_2: text = '1: How does the person who proposed feel before proposing?\n'
31.0944 	EXP 	question2_2: text = '2: Is anyone taking pictures of the proposal?'
31.0944 	EXP 	question3_2: text = '3: Does anyone besides the person proposing help with the proposal?\n'
31.0944 	EXP 	question4_2: text = '4: How long does the proposal take?'
31.0944 	EXP 	question5_2: text = '5: Who witnessed the “yes”?\n'
31.0944 	EXP 	question6_2: text = '6: What is the ring like?\n'
31.0944 	EXP 	question1_2: autoDraw = True
31.0944 	EXP 	question2_2: autoDraw = True
31.0944 	EXP 	question3_2: autoDraw = True
31.0944 	EXP 	question4_2: autoDraw = True
31.0944 	EXP 	question5_2: autoDraw = True
31.0944 	EXP 	question6_2: autoDraw = True
31.0944 	EXP 	image_3: autoDraw = True
36.7834 	DATA 	Keypress: 1
50.0041 	DATA 	Keypress: 2
51.0524 	EXP 	New trial (rep=1, index=0): None
51.0842 	EXP 	question1_2: autoDraw = False
51.0842 	EXP 	question2_2: autoDraw = False
51.0842 	EXP 	question3_2: autoDraw = False
51.0842 	EXP 	question4_2: autoDraw = False
51.0842 	EXP 	question5_2: autoDraw = False
51.0842 	EXP 	question6_2: autoDraw = False
51.0842 	EXP 	image_3: autoDraw = False
51.0842 	EXP 	text_18: text = 'Wedding Planner'
51.0842 	EXP 	image_9: image = 'weddingplanner.jpg'
51.0842 	EXP 	text_18: autoDraw = True
51.0842 	EXP 	image_9: autoDraw = True
51.5523 	DATA 	Keypress: space
51.5846 	EXP 	text_18: autoDraw = False
51.5846 	EXP 	image_9: autoDraw = False
51.5846 	EXP 	text_8: text = 'A: How does the person who proposed feel before proposing?\n'
51.5846 	EXP 	text_9: text = 'Wedding Planner'
51.5846 	EXP 	image_5: image = 'weddingplanner.jpg'
51.5846 	EXP 	text_8: autoDraw = True
51.5846 	EXP 	text_9: autoDraw = True
51.5846 	EXP 	image_5: autoDraw = True
52.5685 	DATA 	Keypress: space
52.6014 	EXP 	text_8: autoDraw = False
52.6014 	EXP 	text_9: autoDraw = False
52.6014 	EXP 	image_5: autoDraw = False
52.6014 	EXP 	text_10: text = 'B: What is the ring like?\n'
52.6014 	EXP 	text_11: text = 'Wedding Planner'
52.6014 	EXP 	image_6: image = 'weddingplanner.jpg'
52.6014 	EXP 	text_10: autoDraw = True
52.6014 	EXP 	text_11: autoDraw = True
52.6014 	EXP 	image_6: autoDraw = True
53.4188 	DATA 	Keypress: space
53.4511 	EXP 	text_10: autoDraw = False
53.4511 	EXP 	text_11: autoDraw = False
53.4511 	EXP 	image_6: autoDraw = False
53.4511 	EXP 	text_13: text = 'C: Does anyone besides the person proposing help with the proposal?\n'
53.4511 	EXP 	text_14: text = 'Wedding Planner'
53.4511 	EXP 	image_7: image = 'weddingplanner.jpg'
53.4511 	EXP 	text_13: autoDraw = True
53.4511 	EXP 	text_14: autoDraw = True
53.4511 	EXP 	image_7: autoDraw = True
56.5208 	DATA 	Keypress: space
56.5521 	EXP 	text_13: autoDraw = False
56.5521 	EXP 	text_14: autoDraw = False
56.5521 	EXP 	image_7: autoDraw = False
56.5521 	EXP 	text_15: text = 'D: Who witnessed the “yes”?\n'
56.5521 	EXP 	text_16: text = 'Wedding Planner'
56.5521 	EXP 	image_8: image = 'weddingplanner.jpg'
56.5521 	EXP 	text_15: autoDraw = True
56.5521 	EXP 	text_16: autoDraw = True
56.5521 	EXP 	image_8: autoDraw = True
61.4387 	DATA 	Keypress: space
61.4540 	EXP 	text_15: autoDraw = False
61.4540 	EXP 	text_16: autoDraw = False
61.4540 	EXP 	image_8: autoDraw = False
61.4540 	EXP 	text_5: autoDraw = True
63.2715 	DATA 	Keypress: space
63.2765 	EXP 	Created unnamed ImageStim = ImageStim(__class__=<class 'psychopy.visual.image.ImageStim'>, autoLog=True, color=array([1., 1., 1.]), colorSpace='rgb', contrast=1.0, depth=0, flipHoriz=False, flipVert=False, image='checkmark.png', interpolate=False, mask=None, maskParams=None, name='unnamed ImageStim', opacity=1.0, ori=0.0, pos=array([0., 0.]), size=array([0.2703125 , 0.47222222]), texRes=128, units='norm', win=Window(...))
63.3854 	EXP 	Created unnamed ImageStim = ImageStim(__class__=<class 'psychopy.visual.image.ImageStim'>, autoLog=True, color=array([1., 1., 1.]), colorSpace='rgb', contrast=1.0, depth=0, flipHoriz=False, flipVert=False, image='redx.png', interpolate=False, mask=None, maskParams=None, name='unnamed ImageStim', opacity=1.0, ori=0.0, pos=array([0., 0.]), size=array([1.5625    , 2.77777778]), texRes=128, units='norm', win=Window(...))
63.3975 	EXP 	Created unnamed ImageStim = ImageStim(__class__=<class 'psychopy.visual.image.ImageStim'>, autoLog=True, color=array([1., 1., 1.]), colorSpace='rgb', contrast=1.0, depth=0, flipHoriz=False, flipVert=False, image='thumbsup.png', interpolate=False, mask=None, maskParams=None, name='unnamed ImageStim', opacity=1.0, ori=0.0, pos=array([0., 0.]), size=array([0.375 , 0.7125]), texRes=128, units='norm', win=Window(...))
63.4709 	EXP 	text_5: autoDraw = False
63.4709 	EXP 	question1_2: text = '1: Who witnessed the “yes”?\n'
63.4709 	EXP 	question2_2: text = '2: Is anyone taking pictures of the proposal?'
63.4709 	EXP 	question3_2: text = '3: Does anyone besides the person proposing help with the proposal?\n'
63.4709 	EXP 	question4_2: text = '4: What is the ring like?\n'
63.4709 	EXP 	question5_2: text = '5: How long does the proposal take?'
63.4709 	EXP 	question6_2: text = '6: How does the person who proposed feel before proposing?\n'
63.4709 	EXP 	question1_2: autoDraw = True
63.4709 	EXP 	question2_2: autoDraw = True
63.4709 	EXP 	question3_2: autoDraw = True
63.4709 	EXP 	question4_2: autoDraw = True
63.4709 	EXP 	question5_2: autoDraw = True
63.4709 	EXP 	question6_2: autoDraw = True
63.4709 	EXP 	image_3: autoDraw = True
72.3329 	DATA 	Keypress: escape
72.6331 	EXP 	window1: mouseVisible = True
