4.6369 	WARNING 	User requested fullscreen with size [1024  768], but screen is actually [2560, 1440]. Using actual size
5.2969 	EXP 	Created window1 = Window(allowGUI=False, allowStencil=False, args=UNKNOWN, autoLog=True, bitsMode=UNKNOWN, blendMode='avg', color=array([0., 0., 0.]), colorSpace='rgb', fullscr=<method-wrapper '__getattribute__' of attributeSetter object at 0x12278af98>, gamma=None, kwargs=UNKNOWN, lms=UNKNOWN, monitor=<psychopy.monitors.calibTools.Monitor object at 0x127b31128>, multiSample=False, name='window1', numSamples=2, pos=[0.0, 0.0], screen=0, size=array([5120, 2880]), stereo=False, units='norm', useFBO=True, useRetina=True, viewOri=0.0, viewPos=None, viewScale=None, waitBlanking=True, winType='pyglet')
5.2969 	EXP 	window1: recordFrameIntervals = False
5.4625 	EXP 	window1: recordFrameIntervals = True
5.6459 	EXP 	window1: recordFrameIntervals = False
5.7127 	EXP 	Created text_8 = TextStim(__class__=<class 'psychopy.visual.text.TextStim'>, alignHoriz='center', alignVert='center', antialias=True, autoLog=True, bold=False, color='white', colorSpace='named', contrast=1.0, depth=0.0, flipHoriz=False, flipVert=False, font='Arial', fontFiles=[], height=0.1, italic=False, languageStyle='LTR', name='text_8', opacity=1.0, ori=0, pos=array([ 0. , -0.4]), rgb=array([255., 255., 255.]), text='default text', units='norm', win=Window(...), wrapWidth=1)
5.7165 	EXP 	Created text_9 = TextStim(__class__=<class 'psychopy.visual.text.TextStim'>, alignHoriz='center', alignVert='center', antialias=True, autoLog=True, bold=False, color='white', colorSpace='named', contrast=1.0, depth=-1.0, flipHoriz=False, flipVert=False, font='Arial', fontFiles=[], height=0.1, italic=False, languageStyle='LTR', name='text_9', opacity=1.0, ori=0, pos=array([-0.25,  0.25]), rgb=array([255., 255., 255.]), text='default text', units='norm', win=Window(...), wrapWidth=1)
5.7182 	EXP 	Created image_5 = ImageStim(__class__=<class 'psychopy.visual.image.ImageStim'>, autoLog=True, color=array([1., 1., 1.]), colorSpace='rgb', contrast=1.0, depth=-2.0, flipHoriz=False, flipVert=False, image='sin', interpolate=True, mask=None, maskParams=None, name='image_5', opacity=1.0, ori=0.0, pos=array([0.25, 0.25]), size=array([0.5, 0.5]), texRes=128, units='norm', win=Window(...))
5.7216 	EXP 	Created text_10 = TextStim(__class__=<class 'psychopy.visual.text.TextStim'>, alignHoriz='center', alignVert='center', antialias=True, autoLog=True, bold=False, color='white', colorSpace='named', contrast=1.0, depth=0.0, flipHoriz=False, flipVert=False, font='Arial', fontFiles=[], height=0.1, italic=False, languageStyle='LTR', name='text_10', opacity=1.0, ori=0, pos=array([ 0. , -0.4]), rgb=array([255., 255., 255.]), text='default text', units='norm', win=Window(...), wrapWidth=1)
5.7250 	EXP 	Created text_11 = TextStim(__class__=<class 'psychopy.visual.text.TextStim'>, alignHoriz='center', alignVert='center', antialias=True, autoLog=True, bold=False, color='white', colorSpace='named', contrast=1.0, depth=-1.0, flipHoriz=False, flipVert=False, font='Arial', fontFiles=[], height=0.1, italic=False, languageStyle='LTR', name='text_11', opacity=1.0, ori=0, pos=array([-0.25,  0.25]), rgb=array([255., 255., 255.]), text='default text', units='norm', win=Window(...), wrapWidth=1)
5.7264 	EXP 	Created image_6 = ImageStim(__class__=<class 'psychopy.visual.image.ImageStim'>, autoLog=True, color=array([1., 1., 1.]), colorSpace='rgb', contrast=1.0, depth=-2.0, flipHoriz=False, flipVert=False, image='sin', interpolate=True, mask=None, maskParams=None, name='image_6', opacity=1.0, ori=0.0, pos=array([0.25, 0.25]), size=array([0.5, 0.5]), texRes=128, units='norm', win=Window(...))
5.7303 	EXP 	Created text_13 = TextStim(__class__=<class 'psychopy.visual.text.TextStim'>, alignHoriz='center', alignVert='center', antialias=True, autoLog=True, bold=False, color='white', colorSpace='named', contrast=1.0, depth=0.0, flipHoriz=False, flipVert=False, font='Arial', fontFiles=[], height=0.1, italic=False, languageStyle='LTR', name='text_13', opacity=1.0, ori=0, pos=array([ 0. , -0.4]), rgb=array([255., 255., 255.]), text='default text', units='norm', win=Window(...), wrapWidth=1)
5.7337 	EXP 	Created text_14 = TextStim(__class__=<class 'psychopy.visual.text.TextStim'>, alignHoriz='center', alignVert='center', antialias=True, autoLog=True, bold=False, color='white', colorSpace='named', contrast=1.0, depth=-1.0, flipHoriz=False, flipVert=False, font='Arial', fontFiles=[], height=0.1, italic=False, languageStyle='LTR', name='text_14', opacity=1.0, ori=0, pos=array([-0.25,  0.25]), rgb=array([255., 255., 255.]), text='default text', units='norm', win=Window(...), wrapWidth=1)
5.7351 	EXP 	Created image_7 = ImageStim(__class__=<class 'psychopy.visual.image.ImageStim'>, autoLog=True, color=array([1., 1., 1.]), colorSpace='rgb', contrast=1.0, depth=-2.0, flipHoriz=False, flipVert=False, image='sin', interpolate=True, mask=None, maskParams=None, name='image_7', opacity=1.0, ori=0.0, pos=array([0.25, 0.25]), size=array([0.5, 0.5]), texRes=128, units='norm', win=Window(...))
5.7385 	EXP 	Created text_15 = TextStim(__class__=<class 'psychopy.visual.text.TextStim'>, alignHoriz='center', alignVert='center', antialias=True, autoLog=True, bold=False, color='white', colorSpace='named', contrast=1.0, depth=0.0, flipHoriz=False, flipVert=False, font='Arial', fontFiles=[], height=0.1, italic=False, languageStyle='LTR', name='text_15', opacity=1.0, ori=0, pos=array([ 0. , -0.4]), rgb=array([255., 255., 255.]), text='default text', units='norm', win=Window(...), wrapWidth=1)
5.7419 	EXP 	Created text_16 = TextStim(__class__=<class 'psychopy.visual.text.TextStim'>, alignHoriz='center', alignVert='center', antialias=True, autoLog=True, bold=False, color='white', colorSpace='named', contrast=1.0, depth=-1.0, flipHoriz=False, flipVert=False, font='Arial', fontFiles=[], height=0.1, italic=False, languageStyle='LTR', name='text_16', opacity=1.0, ori=0, pos=array([-0.25,  0.25]), rgb=array([255., 255., 255.]), text='default text', units='norm', win=Window(...), wrapWidth=1)
5.7433 	EXP 	Created image_8 = ImageStim(__class__=<class 'psychopy.visual.image.ImageStim'>, autoLog=True, color=array([1., 1., 1.]), colorSpace='rgb', contrast=1.0, depth=-2.0, flipHoriz=False, flipVert=False, image='sin', interpolate=True, mask=None, maskParams=None, name='image_8', opacity=1.0, ori=0.0, pos=array([0.25, 0.25]), size=array([0.5, 0.5]), texRes=128, units='norm', win=Window(...))
5.7469 	EXP 	Created question1 = TextStim(__class__=<class 'psychopy.visual.text.TextStim'>, alignHoriz='center', alignVert='center', antialias=True, autoLog=True, bold=False, color='white', colorSpace='named', contrast=1.0, depth=-1.0, flipHoriz=False, flipVert=False, font='Arial', fontFiles=[], height=0.1, italic=False, languageStyle='LTR', name='question1', opacity=1.0, ori=0, pos=array([0. , 0.6]), rgb=array([255., 255., 255.]), text='default text', units='norm', win=Window(...), wrapWidth=2)
5.7506 	EXP 	Created question2 = TextStim(__class__=<class 'psychopy.visual.text.TextStim'>, alignHoriz='center', alignVert='center', antialias=True, autoLog=True, bold=False, color='white', colorSpace='named', contrast=1.0, depth=-1.0, flipHoriz=False, flipVert=False, font='Arial', fontFiles=[], height=0.1, italic=False, languageStyle='LTR', name='question2', opacity=1.0, ori=0, pos=array([0.  , 0.35]), rgb=array([255., 255., 255.]), text='default text', units='norm', win=Window(...), wrapWidth=2)
5.7540 	EXP 	Created question3 = TextStim(__class__=<class 'psychopy.visual.text.TextStim'>, alignHoriz='center', alignVert='center', antialias=True, autoLog=True, bold=False, color='white', colorSpace='named', contrast=1.0, depth=-1.0, flipHoriz=False, flipVert=False, font='Arial', fontFiles=[], height=0.1, italic=False, languageStyle='LTR', name='question3', opacity=1.0, ori=0, pos=array([0.  , 0.12]), rgb=array([255., 255., 255.]), text='default text', units='norm', win=Window(...), wrapWidth=2)
5.7573 	EXP 	Created question4 = TextStim(__class__=<class 'psychopy.visual.text.TextStim'>, alignHoriz='center', alignVert='center', antialias=True, autoLog=True, bold=False, color='white', colorSpace='named', contrast=1.0, depth=-1.0, flipHoriz=False, flipVert=False, font='Arial', fontFiles=[], height=0.1, italic=False, languageStyle='LTR', name='question4', opacity=1.0, ori=0, pos=array([ 0.  , -0.12]), rgb=array([255., 255., 255.]), text='default text', units='norm', win=Window(...), wrapWidth=2)
5.7618 	EXP 	Created question5 = TextStim(__class__=<class 'psychopy.visual.text.TextStim'>, alignHoriz='center', alignVert='center', antialias=True, autoLog=True, bold=False, color='white', colorSpace='named', contrast=1.0, depth=-1.0, flipHoriz=False, flipVert=False, font='Arial', fontFiles=[], height=0.1, italic=False, languageStyle='LTR', name='question5', opacity=1.0, ori=0, pos=array([ 0.  , -0.35]), rgb=array([255., 255., 255.]), text='default text', units='norm', win=Window(...), wrapWidth=2)
5.7670 	EXP 	Created question6 = TextStim(__class__=<class 'psychopy.visual.text.TextStim'>, alignHoriz='center', alignVert='center', antialias=True, autoLog=True, bold=False, color='white', colorSpace='named', contrast=1.0, depth=-1.0, flipHoriz=False, flipVert=False, font='Arial', fontFiles=[], height=0.1, italic=False, languageStyle='LTR', name='question6', opacity=1.0, ori=0, pos=array([ 0. , -0.6]), rgb=array([255., 255., 255.]), text='default text', units='norm', win=Window(...), wrapWidth=2)
5.7674 	WARNING 	Requested image 'couples.jpg' not found but similar filename 'couples.jpeg' exists. This will be used instead but changing the filename is advised.
5.8249 	EXP 	Created image = ImageStim(__class__=<class 'psychopy.visual.image.ImageStim'>, autoLog=True, color=array([1., 1., 1.]), colorSpace='rgb', contrast=1.0, depth=0.0, flipHoriz=False, flipVert=False, image='couples.jpg', interpolate=True, mask=None, maskParams=None, name='image', opacity=1.0, ori=0.0, pos=array([0., 0.]), size=array([0.5, 0.5]), texRes=128, units='norm', win=Window(...))
5.8342 	EXP 	Imported whichRole.xlsx as conditions, 8 conditions, 8 params
5.8345 	EXP 	Created sequence: sequential, trialTypes=8, nReps=1, seed=None
5.8348 	EXP 	New trial (rep=0, index=0): OrderedDict([('Q1', 'What industry are the business people in?'), ('Q2', 'What is being negotiated and how much money is at stake?'), ('Q3', 'What is the response to the proposed deal?'), ('Q4', 'What comes about from the business proposal?'), ('D1', 'Is the deal fair?'), ('D2', 'How long does it take to make the deal?'), ('roleName', 'Business Reporter'), ('rolePic', 'business_reporter.jpg')])
5.8350 	EXP 	Created sequence: sequential, trialTypes=1, nReps=5, seed=None
5.8352 	EXP 	New trial (rep=0, index=0): None
5.8957 	EXP 	text_8: text = 'What industry are the business people in?'
5.8957 	EXP 	text_9: text = 'Business Reporter'
5.8957 	EXP 	image_5: image = 'business_reporter.jpg'
5.8957 	EXP 	text_8: autoDraw = True
5.8957 	EXP 	text_9: autoDraw = True
5.8957 	EXP 	image_5: autoDraw = True
6.2151 	DATA 	Keypress: space
6.2622 	EXP 	text_8: autoDraw = False
6.2622 	EXP 	text_9: autoDraw = False
6.2622 	EXP 	image_5: autoDraw = False
6.2622 	EXP 	text_10: text = 'What is being negotiated and how much money is at stake?'
6.2622 	EXP 	text_11: text = 'Business Reporter'
6.2622 	EXP 	image_6: image = 'business_reporter.jpg'
6.2622 	EXP 	text_10: autoDraw = True
6.2622 	EXP 	text_11: autoDraw = True
6.2622 	EXP 	image_6: autoDraw = True
6.5144 	DATA 	Keypress: space
6.5465 	EXP 	text_10: autoDraw = False
6.5465 	EXP 	text_11: autoDraw = False
6.5465 	EXP 	image_6: autoDraw = False
6.5465 	EXP 	text_13: text = 'What is the response to the proposed deal?'
6.5465 	EXP 	text_14: text = 'Business Reporter'
6.5465 	EXP 	image_7: image = 'business_reporter.jpg'
6.5465 	EXP 	text_13: autoDraw = True
6.5465 	EXP 	text_14: autoDraw = True
6.5465 	EXP 	image_7: autoDraw = True
7.0668 	DATA 	Keypress: space
7.1129 	EXP 	text_13: autoDraw = False
7.1129 	EXP 	text_14: autoDraw = False
7.1129 	EXP 	image_7: autoDraw = False
7.1129 	EXP 	text_15: text = 'What comes about from the business proposal?'
7.1129 	EXP 	text_16: text = 'Business Reporter'
7.1129 	EXP 	image_8: image = 'business_reporter.jpg'
7.1129 	EXP 	text_15: autoDraw = True
7.1129 	EXP 	text_16: autoDraw = True
7.1129 	EXP 	image_8: autoDraw = True
7.6987 	DATA 	Keypress: space
7.7045 	EXP 	Created unnamed ImageStim = ImageStim(__class__=<class 'psychopy.visual.image.ImageStim'>, autoLog=True, color=array([1., 1., 1.]), colorSpace='rgb', contrast=1.0, depth=0, flipHoriz=False, flipVert=False, image='checkmark.png', interpolate=False, mask=None, maskParams=None, name='unnamed ImageStim', opacity=1.0, ori=0.0, pos=array([0., 0.]), size=array([0.2703125 , 0.47222222]), texRes=128, units='norm', win=Window(...))
7.8277 	EXP 	Created unnamed ImageStim = ImageStim(__class__=<class 'psychopy.visual.image.ImageStim'>, autoLog=True, color=array([1., 1., 1.]), colorSpace='rgb', contrast=1.0, depth=0, flipHoriz=False, flipVert=False, image='redx.png', interpolate=False, mask=None, maskParams=None, name='unnamed ImageStim', opacity=1.0, ori=0.0, pos=array([0., 0.]), size=array([1.5625    , 2.77777778]), texRes=128, units='norm', win=Window(...))
7.8354 	EXP 	Created unnamed TextStim = TextStim(__class__=<class 'psychopy.visual.text.TextStim'>, alignHoriz='center', alignVert='center', antialias=True, autoLog=True, bold=False, color=array([0., 1., 0.]), colorSpace='rgb', contrast=1.0, depth=0, flipHoriz=False, flipVert=False, font='', fontFiles=[], height=0.1, italic=False, languageStyle='LTR', name='unnamed TextStim', opacity=1.0, ori=0.0, pos=array([0., 0.]), rgb=array([0., 1., 0.]), text='Restart Learning', units='norm', win=Window(...), wrapWidth=1)
7.8411 	EXP 	Created unnamed TextStim = TextStim(__class__=<class 'psychopy.visual.text.TextStim'>, alignHoriz='center', alignVert='center', antialias=True, autoLog=True, bold=False, color=array([0., 1., 0.]), colorSpace='rgb', contrast=1.0, depth=0, flipHoriz=False, flipVert=False, font='', fontFiles=[], height=0.1, italic=False, languageStyle='LTR', name='unnamed TextStim', opacity=1.0, ori=0.0, pos=array([0., 0.]), rgb=array([0., 1., 0.]), text='Great job!', units='norm', win=Window(...), wrapWidth=1)
7.8538 	EXP 	Created unnamed ImageStim = ImageStim(__class__=<class 'psychopy.visual.image.ImageStim'>, autoLog=True, color=array([1., 1., 1.]), colorSpace='rgb', contrast=1.0, depth=0, flipHoriz=False, flipVert=False, image='thumbsup.png', interpolate=False, mask=None, maskParams=None, name='unnamed ImageStim', opacity=1.0, ori=0.0, pos=array([0., 0.]), size=array([0.375 , 0.7125]), texRes=128, units='norm', win=Window(...))
7.9140 	EXP 	text_15: autoDraw = False
7.9140 	EXP 	text_16: autoDraw = False
7.9140 	EXP 	image_8: autoDraw = False
7.9140 	EXP 	unnamed TextStim: size = 4
7.9140 	EXP 	unnamed TextStim: size = 4
7.9140 	EXP 	question1: text = '1: What is the response to the proposed deal?'
7.9140 	EXP 	question2: text = '2: How long does it take to make the deal?'
7.9140 	EXP 	question3: text = '3: Is the deal fair?'
7.9140 	EXP 	question4: text = '4: What comes about from the business proposal?'
7.9140 	EXP 	question5: text = '5: What is being negotiated and how much money is at stake?'
7.9140 	EXP 	question6: text = '6: What industry are the business people in?'
7.9140 	EXP 	question1: autoDraw = True
7.9140 	EXP 	question2: autoDraw = True
7.9140 	EXP 	question3: autoDraw = True
7.9140 	EXP 	question4: autoDraw = True
7.9140 	EXP 	question5: autoDraw = True
7.9140 	EXP 	question6: autoDraw = True
9.8157 	DATA 	Keypress: 3
11.8325 	EXP 	New trial (rep=1, index=0): None
11.8656 	EXP 	question1: autoDraw = False
11.8656 	EXP 	question2: autoDraw = False
11.8656 	EXP 	question3: autoDraw = False
11.8656 	EXP 	question4: autoDraw = False
11.8656 	EXP 	question5: autoDraw = False
11.8656 	EXP 	question6: autoDraw = False
11.8656 	EXP 	text_8: text = 'What industry are the business people in?'
11.8656 	EXP 	text_9: text = 'Business Reporter'
11.8656 	EXP 	image_5: image = 'business_reporter.jpg'
11.8656 	EXP 	text_8: autoDraw = True
11.8656 	EXP 	text_9: autoDraw = True
11.8656 	EXP 	image_5: autoDraw = True
12.7831 	DATA 	Keypress: escape
13.0533 	EXP 	window1: mouseVisible = True
4.3603 	WARNING 	User requested fullscreen with size [1024  768], but screen is actually [2560, 1440]. Using actual size
5.0118 	EXP 	Created window1 = Window(allowGUI=False, allowStencil=False, args=UNKNOWN, autoLog=True, bitsMode=UNKNOWN, blendMode='avg', color=array([0., 0., 0.]), colorSpace='rgb', fullscr=<method-wrapper '__getattribute__' of attributeSetter object at 0x122906ef0>, gamma=None, kwargs=UNKNOWN, lms=UNKNOWN, monitor=<psychopy.monitors.calibTools.Monitor object at 0x127c6a0b8>, multiSample=False, name='window1', numSamples=2, pos=[0.0, 0.0], screen=0, size=array([5120, 2880]), stereo=False, units='norm', useFBO=True, useRetina=True, viewOri=0.0, viewPos=None, viewScale=None, waitBlanking=True, winType='pyglet')
5.0118 	EXP 	window1: recordFrameIntervals = False
5.1785 	EXP 	window1: recordFrameIntervals = True
5.3619 	EXP 	window1: recordFrameIntervals = False
5.4277 	EXP 	Created text_8 = TextStim(__class__=<class 'psychopy.visual.text.TextStim'>, alignHoriz='center', alignVert='center', antialias=True, autoLog=True, bold=False, color='white', colorSpace='named', contrast=1.0, depth=0.0, flipHoriz=False, flipVert=False, font='Arial', fontFiles=[], height=0.1, italic=False, languageStyle='LTR', name='text_8', opacity=1.0, ori=0, pos=array([ 0. , -0.4]), rgb=array([255., 255., 255.]), text='default text', units='norm', win=Window(...), wrapWidth=1)
5.4311 	EXP 	Created text_9 = TextStim(__class__=<class 'psychopy.visual.text.TextStim'>, alignHoriz='center', alignVert='center', antialias=True, autoLog=True, bold=False, color='white', colorSpace='named', contrast=1.0, depth=-1.0, flipHoriz=False, flipVert=False, font='Arial', fontFiles=[], height=0.1, italic=False, languageStyle='LTR', name='text_9', opacity=1.0, ori=0, pos=array([-0.25,  0.25]), rgb=array([255., 255., 255.]), text='default text', units='norm', win=Window(...), wrapWidth=1)
5.4328 	EXP 	Created image_5 = ImageStim(__class__=<class 'psychopy.visual.image.ImageStim'>, autoLog=True, color=array([1., 1., 1.]), colorSpace='rgb', contrast=1.0, depth=-2.0, flipHoriz=False, flipVert=False, image='sin', interpolate=True, mask=None, maskParams=None, name='image_5', opacity=1.0, ori=0.0, pos=array([0.25, 0.25]), size=array([0.5, 0.5]), texRes=128, units='norm', win=Window(...))
5.4361 	EXP 	Created text_10 = TextStim(__class__=<class 'psychopy.visual.text.TextStim'>, alignHoriz='center', alignVert='center', antialias=True, autoLog=True, bold=False, color='white', colorSpace='named', contrast=1.0, depth=0.0, flipHoriz=False, flipVert=False, font='Arial', fontFiles=[], height=0.1, italic=False, languageStyle='LTR', name='text_10', opacity=1.0, ori=0, pos=array([ 0. , -0.4]), rgb=array([255., 255., 255.]), text='default text', units='norm', win=Window(...), wrapWidth=1)
5.4395 	EXP 	Created text_11 = TextStim(__class__=<class 'psychopy.visual.text.TextStim'>, alignHoriz='center', alignVert='center', antialias=True, autoLog=True, bold=False, color='white', colorSpace='named', contrast=1.0, depth=-1.0, flipHoriz=False, flipVert=False, font='Arial', fontFiles=[], height=0.1, italic=False, languageStyle='LTR', name='text_11', opacity=1.0, ori=0, pos=array([-0.25,  0.25]), rgb=array([255., 255., 255.]), text='default text', units='norm', win=Window(...), wrapWidth=1)
5.4410 	EXP 	Created image_6 = ImageStim(__class__=<class 'psychopy.visual.image.ImageStim'>, autoLog=True, color=array([1., 1., 1.]), colorSpace='rgb', contrast=1.0, depth=-2.0, flipHoriz=False, flipVert=False, image='sin', interpolate=True, mask=None, maskParams=None, name='image_6', opacity=1.0, ori=0.0, pos=array([0.25, 0.25]), size=array([0.5, 0.5]), texRes=128, units='norm', win=Window(...))
5.4447 	EXP 	Created text_13 = TextStim(__class__=<class 'psychopy.visual.text.TextStim'>, alignHoriz='center', alignVert='center', antialias=True, autoLog=True, bold=False, color='white', colorSpace='named', contrast=1.0, depth=0.0, flipHoriz=False, flipVert=False, font='Arial', fontFiles=[], height=0.1, italic=False, languageStyle='LTR', name='text_13', opacity=1.0, ori=0, pos=array([ 0. , -0.4]), rgb=array([255., 255., 255.]), text='default text', units='norm', win=Window(...), wrapWidth=1)
5.4481 	EXP 	Created text_14 = TextStim(__class__=<class 'psychopy.visual.text.TextStim'>, alignHoriz='center', alignVert='center', antialias=True, autoLog=True, bold=False, color='white', colorSpace='named', contrast=1.0, depth=-1.0, flipHoriz=False, flipVert=False, font='Arial', fontFiles=[], height=0.1, italic=False, languageStyle='LTR', name='text_14', opacity=1.0, ori=0, pos=array([-0.25,  0.25]), rgb=array([255., 255., 255.]), text='default text', units='norm', win=Window(...), wrapWidth=1)
5.4495 	EXP 	Created image_7 = ImageStim(__class__=<class 'psychopy.visual.image.ImageStim'>, autoLog=True, color=array([1., 1., 1.]), colorSpace='rgb', contrast=1.0, depth=-2.0, flipHoriz=False, flipVert=False, image='sin', interpolate=True, mask=None, maskParams=None, name='image_7', opacity=1.0, ori=0.0, pos=array([0.25, 0.25]), size=array([0.5, 0.5]), texRes=128, units='norm', win=Window(...))
5.4528 	EXP 	Created text_15 = TextStim(__class__=<class 'psychopy.visual.text.TextStim'>, alignHoriz='center', alignVert='center', antialias=True, autoLog=True, bold=False, color='white', colorSpace='named', contrast=1.0, depth=0.0, flipHoriz=False, flipVert=False, font='Arial', fontFiles=[], height=0.1, italic=False, languageStyle='LTR', name='text_15', opacity=1.0, ori=0, pos=array([ 0. , -0.4]), rgb=array([255., 255., 255.]), text='default text', units='norm', win=Window(...), wrapWidth=1)
5.4562 	EXP 	Created text_16 = TextStim(__class__=<class 'psychopy.visual.text.TextStim'>, alignHoriz='center', alignVert='center', antialias=True, autoLog=True, bold=False, color='white', colorSpace='named', contrast=1.0, depth=-1.0, flipHoriz=False, flipVert=False, font='Arial', fontFiles=[], height=0.1, italic=False, languageStyle='LTR', name='text_16', opacity=1.0, ori=0, pos=array([-0.25,  0.25]), rgb=array([255., 255., 255.]), text='default text', units='norm', win=Window(...), wrapWidth=1)
5.4577 	EXP 	Created image_8 = ImageStim(__class__=<class 'psychopy.visual.image.ImageStim'>, autoLog=True, color=array([1., 1., 1.]), colorSpace='rgb', contrast=1.0, depth=-2.0, flipHoriz=False, flipVert=False, image='sin', interpolate=True, mask=None, maskParams=None, name='image_8', opacity=1.0, ori=0.0, pos=array([0.25, 0.25]), size=array([0.5, 0.5]), texRes=128, units='norm', win=Window(...))
5.4613 	EXP 	Created question1 = TextStim(__class__=<class 'psychopy.visual.text.TextStim'>, alignHoriz='center', alignVert='center', antialias=True, autoLog=True, bold=False, color='white', colorSpace='named', contrast=1.0, depth=-1.0, flipHoriz=False, flipVert=False, font='Arial', fontFiles=[], height=0.1, italic=False, languageStyle='LTR', name='question1', opacity=1.0, ori=0, pos=array([0. , 0.6]), rgb=array([255., 255., 255.]), text='default text', units='norm', win=Window(...), wrapWidth=2)
5.4647 	EXP 	Created question2 = TextStim(__class__=<class 'psychopy.visual.text.TextStim'>, alignHoriz='center', alignVert='center', antialias=True, autoLog=True, bold=False, color='white', colorSpace='named', contrast=1.0, depth=-1.0, flipHoriz=False, flipVert=False, font='Arial', fontFiles=[], height=0.1, italic=False, languageStyle='LTR', name='question2', opacity=1.0, ori=0, pos=array([0.  , 0.35]), rgb=array([255., 255., 255.]), text='default text', units='norm', win=Window(...), wrapWidth=2)
5.4682 	EXP 	Created question3 = TextStim(__class__=<class 'psychopy.visual.text.TextStim'>, alignHoriz='center', alignVert='center', antialias=True, autoLog=True, bold=False, color='white', colorSpace='named', contrast=1.0, depth=-1.0, flipHoriz=False, flipVert=False, font='Arial', fontFiles=[], height=0.1, italic=False, languageStyle='LTR', name='question3', opacity=1.0, ori=0, pos=array([0.  , 0.12]), rgb=array([255., 255., 255.]), text='default text', units='norm', win=Window(...), wrapWidth=2)
5.4715 	EXP 	Created question4 = TextStim(__class__=<class 'psychopy.visual.text.TextStim'>, alignHoriz='center', alignVert='center', antialias=True, autoLog=True, bold=False, color='white', colorSpace='named', contrast=1.0, depth=-1.0, flipHoriz=False, flipVert=False, font='Arial', fontFiles=[], height=0.1, italic=False, languageStyle='LTR', name='question4', opacity=1.0, ori=0, pos=array([ 0.  , -0.12]), rgb=array([255., 255., 255.]), text='default text', units='norm', win=Window(...), wrapWidth=2)
5.4750 	EXP 	Created question5 = TextStim(__class__=<class 'psychopy.visual.text.TextStim'>, alignHoriz='center', alignVert='center', antialias=True, autoLog=True, bold=False, color='white', colorSpace='named', contrast=1.0, depth=-1.0, flipHoriz=False, flipVert=False, font='Arial', fontFiles=[], height=0.1, italic=False, languageStyle='LTR', name='question5', opacity=1.0, ori=0, pos=array([ 0.  , -0.35]), rgb=array([255., 255., 255.]), text='default text', units='norm', win=Window(...), wrapWidth=2)
5.4797 	EXP 	Created question6 = TextStim(__class__=<class 'psychopy.visual.text.TextStim'>, alignHoriz='center', alignVert='center', antialias=True, autoLog=True, bold=False, color='white', colorSpace='named', contrast=1.0, depth=-1.0, flipHoriz=False, flipVert=False, font='Arial', fontFiles=[], height=0.1, italic=False, languageStyle='LTR', name='question6', opacity=1.0, ori=0, pos=array([ 0. , -0.6]), rgb=array([255., 255., 255.]), text='default text', units='norm', win=Window(...), wrapWidth=2)
5.4801 	WARNING 	Requested image 'couples.jpg' not found but similar filename 'couples.jpeg' exists. This will be used instead but changing the filename is advised.
5.5372 	EXP 	Created image = ImageStim(__class__=<class 'psychopy.visual.image.ImageStim'>, autoLog=True, color=array([1., 1., 1.]), colorSpace='rgb', contrast=1.0, depth=0.0, flipHoriz=False, flipVert=False, image='couples.jpg', interpolate=True, mask=None, maskParams=None, name='image', opacity=1.0, ori=0.0, pos=array([0., 0.]), size=array([0.5, 0.5]), texRes=128, units='norm', win=Window(...))
5.5463 	EXP 	Imported whichRole.xlsx as conditions, 8 conditions, 8 params
5.5465 	EXP 	Created sequence: sequential, trialTypes=8, nReps=1, seed=None
5.5468 	EXP 	New trial (rep=0, index=0): OrderedDict([('Q1', 'What industry are the business people in?'), ('Q2', 'What is being negotiated and how much money is at stake?'), ('Q3', 'What is the response to the proposed deal?'), ('Q4', 'What comes about from the business proposal?'), ('D1', 'Is the deal fair?'), ('D2', 'How long does it take to make the deal?'), ('roleName', 'Business Reporter'), ('rolePic', 'business_reporter.jpg')])
5.5470 	EXP 	Created sequence: sequential, trialTypes=1, nReps=5, seed=None
5.5472 	EXP 	New trial (rep=0, index=0): None
5.6086 	EXP 	text_8: text = 'What industry are the business people in?'
5.6086 	EXP 	text_9: text = 'Business Reporter'
5.6086 	EXP 	image_5: image = 'business_reporter.jpg'
5.6086 	EXP 	text_8: autoDraw = True
5.6086 	EXP 	text_9: autoDraw = True
5.6086 	EXP 	image_5: autoDraw = True
5.9475 	DATA 	Keypress: space
5.9942 	EXP 	text_8: autoDraw = False
5.9942 	EXP 	text_9: autoDraw = False
5.9942 	EXP 	image_5: autoDraw = False
5.9942 	EXP 	text_10: text = 'What is being negotiated and how much money is at stake?'
5.9942 	EXP 	text_11: text = 'Business Reporter'
5.9942 	EXP 	image_6: image = 'business_reporter.jpg'
5.9942 	EXP 	text_10: autoDraw = True
5.9942 	EXP 	text_11: autoDraw = True
5.9942 	EXP 	image_6: autoDraw = True
6.1290 	DATA 	Keypress: space
6.1616 	EXP 	text_10: autoDraw = False
6.1616 	EXP 	text_11: autoDraw = False
6.1616 	EXP 	image_6: autoDraw = False
6.1616 	EXP 	text_13: text = 'What is the response to the proposed deal?'
6.1616 	EXP 	text_14: text = 'Business Reporter'
6.1616 	EXP 	image_7: image = 'business_reporter.jpg'
6.1616 	EXP 	text_13: autoDraw = True
6.1616 	EXP 	text_14: autoDraw = True
6.1616 	EXP 	image_7: autoDraw = True
6.2957 	DATA 	Keypress: space
6.3283 	EXP 	text_13: autoDraw = False
6.3283 	EXP 	text_14: autoDraw = False
6.3283 	EXP 	image_7: autoDraw = False
6.3283 	EXP 	text_15: text = 'What comes about from the business proposal?'
6.3283 	EXP 	text_16: text = 'Business Reporter'
6.3283 	EXP 	image_8: image = 'business_reporter.jpg'
6.3283 	EXP 	text_15: autoDraw = True
6.3283 	EXP 	text_16: autoDraw = True
6.3283 	EXP 	image_8: autoDraw = True
6.7296 	DATA 	Keypress: space
6.7355 	EXP 	Created unnamed ImageStim = ImageStim(__class__=<class 'psychopy.visual.image.ImageStim'>, autoLog=True, color=array([1., 1., 1.]), colorSpace='rgb', contrast=1.0, depth=0, flipHoriz=False, flipVert=False, image='checkmark.png', interpolate=False, mask=None, maskParams=None, name='unnamed ImageStim', opacity=1.0, ori=0.0, pos=array([0., 0.]), size=array([0.2703125 , 0.47222222]), texRes=128, units='norm', win=Window(...))
6.8614 	EXP 	Created unnamed ImageStim = ImageStim(__class__=<class 'psychopy.visual.image.ImageStim'>, autoLog=True, color=array([1., 1., 1.]), colorSpace='rgb', contrast=1.0, depth=0, flipHoriz=False, flipVert=False, image='redx.png', interpolate=False, mask=None, maskParams=None, name='unnamed ImageStim', opacity=1.0, ori=0.0, pos=array([0., 0.]), size=array([1.5625    , 2.77777778]), texRes=128, units='norm', win=Window(...))
6.8688 	EXP 	Created unnamed TextStim = TextStim(__class__=<class 'psychopy.visual.text.TextStim'>, alignHoriz='center', alignVert='center', antialias=True, autoLog=True, bold=False, color=array([0., 1., 0.]), colorSpace='rgb', contrast=1.0, depth=0, flipHoriz=False, flipVert=False, font='', fontFiles=[], height=0.1, italic=False, languageStyle='LTR', name='unnamed TextStim', opacity=1.0, ori=0.0, pos=array([0., 0.]), rgb=array([0., 1., 0.]), text='Restart Learning', units='norm', win=Window(...), wrapWidth=1)
6.8746 	EXP 	Created unnamed TextStim = TextStim(__class__=<class 'psychopy.visual.text.TextStim'>, alignHoriz='center', alignVert='center', antialias=True, autoLog=True, bold=False, color=array([0., 1., 0.]), colorSpace='rgb', contrast=1.0, depth=0, flipHoriz=False, flipVert=False, font='', fontFiles=[], height=0.1, italic=False, languageStyle='LTR', name='unnamed TextStim', opacity=1.0, ori=0.0, pos=array([0., 0.]), rgb=array([0., 1., 0.]), text='Great job!', units='norm', win=Window(...), wrapWidth=1)
6.8871 	EXP 	Created unnamed ImageStim = ImageStim(__class__=<class 'psychopy.visual.image.ImageStim'>, autoLog=True, color=array([1., 1., 1.]), colorSpace='rgb', contrast=1.0, depth=0, flipHoriz=False, flipVert=False, image='thumbsup.png', interpolate=False, mask=None, maskParams=None, name='unnamed ImageStim', opacity=1.0, ori=0.0, pos=array([0., 0.]), size=array([0.375 , 0.7125]), texRes=128, units='norm', win=Window(...))
6.9589 	EXP 	text_15: autoDraw = False
6.9589 	EXP 	text_16: autoDraw = False
6.9589 	EXP 	image_8: autoDraw = False
6.9589 	EXP 	unnamed TextStim: size = 10
6.9589 	EXP 	unnamed TextStim: size = 4
6.9589 	EXP 	question1: text = '1: How long does it take to make the deal?'
6.9589 	EXP 	question2: text = '2: What is the response to the proposed deal?'
6.9589 	EXP 	question3: text = '3: What is being negotiated and how much money is at stake?'
6.9589 	EXP 	question4: text = '4: What industry are the business people in?'
6.9589 	EXP 	question5: text = '5: Is the deal fair?'
6.9589 	EXP 	question6: text = '6: What comes about from the business proposal?'
6.9589 	EXP 	question1: autoDraw = True
6.9589 	EXP 	question2: autoDraw = True
6.9589 	EXP 	question3: autoDraw = True
6.9589 	EXP 	question4: autoDraw = True
6.9589 	EXP 	question5: autoDraw = True
6.9589 	EXP 	question6: autoDraw = True
9.0969 	DATA 	Keypress: 5
11.1139 	EXP 	New trial (rep=1, index=0): None
11.1467 	EXP 	question1: autoDraw = False
11.1467 	EXP 	question2: autoDraw = False
11.1467 	EXP 	question3: autoDraw = False
11.1467 	EXP 	question4: autoDraw = False
11.1467 	EXP 	question5: autoDraw = False
11.1467 	EXP 	question6: autoDraw = False
11.1467 	EXP 	text_8: text = 'What industry are the business people in?'
11.1467 	EXP 	text_9: text = 'Business Reporter'
11.1467 	EXP 	image_5: image = 'business_reporter.jpg'
11.1467 	EXP 	text_8: autoDraw = True
11.1467 	EXP 	text_9: autoDraw = True
11.1467 	EXP 	image_5: autoDraw = True
11.9813 	DATA 	Keypress: space
12.0130 	EXP 	text_8: autoDraw = False
12.0130 	EXP 	text_9: autoDraw = False
12.0130 	EXP 	image_5: autoDraw = False
12.0130 	EXP 	text_10: text = 'What is being negotiated and how much money is at stake?'
12.0130 	EXP 	text_11: text = 'Business Reporter'
12.0130 	EXP 	image_6: image = 'business_reporter.jpg'
12.0130 	EXP 	text_10: autoDraw = True
12.0130 	EXP 	text_11: autoDraw = True
12.0130 	EXP 	image_6: autoDraw = True
12.3477 	DATA 	Keypress: space
12.3796 	EXP 	text_10: autoDraw = False
12.3796 	EXP 	text_11: autoDraw = False
12.3796 	EXP 	image_6: autoDraw = False
12.3796 	EXP 	text_13: text = 'What is the response to the proposed deal?'
12.3796 	EXP 	text_14: text = 'Business Reporter'
12.3796 	EXP 	image_7: image = 'business_reporter.jpg'
12.3796 	EXP 	text_13: autoDraw = True
12.3796 	EXP 	text_14: autoDraw = True
12.3796 	EXP 	image_7: autoDraw = True
12.6810 	DATA 	Keypress: space
12.7132 	EXP 	text_13: autoDraw = False
12.7132 	EXP 	text_14: autoDraw = False
12.7132 	EXP 	image_7: autoDraw = False
12.7132 	EXP 	text_15: text = 'What comes about from the business proposal?'
12.7132 	EXP 	text_16: text = 'Business Reporter'
12.7132 	EXP 	image_8: image = 'business_reporter.jpg'
12.7132 	EXP 	text_15: autoDraw = True
12.7132 	EXP 	text_16: autoDraw = True
12.7132 	EXP 	image_8: autoDraw = True
13.1310 	DATA 	Keypress: space
13.1361 	EXP 	Created unnamed ImageStim = ImageStim(__class__=<class 'psychopy.visual.image.ImageStim'>, autoLog=True, color=array([1., 1., 1.]), colorSpace='rgb', contrast=1.0, depth=0, flipHoriz=False, flipVert=False, image='checkmark.png', interpolate=False, mask=None, maskParams=None, name='unnamed ImageStim', opacity=1.0, ori=0.0, pos=array([0., 0.]), size=array([0.2703125 , 0.47222222]), texRes=128, units='norm', win=Window(...))
13.2416 	EXP 	Created unnamed ImageStim = ImageStim(__class__=<class 'psychopy.visual.image.ImageStim'>, autoLog=True, color=array([1., 1., 1.]), colorSpace='rgb', contrast=1.0, depth=0, flipHoriz=False, flipVert=False, image='redx.png', interpolate=False, mask=None, maskParams=None, name='unnamed ImageStim', opacity=1.0, ori=0.0, pos=array([0., 0.]), size=array([1.5625    , 2.77777778]), texRes=128, units='norm', win=Window(...))
13.2463 	EXP 	Created unnamed TextStim = TextStim(__class__=<class 'psychopy.visual.text.TextStim'>, alignHoriz='center', alignVert='center', antialias=True, autoLog=True, bold=False, color=array([0., 1., 0.]), colorSpace='rgb', contrast=1.0, depth=0, flipHoriz=False, flipVert=False, font='', fontFiles=[], height=0.1, italic=False, languageStyle='LTR', name='unnamed TextStim', opacity=1.0, ori=0.0, pos=array([0., 0.]), rgb=array([0., 1., 0.]), text='Restart Learning', units='norm', win=Window(...), wrapWidth=1)
13.2499 	EXP 	Created unnamed TextStim = TextStim(__class__=<class 'psychopy.visual.text.TextStim'>, alignHoriz='center', alignVert='center', antialias=True, autoLog=True, bold=False, color=array([0., 1., 0.]), colorSpace='rgb', contrast=1.0, depth=0, flipHoriz=False, flipVert=False, font='', fontFiles=[], height=0.1, italic=False, languageStyle='LTR', name='unnamed TextStim', opacity=1.0, ori=0.0, pos=array([0., 0.]), rgb=array([0., 1., 0.]), text='Great job!', units='norm', win=Window(...), wrapWidth=1)
13.2612 	EXP 	Created unnamed ImageStim = ImageStim(__class__=<class 'psychopy.visual.image.ImageStim'>, autoLog=True, color=array([1., 1., 1.]), colorSpace='rgb', contrast=1.0, depth=0, flipHoriz=False, flipVert=False, image='thumbsup.png', interpolate=False, mask=None, maskParams=None, name='unnamed ImageStim', opacity=1.0, ori=0.0, pos=array([0., 0.]), size=array([0.375 , 0.7125]), texRes=128, units='norm', win=Window(...))
13.3131 	EXP 	text_15: autoDraw = False
13.3131 	EXP 	text_16: autoDraw = False
13.3131 	EXP 	image_8: autoDraw = False
13.3131 	EXP 	unnamed TextStim: size = 10
13.3131 	EXP 	unnamed TextStim: size = 4
13.3131 	EXP 	question1: text = '1: What is being negotiated and how much money is at stake?'
13.3131 	EXP 	question2: text = '2: What comes about from the business proposal?'
13.3131 	EXP 	question3: text = '3: What industry are the business people in?'
13.3131 	EXP 	question4: text = '4: How long does it take to make the deal?'
13.3131 	EXP 	question5: text = '5: Is the deal fair?'
13.3131 	EXP 	question6: text = '6: What is the response to the proposed deal?'
13.3131 	EXP 	question1: autoDraw = True
13.3131 	EXP 	question2: autoDraw = True
13.3131 	EXP 	question3: autoDraw = True
13.3131 	EXP 	question4: autoDraw = True
13.3131 	EXP 	question5: autoDraw = True
13.3131 	EXP 	question6: autoDraw = True
16.7655 	DATA 	Keypress: 1
19.0667 	DATA 	Keypress: 2
20.4720 	DATA 	Keypress: 3
22.8840 	DATA 	Keypress: 6
24.9183 	EXP 	New trial (rep=0, index=1): OrderedDict([('Q1', 'How is the restaurant decorated?'), ('Q2', 'What are the menus like?'), ('Q3', 'What do the clients order?\n'), ('Q4', 'How do the clients like the food?'), ('D1', 'How old is the waiter?'), ('D2', 'What meal is being served?'), ('roleName', 'Restaurant Critic'), ('rolePic', 'restaurant_critic.jpg')])
24.9186 	EXP 	Created sequence: sequential, trialTypes=1, nReps=5, seed=None
24.9187 	EXP 	New trial (rep=0, index=0): None
24.9648 	EXP 	question1: autoDraw = False
24.9648 	EXP 	question2: autoDraw = False
24.9648 	EXP 	question3: autoDraw = False
24.9648 	EXP 	question4: autoDraw = False
24.9648 	EXP 	question5: autoDraw = False
24.9648 	EXP 	question6: autoDraw = False
24.9648 	EXP 	text_8: text = 'How is the restaurant decorated?'
24.9648 	EXP 	text_9: text = 'Restaurant Critic'
24.9648 	EXP 	image_5: image = 'restaurant_critic.jpg'
24.9648 	EXP 	text_8: autoDraw = True
24.9648 	EXP 	text_9: autoDraw = True
24.9648 	EXP 	image_5: autoDraw = True
26.1686 	DATA 	Keypress: space
26.2006 	EXP 	text_8: autoDraw = False
26.2006 	EXP 	text_9: autoDraw = False
26.2006 	EXP 	image_5: autoDraw = False
26.2006 	EXP 	text_10: text = 'What are the menus like?'
26.2006 	EXP 	text_11: text = 'Restaurant Critic'
26.2006 	EXP 	image_6: image = 'restaurant_critic.jpg'
26.2006 	EXP 	text_10: autoDraw = True
26.2006 	EXP 	text_11: autoDraw = True
26.2006 	EXP 	image_6: autoDraw = True
28.3864 	DATA 	Keypress: space
28.4182 	EXP 	text_10: autoDraw = False
28.4182 	EXP 	text_11: autoDraw = False
28.4182 	EXP 	image_6: autoDraw = False
28.4182 	EXP 	text_13: text = 'What do the clients order?\n'
28.4182 	EXP 	text_14: text = 'Restaurant Critic'
28.4182 	EXP 	image_7: image = 'restaurant_critic.jpg'
28.4182 	EXP 	text_13: autoDraw = True
28.4182 	EXP 	text_14: autoDraw = True
28.4182 	EXP 	image_7: autoDraw = True
29.4204 	DATA 	Keypress: space
29.4526 	EXP 	text_13: autoDraw = False
29.4526 	EXP 	text_14: autoDraw = False
29.4526 	EXP 	image_7: autoDraw = False
29.4526 	EXP 	text_15: text = 'How do the clients like the food?'
29.4526 	EXP 	text_16: text = 'Restaurant Critic'
29.4526 	EXP 	image_8: image = 'restaurant_critic.jpg'
29.4526 	EXP 	text_15: autoDraw = True
29.4526 	EXP 	text_16: autoDraw = True
29.4526 	EXP 	image_8: autoDraw = True
29.9202 	DATA 	Keypress: space
29.9261 	EXP 	Created unnamed ImageStim = ImageStim(__class__=<class 'psychopy.visual.image.ImageStim'>, autoLog=True, color=array([1., 1., 1.]), colorSpace='rgb', contrast=1.0, depth=0, flipHoriz=False, flipVert=False, image='checkmark.png', interpolate=False, mask=None, maskParams=None, name='unnamed ImageStim', opacity=1.0, ori=0.0, pos=array([0., 0.]), size=array([0.2703125 , 0.47222222]), texRes=128, units='norm', win=Window(...))
30.0334 	EXP 	Created unnamed ImageStim = ImageStim(__class__=<class 'psychopy.visual.image.ImageStim'>, autoLog=True, color=array([1., 1., 1.]), colorSpace='rgb', contrast=1.0, depth=0, flipHoriz=False, flipVert=False, image='redx.png', interpolate=False, mask=None, maskParams=None, name='unnamed ImageStim', opacity=1.0, ori=0.0, pos=array([0., 0.]), size=array([1.5625    , 2.77777778]), texRes=128, units='norm', win=Window(...))
30.0387 	EXP 	Created unnamed TextStim = TextStim(__class__=<class 'psychopy.visual.text.TextStim'>, alignHoriz='center', alignVert='center', antialias=True, autoLog=True, bold=False, color=array([0., 1., 0.]), colorSpace='rgb', contrast=1.0, depth=0, flipHoriz=False, flipVert=False, font='', fontFiles=[], height=0.1, italic=False, languageStyle='LTR', name='unnamed TextStim', opacity=1.0, ori=0.0, pos=array([0., 0.]), rgb=array([0., 1., 0.]), text='Restart Learning', units='norm', win=Window(...), wrapWidth=1)
30.0423 	EXP 	Created unnamed TextStim = TextStim(__class__=<class 'psychopy.visual.text.TextStim'>, alignHoriz='center', alignVert='center', antialias=True, autoLog=True, bold=False, color=array([0., 1., 0.]), colorSpace='rgb', contrast=1.0, depth=0, flipHoriz=False, flipVert=False, font='', fontFiles=[], height=0.1, italic=False, languageStyle='LTR', name='unnamed TextStim', opacity=1.0, ori=0.0, pos=array([0., 0.]), rgb=array([0., 1., 0.]), text='Great job!', units='norm', win=Window(...), wrapWidth=1)
30.0542 	EXP 	Created unnamed ImageStim = ImageStim(__class__=<class 'psychopy.visual.image.ImageStim'>, autoLog=True, color=array([1., 1., 1.]), colorSpace='rgb', contrast=1.0, depth=0, flipHoriz=False, flipVert=False, image='thumbsup.png', interpolate=False, mask=None, maskParams=None, name='unnamed ImageStim', opacity=1.0, ori=0.0, pos=array([0., 0.]), size=array([0.375 , 0.7125]), texRes=128, units='norm', win=Window(...))
30.1164 	EXP 	text_15: autoDraw = False
30.1164 	EXP 	text_16: autoDraw = False
30.1164 	EXP 	image_8: autoDraw = False
30.1164 	EXP 	unnamed TextStim: size = 10
30.1164 	EXP 	unnamed TextStim: size = 4
30.1164 	EXP 	question1: text = '1: How do the clients like the food?'
30.1164 	EXP 	question2: text = '2: What do the clients order?\n'
30.1164 	EXP 	question3: text = '3: What meal is being served?'
30.1164 	EXP 	question4: text = '4: How is the restaurant decorated?'
30.1164 	EXP 	question5: text = '5: How old is the waiter?'
30.1164 	EXP 	question6: text = '6: What are the menus like?'
30.1164 	EXP 	question1: autoDraw = True
30.1164 	EXP 	question2: autoDraw = True
30.1164 	EXP 	question3: autoDraw = True
30.1164 	EXP 	question4: autoDraw = True
30.1164 	EXP 	question5: autoDraw = True
30.1164 	EXP 	question6: autoDraw = True
32.5077 	DATA 	Keypress: 1
33.9263 	DATA 	Keypress: 2
36.1884 	DATA 	Keypress: 4
37.7394 	DATA 	Keypress: 6
39.7734 	EXP 	New trial (rep=0, index=2): OrderedDict([('Q1', 'Who notices who first? Why/how?'), ('Q2', 'How does the couple start talking?\n'), ('Q3', 'Which of the people proposes going on an actual date? What do they propose?\n'), ('Q4', 'Who leaves first and why do they have to go?\n'), ('D1', 'Is the couple going to get married?'), ('D2', 'Who shows more interest?'), ('roleName', 'Matchmaker'), ('rolePic', 'matchmaker.jpg')])
39.7737 	EXP 	Created sequence: sequential, trialTypes=1, nReps=5, seed=None
39.7738 	EXP 	New trial (rep=0, index=0): None
39.8395 	EXP 	question1: autoDraw = False
39.8395 	EXP 	question2: autoDraw = False
39.8395 	EXP 	question3: autoDraw = False
39.8395 	EXP 	question4: autoDraw = False
39.8395 	EXP 	question5: autoDraw = False
39.8395 	EXP 	question6: autoDraw = False
39.8395 	EXP 	text_8: text = 'Who notices who first? Why/how?'
39.8395 	EXP 	text_9: text = 'Matchmaker'
39.8395 	EXP 	image_5: image = 'matchmaker.jpg'
39.8395 	EXP 	text_8: autoDraw = True
39.8395 	EXP 	text_9: autoDraw = True
39.8395 	EXP 	image_5: autoDraw = True
42.3068 	DATA 	Keypress: space
42.3557 	EXP 	text_8: autoDraw = False
42.3557 	EXP 	text_9: autoDraw = False
42.3557 	EXP 	image_5: autoDraw = False
42.3557 	EXP 	text_10: text = 'How does the couple start talking?\n'
42.3557 	EXP 	text_11: text = 'Matchmaker'
42.3557 	EXP 	image_6: image = 'matchmaker.jpg'
42.3557 	EXP 	text_10: autoDraw = True
42.3557 	EXP 	text_11: autoDraw = True
42.3557 	EXP 	image_6: autoDraw = True
43.9246 	DATA 	Keypress: space
43.9732 	EXP 	text_10: autoDraw = False
43.9732 	EXP 	text_11: autoDraw = False
43.9732 	EXP 	image_6: autoDraw = False
43.9732 	EXP 	text_13: text = 'Which of the people proposes going on an actual date? What do they propose?\n'
43.9732 	EXP 	text_14: text = 'Matchmaker'
43.9732 	EXP 	image_7: image = 'matchmaker.jpg'
43.9732 	EXP 	text_13: autoDraw = True
43.9732 	EXP 	text_14: autoDraw = True
43.9732 	EXP 	image_7: autoDraw = True
46.6083 	DATA 	Keypress: space
46.6575 	EXP 	text_13: autoDraw = False
46.6575 	EXP 	text_14: autoDraw = False
46.6575 	EXP 	image_7: autoDraw = False
46.6575 	EXP 	text_15: text = 'Who leaves first and why do they have to go?\n'
46.6575 	EXP 	text_16: text = 'Matchmaker'
46.6575 	EXP 	image_8: image = 'matchmaker.jpg'
46.6575 	EXP 	text_15: autoDraw = True
46.6575 	EXP 	text_16: autoDraw = True
46.6575 	EXP 	image_8: autoDraw = True
48.0429 	DATA 	Keypress: space
48.0481 	EXP 	Created unnamed ImageStim = ImageStim(__class__=<class 'psychopy.visual.image.ImageStim'>, autoLog=True, color=array([1., 1., 1.]), colorSpace='rgb', contrast=1.0, depth=0, flipHoriz=False, flipVert=False, image='checkmark.png', interpolate=False, mask=None, maskParams=None, name='unnamed ImageStim', opacity=1.0, ori=0.0, pos=array([0., 0.]), size=array([0.2703125 , 0.47222222]), texRes=128, units='norm', win=Window(...))
48.1540 	EXP 	Created unnamed ImageStim = ImageStim(__class__=<class 'psychopy.visual.image.ImageStim'>, autoLog=True, color=array([1., 1., 1.]), colorSpace='rgb', contrast=1.0, depth=0, flipHoriz=False, flipVert=False, image='redx.png', interpolate=False, mask=None, maskParams=None, name='unnamed ImageStim', opacity=1.0, ori=0.0, pos=array([0., 0.]), size=array([1.5625    , 2.77777778]), texRes=128, units='norm', win=Window(...))
48.1589 	EXP 	Created unnamed TextStim = TextStim(__class__=<class 'psychopy.visual.text.TextStim'>, alignHoriz='center', alignVert='center', antialias=True, autoLog=True, bold=False, color=array([0., 1., 0.]), colorSpace='rgb', contrast=1.0, depth=0, flipHoriz=False, flipVert=False, font='', fontFiles=[], height=0.1, italic=False, languageStyle='LTR', name='unnamed TextStim', opacity=1.0, ori=0.0, pos=array([0., 0.]), rgb=array([0., 1., 0.]), text='Restart Learning', units='norm', win=Window(...), wrapWidth=1)
48.1626 	EXP 	Created unnamed TextStim = TextStim(__class__=<class 'psychopy.visual.text.TextStim'>, alignHoriz='center', alignVert='center', antialias=True, autoLog=True, bold=False, color=array([0., 1., 0.]), colorSpace='rgb', contrast=1.0, depth=0, flipHoriz=False, flipVert=False, font='', fontFiles=[], height=0.1, italic=False, languageStyle='LTR', name='unnamed TextStim', opacity=1.0, ori=0.0, pos=array([0., 0.]), rgb=array([0., 1., 0.]), text='Great job!', units='norm', win=Window(...), wrapWidth=1)
48.1736 	EXP 	Created unnamed ImageStim = ImageStim(__class__=<class 'psychopy.visual.image.ImageStim'>, autoLog=True, color=array([1., 1., 1.]), colorSpace='rgb', contrast=1.0, depth=0, flipHoriz=False, flipVert=False, image='thumbsup.png', interpolate=False, mask=None, maskParams=None, name='unnamed ImageStim', opacity=1.0, ori=0.0, pos=array([0., 0.]), size=array([0.375 , 0.7125]), texRes=128, units='norm', win=Window(...))
48.2408 	EXP 	text_15: autoDraw = False
48.2408 	EXP 	text_16: autoDraw = False
48.2408 	EXP 	image_8: autoDraw = False
48.2408 	EXP 	unnamed TextStim: size = 10
48.2408 	EXP 	unnamed TextStim: size = 4
48.2408 	EXP 	question1: text = '1: Who leaves first and why do they have to go?\n'
48.2408 	EXP 	question2: text = '2: Who notices who first? Why/how?'
48.2408 	EXP 	question3: text = '3: Who shows more interest?'
48.2408 	EXP 	question4: text = '4: How does the couple start talking?\n'
48.2408 	EXP 	question5: text = '5: Which of the people proposes going on an actual date? What do they propose?\n'
48.2408 	EXP 	question6: text = '6: Is the couple going to get married?'
48.2408 	EXP 	question1: autoDraw = True
48.2408 	EXP 	question2: autoDraw = True
48.2408 	EXP 	question3: autoDraw = True
48.2408 	EXP 	question4: autoDraw = True
48.2408 	EXP 	question5: autoDraw = True
48.2408 	EXP 	question6: autoDraw = True
56.2623 	DATA 	Keypress: 1
58.5632 	DATA 	Keypress: 2
60.5462 	DATA 	Keypress: 3
62.5644 	EXP 	New trial (rep=1, index=0): None
62.5956 	EXP 	question1: autoDraw = False
62.5956 	EXP 	question2: autoDraw = False
62.5956 	EXP 	question3: autoDraw = False
62.5956 	EXP 	question4: autoDraw = False
62.5956 	EXP 	question5: autoDraw = False
62.5956 	EXP 	question6: autoDraw = False
62.5956 	EXP 	text_8: text = 'Who notices who first? Why/how?'
62.5956 	EXP 	text_9: text = 'Matchmaker'
62.5956 	EXP 	image_5: image = 'matchmaker.jpg'
62.5956 	EXP 	text_8: autoDraw = True
62.5956 	EXP 	text_9: autoDraw = True
62.5956 	EXP 	image_5: autoDraw = True
64.0311 	DATA 	Keypress: space
64.0629 	EXP 	text_8: autoDraw = False
64.0629 	EXP 	text_9: autoDraw = False
64.0629 	EXP 	image_5: autoDraw = False
64.0629 	EXP 	text_10: text = 'How does the couple start talking?\n'
64.0629 	EXP 	text_11: text = 'Matchmaker'
64.0629 	EXP 	image_6: image = 'matchmaker.jpg'
64.0629 	EXP 	text_10: autoDraw = True
64.0629 	EXP 	text_11: autoDraw = True
64.0629 	EXP 	image_6: autoDraw = True
64.7319 	DATA 	Keypress: space
64.7639 	EXP 	text_10: autoDraw = False
64.7639 	EXP 	text_11: autoDraw = False
64.7639 	EXP 	image_6: autoDraw = False
64.7639 	EXP 	text_13: text = 'Which of the people proposes going on an actual date? What do they propose?\n'
64.7639 	EXP 	text_14: text = 'Matchmaker'
64.7639 	EXP 	image_7: image = 'matchmaker.jpg'
64.7639 	EXP 	text_13: autoDraw = True
64.7639 	EXP 	text_14: autoDraw = True
64.7639 	EXP 	image_7: autoDraw = True
66.1812 	DATA 	Keypress: space
66.2131 	EXP 	text_13: autoDraw = False
66.2131 	EXP 	text_14: autoDraw = False
66.2131 	EXP 	image_7: autoDraw = False
66.2131 	EXP 	text_15: text = 'Who leaves first and why do they have to go?\n'
66.2131 	EXP 	text_16: text = 'Matchmaker'
66.2131 	EXP 	image_8: image = 'matchmaker.jpg'
66.2131 	EXP 	text_15: autoDraw = True
66.2131 	EXP 	text_16: autoDraw = True
66.2131 	EXP 	image_8: autoDraw = True
67.9321 	DATA 	Keypress: space
67.9374 	EXP 	Created unnamed ImageStim = ImageStim(__class__=<class 'psychopy.visual.image.ImageStim'>, autoLog=True, color=array([1., 1., 1.]), colorSpace='rgb', contrast=1.0, depth=0, flipHoriz=False, flipVert=False, image='checkmark.png', interpolate=False, mask=None, maskParams=None, name='unnamed ImageStim', opacity=1.0, ori=0.0, pos=array([0., 0.]), size=array([0.2703125 , 0.47222222]), texRes=128, units='norm', win=Window(...))
68.0417 	EXP 	Created unnamed ImageStim = ImageStim(__class__=<class 'psychopy.visual.image.ImageStim'>, autoLog=True, color=array([1., 1., 1.]), colorSpace='rgb', contrast=1.0, depth=0, flipHoriz=False, flipVert=False, image='redx.png', interpolate=False, mask=None, maskParams=None, name='unnamed ImageStim', opacity=1.0, ori=0.0, pos=array([0., 0.]), size=array([1.5625    , 2.77777778]), texRes=128, units='norm', win=Window(...))
68.0466 	EXP 	Created unnamed TextStim = TextStim(__class__=<class 'psychopy.visual.text.TextStim'>, alignHoriz='center', alignVert='center', antialias=True, autoLog=True, bold=False, color=array([0., 1., 0.]), colorSpace='rgb', contrast=1.0, depth=0, flipHoriz=False, flipVert=False, font='', fontFiles=[], height=0.1, italic=False, languageStyle='LTR', name='unnamed TextStim', opacity=1.0, ori=0.0, pos=array([0., 0.]), rgb=array([0., 1., 0.]), text='Restart Learning', units='norm', win=Window(...), wrapWidth=1)
68.0501 	EXP 	Created unnamed TextStim = TextStim(__class__=<class 'psychopy.visual.text.TextStim'>, alignHoriz='center', alignVert='center', antialias=True, autoLog=True, bold=False, color=array([0., 1., 0.]), colorSpace='rgb', contrast=1.0, depth=0, flipHoriz=False, flipVert=False, font='', fontFiles=[], height=0.1, italic=False, languageStyle='LTR', name='unnamed TextStim', opacity=1.0, ori=0.0, pos=array([0., 0.]), rgb=array([0., 1., 0.]), text='Great job!', units='norm', win=Window(...), wrapWidth=1)
68.0614 	EXP 	Created unnamed ImageStim = ImageStim(__class__=<class 'psychopy.visual.image.ImageStim'>, autoLog=True, color=array([1., 1., 1.]), colorSpace='rgb', contrast=1.0, depth=0, flipHoriz=False, flipVert=False, image='thumbsup.png', interpolate=False, mask=None, maskParams=None, name='unnamed ImageStim', opacity=1.0, ori=0.0, pos=array([0., 0.]), size=array([0.375 , 0.7125]), texRes=128, units='norm', win=Window(...))
68.1138 	EXP 	text_15: autoDraw = False
68.1138 	EXP 	text_16: autoDraw = False
68.1138 	EXP 	image_8: autoDraw = False
68.1138 	EXP 	unnamed TextStim: size = 10
68.1138 	EXP 	unnamed TextStim: size = 4
68.1138 	EXP 	question1: text = '1: Who leaves first and why do they have to go?\n'
68.1138 	EXP 	question2: text = '2: How does the couple start talking?\n'
68.1138 	EXP 	question3: text = '3: Who notices who first? Why/how?'
68.1138 	EXP 	question4: text = '4: Which of the people proposes going on an actual date? What do they propose?\n'
68.1138 	EXP 	question5: text = '5: Who shows more interest?'
68.1138 	EXP 	question6: text = '6: Is the couple going to get married?'
68.1138 	EXP 	question1: autoDraw = True
68.1138 	EXP 	question2: autoDraw = True
68.1138 	EXP 	question3: autoDraw = True
68.1138 	EXP 	question4: autoDraw = True
68.1138 	EXP 	question5: autoDraw = True
68.1138 	EXP 	question6: autoDraw = True
152.4926 	DATA 	Keypress: escape
152.7655 	EXP 	window1: mouseVisible = True
