4.4815 	WARNING 	User requested fullscreen with size [1024  768], but screen is actually [2560, 1440]. Using actual size
5.1550 	EXP 	Created window1 = Window(allowGUI=False, allowStencil=False, args=UNKNOWN, autoLog=True, bitsMode=UNKNOWN, blendMode='avg', color=array([0., 0., 0.]), colorSpace='rgb', fullscr=<method-wrapper '__getattribute__' of attributeSetter object at 0x123f72dd8>, gamma=None, kwargs=UNKNOWN, lms=UNKNOWN, monitor=<psychopy.monitors.calibTools.Monitor object at 0x1281b4a20>, multiSample=False, name='window1', numSamples=2, pos=[0.0, 0.0], screen=0, size=array([5120, 2880]), stereo=False, units='norm', useFBO=True, useRetina=True, viewOri=0.0, viewPos=None, viewScale=None, waitBlanking=True, winType='pyglet')
5.1551 	EXP 	window1: recordFrameIntervals = False
5.3210 	EXP 	window1: recordFrameIntervals = True
5.5052 	EXP 	window1: recordFrameIntervals = False
5.5706 	EXP 	Created welcome = TextStim(__class__=<class 'psychopy.visual.text.TextStim'>, alignHoriz='center', alignVert='center', antialias=True, autoLog=True, bold=False, color='white', colorSpace='named', contrast=1.0, depth=0.0, flipHoriz=False, flipVert=False, font='Arial', fontFiles=[], height=0.1, italic=False, languageStyle='LTR', name='welcome', opacity=1.0, ori=0, pos=array([0., 0.]), rgb=array([255., 255., 255.]), text='default text', units='norm', win=Window(...), wrapWidth=1)
5.5740 	EXP 	Created text_12 = TextStim(__class__=<class 'psychopy.visual.text.TextStim'>, alignHoriz='center', alignVert='center', antialias=True, autoLog=True, bold=False, color='white', colorSpace='named', contrast=1.0, depth=-2.0, flipHoriz=False, flipVert=False, font='Arial', fontFiles=[], height=0.1, italic=False, languageStyle='LTR', name='text_12', opacity=1.0, ori=0, pos=array([ 0. , -0.6]), rgb=array([255., 255., 255.]), text='default text', units='norm', win=Window(...), wrapWidth=1)
5.5756 	EXP 	Created image = ImageStim(__class__=<class 'psychopy.visual.image.ImageStim'>, autoLog=True, color=array([1., 1., 1.]), colorSpace='rgb', contrast=1.0, depth=0.0, flipHoriz=False, flipVert=False, image='sin', interpolate=True, mask=None, maskParams=None, name='image', opacity=1.0, ori=0.0, pos=array([0., 0.]), size=array([0.5, 0.5]), texRes=128, units='norm', win=Window(...))
5.5791 	EXP 	Created text_2 = TextStim(__class__=<class 'psychopy.visual.text.TextStim'>, alignHoriz='center', alignVert='center', antialias=True, autoLog=True, bold=False, color='white', colorSpace='named', contrast=1.0, depth=-2.0, flipHoriz=False, flipVert=False, font='Arial', fontFiles=[], height=0.1, italic=False, languageStyle='LTR', name='text_2', opacity=1.0, ori=0, pos=array([ 0. , -0.5]), rgb=array([255., 255., 255.]), text='default text', units='norm', win=Window(...), wrapWidth=1)
5.5824 	EXP 	Created welcome = TextStim(__class__=<class 'psychopy.visual.text.TextStim'>, alignHoriz='center', alignVert='center', antialias=True, autoLog=True, bold=False, color='white', colorSpace='named', contrast=1.0, depth=0.0, flipHoriz=False, flipVert=False, font='Arial', fontFiles=[], height=0.1, italic=False, languageStyle='LTR', name='welcome', opacity=1.0, ori=0, pos=array([0., 0.]), rgb=array([255., 255., 255.]), text='default text', units='norm', win=Window(...), wrapWidth=1)
5.5860 	EXP 	Created text_12 = TextStim(__class__=<class 'psychopy.visual.text.TextStim'>, alignHoriz='center', alignVert='center', antialias=True, autoLog=True, bold=False, color='white', colorSpace='named', contrast=1.0, depth=-2.0, flipHoriz=False, flipVert=False, font='Arial', fontFiles=[], height=0.1, italic=False, languageStyle='LTR', name='text_12', opacity=1.0, ori=0, pos=array([ 0. , -0.6]), rgb=array([255., 255., 255.]), text='default text', units='norm', win=Window(...), wrapWidth=1)
5.5895 	EXP 	Created text_18 = TextStim(__class__=<class 'psychopy.visual.text.TextStim'>, alignHoriz='center', alignVert='center', antialias=True, autoLog=True, bold=False, color='white', colorSpace='named', contrast=1.0, depth=0.0, flipHoriz=False, flipVert=False, font='Arial', fontFiles=[], height=0.1, italic=False, languageStyle='LTR', name='text_18', opacity=1.0, ori=0, pos=array([-0.25,  0.25]), rgb=array([255., 255., 255.]), text='default text', units='norm', win=Window(...), wrapWidth=0.5)
5.5909 	EXP 	Created image_9 = ImageStim(__class__=<class 'psychopy.visual.image.ImageStim'>, autoLog=True, color=array([1., 1., 1.]), colorSpace='rgb', contrast=1.0, depth=-1.0, flipHoriz=False, flipVert=False, image='sin', interpolate=True, mask=None, maskParams=None, name='image_9', opacity=1.0, ori=0.0, pos=array([0.25, 0.25]), size=array([0.5, 0.5]), texRes=128, units='norm', win=Window(...))
5.5943 	EXP 	Created text_8 = TextStim(__class__=<class 'psychopy.visual.text.TextStim'>, alignHoriz='center', alignVert='center', antialias=True, autoLog=True, bold=False, color='white', colorSpace='named', contrast=1.0, depth=0.0, flipHoriz=False, flipVert=False, font='Arial', fontFiles=[], height=0.1, italic=False, languageStyle='LTR', name='text_8', opacity=1.0, ori=0, pos=array([ 0. , -0.4]), rgb=array([255., 255., 255.]), text='default text', units='norm', win=Window(...), wrapWidth=1)
5.5977 	EXP 	Created text_9 = TextStim(__class__=<class 'psychopy.visual.text.TextStim'>, alignHoriz='center', alignVert='center', antialias=True, autoLog=True, bold=False, color='white', colorSpace='named', contrast=1.0, depth=-1.0, flipHoriz=False, flipVert=False, font='Arial', fontFiles=[], height=0.1, italic=False, languageStyle='LTR', name='text_9', opacity=1.0, ori=0, pos=array([-0.25,  0.25]), rgb=array([255., 255., 255.]), text='default text', units='norm', win=Window(...), wrapWidth=0.5)
5.5990 	EXP 	Created image_5 = ImageStim(__class__=<class 'psychopy.visual.image.ImageStim'>, autoLog=True, color=array([1., 1., 1.]), colorSpace='rgb', contrast=1.0, depth=-2.0, flipHoriz=False, flipVert=False, image='sin', interpolate=True, mask=None, maskParams=None, name='image_5', opacity=1.0, ori=0.0, pos=array([0.25, 0.25]), size=array([0.5, 0.5]), texRes=128, units='norm', win=Window(...))
5.6026 	EXP 	Created text_10 = TextStim(__class__=<class 'psychopy.visual.text.TextStim'>, alignHoriz='center', alignVert='center', antialias=True, autoLog=True, bold=False, color='white', colorSpace='named', contrast=1.0, depth=0.0, flipHoriz=False, flipVert=False, font='Arial', fontFiles=[], height=0.1, italic=False, languageStyle='LTR', name='text_10', opacity=1.0, ori=0, pos=array([ 0. , -0.4]), rgb=array([255., 255., 255.]), text='default text', units='norm', win=Window(...), wrapWidth=1)
5.6060 	EXP 	Created text_11 = TextStim(__class__=<class 'psychopy.visual.text.TextStim'>, alignHoriz='center', alignVert='center', antialias=True, autoLog=True, bold=False, color='white', colorSpace='named', contrast=1.0, depth=-1.0, flipHoriz=False, flipVert=False, font='Arial', fontFiles=[], height=0.1, italic=False, languageStyle='LTR', name='text_11', opacity=1.0, ori=0, pos=array([-0.25,  0.25]), rgb=array([255., 255., 255.]), text='default text', units='norm', win=Window(...), wrapWidth=0.5)
5.6073 	EXP 	Created image_6 = ImageStim(__class__=<class 'psychopy.visual.image.ImageStim'>, autoLog=True, color=array([1., 1., 1.]), colorSpace='rgb', contrast=1.0, depth=-2.0, flipHoriz=False, flipVert=False, image='sin', interpolate=True, mask=None, maskParams=None, name='image_6', opacity=1.0, ori=0.0, pos=array([0.25, 0.25]), size=array([0.5, 0.5]), texRes=128, units='norm', win=Window(...))
5.6107 	EXP 	Created text_13 = TextStim(__class__=<class 'psychopy.visual.text.TextStim'>, alignHoriz='center', alignVert='center', antialias=True, autoLog=True, bold=False, color='white', colorSpace='named', contrast=1.0, depth=0.0, flipHoriz=False, flipVert=False, font='Arial', fontFiles=[], height=0.1, italic=False, languageStyle='LTR', name='text_13', opacity=1.0, ori=0, pos=array([ 0. , -0.4]), rgb=array([255., 255., 255.]), text='default text', units='norm', win=Window(...), wrapWidth=1)
5.6141 	EXP 	Created text_14 = TextStim(__class__=<class 'psychopy.visual.text.TextStim'>, alignHoriz='center', alignVert='center', antialias=True, autoLog=True, bold=False, color='white', colorSpace='named', contrast=1.0, depth=-1.0, flipHoriz=False, flipVert=False, font='Arial', fontFiles=[], height=0.1, italic=False, languageStyle='LTR', name='text_14', opacity=1.0, ori=0, pos=array([-0.25,  0.25]), rgb=array([255., 255., 255.]), text='default text', units='norm', win=Window(...), wrapWidth=0.5)
5.6154 	EXP 	Created image_7 = ImageStim(__class__=<class 'psychopy.visual.image.ImageStim'>, autoLog=True, color=array([1., 1., 1.]), colorSpace='rgb', contrast=1.0, depth=-2.0, flipHoriz=False, flipVert=False, image='sin', interpolate=True, mask=None, maskParams=None, name='image_7', opacity=1.0, ori=0.0, pos=array([0.25, 0.25]), size=array([0.5, 0.5]), texRes=128, units='norm', win=Window(...))
5.6202 	EXP 	Created text_15 = TextStim(__class__=<class 'psychopy.visual.text.TextStim'>, alignHoriz='center', alignVert='center', antialias=True, autoLog=True, bold=False, color='white', colorSpace='named', contrast=1.0, depth=0.0, flipHoriz=False, flipVert=False, font='Arial', fontFiles=[], height=0.1, italic=False, languageStyle='LTR', name='text_15', opacity=1.0, ori=0, pos=array([ 0. , -0.4]), rgb=array([255., 255., 255.]), text='default text', units='norm', win=Window(...), wrapWidth=1)
5.6238 	EXP 	Created text_16 = TextStim(__class__=<class 'psychopy.visual.text.TextStim'>, alignHoriz='center', alignVert='center', antialias=True, autoLog=True, bold=False, color='white', colorSpace='named', contrast=1.0, depth=-1.0, flipHoriz=False, flipVert=False, font='Arial', fontFiles=[], height=0.1, italic=False, languageStyle='LTR', name='text_16', opacity=1.0, ori=0, pos=array([-0.25,  0.25]), rgb=array([255., 255., 255.]), text='default text', units='norm', win=Window(...), wrapWidth=0.5)
5.6253 	EXP 	Created image_8 = ImageStim(__class__=<class 'psychopy.visual.image.ImageStim'>, autoLog=True, color=array([1., 1., 1.]), colorSpace='rgb', contrast=1.0, depth=-2.0, flipHoriz=False, flipVert=False, image='sin', interpolate=True, mask=None, maskParams=None, name='image_8', opacity=1.0, ori=0.0, pos=array([0.25, 0.25]), size=array([0.5, 0.5]), texRes=128, units='norm', win=Window(...))
5.6504 	EXP 	Created text_5 = TextStim(__class__=<class 'psychopy.visual.text.TextStim'>, alignHoriz='center', alignVert='center', antialias=True, autoLog=True, bold=False, color='white', colorSpace='named', contrast=1.0, depth=0.0, flipHoriz=False, flipVert=False, font='Arial', fontFiles=[], height=0.1, italic=False, languageStyle='LTR', name='text_5', opacity=1.0, ori=0, pos=array([0., 0.]), rgb=array([255., 255., 255.]), text=str(...), units='norm', win=Window(...), wrapWidth=1)
5.6540 	EXP 	Created question1_2 = TextStim(__class__=<class 'psychopy.visual.text.TextStim'>, alignHoriz='center', alignVert='center', antialias=True, autoLog=True, bold=False, color='white', colorSpace='named', contrast=1.0, depth=-1.0, flipHoriz=False, flipVert=False, font='Arial', fontFiles=[], height=0.1, italic=False, languageStyle='LTR', name='question1_2', opacity=1.0, ori=0, pos=array([0. , 0.6]), rgb=array([255., 255., 255.]), text='default text', units='norm', win=Window(...), wrapWidth=2)
5.6573 	EXP 	Created question2_2 = TextStim(__class__=<class 'psychopy.visual.text.TextStim'>, alignHoriz='center', alignVert='center', antialias=True, autoLog=True, bold=False, color='white', colorSpace='named', contrast=1.0, depth=-2.0, flipHoriz=False, flipVert=False, font='Arial', fontFiles=[], height=0.1, italic=False, languageStyle='LTR', name='question2_2', opacity=1.0, ori=0, pos=array([0.  , 0.35]), rgb=array([255., 255., 255.]), text='default text', units='norm', win=Window(...), wrapWidth=2)
5.6609 	EXP 	Created question3_2 = TextStim(__class__=<class 'psychopy.visual.text.TextStim'>, alignHoriz='center', alignVert='center', antialias=True, autoLog=True, bold=False, color='white', colorSpace='named', contrast=1.0, depth=-3.0, flipHoriz=False, flipVert=False, font='Arial', fontFiles=[], height=0.1, italic=False, languageStyle='LTR', name='question3_2', opacity=1.0, ori=0, pos=array([0.  , 0.12]), rgb=array([255., 255., 255.]), text='default text', units='norm', win=Window(...), wrapWidth=2)
5.6643 	EXP 	Created question4_2 = TextStim(__class__=<class 'psychopy.visual.text.TextStim'>, alignHoriz='center', alignVert='center', antialias=True, autoLog=True, bold=False, color='white', colorSpace='named', contrast=1.0, depth=-4.0, flipHoriz=False, flipVert=False, font='Arial', fontFiles=[], height=0.1, italic=False, languageStyle='LTR', name='question4_2', opacity=1.0, ori=0, pos=array([ 0.  , -0.12]), rgb=array([255., 255., 255.]), text='default text', units='norm', win=Window(...), wrapWidth=2)
5.6676 	EXP 	Created question5_2 = TextStim(__class__=<class 'psychopy.visual.text.TextStim'>, alignHoriz='center', alignVert='center', antialias=True, autoLog=True, bold=False, color='white', colorSpace='named', contrast=1.0, depth=-5.0, flipHoriz=False, flipVert=False, font='Arial', fontFiles=[], height=0.1, italic=False, languageStyle='LTR', name='question5_2', opacity=1.0, ori=0, pos=array([ 0.  , -0.35]), rgb=array([255., 255., 255.]), text='default text', units='norm', win=Window(...), wrapWidth=2)
5.6710 	EXP 	Created question6_2 = TextStim(__class__=<class 'psychopy.visual.text.TextStim'>, alignHoriz='center', alignVert='center', antialias=True, autoLog=True, bold=False, color='white', colorSpace='named', contrast=1.0, depth=-6.0, flipHoriz=False, flipVert=False, font='Arial', fontFiles=[], height=0.1, italic=False, languageStyle='LTR', name='question6_2', opacity=1.0, ori=0, pos=array([ 0. , -0.6]), rgb=array([255., 255., 255.]), text='default text', units='norm', win=Window(...), wrapWidth=2)
5.6724 	EXP 	Created image_3 = ImageStim(__class__=<class 'psychopy.visual.image.ImageStim'>, autoLog=True, color=array([1., 1., 1.]), colorSpace='rgb', contrast=1.0, depth=-8.0, flipHoriz=False, flipVert=False, image='sin', interpolate=True, mask=None, maskParams=None, name='image_3', opacity=1.0, ori=0.0, pos=array([ 0.  , -0.85]), size=array([0.25 , 0.125]), texRes=128, units='norm', win=Window(...))
5.6774 	EXP 	Created text_3 = TextStim(__class__=<class 'psychopy.visual.text.TextStim'>, alignHoriz='center', alignVert='center', antialias=True, autoLog=True, bold=False, color='white', colorSpace='named', contrast=1.0, depth=0.0, flipHoriz=False, flipVert=False, font='Arial', fontFiles=[], height=0.1, italic=False, languageStyle='LTR', name='text_3', opacity=1.0, ori=0, pos=array([0., 0.]), rgb=array([255., 255., 255.]), text='Final Tests', units='norm', win=Window(...), wrapWidth=1)
5.6787 	EXP 	Created image_2 = ImageStim(__class__=<class 'psychopy.visual.image.ImageStim'>, autoLog=True, color=array([1., 1., 1.]), colorSpace='rgb', contrast=1.0, depth=0.0, flipHoriz=False, flipVert=False, image='sin', interpolate=True, mask=None, maskParams=None, name='image_2', opacity=1.0, ori=0.0, pos=array([0., 0.]), size=array([0.5, 0.5]), texRes=128, units='norm', win=Window(...))
5.6822 	EXP 	Created text_4 = TextStim(__class__=<class 'psychopy.visual.text.TextStim'>, alignHoriz='center', alignVert='center', antialias=True, autoLog=True, bold=False, color='white', colorSpace='named', contrast=1.0, depth=-2.0, flipHoriz=False, flipVert=False, font='Arial', fontFiles=[], height=0.1, italic=False, languageStyle='LTR', name='text_4', opacity=1.0, ori=0, pos=array([ 0. , -0.5]), rgb=array([255., 255., 255.]), text='default text', units='norm', win=Window(...), wrapWidth=1)
5.6855 	EXP 	Created question1_3 = TextStim(__class__=<class 'psychopy.visual.text.TextStim'>, alignHoriz='center', alignVert='center', antialias=True, autoLog=True, bold=False, color='white', colorSpace='named', contrast=1.0, depth=-1.0, flipHoriz=False, flipVert=False, font='Arial', fontFiles=[], height=0.1, italic=False, languageStyle='LTR', name='question1_3', opacity=1.0, ori=0, pos=array([0. , 0.6]), rgb=array([255., 255., 255.]), text='default text', units='norm', win=Window(...), wrapWidth=2)
5.6889 	EXP 	Created question2_3 = TextStim(__class__=<class 'psychopy.visual.text.TextStim'>, alignHoriz='center', alignVert='center', antialias=True, autoLog=True, bold=False, color='white', colorSpace='named', contrast=1.0, depth=-2.0, flipHoriz=False, flipVert=False, font='Arial', fontFiles=[], height=0.1, italic=False, languageStyle='LTR', name='question2_3', opacity=1.0, ori=0, pos=array([0.  , 0.35]), rgb=array([255., 255., 255.]), text='default text', units='norm', win=Window(...), wrapWidth=2)
5.6923 	EXP 	Created question3_3 = TextStim(__class__=<class 'psychopy.visual.text.TextStim'>, alignHoriz='center', alignVert='center', antialias=True, autoLog=True, bold=False, color='white', colorSpace='named', contrast=1.0, depth=-3.0, flipHoriz=False, flipVert=False, font='Arial', fontFiles=[], height=0.1, italic=False, languageStyle='LTR', name='question3_3', opacity=1.0, ori=0, pos=array([0.  , 0.12]), rgb=array([255., 255., 255.]), text='default text', units='norm', win=Window(...), wrapWidth=2)
5.6958 	EXP 	Created question4_3 = TextStim(__class__=<class 'psychopy.visual.text.TextStim'>, alignHoriz='center', alignVert='center', antialias=True, autoLog=True, bold=False, color='white', colorSpace='named', contrast=1.0, depth=-4.0, flipHoriz=False, flipVert=False, font='Arial', fontFiles=[], height=0.1, italic=False, languageStyle='LTR', name='question4_3', opacity=1.0, ori=0, pos=array([ 0.  , -0.12]), rgb=array([255., 255., 255.]), text='default text', units='norm', win=Window(...), wrapWidth=2)
5.6992 	EXP 	Created question5_3 = TextStim(__class__=<class 'psychopy.visual.text.TextStim'>, alignHoriz='center', alignVert='center', antialias=True, autoLog=True, bold=False, color='white', colorSpace='named', contrast=1.0, depth=-5.0, flipHoriz=False, flipVert=False, font='Arial', fontFiles=[], height=0.1, italic=False, languageStyle='LTR', name='question5_3', opacity=1.0, ori=0, pos=array([ 0.  , -0.35]), rgb=array([255., 255., 255.]), text='default text', units='norm', win=Window(...), wrapWidth=2)
5.7026 	EXP 	Created question6_3 = TextStim(__class__=<class 'psychopy.visual.text.TextStim'>, alignHoriz='center', alignVert='center', antialias=True, autoLog=True, bold=False, color='white', colorSpace='named', contrast=1.0, depth=-6.0, flipHoriz=False, flipVert=False, font='Arial', fontFiles=[], height=0.1, italic=False, languageStyle='LTR', name='question6_3', opacity=1.0, ori=0, pos=array([ 0. , -0.6]), rgb=array([255., 255., 255.]), text='default text', units='norm', win=Window(...), wrapWidth=2)
5.7039 	EXP 	Created image_4 = ImageStim(__class__=<class 'psychopy.visual.image.ImageStim'>, autoLog=True, color=array([1., 1., 1.]), colorSpace='rgb', contrast=1.0, depth=-8.0, flipHoriz=False, flipVert=False, image='sin', interpolate=True, mask=None, maskParams=None, name='image_4', opacity=1.0, ori=0.0, pos=array([ 0.  , -0.85]), size=array([0.25 , 0.125]), texRes=128, units='norm', win=Window(...))
5.7073 	EXP 	Created text_6 = TextStim(__class__=<class 'psychopy.visual.text.TextStim'>, alignHoriz='center', alignVert='center', antialias=True, autoLog=True, bold=False, color='white', colorSpace='named', contrast=1.0, depth=-1.0, flipHoriz=False, flipVert=False, font='Arial', fontFiles=[], height=0.1, italic=False, languageStyle='LTR', name='text_6', opacity=1.0, ori=0, pos=array([0., 0.]), rgb=array([255., 255., 255.]), text='default text', units='norm', win=Window(...), wrapWidth=1)
5.7116 	EXP 	Created text = TextStim(__class__=<class 'psychopy.visual.text.TextStim'>, alignHoriz='center', alignVert='center', antialias=True, autoLog=True, bold=False, color='white', colorSpace='named', contrast=1.0, depth=0.0, flipHoriz=False, flipVert=False, font='Arial', fontFiles=[], height=0.1, italic=False, languageStyle='LTR', name='text', opacity=1.0, ori=0, pos=array([0., 0.]), rgb=array([255., 255., 255.]), text='end of introduction', units='norm', win=Window(...), wrapWidth=1)
5.7188 	EXP 	Imported instructions.xlsx as conditions, 5 conditions, 2 params
5.7190 	EXP 	Created sequence: sequential, trialTypes=5, nReps=1, seed=None
5.7193 	EXP 	New trial (rep=0, index=0): OrderedDict([('instruct_text', 'Welcome to the Job Simulator Task!'), ('instruct_text2', '(press the space bar to continue)')])
5.7551 	EXP 	welcome: text = 'Welcome to the Job Simulator Task!'
5.7551 	EXP 	text_12: text = '(press the space bar to continue)'
5.7551 	EXP 	welcome: autoDraw = True
5.7551 	EXP 	text_12: autoDraw = True
6.2256 	DATA 	Keypress: space
6.2395 	EXP 	New trial (rep=0, index=1): OrderedDict([('instruct_text', 'In this task, you will read 16 stories.'), ('instruct_text2', None)])
6.2713 	EXP 	welcome: autoDraw = False
6.2713 	EXP 	text_12: autoDraw = False
6.2713 	EXP 	welcome: text = 'In this task, you will read 16 stories.'
6.2713 	EXP 	text_12: text = '(press the space bar to continue)'
6.2713 	EXP 	welcome: autoDraw = True
6.2713 	EXP 	text_12: autoDraw = True
6.6225 	DATA 	Keypress: space
6.6231 	EXP 	New trial (rep=0, index=2): OrderedDict([('instruct_text', 'Before each story you will be assigned a perspective of a particular career to assume while reading that story.\n'), ('instruct_text2', None)])
6.6551 	EXP 	welcome: autoDraw = False
6.6551 	EXP 	text_12: autoDraw = False
6.6551 	EXP 	welcome: text = 'Before each story you will be assigned a perspective of a particular career to assume while reading that story.\n'
6.6551 	EXP 	text_12: text = '(press the space bar to continue)'
6.6551 	EXP 	welcome: autoDraw = True
6.6551 	EXP 	text_12: autoDraw = True
6.7562 	DATA 	Keypress: space
6.7569 	EXP 	New trial (rep=0, index=3): OrderedDict([('instruct_text', 'You should read the story according to the designated perspective.'), ('instruct_text2', None)])
6.7880 	EXP 	welcome: autoDraw = False
6.7880 	EXP 	text_12: autoDraw = False
6.7880 	EXP 	welcome: text = 'You should read the story according to the designated perspective.'
6.7880 	EXP 	text_12: text = '(press the space bar to continue)'
6.7880 	EXP 	welcome: autoDraw = True
6.7880 	EXP 	text_12: autoDraw = True
6.9560 	DATA 	Keypress: space
6.9717 	EXP 	New trial (rep=0, index=4): OrderedDict([('instruct_text', 'The perspectives are as follows:'), ('instruct_text2', None)])
7.0046 	EXP 	welcome: autoDraw = False
7.0046 	EXP 	text_12: autoDraw = False
7.0046 	EXP 	welcome: text = 'The perspectives are as follows:'
7.0046 	EXP 	text_12: text = '(press the space bar to continue)'
7.0046 	EXP 	welcome: autoDraw = True
7.0046 	EXP 	text_12: autoDraw = True
7.1724 	DATA 	Keypress: space
7.1774 	EXP 	Imported jobsPics.xlsx as conditions, 8 conditions, 2 params
7.1777 	EXP 	Created sequence: random, trialTypes=8, nReps=1, seed=None
7.1779 	EXP 	New trial (rep=0, index=0): OrderedDict([('rolePic', 'jobphotos/restaurant_critic.jpg'), ('job', 'Restaurant Critic')])
7.2551 	EXP 	welcome: autoDraw = False
7.2551 	EXP 	text_12: autoDraw = False
7.2551 	EXP 	image: image = 'jobphotos/restaurant_critic.jpg'
7.2551 	EXP 	text_2: text = 'Restaurant Critic'
7.2551 	EXP 	image: autoDraw = True
7.2551 	EXP 	text_2: autoDraw = True
7.3731 	DATA 	Keypress: space
7.3739 	EXP 	New trial (rep=0, index=1): OrderedDict([('rolePic', 'jobphotos/couples.jpeg'), ('job', 'Couples Therapist\n')])
7.3740 	WARNING 	Requested image 'jobphotos/couples.jpeg' not found but similar filename 'jobphotos/couples.jpg' exists. This will be used instead but changing the filename is advised.
7.4053 	EXP 	image: autoDraw = False
7.4053 	EXP 	text_2: autoDraw = False
7.4053 	EXP 	image: image = 'jobphotos/couples.jpeg'
7.4053 	EXP 	text_2: text = 'Couples Therapist\n'
7.4053 	EXP 	image: autoDraw = True
7.4053 	EXP 	text_2: autoDraw = True
7.6228 	DATA 	Keypress: space
7.6235 	EXP 	New trial (rep=0, index=2): OrderedDict([('rolePic', 'jobphotos/gscem.jpg'), ('job', 'Grocery Store Customer Experience Manager\n')])
7.6552 	EXP 	image: autoDraw = False
7.6552 	EXP 	text_2: autoDraw = False
7.6552 	EXP 	image: image = 'jobphotos/gscem.jpg'
7.6552 	EXP 	text_2: text = 'Grocery Store Customer Experience Manager\n'
7.6552 	EXP 	image: autoDraw = True
7.6552 	EXP 	text_2: autoDraw = True
7.7902 	DATA 	Keypress: space
7.7909 	EXP 	New trial (rep=0, index=3): OrderedDict([('rolePic', 'jobphotos/dean.jpg'), ('job', 'Dean of Academic Studies')])
7.8213 	EXP 	image: autoDraw = False
7.8213 	EXP 	text_2: autoDraw = False
7.8213 	EXP 	image: image = 'jobphotos/dean.jpg'
7.8213 	EXP 	text_2: text = 'Dean of Academic Studies'
7.8213 	EXP 	image: autoDraw = True
7.8213 	EXP 	text_2: autoDraw = True
8.0233 	DATA 	Keypress: space
8.0239 	EXP 	New trial (rep=0, index=4): OrderedDict([('rolePic', 'jobphotos/weddingplanner.jpg'), ('job', 'Wedding Planner')])
8.0548 	EXP 	image: autoDraw = False
8.0548 	EXP 	text_2: autoDraw = False
8.0548 	EXP 	image: image = 'jobphotos/weddingplanner.jpg'
8.0548 	EXP 	text_2: text = 'Wedding Planner'
8.0548 	EXP 	image: autoDraw = True
8.0548 	EXP 	text_2: autoDraw = True
8.2226 	DATA 	Keypress: space
8.2233 	EXP 	New trial (rep=0, index=5): OrderedDict([('rolePic', 'jobphotos/business_reporter.jpg'), ('job', 'Business Reporter')])
8.2551 	EXP 	image: autoDraw = False
8.2551 	EXP 	text_2: autoDraw = False
8.2551 	EXP 	image: image = 'jobphotos/business_reporter.jpg'
8.2551 	EXP 	text_2: text = 'Business Reporter'
8.2551 	EXP 	image: autoDraw = True
8.2551 	EXP 	text_2: autoDraw = True
8.4563 	DATA 	Keypress: space
8.4570 	EXP 	New trial (rep=0, index=6): OrderedDict([('rolePic', 'jobphotos/matchmaker.jpg'), ('job', 'Matchmaker')])
8.4882 	EXP 	image: autoDraw = False
8.4882 	EXP 	text_2: autoDraw = False
8.4882 	EXP 	image: image = 'jobphotos/matchmaker.jpg'
8.4882 	EXP 	text_2: text = 'Matchmaker'
8.4882 	EXP 	image: autoDraw = True
8.4882 	EXP 	text_2: autoDraw = True
8.6067 	DATA 	Keypress: space
8.6074 	EXP 	New trial (rep=0, index=7): OrderedDict([('rolePic', 'jobphotos/acem.jpg'), ('job', 'Airport Customer Experience Manager')])
8.6391 	EXP 	image: autoDraw = False
8.6391 	EXP 	text_2: autoDraw = False
8.6391 	EXP 	image: image = 'jobphotos/acem.jpg'
8.6391 	EXP 	text_2: text = 'Airport Customer Experience Manager'
8.6391 	EXP 	image: autoDraw = True
8.6391 	EXP 	text_2: autoDraw = True
8.7898 	DATA 	Keypress: space
8.8102 	EXP 	Imported instructions2.xlsx as conditions, 10 conditions, 2 params
8.8104 	EXP 	Created sequence: sequential, trialTypes=10, nReps=1, seed=None
8.8106 	EXP 	New trial (rep=0, index=0): OrderedDict([('instruct_text', 'In addition to reading all 16 stories, your task will be to answer perspective-related questions about each story.\n'), ('instruct_text2', '(press the space bar to continue)')])
8.8379 	EXP 	image: autoDraw = False
8.8379 	EXP 	text_2: autoDraw = False
8.8379 	EXP 	welcome: text = 'In addition to reading all 16 stories, your task will be to answer perspective-related questions about each story.\n'
8.8379 	EXP 	text_12: text = '(press the space bar to continue)'
8.8379 	EXP 	welcome: autoDraw = True
8.8379 	EXP 	text_12: autoDraw = True
9.0062 	DATA 	Keypress: space
9.0070 	EXP 	New trial (rep=0, index=1): OrderedDict([('instruct_text', 'You will answer the questions about each story after reading all 16 stories. '), ('instruct_text2', None)])
9.0392 	EXP 	welcome: autoDraw = False
9.0392 	EXP 	text_12: autoDraw = False
9.0392 	EXP 	welcome: text = 'You will answer the questions about each story after reading all 16 stories. '
9.0392 	EXP 	text_12: text = '(press the space bar to continue)'
9.0392 	EXP 	welcome: autoDraw = True
9.0392 	EXP 	text_12: autoDraw = True
9.1736 	DATA 	Keypress: space
9.1743 	EXP 	New trial (rep=0, index=2): OrderedDict([('instruct_text', 'There will be four questions to answer per story.'), ('instruct_text2', None)])
9.2061 	EXP 	welcome: autoDraw = False
9.2061 	EXP 	text_12: autoDraw = False
9.2061 	EXP 	welcome: text = 'There will be four questions to answer per story.'
9.2061 	EXP 	text_12: text = '(press the space bar to continue)'
9.2061 	EXP 	welcome: autoDraw = True
9.2061 	EXP 	text_12: autoDraw = True
9.4077 	DATA 	Keypress: space
9.4084 	EXP 	New trial (rep=0, index=3): OrderedDict([('instruct_text', 'These questions are determined by the perspective you take during the story. '), ('instruct_text2', None)])
9.4400 	EXP 	welcome: autoDraw = False
9.4400 	EXP 	text_12: autoDraw = False
9.4400 	EXP 	welcome: text = 'These questions are determined by the perspective you take during the story. '
9.4400 	EXP 	text_12: text = '(press the space bar to continue)'
9.4400 	EXP 	welcome: autoDraw = True
9.4400 	EXP 	text_12: autoDraw = True
9.6413 	DATA 	Keypress: space
9.6420 	EXP 	New trial (rep=0, index=4): OrderedDict([('instruct_text', 'The questions will be the same for the stories read with the same perspective. '), ('instruct_text2', None)])
9.6732 	EXP 	welcome: autoDraw = False
9.6732 	EXP 	text_12: autoDraw = False
9.6732 	EXP 	welcome: text = 'The questions will be the same for the stories read with the same perspective. '
9.6732 	EXP 	text_12: text = '(press the space bar to continue)'
9.6732 	EXP 	welcome: autoDraw = True
9.6732 	EXP 	text_12: autoDraw = True
9.8414 	DATA 	Keypress: space
9.8422 	EXP 	New trial (rep=0, index=5): OrderedDict([('instruct_text', 'Before reading the stories, you will learn the questions associated with each career perspective in order to help you answer them. '), ('instruct_text2', None)])
9.8894 	EXP 	welcome: autoDraw = False
9.8894 	EXP 	text_12: autoDraw = False
9.8894 	EXP 	welcome: text = 'Before reading the stories, you will learn the questions associated with each career perspective in order to help you answer them. '
9.8894 	EXP 	text_12: text = '(press the space bar to continue)'
9.8894 	EXP 	welcome: autoDraw = True
9.8894 	EXP 	text_12: autoDraw = True
10.0747 	DATA 	Keypress: space
10.0754 	EXP 	New trial (rep=0, index=6): OrderedDict([('instruct_text', 'You will have to try to learn these questions with a series of pre-task quizzes.'), ('instruct_text2', None)])
10.1065 	EXP 	welcome: autoDraw = False
10.1065 	EXP 	text_12: autoDraw = False
10.1065 	EXP 	welcome: text = 'You will have to try to learn these questions with a series of pre-task quizzes.'
10.1065 	EXP 	text_12: text = '(press the space bar to continue)'
10.1065 	EXP 	welcome: autoDraw = True
10.1065 	EXP 	text_12: autoDraw = True
10.2738 	DATA 	Keypress: space
10.2745 	EXP 	New trial (rep=0, index=7): OrderedDict([('instruct_text', 'Once the story-reading task has begun, remember your answers to the questions for each story.'), ('instruct_text2', None)])
10.3066 	EXP 	welcome: autoDraw = False
10.3066 	EXP 	text_12: autoDraw = False
10.3066 	EXP 	welcome: text = 'Once the story-reading task has begun, remember your answers to the questions for each story.'
10.3066 	EXP 	text_12: text = '(press the space bar to continue)'
10.3066 	EXP 	welcome: autoDraw = True
10.3066 	EXP 	text_12: autoDraw = True
10.4909 	DATA 	Keypress: space
10.4916 	EXP 	New trial (rep=0, index=8): OrderedDict([('instruct_text', 'Again, you will be asked about the answers to these questions for each story at end of the experiment. '), ('instruct_text2', None)])
10.5225 	EXP 	welcome: autoDraw = False
10.5225 	EXP 	text_12: autoDraw = False
10.5225 	EXP 	welcome: text = 'Again, you will be asked about the answers to these questions for each story at end of the experiment. '
10.5225 	EXP 	text_12: text = '(press the space bar to continue)'
10.5225 	EXP 	welcome: autoDraw = True
10.5225 	EXP 	text_12: autoDraw = True
10.8081 	DATA 	Keypress: space
10.8088 	EXP 	New trial (rep=0, index=9): OrderedDict([('instruct_text', 'Press the space bar to begin learning the perspectives and the questions for each one.'), ('instruct_text2', None)])
10.8402 	EXP 	welcome: autoDraw = False
10.8402 	EXP 	text_12: autoDraw = False
10.8402 	EXP 	welcome: text = 'Press the space bar to begin learning the perspectives and the questions for each one.'
10.8402 	EXP 	text_12: text = '(press the space bar to continue)'
10.8402 	EXP 	welcome: autoDraw = True
10.8402 	EXP 	text_12: autoDraw = True
10.8908 	DATA 	Keypress: space
10.8979 	EXP 	Imported whichRole.xlsx as conditions, 8 conditions, 8 params
10.8981 	EXP 	Created sequence: random, trialTypes=8, nReps=1, seed=None
10.8984 	EXP 	New trial (rep=0, index=0): OrderedDict([('Q1', 'How is the restaurant decorated?'), ('Q2', 'What are the menus like?'), ('Q3', 'What do the clients order?\n'), ('Q4', 'How do the clients like the food?'), ('D1', 'How old is the waiter?'), ('D2', 'What meal is being served?'), ('roleName', 'Restaurant Critic'), ('rolePic', 'jobphotos/restaurant_critic.jpg')])
10.8987 	EXP 	Created sequence: sequential, trialTypes=1, nReps=5, seed=None
10.8988 	EXP 	New trial (rep=0, index=0): None
10.9238 	EXP 	welcome: autoDraw = False
10.9238 	EXP 	text_12: autoDraw = False
10.9238 	EXP 	text_18: text = 'Restaurant Critic'
10.9238 	EXP 	image_9: image = 'jobphotos/restaurant_critic.jpg'
10.9238 	EXP 	text_18: autoDraw = True
10.9238 	EXP 	image_9: autoDraw = True
11.1076 	DATA 	Keypress: space
11.1571 	EXP 	text_18: autoDraw = False
11.1571 	EXP 	image_9: autoDraw = False
11.1571 	EXP 	text_8: text = 'A: How is the restaurant decorated?'
11.1571 	EXP 	text_9: text = 'Restaurant Critic'
11.1571 	EXP 	image_5: image = 'jobphotos/restaurant_critic.jpg'
11.1571 	EXP 	text_8: autoDraw = True
11.1571 	EXP 	text_9: autoDraw = True
11.1571 	EXP 	image_5: autoDraw = True
12.1093 	DATA 	Keypress: space
12.1559 	EXP 	text_8: autoDraw = False
12.1559 	EXP 	text_9: autoDraw = False
12.1559 	EXP 	image_5: autoDraw = False
12.1559 	EXP 	text_10: text = 'B: What are the menus like?'
12.1559 	EXP 	text_11: text = 'Restaurant Critic'
12.1559 	EXP 	image_6: image = 'jobphotos/restaurant_critic.jpg'
12.1559 	EXP 	text_10: autoDraw = True
12.1559 	EXP 	text_11: autoDraw = True
12.1559 	EXP 	image_6: autoDraw = True
12.4740 	DATA 	Keypress: space
12.5061 	EXP 	text_10: autoDraw = False
12.5061 	EXP 	text_11: autoDraw = False
12.5061 	EXP 	image_6: autoDraw = False
12.5061 	EXP 	text_13: text = 'C: What do the clients order?\n'
12.5061 	EXP 	text_14: text = 'Restaurant Critic'
12.5061 	EXP 	image_7: image = 'jobphotos/restaurant_critic.jpg'
12.5061 	EXP 	text_13: autoDraw = True
12.5061 	EXP 	text_14: autoDraw = True
12.5061 	EXP 	image_7: autoDraw = True
12.8417 	DATA 	Keypress: space
12.8898 	EXP 	text_13: autoDraw = False
12.8898 	EXP 	text_14: autoDraw = False
12.8898 	EXP 	image_7: autoDraw = False
12.8898 	EXP 	text_15: text = 'D: How do the clients like the food?'
12.8898 	EXP 	text_16: text = 'Restaurant Critic'
12.8898 	EXP 	image_8: image = 'jobphotos/restaurant_critic.jpg'
12.8898 	EXP 	text_15: autoDraw = True
12.8898 	EXP 	text_16: autoDraw = True
12.8898 	EXP 	image_8: autoDraw = True
13.4257 	DATA 	Keypress: space
13.4565 	EXP 	text_15: autoDraw = False
13.4565 	EXP 	text_16: autoDraw = False
13.4565 	EXP 	image_8: autoDraw = False
13.4565 	EXP 	text_5: autoDraw = True
14.0927 	DATA 	Keypress: q
14.5091 	DATA 	Keypress: space
14.5152 	EXP 	Created unnamed ImageStim = ImageStim(__class__=<class 'psychopy.visual.image.ImageStim'>, autoLog=True, color=array([1., 1., 1.]), colorSpace='rgb', contrast=1.0, depth=0, flipHoriz=False, flipVert=False, image='checkmark.png', interpolate=False, mask=None, maskParams=None, name='unnamed ImageStim', opacity=1.0, ori=0.0, pos=array([0., 0.]), size=array([0.2703125 , 0.47222222]), texRes=128, units='norm', win=Window(...))
14.6456 	EXP 	Created unnamed ImageStim = ImageStim(__class__=<class 'psychopy.visual.image.ImageStim'>, autoLog=True, color=array([1., 1., 1.]), colorSpace='rgb', contrast=1.0, depth=0, flipHoriz=False, flipVert=False, image='redx.png', interpolate=False, mask=None, maskParams=None, name='unnamed ImageStim', opacity=1.0, ori=0.0, pos=array([0., 0.]), size=array([1.5625    , 2.77777778]), texRes=128, units='norm', win=Window(...))
14.6582 	EXP 	Created unnamed ImageStim = ImageStim(__class__=<class 'psychopy.visual.image.ImageStim'>, autoLog=True, color=array([1., 1., 1.]), colorSpace='rgb', contrast=1.0, depth=0, flipHoriz=False, flipVert=False, image='thumbsup.png', interpolate=False, mask=None, maskParams=None, name='unnamed ImageStim', opacity=1.0, ori=0.0, pos=array([0., 0.]), size=array([0.375 , 0.7125]), texRes=128, units='norm', win=Window(...))
14.7413 	EXP 	text_5: autoDraw = False
14.7413 	EXP 	question1_2: text = '1: What meal is being served?'
14.7413 	EXP 	question2_2: text = '2: How do the clients like the food?'
14.7413 	EXP 	question3_2: text = '3: What are the menus like?'
14.7413 	EXP 	question4_2: text = '4: How old is the waiter?'
14.7413 	EXP 	question5_2: text = '5: How is the restaurant decorated?'
14.7413 	EXP 	question6_2: text = '6: What do the clients order?\n'
14.7413 	EXP 	question1_2: autoDraw = True
14.7413 	EXP 	question2_2: autoDraw = True
14.7413 	EXP 	question3_2: autoDraw = True
14.7413 	EXP 	question4_2: autoDraw = True
14.7413 	EXP 	question5_2: autoDraw = True
14.7413 	EXP 	question6_2: autoDraw = True
14.7413 	EXP 	image_3: autoDraw = True
14.7413 	EXP 	question1_2: autoDraw = False
14.7413 	EXP 	question2_2: autoDraw = False
14.7413 	EXP 	question3_2: autoDraw = False
14.7413 	EXP 	question4_2: autoDraw = False
14.7413 	EXP 	question5_2: autoDraw = False
14.7413 	EXP 	question6_2: autoDraw = False
14.7413 	EXP 	image_3: autoDraw = False
14.7413 	EXP 	text_3: autoDraw = True
15.1096 	DATA 	Keypress: q
15.7305 	EXP 	Imported whichRole.xlsx as conditions, 8 conditions, 8 params
15.7307 	EXP 	Created sequence: sequential, trialTypes=8, nReps=1, seed=None
15.7310 	EXP 	New trial (rep=0, index=0): OrderedDict([('Q1', 'What industry are the business people in?'), ('Q2', 'What is being negotiated and how much money is at stake?'), ('Q3', 'What is the response to the proposed deal?'), ('Q4', 'What comes about from the business proposal?'), ('D1', 'Is the deal fair?'), ('D2', 'How long does it take to make the deal?'), ('roleName', 'Business Reporter'), ('rolePic', 'jobphotos/business_reporter.jpg')])
15.7313 	EXP 	Created sequence: random, trialTypes=1, nReps=5, seed=None
15.7315 	EXP 	New trial (rep=0, index=0): None
15.7578 	EXP 	text_3: autoDraw = False
15.7578 	EXP 	image_2: image = 'jobphotos/business_reporter.jpg'
15.7578 	EXP 	text_4: text = 'Business Reporter'
15.7578 	EXP 	image_2: autoDraw = True
15.7578 	EXP 	text_4: autoDraw = True
16.1600 	DATA 	Keypress: q
16.7592 	DATA 	Keypress: space
16.7643 	EXP 	Created unnamed ImageStim = ImageStim(__class__=<class 'psychopy.visual.image.ImageStim'>, autoLog=True, color=array([1., 1., 1.]), colorSpace='rgb', contrast=1.0, depth=0, flipHoriz=False, flipVert=False, image='checkmark.png', interpolate=False, mask=None, maskParams=None, name='unnamed ImageStim', opacity=1.0, ori=0.0, pos=array([0., 0.]), size=array([0.2703125 , 0.47222222]), texRes=128, units='norm', win=Window(...))
16.8832 	EXP 	Created unnamed ImageStim = ImageStim(__class__=<class 'psychopy.visual.image.ImageStim'>, autoLog=True, color=array([1., 1., 1.]), colorSpace='rgb', contrast=1.0, depth=0, flipHoriz=False, flipVert=False, image='redx.png', interpolate=False, mask=None, maskParams=None, name='unnamed ImageStim', opacity=1.0, ori=0.0, pos=array([0., 0.]), size=array([1.5625    , 2.77777778]), texRes=128, units='norm', win=Window(...))
16.8995 	EXP 	Created unnamed ImageStim = ImageStim(__class__=<class 'psychopy.visual.image.ImageStim'>, autoLog=True, color=array([1., 1., 1.]), colorSpace='rgb', contrast=1.0, depth=0, flipHoriz=False, flipVert=False, image='thumbsup.png', interpolate=False, mask=None, maskParams=None, name='unnamed ImageStim', opacity=1.0, ori=0.0, pos=array([0., 0.]), size=array([0.375 , 0.7125]), texRes=128, units='norm', win=Window(...))
16.9700 	EXP 	Imported instructions_segment.xlsx as conditions, 4 conditions, 1 params
16.9702 	EXP 	Created sequence: sequential, trialTypes=4, nReps=1, seed=None
16.9704 	EXP 	New trial (rep=0, index=0): OrderedDict([('instructText', 'Additionally, while reading each story, you will also indicate when you think a new “part” of the story is beginning. ')])
17.0074 	EXP 	image_2: autoDraw = False
17.0074 	EXP 	text_4: autoDraw = False
17.0074 	EXP 	question1_3: text = '1: How long does it take to make the deal?'
17.0074 	EXP 	question2_3: text = '2: What is the response to the proposed deal?'
17.0074 	EXP 	question3_3: text = '3: Is the deal fair?'
17.0074 	EXP 	question4_3: text = '4: What industry are the business people in?'
17.0074 	EXP 	question5_3: text = '5: What comes about from the business proposal?'
17.0074 	EXP 	question6_3: text = '6: What is being negotiated and how much money is at stake?'
17.0074 	EXP 	question1_3: autoDraw = True
17.0074 	EXP 	question2_3: autoDraw = True
17.0074 	EXP 	question3_3: autoDraw = True
17.0074 	EXP 	question4_3: autoDraw = True
17.0074 	EXP 	question5_3: autoDraw = True
17.0074 	EXP 	question6_3: autoDraw = True
17.0074 	EXP 	image_4: autoDraw = True
17.0074 	EXP 	question1_3: autoDraw = False
17.0074 	EXP 	question2_3: autoDraw = False
17.0074 	EXP 	question3_3: autoDraw = False
17.0074 	EXP 	question4_3: autoDraw = False
17.0074 	EXP 	question5_3: autoDraw = False
17.0074 	EXP 	question6_3: autoDraw = False
17.0074 	EXP 	image_4: autoDraw = False
17.0074 	EXP 	text_6: text = 'Additionally, while reading each story, you will also indicate when you think a new “part” of the story is beginning. '
17.0074 	EXP 	text_6: autoDraw = True
17.3759 	DATA 	Keypress: q
24.5959 	DATA 	Keypress: space
24.5967 	EXP 	New trial (rep=0, index=1): OrderedDict([('instructText', 'Some people feel that the stories have natural “parts”.')])
24.6281 	EXP 	text_6: autoDraw = False
24.6281 	EXP 	text_6: text = 'Some people feel that the stories have natural “parts”.'
24.6281 	EXP 	text_6: autoDraw = True
26.3621 	DATA 	Keypress: space
26.3628 	EXP 	New trial (rep=0, index=2): OrderedDict([('instructText', 'To advance through the sentences of the story you will press “1” if you think a new “part” is beginning. ')])
26.3950 	EXP 	text_6: autoDraw = False
26.3950 	EXP 	text_6: text = 'To advance through the sentences of the story you will press “1” if you think a new “part” is beginning. '
26.3950 	EXP 	text_6: autoDraw = True
28.4792 	DATA 	Keypress: space
28.4799 	EXP 	New trial (rep=0, index=3): OrderedDict([('instructText', 'You will press “9” if you think the sentence is in the same “part” as the sentence before. ')])
28.5118 	EXP 	text_6: autoDraw = False
28.5118 	EXP 	text_6: text = 'You will press “9” if you think the sentence is in the same “part” as the sentence before. '
28.5118 	EXP 	text_6: autoDraw = True
30.1468 	DATA 	Keypress: space
30.1630 	EXP 	text_6: autoDraw = False
30.1630 	EXP 	text: autoDraw = True
31.0302 	DATA 	Keypress: space
31.4236 	EXP 	window1: mouseVisible = True
