3.7699 	WARNING 	User requested fullscreen with size [1024  768], but screen is actually [2560, 1440]. Using actual size
4.4311 	EXP 	Created window1 = Window(allowGUI=False, allowStencil=False, args=UNKNOWN, autoLog=True, bitsMode=UNKNOWN, blendMode='avg', color=array([0., 0., 0.]), colorSpace='rgb', fullscr=<method-wrapper '__getattribute__' of attributeSetter object at 0x123ff1d30>, gamma=None, kwargs=UNKNOWN, lms=UNKNOWN, monitor=<psychopy.monitors.calibTools.Monitor object at 0x12489d5f8>, multiSample=False, name='window1', numSamples=2, pos=[0.0, 0.0], screen=0, size=array([5120, 2880]), stereo=False, units='norm', useFBO=True, useRetina=True, viewOri=0.0, viewPos=None, viewScale=None, waitBlanking=True, winType='pyglet')
4.4311 	EXP 	window1: recordFrameIntervals = False
4.5972 	EXP 	window1: recordFrameIntervals = True
4.7810 	EXP 	window1: recordFrameIntervals = False
4.8462 	EXP 	Created welcome = TextStim(__class__=<class 'psychopy.visual.text.TextStim'>, alignHoriz='center', alignVert='center', antialias=True, autoLog=True, bold=False, color='white', colorSpace='named', contrast=1.0, depth=0.0, flipHoriz=False, flipVert=False, font='Arial', fontFiles=[], height=0.1, italic=False, languageStyle='LTR', name='welcome', opacity=1.0, ori=0, pos=array([0., 0.]), rgb=array([255., 255., 255.]), text='default text', units='norm', win=Window(...), wrapWidth=1)
4.8498 	EXP 	Created text_12 = TextStim(__class__=<class 'psychopy.visual.text.TextStim'>, alignHoriz='center', alignVert='center', antialias=True, autoLog=True, bold=False, color='white', colorSpace='named', contrast=1.0, depth=-2.0, flipHoriz=False, flipVert=False, font='Arial', fontFiles=[], height=0.1, italic=False, languageStyle='LTR', name='text_12', opacity=1.0, ori=0, pos=array([ 0. , -0.6]), rgb=array([255., 255., 255.]), text='default text', units='norm', win=Window(...), wrapWidth=1)
4.8515 	EXP 	Created image = ImageStim(__class__=<class 'psychopy.visual.image.ImageStim'>, autoLog=True, color=array([1., 1., 1.]), colorSpace='rgb', contrast=1.0, depth=0.0, flipHoriz=False, flipVert=False, image='sin', interpolate=True, mask=None, maskParams=None, name='image', opacity=1.0, ori=0.0, pos=array([0., 0.]), size=array([0.5, 0.5]), texRes=128, units='norm', win=Window(...))
4.8554 	EXP 	Created text_2 = TextStim(__class__=<class 'psychopy.visual.text.TextStim'>, alignHoriz='center', alignVert='center', antialias=True, autoLog=True, bold=False, color='white', colorSpace='named', contrast=1.0, depth=-2.0, flipHoriz=False, flipVert=False, font='Arial', fontFiles=[], height=0.1, italic=False, languageStyle='LTR', name='text_2', opacity=1.0, ori=0, pos=array([ 0. , -0.5]), rgb=array([255., 255., 255.]), text='default text', units='norm', win=Window(...), wrapWidth=1)
4.8589 	EXP 	Created welcome = TextStim(__class__=<class 'psychopy.visual.text.TextStim'>, alignHoriz='center', alignVert='center', antialias=True, autoLog=True, bold=False, color='white', colorSpace='named', contrast=1.0, depth=0.0, flipHoriz=False, flipVert=False, font='Arial', fontFiles=[], height=0.1, italic=False, languageStyle='LTR', name='welcome', opacity=1.0, ori=0, pos=array([0., 0.]), rgb=array([255., 255., 255.]), text='default text', units='norm', win=Window(...), wrapWidth=1)
4.8627 	EXP 	Created text_12 = TextStim(__class__=<class 'psychopy.visual.text.TextStim'>, alignHoriz='center', alignVert='center', antialias=True, autoLog=True, bold=False, color='white', colorSpace='named', contrast=1.0, depth=-2.0, flipHoriz=False, flipVert=False, font='Arial', fontFiles=[], height=0.1, italic=False, languageStyle='LTR', name='text_12', opacity=1.0, ori=0, pos=array([ 0. , -0.6]), rgb=array([255., 255., 255.]), text='default text', units='norm', win=Window(...), wrapWidth=1)
4.8661 	EXP 	Created text_18 = TextStim(__class__=<class 'psychopy.visual.text.TextStim'>, alignHoriz='center', alignVert='center', antialias=True, autoLog=True, bold=False, color='white', colorSpace='named', contrast=1.0, depth=0.0, flipHoriz=False, flipVert=False, font='Arial', fontFiles=[], height=0.1, italic=False, languageStyle='LTR', name='text_18', opacity=1.0, ori=0, pos=array([-0.25,  0.25]), rgb=array([255., 255., 255.]), text='default text', units='norm', win=Window(...), wrapWidth=0.5)
4.8675 	EXP 	Created image_9 = ImageStim(__class__=<class 'psychopy.visual.image.ImageStim'>, autoLog=True, color=array([1., 1., 1.]), colorSpace='rgb', contrast=1.0, depth=-1.0, flipHoriz=False, flipVert=False, image='sin', interpolate=True, mask=None, maskParams=None, name='image_9', opacity=1.0, ori=0.0, pos=array([0.25, 0.25]), size=array([0.5, 0.5]), texRes=128, units='norm', win=Window(...))
4.8709 	EXP 	Created text_8 = TextStim(__class__=<class 'psychopy.visual.text.TextStim'>, alignHoriz='center', alignVert='center', antialias=True, autoLog=True, bold=False, color='white', colorSpace='named', contrast=1.0, depth=0.0, flipHoriz=False, flipVert=False, font='Arial', fontFiles=[], height=0.1, italic=False, languageStyle='LTR', name='text_8', opacity=1.0, ori=0, pos=array([ 0. , -0.4]), rgb=array([255., 255., 255.]), text='default text', units='norm', win=Window(...), wrapWidth=1)
4.8742 	EXP 	Created text_9 = TextStim(__class__=<class 'psychopy.visual.text.TextStim'>, alignHoriz='center', alignVert='center', antialias=True, autoLog=True, bold=False, color='white', colorSpace='named', contrast=1.0, depth=-1.0, flipHoriz=False, flipVert=False, font='Arial', fontFiles=[], height=0.1, italic=False, languageStyle='LTR', name='text_9', opacity=1.0, ori=0, pos=array([-0.25,  0.25]), rgb=array([255., 255., 255.]), text='default text', units='norm', win=Window(...), wrapWidth=0.5)
4.8755 	EXP 	Created image_5 = ImageStim(__class__=<class 'psychopy.visual.image.ImageStim'>, autoLog=True, color=array([1., 1., 1.]), colorSpace='rgb', contrast=1.0, depth=-2.0, flipHoriz=False, flipVert=False, image='sin', interpolate=True, mask=None, maskParams=None, name='image_5', opacity=1.0, ori=0.0, pos=array([0.25, 0.25]), size=array([0.5, 0.5]), texRes=128, units='norm', win=Window(...))
4.8791 	EXP 	Created text_10 = TextStim(__class__=<class 'psychopy.visual.text.TextStim'>, alignHoriz='center', alignVert='center', antialias=True, autoLog=True, bold=False, color='white', colorSpace='named', contrast=1.0, depth=0.0, flipHoriz=False, flipVert=False, font='Arial', fontFiles=[], height=0.1, italic=False, languageStyle='LTR', name='text_10', opacity=1.0, ori=0, pos=array([ 0. , -0.4]), rgb=array([255., 255., 255.]), text='default text', units='norm', win=Window(...), wrapWidth=1)
4.8824 	EXP 	Created text_11 = TextStim(__class__=<class 'psychopy.visual.text.TextStim'>, alignHoriz='center', alignVert='center', antialias=True, autoLog=True, bold=False, color='white', colorSpace='named', contrast=1.0, depth=-1.0, flipHoriz=False, flipVert=False, font='Arial', fontFiles=[], height=0.1, italic=False, languageStyle='LTR', name='text_11', opacity=1.0, ori=0, pos=array([-0.25,  0.25]), rgb=array([255., 255., 255.]), text='default text', units='norm', win=Window(...), wrapWidth=0.5)
4.8837 	EXP 	Created image_6 = ImageStim(__class__=<class 'psychopy.visual.image.ImageStim'>, autoLog=True, color=array([1., 1., 1.]), colorSpace='rgb', contrast=1.0, depth=-2.0, flipHoriz=False, flipVert=False, image='sin', interpolate=True, mask=None, maskParams=None, name='image_6', opacity=1.0, ori=0.0, pos=array([0.25, 0.25]), size=array([0.5, 0.5]), texRes=128, units='norm', win=Window(...))
4.8875 	EXP 	Created text_13 = TextStim(__class__=<class 'psychopy.visual.text.TextStim'>, alignHoriz='center', alignVert='center', antialias=True, autoLog=True, bold=False, color='white', colorSpace='named', contrast=1.0, depth=0.0, flipHoriz=False, flipVert=False, font='Arial', fontFiles=[], height=0.1, italic=False, languageStyle='LTR', name='text_13', opacity=1.0, ori=0, pos=array([ 0. , -0.4]), rgb=array([255., 255., 255.]), text='default text', units='norm', win=Window(...), wrapWidth=1)
4.8908 	EXP 	Created text_14 = TextStim(__class__=<class 'psychopy.visual.text.TextStim'>, alignHoriz='center', alignVert='center', antialias=True, autoLog=True, bold=False, color='white', colorSpace='named', contrast=1.0, depth=-1.0, flipHoriz=False, flipVert=False, font='Arial', fontFiles=[], height=0.1, italic=False, languageStyle='LTR', name='text_14', opacity=1.0, ori=0, pos=array([-0.25,  0.25]), rgb=array([255., 255., 255.]), text='default text', units='norm', win=Window(...), wrapWidth=0.5)
4.8922 	EXP 	Created image_7 = ImageStim(__class__=<class 'psychopy.visual.image.ImageStim'>, autoLog=True, color=array([1., 1., 1.]), colorSpace='rgb', contrast=1.0, depth=-2.0, flipHoriz=False, flipVert=False, image='sin', interpolate=True, mask=None, maskParams=None, name='image_7', opacity=1.0, ori=0.0, pos=array([0.25, 0.25]), size=array([0.5, 0.5]), texRes=128, units='norm', win=Window(...))
4.8969 	EXP 	Created text_15 = TextStim(__class__=<class 'psychopy.visual.text.TextStim'>, alignHoriz='center', alignVert='center', antialias=True, autoLog=True, bold=False, color='white', colorSpace='named', contrast=1.0, depth=0.0, flipHoriz=False, flipVert=False, font='Arial', fontFiles=[], height=0.1, italic=False, languageStyle='LTR', name='text_15', opacity=1.0, ori=0, pos=array([ 0. , -0.4]), rgb=array([255., 255., 255.]), text='default text', units='norm', win=Window(...), wrapWidth=1)
4.9009 	EXP 	Created text_16 = TextStim(__class__=<class 'psychopy.visual.text.TextStim'>, alignHoriz='center', alignVert='center', antialias=True, autoLog=True, bold=False, color='white', colorSpace='named', contrast=1.0, depth=-1.0, flipHoriz=False, flipVert=False, font='Arial', fontFiles=[], height=0.1, italic=False, languageStyle='LTR', name='text_16', opacity=1.0, ori=0, pos=array([-0.25,  0.25]), rgb=array([255., 255., 255.]), text='default text', units='norm', win=Window(...), wrapWidth=0.5)
4.9023 	EXP 	Created image_8 = ImageStim(__class__=<class 'psychopy.visual.image.ImageStim'>, autoLog=True, color=array([1., 1., 1.]), colorSpace='rgb', contrast=1.0, depth=-2.0, flipHoriz=False, flipVert=False, image='sin', interpolate=True, mask=None, maskParams=None, name='image_8', opacity=1.0, ori=0.0, pos=array([0.25, 0.25]), size=array([0.5, 0.5]), texRes=128, units='norm', win=Window(...))
4.9263 	EXP 	Created text_5 = TextStim(__class__=<class 'psychopy.visual.text.TextStim'>, alignHoriz='center', alignVert='center', antialias=True, autoLog=True, bold=False, color='white', colorSpace='named', contrast=1.0, depth=0.0, flipHoriz=False, flipVert=False, font='Arial', fontFiles=[], height=0.1, italic=False, languageStyle='LTR', name='text_5', opacity=1.0, ori=0, pos=array([0., 0.]), rgb=array([255., 255., 255.]), text=str(...), units='norm', win=Window(...), wrapWidth=1)
4.9299 	EXP 	Created question1_2 = TextStim(__class__=<class 'psychopy.visual.text.TextStim'>, alignHoriz='center', alignVert='center', antialias=True, autoLog=True, bold=False, color='white', colorSpace='named', contrast=1.0, depth=-1.0, flipHoriz=False, flipVert=False, font='Arial', fontFiles=[], height=0.1, italic=False, languageStyle='LTR', name='question1_2', opacity=1.0, ori=0, pos=array([0. , 0.6]), rgb=array([255., 255., 255.]), text='default text', units='norm', win=Window(...), wrapWidth=2)
4.9333 	EXP 	Created question2_2 = TextStim(__class__=<class 'psychopy.visual.text.TextStim'>, alignHoriz='center', alignVert='center', antialias=True, autoLog=True, bold=False, color='white', colorSpace='named', contrast=1.0, depth=-2.0, flipHoriz=False, flipVert=False, font='Arial', fontFiles=[], height=0.1, italic=False, languageStyle='LTR', name='question2_2', opacity=1.0, ori=0, pos=array([0.  , 0.35]), rgb=array([255., 255., 255.]), text='default text', units='norm', win=Window(...), wrapWidth=2)
4.9369 	EXP 	Created question3_2 = TextStim(__class__=<class 'psychopy.visual.text.TextStim'>, alignHoriz='center', alignVert='center', antialias=True, autoLog=True, bold=False, color='white', colorSpace='named', contrast=1.0, depth=-3.0, flipHoriz=False, flipVert=False, font='Arial', fontFiles=[], height=0.1, italic=False, languageStyle='LTR', name='question3_2', opacity=1.0, ori=0, pos=array([0.  , 0.12]), rgb=array([255., 255., 255.]), text='default text', units='norm', win=Window(...), wrapWidth=2)
4.9408 	EXP 	Created question4_2 = TextStim(__class__=<class 'psychopy.visual.text.TextStim'>, alignHoriz='center', alignVert='center', antialias=True, autoLog=True, bold=False, color='white', colorSpace='named', contrast=1.0, depth=-4.0, flipHoriz=False, flipVert=False, font='Arial', fontFiles=[], height=0.1, italic=False, languageStyle='LTR', name='question4_2', opacity=1.0, ori=0, pos=array([ 0.  , -0.12]), rgb=array([255., 255., 255.]), text='default text', units='norm', win=Window(...), wrapWidth=2)
4.9444 	EXP 	Created question5_2 = TextStim(__class__=<class 'psychopy.visual.text.TextStim'>, alignHoriz='center', alignVert='center', antialias=True, autoLog=True, bold=False, color='white', colorSpace='named', contrast=1.0, depth=-5.0, flipHoriz=False, flipVert=False, font='Arial', fontFiles=[], height=0.1, italic=False, languageStyle='LTR', name='question5_2', opacity=1.0, ori=0, pos=array([ 0.  , -0.35]), rgb=array([255., 255., 255.]), text='default text', units='norm', win=Window(...), wrapWidth=2)
4.9478 	EXP 	Created question6_2 = TextStim(__class__=<class 'psychopy.visual.text.TextStim'>, alignHoriz='center', alignVert='center', antialias=True, autoLog=True, bold=False, color='white', colorSpace='named', contrast=1.0, depth=-6.0, flipHoriz=False, flipVert=False, font='Arial', fontFiles=[], height=0.1, italic=False, languageStyle='LTR', name='question6_2', opacity=1.0, ori=0, pos=array([ 0. , -0.6]), rgb=array([255., 255., 255.]), text='default text', units='norm', win=Window(...), wrapWidth=2)
4.9528 	EXP 	Created text_3 = TextStim(__class__=<class 'psychopy.visual.text.TextStim'>, alignHoriz='center', alignVert='center', antialias=True, autoLog=True, bold=False, color='white', colorSpace='named', contrast=1.0, depth=0.0, flipHoriz=False, flipVert=False, font='Arial', fontFiles=[], height=0.1, italic=False, languageStyle='LTR', name='text_3', opacity=1.0, ori=0, pos=array([0., 0.]), rgb=array([255., 255., 255.]), text='Final Tests', units='norm', win=Window(...), wrapWidth=1)
4.9541 	EXP 	Created image_2 = ImageStim(__class__=<class 'psychopy.visual.image.ImageStim'>, autoLog=True, color=array([1., 1., 1.]), colorSpace='rgb', contrast=1.0, depth=0.0, flipHoriz=False, flipVert=False, image='sin', interpolate=True, mask=None, maskParams=None, name='image_2', opacity=1.0, ori=0.0, pos=array([0., 0.]), size=array([0.5, 0.5]), texRes=128, units='norm', win=Window(...))
4.9576 	EXP 	Created text_4 = TextStim(__class__=<class 'psychopy.visual.text.TextStim'>, alignHoriz='center', alignVert='center', antialias=True, autoLog=True, bold=False, color='white', colorSpace='named', contrast=1.0, depth=-2.0, flipHoriz=False, flipVert=False, font='Arial', fontFiles=[], height=0.1, italic=False, languageStyle='LTR', name='text_4', opacity=1.0, ori=0, pos=array([ 0. , -0.5]), rgb=array([255., 255., 255.]), text='default text', units='norm', win=Window(...), wrapWidth=1)
4.9610 	EXP 	Created question1 = TextStim(__class__=<class 'psychopy.visual.text.TextStim'>, alignHoriz='center', alignVert='center', antialias=True, autoLog=True, bold=False, color='white', colorSpace='named', contrast=1.0, depth=-1.0, flipHoriz=False, flipVert=False, font='Arial', fontFiles=[], height=0.1, italic=False, languageStyle='LTR', name='question1', opacity=1.0, ori=0, pos=array([0. , 0.6]), rgb=array([255., 255., 255.]), text='default text', units='norm', win=Window(...), wrapWidth=2)
4.9647 	EXP 	Created question2 = TextStim(__class__=<class 'psychopy.visual.text.TextStim'>, alignHoriz='center', alignVert='center', antialias=True, autoLog=True, bold=False, color='white', colorSpace='named', contrast=1.0, depth=-2.0, flipHoriz=False, flipVert=False, font='Arial', fontFiles=[], height=0.1, italic=False, languageStyle='LTR', name='question2', opacity=1.0, ori=0, pos=array([0.  , 0.35]), rgb=array([255., 255., 255.]), text='default text', units='norm', win=Window(...), wrapWidth=2)
4.9683 	EXP 	Created question3 = TextStim(__class__=<class 'psychopy.visual.text.TextStim'>, alignHoriz='center', alignVert='center', antialias=True, autoLog=True, bold=False, color='white', colorSpace='named', contrast=1.0, depth=-3.0, flipHoriz=False, flipVert=False, font='Arial', fontFiles=[], height=0.1, italic=False, languageStyle='LTR', name='question3', opacity=1.0, ori=0, pos=array([0.  , 0.12]), rgb=array([255., 255., 255.]), text='default text', units='norm', win=Window(...), wrapWidth=2)
4.9718 	EXP 	Created question4 = TextStim(__class__=<class 'psychopy.visual.text.TextStim'>, alignHoriz='center', alignVert='center', antialias=True, autoLog=True, bold=False, color='white', colorSpace='named', contrast=1.0, depth=-4.0, flipHoriz=False, flipVert=False, font='Arial', fontFiles=[], height=0.1, italic=False, languageStyle='LTR', name='question4', opacity=1.0, ori=0, pos=array([ 0.  , -0.12]), rgb=array([255., 255., 255.]), text='default text', units='norm', win=Window(...), wrapWidth=2)
4.9751 	EXP 	Created question5 = TextStim(__class__=<class 'psychopy.visual.text.TextStim'>, alignHoriz='center', alignVert='center', antialias=True, autoLog=True, bold=False, color='white', colorSpace='named', contrast=1.0, depth=-5.0, flipHoriz=False, flipVert=False, font='Arial', fontFiles=[], height=0.1, italic=False, languageStyle='LTR', name='question5', opacity=1.0, ori=0, pos=array([ 0.  , -0.35]), rgb=array([255., 255., 255.]), text='default text', units='norm', win=Window(...), wrapWidth=2)
4.9785 	EXP 	Created question6 = TextStim(__class__=<class 'psychopy.visual.text.TextStim'>, alignHoriz='center', alignVert='center', antialias=True, autoLog=True, bold=False, color='white', colorSpace='named', contrast=1.0, depth=-6.0, flipHoriz=False, flipVert=False, font='Arial', fontFiles=[], height=0.1, italic=False, languageStyle='LTR', name='question6', opacity=1.0, ori=0, pos=array([ 0. , -0.6]), rgb=array([255., 255., 255.]), text='default text', units='norm', win=Window(...), wrapWidth=2)
4.9825 	EXP 	Created text = TextStim(__class__=<class 'psychopy.visual.text.TextStim'>, alignHoriz='center', alignVert='center', antialias=True, autoLog=True, bold=False, color='white', colorSpace='named', contrast=1.0, depth=0.0, flipHoriz=False, flipVert=False, font='Arial', fontFiles=[], height=0.1, italic=False, languageStyle='LTR', name='text', opacity=1.0, ori=0, pos=array([0., 0.]), rgb=array([255., 255., 255.]), text='end of introduction', units='norm', win=Window(...), wrapWidth=1)
4.9904 	EXP 	Imported instructions.xlsx as conditions, 5 conditions, 2 params
4.9906 	EXP 	Created sequence: sequential, trialTypes=5, nReps=1, seed=None
4.9908 	EXP 	New trial (rep=0, index=0): OrderedDict([('instruct_text', 'Welcome to the Job Simulator Task!'), ('instruct_text2', '(press the space bar to continue)')])
5.0304 	EXP 	welcome: text = 'Welcome to the Job Simulator Task!'
5.0304 	EXP 	text_12: text = '(press the space bar to continue)'
5.0304 	EXP 	welcome: autoDraw = True
5.0304 	EXP 	text_12: autoDraw = True
5.3499 	DATA 	Keypress: space
5.3508 	EXP 	New trial (rep=0, index=1): OrderedDict([('instruct_text', 'In this task, you will read 16 stories.'), ('instruct_text2', None)])
5.3813 	EXP 	welcome: autoDraw = False
5.3813 	EXP 	text_12: autoDraw = False
5.3813 	EXP 	welcome: text = 'In this task, you will read 16 stories.'
5.3813 	EXP 	text_12: text = '(press the space bar to continue)'
5.3813 	EXP 	welcome: autoDraw = True
5.3813 	EXP 	text_12: autoDraw = True
5.6821 	DATA 	Keypress: space
5.6828 	EXP 	New trial (rep=0, index=2): OrderedDict([('instruct_text', 'Before each story you will be assigned a perspective of a particular career to assume while reading that story.\n'), ('instruct_text2', None)])
5.7135 	EXP 	welcome: autoDraw = False
5.7135 	EXP 	text_12: autoDraw = False
5.7135 	EXP 	welcome: text = 'Before each story you will be assigned a perspective of a particular career to assume while reading that story.\n'
5.7135 	EXP 	text_12: text = '(press the space bar to continue)'
5.7135 	EXP 	welcome: autoDraw = True
5.7135 	EXP 	text_12: autoDraw = True
6.0493 	DATA 	Keypress: space
6.0500 	EXP 	New trial (rep=0, index=3): OrderedDict([('instruct_text', 'You should read the story according to the designated perspective.'), ('instruct_text2', None)])
6.0804 	EXP 	welcome: autoDraw = False
6.0804 	EXP 	text_12: autoDraw = False
6.0804 	EXP 	welcome: text = 'You should read the story according to the designated perspective.'
6.0804 	EXP 	text_12: text = '(press the space bar to continue)'
6.0804 	EXP 	welcome: autoDraw = True
6.0804 	EXP 	text_12: autoDraw = True
6.3668 	DATA 	Keypress: space
6.3674 	EXP 	New trial (rep=0, index=4): OrderedDict([('instruct_text', 'The perspectives are as follows:'), ('instruct_text2', None)])
6.3992 	EXP 	welcome: autoDraw = False
6.3992 	EXP 	text_12: autoDraw = False
6.3992 	EXP 	welcome: text = 'The perspectives are as follows:'
6.3992 	EXP 	text_12: text = '(press the space bar to continue)'
6.3992 	EXP 	welcome: autoDraw = True
6.3992 	EXP 	text_12: autoDraw = True
6.7503 	DATA 	Keypress: space
6.7554 	EXP 	Imported jobsPics.xlsx as conditions, 8 conditions, 2 params
6.7557 	EXP 	Created sequence: random, trialTypes=8, nReps=1, seed=None
6.7559 	EXP 	New trial (rep=0, index=0): OrderedDict([('rolePic', 'business_reporter.jpg'), ('job', 'Business Reporter')])
6.8312 	EXP 	welcome: autoDraw = False
6.8312 	EXP 	text_12: autoDraw = False
6.8312 	EXP 	image: image = 'business_reporter.jpg'
6.8312 	EXP 	text_2: text = 'Business Reporter'
6.8312 	EXP 	image: autoDraw = True
6.8312 	EXP 	text_2: autoDraw = True
7.4840 	DATA 	Keypress: space
7.4849 	EXP 	New trial (rep=0, index=1): OrderedDict([('rolePic', 'weddingplanner.jpg'), ('job', 'Wedding Planner')])
7.5155 	EXP 	image: autoDraw = False
7.5155 	EXP 	text_2: autoDraw = False
7.5155 	EXP 	image: image = 'weddingplanner.jpg'
7.5155 	EXP 	text_2: text = 'Wedding Planner'
7.5155 	EXP 	image: autoDraw = True
7.5155 	EXP 	text_2: autoDraw = True
8.5838 	DATA 	Keypress: space
8.5846 	EXP 	New trial (rep=0, index=2): OrderedDict([('rolePic', 'dean.jpg'), ('job', 'Dean of Academic Studies')])
8.6152 	EXP 	image: autoDraw = False
8.6152 	EXP 	text_2: autoDraw = False
8.6152 	EXP 	image: image = 'dean.jpg'
8.6152 	EXP 	text_2: text = 'Dean of Academic Studies'
8.6152 	EXP 	image: autoDraw = True
8.6152 	EXP 	text_2: autoDraw = True
9.3336 	DATA 	Keypress: space
9.3342 	EXP 	New trial (rep=0, index=3): OrderedDict([('rolePic', 'matchmaker.jpg'), ('job', 'Matchmaker')])
9.3650 	EXP 	image: autoDraw = False
9.3650 	EXP 	text_2: autoDraw = False
9.3650 	EXP 	image: image = 'matchmaker.jpg'
9.3650 	EXP 	text_2: text = 'Matchmaker'
9.3650 	EXP 	image: autoDraw = True
9.3650 	EXP 	text_2: autoDraw = True
10.0836 	DATA 	Keypress: space
10.0844 	EXP 	New trial (rep=0, index=4): OrderedDict([('rolePic', 'couples.jpeg'), ('job', 'Couples Therapist\n')])
10.0846 	WARNING 	Requested image 'couples.jpeg' not found but similar filename 'couples.jpg' exists. This will be used instead but changing the filename is advised.
10.1153 	EXP 	image: autoDraw = False
10.1153 	EXP 	text_2: autoDraw = False
10.1153 	EXP 	image: image = 'couples.jpeg'
10.1153 	EXP 	text_2: text = 'Couples Therapist\n'
10.1153 	EXP 	image: autoDraw = True
10.1153 	EXP 	text_2: autoDraw = True
10.6337 	DATA 	Keypress: space
10.6345 	EXP 	New trial (rep=0, index=5): OrderedDict([('rolePic', 'gscem.jpg'), ('job', 'Grocery Store Customer Experience Manager\n')])
10.6660 	EXP 	image: autoDraw = False
10.6660 	EXP 	text_2: autoDraw = False
10.6660 	EXP 	image: image = 'gscem.jpg'
10.6660 	EXP 	text_2: text = 'Grocery Store Customer Experience Manager\n'
10.6660 	EXP 	image: autoDraw = True
10.6660 	EXP 	text_2: autoDraw = True
11.2180 	DATA 	Keypress: space
11.2187 	EXP 	New trial (rep=0, index=6): OrderedDict([('rolePic', 'acem.jpg'), ('job', 'Airport Customer Experience Manager')])
11.2507 	EXP 	image: autoDraw = False
11.2507 	EXP 	text_2: autoDraw = False
11.2507 	EXP 	image: image = 'acem.jpg'
11.2507 	EXP 	text_2: text = 'Airport Customer Experience Manager'
11.2507 	EXP 	image: autoDraw = True
11.2507 	EXP 	text_2: autoDraw = True
12.0021 	DATA 	Keypress: space
12.0029 	EXP 	New trial (rep=0, index=7): OrderedDict([('rolePic', 'restaurant_critic.jpg'), ('job', 'Restaurant Critic')])
12.0330 	EXP 	image: autoDraw = False
12.0330 	EXP 	text_2: autoDraw = False
12.0330 	EXP 	image: image = 'restaurant_critic.jpg'
12.0330 	EXP 	text_2: text = 'Restaurant Critic'
12.0330 	EXP 	image: autoDraw = True
12.0330 	EXP 	text_2: autoDraw = True
12.5187 	DATA 	Keypress: space
12.5239 	EXP 	Imported instructions2.xlsx as conditions, 10 conditions, 2 params
12.5241 	EXP 	Created sequence: sequential, trialTypes=10, nReps=1, seed=None
12.5244 	EXP 	New trial (rep=0, index=0): OrderedDict([('instruct_text', 'In addition to reading all 16 stories, your task will be to answer perspective-related questions about each story.\n'), ('instruct_text2', '(press the space bar to continue)')])
12.5505 	EXP 	image: autoDraw = False
12.5505 	EXP 	text_2: autoDraw = False
12.5505 	EXP 	welcome: text = 'In addition to reading all 16 stories, your task will be to answer perspective-related questions about each story.\n'
12.5505 	EXP 	text_12: text = '(press the space bar to continue)'
12.5505 	EXP 	welcome: autoDraw = True
12.5505 	EXP 	text_12: autoDraw = True
13.2352 	DATA 	Keypress: space
13.2360 	EXP 	New trial (rep=0, index=1): OrderedDict([('instruct_text', 'You will answer the questions about each story after reading all 16 stories. '), ('instruct_text2', None)])
13.2673 	EXP 	welcome: autoDraw = False
13.2673 	EXP 	text_12: autoDraw = False
13.2673 	EXP 	welcome: text = 'You will answer the questions about each story after reading all 16 stories. '
13.2673 	EXP 	text_12: text = '(press the space bar to continue)'
13.2673 	EXP 	welcome: autoDraw = True
13.2673 	EXP 	text_12: autoDraw = True
13.6702 	DATA 	Keypress: space
13.6837 	EXP 	New trial (rep=0, index=2): OrderedDict([('instruct_text', 'There will be four questions to answer per story.'), ('instruct_text2', None)])
13.7169 	EXP 	welcome: autoDraw = False
13.7169 	EXP 	text_12: autoDraw = False
13.7169 	EXP 	welcome: text = 'There will be four questions to answer per story.'
13.7169 	EXP 	text_12: text = '(press the space bar to continue)'
13.7169 	EXP 	welcome: autoDraw = True
13.7169 	EXP 	text_12: autoDraw = True
14.0525 	DATA 	Keypress: space
14.0531 	EXP 	New trial (rep=0, index=3): OrderedDict([('instruct_text', 'These questions are determined by the perspective you take during the story. '), ('instruct_text2', None)])
14.0833 	EXP 	welcome: autoDraw = False
14.0833 	EXP 	text_12: autoDraw = False
14.0833 	EXP 	welcome: text = 'These questions are determined by the perspective you take during the story. '
14.0833 	EXP 	text_12: text = '(press the space bar to continue)'
14.0833 	EXP 	welcome: autoDraw = True
14.0833 	EXP 	text_12: autoDraw = True
14.4354 	DATA 	Keypress: space
14.4361 	EXP 	New trial (rep=0, index=4): OrderedDict([('instruct_text', 'The questions will be the same for the stories read with the same perspective. '), ('instruct_text2', None)])
14.4677 	EXP 	welcome: autoDraw = False
14.4677 	EXP 	text_12: autoDraw = False
14.4677 	EXP 	welcome: text = 'The questions will be the same for the stories read with the same perspective. '
14.4677 	EXP 	text_12: text = '(press the space bar to continue)'
14.4677 	EXP 	welcome: autoDraw = True
14.4677 	EXP 	text_12: autoDraw = True
14.7686 	DATA 	Keypress: space
14.7692 	EXP 	New trial (rep=0, index=5): OrderedDict([('instruct_text', 'Before reading the stories, you will learn the questions associated with each career perspective in order to help you answer them. '), ('instruct_text2', None)])
14.8005 	EXP 	welcome: autoDraw = False
14.8005 	EXP 	text_12: autoDraw = False
14.8005 	EXP 	welcome: text = 'Before reading the stories, you will learn the questions associated with each career perspective in order to help you answer them. '
14.8005 	EXP 	text_12: text = '(press the space bar to continue)'
14.8005 	EXP 	welcome: autoDraw = True
14.8005 	EXP 	text_12: autoDraw = True
15.1351 	DATA 	Keypress: space
15.1358 	EXP 	New trial (rep=0, index=6): OrderedDict([('instruct_text', 'You will have to try to learn these questions with a series of pre-task quizzes.'), ('instruct_text2', None)])
15.1673 	EXP 	welcome: autoDraw = False
15.1673 	EXP 	text_12: autoDraw = False
15.1673 	EXP 	welcome: text = 'You will have to try to learn these questions with a series of pre-task quizzes.'
15.1673 	EXP 	text_12: text = '(press the space bar to continue)'
15.1673 	EXP 	welcome: autoDraw = True
15.1673 	EXP 	text_12: autoDraw = True
15.5356 	DATA 	Keypress: space
15.5363 	EXP 	New trial (rep=0, index=7): OrderedDict([('instruct_text', 'Once the story-reading task has begun, remember your answers to the questions for each story.'), ('instruct_text2', None)])
15.5675 	EXP 	welcome: autoDraw = False
15.5675 	EXP 	text_12: autoDraw = False
15.5675 	EXP 	welcome: text = 'Once the story-reading task has begun, remember your answers to the questions for each story.'
15.5675 	EXP 	text_12: text = '(press the space bar to continue)'
15.5675 	EXP 	welcome: autoDraw = True
15.5675 	EXP 	text_12: autoDraw = True
15.8689 	DATA 	Keypress: space
15.8696 	EXP 	New trial (rep=0, index=8): OrderedDict([('instruct_text', 'Again, you will be asked about the answers to these questions for each story at end of the experiment. '), ('instruct_text2', None)])
15.9001 	EXP 	welcome: autoDraw = False
15.9001 	EXP 	text_12: autoDraw = False
15.9001 	EXP 	welcome: text = 'Again, you will be asked about the answers to these questions for each story at end of the experiment. '
15.9001 	EXP 	text_12: text = '(press the space bar to continue)'
15.9001 	EXP 	welcome: autoDraw = True
15.9001 	EXP 	text_12: autoDraw = True
16.2201 	DATA 	Keypress: space
16.2208 	EXP 	New trial (rep=0, index=9): OrderedDict([('instruct_text', 'Press the space bar to begin learning the perspectives and the questions for each one.'), ('instruct_text2', None)])
16.2513 	EXP 	welcome: autoDraw = False
16.2513 	EXP 	text_12: autoDraw = False
16.2513 	EXP 	welcome: text = 'Press the space bar to begin learning the perspectives and the questions for each one.'
16.2513 	EXP 	text_12: text = '(press the space bar to continue)'
16.2513 	EXP 	welcome: autoDraw = True
16.2513 	EXP 	text_12: autoDraw = True
16.4714 	DATA 	Keypress: space
16.4924 	EXP 	Imported whichRole.xlsx as conditions, 8 conditions, 8 params
16.4926 	EXP 	Created sequence: random, trialTypes=8, nReps=1, seed=None
16.4929 	EXP 	New trial (rep=0, index=0): OrderedDict([('Q1', 'How does the person who is initiating the breakup feel before they do it?\n'), ('Q2', 'Why does the initiator want to break up?\n'), ('Q3', 'How does the person being broken up with respond?\n'), ('Q4', 'Do the partners leave on good terms?'), ('D1', 'Does the person being broken up with expect that this is coming?'), ('D2', 'For how long has the initiator been wanting to break up?'), ('roleName', 'Couples Therapist\n'), ('rolePic', 'couples.jpeg')])
16.4931 	EXP 	Created sequence: sequential, trialTypes=1, nReps=5, seed=None
16.4933 	EXP 	New trial (rep=0, index=0): None
16.4975 	WARNING 	Requested image 'couples.jpeg' not found but similar filename 'couples.jpg' exists. This will be used instead but changing the filename is advised.
16.5181 	EXP 	welcome: autoDraw = False
16.5181 	EXP 	text_12: autoDraw = False
16.5181 	EXP 	text_18: text = 'Couples Therapist\n'
16.5181 	EXP 	image_9: image = 'couples.jpeg'
16.5181 	EXP 	text_18: autoDraw = True
16.5181 	EXP 	image_9: autoDraw = True
17.5207 	DATA 	Keypress: space
17.5372 	WARNING 	Requested image 'couples.jpeg' not found but similar filename 'couples.jpg' exists. This will be used instead but changing the filename is advised.
17.5688 	EXP 	text_18: autoDraw = False
17.5688 	EXP 	image_9: autoDraw = False
17.5688 	EXP 	text_8: text = 'How does the person who is initiating the breakup feel before they do it?\n'
17.5688 	EXP 	text_9: text = 'Couples Therapist\n'
17.5688 	EXP 	image_5: image = 'couples.jpeg'
17.5688 	EXP 	text_8: autoDraw = True
17.5688 	EXP 	text_9: autoDraw = True
17.5688 	EXP 	image_5: autoDraw = True
17.9531 	DATA 	Keypress: space
17.9647 	WARNING 	Requested image 'couples.jpeg' not found but similar filename 'couples.jpg' exists. This will be used instead but changing the filename is advised.
17.9852 	EXP 	text_8: autoDraw = False
17.9852 	EXP 	text_9: autoDraw = False
17.9852 	EXP 	image_5: autoDraw = False
17.9852 	EXP 	text_10: text = 'Why does the initiator want to break up?\n'
17.9852 	EXP 	text_11: text = 'Couples Therapist\n'
17.9852 	EXP 	image_6: image = 'couples.jpeg'
17.9852 	EXP 	text_10: autoDraw = True
17.9852 	EXP 	text_11: autoDraw = True
17.9852 	EXP 	image_6: autoDraw = True
18.1361 	DATA 	Keypress: space
18.1494 	WARNING 	Requested image 'couples.jpeg' not found but similar filename 'couples.jpg' exists. This will be used instead but changing the filename is advised.
18.1856 	EXP 	text_10: autoDraw = False
18.1856 	EXP 	text_11: autoDraw = False
18.1856 	EXP 	image_6: autoDraw = False
18.1856 	EXP 	text_13: text = 'How does the person being broken up with respond?\n'
18.1856 	EXP 	text_14: text = 'Couples Therapist\n'
18.1856 	EXP 	image_7: image = 'couples.jpeg'
18.1856 	EXP 	text_13: autoDraw = True
18.1856 	EXP 	text_14: autoDraw = True
18.1856 	EXP 	image_7: autoDraw = True
18.5033 	DATA 	Keypress: space
18.5152 	WARNING 	Requested image 'couples.jpeg' not found but similar filename 'couples.jpg' exists. This will be used instead but changing the filename is advised.
18.5521 	EXP 	text_13: autoDraw = False
18.5521 	EXP 	text_14: autoDraw = False
18.5521 	EXP 	image_7: autoDraw = False
18.5521 	EXP 	text_15: text = 'Do the partners leave on good terms?'
18.5521 	EXP 	text_16: text = 'Couples Therapist\n'
18.5521 	EXP 	image_8: image = 'couples.jpeg'
18.5521 	EXP 	text_15: autoDraw = True
18.5521 	EXP 	text_16: autoDraw = True
18.5521 	EXP 	image_8: autoDraw = True
18.7547 	DATA 	Keypress: space
18.7846 	EXP 	text_15: autoDraw = False
18.7846 	EXP 	text_16: autoDraw = False
18.7846 	EXP 	image_8: autoDraw = False
18.7846 	EXP 	text_5: autoDraw = True
19.1866 	DATA 	Keypress: space
19.1925 	EXP 	Created unnamed ImageStim = ImageStim(__class__=<class 'psychopy.visual.image.ImageStim'>, autoLog=True, color=array([1., 1., 1.]), colorSpace='rgb', contrast=1.0, depth=0, flipHoriz=False, flipVert=False, image='checkmark.png', interpolate=False, mask=None, maskParams=None, name='unnamed ImageStim', opacity=1.0, ori=0.0, pos=array([0., 0.]), size=array([0.2703125 , 0.47222222]), texRes=128, units='norm', win=Window(...))
19.3157 	EXP 	Created unnamed ImageStim = ImageStim(__class__=<class 'psychopy.visual.image.ImageStim'>, autoLog=True, color=array([1., 1., 1.]), colorSpace='rgb', contrast=1.0, depth=0, flipHoriz=False, flipVert=False, image='redx.png', interpolate=False, mask=None, maskParams=None, name='unnamed ImageStim', opacity=1.0, ori=0.0, pos=array([0., 0.]), size=array([1.5625    , 2.77777778]), texRes=128, units='norm', win=Window(...))
19.3288 	EXP 	Created unnamed ImageStim = ImageStim(__class__=<class 'psychopy.visual.image.ImageStim'>, autoLog=True, color=array([1., 1., 1.]), colorSpace='rgb', contrast=1.0, depth=0, flipHoriz=False, flipVert=False, image='thumbsup.png', interpolate=False, mask=None, maskParams=None, name='unnamed ImageStim', opacity=1.0, ori=0.0, pos=array([0., 0.]), size=array([0.375 , 0.7125]), texRes=128, units='norm', win=Window(...))
19.3972 	DATA 	Keypress: space
19.4165 	EXP 	text_5: autoDraw = False
19.4165 	EXP 	question1_2: text = '1: For how long has the initiator been wanting to break up?'
19.4165 	EXP 	question2_2: text = '2: Do the partners leave on good terms?'
19.4165 	EXP 	question3_2: text = '3: How does the person who is initiating the breakup feel before they do it?\n'
19.4165 	EXP 	question4_2: text = '4: Does the person being broken up with expect that this is coming?'
19.4165 	EXP 	question5_2: text = '5: How does the person being broken up with respond?\n'
19.4165 	EXP 	question6_2: text = '6: Why does the initiator want to break up?\n'
19.4165 	EXP 	question1_2: autoDraw = True
19.4165 	EXP 	question2_2: autoDraw = True
19.4165 	EXP 	question3_2: autoDraw = True
19.4165 	EXP 	question4_2: autoDraw = True
19.4165 	EXP 	question5_2: autoDraw = True
19.4165 	EXP 	question6_2: autoDraw = True
19.8252 	DATA 	Keypress: space
20.2697 	DATA 	Keypress: space
20.5037 	DATA 	Keypress: space
20.6699 	DATA 	Keypress: space
21.3373 	DATA 	Keypress: q
21.3542 	EXP 	question1_2: autoDraw = False
21.3542 	EXP 	question2_2: autoDraw = False
21.3542 	EXP 	question3_2: autoDraw = False
21.3542 	EXP 	question4_2: autoDraw = False
21.3542 	EXP 	question5_2: autoDraw = False
21.3542 	EXP 	question6_2: autoDraw = False
21.3542 	EXP 	text_3: autoDraw = True
22.3436 	EXP 	Imported whichRole.xlsx as conditions, 8 conditions, 8 params
22.3438 	EXP 	Created sequence: sequential, trialTypes=8, nReps=1, seed=None
22.3441 	EXP 	New trial (rep=0, index=0): OrderedDict([('Q1', 'What industry are the business people in?'), ('Q2', 'What is being negotiated and how much money is at stake?'), ('Q3', 'What is the response to the proposed deal?'), ('Q4', 'What comes about from the business proposal?'), ('D1', 'Is the deal fair?'), ('D2', 'How long does it take to make the deal?'), ('roleName', 'Business Reporter'), ('rolePic', 'business_reporter.jpg')])
22.3444 	EXP 	Created sequence: random, trialTypes=1, nReps=5, seed=None
22.3446 	EXP 	New trial (rep=0, index=0): None
22.3869 	EXP 	text_3: autoDraw = False
22.3869 	EXP 	text_3: autoDraw = False
22.3869 	EXP 	image_2: image = 'business_reporter.jpg'
22.3869 	EXP 	text_4: text = 'Business Reporter'
22.3869 	EXP 	image_2: autoDraw = True
22.3869 	EXP 	text_4: autoDraw = True
23.3228 	DATA 	Keypress: space
23.3416 	EXP 	Created unnamed ImageStim = ImageStim(__class__=<class 'psychopy.visual.image.ImageStim'>, autoLog=True, color=array([1., 1., 1.]), colorSpace='rgb', contrast=1.0, depth=0, flipHoriz=False, flipVert=False, image='checkmark.png', interpolate=False, mask=None, maskParams=None, name='unnamed ImageStim', opacity=1.0, ori=0.0, pos=array([0., 0.]), size=array([0.2703125 , 0.47222222]), texRes=128, units='norm', win=Window(...))
23.4458 	EXP 	Created unnamed ImageStim = ImageStim(__class__=<class 'psychopy.visual.image.ImageStim'>, autoLog=True, color=array([1., 1., 1.]), colorSpace='rgb', contrast=1.0, depth=0, flipHoriz=False, flipVert=False, image='redx.png', interpolate=False, mask=None, maskParams=None, name='unnamed ImageStim', opacity=1.0, ori=0.0, pos=array([0., 0.]), size=array([1.5625    , 2.77777778]), texRes=128, units='norm', win=Window(...))
23.4585 	EXP 	Created unnamed ImageStim = ImageStim(__class__=<class 'psychopy.visual.image.ImageStim'>, autoLog=True, color=array([1., 1., 1.]), colorSpace='rgb', contrast=1.0, depth=0, flipHoriz=False, flipVert=False, image='thumbsup.png', interpolate=False, mask=None, maskParams=None, name='unnamed ImageStim', opacity=1.0, ori=0.0, pos=array([0., 0.]), size=array([0.375 , 0.7125]), texRes=128, units='norm', win=Window(...))
23.5337 	EXP 	image_2: autoDraw = False
23.5337 	EXP 	text_4: autoDraw = False
23.5337 	EXP 	question1: text = '1: What is the response to the proposed deal?'
23.5337 	EXP 	question2: text = '2: What comes about from the business proposal?'
23.5337 	EXP 	question3: text = '3: What is being negotiated and how much money is at stake?'
23.5337 	EXP 	question4: text = '4: Is the deal fair?'
23.5337 	EXP 	question5: text = '5: What industry are the business people in?'
23.5337 	EXP 	question6: text = '6: How long does it take to make the deal?'
23.5337 	EXP 	question1: autoDraw = True
23.5337 	EXP 	question2: autoDraw = True
23.5337 	EXP 	question3: autoDraw = True
23.5337 	EXP 	question4: autoDraw = True
23.5337 	EXP 	question5: autoDraw = True
23.5337 	EXP 	question6: autoDraw = True
24.3933 	DATA 	Keypress: w
25.3210 	DATA 	Keypress: 3
26.3388 	EXP 	New trial (rep=1, index=0): None
26.3710 	EXP 	question1: autoDraw = False
26.3710 	EXP 	question2: autoDraw = False
26.3710 	EXP 	question3: autoDraw = False
26.3710 	EXP 	question4: autoDraw = False
26.3710 	EXP 	question5: autoDraw = False
26.3710 	EXP 	question6: autoDraw = False
26.3710 	EXP 	image_2: image = 'business_reporter.jpg'
26.3710 	EXP 	text_4: text = 'Business Reporter'
26.3710 	EXP 	image_2: autoDraw = True
26.3710 	EXP 	text_4: autoDraw = True
28.8248 	DATA 	Keypress: 4
29.2069 	DATA 	Keypress: space
29.2119 	EXP 	Created unnamed ImageStim = ImageStim(__class__=<class 'psychopy.visual.image.ImageStim'>, autoLog=True, color=array([1., 1., 1.]), colorSpace='rgb', contrast=1.0, depth=0, flipHoriz=False, flipVert=False, image='checkmark.png', interpolate=False, mask=None, maskParams=None, name='unnamed ImageStim', opacity=1.0, ori=0.0, pos=array([0., 0.]), size=array([0.2703125 , 0.47222222]), texRes=128, units='norm', win=Window(...))
29.3175 	EXP 	Created unnamed ImageStim = ImageStim(__class__=<class 'psychopy.visual.image.ImageStim'>, autoLog=True, color=array([1., 1., 1.]), colorSpace='rgb', contrast=1.0, depth=0, flipHoriz=False, flipVert=False, image='redx.png', interpolate=False, mask=None, maskParams=None, name='unnamed ImageStim', opacity=1.0, ori=0.0, pos=array([0., 0.]), size=array([1.5625    , 2.77777778]), texRes=128, units='norm', win=Window(...))
29.3298 	EXP 	Created unnamed ImageStim = ImageStim(__class__=<class 'psychopy.visual.image.ImageStim'>, autoLog=True, color=array([1., 1., 1.]), colorSpace='rgb', contrast=1.0, depth=0, flipHoriz=False, flipVert=False, image='thumbsup.png', interpolate=False, mask=None, maskParams=None, name='unnamed ImageStim', opacity=1.0, ori=0.0, pos=array([0., 0.]), size=array([0.375 , 0.7125]), texRes=128, units='norm', win=Window(...))
29.4048 	EXP 	image_2: autoDraw = False
29.4048 	EXP 	text_4: autoDraw = False
29.4048 	EXP 	question1: text = '1: What industry are the business people in?'
29.4048 	EXP 	question2: text = '2: Is the deal fair?'
29.4048 	EXP 	question3: text = '3: What comes about from the business proposal?'
29.4048 	EXP 	question4: text = '4: What is being negotiated and how much money is at stake?'
29.4048 	EXP 	question5: text = '5: What is the response to the proposed deal?'
29.4048 	EXP 	question6: text = '6: How long does it take to make the deal?'
29.4048 	EXP 	question1: autoDraw = True
29.4048 	EXP 	question2: autoDraw = True
29.4048 	EXP 	question3: autoDraw = True
29.4048 	EXP 	question4: autoDraw = True
29.4048 	EXP 	question5: autoDraw = True
29.4048 	EXP 	question6: autoDraw = True
30.4060 	EXP 	New trial (rep=2, index=0): None
30.4388 	EXP 	question1: autoDraw = False
30.4388 	EXP 	question2: autoDraw = False
30.4388 	EXP 	question3: autoDraw = False
30.4388 	EXP 	question4: autoDraw = False
30.4388 	EXP 	question5: autoDraw = False
30.4388 	EXP 	question6: autoDraw = False
30.4388 	EXP 	image_2: image = 'business_reporter.jpg'
30.4388 	EXP 	text_4: text = 'Business Reporter'
30.4388 	EXP 	image_2: autoDraw = True
30.4388 	EXP 	text_4: autoDraw = True
31.1748 	DATA 	Keypress: escape
31.4491 	EXP 	window1: mouseVisible = True
