3.4404 	WARNING 	User requested fullscreen with size [1024  768], but screen is actually [2560, 1440]. Using actual size
4.1081 	EXP 	Created window1 = Window(allowGUI=False, allowStencil=False, args=UNKNOWN, autoLog=True, bitsMode=UNKNOWN, blendMode='avg', color=array([0., 0., 0.]), colorSpace='rgb', fullscr=<method-wrapper '__getattribute__' of attributeSetter object at 0x12457cdd8>, gamma=None, kwargs=UNKNOWN, lms=UNKNOWN, monitor=<psychopy.monitors.calibTools.Monitor object at 0x1243358d0>, multiSample=False, name='window1', numSamples=2, pos=[0.0, 0.0], screen=0, size=array([5120, 2880]), stereo=False, units='norm', useFBO=True, useRetina=True, viewOri=0.0, viewPos=None, viewScale=None, waitBlanking=True, winType='pyglet')
4.1082 	EXP 	window1: recordFrameIntervals = False
4.2736 	EXP 	window1: recordFrameIntervals = True
4.4581 	EXP 	window1: recordFrameIntervals = False
4.5244 	EXP 	Created welcome = TextStim(__class__=<class 'psychopy.visual.text.TextStim'>, alignHoriz='center', alignVert='center', antialias=True, autoLog=True, bold=False, color='white', colorSpace='named', contrast=1.0, depth=0.0, flipHoriz=False, flipVert=False, font='Arial', fontFiles=[], height=0.1, italic=False, languageStyle='LTR', name='welcome', opacity=1.0, ori=0, pos=array([0., 0.]), rgb=array([255., 255., 255.]), text='default text', units='norm', win=Window(...), wrapWidth=1)
4.5278 	EXP 	Created text_12 = TextStim(__class__=<class 'psychopy.visual.text.TextStim'>, alignHoriz='center', alignVert='center', antialias=True, autoLog=True, bold=False, color='white', colorSpace='named', contrast=1.0, depth=-2.0, flipHoriz=False, flipVert=False, font='Arial', fontFiles=[], height=0.1, italic=False, languageStyle='LTR', name='text_12', opacity=1.0, ori=0, pos=array([ 0. , -0.6]), rgb=array([255., 255., 255.]), text='default text', units='norm', win=Window(...), wrapWidth=1)
4.5295 	EXP 	Created image = ImageStim(__class__=<class 'psychopy.visual.image.ImageStim'>, autoLog=True, color=array([1., 1., 1.]), colorSpace='rgb', contrast=1.0, depth=0.0, flipHoriz=False, flipVert=False, image='sin', interpolate=True, mask=None, maskParams=None, name='image', opacity=1.0, ori=0.0, pos=array([0., 0.]), size=array([0.5, 0.5]), texRes=128, units='norm', win=Window(...))
4.5330 	EXP 	Created text_2 = TextStim(__class__=<class 'psychopy.visual.text.TextStim'>, alignHoriz='center', alignVert='center', antialias=True, autoLog=True, bold=False, color='white', colorSpace='named', contrast=1.0, depth=-2.0, flipHoriz=False, flipVert=False, font='Arial', fontFiles=[], height=0.1, italic=False, languageStyle='LTR', name='text_2', opacity=1.0, ori=0, pos=array([ 0. , -0.5]), rgb=array([255., 255., 255.]), text='default text', units='norm', win=Window(...), wrapWidth=1)
4.5365 	EXP 	Created welcome = TextStim(__class__=<class 'psychopy.visual.text.TextStim'>, alignHoriz='center', alignVert='center', antialias=True, autoLog=True, bold=False, color='white', colorSpace='named', contrast=1.0, depth=0.0, flipHoriz=False, flipVert=False, font='Arial', fontFiles=[], height=0.1, italic=False, languageStyle='LTR', name='welcome', opacity=1.0, ori=0, pos=array([0., 0.]), rgb=array([255., 255., 255.]), text='default text', units='norm', win=Window(...), wrapWidth=1)
4.5402 	EXP 	Created text_12 = TextStim(__class__=<class 'psychopy.visual.text.TextStim'>, alignHoriz='center', alignVert='center', antialias=True, autoLog=True, bold=False, color='white', colorSpace='named', contrast=1.0, depth=-2.0, flipHoriz=False, flipVert=False, font='Arial', fontFiles=[], height=0.1, italic=False, languageStyle='LTR', name='text_12', opacity=1.0, ori=0, pos=array([ 0. , -0.6]), rgb=array([255., 255., 255.]), text='default text', units='norm', win=Window(...), wrapWidth=1)
4.5438 	EXP 	Created text_18 = TextStim(__class__=<class 'psychopy.visual.text.TextStim'>, alignHoriz='center', alignVert='center', antialias=True, autoLog=True, bold=False, color='white', colorSpace='named', contrast=1.0, depth=0.0, flipHoriz=False, flipVert=False, font='Arial', fontFiles=[], height=0.1, italic=False, languageStyle='LTR', name='text_18', opacity=1.0, ori=0, pos=array([-0.25,  0.25]), rgb=array([255., 255., 255.]), text='default text', units='norm', win=Window(...), wrapWidth=0.5)
4.5453 	EXP 	Created image_9 = ImageStim(__class__=<class 'psychopy.visual.image.ImageStim'>, autoLog=True, color=array([1., 1., 1.]), colorSpace='rgb', contrast=1.0, depth=-1.0, flipHoriz=False, flipVert=False, image='sin', interpolate=True, mask=None, maskParams=None, name='image_9', opacity=1.0, ori=0.0, pos=array([0.25, 0.25]), size=array([0.5, 0.5]), texRes=128, units='norm', win=Window(...))
4.5488 	EXP 	Created text_8 = TextStim(__class__=<class 'psychopy.visual.text.TextStim'>, alignHoriz='center', alignVert='center', antialias=True, autoLog=True, bold=False, color='white', colorSpace='named', contrast=1.0, depth=0.0, flipHoriz=False, flipVert=False, font='Arial', fontFiles=[], height=0.1, italic=False, languageStyle='LTR', name='text_8', opacity=1.0, ori=0, pos=array([ 0. , -0.4]), rgb=array([255., 255., 255.]), text='default text', units='norm', win=Window(...), wrapWidth=1)
4.5522 	EXP 	Created text_9 = TextStim(__class__=<class 'psychopy.visual.text.TextStim'>, alignHoriz='center', alignVert='center', antialias=True, autoLog=True, bold=False, color='white', colorSpace='named', contrast=1.0, depth=-1.0, flipHoriz=False, flipVert=False, font='Arial', fontFiles=[], height=0.1, italic=False, languageStyle='LTR', name='text_9', opacity=1.0, ori=0, pos=array([-0.25,  0.25]), rgb=array([255., 255., 255.]), text='default text', units='norm', win=Window(...), wrapWidth=0.5)
4.5536 	EXP 	Created image_5 = ImageStim(__class__=<class 'psychopy.visual.image.ImageStim'>, autoLog=True, color=array([1., 1., 1.]), colorSpace='rgb', contrast=1.0, depth=-2.0, flipHoriz=False, flipVert=False, image='sin', interpolate=True, mask=None, maskParams=None, name='image_5', opacity=1.0, ori=0.0, pos=array([0.25, 0.25]), size=array([0.5, 0.5]), texRes=128, units='norm', win=Window(...))
4.5574 	EXP 	Created text_10 = TextStim(__class__=<class 'psychopy.visual.text.TextStim'>, alignHoriz='center', alignVert='center', antialias=True, autoLog=True, bold=False, color='white', colorSpace='named', contrast=1.0, depth=0.0, flipHoriz=False, flipVert=False, font='Arial', fontFiles=[], height=0.1, italic=False, languageStyle='LTR', name='text_10', opacity=1.0, ori=0, pos=array([ 0. , -0.4]), rgb=array([255., 255., 255.]), text='default text', units='norm', win=Window(...), wrapWidth=1)
4.5608 	EXP 	Created text_11 = TextStim(__class__=<class 'psychopy.visual.text.TextStim'>, alignHoriz='center', alignVert='center', antialias=True, autoLog=True, bold=False, color='white', colorSpace='named', contrast=1.0, depth=-1.0, flipHoriz=False, flipVert=False, font='Arial', fontFiles=[], height=0.1, italic=False, languageStyle='LTR', name='text_11', opacity=1.0, ori=0, pos=array([-0.25,  0.25]), rgb=array([255., 255., 255.]), text='default text', units='norm', win=Window(...), wrapWidth=0.5)
4.5622 	EXP 	Created image_6 = ImageStim(__class__=<class 'psychopy.visual.image.ImageStim'>, autoLog=True, color=array([1., 1., 1.]), colorSpace='rgb', contrast=1.0, depth=-2.0, flipHoriz=False, flipVert=False, image='sin', interpolate=True, mask=None, maskParams=None, name='image_6', opacity=1.0, ori=0.0, pos=array([0.25, 0.25]), size=array([0.5, 0.5]), texRes=128, units='norm', win=Window(...))
4.5656 	EXP 	Created text_13 = TextStim(__class__=<class 'psychopy.visual.text.TextStim'>, alignHoriz='center', alignVert='center', antialias=True, autoLog=True, bold=False, color='white', colorSpace='named', contrast=1.0, depth=0.0, flipHoriz=False, flipVert=False, font='Arial', fontFiles=[], height=0.1, italic=False, languageStyle='LTR', name='text_13', opacity=1.0, ori=0, pos=array([ 0. , -0.4]), rgb=array([255., 255., 255.]), text='default text', units='norm', win=Window(...), wrapWidth=1)
4.5690 	EXP 	Created text_14 = TextStim(__class__=<class 'psychopy.visual.text.TextStim'>, alignHoriz='center', alignVert='center', antialias=True, autoLog=True, bold=False, color='white', colorSpace='named', contrast=1.0, depth=-1.0, flipHoriz=False, flipVert=False, font='Arial', fontFiles=[], height=0.1, italic=False, languageStyle='LTR', name='text_14', opacity=1.0, ori=0, pos=array([-0.25,  0.25]), rgb=array([255., 255., 255.]), text='default text', units='norm', win=Window(...), wrapWidth=0.5)
4.5704 	EXP 	Created image_7 = ImageStim(__class__=<class 'psychopy.visual.image.ImageStim'>, autoLog=True, color=array([1., 1., 1.]), colorSpace='rgb', contrast=1.0, depth=-2.0, flipHoriz=False, flipVert=False, image='sin', interpolate=True, mask=None, maskParams=None, name='image_7', opacity=1.0, ori=0.0, pos=array([0.25, 0.25]), size=array([0.5, 0.5]), texRes=128, units='norm', win=Window(...))
4.5752 	EXP 	Created text_15 = TextStim(__class__=<class 'psychopy.visual.text.TextStim'>, alignHoriz='center', alignVert='center', antialias=True, autoLog=True, bold=False, color='white', colorSpace='named', contrast=1.0, depth=0.0, flipHoriz=False, flipVert=False, font='Arial', fontFiles=[], height=0.1, italic=False, languageStyle='LTR', name='text_15', opacity=1.0, ori=0, pos=array([ 0. , -0.4]), rgb=array([255., 255., 255.]), text='default text', units='norm', win=Window(...), wrapWidth=1)
4.5788 	EXP 	Created text_16 = TextStim(__class__=<class 'psychopy.visual.text.TextStim'>, alignHoriz='center', alignVert='center', antialias=True, autoLog=True, bold=False, color='white', colorSpace='named', contrast=1.0, depth=-1.0, flipHoriz=False, flipVert=False, font='Arial', fontFiles=[], height=0.1, italic=False, languageStyle='LTR', name='text_16', opacity=1.0, ori=0, pos=array([-0.25,  0.25]), rgb=array([255., 255., 255.]), text='default text', units='norm', win=Window(...), wrapWidth=0.5)
4.5802 	EXP 	Created image_8 = ImageStim(__class__=<class 'psychopy.visual.image.ImageStim'>, autoLog=True, color=array([1., 1., 1.]), colorSpace='rgb', contrast=1.0, depth=-2.0, flipHoriz=False, flipVert=False, image='sin', interpolate=True, mask=None, maskParams=None, name='image_8', opacity=1.0, ori=0.0, pos=array([0.25, 0.25]), size=array([0.5, 0.5]), texRes=128, units='norm', win=Window(...))
4.6040 	EXP 	Created text_5 = TextStim(__class__=<class 'psychopy.visual.text.TextStim'>, alignHoriz='center', alignVert='center', antialias=True, autoLog=True, bold=False, color='white', colorSpace='named', contrast=1.0, depth=0.0, flipHoriz=False, flipVert=False, font='Arial', fontFiles=[], height=0.1, italic=False, languageStyle='LTR', name='text_5', opacity=1.0, ori=0, pos=array([0., 0.]), rgb=array([255., 255., 255.]), text=str(...), units='norm', win=Window(...), wrapWidth=1)
4.6078 	EXP 	Created question1_2 = TextStim(__class__=<class 'psychopy.visual.text.TextStim'>, alignHoriz='center', alignVert='center', antialias=True, autoLog=True, bold=False, color='white', colorSpace='named', contrast=1.0, depth=-1.0, flipHoriz=False, flipVert=False, font='Arial', fontFiles=[], height=0.1, italic=False, languageStyle='LTR', name='question1_2', opacity=1.0, ori=0, pos=array([0. , 0.6]), rgb=array([255., 255., 255.]), text='default text', units='norm', win=Window(...), wrapWidth=2)
4.6113 	EXP 	Created question2_2 = TextStim(__class__=<class 'psychopy.visual.text.TextStim'>, alignHoriz='center', alignVert='center', antialias=True, autoLog=True, bold=False, color='white', colorSpace='named', contrast=1.0, depth=-2.0, flipHoriz=False, flipVert=False, font='Arial', fontFiles=[], height=0.1, italic=False, languageStyle='LTR', name='question2_2', opacity=1.0, ori=0, pos=array([0.  , 0.35]), rgb=array([255., 255., 255.]), text='default text', units='norm', win=Window(...), wrapWidth=2)
4.6150 	EXP 	Created question3_2 = TextStim(__class__=<class 'psychopy.visual.text.TextStim'>, alignHoriz='center', alignVert='center', antialias=True, autoLog=True, bold=False, color='white', colorSpace='named', contrast=1.0, depth=-3.0, flipHoriz=False, flipVert=False, font='Arial', fontFiles=[], height=0.1, italic=False, languageStyle='LTR', name='question3_2', opacity=1.0, ori=0, pos=array([0.  , 0.12]), rgb=array([255., 255., 255.]), text='default text', units='norm', win=Window(...), wrapWidth=2)
4.6193 	EXP 	Created question4_2 = TextStim(__class__=<class 'psychopy.visual.text.TextStim'>, alignHoriz='center', alignVert='center', antialias=True, autoLog=True, bold=False, color='white', colorSpace='named', contrast=1.0, depth=-4.0, flipHoriz=False, flipVert=False, font='Arial', fontFiles=[], height=0.1, italic=False, languageStyle='LTR', name='question4_2', opacity=1.0, ori=0, pos=array([ 0.  , -0.12]), rgb=array([255., 255., 255.]), text='default text', units='norm', win=Window(...), wrapWidth=2)
4.6230 	EXP 	Created question5_2 = TextStim(__class__=<class 'psychopy.visual.text.TextStim'>, alignHoriz='center', alignVert='center', antialias=True, autoLog=True, bold=False, color='white', colorSpace='named', contrast=1.0, depth=-5.0, flipHoriz=False, flipVert=False, font='Arial', fontFiles=[], height=0.1, italic=False, languageStyle='LTR', name='question5_2', opacity=1.0, ori=0, pos=array([ 0.  , -0.35]), rgb=array([255., 255., 255.]), text='default text', units='norm', win=Window(...), wrapWidth=2)
4.6264 	EXP 	Created question6_2 = TextStim(__class__=<class 'psychopy.visual.text.TextStim'>, alignHoriz='center', alignVert='center', antialias=True, autoLog=True, bold=False, color='white', colorSpace='named', contrast=1.0, depth=-6.0, flipHoriz=False, flipVert=False, font='Arial', fontFiles=[], height=0.1, italic=False, languageStyle='LTR', name='question6_2', opacity=1.0, ori=0, pos=array([ 0. , -0.6]), rgb=array([255., 255., 255.]), text='default text', units='norm', win=Window(...), wrapWidth=2)
4.6278 	EXP 	Created image_3 = ImageStim(__class__=<class 'psychopy.visual.image.ImageStim'>, autoLog=True, color=array([1., 1., 1.]), colorSpace='rgb', contrast=1.0, depth=-8.0, flipHoriz=False, flipVert=False, image='sin', interpolate=True, mask=None, maskParams=None, name='image_3', opacity=1.0, ori=0.0, pos=array([ 0.  , -0.85]), size=array([0.25 , 0.125]), texRes=128, units='norm', win=Window(...))
4.6331 	EXP 	Created text_3 = TextStim(__class__=<class 'psychopy.visual.text.TextStim'>, alignHoriz='center', alignVert='center', antialias=True, autoLog=True, bold=False, color='white', colorSpace='named', contrast=1.0, depth=0.0, flipHoriz=False, flipVert=False, font='Arial', fontFiles=[], height=0.1, italic=False, languageStyle='LTR', name='text_3', opacity=1.0, ori=0, pos=array([0., 0.]), rgb=array([255., 255., 255.]), text='Final Tests', units='norm', win=Window(...), wrapWidth=1)
4.6345 	EXP 	Created image_2 = ImageStim(__class__=<class 'psychopy.visual.image.ImageStim'>, autoLog=True, color=array([1., 1., 1.]), colorSpace='rgb', contrast=1.0, depth=0.0, flipHoriz=False, flipVert=False, image='sin', interpolate=True, mask=None, maskParams=None, name='image_2', opacity=1.0, ori=0.0, pos=array([0., 0.]), size=array([0.5, 0.5]), texRes=128, units='norm', win=Window(...))
4.6381 	EXP 	Created text_4 = TextStim(__class__=<class 'psychopy.visual.text.TextStim'>, alignHoriz='center', alignVert='center', antialias=True, autoLog=True, bold=False, color='white', colorSpace='named', contrast=1.0, depth=-2.0, flipHoriz=False, flipVert=False, font='Arial', fontFiles=[], height=0.1, italic=False, languageStyle='LTR', name='text_4', opacity=1.0, ori=0, pos=array([ 0. , -0.5]), rgb=array([255., 255., 255.]), text='default text', units='norm', win=Window(...), wrapWidth=1)
4.6416 	EXP 	Created question1_3 = TextStim(__class__=<class 'psychopy.visual.text.TextStim'>, alignHoriz='center', alignVert='center', antialias=True, autoLog=True, bold=False, color='white', colorSpace='named', contrast=1.0, depth=-1.0, flipHoriz=False, flipVert=False, font='Arial', fontFiles=[], height=0.1, italic=False, languageStyle='LTR', name='question1_3', opacity=1.0, ori=0, pos=array([0. , 0.6]), rgb=array([255., 255., 255.]), text='default text', units='norm', win=Window(...), wrapWidth=2)
4.6450 	EXP 	Created question2_3 = TextStim(__class__=<class 'psychopy.visual.text.TextStim'>, alignHoriz='center', alignVert='center', antialias=True, autoLog=True, bold=False, color='white', colorSpace='named', contrast=1.0, depth=-2.0, flipHoriz=False, flipVert=False, font='Arial', fontFiles=[], height=0.1, italic=False, languageStyle='LTR', name='question2_3', opacity=1.0, ori=0, pos=array([0.  , 0.35]), rgb=array([255., 255., 255.]), text='default text', units='norm', win=Window(...), wrapWidth=2)
4.6484 	EXP 	Created question3_3 = TextStim(__class__=<class 'psychopy.visual.text.TextStim'>, alignHoriz='center', alignVert='center', antialias=True, autoLog=True, bold=False, color='white', colorSpace='named', contrast=1.0, depth=-3.0, flipHoriz=False, flipVert=False, font='Arial', fontFiles=[], height=0.1, italic=False, languageStyle='LTR', name='question3_3', opacity=1.0, ori=0, pos=array([0.  , 0.12]), rgb=array([255., 255., 255.]), text='default text', units='norm', win=Window(...), wrapWidth=2)
4.6519 	EXP 	Created question4_3 = TextStim(__class__=<class 'psychopy.visual.text.TextStim'>, alignHoriz='center', alignVert='center', antialias=True, autoLog=True, bold=False, color='white', colorSpace='named', contrast=1.0, depth=-4.0, flipHoriz=False, flipVert=False, font='Arial', fontFiles=[], height=0.1, italic=False, languageStyle='LTR', name='question4_3', opacity=1.0, ori=0, pos=array([ 0.  , -0.12]), rgb=array([255., 255., 255.]), text='default text', units='norm', win=Window(...), wrapWidth=2)
4.6553 	EXP 	Created question5_3 = TextStim(__class__=<class 'psychopy.visual.text.TextStim'>, alignHoriz='center', alignVert='center', antialias=True, autoLog=True, bold=False, color='white', colorSpace='named', contrast=1.0, depth=-5.0, flipHoriz=False, flipVert=False, font='Arial', fontFiles=[], height=0.1, italic=False, languageStyle='LTR', name='question5_3', opacity=1.0, ori=0, pos=array([ 0.  , -0.35]), rgb=array([255., 255., 255.]), text='default text', units='norm', win=Window(...), wrapWidth=2)
4.6587 	EXP 	Created question6_3 = TextStim(__class__=<class 'psychopy.visual.text.TextStim'>, alignHoriz='center', alignVert='center', antialias=True, autoLog=True, bold=False, color='white', colorSpace='named', contrast=1.0, depth=-6.0, flipHoriz=False, flipVert=False, font='Arial', fontFiles=[], height=0.1, italic=False, languageStyle='LTR', name='question6_3', opacity=1.0, ori=0, pos=array([ 0. , -0.6]), rgb=array([255., 255., 255.]), text='default text', units='norm', win=Window(...), wrapWidth=2)
4.6601 	EXP 	Created image_4 = ImageStim(__class__=<class 'psychopy.visual.image.ImageStim'>, autoLog=True, color=array([1., 1., 1.]), colorSpace='rgb', contrast=1.0, depth=-8.0, flipHoriz=False, flipVert=False, image='sin', interpolate=True, mask=None, maskParams=None, name='image_4', opacity=1.0, ori=0.0, pos=array([ 0.  , -0.85]), size=array([0.25 , 0.125]), texRes=128, units='norm', win=Window(...))
4.6644 	EXP 	Created text = TextStim(__class__=<class 'psychopy.visual.text.TextStim'>, alignHoriz='center', alignVert='center', antialias=True, autoLog=True, bold=False, color='white', colorSpace='named', contrast=1.0, depth=0.0, flipHoriz=False, flipVert=False, font='Arial', fontFiles=[], height=0.1, italic=False, languageStyle='LTR', name='text', opacity=1.0, ori=0, pos=array([0., 0.]), rgb=array([255., 255., 255.]), text='end of introduction', units='norm', win=Window(...), wrapWidth=1)
4.6718 	EXP 	Imported instructions.xlsx as conditions, 5 conditions, 2 params
4.6720 	EXP 	Created sequence: sequential, trialTypes=5, nReps=1, seed=None
4.6723 	EXP 	New trial (rep=0, index=0): OrderedDict([('instruct_text', 'Welcome to the Job Simulator Task!'), ('instruct_text2', '(press the space bar to continue)')])
4.7077 	EXP 	welcome: text = 'Welcome to the Job Simulator Task!'
4.7077 	EXP 	text_12: text = '(press the space bar to continue)'
4.7077 	EXP 	welcome: autoDraw = True
4.7077 	EXP 	text_12: autoDraw = True
4.9760 	DATA 	Keypress: space
4.9768 	EXP 	New trial (rep=0, index=1): OrderedDict([('instruct_text', 'In this task, you will read 16 stories.'), ('instruct_text2', None)])
5.0078 	EXP 	welcome: autoDraw = False
5.0078 	EXP 	text_12: autoDraw = False
5.0078 	EXP 	welcome: text = 'In this task, you will read 16 stories.'
5.0078 	EXP 	text_12: text = '(press the space bar to continue)'
5.0078 	EXP 	welcome: autoDraw = True
5.0078 	EXP 	text_12: autoDraw = True
5.1271 	DATA 	Keypress: space
5.1415 	EXP 	New trial (rep=0, index=2): OrderedDict([('instruct_text', 'Before each story you will be assigned a perspective of a particular career to assume while reading that story.\n'), ('instruct_text2', None)])
5.1739 	EXP 	welcome: autoDraw = False
5.1739 	EXP 	text_12: autoDraw = False
5.1739 	EXP 	welcome: text = 'Before each story you will be assigned a perspective of a particular career to assume while reading that story.\n'
5.1739 	EXP 	text_12: text = '(press the space bar to continue)'
5.1739 	EXP 	welcome: autoDraw = True
5.1739 	EXP 	text_12: autoDraw = True
5.2919 	DATA 	Keypress: space
5.2926 	EXP 	New trial (rep=0, index=3): OrderedDict([('instruct_text', 'You should read the story according to the designated perspective.'), ('instruct_text2', None)])
5.3241 	EXP 	welcome: autoDraw = False
5.3241 	EXP 	text_12: autoDraw = False
5.3241 	EXP 	welcome: text = 'You should read the story according to the designated perspective.'
5.3241 	EXP 	text_12: text = '(press the space bar to continue)'
5.3241 	EXP 	welcome: autoDraw = True
5.3241 	EXP 	text_12: autoDraw = True
5.4423 	DATA 	Keypress: space
5.4430 	EXP 	New trial (rep=0, index=4): OrderedDict([('instruct_text', 'The perspectives are as follows:'), ('instruct_text2', None)])
5.4741 	EXP 	welcome: autoDraw = False
5.4741 	EXP 	text_12: autoDraw = False
5.4741 	EXP 	welcome: text = 'The perspectives are as follows:'
5.4741 	EXP 	text_12: text = '(press the space bar to continue)'
5.4741 	EXP 	welcome: autoDraw = True
5.4741 	EXP 	text_12: autoDraw = True
5.6105 	DATA 	Keypress: space
5.6296 	EXP 	Imported jobsPics.xlsx as conditions, 8 conditions, 2 params
5.6299 	EXP 	Created sequence: random, trialTypes=8, nReps=1, seed=None
5.6301 	EXP 	New trial (rep=0, index=0): OrderedDict([('rolePic', 'couples.jpeg'), ('job', 'Couples Therapist\n')])
5.6302 	WARNING 	Requested image 'couples.jpeg' not found but similar filename 'couples.jpg' exists. This will be used instead but changing the filename is advised.
5.7078 	EXP 	welcome: autoDraw = False
5.7078 	EXP 	text_12: autoDraw = False
5.7078 	EXP 	image: image = 'couples.jpeg'
5.7078 	EXP 	text_2: text = 'Couples Therapist\n'
5.7078 	EXP 	image: autoDraw = True
5.7078 	EXP 	text_2: autoDraw = True
5.8091 	DATA 	Keypress: space
5.8099 	EXP 	New trial (rep=0, index=1): OrderedDict([('rolePic', 'gscem.jpg'), ('job', 'Grocery Store Customer Experience Manager\n')])
5.8413 	EXP 	image: autoDraw = False
5.8413 	EXP 	text_2: autoDraw = False
5.8413 	EXP 	image: image = 'gscem.jpg'
5.8413 	EXP 	text_2: text = 'Grocery Store Customer Experience Manager\n'
5.8413 	EXP 	image: autoDraw = True
5.8413 	EXP 	text_2: autoDraw = True
5.9762 	DATA 	Keypress: space
5.9769 	EXP 	New trial (rep=0, index=2): OrderedDict([('rolePic', 'restaurant_critic.jpg'), ('job', 'Restaurant Critic')])
6.0078 	EXP 	image: autoDraw = False
6.0078 	EXP 	text_2: autoDraw = False
6.0078 	EXP 	image: image = 'restaurant_critic.jpg'
6.0078 	EXP 	text_2: text = 'Restaurant Critic'
6.0078 	EXP 	image: autoDraw = True
6.0078 	EXP 	text_2: autoDraw = True
6.1755 	DATA 	Keypress: space
6.1762 	EXP 	New trial (rep=0, index=3): OrderedDict([('rolePic', 'weddingplanner.jpg'), ('job', 'Wedding Planner')])
6.2073 	EXP 	image: autoDraw = False
6.2073 	EXP 	text_2: autoDraw = False
6.2073 	EXP 	image: image = 'weddingplanner.jpg'
6.2073 	EXP 	text_2: text = 'Wedding Planner'
6.2073 	EXP 	image: autoDraw = True
6.2073 	EXP 	text_2: autoDraw = True
6.4429 	DATA 	Keypress: space
6.4436 	EXP 	New trial (rep=0, index=4): OrderedDict([('rolePic', 'acem.jpg'), ('job', 'Airport Customer Experience Manager')])
6.4740 	EXP 	image: autoDraw = False
6.4740 	EXP 	text_2: autoDraw = False
6.4740 	EXP 	image: image = 'acem.jpg'
6.4740 	EXP 	text_2: text = 'Airport Customer Experience Manager'
6.4740 	EXP 	image: autoDraw = True
6.4740 	EXP 	text_2: autoDraw = True
6.6259 	DATA 	Keypress: space
6.6266 	EXP 	New trial (rep=0, index=5): OrderedDict([('rolePic', 'business_reporter.jpg'), ('job', 'Business Reporter')])
6.6577 	EXP 	image: autoDraw = False
6.6577 	EXP 	text_2: autoDraw = False
6.6577 	EXP 	image: image = 'business_reporter.jpg'
6.6577 	EXP 	text_2: text = 'Business Reporter'
6.6577 	EXP 	image: autoDraw = True
6.6577 	EXP 	text_2: autoDraw = True
6.7927 	DATA 	Keypress: space
6.7934 	EXP 	New trial (rep=0, index=6): OrderedDict([('rolePic', 'dean.jpg'), ('job', 'Dean of Academic Studies')])
6.8244 	EXP 	image: autoDraw = False
6.8244 	EXP 	text_2: autoDraw = False
6.8244 	EXP 	image: image = 'dean.jpg'
6.8244 	EXP 	text_2: text = 'Dean of Academic Studies'
6.8244 	EXP 	image: autoDraw = True
6.8244 	EXP 	text_2: autoDraw = True
6.9762 	DATA 	Keypress: space
6.9769 	EXP 	New trial (rep=0, index=7): OrderedDict([('rolePic', 'matchmaker.jpg'), ('job', 'Matchmaker')])
7.0074 	EXP 	image: autoDraw = False
7.0074 	EXP 	text_2: autoDraw = False
7.0074 	EXP 	image: image = 'matchmaker.jpg'
7.0074 	EXP 	text_2: text = 'Matchmaker'
7.0074 	EXP 	image: autoDraw = True
7.0074 	EXP 	text_2: autoDraw = True
7.1589 	DATA 	Keypress: space
7.1643 	EXP 	Imported instructions2.xlsx as conditions, 10 conditions, 2 params
7.1645 	EXP 	Created sequence: sequential, trialTypes=10, nReps=1, seed=None
7.1647 	EXP 	New trial (rep=0, index=0): OrderedDict([('instruct_text', 'In addition to reading all 16 stories, your task will be to answer perspective-related questions about each story.\n'), ('instruct_text2', '(press the space bar to continue)')])
7.1905 	EXP 	image: autoDraw = False
7.1905 	EXP 	text_2: autoDraw = False
7.1905 	EXP 	welcome: text = 'In addition to reading all 16 stories, your task will be to answer perspective-related questions about each story.\n'
7.1905 	EXP 	text_12: text = '(press the space bar to continue)'
7.1905 	EXP 	welcome: autoDraw = True
7.1905 	EXP 	text_12: autoDraw = True
7.3093 	DATA 	Keypress: space
7.3100 	EXP 	New trial (rep=0, index=1): OrderedDict([('instruct_text', 'You will answer the questions about each story after reading all 16 stories. '), ('instruct_text2', None)])
7.3411 	EXP 	welcome: autoDraw = False
7.3411 	EXP 	text_12: autoDraw = False
7.3411 	EXP 	welcome: text = 'You will answer the questions about each story after reading all 16 stories. '
7.3411 	EXP 	text_12: text = '(press the space bar to continue)'
7.3411 	EXP 	welcome: autoDraw = True
7.3411 	EXP 	text_12: autoDraw = True
7.4778 	DATA 	Keypress: space
7.4932 	EXP 	New trial (rep=0, index=2): OrderedDict([('instruct_text', 'There will be four questions to answer per story.'), ('instruct_text2', None)])
7.5260 	EXP 	welcome: autoDraw = False
7.5260 	EXP 	text_12: autoDraw = False
7.5260 	EXP 	welcome: text = 'There will be four questions to answer per story.'
7.5260 	EXP 	text_12: text = '(press the space bar to continue)'
7.5260 	EXP 	welcome: autoDraw = True
7.5260 	EXP 	text_12: autoDraw = True
7.6599 	DATA 	Keypress: space
7.6607 	EXP 	New trial (rep=0, index=3): OrderedDict([('instruct_text', 'These questions are determined by the perspective you take during the story. '), ('instruct_text2', None)])
7.6923 	EXP 	welcome: autoDraw = False
7.6923 	EXP 	text_12: autoDraw = False
7.6923 	EXP 	welcome: text = 'These questions are determined by the perspective you take during the story. '
7.6923 	EXP 	text_12: text = '(press the space bar to continue)'
7.6923 	EXP 	welcome: autoDraw = True
7.6923 	EXP 	text_12: autoDraw = True
7.8264 	DATA 	Keypress: space
7.8271 	EXP 	New trial (rep=0, index=4): OrderedDict([('instruct_text', 'The questions will be the same for the stories read with the same perspective. '), ('instruct_text2', None)])
7.8593 	EXP 	welcome: autoDraw = False
7.8593 	EXP 	text_12: autoDraw = False
7.8593 	EXP 	welcome: text = 'The questions will be the same for the stories read with the same perspective. '
7.8593 	EXP 	text_12: text = '(press the space bar to continue)'
7.8593 	EXP 	welcome: autoDraw = True
7.8593 	EXP 	text_12: autoDraw = True
8.0265 	DATA 	Keypress: space
8.0272 	EXP 	New trial (rep=0, index=5): OrderedDict([('instruct_text', 'Before reading the stories, you will learn the questions associated with each career perspective in order to help you answer them. '), ('instruct_text2', None)])
8.0585 	EXP 	welcome: autoDraw = False
8.0585 	EXP 	text_12: autoDraw = False
8.0585 	EXP 	welcome: text = 'Before reading the stories, you will learn the questions associated with each career perspective in order to help you answer them. '
8.0585 	EXP 	text_12: text = '(press the space bar to continue)'
8.0585 	EXP 	welcome: autoDraw = True
8.0585 	EXP 	text_12: autoDraw = True
8.2105 	DATA 	Keypress: space
8.2112 	EXP 	New trial (rep=0, index=6): OrderedDict([('instruct_text', 'You will have to try to learn these questions with a series of pre-task quizzes.'), ('instruct_text2', None)])
8.2424 	EXP 	welcome: autoDraw = False
8.2424 	EXP 	text_12: autoDraw = False
8.2424 	EXP 	welcome: text = 'You will have to try to learn these questions with a series of pre-task quizzes.'
8.2424 	EXP 	text_12: text = '(press the space bar to continue)'
8.2424 	EXP 	welcome: autoDraw = True
8.2424 	EXP 	text_12: autoDraw = True
8.3782 	DATA 	Keypress: space
8.3934 	EXP 	New trial (rep=0, index=7): OrderedDict([('instruct_text', 'Once the story-reading task has begun, remember your answers to the questions for each story.'), ('instruct_text2', None)])
8.4259 	EXP 	welcome: autoDraw = False
8.4259 	EXP 	text_12: autoDraw = False
8.4259 	EXP 	welcome: text = 'Once the story-reading task has begun, remember your answers to the questions for each story.'
8.4259 	EXP 	text_12: text = '(press the space bar to continue)'
8.4259 	EXP 	welcome: autoDraw = True
8.4259 	EXP 	text_12: autoDraw = True
8.5599 	DATA 	Keypress: space
8.5606 	EXP 	New trial (rep=0, index=8): OrderedDict([('instruct_text', 'Again, you will be asked about the answers to these questions for each story at end of the experiment. '), ('instruct_text2', None)])
8.5931 	EXP 	welcome: autoDraw = False
8.5931 	EXP 	text_12: autoDraw = False
8.5931 	EXP 	welcome: text = 'Again, you will be asked about the answers to these questions for each story at end of the experiment. '
8.5931 	EXP 	text_12: text = '(press the space bar to continue)'
8.5931 	EXP 	welcome: autoDraw = True
8.5931 	EXP 	text_12: autoDraw = True
8.7275 	DATA 	Keypress: space
8.7282 	EXP 	New trial (rep=0, index=9): OrderedDict([('instruct_text', 'Press the space bar to begin learning the perspectives and the questions for each one.'), ('instruct_text2', None)])
8.7597 	EXP 	welcome: autoDraw = False
8.7597 	EXP 	text_12: autoDraw = False
8.7597 	EXP 	welcome: text = 'Press the space bar to begin learning the perspectives and the questions for each one.'
8.7597 	EXP 	text_12: text = '(press the space bar to continue)'
8.7597 	EXP 	welcome: autoDraw = True
8.7597 	EXP 	text_12: autoDraw = True
8.9611 	DATA 	Keypress: space
8.9683 	EXP 	Imported whichRole.xlsx as conditions, 8 conditions, 8 params
8.9685 	EXP 	Created sequence: random, trialTypes=8, nReps=1, seed=None
8.9688 	EXP 	New trial (rep=0, index=0): OrderedDict([('Q1', 'What is the grocery store like upon entering?\n'), ('Q2', 'What items do the clients pick out?\n'), ('Q3', 'How is the checkout line and how long do the clients wait in line?\n'), ('Q4', 'How much are the groceries and what method of payment do the clients use?\n'), ('D1', 'How long does it take for the cashier to scan all of the customers’ groceries?'), ('D2', 'What type of grocery bags do the clients use?'), ('roleName', 'Grocery Store Customer Experience Manager\n'), ('rolePic', 'gscem.jpg')])
8.9691 	EXP 	Created sequence: sequential, trialTypes=1, nReps=5, seed=None
8.9692 	EXP 	New trial (rep=0, index=0): None
9.0099 	EXP 	welcome: autoDraw = False
9.0099 	EXP 	text_12: autoDraw = False
9.0099 	EXP 	text_18: text = 'Grocery Store Customer Experience Manager\n'
9.0099 	EXP 	image_9: image = 'gscem.jpg'
9.0099 	EXP 	text_18: autoDraw = True
9.0099 	EXP 	image_9: autoDraw = True
9.1611 	DATA 	Keypress: space
9.2099 	EXP 	text_18: autoDraw = False
9.2099 	EXP 	image_9: autoDraw = False
9.2099 	EXP 	text_8: text = 'A: What is the grocery store like upon entering?\n'
9.2099 	EXP 	text_9: text = 'Grocery Store Customer Experience Manager\n'
9.2099 	EXP 	image_5: image = 'gscem.jpg'
9.2099 	EXP 	text_8: autoDraw = True
9.2099 	EXP 	text_9: autoDraw = True
9.2099 	EXP 	image_5: autoDraw = True
9.5601 	DATA 	Keypress: space
9.6086 	EXP 	text_8: autoDraw = False
9.6086 	EXP 	text_9: autoDraw = False
9.6086 	EXP 	image_5: autoDraw = False
9.6086 	EXP 	text_10: text = 'B: What items do the clients pick out?\n'
9.6086 	EXP 	text_11: text = 'Grocery Store Customer Experience Manager\n'
9.6086 	EXP 	image_6: image = 'gscem.jpg'
9.6086 	EXP 	text_10: autoDraw = True
9.6086 	EXP 	text_11: autoDraw = True
9.6086 	EXP 	image_6: autoDraw = True
9.7278 	DATA 	Keypress: space
9.7752 	EXP 	text_10: autoDraw = False
9.7752 	EXP 	text_11: autoDraw = False
9.7752 	EXP 	image_6: autoDraw = False
9.7752 	EXP 	text_13: text = 'C: How is the checkout line and how long do the clients wait in line?\n'
9.7752 	EXP 	text_14: text = 'Grocery Store Customer Experience Manager\n'
9.7752 	EXP 	image_7: image = 'gscem.jpg'
9.7752 	EXP 	text_13: autoDraw = True
9.7752 	EXP 	text_14: autoDraw = True
9.7752 	EXP 	image_7: autoDraw = True
10.0769 	DATA 	Keypress: space
10.1255 	EXP 	text_13: autoDraw = False
10.1255 	EXP 	text_14: autoDraw = False
10.1255 	EXP 	image_7: autoDraw = False
10.1255 	EXP 	text_15: text = 'D: How much are the groceries and what method of payment do the clients use?\n'
10.1255 	EXP 	text_16: text = 'Grocery Store Customer Experience Manager\n'
10.1255 	EXP 	image_8: image = 'gscem.jpg'
10.1255 	EXP 	text_15: autoDraw = True
10.1255 	EXP 	text_16: autoDraw = True
10.1255 	EXP 	image_8: autoDraw = True
10.4774 	DATA 	Keypress: space
10.4924 	EXP 	text_15: autoDraw = False
10.4924 	EXP 	text_16: autoDraw = False
10.4924 	EXP 	image_8: autoDraw = False
10.4924 	EXP 	text_5: autoDraw = True
10.9441 	DATA 	Keypress: space
10.9502 	EXP 	Created unnamed ImageStim = ImageStim(__class__=<class 'psychopy.visual.image.ImageStim'>, autoLog=True, color=array([1., 1., 1.]), colorSpace='rgb', contrast=1.0, depth=0, flipHoriz=False, flipVert=False, image='checkmark.png', interpolate=False, mask=None, maskParams=None, name='unnamed ImageStim', opacity=1.0, ori=0.0, pos=array([0., 0.]), size=array([0.2703125 , 0.47222222]), texRes=128, units='norm', win=Window(...))
11.0745 	EXP 	Created unnamed ImageStim = ImageStim(__class__=<class 'psychopy.visual.image.ImageStim'>, autoLog=True, color=array([1., 1., 1.]), colorSpace='rgb', contrast=1.0, depth=0, flipHoriz=False, flipVert=False, image='redx.png', interpolate=False, mask=None, maskParams=None, name='unnamed ImageStim', opacity=1.0, ori=0.0, pos=array([0., 0.]), size=array([1.5625    , 2.77777778]), texRes=128, units='norm', win=Window(...))
11.0872 	EXP 	Created unnamed ImageStim = ImageStim(__class__=<class 'psychopy.visual.image.ImageStim'>, autoLog=True, color=array([1., 1., 1.]), colorSpace='rgb', contrast=1.0, depth=0, flipHoriz=False, flipVert=False, image='thumbsup.png', interpolate=False, mask=None, maskParams=None, name='unnamed ImageStim', opacity=1.0, ori=0.0, pos=array([0., 0.]), size=array([0.375 , 0.7125]), texRes=128, units='norm', win=Window(...))
11.1925 	EXP 	text_5: autoDraw = False
11.1925 	EXP 	question1_2: text = '1: How long does it take for the cashier to scan all of the customers’ groceries?'
11.1925 	EXP 	question2_2: text = '2: What type of grocery bags do the clients use?'
11.1925 	EXP 	question3_2: text = '3: What is the grocery store like upon entering?\n'
11.1925 	EXP 	question4_2: text = '4: How much are the groceries and what method of payment do the clients use?\n'
11.1925 	EXP 	question5_2: text = '5: What items do the clients pick out?\n'
11.1925 	EXP 	question6_2: text = '6: How is the checkout line and how long do the clients wait in line?\n'
11.1925 	EXP 	question1_2: autoDraw = True
11.1925 	EXP 	question2_2: autoDraw = True
11.1925 	EXP 	question3_2: autoDraw = True
11.1925 	EXP 	question4_2: autoDraw = True
11.1925 	EXP 	question5_2: autoDraw = True
11.1925 	EXP 	question6_2: autoDraw = True
11.1925 	EXP 	image_3: autoDraw = True
19.7300 	DATA 	Keypress: 3
23.4325 	DATA 	Keypress: 5
23.5971 	WARNING 	Requested image 'bar3.jpeg' not found but similar filename 'bar3.jpg' exists. This will be used instead but changing the filename is advised.
23.6319 	WARNING 	Requested image 'bar3.jpeg' not found but similar filename 'bar3.jpg' exists. This will be used instead but changing the filename is advised.
23.6644 	WARNING 	Requested image 'bar3.jpeg' not found but similar filename 'bar3.jpg' exists. This will be used instead but changing the filename is advised.
23.6984 	WARNING 	Requested image 'bar3.jpeg' not found but similar filename 'bar3.jpg' exists. This will be used instead but changing the filename is advised.
23.7313 	WARNING 	Requested image 'bar3.jpeg' not found but similar filename 'bar3.jpg' exists. This will be used instead but changing the filename is advised.
23.7654 	WARNING 	Requested image 'bar3.jpeg' not found but similar filename 'bar3.jpg' exists. This will be used instead but changing the filename is advised.
23.7979 	WARNING 	Requested image 'bar3.jpeg' not found but similar filename 'bar3.jpg' exists. This will be used instead but changing the filename is advised.
23.8321 	WARNING 	Requested image 'bar3.jpeg' not found but similar filename 'bar3.jpg' exists. This will be used instead but changing the filename is advised.
23.8647 	WARNING 	Requested image 'bar3.jpeg' not found but similar filename 'bar3.jpg' exists. This will be used instead but changing the filename is advised.
23.8987 	WARNING 	Requested image 'bar3.jpeg' not found but similar filename 'bar3.jpg' exists. This will be used instead but changing the filename is advised.
23.9321 	WARNING 	Requested image 'bar3.jpeg' not found but similar filename 'bar3.jpg' exists. This will be used instead but changing the filename is advised.
23.9653 	WARNING 	Requested image 'bar3.jpeg' not found but similar filename 'bar3.jpg' exists. This will be used instead but changing the filename is advised.
23.9985 	WARNING 	Requested image 'bar3.jpeg' not found but similar filename 'bar3.jpg' exists. This will be used instead but changing the filename is advised.
24.0322 	WARNING 	Requested image 'bar3.jpeg' not found but similar filename 'bar3.jpg' exists. This will be used instead but changing the filename is advised.
24.0653 	WARNING 	Requested image 'bar3.jpeg' not found but similar filename 'bar3.jpg' exists. This will be used instead but changing the filename is advised.
24.0979 	WARNING 	Requested image 'bar3.jpeg' not found but similar filename 'bar3.jpg' exists. This will be used instead but changing the filename is advised.
24.1312 	WARNING 	Requested image 'bar3.jpeg' not found but similar filename 'bar3.jpg' exists. This will be used instead but changing the filename is advised.
24.1647 	WARNING 	Requested image 'bar3.jpeg' not found but similar filename 'bar3.jpg' exists. This will be used instead but changing the filename is advised.
24.1986 	WARNING 	Requested image 'bar3.jpeg' not found but similar filename 'bar3.jpg' exists. This will be used instead but changing the filename is advised.
24.2324 	WARNING 	Requested image 'bar3.jpeg' not found but similar filename 'bar3.jpg' exists. This will be used instead but changing the filename is advised.
24.2652 	WARNING 	Requested image 'bar3.jpeg' not found but similar filename 'bar3.jpg' exists. This will be used instead but changing the filename is advised.
24.2988 	WARNING 	Requested image 'bar3.jpeg' not found but similar filename 'bar3.jpg' exists. This will be used instead but changing the filename is advised.
24.3313 	WARNING 	Requested image 'bar3.jpeg' not found but similar filename 'bar3.jpg' exists. This will be used instead but changing the filename is advised.
24.3655 	WARNING 	Requested image 'bar3.jpeg' not found but similar filename 'bar3.jpg' exists. This will be used instead but changing the filename is advised.
24.3985 	WARNING 	Requested image 'bar3.jpeg' not found but similar filename 'bar3.jpg' exists. This will be used instead but changing the filename is advised.
24.4324 	WARNING 	Requested image 'bar3.jpeg' not found but similar filename 'bar3.jpg' exists. This will be used instead but changing the filename is advised.
24.4650 	WARNING 	Requested image 'bar3.jpeg' not found but similar filename 'bar3.jpg' exists. This will be used instead but changing the filename is advised.
24.4989 	WARNING 	Requested image 'bar3.jpeg' not found but similar filename 'bar3.jpg' exists. This will be used instead but changing the filename is advised.
24.5314 	WARNING 	Requested image 'bar3.jpeg' not found but similar filename 'bar3.jpg' exists. This will be used instead but changing the filename is advised.
24.5650 	WARNING 	Requested image 'bar3.jpeg' not found but similar filename 'bar3.jpg' exists. This will be used instead but changing the filename is advised.
24.5985 	WARNING 	Requested image 'bar3.jpeg' not found but similar filename 'bar3.jpg' exists. This will be used instead but changing the filename is advised.
24.6322 	WARNING 	Requested image 'bar3.jpeg' not found but similar filename 'bar3.jpg' exists. This will be used instead but changing the filename is advised.
24.6651 	WARNING 	Requested image 'bar3.jpeg' not found but similar filename 'bar3.jpg' exists. This will be used instead but changing the filename is advised.
24.6988 	WARNING 	Requested image 'bar3.jpeg' not found but similar filename 'bar3.jpg' exists. This will be used instead but changing the filename is advised.
24.7312 	WARNING 	Requested image 'bar3.jpeg' not found but similar filename 'bar3.jpg' exists. This will be used instead but changing the filename is advised.
24.7654 	WARNING 	Requested image 'bar3.jpeg' not found but similar filename 'bar3.jpg' exists. This will be used instead but changing the filename is advised.
24.7976 	WARNING 	Requested image 'bar3.jpeg' not found but similar filename 'bar3.jpg' exists. This will be used instead but changing the filename is advised.
24.8309 	WARNING 	Requested image 'bar3.jpeg' not found but similar filename 'bar3.jpg' exists. This will be used instead but changing the filename is advised.
24.8643 	WARNING 	Requested image 'bar3.jpeg' not found but similar filename 'bar3.jpg' exists. This will be used instead but changing the filename is advised.
24.8979 	WARNING 	Requested image 'bar3.jpeg' not found but similar filename 'bar3.jpg' exists. This will be used instead but changing the filename is advised.
24.9313 	WARNING 	Requested image 'bar3.jpeg' not found but similar filename 'bar3.jpg' exists. This will be used instead but changing the filename is advised.
24.9653 	WARNING 	Requested image 'bar3.jpeg' not found but similar filename 'bar3.jpg' exists. This will be used instead but changing the filename is advised.
24.9976 	WARNING 	Requested image 'bar3.jpeg' not found but similar filename 'bar3.jpg' exists. This will be used instead but changing the filename is advised.
25.0310 	WARNING 	Requested image 'bar3.jpeg' not found but similar filename 'bar3.jpg' exists. This will be used instead but changing the filename is advised.
25.0654 	WARNING 	Requested image 'bar3.jpeg' not found but similar filename 'bar3.jpg' exists. This will be used instead but changing the filename is advised.
25.0977 	WARNING 	Requested image 'bar3.jpeg' not found but similar filename 'bar3.jpg' exists. This will be used instead but changing the filename is advised.
25.1310 	WARNING 	Requested image 'bar3.jpeg' not found but similar filename 'bar3.jpg' exists. This will be used instead but changing the filename is advised.
25.1648 	WARNING 	Requested image 'bar3.jpeg' not found but similar filename 'bar3.jpg' exists. This will be used instead but changing the filename is advised.
25.1981 	WARNING 	Requested image 'bar3.jpeg' not found but similar filename 'bar3.jpg' exists. This will be used instead but changing the filename is advised.
25.2312 	WARNING 	Requested image 'bar3.jpeg' not found but similar filename 'bar3.jpg' exists. This will be used instead but changing the filename is advised.
25.2644 	WARNING 	Requested image 'bar3.jpeg' not found but similar filename 'bar3.jpg' exists. This will be used instead but changing the filename is advised.
25.2978 	WARNING 	Requested image 'bar3.jpeg' not found but similar filename 'bar3.jpg' exists. This will be used instead but changing the filename is advised.
25.3311 	WARNING 	Requested image 'bar3.jpeg' not found but similar filename 'bar3.jpg' exists. This will be used instead but changing the filename is advised.
25.3645 	WARNING 	Requested image 'bar3.jpeg' not found but similar filename 'bar3.jpg' exists. This will be used instead but changing the filename is advised.
25.3980 	WARNING 	Requested image 'bar3.jpeg' not found but similar filename 'bar3.jpg' exists. This will be used instead but changing the filename is advised.
25.4327 	DATA 	Keypress: 6
32.3670 	DATA 	Keypress: 4
32.5331 	WARNING 	Requested image 'bar5.jpeg' not found but similar filename 'bar5.jpg' exists. This will be used instead but changing the filename is advised.
34.0859 	WARNING 	Requested image 'bar5.jpeg' not found but similar filename 'bar5.jpg' exists. This will be used instead but changing the filename is advised.
34.1052 	EXP 	New trial (rep=0, index=1): OrderedDict([('Q1', 'How does the person who proposed feel before proposing?\n'), ('Q2', 'What is the ring like?\n'), ('Q3', 'Does anyone besides the person proposing help with the proposal?\n'), ('Q4', 'Who witnessed the “yes”?\n'), ('D1', 'Is anyone taking pictures of the proposal?'), ('D2', 'How long does the proposal take?'), ('roleName', 'Wedding Planner'), ('rolePic', 'weddingplanner.jpg')])
34.1055 	EXP 	Created sequence: sequential, trialTypes=1, nReps=5, seed=None
34.1057 	EXP 	New trial (rep=0, index=0): None
34.1475 	EXP 	question1_2: autoDraw = False
34.1475 	EXP 	question2_2: autoDraw = False
34.1475 	EXP 	question3_2: autoDraw = False
34.1475 	EXP 	question4_2: autoDraw = False
34.1475 	EXP 	question5_2: autoDraw = False
34.1475 	EXP 	question6_2: autoDraw = False
34.1475 	EXP 	image_3: autoDraw = False
34.1475 	EXP 	text_18: text = 'Wedding Planner'
34.1475 	EXP 	image_9: image = 'weddingplanner.jpg'
34.1475 	EXP 	text_18: autoDraw = True
34.1475 	EXP 	image_9: autoDraw = True
35.9187 	DATA 	Keypress: space
35.9672 	EXP 	text_18: autoDraw = False
35.9672 	EXP 	image_9: autoDraw = False
35.9672 	EXP 	text_8: text = 'A: How does the person who proposed feel before proposing?\n'
35.9672 	EXP 	text_9: text = 'Wedding Planner'
35.9672 	EXP 	image_5: image = 'weddingplanner.jpg'
35.9672 	EXP 	text_8: autoDraw = True
35.9672 	EXP 	text_9: autoDraw = True
35.9672 	EXP 	image_5: autoDraw = True
36.1019 	DATA 	Keypress: space
36.1337 	EXP 	text_8: autoDraw = False
36.1337 	EXP 	text_9: autoDraw = False
36.1337 	EXP 	image_5: autoDraw = False
36.1337 	EXP 	text_10: text = 'B: What is the ring like?\n'
36.1337 	EXP 	text_11: text = 'Wedding Planner'
36.1337 	EXP 	image_6: image = 'weddingplanner.jpg'
36.1337 	EXP 	text_10: autoDraw = True
36.1337 	EXP 	text_11: autoDraw = True
36.1337 	EXP 	image_6: autoDraw = True
36.2687 	DATA 	Keypress: space
36.3171 	EXP 	text_10: autoDraw = False
36.3171 	EXP 	text_11: autoDraw = False
36.3171 	EXP 	image_6: autoDraw = False
36.3171 	EXP 	text_13: text = 'C: Does anyone besides the person proposing help with the proposal?\n'
36.3171 	EXP 	text_14: text = 'Wedding Planner'
36.3171 	EXP 	image_7: image = 'weddingplanner.jpg'
36.3171 	EXP 	text_13: autoDraw = True
36.3171 	EXP 	text_14: autoDraw = True
36.3171 	EXP 	image_7: autoDraw = True
36.4358 	DATA 	Keypress: space
36.4838 	EXP 	text_13: autoDraw = False
36.4838 	EXP 	text_14: autoDraw = False
36.4838 	EXP 	image_7: autoDraw = False
36.4838 	EXP 	text_15: text = 'D: Who witnessed the “yes”?\n'
36.4838 	EXP 	text_16: text = 'Wedding Planner'
36.4838 	EXP 	image_8: image = 'weddingplanner.jpg'
36.4838 	EXP 	text_15: autoDraw = True
36.4838 	EXP 	text_16: autoDraw = True
36.4838 	EXP 	image_8: autoDraw = True
36.6014 	DATA 	Keypress: space
36.6177 	EXP 	text_15: autoDraw = False
36.6177 	EXP 	text_16: autoDraw = False
36.6177 	EXP 	image_8: autoDraw = False
36.6177 	EXP 	text_5: autoDraw = True
36.7359 	DATA 	Keypress: space
36.7411 	EXP 	Created unnamed ImageStim = ImageStim(__class__=<class 'psychopy.visual.image.ImageStim'>, autoLog=True, color=array([1., 1., 1.]), colorSpace='rgb', contrast=1.0, depth=0, flipHoriz=False, flipVert=False, image='checkmark.png', interpolate=False, mask=None, maskParams=None, name='unnamed ImageStim', opacity=1.0, ori=0.0, pos=array([0., 0.]), size=array([0.2703125 , 0.47222222]), texRes=128, units='norm', win=Window(...))
36.8502 	EXP 	Created unnamed ImageStim = ImageStim(__class__=<class 'psychopy.visual.image.ImageStim'>, autoLog=True, color=array([1., 1., 1.]), colorSpace='rgb', contrast=1.0, depth=0, flipHoriz=False, flipVert=False, image='redx.png', interpolate=False, mask=None, maskParams=None, name='unnamed ImageStim', opacity=1.0, ori=0.0, pos=array([0., 0.]), size=array([1.5625    , 2.77777778]), texRes=128, units='norm', win=Window(...))
36.8621 	EXP 	Created unnamed ImageStim = ImageStim(__class__=<class 'psychopy.visual.image.ImageStim'>, autoLog=True, color=array([1., 1., 1.]), colorSpace='rgb', contrast=1.0, depth=0, flipHoriz=False, flipVert=False, image='thumbsup.png', interpolate=False, mask=None, maskParams=None, name='unnamed ImageStim', opacity=1.0, ori=0.0, pos=array([0., 0.]), size=array([0.375 , 0.7125]), texRes=128, units='norm', win=Window(...))
36.9264 	DATA 	Keypress: space
36.9504 	EXP 	text_5: autoDraw = False
36.9504 	EXP 	question1_2: text = '1: How does the person who proposed feel before proposing?\n'
36.9504 	EXP 	question2_2: text = '2: Does anyone besides the person proposing help with the proposal?\n'
36.9504 	EXP 	question3_2: text = '3: Is anyone taking pictures of the proposal?'
36.9504 	EXP 	question4_2: text = '4: How long does the proposal take?'
36.9504 	EXP 	question5_2: text = '5: Who witnessed the “yes”?\n'
36.9504 	EXP 	question6_2: text = '6: What is the ring like?\n'
36.9504 	EXP 	question1_2: autoDraw = True
36.9504 	EXP 	question2_2: autoDraw = True
36.9504 	EXP 	question3_2: autoDraw = True
36.9504 	EXP 	question4_2: autoDraw = True
36.9504 	EXP 	question5_2: autoDraw = True
36.9504 	EXP 	question6_2: autoDraw = True
36.9504 	EXP 	image_3: autoDraw = True
37.1038 	DATA 	Keypress: space
41.3534 	DATA 	Keypress: 1
44.2890 	DATA 	Keypress: 6
44.4542 	WARNING 	Requested image 'bar3.jpeg' not found but similar filename 'bar3.jpg' exists. This will be used instead but changing the filename is advised.
44.4881 	WARNING 	Requested image 'bar3.jpeg' not found but similar filename 'bar3.jpg' exists. This will be used instead but changing the filename is advised.
44.5212 	WARNING 	Requested image 'bar3.jpeg' not found but similar filename 'bar3.jpg' exists. This will be used instead but changing the filename is advised.
44.5542 	WARNING 	Requested image 'bar3.jpeg' not found but similar filename 'bar3.jpg' exists. This will be used instead but changing the filename is advised.
44.5887 	WARNING 	Requested image 'bar3.jpeg' not found but similar filename 'bar3.jpg' exists. This will be used instead but changing the filename is advised.
44.6220 	WARNING 	Requested image 'bar3.jpeg' not found but similar filename 'bar3.jpg' exists. This will be used instead but changing the filename is advised.
44.6540 	WARNING 	Requested image 'bar3.jpeg' not found but similar filename 'bar3.jpg' exists. This will be used instead but changing the filename is advised.
44.6887 	WARNING 	Requested image 'bar3.jpeg' not found but similar filename 'bar3.jpg' exists. This will be used instead but changing the filename is advised.
44.7215 	WARNING 	Requested image 'bar3.jpeg' not found but similar filename 'bar3.jpg' exists. This will be used instead but changing the filename is advised.
44.7541 	WARNING 	Requested image 'bar3.jpeg' not found but similar filename 'bar3.jpg' exists. This will be used instead but changing the filename is advised.
44.7885 	WARNING 	Requested image 'bar3.jpeg' not found but similar filename 'bar3.jpg' exists. This will be used instead but changing the filename is advised.
44.8209 	WARNING 	Requested image 'bar3.jpeg' not found but similar filename 'bar3.jpg' exists. This will be used instead but changing the filename is advised.
44.8542 	WARNING 	Requested image 'bar3.jpeg' not found but similar filename 'bar3.jpg' exists. This will be used instead but changing the filename is advised.
44.8875 	WARNING 	Requested image 'bar3.jpeg' not found but similar filename 'bar3.jpg' exists. This will be used instead but changing the filename is advised.
44.9221 	WARNING 	Requested image 'bar3.jpeg' not found but similar filename 'bar3.jpg' exists. This will be used instead but changing the filename is advised.
44.9540 	WARNING 	Requested image 'bar3.jpeg' not found but similar filename 'bar3.jpg' exists. This will be used instead but changing the filename is advised.
44.9877 	WARNING 	Requested image 'bar3.jpeg' not found but similar filename 'bar3.jpg' exists. This will be used instead but changing the filename is advised.
45.0217 	WARNING 	Requested image 'bar3.jpeg' not found but similar filename 'bar3.jpg' exists. This will be used instead but changing the filename is advised.
45.0554 	WARNING 	Requested image 'bar3.jpeg' not found but similar filename 'bar3.jpg' exists. This will be used instead but changing the filename is advised.
45.0878 	WARNING 	Requested image 'bar3.jpeg' not found but similar filename 'bar3.jpg' exists. This will be used instead but changing the filename is advised.
45.1219 	WARNING 	Requested image 'bar3.jpeg' not found but similar filename 'bar3.jpg' exists. This will be used instead but changing the filename is advised.
45.1553 	WARNING 	Requested image 'bar3.jpeg' not found but similar filename 'bar3.jpg' exists. This will be used instead but changing the filename is advised.
45.1882 	WARNING 	Requested image 'bar3.jpeg' not found but similar filename 'bar3.jpg' exists. This will be used instead but changing the filename is advised.
45.2208 	WARNING 	Requested image 'bar3.jpeg' not found but similar filename 'bar3.jpg' exists. This will be used instead but changing the filename is advised.
45.2543 	WARNING 	Requested image 'bar3.jpeg' not found but similar filename 'bar3.jpg' exists. This will be used instead but changing the filename is advised.
45.2885 	WARNING 	Requested image 'bar3.jpeg' not found but similar filename 'bar3.jpg' exists. This will be used instead but changing the filename is advised.
45.3211 	WARNING 	Requested image 'bar3.jpeg' not found but similar filename 'bar3.jpg' exists. This will be used instead but changing the filename is advised.
45.3557 	WARNING 	Requested image 'bar3.jpeg' not found but similar filename 'bar3.jpg' exists. This will be used instead but changing the filename is advised.
45.3887 	WARNING 	Requested image 'bar3.jpeg' not found but similar filename 'bar3.jpg' exists. This will be used instead but changing the filename is advised.
45.4211 	WARNING 	Requested image 'bar3.jpeg' not found but similar filename 'bar3.jpg' exists. This will be used instead but changing the filename is advised.
45.4543 	WARNING 	Requested image 'bar3.jpeg' not found but similar filename 'bar3.jpg' exists. This will be used instead but changing the filename is advised.
45.4884 	WARNING 	Requested image 'bar3.jpeg' not found but similar filename 'bar3.jpg' exists. This will be used instead but changing the filename is advised.
45.5211 	WARNING 	Requested image 'bar3.jpeg' not found but similar filename 'bar3.jpg' exists. This will be used instead but changing the filename is advised.
45.5551 	WARNING 	Requested image 'bar3.jpeg' not found but similar filename 'bar3.jpg' exists. This will be used instead but changing the filename is advised.
45.5881 	WARNING 	Requested image 'bar3.jpeg' not found but similar filename 'bar3.jpg' exists. This will be used instead but changing the filename is advised.
45.6213 	WARNING 	Requested image 'bar3.jpeg' not found but similar filename 'bar3.jpg' exists. This will be used instead but changing the filename is advised.
45.6541 	WARNING 	Requested image 'bar3.jpeg' not found but similar filename 'bar3.jpg' exists. This will be used instead but changing the filename is advised.
45.6883 	WARNING 	Requested image 'bar3.jpeg' not found but similar filename 'bar3.jpg' exists. This will be used instead but changing the filename is advised.
45.7211 	WARNING 	Requested image 'bar3.jpeg' not found but similar filename 'bar3.jpg' exists. This will be used instead but changing the filename is advised.
45.7551 	WARNING 	Requested image 'bar3.jpeg' not found but similar filename 'bar3.jpg' exists. This will be used instead but changing the filename is advised.
45.7888 	WARNING 	Requested image 'bar3.jpeg' not found but similar filename 'bar3.jpg' exists. This will be used instead but changing the filename is advised.
45.8209 	WARNING 	Requested image 'bar3.jpeg' not found but similar filename 'bar3.jpg' exists. This will be used instead but changing the filename is advised.
45.8543 	WARNING 	Requested image 'bar3.jpeg' not found but similar filename 'bar3.jpg' exists. This will be used instead but changing the filename is advised.
45.8882 	WARNING 	Requested image 'bar3.jpeg' not found but similar filename 'bar3.jpg' exists. This will be used instead but changing the filename is advised.
45.9215 	WARNING 	Requested image 'bar3.jpeg' not found but similar filename 'bar3.jpg' exists. This will be used instead but changing the filename is advised.
45.9547 	WARNING 	Requested image 'bar3.jpeg' not found but similar filename 'bar3.jpg' exists. This will be used instead but changing the filename is advised.
45.9879 	WARNING 	Requested image 'bar3.jpeg' not found but similar filename 'bar3.jpg' exists. This will be used instead but changing the filename is advised.
46.0215 	WARNING 	Requested image 'bar3.jpeg' not found but similar filename 'bar3.jpg' exists. This will be used instead but changing the filename is advised.
46.0716 	WARNING 	Requested image 'bar3.jpeg' not found but similar filename 'bar3.jpg' exists. This will be used instead but changing the filename is advised.
46.1045 	WARNING 	Requested image 'bar3.jpeg' not found but similar filename 'bar3.jpg' exists. This will be used instead but changing the filename is advised.
46.1375 	WARNING 	Requested image 'bar3.jpeg' not found but similar filename 'bar3.jpg' exists. This will be used instead but changing the filename is advised.
46.1717 	WARNING 	Requested image 'bar3.jpeg' not found but similar filename 'bar3.jpg' exists. This will be used instead but changing the filename is advised.
46.2042 	WARNING 	Requested image 'bar3.jpeg' not found but similar filename 'bar3.jpg' exists. This will be used instead but changing the filename is advised.
46.2384 	WARNING 	Requested image 'bar3.jpeg' not found but similar filename 'bar3.jpg' exists. This will be used instead but changing the filename is advised.
46.2719 	WARNING 	Requested image 'bar3.jpeg' not found but similar filename 'bar3.jpg' exists. This will be used instead but changing the filename is advised.
46.3051 	WARNING 	Requested image 'bar3.jpeg' not found but similar filename 'bar3.jpg' exists. This will be used instead but changing the filename is advised.
46.3372 	WARNING 	Requested image 'bar3.jpeg' not found but similar filename 'bar3.jpg' exists. This will be used instead but changing the filename is advised.
46.3710 	WARNING 	Requested image 'bar3.jpeg' not found but similar filename 'bar3.jpg' exists. This will be used instead but changing the filename is advised.
46.4041 	WARNING 	Requested image 'bar3.jpeg' not found but similar filename 'bar3.jpg' exists. This will be used instead but changing the filename is advised.
46.4384 	WARNING 	Requested image 'bar3.jpeg' not found but similar filename 'bar3.jpg' exists. This will be used instead but changing the filename is advised.
46.4716 	WARNING 	Requested image 'bar3.jpeg' not found but similar filename 'bar3.jpg' exists. This will be used instead but changing the filename is advised.
46.5046 	WARNING 	Requested image 'bar3.jpeg' not found but similar filename 'bar3.jpg' exists. This will be used instead but changing the filename is advised.
46.5377 	WARNING 	Requested image 'bar3.jpeg' not found but similar filename 'bar3.jpg' exists. This will be used instead but changing the filename is advised.
46.5718 	WARNING 	Requested image 'bar3.jpeg' not found but similar filename 'bar3.jpg' exists. This will be used instead but changing the filename is advised.
46.6050 	WARNING 	Requested image 'bar3.jpeg' not found but similar filename 'bar3.jpg' exists. This will be used instead but changing the filename is advised.
46.6377 	WARNING 	Requested image 'bar3.jpeg' not found but similar filename 'bar3.jpg' exists. This will be used instead but changing the filename is advised.
46.6718 	WARNING 	Requested image 'bar3.jpeg' not found but similar filename 'bar3.jpg' exists. This will be used instead but changing the filename is advised.
46.7047 	WARNING 	Requested image 'bar3.jpeg' not found but similar filename 'bar3.jpg' exists. This will be used instead but changing the filename is advised.
46.7383 	WARNING 	Requested image 'bar3.jpeg' not found but similar filename 'bar3.jpg' exists. This will be used instead but changing the filename is advised.
46.7711 	WARNING 	Requested image 'bar3.jpeg' not found but similar filename 'bar3.jpg' exists. This will be used instead but changing the filename is advised.
46.8048 	WARNING 	Requested image 'bar3.jpeg' not found but similar filename 'bar3.jpg' exists. This will be used instead but changing the filename is advised.
46.8381 	WARNING 	Requested image 'bar3.jpeg' not found but similar filename 'bar3.jpg' exists. This will be used instead but changing the filename is advised.
46.8713 	WARNING 	Requested image 'bar3.jpeg' not found but similar filename 'bar3.jpg' exists. This will be used instead but changing the filename is advised.
46.9046 	WARNING 	Requested image 'bar3.jpeg' not found but similar filename 'bar3.jpg' exists. This will be used instead but changing the filename is advised.
46.9384 	WARNING 	Requested image 'bar3.jpeg' not found but similar filename 'bar3.jpg' exists. This will be used instead but changing the filename is advised.
46.9708 	WARNING 	Requested image 'bar3.jpeg' not found but similar filename 'bar3.jpg' exists. This will be used instead but changing the filename is advised.
47.0051 	WARNING 	Requested image 'bar3.jpeg' not found but similar filename 'bar3.jpg' exists. This will be used instead but changing the filename is advised.
47.0380 	WARNING 	Requested image 'bar3.jpeg' not found but similar filename 'bar3.jpg' exists. This will be used instead but changing the filename is advised.
47.0716 	WARNING 	Requested image 'bar3.jpeg' not found but similar filename 'bar3.jpg' exists. This will be used instead but changing the filename is advised.
47.1050 	WARNING 	Requested image 'bar3.jpeg' not found but similar filename 'bar3.jpg' exists. This will be used instead but changing the filename is advised.
47.1376 	WARNING 	Requested image 'bar3.jpeg' not found but similar filename 'bar3.jpg' exists. This will be used instead but changing the filename is advised.
47.1711 	WARNING 	Requested image 'bar3.jpeg' not found but similar filename 'bar3.jpg' exists. This will be used instead but changing the filename is advised.
47.2046 	WARNING 	Requested image 'bar3.jpeg' not found but similar filename 'bar3.jpg' exists. This will be used instead but changing the filename is advised.
47.2384 	WARNING 	Requested image 'bar3.jpeg' not found but similar filename 'bar3.jpg' exists. This will be used instead but changing the filename is advised.
47.2719 	WARNING 	Requested image 'bar3.jpeg' not found but similar filename 'bar3.jpg' exists. This will be used instead but changing the filename is advised.
47.3048 	WARNING 	Requested image 'bar3.jpeg' not found but similar filename 'bar3.jpg' exists. This will be used instead but changing the filename is advised.
47.3378 	WARNING 	Requested image 'bar3.jpeg' not found but similar filename 'bar3.jpg' exists. This will be used instead but changing the filename is advised.
47.3717 	WARNING 	Requested image 'bar3.jpeg' not found but similar filename 'bar3.jpg' exists. This will be used instead but changing the filename is advised.
47.4047 	WARNING 	Requested image 'bar3.jpeg' not found but similar filename 'bar3.jpg' exists. This will be used instead but changing the filename is advised.
47.4378 	WARNING 	Requested image 'bar3.jpeg' not found but similar filename 'bar3.jpg' exists. This will be used instead but changing the filename is advised.
47.4710 	WARNING 	Requested image 'bar3.jpeg' not found but similar filename 'bar3.jpg' exists. This will be used instead but changing the filename is advised.
47.5068 	WARNING 	Requested image 'bar3.jpeg' not found but similar filename 'bar3.jpg' exists. This will be used instead but changing the filename is advised.
47.5398 	WARNING 	Requested image 'bar3.jpeg' not found but similar filename 'bar3.jpg' exists. This will be used instead but changing the filename is advised.
47.5730 	WARNING 	Requested image 'bar3.jpeg' not found but similar filename 'bar3.jpg' exists. This will be used instead but changing the filename is advised.
47.6062 	WARNING 	Requested image 'bar3.jpeg' not found but similar filename 'bar3.jpg' exists. This will be used instead but changing the filename is advised.
47.6390 	WARNING 	Requested image 'bar3.jpeg' not found but similar filename 'bar3.jpg' exists. This will be used instead but changing the filename is advised.
47.6721 	WARNING 	Requested image 'bar3.jpeg' not found but similar filename 'bar3.jpg' exists. This will be used instead but changing the filename is advised.
47.7063 	WARNING 	Requested image 'bar3.jpeg' not found but similar filename 'bar3.jpg' exists. This will be used instead but changing the filename is advised.
47.7395 	WARNING 	Requested image 'bar3.jpeg' not found but similar filename 'bar3.jpg' exists. This will be used instead but changing the filename is advised.
47.7728 	WARNING 	Requested image 'bar3.jpeg' not found but similar filename 'bar3.jpg' exists. This will be used instead but changing the filename is advised.
47.8051 	WARNING 	Requested image 'bar3.jpeg' not found but similar filename 'bar3.jpg' exists. This will be used instead but changing the filename is advised.
47.8393 	WARNING 	Requested image 'bar3.jpeg' not found but similar filename 'bar3.jpg' exists. This will be used instead but changing the filename is advised.
47.8727 	WARNING 	Requested image 'bar3.jpeg' not found but similar filename 'bar3.jpg' exists. This will be used instead but changing the filename is advised.
47.9058 	WARNING 	Requested image 'bar3.jpeg' not found but similar filename 'bar3.jpg' exists. This will be used instead but changing the filename is advised.
47.9385 	WARNING 	Requested image 'bar3.jpeg' not found but similar filename 'bar3.jpg' exists. This will be used instead but changing the filename is advised.
47.9727 	WARNING 	Requested image 'bar3.jpeg' not found but similar filename 'bar3.jpg' exists. This will be used instead but changing the filename is advised.
48.0062 	WARNING 	Requested image 'bar3.jpeg' not found but similar filename 'bar3.jpg' exists. This will be used instead but changing the filename is advised.
48.0394 	WARNING 	Requested image 'bar3.jpeg' not found but similar filename 'bar3.jpg' exists. This will be used instead but changing the filename is advised.
48.0727 	WARNING 	Requested image 'bar3.jpeg' not found but similar filename 'bar3.jpg' exists. This will be used instead but changing the filename is advised.
48.1059 	WARNING 	Requested image 'bar3.jpeg' not found but similar filename 'bar3.jpg' exists. This will be used instead but changing the filename is advised.
48.1385 	WARNING 	Requested image 'bar3.jpeg' not found but similar filename 'bar3.jpg' exists. This will be used instead but changing the filename is advised.
48.1728 	WARNING 	Requested image 'bar3.jpeg' not found but similar filename 'bar3.jpg' exists. This will be used instead but changing the filename is advised.
48.2059 	WARNING 	Requested image 'bar3.jpeg' not found but similar filename 'bar3.jpg' exists. This will be used instead but changing the filename is advised.
48.2388 	WARNING 	Requested image 'bar3.jpeg' not found but similar filename 'bar3.jpg' exists. This will be used instead but changing the filename is advised.
48.2722 	WARNING 	Requested image 'bar3.jpeg' not found but similar filename 'bar3.jpg' exists. This will be used instead but changing the filename is advised.
48.3053 	WARNING 	Requested image 'bar3.jpeg' not found but similar filename 'bar3.jpg' exists. This will be used instead but changing the filename is advised.
48.3393 	WARNING 	Requested image 'bar3.jpeg' not found but similar filename 'bar3.jpg' exists. This will be used instead but changing the filename is advised.
48.3729 	WARNING 	Requested image 'bar3.jpeg' not found but similar filename 'bar3.jpg' exists. This will be used instead but changing the filename is advised.
48.4060 	WARNING 	Requested image 'bar3.jpeg' not found but similar filename 'bar3.jpg' exists. This will be used instead but changing the filename is advised.
48.4390 	WARNING 	Requested image 'bar3.jpeg' not found but similar filename 'bar3.jpg' exists. This will be used instead but changing the filename is advised.
48.4720 	WARNING 	Requested image 'bar3.jpeg' not found but similar filename 'bar3.jpg' exists. This will be used instead but changing the filename is advised.
48.5064 	WARNING 	Requested image 'bar3.jpeg' not found but similar filename 'bar3.jpg' exists. This will be used instead but changing the filename is advised.
48.5393 	WARNING 	Requested image 'bar3.jpeg' not found but similar filename 'bar3.jpg' exists. This will be used instead but changing the filename is advised.
48.5732 	WARNING 	Requested image 'bar3.jpeg' not found but similar filename 'bar3.jpg' exists. This will be used instead but changing the filename is advised.
48.6054 	WARNING 	Requested image 'bar3.jpeg' not found but similar filename 'bar3.jpg' exists. This will be used instead but changing the filename is advised.
48.6388 	WARNING 	Requested image 'bar3.jpeg' not found but similar filename 'bar3.jpg' exists. This will be used instead but changing the filename is advised.
48.6721 	WARNING 	Requested image 'bar3.jpeg' not found but similar filename 'bar3.jpg' exists. This will be used instead but changing the filename is advised.
48.7061 	WARNING 	Requested image 'bar3.jpeg' not found but similar filename 'bar3.jpg' exists. This will be used instead but changing the filename is advised.
48.7391 	WARNING 	Requested image 'bar3.jpeg' not found but similar filename 'bar3.jpg' exists. This will be used instead but changing the filename is advised.
48.7728 	WARNING 	Requested image 'bar3.jpeg' not found but similar filename 'bar3.jpg' exists. This will be used instead but changing the filename is advised.
48.8061 	WARNING 	Requested image 'bar3.jpeg' not found but similar filename 'bar3.jpg' exists. This will be used instead but changing the filename is advised.
48.8391 	WARNING 	Requested image 'bar3.jpeg' not found but similar filename 'bar3.jpg' exists. This will be used instead but changing the filename is advised.
48.8721 	WARNING 	Requested image 'bar3.jpeg' not found but similar filename 'bar3.jpg' exists. This will be used instead but changing the filename is advised.
48.9060 	WARNING 	Requested image 'bar3.jpeg' not found but similar filename 'bar3.jpg' exists. This will be used instead but changing the filename is advised.
48.9265 	DATA 	Keypress: 2
51.5929 	DATA 	Keypress: 5
51.7722 	WARNING 	Requested image 'bar5.jpeg' not found but similar filename 'bar5.jpg' exists. This will be used instead but changing the filename is advised.
53.3235 	WARNING 	Requested image 'bar5.jpeg' not found but similar filename 'bar5.jpg' exists. This will be used instead but changing the filename is advised.
53.3432 	EXP 	New trial (rep=0, index=2): OrderedDict([('Q1', 'How does the person who is initiating the breakup feel before they do it?\n'), ('Q2', 'Why does the initiator want to break up?\n'), ('Q3', 'How does the person being broken up with respond?\n'), ('Q4', 'Do the partners leave on good terms?'), ('D1', 'Does the person being broken up with expect that this is coming?'), ('D2', 'For how long has the initiator been wanting to break up?'), ('roleName', 'Couples Therapist\n'), ('rolePic', 'couples.jpeg')])
53.3435 	EXP 	Created sequence: sequential, trialTypes=1, nReps=5, seed=None
53.3437 	EXP 	New trial (rep=0, index=0): None
53.3481 	WARNING 	Requested image 'couples.jpeg' not found but similar filename 'couples.jpg' exists. This will be used instead but changing the filename is advised.
53.3729 	EXP 	question1_2: autoDraw = False
53.3729 	EXP 	question2_2: autoDraw = False
53.3729 	EXP 	question3_2: autoDraw = False
53.3729 	EXP 	question4_2: autoDraw = False
53.3729 	EXP 	question5_2: autoDraw = False
53.3729 	EXP 	question6_2: autoDraw = False
53.3729 	EXP 	image_3: autoDraw = False
53.3729 	EXP 	text_18: text = 'Couples Therapist\n'
53.3729 	EXP 	image_9: image = 'couples.jpeg'
53.3729 	EXP 	text_18: autoDraw = True
53.3729 	EXP 	image_9: autoDraw = True
54.1910 	DATA 	Keypress: escape
54.4708 	EXP 	window1: mouseVisible = True
