3.6756 	WARNING 	User requested fullscreen with size [1024  768], but screen is actually [2560, 1440]. Using actual size
4.3399 	EXP 	Created window1 = Window(allowGUI=False, allowStencil=False, args=UNKNOWN, autoLog=True, bitsMode=UNKNOWN, blendMode='avg', color=array([0., 0., 0.]), colorSpace='rgb', fullscr=<method-wrapper '__getattribute__' of attributeSetter object at 0x126a69d30>, gamma=None, kwargs=UNKNOWN, lms=UNKNOWN, monitor=<psychopy.monitors.calibTools.Monitor object at 0x126c755f8>, multiSample=False, name='window1', numSamples=2, pos=[0.0, 0.0], screen=0, size=array([5120, 2880]), stereo=False, units='norm', useFBO=True, useRetina=True, viewOri=0.0, viewPos=None, viewScale=None, waitBlanking=True, winType='pyglet')
4.3399 	EXP 	window1: recordFrameIntervals = False
4.5074 	EXP 	window1: recordFrameIntervals = True
4.6896 	EXP 	window1: recordFrameIntervals = False
4.7552 	EXP 	Created welcome = TextStim(__class__=<class 'psychopy.visual.text.TextStim'>, alignHoriz='center', alignVert='center', antialias=True, autoLog=True, bold=False, color='white', colorSpace='named', contrast=1.0, depth=0.0, flipHoriz=False, flipVert=False, font='Arial', fontFiles=[], height=0.1, italic=False, languageStyle='LTR', name='welcome', opacity=1.0, ori=0, pos=array([0., 0.]), rgb=array([255., 255., 255.]), text='default text', units='norm', win=Window(...), wrapWidth=1)
4.7586 	EXP 	Created text_12 = TextStim(__class__=<class 'psychopy.visual.text.TextStim'>, alignHoriz='center', alignVert='center', antialias=True, autoLog=True, bold=False, color='white', colorSpace='named', contrast=1.0, depth=-2.0, flipHoriz=False, flipVert=False, font='Arial', fontFiles=[], height=0.1, italic=False, languageStyle='LTR', name='text_12', opacity=1.0, ori=0, pos=array([ 0. , -0.6]), rgb=array([255., 255., 255.]), text='default text', units='norm', win=Window(...), wrapWidth=1)
4.7602 	EXP 	Created image = ImageStim(__class__=<class 'psychopy.visual.image.ImageStim'>, autoLog=True, color=array([1., 1., 1.]), colorSpace='rgb', contrast=1.0, depth=0.0, flipHoriz=False, flipVert=False, image='sin', interpolate=True, mask=None, maskParams=None, name='image', opacity=1.0, ori=0.0, pos=array([0., 0.]), size=array([0.5, 0.5]), texRes=128, units='norm', win=Window(...))
4.7637 	EXP 	Created text_2 = TextStim(__class__=<class 'psychopy.visual.text.TextStim'>, alignHoriz='center', alignVert='center', antialias=True, autoLog=True, bold=False, color='white', colorSpace='named', contrast=1.0, depth=-2.0, flipHoriz=False, flipVert=False, font='Arial', fontFiles=[], height=0.1, italic=False, languageStyle='LTR', name='text_2', opacity=1.0, ori=0, pos=array([ 0. , -0.5]), rgb=array([255., 255., 255.]), text='default text', units='norm', win=Window(...), wrapWidth=1)
4.7670 	EXP 	Created welcome = TextStim(__class__=<class 'psychopy.visual.text.TextStim'>, alignHoriz='center', alignVert='center', antialias=True, autoLog=True, bold=False, color='white', colorSpace='named', contrast=1.0, depth=0.0, flipHoriz=False, flipVert=False, font='Arial', fontFiles=[], height=0.1, italic=False, languageStyle='LTR', name='welcome', opacity=1.0, ori=0, pos=array([0., 0.]), rgb=array([255., 255., 255.]), text='default text', units='norm', win=Window(...), wrapWidth=1)
4.7712 	EXP 	Created text_12 = TextStim(__class__=<class 'psychopy.visual.text.TextStim'>, alignHoriz='center', alignVert='center', antialias=True, autoLog=True, bold=False, color='white', colorSpace='named', contrast=1.0, depth=-2.0, flipHoriz=False, flipVert=False, font='Arial', fontFiles=[], height=0.1, italic=False, languageStyle='LTR', name='text_12', opacity=1.0, ori=0, pos=array([ 0. , -0.6]), rgb=array([255., 255., 255.]), text='default text', units='norm', win=Window(...), wrapWidth=1)
4.7753 	EXP 	Created text_18 = TextStim(__class__=<class 'psychopy.visual.text.TextStim'>, alignHoriz='center', alignVert='center', antialias=True, autoLog=True, bold=False, color='white', colorSpace='named', contrast=1.0, depth=0.0, flipHoriz=False, flipVert=False, font='Arial', fontFiles=[], height=0.1, italic=False, languageStyle='LTR', name='text_18', opacity=1.0, ori=0, pos=array([-0.25,  0.25]), rgb=array([255., 255., 255.]), text='default text', units='norm', win=Window(...), wrapWidth=0.5)
4.7766 	EXP 	Created image_9 = ImageStim(__class__=<class 'psychopy.visual.image.ImageStim'>, autoLog=True, color=array([1., 1., 1.]), colorSpace='rgb', contrast=1.0, depth=-1.0, flipHoriz=False, flipVert=False, image='sin', interpolate=True, mask=None, maskParams=None, name='image_9', opacity=1.0, ori=0.0, pos=array([0.25, 0.25]), size=array([0.5, 0.5]), texRes=128, units='norm', win=Window(...))
4.7802 	EXP 	Created text_8 = TextStim(__class__=<class 'psychopy.visual.text.TextStim'>, alignHoriz='center', alignVert='center', antialias=True, autoLog=True, bold=False, color='white', colorSpace='named', contrast=1.0, depth=0.0, flipHoriz=False, flipVert=False, font='Arial', fontFiles=[], height=0.1, italic=False, languageStyle='LTR', name='text_8', opacity=1.0, ori=0, pos=array([ 0. , -0.4]), rgb=array([255., 255., 255.]), text='default text', units='norm', win=Window(...), wrapWidth=1)
4.7836 	EXP 	Created text_9 = TextStim(__class__=<class 'psychopy.visual.text.TextStim'>, alignHoriz='center', alignVert='center', antialias=True, autoLog=True, bold=False, color='white', colorSpace='named', contrast=1.0, depth=-1.0, flipHoriz=False, flipVert=False, font='Arial', fontFiles=[], height=0.1, italic=False, languageStyle='LTR', name='text_9', opacity=1.0, ori=0, pos=array([-0.25,  0.25]), rgb=array([255., 255., 255.]), text='default text', units='norm', win=Window(...), wrapWidth=0.5)
4.7850 	EXP 	Created image_5 = ImageStim(__class__=<class 'psychopy.visual.image.ImageStim'>, autoLog=True, color=array([1., 1., 1.]), colorSpace='rgb', contrast=1.0, depth=-2.0, flipHoriz=False, flipVert=False, image='sin', interpolate=True, mask=None, maskParams=None, name='image_5', opacity=1.0, ori=0.0, pos=array([0.25, 0.25]), size=array([0.5, 0.5]), texRes=128, units='norm', win=Window(...))
4.7887 	EXP 	Created text_10 = TextStim(__class__=<class 'psychopy.visual.text.TextStim'>, alignHoriz='center', alignVert='center', antialias=True, autoLog=True, bold=False, color='white', colorSpace='named', contrast=1.0, depth=0.0, flipHoriz=False, flipVert=False, font='Arial', fontFiles=[], height=0.1, italic=False, languageStyle='LTR', name='text_10', opacity=1.0, ori=0, pos=array([ 0. , -0.4]), rgb=array([255., 255., 255.]), text='default text', units='norm', win=Window(...), wrapWidth=1)
4.7922 	EXP 	Created text_11 = TextStim(__class__=<class 'psychopy.visual.text.TextStim'>, alignHoriz='center', alignVert='center', antialias=True, autoLog=True, bold=False, color='white', colorSpace='named', contrast=1.0, depth=-1.0, flipHoriz=False, flipVert=False, font='Arial', fontFiles=[], height=0.1, italic=False, languageStyle='LTR', name='text_11', opacity=1.0, ori=0, pos=array([-0.25,  0.25]), rgb=array([255., 255., 255.]), text='default text', units='norm', win=Window(...), wrapWidth=0.5)
4.7935 	EXP 	Created image_6 = ImageStim(__class__=<class 'psychopy.visual.image.ImageStim'>, autoLog=True, color=array([1., 1., 1.]), colorSpace='rgb', contrast=1.0, depth=-2.0, flipHoriz=False, flipVert=False, image='sin', interpolate=True, mask=None, maskParams=None, name='image_6', opacity=1.0, ori=0.0, pos=array([0.25, 0.25]), size=array([0.5, 0.5]), texRes=128, units='norm', win=Window(...))
4.7969 	EXP 	Created text_13 = TextStim(__class__=<class 'psychopy.visual.text.TextStim'>, alignHoriz='center', alignVert='center', antialias=True, autoLog=True, bold=False, color='white', colorSpace='named', contrast=1.0, depth=0.0, flipHoriz=False, flipVert=False, font='Arial', fontFiles=[], height=0.1, italic=False, languageStyle='LTR', name='text_13', opacity=1.0, ori=0, pos=array([ 0. , -0.4]), rgb=array([255., 255., 255.]), text='default text', units='norm', win=Window(...), wrapWidth=1)
4.8003 	EXP 	Created text_14 = TextStim(__class__=<class 'psychopy.visual.text.TextStim'>, alignHoriz='center', alignVert='center', antialias=True, autoLog=True, bold=False, color='white', colorSpace='named', contrast=1.0, depth=-1.0, flipHoriz=False, flipVert=False, font='Arial', fontFiles=[], height=0.1, italic=False, languageStyle='LTR', name='text_14', opacity=1.0, ori=0, pos=array([-0.25,  0.25]), rgb=array([255., 255., 255.]), text='default text', units='norm', win=Window(...), wrapWidth=0.5)
4.8016 	EXP 	Created image_7 = ImageStim(__class__=<class 'psychopy.visual.image.ImageStim'>, autoLog=True, color=array([1., 1., 1.]), colorSpace='rgb', contrast=1.0, depth=-2.0, flipHoriz=False, flipVert=False, image='sin', interpolate=True, mask=None, maskParams=None, name='image_7', opacity=1.0, ori=0.0, pos=array([0.25, 0.25]), size=array([0.5, 0.5]), texRes=128, units='norm', win=Window(...))
4.8063 	EXP 	Created text_15 = TextStim(__class__=<class 'psychopy.visual.text.TextStim'>, alignHoriz='center', alignVert='center', antialias=True, autoLog=True, bold=False, color='white', colorSpace='named', contrast=1.0, depth=0.0, flipHoriz=False, flipVert=False, font='Arial', fontFiles=[], height=0.1, italic=False, languageStyle='LTR', name='text_15', opacity=1.0, ori=0, pos=array([ 0. , -0.4]), rgb=array([255., 255., 255.]), text='default text', units='norm', win=Window(...), wrapWidth=1)
4.8100 	EXP 	Created text_16 = TextStim(__class__=<class 'psychopy.visual.text.TextStim'>, alignHoriz='center', alignVert='center', antialias=True, autoLog=True, bold=False, color='white', colorSpace='named', contrast=1.0, depth=-1.0, flipHoriz=False, flipVert=False, font='Arial', fontFiles=[], height=0.1, italic=False, languageStyle='LTR', name='text_16', opacity=1.0, ori=0, pos=array([-0.25,  0.25]), rgb=array([255., 255., 255.]), text='default text', units='norm', win=Window(...), wrapWidth=0.5)
4.8114 	EXP 	Created image_8 = ImageStim(__class__=<class 'psychopy.visual.image.ImageStim'>, autoLog=True, color=array([1., 1., 1.]), colorSpace='rgb', contrast=1.0, depth=-2.0, flipHoriz=False, flipVert=False, image='sin', interpolate=True, mask=None, maskParams=None, name='image_8', opacity=1.0, ori=0.0, pos=array([0.25, 0.25]), size=array([0.5, 0.5]), texRes=128, units='norm', win=Window(...))
4.8351 	EXP 	Created text_5 = TextStim(__class__=<class 'psychopy.visual.text.TextStim'>, alignHoriz='center', alignVert='center', antialias=True, autoLog=True, bold=False, color='white', colorSpace='named', contrast=1.0, depth=0.0, flipHoriz=False, flipVert=False, font='Arial', fontFiles=[], height=0.1, italic=False, languageStyle='LTR', name='text_5', opacity=1.0, ori=0, pos=array([0., 0.]), rgb=array([255., 255., 255.]), text=str(...), units='norm', win=Window(...), wrapWidth=1)
4.8386 	EXP 	Created question1_2 = TextStim(__class__=<class 'psychopy.visual.text.TextStim'>, alignHoriz='center', alignVert='center', antialias=True, autoLog=True, bold=False, color='white', colorSpace='named', contrast=1.0, depth=-1.0, flipHoriz=False, flipVert=False, font='Arial', fontFiles=[], height=0.1, italic=False, languageStyle='LTR', name='question1_2', opacity=1.0, ori=0, pos=array([0. , 0.6]), rgb=array([255., 255., 255.]), text='default text', units='norm', win=Window(...), wrapWidth=2)
4.8419 	EXP 	Created question2_2 = TextStim(__class__=<class 'psychopy.visual.text.TextStim'>, alignHoriz='center', alignVert='center', antialias=True, autoLog=True, bold=False, color='white', colorSpace='named', contrast=1.0, depth=-2.0, flipHoriz=False, flipVert=False, font='Arial', fontFiles=[], height=0.1, italic=False, languageStyle='LTR', name='question2_2', opacity=1.0, ori=0, pos=array([0.  , 0.35]), rgb=array([255., 255., 255.]), text='default text', units='norm', win=Window(...), wrapWidth=2)
4.8454 	EXP 	Created question3_2 = TextStim(__class__=<class 'psychopy.visual.text.TextStim'>, alignHoriz='center', alignVert='center', antialias=True, autoLog=True, bold=False, color='white', colorSpace='named', contrast=1.0, depth=-3.0, flipHoriz=False, flipVert=False, font='Arial', fontFiles=[], height=0.1, italic=False, languageStyle='LTR', name='question3_2', opacity=1.0, ori=0, pos=array([0.  , 0.12]), rgb=array([255., 255., 255.]), text='default text', units='norm', win=Window(...), wrapWidth=2)
4.8491 	EXP 	Created question4_2 = TextStim(__class__=<class 'psychopy.visual.text.TextStim'>, alignHoriz='center', alignVert='center', antialias=True, autoLog=True, bold=False, color='white', colorSpace='named', contrast=1.0, depth=-4.0, flipHoriz=False, flipVert=False, font='Arial', fontFiles=[], height=0.1, italic=False, languageStyle='LTR', name='question4_2', opacity=1.0, ori=0, pos=array([ 0.  , -0.12]), rgb=array([255., 255., 255.]), text='default text', units='norm', win=Window(...), wrapWidth=2)
4.8524 	EXP 	Created question5_2 = TextStim(__class__=<class 'psychopy.visual.text.TextStim'>, alignHoriz='center', alignVert='center', antialias=True, autoLog=True, bold=False, color='white', colorSpace='named', contrast=1.0, depth=-5.0, flipHoriz=False, flipVert=False, font='Arial', fontFiles=[], height=0.1, italic=False, languageStyle='LTR', name='question5_2', opacity=1.0, ori=0, pos=array([ 0.  , -0.35]), rgb=array([255., 255., 255.]), text='default text', units='norm', win=Window(...), wrapWidth=2)
4.8558 	EXP 	Created question6_2 = TextStim(__class__=<class 'psychopy.visual.text.TextStim'>, alignHoriz='center', alignVert='center', antialias=True, autoLog=True, bold=False, color='white', colorSpace='named', contrast=1.0, depth=-6.0, flipHoriz=False, flipVert=False, font='Arial', fontFiles=[], height=0.1, italic=False, languageStyle='LTR', name='question6_2', opacity=1.0, ori=0, pos=array([ 0. , -0.6]), rgb=array([255., 255., 255.]), text='default text', units='norm', win=Window(...), wrapWidth=2)
4.8607 	EXP 	Created text_3 = TextStim(__class__=<class 'psychopy.visual.text.TextStim'>, alignHoriz='center', alignVert='center', antialias=True, autoLog=True, bold=False, color='white', colorSpace='named', contrast=1.0, depth=0.0, flipHoriz=False, flipVert=False, font='Arial', fontFiles=[], height=0.1, italic=False, languageStyle='LTR', name='text_3', opacity=1.0, ori=0, pos=array([0., 0.]), rgb=array([255., 255., 255.]), text='Final Tests', units='norm', win=Window(...), wrapWidth=1)
4.8622 	EXP 	Created image_2 = ImageStim(__class__=<class 'psychopy.visual.image.ImageStim'>, autoLog=True, color=array([1., 1., 1.]), colorSpace='rgb', contrast=1.0, depth=0.0, flipHoriz=False, flipVert=False, image='sin', interpolate=True, mask=None, maskParams=None, name='image_2', opacity=1.0, ori=0.0, pos=array([0., 0.]), size=array([0.5, 0.5]), texRes=128, units='norm', win=Window(...))
4.8656 	EXP 	Created text_4 = TextStim(__class__=<class 'psychopy.visual.text.TextStim'>, alignHoriz='center', alignVert='center', antialias=True, autoLog=True, bold=False, color='white', colorSpace='named', contrast=1.0, depth=-2.0, flipHoriz=False, flipVert=False, font='Arial', fontFiles=[], height=0.1, italic=False, languageStyle='LTR', name='text_4', opacity=1.0, ori=0, pos=array([ 0. , -0.5]), rgb=array([255., 255., 255.]), text='default text', units='norm', win=Window(...), wrapWidth=1)
4.8690 	EXP 	Created question1 = TextStim(__class__=<class 'psychopy.visual.text.TextStim'>, alignHoriz='center', alignVert='center', antialias=True, autoLog=True, bold=False, color='white', colorSpace='named', contrast=1.0, depth=-1.0, flipHoriz=False, flipVert=False, font='Arial', fontFiles=[], height=0.1, italic=False, languageStyle='LTR', name='question1', opacity=1.0, ori=0, pos=array([0. , 0.6]), rgb=array([255., 255., 255.]), text='default text', units='norm', win=Window(...), wrapWidth=2)
4.8724 	EXP 	Created question2 = TextStim(__class__=<class 'psychopy.visual.text.TextStim'>, alignHoriz='center', alignVert='center', antialias=True, autoLog=True, bold=False, color='white', colorSpace='named', contrast=1.0, depth=-2.0, flipHoriz=False, flipVert=False, font='Arial', fontFiles=[], height=0.1, italic=False, languageStyle='LTR', name='question2', opacity=1.0, ori=0, pos=array([0.  , 0.35]), rgb=array([255., 255., 255.]), text='default text', units='norm', win=Window(...), wrapWidth=2)
4.8758 	EXP 	Created question3 = TextStim(__class__=<class 'psychopy.visual.text.TextStim'>, alignHoriz='center', alignVert='center', antialias=True, autoLog=True, bold=False, color='white', colorSpace='named', contrast=1.0, depth=-3.0, flipHoriz=False, flipVert=False, font='Arial', fontFiles=[], height=0.1, italic=False, languageStyle='LTR', name='question3', opacity=1.0, ori=0, pos=array([0.  , 0.12]), rgb=array([255., 255., 255.]), text='default text', units='norm', win=Window(...), wrapWidth=2)
4.8795 	EXP 	Created question4 = TextStim(__class__=<class 'psychopy.visual.text.TextStim'>, alignHoriz='center', alignVert='center', antialias=True, autoLog=True, bold=False, color='white', colorSpace='named', contrast=1.0, depth=-4.0, flipHoriz=False, flipVert=False, font='Arial', fontFiles=[], height=0.1, italic=False, languageStyle='LTR', name='question4', opacity=1.0, ori=0, pos=array([ 0.  , -0.12]), rgb=array([255., 255., 255.]), text='default text', units='norm', win=Window(...), wrapWidth=2)
4.8829 	EXP 	Created question5 = TextStim(__class__=<class 'psychopy.visual.text.TextStim'>, alignHoriz='center', alignVert='center', antialias=True, autoLog=True, bold=False, color='white', colorSpace='named', contrast=1.0, depth=-5.0, flipHoriz=False, flipVert=False, font='Arial', fontFiles=[], height=0.1, italic=False, languageStyle='LTR', name='question5', opacity=1.0, ori=0, pos=array([ 0.  , -0.35]), rgb=array([255., 255., 255.]), text='default text', units='norm', win=Window(...), wrapWidth=2)
4.8864 	EXP 	Created question6 = TextStim(__class__=<class 'psychopy.visual.text.TextStim'>, alignHoriz='center', alignVert='center', antialias=True, autoLog=True, bold=False, color='white', colorSpace='named', contrast=1.0, depth=-6.0, flipHoriz=False, flipVert=False, font='Arial', fontFiles=[], height=0.1, italic=False, languageStyle='LTR', name='question6', opacity=1.0, ori=0, pos=array([ 0. , -0.6]), rgb=array([255., 255., 255.]), text='default text', units='norm', win=Window(...), wrapWidth=2)
4.8907 	EXP 	Created text = TextStim(__class__=<class 'psychopy.visual.text.TextStim'>, alignHoriz='center', alignVert='center', antialias=True, autoLog=True, bold=False, color='white', colorSpace='named', contrast=1.0, depth=0.0, flipHoriz=False, flipVert=False, font='Arial', fontFiles=[], height=0.1, italic=False, languageStyle='LTR', name='text', opacity=1.0, ori=0, pos=array([0., 0.]), rgb=array([255., 255., 255.]), text='end of introduction', units='norm', win=Window(...), wrapWidth=1)
4.8979 	EXP 	Imported instructions.xlsx as conditions, 5 conditions, 2 params
4.8981 	EXP 	Created sequence: sequential, trialTypes=5, nReps=1, seed=None
4.8983 	EXP 	New trial (rep=0, index=0): OrderedDict([('instruct_text', 'Welcome to the Job Simulator Task!'), ('instruct_text2', '(press the space bar to continue)')])
4.9394 	EXP 	welcome: text = 'Welcome to the Job Simulator Task!'
4.9394 	EXP 	text_12: text = '(press the space bar to continue)'
4.9394 	EXP 	welcome: autoDraw = True
4.9394 	EXP 	text_12: autoDraw = True
5.2421 	DATA 	Keypress: space
5.2429 	EXP 	New trial (rep=0, index=1): OrderedDict([('instruct_text', 'In this task, you will read 16 stories.'), ('instruct_text2', None)])
5.2727 	EXP 	welcome: autoDraw = False
5.2727 	EXP 	text_12: autoDraw = False
5.2727 	EXP 	welcome: text = 'In this task, you will read 16 stories.'
5.2727 	EXP 	text_12: text = '(press the space bar to continue)'
5.2727 	EXP 	welcome: autoDraw = True
5.2727 	EXP 	text_12: autoDraw = True
5.4243 	DATA 	Keypress: space
5.4251 	EXP 	New trial (rep=0, index=2): OrderedDict([('instruct_text', 'Before each story you will be assigned a perspective of a particular career to assume while reading that story.\n'), ('instruct_text2', None)])
5.4568 	EXP 	welcome: autoDraw = False
5.4568 	EXP 	text_12: autoDraw = False
5.4568 	EXP 	welcome: text = 'Before each story you will be assigned a perspective of a particular career to assume while reading that story.\n'
5.4568 	EXP 	text_12: text = '(press the space bar to continue)'
5.4568 	EXP 	welcome: autoDraw = True
5.4568 	EXP 	text_12: autoDraw = True
5.5917 	DATA 	Keypress: space
5.5924 	EXP 	New trial (rep=0, index=3): OrderedDict([('instruct_text', 'You should read the story according to the designated perspective.'), ('instruct_text2', None)])
5.6233 	EXP 	welcome: autoDraw = False
5.6233 	EXP 	text_12: autoDraw = False
5.6233 	EXP 	welcome: text = 'You should read the story according to the designated perspective.'
5.6233 	EXP 	text_12: text = '(press the space bar to continue)'
5.6233 	EXP 	welcome: autoDraw = True
5.6233 	EXP 	text_12: autoDraw = True
5.7583 	DATA 	Keypress: space
5.7590 	EXP 	New trial (rep=0, index=4): OrderedDict([('instruct_text', 'The perspectives are as follows:'), ('instruct_text2', None)])
5.7896 	EXP 	welcome: autoDraw = False
5.7896 	EXP 	text_12: autoDraw = False
5.7896 	EXP 	welcome: text = 'The perspectives are as follows:'
5.7896 	EXP 	text_12: text = '(press the space bar to continue)'
5.7896 	EXP 	welcome: autoDraw = True
5.7896 	EXP 	text_12: autoDraw = True
5.9243 	DATA 	Keypress: space
5.9294 	EXP 	Imported jobsPics.xlsx as conditions, 8 conditions, 2 params
5.9297 	EXP 	Created sequence: random, trialTypes=8, nReps=1, seed=None
5.9299 	EXP 	New trial (rep=0, index=0): OrderedDict([('rolePic', 'couples.jpeg'), ('job', 'Couples Therapist\n')])
5.9300 	WARNING 	Requested image 'couples.jpeg' not found but similar filename 'couples.jpg' exists. This will be used instead but changing the filename is advised.
6.0063 	EXP 	welcome: autoDraw = False
6.0063 	EXP 	text_12: autoDraw = False
6.0063 	EXP 	image: image = 'couples.jpeg'
6.0063 	EXP 	text_2: text = 'Couples Therapist\n'
6.0063 	EXP 	image: autoDraw = True
6.0063 	EXP 	text_2: autoDraw = True
6.2747 	DATA 	Keypress: space
6.2755 	EXP 	New trial (rep=0, index=1): OrderedDict([('rolePic', 'weddingplanner.jpg'), ('job', 'Wedding Planner')])
6.3068 	EXP 	image: autoDraw = False
6.3068 	EXP 	text_2: autoDraw = False
6.3068 	EXP 	image: image = 'weddingplanner.jpg'
6.3068 	EXP 	text_2: text = 'Wedding Planner'
6.3068 	EXP 	image: autoDraw = True
6.3068 	EXP 	text_2: autoDraw = True
6.7926 	DATA 	Keypress: space
6.8074 	EXP 	New trial (rep=0, index=2): OrderedDict([('rolePic', 'dean.jpg'), ('job', 'Dean of Academic Studies')])
6.8401 	EXP 	image: autoDraw = False
6.8401 	EXP 	text_2: autoDraw = False
6.8401 	EXP 	image: image = 'dean.jpg'
6.8401 	EXP 	text_2: text = 'Dean of Academic Studies'
6.8401 	EXP 	image: autoDraw = True
6.8401 	EXP 	text_2: autoDraw = True
6.9912 	DATA 	Keypress: space
6.9919 	EXP 	New trial (rep=0, index=3): OrderedDict([('rolePic', 'gscem.jpg'), ('job', 'Grocery Store Customer Experience Manager\n')])
7.0235 	EXP 	image: autoDraw = False
7.0235 	EXP 	text_2: autoDraw = False
7.0235 	EXP 	image: image = 'gscem.jpg'
7.0235 	EXP 	text_2: text = 'Grocery Store Customer Experience Manager\n'
7.0235 	EXP 	image: autoDraw = True
7.0235 	EXP 	text_2: autoDraw = True
7.4411 	DATA 	Keypress: space
7.4419 	EXP 	New trial (rep=0, index=4): OrderedDict([('rolePic', 'acem.jpg'), ('job', 'Airport Customer Experience Manager')])
7.4730 	EXP 	image: autoDraw = False
7.4730 	EXP 	text_2: autoDraw = False
7.4730 	EXP 	image: image = 'acem.jpg'
7.4730 	EXP 	text_2: text = 'Airport Customer Experience Manager'
7.4730 	EXP 	image: autoDraw = True
7.4730 	EXP 	text_2: autoDraw = True
7.8242 	DATA 	Keypress: space
7.8249 	EXP 	New trial (rep=0, index=5): OrderedDict([('rolePic', 'restaurant_critic.jpg'), ('job', 'Restaurant Critic')])
7.8571 	EXP 	image: autoDraw = False
7.8571 	EXP 	text_2: autoDraw = False
7.8571 	EXP 	image: image = 'restaurant_critic.jpg'
7.8571 	EXP 	text_2: text = 'Restaurant Critic'
7.8571 	EXP 	image: autoDraw = True
7.8571 	EXP 	text_2: autoDraw = True
8.2429 	DATA 	Keypress: space
8.2436 	EXP 	New trial (rep=0, index=6): OrderedDict([('rolePic', 'business_reporter.jpg'), ('job', 'Business Reporter')])
8.2752 	EXP 	image: autoDraw = False
8.2752 	EXP 	text_2: autoDraw = False
8.2752 	EXP 	image: image = 'business_reporter.jpg'
8.2752 	EXP 	text_2: text = 'Business Reporter'
8.2752 	EXP 	image: autoDraw = True
8.2752 	EXP 	text_2: autoDraw = True
8.6432 	DATA 	Keypress: space
8.6438 	EXP 	New trial (rep=0, index=7): OrderedDict([('rolePic', 'matchmaker.jpg'), ('job', 'Matchmaker')])
8.6749 	EXP 	image: autoDraw = False
8.6749 	EXP 	text_2: autoDraw = False
8.6749 	EXP 	image: image = 'matchmaker.jpg'
8.6749 	EXP 	text_2: text = 'Matchmaker'
8.6749 	EXP 	image: autoDraw = True
8.6749 	EXP 	text_2: autoDraw = True
9.1431 	DATA 	Keypress: space
9.1482 	EXP 	Imported instructions2.xlsx as conditions, 10 conditions, 2 params
9.1484 	EXP 	Created sequence: sequential, trialTypes=10, nReps=1, seed=None
9.1486 	EXP 	New trial (rep=0, index=0): OrderedDict([('instruct_text', 'In addition to reading all 16 stories, your task will be to answer perspective-related questions about each story.\n'), ('instruct_text2', '(press the space bar to continue)')])
9.1740 	EXP 	image: autoDraw = False
9.1740 	EXP 	text_2: autoDraw = False
9.1740 	EXP 	welcome: text = 'In addition to reading all 16 stories, your task will be to answer perspective-related questions about each story.\n'
9.1740 	EXP 	text_12: text = '(press the space bar to continue)'
9.1740 	EXP 	welcome: autoDraw = True
9.1740 	EXP 	text_12: autoDraw = True
9.6259 	DATA 	Keypress: space
9.6267 	EXP 	New trial (rep=0, index=1): OrderedDict([('instruct_text', 'You will answer the questions about each story after reading all 16 stories. '), ('instruct_text2', None)])
9.6581 	EXP 	welcome: autoDraw = False
9.6581 	EXP 	text_12: autoDraw = False
9.6581 	EXP 	welcome: text = 'You will answer the questions about each story after reading all 16 stories. '
9.6581 	EXP 	text_12: text = '(press the space bar to continue)'
9.6581 	EXP 	welcome: autoDraw = True
9.6581 	EXP 	text_12: autoDraw = True
9.7922 	DATA 	Keypress: space
9.7929 	EXP 	New trial (rep=0, index=2): OrderedDict([('instruct_text', 'There will be four questions to answer per story.'), ('instruct_text2', None)])
9.8253 	EXP 	welcome: autoDraw = False
9.8253 	EXP 	text_12: autoDraw = False
9.8253 	EXP 	welcome: text = 'There will be four questions to answer per story.'
9.8253 	EXP 	text_12: text = '(press the space bar to continue)'
9.8253 	EXP 	welcome: autoDraw = True
9.8253 	EXP 	text_12: autoDraw = True
10.1433 	DATA 	Keypress: space
10.1439 	EXP 	New trial (rep=0, index=3): OrderedDict([('instruct_text', 'These questions are determined by the perspective you take during the story. '), ('instruct_text2', None)])
10.1742 	EXP 	welcome: autoDraw = False
10.1742 	EXP 	text_12: autoDraw = False
10.1742 	EXP 	welcome: text = 'These questions are determined by the perspective you take during the story. '
10.1742 	EXP 	text_12: text = '(press the space bar to continue)'
10.1742 	EXP 	welcome: autoDraw = True
10.1742 	EXP 	text_12: autoDraw = True
10.5095 	DATA 	Keypress: space
10.5101 	EXP 	New trial (rep=0, index=4): OrderedDict([('instruct_text', 'The questions will be the same for the stories read with the same perspective. '), ('instruct_text2', None)])
10.5420 	EXP 	welcome: autoDraw = False
10.5420 	EXP 	text_12: autoDraw = False
10.5420 	EXP 	welcome: text = 'The questions will be the same for the stories read with the same perspective. '
10.5420 	EXP 	text_12: text = '(press the space bar to continue)'
10.5420 	EXP 	welcome: autoDraw = True
10.5420 	EXP 	text_12: autoDraw = True
10.8428 	DATA 	Keypress: space
10.8435 	EXP 	New trial (rep=0, index=5): OrderedDict([('instruct_text', 'Before reading the stories, you will learn the questions associated with each career perspective in order to help you answer them. '), ('instruct_text2', None)])
10.8746 	EXP 	welcome: autoDraw = False
10.8746 	EXP 	text_12: autoDraw = False
10.8746 	EXP 	welcome: text = 'Before reading the stories, you will learn the questions associated with each career perspective in order to help you answer them. '
10.8746 	EXP 	text_12: text = '(press the space bar to continue)'
10.8746 	EXP 	welcome: autoDraw = True
10.8746 	EXP 	text_12: autoDraw = True
11.0434 	DATA 	Keypress: space
11.0440 	EXP 	New trial (rep=0, index=6): OrderedDict([('instruct_text', 'You will have to try to learn these questions with a series of pre-task quizzes.'), ('instruct_text2', None)])
11.0751 	EXP 	welcome: autoDraw = False
11.0751 	EXP 	text_12: autoDraw = False
11.0751 	EXP 	welcome: text = 'You will have to try to learn these questions with a series of pre-task quizzes.'
11.0751 	EXP 	text_12: text = '(press the space bar to continue)'
11.0751 	EXP 	welcome: autoDraw = True
11.0751 	EXP 	text_12: autoDraw = True
11.4430 	DATA 	Keypress: space
11.4437 	EXP 	New trial (rep=0, index=7): OrderedDict([('instruct_text', 'Once the story-reading task has begun, remember your answers to the questions for each story.'), ('instruct_text2', None)])
11.4745 	EXP 	welcome: autoDraw = False
11.4745 	EXP 	text_12: autoDraw = False
11.4745 	EXP 	welcome: text = 'Once the story-reading task has begun, remember your answers to the questions for each story.'
11.4745 	EXP 	text_12: text = '(press the space bar to continue)'
11.4745 	EXP 	welcome: autoDraw = True
11.4745 	EXP 	text_12: autoDraw = True
11.6766 	DATA 	Keypress: space
11.6773 	EXP 	New trial (rep=0, index=8): OrderedDict([('instruct_text', 'Again, you will be asked about the answers to these questions for each story at end of the experiment. '), ('instruct_text2', None)])
11.7080 	EXP 	welcome: autoDraw = False
11.7080 	EXP 	text_12: autoDraw = False
11.7080 	EXP 	welcome: text = 'Again, you will be asked about the answers to these questions for each story at end of the experiment. '
11.7080 	EXP 	text_12: text = '(press the space bar to continue)'
11.7080 	EXP 	welcome: autoDraw = True
11.7080 	EXP 	text_12: autoDraw = True
11.9095 	DATA 	Keypress: space
11.9102 	EXP 	New trial (rep=0, index=9): OrderedDict([('instruct_text', 'Press the space bar to begin learning the perspectives and the questions for each one.'), ('instruct_text2', None)])
11.9418 	EXP 	welcome: autoDraw = False
11.9418 	EXP 	text_12: autoDraw = False
11.9418 	EXP 	welcome: text = 'Press the space bar to begin learning the perspectives and the questions for each one.'
11.9418 	EXP 	text_12: text = '(press the space bar to continue)'
11.9418 	EXP 	welcome: autoDraw = True
11.9418 	EXP 	text_12: autoDraw = True
12.3612 	DATA 	Keypress: space
12.3821 	EXP 	Imported whichRole.xlsx as conditions, 8 conditions, 8 params
12.3824 	EXP 	Created sequence: random, trialTypes=8, nReps=1, seed=None
12.3827 	EXP 	New trial (rep=0, index=0): OrderedDict([('Q1', 'What industry are the business people in?'), ('Q2', 'What is being negotiated and how much money is at stake?'), ('Q3', 'What is the response to the proposed deal?'), ('Q4', 'What comes about from the business proposal?'), ('D1', 'Is the deal fair?'), ('D2', 'How long does it take to make the deal?'), ('roleName', 'Business Reporter'), ('rolePic', 'business_reporter.jpg')])
12.3830 	EXP 	Created sequence: sequential, trialTypes=1, nReps=5, seed=None
12.3832 	EXP 	New trial (rep=0, index=0): None
12.4080 	EXP 	welcome: autoDraw = False
12.4080 	EXP 	text_12: autoDraw = False
12.4080 	EXP 	text_18: text = 'Business Reporter'
12.4080 	EXP 	image_9: image = 'business_reporter.jpg'
12.4080 	EXP 	text_18: autoDraw = True
12.4080 	EXP 	image_9: autoDraw = True
12.5768 	DATA 	Keypress: space
12.6255 	EXP 	text_18: autoDraw = False
12.6255 	EXP 	image_9: autoDraw = False
12.6255 	EXP 	text_8: text = '1What industry are the business people in?'
12.6255 	EXP 	text_9: text = 'Business Reporter'
12.6255 	EXP 	image_5: image = 'business_reporter.jpg'
12.6255 	EXP 	text_8: autoDraw = True
12.6255 	EXP 	text_9: autoDraw = True
12.6255 	EXP 	image_5: autoDraw = True
15.6781 	DATA 	Keypress: escape
15.9519 	EXP 	window1: mouseVisible = True
