3.7907 	WARNING 	User requested fullscreen with size [1024  768], but screen is actually [2560, 1440]. Using actual size
4.4428 	EXP 	Created window1 = Window(allowGUI=False, allowStencil=False, args=UNKNOWN, autoLog=True, bitsMode=UNKNOWN, blendMode='avg', color=array([0., 0., 0.]), colorSpace='rgb', fullscr=<method-wrapper '__getattribute__' of attributeSetter object at 0x1237cad68>, gamma=None, kwargs=UNKNOWN, lms=UNKNOWN, monitor=<psychopy.monitors.calibTools.Monitor object at 0x126a67ef0>, multiSample=False, name='window1', numSamples=2, pos=[0.0, 0.0], screen=0, size=array([5120, 2880]), stereo=False, units='norm', useFBO=True, useRetina=True, viewOri=0.0, viewPos=None, viewScale=None, waitBlanking=True, winType='pyglet')
4.4428 	EXP 	window1: recordFrameIntervals = False
4.6090 	EXP 	window1: recordFrameIntervals = True
4.7925 	EXP 	window1: recordFrameIntervals = False
4.8717 	EXP 	Created welcome = TextStim(__class__=<class 'psychopy.visual.text.TextStim'>, alignHoriz='center', alignVert='center', antialias=True, autoLog=True, bold=False, color='white', colorSpace='named', contrast=1.0, depth=0.0, flipHoriz=False, flipVert=False, font='Arial', fontFiles=[], height=0.1, italic=False, languageStyle='LTR', name='welcome', opacity=1.0, ori=0, pos=array([0., 0.]), rgb=array([255., 255., 255.]), text='default text', units='norm', win=Window(...), wrapWidth=1)
4.8750 	EXP 	Created text_12 = TextStim(__class__=<class 'psychopy.visual.text.TextStim'>, alignHoriz='center', alignVert='center', antialias=True, autoLog=True, bold=False, color='white', colorSpace='named', contrast=1.0, depth=-2.0, flipHoriz=False, flipVert=False, font='Arial', fontFiles=[], height=0.1, italic=False, languageStyle='LTR', name='text_12', opacity=1.0, ori=0, pos=array([ 0. , -0.6]), rgb=array([255., 255., 255.]), text='default text', units='norm', win=Window(...), wrapWidth=1)
4.8765 	EXP 	Created image = ImageStim(__class__=<class 'psychopy.visual.image.ImageStim'>, autoLog=True, color=array([1., 1., 1.]), colorSpace='rgb', contrast=1.0, depth=0.0, flipHoriz=False, flipVert=False, image='sin', interpolate=True, mask=None, maskParams=None, name='image', opacity=1.0, ori=0.0, pos=array([0., 0.]), size=array([0.5, 0.5]), texRes=128, units='norm', win=Window(...))
4.8797 	EXP 	Created text_2 = TextStim(__class__=<class 'psychopy.visual.text.TextStim'>, alignHoriz='center', alignVert='center', antialias=True, autoLog=True, bold=False, color='white', colorSpace='named', contrast=1.0, depth=-2.0, flipHoriz=False, flipVert=False, font='Arial', fontFiles=[], height=0.1, italic=False, languageStyle='LTR', name='text_2', opacity=1.0, ori=0, pos=array([ 0. , -0.5]), rgb=array([255., 255., 255.]), text='default text', units='norm', win=Window(...), wrapWidth=1)
4.8830 	EXP 	Created welcome = TextStim(__class__=<class 'psychopy.visual.text.TextStim'>, alignHoriz='center', alignVert='center', antialias=True, autoLog=True, bold=False, color='white', colorSpace='named', contrast=1.0, depth=0.0, flipHoriz=False, flipVert=False, font='Arial', fontFiles=[], height=0.1, italic=False, languageStyle='LTR', name='welcome', opacity=1.0, ori=0, pos=array([0., 0.]), rgb=array([255., 255., 255.]), text='default text', units='norm', win=Window(...), wrapWidth=1)
4.8865 	EXP 	Created text_12 = TextStim(__class__=<class 'psychopy.visual.text.TextStim'>, alignHoriz='center', alignVert='center', antialias=True, autoLog=True, bold=False, color='white', colorSpace='named', contrast=1.0, depth=-2.0, flipHoriz=False, flipVert=False, font='Arial', fontFiles=[], height=0.1, italic=False, languageStyle='LTR', name='text_12', opacity=1.0, ori=0, pos=array([ 0. , -0.6]), rgb=array([255., 255., 255.]), text='default text', units='norm', win=Window(...), wrapWidth=1)
4.8897 	EXP 	Created text_8 = TextStim(__class__=<class 'psychopy.visual.text.TextStim'>, alignHoriz='center', alignVert='center', antialias=True, autoLog=True, bold=False, color='white', colorSpace='named', contrast=1.0, depth=0.0, flipHoriz=False, flipVert=False, font='Arial', fontFiles=[], height=0.1, italic=False, languageStyle='LTR', name='text_8', opacity=1.0, ori=0, pos=array([ 0. , -0.4]), rgb=array([255., 255., 255.]), text='default text', units='norm', win=Window(...), wrapWidth=1)
4.8929 	EXP 	Created text_9 = TextStim(__class__=<class 'psychopy.visual.text.TextStim'>, alignHoriz='center', alignVert='center', antialias=True, autoLog=True, bold=False, color='white', colorSpace='named', contrast=1.0, depth=-1.0, flipHoriz=False, flipVert=False, font='Arial', fontFiles=[], height=0.1, italic=False, languageStyle='LTR', name='text_9', opacity=1.0, ori=0, pos=array([-0.25,  0.25]), rgb=array([255., 255., 255.]), text='default text', units='norm', win=Window(...), wrapWidth=0.5)
4.8942 	EXP 	Created image_5 = ImageStim(__class__=<class 'psychopy.visual.image.ImageStim'>, autoLog=True, color=array([1., 1., 1.]), colorSpace='rgb', contrast=1.0, depth=-2.0, flipHoriz=False, flipVert=False, image='sin', interpolate=True, mask=None, maskParams=None, name='image_5', opacity=1.0, ori=0.0, pos=array([0.25, 0.25]), size=array([0.5, 0.5]), texRes=128, units='norm', win=Window(...))
4.8974 	EXP 	Created text_10 = TextStim(__class__=<class 'psychopy.visual.text.TextStim'>, alignHoriz='center', alignVert='center', antialias=True, autoLog=True, bold=False, color='white', colorSpace='named', contrast=1.0, depth=0.0, flipHoriz=False, flipVert=False, font='Arial', fontFiles=[], height=0.1, italic=False, languageStyle='LTR', name='text_10', opacity=1.0, ori=0, pos=array([ 0. , -0.4]), rgb=array([255., 255., 255.]), text='default text', units='norm', win=Window(...), wrapWidth=1)
4.9008 	EXP 	Created text_11 = TextStim(__class__=<class 'psychopy.visual.text.TextStim'>, alignHoriz='center', alignVert='center', antialias=True, autoLog=True, bold=False, color='white', colorSpace='named', contrast=1.0, depth=-1.0, flipHoriz=False, flipVert=False, font='Arial', fontFiles=[], height=0.1, italic=False, languageStyle='LTR', name='text_11', opacity=1.0, ori=0, pos=array([-0.25,  0.25]), rgb=array([255., 255., 255.]), text='default text', units='norm', win=Window(...), wrapWidth=0.5)
4.9020 	EXP 	Created image_6 = ImageStim(__class__=<class 'psychopy.visual.image.ImageStim'>, autoLog=True, color=array([1., 1., 1.]), colorSpace='rgb', contrast=1.0, depth=-2.0, flipHoriz=False, flipVert=False, image='sin', interpolate=True, mask=None, maskParams=None, name='image_6', opacity=1.0, ori=0.0, pos=array([0.25, 0.25]), size=array([0.5, 0.5]), texRes=128, units='norm', win=Window(...))
4.9052 	EXP 	Created text_13 = TextStim(__class__=<class 'psychopy.visual.text.TextStim'>, alignHoriz='center', alignVert='center', antialias=True, autoLog=True, bold=False, color='white', colorSpace='named', contrast=1.0, depth=0.0, flipHoriz=False, flipVert=False, font='Arial', fontFiles=[], height=0.1, italic=False, languageStyle='LTR', name='text_13', opacity=1.0, ori=0, pos=array([ 0. , -0.4]), rgb=array([255., 255., 255.]), text='default text', units='norm', win=Window(...), wrapWidth=1)
4.9085 	EXP 	Created text_14 = TextStim(__class__=<class 'psychopy.visual.text.TextStim'>, alignHoriz='center', alignVert='center', antialias=True, autoLog=True, bold=False, color='white', colorSpace='named', contrast=1.0, depth=-1.0, flipHoriz=False, flipVert=False, font='Arial', fontFiles=[], height=0.1, italic=False, languageStyle='LTR', name='text_14', opacity=1.0, ori=0, pos=array([-0.25,  0.25]), rgb=array([255., 255., 255.]), text='default text', units='norm', win=Window(...), wrapWidth=0.5)
4.9097 	EXP 	Created image_7 = ImageStim(__class__=<class 'psychopy.visual.image.ImageStim'>, autoLog=True, color=array([1., 1., 1.]), colorSpace='rgb', contrast=1.0, depth=-2.0, flipHoriz=False, flipVert=False, image='sin', interpolate=True, mask=None, maskParams=None, name='image_7', opacity=1.0, ori=0.0, pos=array([0.25, 0.25]), size=array([0.5, 0.5]), texRes=128, units='norm', win=Window(...))
4.9132 	EXP 	Created text_15 = TextStim(__class__=<class 'psychopy.visual.text.TextStim'>, alignHoriz='center', alignVert='center', antialias=True, autoLog=True, bold=False, color='white', colorSpace='named', contrast=1.0, depth=0.0, flipHoriz=False, flipVert=False, font='Arial', fontFiles=[], height=0.1, italic=False, languageStyle='LTR', name='text_15', opacity=1.0, ori=0, pos=array([ 0. , -0.4]), rgb=array([255., 255., 255.]), text='default text', units='norm', win=Window(...), wrapWidth=1)
4.9167 	EXP 	Created text_16 = TextStim(__class__=<class 'psychopy.visual.text.TextStim'>, alignHoriz='center', alignVert='center', antialias=True, autoLog=True, bold=False, color='white', colorSpace='named', contrast=1.0, depth=-1.0, flipHoriz=False, flipVert=False, font='Arial', fontFiles=[], height=0.1, italic=False, languageStyle='LTR', name='text_16', opacity=1.0, ori=0, pos=array([-0.25,  0.25]), rgb=array([255., 255., 255.]), text='default text', units='norm', win=Window(...), wrapWidth=0.5)
4.9180 	EXP 	Created image_8 = ImageStim(__class__=<class 'psychopy.visual.image.ImageStim'>, autoLog=True, color=array([1., 1., 1.]), colorSpace='rgb', contrast=1.0, depth=-2.0, flipHoriz=False, flipVert=False, image='sin', interpolate=True, mask=None, maskParams=None, name='image_8', opacity=1.0, ori=0.0, pos=array([0.25, 0.25]), size=array([0.5, 0.5]), texRes=128, units='norm', win=Window(...))
4.9380 	EXP 	Created text_5 = TextStim(__class__=<class 'psychopy.visual.text.TextStim'>, alignHoriz='center', alignVert='center', antialias=True, autoLog=True, bold=False, color='white', colorSpace='named', contrast=1.0, depth=0.0, flipHoriz=False, flipVert=False, font='Arial', fontFiles=[], height=0.1, italic=False, languageStyle='LTR', name='text_5', opacity=1.0, ori=0, pos=array([0., 0.]), rgb=array([255., 255., 255.]), text=str(...), units='norm', win=Window(...), wrapWidth=1)
4.9415 	EXP 	Created question1_2 = TextStim(__class__=<class 'psychopy.visual.text.TextStim'>, alignHoriz='center', alignVert='center', antialias=True, autoLog=True, bold=False, color='white', colorSpace='named', contrast=1.0, depth=-1.0, flipHoriz=False, flipVert=False, font='Arial', fontFiles=[], height=0.1, italic=False, languageStyle='LTR', name='question1_2', opacity=1.0, ori=0, pos=array([0. , 0.6]), rgb=array([255., 255., 255.]), text='default text', units='norm', win=Window(...), wrapWidth=2)
4.9448 	EXP 	Created question2_2 = TextStim(__class__=<class 'psychopy.visual.text.TextStim'>, alignHoriz='center', alignVert='center', antialias=True, autoLog=True, bold=False, color='white', colorSpace='named', contrast=1.0, depth=-2.0, flipHoriz=False, flipVert=False, font='Arial', fontFiles=[], height=0.1, italic=False, languageStyle='LTR', name='question2_2', opacity=1.0, ori=0, pos=array([0.  , 0.35]), rgb=array([255., 255., 255.]), text='default text', units='norm', win=Window(...), wrapWidth=2)
4.9481 	EXP 	Created question3_2 = TextStim(__class__=<class 'psychopy.visual.text.TextStim'>, alignHoriz='center', alignVert='center', antialias=True, autoLog=True, bold=False, color='white', colorSpace='named', contrast=1.0, depth=-3.0, flipHoriz=False, flipVert=False, font='Arial', fontFiles=[], height=0.1, italic=False, languageStyle='LTR', name='question3_2', opacity=1.0, ori=0, pos=array([0.  , 0.12]), rgb=array([255., 255., 255.]), text='default text', units='norm', win=Window(...), wrapWidth=2)
4.9513 	EXP 	Created question4_2 = TextStim(__class__=<class 'psychopy.visual.text.TextStim'>, alignHoriz='center', alignVert='center', antialias=True, autoLog=True, bold=False, color='white', colorSpace='named', contrast=1.0, depth=-4.0, flipHoriz=False, flipVert=False, font='Arial', fontFiles=[], height=0.1, italic=False, languageStyle='LTR', name='question4_2', opacity=1.0, ori=0, pos=array([ 0.  , -0.12]), rgb=array([255., 255., 255.]), text='default text', units='norm', win=Window(...), wrapWidth=2)
4.9545 	EXP 	Created question5_2 = TextStim(__class__=<class 'psychopy.visual.text.TextStim'>, alignHoriz='center', alignVert='center', antialias=True, autoLog=True, bold=False, color='white', colorSpace='named', contrast=1.0, depth=-5.0, flipHoriz=False, flipVert=False, font='Arial', fontFiles=[], height=0.1, italic=False, languageStyle='LTR', name='question5_2', opacity=1.0, ori=0, pos=array([ 0.  , -0.35]), rgb=array([255., 255., 255.]), text='default text', units='norm', win=Window(...), wrapWidth=2)
4.9580 	EXP 	Created question6_2 = TextStim(__class__=<class 'psychopy.visual.text.TextStim'>, alignHoriz='center', alignVert='center', antialias=True, autoLog=True, bold=False, color='white', colorSpace='named', contrast=1.0, depth=-6.0, flipHoriz=False, flipVert=False, font='Arial', fontFiles=[], height=0.1, italic=False, languageStyle='LTR', name='question6_2', opacity=1.0, ori=0, pos=array([ 0. , -0.6]), rgb=array([255., 255., 255.]), text='default text', units='norm', win=Window(...), wrapWidth=2)
4.9624 	EXP 	Created text_3 = TextStim(__class__=<class 'psychopy.visual.text.TextStim'>, alignHoriz='center', alignVert='center', antialias=True, autoLog=True, bold=False, color='white', colorSpace='named', contrast=1.0, depth=0.0, flipHoriz=False, flipVert=False, font='Arial', fontFiles=[], height=0.1, italic=False, languageStyle='LTR', name='text_3', opacity=1.0, ori=0, pos=array([0., 0.]), rgb=array([255., 255., 255.]), text='Final Tests', units='norm', win=Window(...), wrapWidth=1)
4.9636 	EXP 	Created image_2 = ImageStim(__class__=<class 'psychopy.visual.image.ImageStim'>, autoLog=True, color=array([1., 1., 1.]), colorSpace='rgb', contrast=1.0, depth=0.0, flipHoriz=False, flipVert=False, image='sin', interpolate=True, mask=None, maskParams=None, name='image_2', opacity=1.0, ori=0.0, pos=array([0., 0.]), size=array([0.5, 0.5]), texRes=128, units='norm', win=Window(...))
4.9669 	EXP 	Created text_4 = TextStim(__class__=<class 'psychopy.visual.text.TextStim'>, alignHoriz='center', alignVert='center', antialias=True, autoLog=True, bold=False, color='white', colorSpace='named', contrast=1.0, depth=-2.0, flipHoriz=False, flipVert=False, font='Arial', fontFiles=[], height=0.1, italic=False, languageStyle='LTR', name='text_4', opacity=1.0, ori=0, pos=array([ 0. , -0.5]), rgb=array([255., 255., 255.]), text='default text', units='norm', win=Window(...), wrapWidth=1)
4.9701 	EXP 	Created question1 = TextStim(__class__=<class 'psychopy.visual.text.TextStim'>, alignHoriz='center', alignVert='center', antialias=True, autoLog=True, bold=False, color='white', colorSpace='named', contrast=1.0, depth=-1.0, flipHoriz=False, flipVert=False, font='Arial', fontFiles=[], height=0.1, italic=False, languageStyle='LTR', name='question1', opacity=1.0, ori=0, pos=array([0. , 0.6]), rgb=array([255., 255., 255.]), text='default text', units='norm', win=Window(...), wrapWidth=2)
4.9737 	EXP 	Created question2 = TextStim(__class__=<class 'psychopy.visual.text.TextStim'>, alignHoriz='center', alignVert='center', antialias=True, autoLog=True, bold=False, color='white', colorSpace='named', contrast=1.0, depth=-2.0, flipHoriz=False, flipVert=False, font='Arial', fontFiles=[], height=0.1, italic=False, languageStyle='LTR', name='question2', opacity=1.0, ori=0, pos=array([0.  , 0.35]), rgb=array([255., 255., 255.]), text='default text', units='norm', win=Window(...), wrapWidth=2)
4.9771 	EXP 	Created question3 = TextStim(__class__=<class 'psychopy.visual.text.TextStim'>, alignHoriz='center', alignVert='center', antialias=True, autoLog=True, bold=False, color='white', colorSpace='named', contrast=1.0, depth=-3.0, flipHoriz=False, flipVert=False, font='Arial', fontFiles=[], height=0.1, italic=False, languageStyle='LTR', name='question3', opacity=1.0, ori=0, pos=array([0.  , 0.12]), rgb=array([255., 255., 255.]), text='default text', units='norm', win=Window(...), wrapWidth=2)
4.9803 	EXP 	Created question4 = TextStim(__class__=<class 'psychopy.visual.text.TextStim'>, alignHoriz='center', alignVert='center', antialias=True, autoLog=True, bold=False, color='white', colorSpace='named', contrast=1.0, depth=-4.0, flipHoriz=False, flipVert=False, font='Arial', fontFiles=[], height=0.1, italic=False, languageStyle='LTR', name='question4', opacity=1.0, ori=0, pos=array([ 0.  , -0.12]), rgb=array([255., 255., 255.]), text='default text', units='norm', win=Window(...), wrapWidth=2)
4.9838 	EXP 	Created question5 = TextStim(__class__=<class 'psychopy.visual.text.TextStim'>, alignHoriz='center', alignVert='center', antialias=True, autoLog=True, bold=False, color='white', colorSpace='named', contrast=1.0, depth=-5.0, flipHoriz=False, flipVert=False, font='Arial', fontFiles=[], height=0.1, italic=False, languageStyle='LTR', name='question5', opacity=1.0, ori=0, pos=array([ 0.  , -0.35]), rgb=array([255., 255., 255.]), text='default text', units='norm', win=Window(...), wrapWidth=2)
4.9874 	EXP 	Created question6 = TextStim(__class__=<class 'psychopy.visual.text.TextStim'>, alignHoriz='center', alignVert='center', antialias=True, autoLog=True, bold=False, color='white', colorSpace='named', contrast=1.0, depth=-6.0, flipHoriz=False, flipVert=False, font='Arial', fontFiles=[], height=0.1, italic=False, languageStyle='LTR', name='question6', opacity=1.0, ori=0, pos=array([ 0. , -0.6]), rgb=array([255., 255., 255.]), text='default text', units='norm', win=Window(...), wrapWidth=2)
4.9916 	EXP 	Created text = TextStim(__class__=<class 'psychopy.visual.text.TextStim'>, alignHoriz='center', alignVert='center', antialias=True, autoLog=True, bold=False, color='white', colorSpace='named', contrast=1.0, depth=0.0, flipHoriz=False, flipVert=False, font='Arial', fontFiles=[], height=0.1, italic=False, languageStyle='LTR', name='text', opacity=1.0, ori=0, pos=array([0., 0.]), rgb=array([255., 255., 255.]), text='end of introduction', units='norm', win=Window(...), wrapWidth=1)
4.9986 	EXP 	Imported instructions.xlsx as conditions, 5 conditions, 2 params
4.9988 	EXP 	Created sequence: sequential, trialTypes=5, nReps=1, seed=None
4.9990 	EXP 	New trial (rep=0, index=0): OrderedDict([('instruct_text', 'Welcome to the Career Perspectives Task!'), ('instruct_text2', '(press the space bar to continue)')])
5.0426 	EXP 	welcome: text = 'Welcome to the Career Perspectives Task!'
5.0426 	EXP 	text_12: text = '(press the space bar to continue)'
5.0426 	EXP 	welcome: autoDraw = True
5.0426 	EXP 	text_12: autoDraw = True
5.9950 	DATA 	Keypress: space
5.9958 	EXP 	New trial (rep=0, index=1): OrderedDict([('instruct_text', 'In this task, you will read 16 stories.'), ('instruct_text2', None)])
6.0262 	EXP 	welcome: autoDraw = False
6.0262 	EXP 	text_12: autoDraw = False
6.0262 	EXP 	welcome: text = 'In this task, you will read 16 stories.'
6.0262 	EXP 	text_12: text = '(press the space bar to continue)'
6.0262 	EXP 	welcome: autoDraw = True
6.0262 	EXP 	text_12: autoDraw = True
7.0940 	DATA 	Keypress: space
7.0949 	EXP 	New trial (rep=0, index=2): OrderedDict([('instruct_text', 'Before each story you will be assigned a perspective to assume while reading that story.\n'), ('instruct_text2', None)])
7.1263 	EXP 	welcome: autoDraw = False
7.1263 	EXP 	text_12: autoDraw = False
7.1263 	EXP 	welcome: text = 'Before each story you will be assigned a perspective to assume while reading that story.\n'
7.1263 	EXP 	text_12: text = '(press the space bar to continue)'
7.1263 	EXP 	welcome: autoDraw = True
7.1263 	EXP 	text_12: autoDraw = True
32.4038 	DATA 	Keypress: space
32.4045 	EXP 	New trial (rep=0, index=3): OrderedDict([('instruct_text', 'You should read the story according to the designated perspective.'), ('instruct_text2', None)])
32.4349 	EXP 	welcome: autoDraw = False
32.4349 	EXP 	text_12: autoDraw = False
32.4349 	EXP 	welcome: text = 'You should read the story according to the designated perspective.'
32.4349 	EXP 	text_12: text = '(press the space bar to continue)'
32.4349 	EXP 	welcome: autoDraw = True
32.4349 	EXP 	text_12: autoDraw = True
41.9101 	DATA 	Keypress: space
41.9109 	EXP 	New trial (rep=0, index=4): OrderedDict([('instruct_text', 'The perspectives are as follows:'), ('instruct_text2', None)])
41.9374 	EXP 	welcome: autoDraw = False
41.9374 	EXP 	text_12: autoDraw = False
41.9374 	EXP 	welcome: text = 'The perspectives are as follows:'
41.9374 	EXP 	text_12: text = '(press the space bar to continue)'
41.9374 	EXP 	welcome: autoDraw = True
41.9374 	EXP 	text_12: autoDraw = True
42.8401 	DATA 	Keypress: space
42.8457 	EXP 	Imported jobsPics.xlsx as conditions, 8 conditions, 2 params
42.8459 	EXP 	Created sequence: random, trialTypes=8, nReps=1, seed=None
42.8462 	EXP 	New trial (rep=0, index=0): OrderedDict([('rolePic', 'business_reporter.jpg'), ('job', 'Business Reporter')])
42.9214 	EXP 	welcome: autoDraw = False
42.9214 	EXP 	text_12: autoDraw = False
42.9214 	EXP 	image: image = 'business_reporter.jpg'
42.9214 	EXP 	text_2: text = 'Business Reporter'
42.9214 	EXP 	image: autoDraw = True
42.9214 	EXP 	text_2: autoDraw = True
45.2402 	DATA 	Keypress: space
45.2410 	EXP 	New trial (rep=0, index=1): OrderedDict([('rolePic', 'gscem.jpg'), ('job', 'Grocery Store Customer Experience Manager\n')])
45.5392 	EXP 	image: autoDraw = False
45.5392 	EXP 	text_2: autoDraw = False
45.5392 	EXP 	image: image = 'gscem.jpg'
45.5392 	EXP 	text_2: text = 'Grocery Store Customer Experience Manager\n'
45.5392 	EXP 	image: autoDraw = True
45.5392 	EXP 	text_2: autoDraw = True
46.2735 	DATA 	Keypress: space
46.2742 	EXP 	New trial (rep=0, index=2): OrderedDict([('rolePic', 'dean.jpg'), ('job', 'Dean of Academic Studies')])
46.3331 	EXP 	image: autoDraw = False
46.3331 	EXP 	text_2: autoDraw = False
46.3331 	EXP 	image: image = 'dean.jpg'
46.3331 	EXP 	text_2: text = 'Dean of Academic Studies'
46.3331 	EXP 	image: autoDraw = True
46.3331 	EXP 	text_2: autoDraw = True
47.4743 	DATA 	Keypress: space
47.4750 	EXP 	New trial (rep=0, index=3): OrderedDict([('rolePic', 'acem.jpg'), ('job', 'Airport Customer Experience Manager')])
47.5070 	EXP 	image: autoDraw = False
47.5070 	EXP 	text_2: autoDraw = False
47.5070 	EXP 	image: image = 'acem.jpg'
47.5070 	EXP 	text_2: text = 'Airport Customer Experience Manager'
47.5070 	EXP 	image: autoDraw = True
47.5070 	EXP 	text_2: autoDraw = True
48.3086 	DATA 	Keypress: space
48.3093 	EXP 	New trial (rep=0, index=4): OrderedDict([('rolePic', 'couples.jpeg'), ('job', 'Couples Therapist\n')])
48.3565 	EXP 	image: autoDraw = False
48.3565 	EXP 	text_2: autoDraw = False
48.3565 	EXP 	image: image = 'couples.jpeg'
48.3565 	EXP 	text_2: text = 'Couples Therapist\n'
48.3565 	EXP 	image: autoDraw = True
48.3565 	EXP 	text_2: autoDraw = True
48.9247 	DATA 	Keypress: space
48.9254 	EXP 	New trial (rep=0, index=5): OrderedDict([('rolePic', 'restaurant_critic.jpg'), ('job', 'Restaurant Critic')])
48.9563 	EXP 	image: autoDraw = False
48.9563 	EXP 	text_2: autoDraw = False
48.9563 	EXP 	image: image = 'restaurant_critic.jpg'
48.9563 	EXP 	text_2: text = 'Restaurant Critic'
48.9563 	EXP 	image: autoDraw = True
48.9563 	EXP 	text_2: autoDraw = True
49.5750 	DATA 	Keypress: space
49.5756 	EXP 	New trial (rep=0, index=6): OrderedDict([('rolePic', 'weddingplanner.jpg'), ('job', 'Wedding Planner')])
49.9069 	EXP 	image: autoDraw = False
49.9069 	EXP 	text_2: autoDraw = False
49.9069 	EXP 	image: image = 'weddingplanner.jpg'
49.9069 	EXP 	text_2: text = 'Wedding Planner'
49.9069 	EXP 	image: autoDraw = True
49.9069 	EXP 	text_2: autoDraw = True
50.6251 	DATA 	Keypress: space
50.6259 	EXP 	New trial (rep=0, index=7): OrderedDict([('rolePic', 'matchmaker.jpg'), ('job', 'Matchmaker')])
50.6844 	EXP 	image: autoDraw = False
50.6844 	EXP 	text_2: autoDraw = False
50.6844 	EXP 	image: image = 'matchmaker.jpg'
50.6844 	EXP 	text_2: text = 'Matchmaker'
50.6844 	EXP 	image: autoDraw = True
50.6844 	EXP 	text_2: autoDraw = True
51.5252 	DATA 	Keypress: space
51.5305 	EXP 	Imported instructions2.xlsx as conditions, 9 conditions, 2 params
51.5308 	EXP 	Created sequence: sequential, trialTypes=9, nReps=1, seed=None
51.5310 	EXP 	New trial (rep=0, index=0): OrderedDict([('instruct_text', 'In addition to reading all 16 stories, your task will be to answer perspective-related questions about each story.\n'), ('instruct_text2', '(press the space bar to continue)')])
51.5739 	EXP 	image: autoDraw = False
51.5739 	EXP 	text_2: autoDraw = False
51.5739 	EXP 	welcome: text = 'In addition to reading all 16 stories, your task will be to answer perspective-related questions about each story.\n'
51.5739 	EXP 	text_12: text = '(press the space bar to continue)'
51.5739 	EXP 	welcome: autoDraw = True
51.5739 	EXP 	text_12: autoDraw = True
54.9928 	DATA 	Keypress: space
54.9937 	EXP 	New trial (rep=0, index=1): OrderedDict([('instruct_text', 'You will answer the questions about each story after reading all 16 stories. '), ('instruct_text2', None)])
55.0247 	EXP 	welcome: autoDraw = False
55.0247 	EXP 	text_12: autoDraw = False
55.0247 	EXP 	welcome: text = 'You will answer the questions about each story after reading all 16 stories. '
55.0247 	EXP 	text_12: text = '(press the space bar to continue)'
55.0247 	EXP 	welcome: autoDraw = True
55.0247 	EXP 	text_12: autoDraw = True
57.7275 	DATA 	Keypress: space
57.7282 	EXP 	New trial (rep=0, index=2): OrderedDict([('instruct_text', 'There will be four questions to answer per story.'), ('instruct_text2', None)])
57.7605 	EXP 	welcome: autoDraw = False
57.7605 	EXP 	text_12: autoDraw = False
57.7605 	EXP 	welcome: text = 'There will be four questions to answer per story.'
57.7605 	EXP 	text_12: text = '(press the space bar to continue)'
57.7605 	EXP 	welcome: autoDraw = True
57.7605 	EXP 	text_12: autoDraw = True
60.6451 	DATA 	Keypress: space
60.6458 	EXP 	New trial (rep=0, index=3): OrderedDict([('instruct_text', 'These questions are determined by the perspective you take during the story. '), ('instruct_text2', None)])
60.6766 	EXP 	welcome: autoDraw = False
60.6766 	EXP 	text_12: autoDraw = False
60.6766 	EXP 	welcome: text = 'These questions are determined by the perspective you take during the story. '
60.6766 	EXP 	text_12: text = '(press the space bar to continue)'
60.6766 	EXP 	welcome: autoDraw = True
60.6766 	EXP 	text_12: autoDraw = True
66.1966 	DATA 	Keypress: space
66.1973 	EXP 	New trial (rep=0, index=4): OrderedDict([('instruct_text', 'The questions will be the same for the stories read with the same perspective. '), ('instruct_text2', None)])
66.2285 	EXP 	welcome: autoDraw = False
66.2285 	EXP 	text_12: autoDraw = False
66.2285 	EXP 	welcome: text = 'The questions will be the same for the stories read with the same perspective. '
66.2285 	EXP 	text_12: text = '(press the space bar to continue)'
66.2285 	EXP 	welcome: autoDraw = True
66.2285 	EXP 	text_12: autoDraw = True
105.2922 	DATA 	Keypress: escape
105.5674 	EXP 	window1: mouseVisible = True
