3.5814 	WARNING 	User requested fullscreen with size [1024  768], but screen is actually [2560, 1440]. Using actual size
4.2359 	EXP 	Created window1 = Window(allowGUI=False, allowStencil=False, args=UNKNOWN, autoLog=True, bitsMode=UNKNOWN, blendMode='avg', color=array([0., 0., 0.]), colorSpace='rgb', fullscr=<method-wrapper '__getattribute__' of attributeSetter object at 0x124016fd0>, gamma=None, kwargs=UNKNOWN, lms=UNKNOWN, monitor=<psychopy.monitors.calibTools.Monitor object at 0x1275ab198>, multiSample=False, name='window1', numSamples=2, pos=[0.0, 0.0], screen=0, size=array([5120, 2880]), stereo=False, units='norm', useFBO=True, useRetina=True, viewOri=0.0, viewPos=None, viewScale=None, waitBlanking=True, winType='pyglet')
4.2359 	EXP 	window1: recordFrameIntervals = False
4.4018 	EXP 	window1: recordFrameIntervals = True
4.5852 	EXP 	window1: recordFrameIntervals = False
4.6497 	EXP 	Created text_8 = TextStim(__class__=<class 'psychopy.visual.text.TextStim'>, alignHoriz='center', alignVert='center', antialias=True, autoLog=True, bold=False, color='white', colorSpace='named', contrast=1.0, depth=0.0, flipHoriz=False, flipVert=False, font='Arial', fontFiles=[], height=0.1, italic=False, languageStyle='LTR', name='text_8', opacity=1.0, ori=0, pos=array([ 0. , -0.4]), rgb=array([255., 255., 255.]), text='default text', units='norm', win=Window(...), wrapWidth=1)
4.6531 	EXP 	Created text_9 = TextStim(__class__=<class 'psychopy.visual.text.TextStim'>, alignHoriz='center', alignVert='center', antialias=True, autoLog=True, bold=False, color='white', colorSpace='named', contrast=1.0, depth=-1.0, flipHoriz=False, flipVert=False, font='Arial', fontFiles=[], height=0.1, italic=False, languageStyle='LTR', name='text_9', opacity=1.0, ori=0, pos=array([-0.25,  0.25]), rgb=array([255., 255., 255.]), text='default text', units='norm', win=Window(...), wrapWidth=0.5)
4.6547 	EXP 	Created image_5 = ImageStim(__class__=<class 'psychopy.visual.image.ImageStim'>, autoLog=True, color=array([1., 1., 1.]), colorSpace='rgb', contrast=1.0, depth=-2.0, flipHoriz=False, flipVert=False, image='sin', interpolate=True, mask=None, maskParams=None, name='image_5', opacity=1.0, ori=0.0, pos=array([0.25, 0.25]), size=array([0.5, 0.5]), texRes=128, units='norm', win=Window(...))
4.6582 	EXP 	Created text_10 = TextStim(__class__=<class 'psychopy.visual.text.TextStim'>, alignHoriz='center', alignVert='center', antialias=True, autoLog=True, bold=False, color='white', colorSpace='named', contrast=1.0, depth=0.0, flipHoriz=False, flipVert=False, font='Arial', fontFiles=[], height=0.1, italic=False, languageStyle='LTR', name='text_10', opacity=1.0, ori=0, pos=array([ 0. , -0.4]), rgb=array([255., 255., 255.]), text='default text', units='norm', win=Window(...), wrapWidth=1)
4.6616 	EXP 	Created text_11 = TextStim(__class__=<class 'psychopy.visual.text.TextStim'>, alignHoriz='center', alignVert='center', antialias=True, autoLog=True, bold=False, color='white', colorSpace='named', contrast=1.0, depth=-1.0, flipHoriz=False, flipVert=False, font='Arial', fontFiles=[], height=0.1, italic=False, languageStyle='LTR', name='text_11', opacity=1.0, ori=0, pos=array([-0.25,  0.25]), rgb=array([255., 255., 255.]), text='default text', units='norm', win=Window(...), wrapWidth=0.5)
4.6629 	EXP 	Created image_6 = ImageStim(__class__=<class 'psychopy.visual.image.ImageStim'>, autoLog=True, color=array([1., 1., 1.]), colorSpace='rgb', contrast=1.0, depth=-2.0, flipHoriz=False, flipVert=False, image='sin', interpolate=True, mask=None, maskParams=None, name='image_6', opacity=1.0, ori=0.0, pos=array([0.25, 0.25]), size=array([0.5, 0.5]), texRes=128, units='norm', win=Window(...))
4.6665 	EXP 	Created text_13 = TextStim(__class__=<class 'psychopy.visual.text.TextStim'>, alignHoriz='center', alignVert='center', antialias=True, autoLog=True, bold=False, color='white', colorSpace='named', contrast=1.0, depth=0.0, flipHoriz=False, flipVert=False, font='Arial', fontFiles=[], height=0.1, italic=False, languageStyle='LTR', name='text_13', opacity=1.0, ori=0, pos=array([ 0. , -0.4]), rgb=array([255., 255., 255.]), text='default text', units='norm', win=Window(...), wrapWidth=1)
4.6700 	EXP 	Created text_14 = TextStim(__class__=<class 'psychopy.visual.text.TextStim'>, alignHoriz='center', alignVert='center', antialias=True, autoLog=True, bold=False, color='white', colorSpace='named', contrast=1.0, depth=-1.0, flipHoriz=False, flipVert=False, font='Arial', fontFiles=[], height=0.1, italic=False, languageStyle='LTR', name='text_14', opacity=1.0, ori=0, pos=array([-0.25,  0.25]), rgb=array([255., 255., 255.]), text='default text', units='norm', win=Window(...), wrapWidth=0.5)
4.6713 	EXP 	Created image_7 = ImageStim(__class__=<class 'psychopy.visual.image.ImageStim'>, autoLog=True, color=array([1., 1., 1.]), colorSpace='rgb', contrast=1.0, depth=-2.0, flipHoriz=False, flipVert=False, image='sin', interpolate=True, mask=None, maskParams=None, name='image_7', opacity=1.0, ori=0.0, pos=array([0.25, 0.25]), size=array([0.5, 0.5]), texRes=128, units='norm', win=Window(...))
4.6748 	EXP 	Created text_15 = TextStim(__class__=<class 'psychopy.visual.text.TextStim'>, alignHoriz='center', alignVert='center', antialias=True, autoLog=True, bold=False, color='white', colorSpace='named', contrast=1.0, depth=0.0, flipHoriz=False, flipVert=False, font='Arial', fontFiles=[], height=0.1, italic=False, languageStyle='LTR', name='text_15', opacity=1.0, ori=0, pos=array([ 0. , -0.4]), rgb=array([255., 255., 255.]), text='default text', units='norm', win=Window(...), wrapWidth=1)
4.6782 	EXP 	Created text_16 = TextStim(__class__=<class 'psychopy.visual.text.TextStim'>, alignHoriz='center', alignVert='center', antialias=True, autoLog=True, bold=False, color='white', colorSpace='named', contrast=1.0, depth=-1.0, flipHoriz=False, flipVert=False, font='Arial', fontFiles=[], height=0.1, italic=False, languageStyle='LTR', name='text_16', opacity=1.0, ori=0, pos=array([-0.25,  0.25]), rgb=array([255., 255., 255.]), text='default text', units='norm', win=Window(...), wrapWidth=0.5)
4.6795 	EXP 	Created image_8 = ImageStim(__class__=<class 'psychopy.visual.image.ImageStim'>, autoLog=True, color=array([1., 1., 1.]), colorSpace='rgb', contrast=1.0, depth=-2.0, flipHoriz=False, flipVert=False, image='sin', interpolate=True, mask=None, maskParams=None, name='image_8', opacity=1.0, ori=0.0, pos=array([0.25, 0.25]), size=array([0.5, 0.5]), texRes=128, units='norm', win=Window(...))
4.6832 	EXP 	Created question1 = TextStim(__class__=<class 'psychopy.visual.text.TextStim'>, alignHoriz='center', alignVert='center', antialias=True, autoLog=True, bold=False, color='white', colorSpace='named', contrast=1.0, depth=-1.0, flipHoriz=False, flipVert=False, font='Arial', fontFiles=[], height=0.1, italic=False, languageStyle='LTR', name='question1', opacity=1.0, ori=0, pos=array([0. , 0.6]), rgb=array([255., 255., 255.]), text='default text', units='norm', win=Window(...), wrapWidth=2)
4.6866 	EXP 	Created question2 = TextStim(__class__=<class 'psychopy.visual.text.TextStim'>, alignHoriz='center', alignVert='center', antialias=True, autoLog=True, bold=False, color='white', colorSpace='named', contrast=1.0, depth=-1.0, flipHoriz=False, flipVert=False, font='Arial', fontFiles=[], height=0.1, italic=False, languageStyle='LTR', name='question2', opacity=1.0, ori=0, pos=array([0.  , 0.35]), rgb=array([255., 255., 255.]), text='default text', units='norm', win=Window(...), wrapWidth=2)
4.6900 	EXP 	Created question3 = TextStim(__class__=<class 'psychopy.visual.text.TextStim'>, alignHoriz='center', alignVert='center', antialias=True, autoLog=True, bold=False, color='white', colorSpace='named', contrast=1.0, depth=-1.0, flipHoriz=False, flipVert=False, font='Arial', fontFiles=[], height=0.1, italic=False, languageStyle='LTR', name='question3', opacity=1.0, ori=0, pos=array([0.  , 0.12]), rgb=array([255., 255., 255.]), text='default text', units='norm', win=Window(...), wrapWidth=2)
4.6935 	EXP 	Created question4 = TextStim(__class__=<class 'psychopy.visual.text.TextStim'>, alignHoriz='center', alignVert='center', antialias=True, autoLog=True, bold=False, color='white', colorSpace='named', contrast=1.0, depth=-1.0, flipHoriz=False, flipVert=False, font='Arial', fontFiles=[], height=0.1, italic=False, languageStyle='LTR', name='question4', opacity=1.0, ori=0, pos=array([ 0.  , -0.12]), rgb=array([255., 255., 255.]), text='default text', units='norm', win=Window(...), wrapWidth=2)
4.6969 	EXP 	Created question5 = TextStim(__class__=<class 'psychopy.visual.text.TextStim'>, alignHoriz='center', alignVert='center', antialias=True, autoLog=True, bold=False, color='white', colorSpace='named', contrast=1.0, depth=-1.0, flipHoriz=False, flipVert=False, font='Arial', fontFiles=[], height=0.1, italic=False, languageStyle='LTR', name='question5', opacity=1.0, ori=0, pos=array([ 0.  , -0.35]), rgb=array([255., 255., 255.]), text='default text', units='norm', win=Window(...), wrapWidth=2)
4.7017 	EXP 	Created question6 = TextStim(__class__=<class 'psychopy.visual.text.TextStim'>, alignHoriz='center', alignVert='center', antialias=True, autoLog=True, bold=False, color='white', colorSpace='named', contrast=1.0, depth=-1.0, flipHoriz=False, flipVert=False, font='Arial', fontFiles=[], height=0.1, italic=False, languageStyle='LTR', name='question6', opacity=1.0, ori=0, pos=array([ 0. , -0.6]), rgb=array([255., 255., 255.]), text='default text', units='norm', win=Window(...), wrapWidth=2)
4.7093 	EXP 	Created text = TextStim(__class__=<class 'psychopy.visual.text.TextStim'>, alignHoriz='center', alignVert='center', antialias=True, autoLog=True, bold=False, color='white', colorSpace='named', contrast=1.0, depth=0.0, flipHoriz=False, flipVert=False, font='Arial', fontFiles=[], height=0.1, italic=False, languageStyle='LTR', name='text', opacity=1.0, ori=0, pos=array([0., 0.]), rgb=array([255., 255., 255.]), text='end of introduction', units='norm', win=Window(...), wrapWidth=1)
4.7183 	EXP 	Imported whichRole.xlsx as conditions, 8 conditions, 8 params
4.7186 	EXP 	Created sequence: random, trialTypes=8, nReps=1, seed=None
4.7189 	EXP 	New trial (rep=0, index=0): OrderedDict([('Q1', 'When the clients arrive at the airport, how much time do they have to go through?\n'), ('Q2', 'What do the clients have do at security to comply with the security check?\n'), ('Q3', 'How do the clients feel when they are \xa0walking to the gates?\n'), ('Q4', 'Where does each client sit on the plane?'), ('D1', 'Are the security guides friendly or rude?'), ('D2', 'Are the airport restrooms clean?'), ('roleName', 'Airport Customer Experience Manager'), ('rolePic', 'acem.jpg')])
4.7192 	EXP 	Created sequence: sequential, trialTypes=1, nReps=5, seed=None
4.7193 	EXP 	New trial (rep=0, index=0): None
4.8184 	EXP 	text_8: text = 'When the clients arrive at the airport, how much time do they have to go through?\n'
4.8184 	EXP 	text_9: text = 'Airport Customer Experience Manager'
4.8184 	EXP 	image_5: image = 'acem.jpg'
4.8184 	EXP 	text_8: autoDraw = True
4.8184 	EXP 	text_9: autoDraw = True
4.8184 	EXP 	image_5: autoDraw = True
5.2712 	DATA 	Keypress: space
5.3184 	EXP 	text_8: autoDraw = False
5.3184 	EXP 	text_9: autoDraw = False
5.3184 	EXP 	image_5: autoDraw = False
5.3184 	EXP 	text_10: text = 'What do the clients have do at security to comply with the security check?\n'
5.3184 	EXP 	text_11: text = 'Airport Customer Experience Manager'
5.3184 	EXP 	image_6: image = 'acem.jpg'
5.3184 	EXP 	text_10: autoDraw = True
5.3184 	EXP 	text_11: autoDraw = True
5.3184 	EXP 	image_6: autoDraw = True
5.6202 	DATA 	Keypress: space
5.6686 	EXP 	text_10: autoDraw = False
5.6686 	EXP 	text_11: autoDraw = False
5.6686 	EXP 	image_6: autoDraw = False
5.6686 	EXP 	text_13: text = 'How do the clients feel when they are \xa0walking to the gates?\n'
5.6686 	EXP 	text_14: text = 'Airport Customer Experience Manager'
5.6686 	EXP 	image_7: image = 'acem.jpg'
5.6686 	EXP 	text_13: autoDraw = True
5.6686 	EXP 	text_14: autoDraw = True
5.6686 	EXP 	image_7: autoDraw = True
6.1033 	DATA 	Keypress: space
6.1524 	EXP 	text_13: autoDraw = False
6.1524 	EXP 	text_14: autoDraw = False
6.1524 	EXP 	image_7: autoDraw = False
6.1524 	EXP 	text_15: text = 'Where does each client sit on the plane?'
6.1524 	EXP 	text_16: text = 'Airport Customer Experience Manager'
6.1524 	EXP 	image_8: image = 'acem.jpg'
6.1524 	EXP 	text_15: autoDraw = True
6.1524 	EXP 	text_16: autoDraw = True
6.1524 	EXP 	image_8: autoDraw = True
6.6042 	DATA 	Keypress: space
6.6094 	EXP 	Created unnamed ImageStim = ImageStim(__class__=<class 'psychopy.visual.image.ImageStim'>, autoLog=True, color=array([1., 1., 1.]), colorSpace='rgb', contrast=1.0, depth=0, flipHoriz=False, flipVert=False, image='checkmark.png', interpolate=False, mask=None, maskParams=None, name='unnamed ImageStim', opacity=1.0, ori=0.0, pos=array([0., 0.]), size=array([0.2703125 , 0.47222222]), texRes=128, units='norm', win=Window(...))
6.7317 	EXP 	Created unnamed ImageStim = ImageStim(__class__=<class 'psychopy.visual.image.ImageStim'>, autoLog=True, color=array([1., 1., 1.]), colorSpace='rgb', contrast=1.0, depth=0, flipHoriz=False, flipVert=False, image='redx.png', interpolate=False, mask=None, maskParams=None, name='unnamed ImageStim', opacity=1.0, ori=0.0, pos=array([0., 0.]), size=array([1.5625    , 2.77777778]), texRes=128, units='norm', win=Window(...))
6.7450 	EXP 	Created unnamed ImageStim = ImageStim(__class__=<class 'psychopy.visual.image.ImageStim'>, autoLog=True, color=array([1., 1., 1.]), colorSpace='rgb', contrast=1.0, depth=0, flipHoriz=False, flipVert=False, image='thumbsup.png', interpolate=False, mask=None, maskParams=None, name='unnamed ImageStim', opacity=1.0, ori=0.0, pos=array([0., 0.]), size=array([0.375 , 0.7125]), texRes=128, units='norm', win=Window(...))
6.8192 	EXP 	text_15: autoDraw = False
6.8192 	EXP 	text_16: autoDraw = False
6.8192 	EXP 	image_8: autoDraw = False
6.8192 	EXP 	question1: text = '1: Are the security guides friendly or rude?'
6.8192 	EXP 	question2: text = '2: Where does each client sit on the plane?'
6.8192 	EXP 	question3: text = '3: Are the airport restrooms clean?'
6.8192 	EXP 	question4: text = '4: What do the clients have do at security to comply with the security check?\n'
6.8192 	EXP 	question5: text = '5: How do the clients feel when they are \xa0walking to the gates?\n'
6.8192 	EXP 	question6: text = '6: When the clients arrive at the airport, how much time do they have to go through?\n'
6.8192 	EXP 	question1: autoDraw = True
6.8192 	EXP 	question2: autoDraw = True
6.8192 	EXP 	question3: autoDraw = True
6.8192 	EXP 	question4: autoDraw = True
6.8192 	EXP 	question5: autoDraw = True
6.8192 	EXP 	question6: autoDraw = True
10.1052 	DATA 	Keypress: 2
12.3234 	DATA 	Keypress: 4
14.6234 	DATA 	Keypress: 5
17.2242 	DATA 	Keypress: 6
18.4075 	EXP 	New trial (rep=0, index=1): OrderedDict([('Q1', 'How does the person who proposed feel before proposing?\n'), ('Q2', 'What is the ring like?\n'), ('Q3', 'Does anyone besides the person proposing help with the proposal?\n'), ('Q4', 'Who witnessed the “yes”?\n'), ('D1', 'Is anyone taking pictures of the proposal?'), ('D2', 'How long does the proposal take?'), ('roleName', 'Wedding Planner'), ('rolePic', 'weddingplanner.jpg')])
18.4078 	EXP 	Created sequence: sequential, trialTypes=1, nReps=5, seed=None
18.4080 	EXP 	New trial (rep=0, index=0): None
18.7576 	EXP 	question1: autoDraw = False
18.7576 	EXP 	question2: autoDraw = False
18.7576 	EXP 	question3: autoDraw = False
18.7576 	EXP 	question4: autoDraw = False
18.7576 	EXP 	question5: autoDraw = False
18.7576 	EXP 	question6: autoDraw = False
18.7576 	EXP 	text_8: text = 'How does the person who proposed feel before proposing?\n'
18.7576 	EXP 	text_9: text = 'Wedding Planner'
18.7576 	EXP 	image_5: image = 'weddingplanner.jpg'
18.7576 	EXP 	text_8: autoDraw = True
18.7576 	EXP 	text_9: autoDraw = True
18.7576 	EXP 	image_5: autoDraw = True
19.3248 	DATA 	Keypress: space
19.6244 	EXP 	text_8: autoDraw = False
19.6244 	EXP 	text_9: autoDraw = False
19.6244 	EXP 	image_5: autoDraw = False
19.6244 	EXP 	text_10: text = 'What is the ring like?\n'
19.6244 	EXP 	text_11: text = 'Wedding Planner'
19.6244 	EXP 	image_6: image = 'weddingplanner.jpg'
19.6244 	EXP 	text_10: autoDraw = True
19.6244 	EXP 	text_11: autoDraw = True
19.6244 	EXP 	image_6: autoDraw = True
19.9089 	DATA 	Keypress: space
20.2233 	EXP 	text_10: autoDraw = False
20.2233 	EXP 	text_11: autoDraw = False
20.2233 	EXP 	image_6: autoDraw = False
20.2233 	EXP 	text_13: text = 'Does anyone besides the person proposing help with the proposal?\n'
20.2233 	EXP 	text_14: text = 'Wedding Planner'
20.2233 	EXP 	image_7: image = 'weddingplanner.jpg'
20.2233 	EXP 	text_13: autoDraw = True
20.2233 	EXP 	text_14: autoDraw = True
20.2233 	EXP 	image_7: autoDraw = True
20.6581 	DATA 	Keypress: space
20.9737 	EXP 	text_13: autoDraw = False
20.9737 	EXP 	text_14: autoDraw = False
20.9737 	EXP 	image_7: autoDraw = False
20.9737 	EXP 	text_15: text = 'Who witnessed the “yes”?\n'
20.9737 	EXP 	text_16: text = 'Wedding Planner'
20.9737 	EXP 	image_8: image = 'weddingplanner.jpg'
20.9737 	EXP 	text_15: autoDraw = True
20.9737 	EXP 	text_16: autoDraw = True
20.9737 	EXP 	image_8: autoDraw = True
21.4086 	DATA 	Keypress: space
21.4137 	EXP 	Created unnamed ImageStim = ImageStim(__class__=<class 'psychopy.visual.image.ImageStim'>, autoLog=True, color=array([1., 1., 1.]), colorSpace='rgb', contrast=1.0, depth=0, flipHoriz=False, flipVert=False, image='checkmark.png', interpolate=False, mask=None, maskParams=None, name='unnamed ImageStim', opacity=1.0, ori=0.0, pos=array([0., 0.]), size=array([0.2703125 , 0.47222222]), texRes=128, units='norm', win=Window(...))
21.5191 	EXP 	Created unnamed ImageStim = ImageStim(__class__=<class 'psychopy.visual.image.ImageStim'>, autoLog=True, color=array([1., 1., 1.]), colorSpace='rgb', contrast=1.0, depth=0, flipHoriz=False, flipVert=False, image='redx.png', interpolate=False, mask=None, maskParams=None, name='unnamed ImageStim', opacity=1.0, ori=0.0, pos=array([0., 0.]), size=array([1.5625    , 2.77777778]), texRes=128, units='norm', win=Window(...))
21.5310 	EXP 	Created unnamed ImageStim = ImageStim(__class__=<class 'psychopy.visual.image.ImageStim'>, autoLog=True, color=array([1., 1., 1.]), colorSpace='rgb', contrast=1.0, depth=0, flipHoriz=False, flipVert=False, image='thumbsup.png', interpolate=False, mask=None, maskParams=None, name='unnamed ImageStim', opacity=1.0, ori=0.0, pos=array([0., 0.]), size=array([0.375 , 0.7125]), texRes=128, units='norm', win=Window(...))
21.6046 	EXP 	text_15: autoDraw = False
21.6046 	EXP 	text_16: autoDraw = False
21.6046 	EXP 	image_8: autoDraw = False
21.6046 	EXP 	question1: text = '1: Does anyone besides the person proposing help with the proposal?\n'
21.6046 	EXP 	question2: text = '2: Is anyone taking pictures of the proposal?'
21.6046 	EXP 	question3: text = '3: How long does the proposal take?'
21.6046 	EXP 	question4: text = '4: What is the ring like?\n'
21.6046 	EXP 	question5: text = '5: Who witnessed the “yes”?\n'
21.6046 	EXP 	question6: text = '6: How does the person who proposed feel before proposing?\n'
21.6046 	EXP 	question1: autoDraw = True
21.6046 	EXP 	question2: autoDraw = True
21.6046 	EXP 	question3: autoDraw = True
21.6046 	EXP 	question4: autoDraw = True
21.6046 	EXP 	question5: autoDraw = True
21.6046 	EXP 	question6: autoDraw = True
24.2931 	DATA 	Keypress: 1
25.5936 	DATA 	Keypress: 2
27.4110 	DATA 	Keypress: escape
27.6100 	EXP 	New trial (rep=1, index=0): None
27.8770 	EXP 	question1: autoDraw = False
27.8770 	EXP 	question2: autoDraw = False
27.8770 	EXP 	question3: autoDraw = False
27.8770 	EXP 	question4: autoDraw = False
27.8770 	EXP 	question5: autoDraw = False
27.8770 	EXP 	question6: autoDraw = False
27.8770 	EXP 	text_8: text = 'How does the person who proposed feel before proposing?\n'
27.8770 	EXP 	text_9: text = 'Wedding Planner'
27.8770 	EXP 	image_5: image = 'weddingplanner.jpg'
27.8770 	EXP 	text_8: autoDraw = True
27.8770 	EXP 	text_9: autoDraw = True
27.8770 	EXP 	image_5: autoDraw = True
28.2283 	DATA 	Keypress: escape
28.5017 	EXP 	window1: mouseVisible = True
