3.7166 	WARNING 	User requested fullscreen with size [1024  768], but screen is actually [2560, 1440]. Using actual size
4.4749 	EXP 	Created window1 = Window(allowGUI=False, allowStencil=False, args=UNKNOWN, autoLog=True, bitsMode=UNKNOWN, blendMode='avg', color=array([0., 0., 0.]), colorSpace='rgb', fullscr=<method-wrapper '__getattribute__' of attributeSetter object at 0x1237aefd0>, gamma=None, kwargs=UNKNOWN, lms=UNKNOWN, monitor=<psychopy.monitors.calibTools.Monitor object at 0x12292b198>, multiSample=False, name='window1', numSamples=2, pos=[0.0, 0.0], screen=0, size=array([5120, 2880]), stereo=False, units='norm', useFBO=True, useRetina=True, viewOri=0.0, viewPos=None, viewScale=None, waitBlanking=True, winType='pyglet')
4.4749 	EXP 	window1: recordFrameIntervals = False
4.6449 	EXP 	window1: recordFrameIntervals = True
4.7285 	WARNING 	t of last frame was 21.33ms (=1/46)
4.7953 	WARNING 	t of last frame was 20.43ms (=1/48)
4.9747 	EXP 	window1: recordFrameIntervals = False
5.0393 	EXP 	Created text_8 = TextStim(__class__=<class 'psychopy.visual.text.TextStim'>, alignHoriz='center', alignVert='center', antialias=True, autoLog=True, bold=False, color='white', colorSpace='named', contrast=1.0, depth=0.0, flipHoriz=False, flipVert=False, font='Arial', fontFiles=[], height=0.1, italic=False, languageStyle='LTR', name='text_8', opacity=1.0, ori=0, pos=array([ 0. , -0.4]), rgb=array([255., 255., 255.]), text='default text', units='norm', win=Window(...), wrapWidth=1)
5.0427 	EXP 	Created text_9 = TextStim(__class__=<class 'psychopy.visual.text.TextStim'>, alignHoriz='center', alignVert='center', antialias=True, autoLog=True, bold=False, color='white', colorSpace='named', contrast=1.0, depth=-1.0, flipHoriz=False, flipVert=False, font='Arial', fontFiles=[], height=0.1, italic=False, languageStyle='LTR', name='text_9', opacity=1.0, ori=0, pos=array([-0.25,  0.25]), rgb=array([255., 255., 255.]), text='default text', units='norm', win=Window(...), wrapWidth=1)
5.0443 	EXP 	Created image_5 = ImageStim(__class__=<class 'psychopy.visual.image.ImageStim'>, autoLog=True, color=array([1., 1., 1.]), colorSpace='rgb', contrast=1.0, depth=-2.0, flipHoriz=False, flipVert=False, image='sin', interpolate=True, mask=None, maskParams=None, name='image_5', opacity=1.0, ori=0.0, pos=array([0.25, 0.25]), size=array([0.5, 0.5]), texRes=128, units='norm', win=Window(...))
5.0479 	EXP 	Created text_10 = TextStim(__class__=<class 'psychopy.visual.text.TextStim'>, alignHoriz='center', alignVert='center', antialias=True, autoLog=True, bold=False, color='white', colorSpace='named', contrast=1.0, depth=0.0, flipHoriz=False, flipVert=False, font='Arial', fontFiles=[], height=0.1, italic=False, languageStyle='LTR', name='text_10', opacity=1.0, ori=0, pos=array([ 0. , -0.4]), rgb=array([255., 255., 255.]), text='default text', units='norm', win=Window(...), wrapWidth=1)
5.0514 	EXP 	Created text_11 = TextStim(__class__=<class 'psychopy.visual.text.TextStim'>, alignHoriz='center', alignVert='center', antialias=True, autoLog=True, bold=False, color='white', colorSpace='named', contrast=1.0, depth=-1.0, flipHoriz=False, flipVert=False, font='Arial', fontFiles=[], height=0.1, italic=False, languageStyle='LTR', name='text_11', opacity=1.0, ori=0, pos=array([-0.25,  0.25]), rgb=array([255., 255., 255.]), text='default text', units='norm', win=Window(...), wrapWidth=1)
5.0527 	EXP 	Created image_6 = ImageStim(__class__=<class 'psychopy.visual.image.ImageStim'>, autoLog=True, color=array([1., 1., 1.]), colorSpace='rgb', contrast=1.0, depth=-2.0, flipHoriz=False, flipVert=False, image='sin', interpolate=True, mask=None, maskParams=None, name='image_6', opacity=1.0, ori=0.0, pos=array([0.25, 0.25]), size=array([0.5, 0.5]), texRes=128, units='norm', win=Window(...))
5.0565 	EXP 	Created text_13 = TextStim(__class__=<class 'psychopy.visual.text.TextStim'>, alignHoriz='center', alignVert='center', antialias=True, autoLog=True, bold=False, color='white', colorSpace='named', contrast=1.0, depth=0.0, flipHoriz=False, flipVert=False, font='Arial', fontFiles=[], height=0.1, italic=False, languageStyle='LTR', name='text_13', opacity=1.0, ori=0, pos=array([ 0. , -0.4]), rgb=array([255., 255., 255.]), text='default text', units='norm', win=Window(...), wrapWidth=1)
5.0599 	EXP 	Created text_14 = TextStim(__class__=<class 'psychopy.visual.text.TextStim'>, alignHoriz='center', alignVert='center', antialias=True, autoLog=True, bold=False, color='white', colorSpace='named', contrast=1.0, depth=-1.0, flipHoriz=False, flipVert=False, font='Arial', fontFiles=[], height=0.1, italic=False, languageStyle='LTR', name='text_14', opacity=1.0, ori=0, pos=array([-0.25,  0.25]), rgb=array([255., 255., 255.]), text='default text', units='norm', win=Window(...), wrapWidth=1)
5.0612 	EXP 	Created image_7 = ImageStim(__class__=<class 'psychopy.visual.image.ImageStim'>, autoLog=True, color=array([1., 1., 1.]), colorSpace='rgb', contrast=1.0, depth=-2.0, flipHoriz=False, flipVert=False, image='sin', interpolate=True, mask=None, maskParams=None, name='image_7', opacity=1.0, ori=0.0, pos=array([0.25, 0.25]), size=array([0.5, 0.5]), texRes=128, units='norm', win=Window(...))
5.0647 	EXP 	Created text_15 = TextStim(__class__=<class 'psychopy.visual.text.TextStim'>, alignHoriz='center', alignVert='center', antialias=True, autoLog=True, bold=False, color='white', colorSpace='named', contrast=1.0, depth=0.0, flipHoriz=False, flipVert=False, font='Arial', fontFiles=[], height=0.1, italic=False, languageStyle='LTR', name='text_15', opacity=1.0, ori=0, pos=array([ 0. , -0.4]), rgb=array([255., 255., 255.]), text='default text', units='norm', win=Window(...), wrapWidth=1)
5.0680 	EXP 	Created text_16 = TextStim(__class__=<class 'psychopy.visual.text.TextStim'>, alignHoriz='center', alignVert='center', antialias=True, autoLog=True, bold=False, color='white', colorSpace='named', contrast=1.0, depth=-1.0, flipHoriz=False, flipVert=False, font='Arial', fontFiles=[], height=0.1, italic=False, languageStyle='LTR', name='text_16', opacity=1.0, ori=0, pos=array([-0.25,  0.25]), rgb=array([255., 255., 255.]), text='default text', units='norm', win=Window(...), wrapWidth=1)
5.0693 	EXP 	Created image_8 = ImageStim(__class__=<class 'psychopy.visual.image.ImageStim'>, autoLog=True, color=array([1., 1., 1.]), colorSpace='rgb', contrast=1.0, depth=-2.0, flipHoriz=False, flipVert=False, image='sin', interpolate=True, mask=None, maskParams=None, name='image_8', opacity=1.0, ori=0.0, pos=array([0.25, 0.25]), size=array([0.5, 0.5]), texRes=128, units='norm', win=Window(...))
5.0730 	EXP 	Created question1 = TextStim(__class__=<class 'psychopy.visual.text.TextStim'>, alignHoriz='center', alignVert='center', antialias=True, autoLog=True, bold=False, color='white', colorSpace='named', contrast=1.0, depth=-1.0, flipHoriz=False, flipVert=False, font='Arial', fontFiles=[], height=0.1, italic=False, languageStyle='LTR', name='question1', opacity=1.0, ori=0, pos=array([0. , 0.6]), rgb=array([255., 255., 255.]), text='default text', units='norm', win=Window(...), wrapWidth=2)
5.0763 	EXP 	Created question2 = TextStim(__class__=<class 'psychopy.visual.text.TextStim'>, alignHoriz='center', alignVert='center', antialias=True, autoLog=True, bold=False, color='white', colorSpace='named', contrast=1.0, depth=-1.0, flipHoriz=False, flipVert=False, font='Arial', fontFiles=[], height=0.1, italic=False, languageStyle='LTR', name='question2', opacity=1.0, ori=0, pos=array([0.  , 0.35]), rgb=array([255., 255., 255.]), text='default text', units='norm', win=Window(...), wrapWidth=2)
5.0797 	EXP 	Created question3 = TextStim(__class__=<class 'psychopy.visual.text.TextStim'>, alignHoriz='center', alignVert='center', antialias=True, autoLog=True, bold=False, color='white', colorSpace='named', contrast=1.0, depth=-1.0, flipHoriz=False, flipVert=False, font='Arial', fontFiles=[], height=0.1, italic=False, languageStyle='LTR', name='question3', opacity=1.0, ori=0, pos=array([0.  , 0.12]), rgb=array([255., 255., 255.]), text='default text', units='norm', win=Window(...), wrapWidth=2)
5.0831 	EXP 	Created question4 = TextStim(__class__=<class 'psychopy.visual.text.TextStim'>, alignHoriz='center', alignVert='center', antialias=True, autoLog=True, bold=False, color='white', colorSpace='named', contrast=1.0, depth=-1.0, flipHoriz=False, flipVert=False, font='Arial', fontFiles=[], height=0.1, italic=False, languageStyle='LTR', name='question4', opacity=1.0, ori=0, pos=array([ 0.  , -0.12]), rgb=array([255., 255., 255.]), text='default text', units='norm', win=Window(...), wrapWidth=2)
5.0864 	EXP 	Created question5 = TextStim(__class__=<class 'psychopy.visual.text.TextStim'>, alignHoriz='center', alignVert='center', antialias=True, autoLog=True, bold=False, color='white', colorSpace='named', contrast=1.0, depth=-1.0, flipHoriz=False, flipVert=False, font='Arial', fontFiles=[], height=0.1, italic=False, languageStyle='LTR', name='question5', opacity=1.0, ori=0, pos=array([ 0.  , -0.35]), rgb=array([255., 255., 255.]), text='default text', units='norm', win=Window(...), wrapWidth=2)
5.0912 	EXP 	Created question6 = TextStim(__class__=<class 'psychopy.visual.text.TextStim'>, alignHoriz='center', alignVert='center', antialias=True, autoLog=True, bold=False, color='white', colorSpace='named', contrast=1.0, depth=-1.0, flipHoriz=False, flipVert=False, font='Arial', fontFiles=[], height=0.1, italic=False, languageStyle='LTR', name='question6', opacity=1.0, ori=0, pos=array([ 0. , -0.6]), rgb=array([255., 255., 255.]), text='default text', units='norm', win=Window(...), wrapWidth=2)
5.0987 	EXP 	Created text = TextStim(__class__=<class 'psychopy.visual.text.TextStim'>, alignHoriz='center', alignVert='center', antialias=True, autoLog=True, bold=False, color='white', colorSpace='named', contrast=1.0, depth=0.0, flipHoriz=False, flipVert=False, font='Arial', fontFiles=[], height=0.1, italic=False, languageStyle='LTR', name='text', opacity=1.0, ori=0, pos=array([0., 0.]), rgb=array([255., 255., 255.]), text='end of introduction', units='norm', win=Window(...), wrapWidth=1)
5.1077 	EXP 	Imported whichRole.xlsx as conditions, 8 conditions, 8 params
5.1079 	EXP 	Created sequence: random, trialTypes=8, nReps=1, seed=None
5.1082 	EXP 	New trial (rep=0, index=0): OrderedDict([('Q1', 'How does the person who is initiating the breakup feel before they do it?\n'), ('Q2', 'Why does the initiator want to break up?\n'), ('Q3', 'How does the person being broken up with respond?\n'), ('Q4', 'Do the partners leave on good terms?'), ('D1', 'Does the person being broken up with expect that this is coming?'), ('D2', 'For how long has the initiator been wanting to break up?'), ('roleName', 'Couples Therapist\n'), ('rolePic', 'couples.jpeg')])
5.1085 	EXP 	Created sequence: sequential, trialTypes=1, nReps=5, seed=None
5.1086 	EXP 	New trial (rep=0, index=0): None
5.2080 	EXP 	text_8: text = 'How does the person who is initiating the breakup feel before they do it?\n'
5.2080 	EXP 	text_9: text = 'Couples Therapist\n'
5.2080 	EXP 	image_5: image = 'couples.jpeg'
5.2080 	EXP 	text_8: autoDraw = True
5.2080 	EXP 	text_9: autoDraw = True
5.2080 	EXP 	image_5: autoDraw = True
5.9429 	DATA 	Keypress: space
5.9905 	EXP 	text_8: autoDraw = False
5.9905 	EXP 	text_9: autoDraw = False
5.9905 	EXP 	image_5: autoDraw = False
5.9905 	EXP 	text_10: text = 'Why does the initiator want to break up?\n'
5.9905 	EXP 	text_11: text = 'Couples Therapist\n'
5.9905 	EXP 	image_6: image = 'couples.jpeg'
5.9905 	EXP 	text_10: autoDraw = True
5.9905 	EXP 	text_11: autoDraw = True
5.9905 	EXP 	image_6: autoDraw = True
6.3259 	DATA 	Keypress: space
6.3906 	EXP 	text_10: autoDraw = False
6.3906 	EXP 	text_11: autoDraw = False
6.3906 	EXP 	image_6: autoDraw = False
6.3906 	EXP 	text_13: text = 'How does the person being broken up with respond?\n'
6.3906 	EXP 	text_14: text = 'Couples Therapist\n'
6.3906 	EXP 	image_7: image = 'couples.jpeg'
6.3906 	EXP 	text_13: autoDraw = True
6.3906 	EXP 	text_14: autoDraw = True
6.3906 	EXP 	image_7: autoDraw = True
6.6925 	DATA 	Keypress: space
6.7415 	EXP 	text_13: autoDraw = False
6.7415 	EXP 	text_14: autoDraw = False
6.7415 	EXP 	image_7: autoDraw = False
6.7415 	EXP 	text_15: text = 'Do the partners leave on good terms?'
6.7415 	EXP 	text_16: text = 'Couples Therapist\n'
6.7415 	EXP 	image_8: image = 'couples.jpeg'
6.7415 	EXP 	text_15: autoDraw = True
6.7415 	EXP 	text_16: autoDraw = True
6.7415 	EXP 	image_8: autoDraw = True
7.1589 	DATA 	Keypress: space
7.1647 	EXP 	Created unnamed ImageStim = ImageStim(__class__=<class 'psychopy.visual.image.ImageStim'>, autoLog=True, color=array([1., 1., 1.]), colorSpace='rgb', contrast=1.0, depth=0, flipHoriz=False, flipVert=False, image='checkmark.png', interpolate=False, mask=None, maskParams=None, name='unnamed ImageStim', opacity=1.0, ori=0.0, pos=array([0., 0.]), size=array([0.2703125 , 0.47222222]), texRes=128, units='norm', win=Window(...))
7.2874 	EXP 	Created unnamed ImageStim = ImageStim(__class__=<class 'psychopy.visual.image.ImageStim'>, autoLog=True, color=array([1., 1., 1.]), colorSpace='rgb', contrast=1.0, depth=0, flipHoriz=False, flipVert=False, image='redx.png', interpolate=False, mask=None, maskParams=None, name='unnamed ImageStim', opacity=1.0, ori=0.0, pos=array([0., 0.]), size=array([1.5625    , 2.77777778]), texRes=128, units='norm', win=Window(...))
7.2997 	EXP 	Created unnamed ImageStim = ImageStim(__class__=<class 'psychopy.visual.image.ImageStim'>, autoLog=True, color=array([1., 1., 1.]), colorSpace='rgb', contrast=1.0, depth=0, flipHoriz=False, flipVert=False, image='thumbsup.png', interpolate=False, mask=None, maskParams=None, name='unnamed ImageStim', opacity=1.0, ori=0.0, pos=array([0., 0.]), size=array([0.375 , 0.7125]), texRes=128, units='norm', win=Window(...))
7.3742 	EXP 	text_15: autoDraw = False
7.3742 	EXP 	text_16: autoDraw = False
7.3742 	EXP 	image_8: autoDraw = False
7.3742 	EXP 	question1: text = '1: For how long has the initiator been wanting to break up?'
7.3742 	EXP 	question2: text = '2: Do the partners leave on good terms?'
7.3742 	EXP 	question3: text = '3: Does the person being broken up with expect that this is coming?'
7.3742 	EXP 	question4: text = '4: How does the person being broken up with respond?\n'
7.3742 	EXP 	question5: text = '5: Why does the initiator want to break up?\n'
7.3742 	EXP 	question6: text = '6: How does the person who is initiating the breakup feel before they do it?\n'
7.3742 	EXP 	question1: autoDraw = True
7.3742 	EXP 	question2: autoDraw = True
7.3742 	EXP 	question3: autoDraw = True
7.3742 	EXP 	question4: autoDraw = True
7.3742 	EXP 	question5: autoDraw = True
7.3742 	EXP 	question6: autoDraw = True
11.2316 	DATA 	Keypress: 1
13.2618 	EXP 	New trial (rep=1, index=0): None
13.2944 	EXP 	question1: autoDraw = False
13.2944 	EXP 	question2: autoDraw = False
13.2944 	EXP 	question3: autoDraw = False
13.2944 	EXP 	question4: autoDraw = False
13.2944 	EXP 	question5: autoDraw = False
13.2944 	EXP 	question6: autoDraw = False
13.2944 	EXP 	text_8: text = 'How does the person who is initiating the breakup feel before they do it?\n'
13.2944 	EXP 	text_9: text = 'Couples Therapist\n'
13.2944 	EXP 	image_5: image = 'couples.jpeg'
13.2944 	EXP 	text_8: autoDraw = True
13.2944 	EXP 	text_9: autoDraw = True
13.2944 	EXP 	image_5: autoDraw = True
14.0782 	DATA 	Keypress: space
14.1109 	EXP 	text_8: autoDraw = False
14.1109 	EXP 	text_9: autoDraw = False
14.1109 	EXP 	image_5: autoDraw = False
14.1109 	EXP 	text_10: text = 'Why does the initiator want to break up?\n'
14.1109 	EXP 	text_11: text = 'Couples Therapist\n'
14.1109 	EXP 	image_6: image = 'couples.jpeg'
14.1109 	EXP 	text_10: autoDraw = True
14.1109 	EXP 	text_11: autoDraw = True
14.1109 	EXP 	image_6: autoDraw = True
14.2782 	DATA 	Keypress: space
14.3109 	EXP 	text_10: autoDraw = False
14.3109 	EXP 	text_11: autoDraw = False
14.3109 	EXP 	image_6: autoDraw = False
14.3109 	EXP 	text_13: text = 'How does the person being broken up with respond?\n'
14.3109 	EXP 	text_14: text = 'Couples Therapist\n'
14.3109 	EXP 	image_7: image = 'couples.jpeg'
14.3109 	EXP 	text_13: autoDraw = True
14.3109 	EXP 	text_14: autoDraw = True
14.3109 	EXP 	image_7: autoDraw = True
14.4624 	DATA 	Keypress: space
14.4935 	EXP 	text_13: autoDraw = False
14.4935 	EXP 	text_14: autoDraw = False
14.4935 	EXP 	image_7: autoDraw = False
14.4935 	EXP 	text_15: text = 'Do the partners leave on good terms?'
14.4935 	EXP 	text_16: text = 'Couples Therapist\n'
14.4935 	EXP 	image_8: image = 'couples.jpeg'
14.4935 	EXP 	text_15: autoDraw = True
14.4935 	EXP 	text_16: autoDraw = True
14.4935 	EXP 	image_8: autoDraw = True
14.8789 	DATA 	Keypress: space
14.8839 	EXP 	Created unnamed ImageStim = ImageStim(__class__=<class 'psychopy.visual.image.ImageStim'>, autoLog=True, color=array([1., 1., 1.]), colorSpace='rgb', contrast=1.0, depth=0, flipHoriz=False, flipVert=False, image='checkmark.png', interpolate=False, mask=None, maskParams=None, name='unnamed ImageStim', opacity=1.0, ori=0.0, pos=array([0., 0.]), size=array([0.2703125 , 0.47222222]), texRes=128, units='norm', win=Window(...))
14.9891 	EXP 	Created unnamed ImageStim = ImageStim(__class__=<class 'psychopy.visual.image.ImageStim'>, autoLog=True, color=array([1., 1., 1.]), colorSpace='rgb', contrast=1.0, depth=0, flipHoriz=False, flipVert=False, image='redx.png', interpolate=False, mask=None, maskParams=None, name='unnamed ImageStim', opacity=1.0, ori=0.0, pos=array([0., 0.]), size=array([1.5625    , 2.77777778]), texRes=128, units='norm', win=Window(...))
15.0011 	EXP 	Created unnamed ImageStim = ImageStim(__class__=<class 'psychopy.visual.image.ImageStim'>, autoLog=True, color=array([1., 1., 1.]), colorSpace='rgb', contrast=1.0, depth=0, flipHoriz=False, flipVert=False, image='thumbsup.png', interpolate=False, mask=None, maskParams=None, name='unnamed ImageStim', opacity=1.0, ori=0.0, pos=array([0., 0.]), size=array([0.375 , 0.7125]), texRes=128, units='norm', win=Window(...))
15.0611 	EXP 	text_15: autoDraw = False
15.0611 	EXP 	text_16: autoDraw = False
15.0611 	EXP 	image_8: autoDraw = False
15.0611 	EXP 	question1: text = '1: How does the person who is initiating the breakup feel before they do it?\n'
15.0611 	EXP 	question2: text = '2: Why does the initiator want to break up?\n'
15.0611 	EXP 	question3: text = '3: Does the person being broken up with expect that this is coming?'
15.0611 	EXP 	question4: text = '4: Do the partners leave on good terms?'
15.0611 	EXP 	question5: text = '5: How does the person being broken up with respond?\n'
15.0611 	EXP 	question6: text = '6: For how long has the initiator been wanting to break up?'
15.0611 	EXP 	question1: autoDraw = True
15.0611 	EXP 	question2: autoDraw = True
15.0611 	EXP 	question3: autoDraw = True
15.0611 	EXP 	question4: autoDraw = True
15.0611 	EXP 	question5: autoDraw = True
15.0611 	EXP 	question6: autoDraw = True
17.8955 	DATA 	Keypress: 1
19.2973 	DATA 	Keypress: 2
21.9302 	DATA 	Keypress: 3
23.9473 	EXP 	New trial (rep=2, index=0): None
23.9799 	EXP 	question1: autoDraw = False
23.9799 	EXP 	question2: autoDraw = False
23.9799 	EXP 	question3: autoDraw = False
23.9799 	EXP 	question4: autoDraw = False
23.9799 	EXP 	question5: autoDraw = False
23.9799 	EXP 	question6: autoDraw = False
23.9799 	EXP 	text_8: text = 'How does the person who is initiating the breakup feel before they do it?\n'
23.9799 	EXP 	text_9: text = 'Couples Therapist\n'
23.9799 	EXP 	image_5: image = 'couples.jpeg'
23.9799 	EXP 	text_8: autoDraw = True
23.9799 	EXP 	text_9: autoDraw = True
23.9799 	EXP 	image_5: autoDraw = True
24.4322 	DATA 	Keypress: space
24.4636 	EXP 	text_8: autoDraw = False
24.4636 	EXP 	text_9: autoDraw = False
24.4636 	EXP 	image_5: autoDraw = False
24.4636 	EXP 	text_10: text = 'Why does the initiator want to break up?\n'
24.4636 	EXP 	text_11: text = 'Couples Therapist\n'
24.4636 	EXP 	image_6: image = 'couples.jpeg'
24.4636 	EXP 	text_10: autoDraw = True
24.4636 	EXP 	text_11: autoDraw = True
24.4636 	EXP 	image_6: autoDraw = True
24.6325 	DATA 	Keypress: space
24.6633 	EXP 	text_10: autoDraw = False
24.6633 	EXP 	text_11: autoDraw = False
24.6633 	EXP 	image_6: autoDraw = False
24.6633 	EXP 	text_13: text = 'How does the person being broken up with respond?\n'
24.6633 	EXP 	text_14: text = 'Couples Therapist\n'
24.6633 	EXP 	image_7: image = 'couples.jpeg'
24.6633 	EXP 	text_13: autoDraw = True
24.6633 	EXP 	text_14: autoDraw = True
24.6633 	EXP 	image_7: autoDraw = True
24.7815 	DATA 	Keypress: space
24.8135 	EXP 	text_13: autoDraw = False
24.8135 	EXP 	text_14: autoDraw = False
24.8135 	EXP 	image_7: autoDraw = False
24.8135 	EXP 	text_15: text = 'Do the partners leave on good terms?'
24.8135 	EXP 	text_16: text = 'Couples Therapist\n'
24.8135 	EXP 	image_8: image = 'couples.jpeg'
24.8135 	EXP 	text_15: autoDraw = True
24.8135 	EXP 	text_16: autoDraw = True
24.8135 	EXP 	image_8: autoDraw = True
25.2823 	DATA 	Keypress: space
25.2872 	EXP 	Created unnamed ImageStim = ImageStim(__class__=<class 'psychopy.visual.image.ImageStim'>, autoLog=True, color=array([1., 1., 1.]), colorSpace='rgb', contrast=1.0, depth=0, flipHoriz=False, flipVert=False, image='checkmark.png', interpolate=False, mask=None, maskParams=None, name='unnamed ImageStim', opacity=1.0, ori=0.0, pos=array([0., 0.]), size=array([0.2703125 , 0.47222222]), texRes=128, units='norm', win=Window(...))
25.3912 	EXP 	Created unnamed ImageStim = ImageStim(__class__=<class 'psychopy.visual.image.ImageStim'>, autoLog=True, color=array([1., 1., 1.]), colorSpace='rgb', contrast=1.0, depth=0, flipHoriz=False, flipVert=False, image='redx.png', interpolate=False, mask=None, maskParams=None, name='unnamed ImageStim', opacity=1.0, ori=0.0, pos=array([0., 0.]), size=array([1.5625    , 2.77777778]), texRes=128, units='norm', win=Window(...))
25.4030 	EXP 	Created unnamed ImageStim = ImageStim(__class__=<class 'psychopy.visual.image.ImageStim'>, autoLog=True, color=array([1., 1., 1.]), colorSpace='rgb', contrast=1.0, depth=0, flipHoriz=False, flipVert=False, image='thumbsup.png', interpolate=False, mask=None, maskParams=None, name='unnamed ImageStim', opacity=1.0, ori=0.0, pos=array([0., 0.]), size=array([0.375 , 0.7125]), texRes=128, units='norm', win=Window(...))
25.4644 	EXP 	text_15: autoDraw = False
25.4644 	EXP 	text_16: autoDraw = False
25.4644 	EXP 	image_8: autoDraw = False
25.4644 	EXP 	question1: text = '1: Why does the initiator want to break up?\n'
25.4644 	EXP 	question2: text = '2: How does the person who is initiating the breakup feel before they do it?\n'
25.4644 	EXP 	question3: text = '3: For how long has the initiator been wanting to break up?'
25.4644 	EXP 	question4: text = '4: Do the partners leave on good terms?'
25.4644 	EXP 	question5: text = '5: Does the person being broken up with expect that this is coming?'
25.4644 	EXP 	question6: text = '6: How does the person being broken up with respond?\n'
25.4644 	EXP 	question1: autoDraw = True
25.4644 	EXP 	question2: autoDraw = True
25.4644 	EXP 	question3: autoDraw = True
25.4644 	EXP 	question4: autoDraw = True
25.4644 	EXP 	question5: autoDraw = True
25.4644 	EXP 	question6: autoDraw = True
29.5370 	DATA 	Keypress: 1
32.1001 	DATA 	Keypress: 2
37.0680 	DATA 	Keypress: 4
40.0032 	DATA 	Keypress: 6
42.0369 	EXP 	New trial (rep=0, index=1): OrderedDict([('Q1', 'Who notices who first and why do they notice the other?\n'), ('Q2', 'How does the couple start talking?\n'), ('Q3', 'Which of the people proposes going on an actual date and what do they propose?\n'), ('Q4', 'Who leaves first and why do they have to go?\n'), ('D1', 'Is the couple going to get married?'), ('D2', 'Who shows more interest?'), ('roleName', 'Matchmaker'), ('rolePic', 'matchmaker.jpg')])
42.0372 	EXP 	Created sequence: sequential, trialTypes=1, nReps=5, seed=None
42.0374 	EXP 	New trial (rep=0, index=0): None
42.0851 	EXP 	question1: autoDraw = False
42.0851 	EXP 	question2: autoDraw = False
42.0851 	EXP 	question3: autoDraw = False
42.0851 	EXP 	question4: autoDraw = False
42.0851 	EXP 	question5: autoDraw = False
42.0851 	EXP 	question6: autoDraw = False
42.0851 	EXP 	text_8: text = 'Who notices who first and why do they notice the other?\n'
42.0851 	EXP 	text_9: text = 'Matchmaker'
42.0851 	EXP 	image_5: image = 'matchmaker.jpg'
42.0851 	EXP 	text_8: autoDraw = True
42.0851 	EXP 	text_9: autoDraw = True
42.0851 	EXP 	image_5: autoDraw = True
43.1364 	DATA 	Keypress: space
43.1856 	EXP 	text_8: autoDraw = False
43.1856 	EXP 	text_9: autoDraw = False
43.1856 	EXP 	image_5: autoDraw = False
43.1856 	EXP 	text_10: text = 'How does the couple start talking?\n'
43.1856 	EXP 	text_11: text = 'Matchmaker'
43.1856 	EXP 	image_6: image = 'matchmaker.jpg'
43.1856 	EXP 	text_10: autoDraw = True
43.1856 	EXP 	text_11: autoDraw = True
43.1856 	EXP 	image_6: autoDraw = True
43.5040 	DATA 	Keypress: space
43.5534 	EXP 	text_10: autoDraw = False
43.5534 	EXP 	text_11: autoDraw = False
43.5534 	EXP 	image_6: autoDraw = False
43.5534 	EXP 	text_13: text = 'Which of the people proposes going on an actual date and what do they propose?\n'
43.5534 	EXP 	text_14: text = 'Matchmaker'
43.5534 	EXP 	image_7: image = 'matchmaker.jpg'
43.5534 	EXP 	text_13: autoDraw = True
43.5534 	EXP 	text_14: autoDraw = True
43.5534 	EXP 	image_7: autoDraw = True
45.2879 	DATA 	Keypress: space
45.3373 	EXP 	text_13: autoDraw = False
45.3373 	EXP 	text_14: autoDraw = False
45.3373 	EXP 	image_7: autoDraw = False
45.3373 	EXP 	text_15: text = 'Who leaves first and why do they have to go?\n'
45.3373 	EXP 	text_16: text = 'Matchmaker'
45.3373 	EXP 	image_8: image = 'matchmaker.jpg'
45.3373 	EXP 	text_15: autoDraw = True
45.3373 	EXP 	text_16: autoDraw = True
45.3373 	EXP 	image_8: autoDraw = True
46.2213 	DATA 	Keypress: space
46.2264 	EXP 	Created unnamed ImageStim = ImageStim(__class__=<class 'psychopy.visual.image.ImageStim'>, autoLog=True, color=array([1., 1., 1.]), colorSpace='rgb', contrast=1.0, depth=0, flipHoriz=False, flipVert=False, image='checkmark.png', interpolate=False, mask=None, maskParams=None, name='unnamed ImageStim', opacity=1.0, ori=0.0, pos=array([0., 0.]), size=array([0.2703125 , 0.47222222]), texRes=128, units='norm', win=Window(...))
46.3341 	EXP 	Created unnamed ImageStim = ImageStim(__class__=<class 'psychopy.visual.image.ImageStim'>, autoLog=True, color=array([1., 1., 1.]), colorSpace='rgb', contrast=1.0, depth=0, flipHoriz=False, flipVert=False, image='redx.png', interpolate=False, mask=None, maskParams=None, name='unnamed ImageStim', opacity=1.0, ori=0.0, pos=array([0., 0.]), size=array([1.5625    , 2.77777778]), texRes=128, units='norm', win=Window(...))
46.3459 	EXP 	Created unnamed ImageStim = ImageStim(__class__=<class 'psychopy.visual.image.ImageStim'>, autoLog=True, color=array([1., 1., 1.]), colorSpace='rgb', contrast=1.0, depth=0, flipHoriz=False, flipVert=False, image='thumbsup.png', interpolate=False, mask=None, maskParams=None, name='unnamed ImageStim', opacity=1.0, ori=0.0, pos=array([0., 0.]), size=array([0.375 , 0.7125]), texRes=128, units='norm', win=Window(...))
46.4036 	EXP 	text_15: autoDraw = False
46.4036 	EXP 	text_16: autoDraw = False
46.4036 	EXP 	image_8: autoDraw = False
46.4036 	EXP 	question1: text = '1: Who shows more interest?'
46.4036 	EXP 	question2: text = '2: Who notices who first and why do they notice the other?\n'
46.4036 	EXP 	question3: text = '3: How does the couple start talking?\n'
46.4036 	EXP 	question4: text = '4: Who leaves first and why do they have to go?\n'
46.4036 	EXP 	question5: text = '5: Is the couple going to get married?'
46.4036 	EXP 	question6: text = '6: Which of the people proposes going on an actual date and what do they propose?\n'
46.4036 	EXP 	question1: autoDraw = True
46.4036 	EXP 	question2: autoDraw = True
46.4036 	EXP 	question3: autoDraw = True
46.4036 	EXP 	question4: autoDraw = True
46.4036 	EXP 	question5: autoDraw = True
46.4036 	EXP 	question6: autoDraw = True
49.2905 	DATA 	Keypress: 2
52.7400 	DATA 	Keypress: 3
54.0958 	DATA 	Keypress: 4
55.5131 	DATA 	Keypress: 6
57.5586 	EXP 	New trial (rep=0, index=2): OrderedDict([('Q1', 'How does the person who proposed feel before proposing?\n'), ('Q2', 'What is the ring like?\n'), ('Q3', 'Does anyone besides the person proposing help with the proposal?\n'), ('Q4', 'Who witnessed the “yes”?\n'), ('D1', 'Is anyone taking pictures of the proposal?'), ('D2', 'How long does the proposal take?'), ('roleName', 'Wedding Planner'), ('rolePic', 'weddingplanner.jpg')])
57.5590 	EXP 	Created sequence: sequential, trialTypes=1, nReps=5, seed=None
57.5591 	EXP 	New trial (rep=0, index=0): None
57.9235 	EXP 	question1: autoDraw = False
57.9235 	EXP 	question2: autoDraw = False
57.9235 	EXP 	question3: autoDraw = False
57.9235 	EXP 	question4: autoDraw = False
57.9235 	EXP 	question5: autoDraw = False
57.9235 	EXP 	question6: autoDraw = False
57.9235 	EXP 	text_8: text = 'How does the person who proposed feel before proposing?\n'
57.9235 	EXP 	text_9: text = 'Wedding Planner'
57.9235 	EXP 	image_5: image = 'weddingplanner.jpg'
57.9235 	EXP 	text_8: autoDraw = True
57.9235 	EXP 	text_9: autoDraw = True
57.9235 	EXP 	image_5: autoDraw = True
62.0264 	DATA 	Keypress: space
62.3417 	EXP 	text_8: autoDraw = False
62.3417 	EXP 	text_9: autoDraw = False
62.3417 	EXP 	image_5: autoDraw = False
62.3417 	EXP 	text_10: text = 'What is the ring like?\n'
62.3417 	EXP 	text_11: text = 'Wedding Planner'
62.3417 	EXP 	image_6: image = 'weddingplanner.jpg'
62.3417 	EXP 	text_10: autoDraw = True
62.3417 	EXP 	text_11: autoDraw = True
62.3417 	EXP 	image_6: autoDraw = True
62.9099 	DATA 	Keypress: space
63.2269 	EXP 	text_10: autoDraw = False
63.2269 	EXP 	text_11: autoDraw = False
63.2269 	EXP 	image_6: autoDraw = False
63.2269 	EXP 	text_13: text = 'Does anyone besides the person proposing help with the proposal?\n'
63.2269 	EXP 	text_14: text = 'Wedding Planner'
63.2269 	EXP 	image_7: image = 'weddingplanner.jpg'
63.2269 	EXP 	text_13: autoDraw = True
63.2269 	EXP 	text_14: autoDraw = True
63.2269 	EXP 	image_7: autoDraw = True
65.1116 	DATA 	Keypress: space
65.4274 	EXP 	text_13: autoDraw = False
65.4274 	EXP 	text_14: autoDraw = False
65.4274 	EXP 	image_7: autoDraw = False
65.4274 	EXP 	text_15: text = 'Who witnessed the “yes”?\n'
65.4274 	EXP 	text_16: text = 'Wedding Planner'
65.4274 	EXP 	image_8: image = 'weddingplanner.jpg'
65.4274 	EXP 	text_15: autoDraw = True
65.4274 	EXP 	text_16: autoDraw = True
65.4274 	EXP 	image_8: autoDraw = True
66.2444 	DATA 	Keypress: space
66.2495 	EXP 	Created unnamed ImageStim = ImageStim(__class__=<class 'psychopy.visual.image.ImageStim'>, autoLog=True, color=array([1., 1., 1.]), colorSpace='rgb', contrast=1.0, depth=0, flipHoriz=False, flipVert=False, image='checkmark.png', interpolate=False, mask=None, maskParams=None, name='unnamed ImageStim', opacity=1.0, ori=0.0, pos=array([0., 0.]), size=array([0.2703125 , 0.47222222]), texRes=128, units='norm', win=Window(...))
66.3533 	EXP 	Created unnamed ImageStim = ImageStim(__class__=<class 'psychopy.visual.image.ImageStim'>, autoLog=True, color=array([1., 1., 1.]), colorSpace='rgb', contrast=1.0, depth=0, flipHoriz=False, flipVert=False, image='redx.png', interpolate=False, mask=None, maskParams=None, name='unnamed ImageStim', opacity=1.0, ori=0.0, pos=array([0., 0.]), size=array([1.5625    , 2.77777778]), texRes=128, units='norm', win=Window(...))
66.3650 	EXP 	Created unnamed ImageStim = ImageStim(__class__=<class 'psychopy.visual.image.ImageStim'>, autoLog=True, color=array([1., 1., 1.]), colorSpace='rgb', contrast=1.0, depth=0, flipHoriz=False, flipVert=False, image='thumbsup.png', interpolate=False, mask=None, maskParams=None, name='unnamed ImageStim', opacity=1.0, ori=0.0, pos=array([0., 0.]), size=array([0.375 , 0.7125]), texRes=128, units='norm', win=Window(...))
66.4263 	EXP 	text_15: autoDraw = False
66.4263 	EXP 	text_16: autoDraw = False
66.4263 	EXP 	image_8: autoDraw = False
66.4263 	EXP 	question1: text = '1: How does the person who proposed feel before proposing?\n'
66.4263 	EXP 	question2: text = '2: Is anyone taking pictures of the proposal?'
66.4263 	EXP 	question3: text = '3: Who witnessed the “yes”?\n'
66.4263 	EXP 	question4: text = '4: What is the ring like?\n'
66.4263 	EXP 	question5: text = '5: How long does the proposal take?'
66.4263 	EXP 	question6: text = '6: Does anyone besides the person proposing help with the proposal?\n'
66.4263 	EXP 	question1: autoDraw = True
66.4263 	EXP 	question2: autoDraw = True
66.4263 	EXP 	question3: autoDraw = True
66.4263 	EXP 	question4: autoDraw = True
66.4263 	EXP 	question5: autoDraw = True
66.4263 	EXP 	question6: autoDraw = True
75.2980 	DATA 	Keypress: 1
77.2474 	DATA 	Keypress: 3
78.5872 	DATA 	Keypress: 4
80.1499 	DATA 	Keypress: 6
82.1826 	EXP 	New trial (rep=0, index=3): OrderedDict([('Q1', 'What is the lecture hall like?\n'), ('Q2', 'What is class they are in and what is the day’s lecture about?'), ('Q3', 'What is something taught in lecture?\n'), ('Q4', 'When is the next assessment in the class?'), ('D1', 'Are the students paying attention?'), ('D2', 'Are the desks comfortable?'), ('roleName', 'Dean of Academic Studies'), ('rolePic', 'dean.jpg')])
82.1829 	EXP 	Created sequence: sequential, trialTypes=1, nReps=5, seed=None
82.1831 	EXP 	New trial (rep=0, index=0): None
82.2623 	EXP 	question1: autoDraw = False
82.2623 	EXP 	question2: autoDraw = False
82.2623 	EXP 	question3: autoDraw = False
82.2623 	EXP 	question4: autoDraw = False
82.2623 	EXP 	question5: autoDraw = False
82.2623 	EXP 	question6: autoDraw = False
82.2623 	EXP 	text_8: text = 'What is the lecture hall like?\n'
82.2623 	EXP 	text_9: text = 'Dean of Academic Studies'
82.2623 	EXP 	image_5: image = 'dean.jpg'
82.2623 	EXP 	text_8: autoDraw = True
82.2623 	EXP 	text_9: autoDraw = True
82.2623 	EXP 	image_5: autoDraw = True
85.6836 	DATA 	Keypress: space
85.7489 	EXP 	text_8: autoDraw = False
85.7489 	EXP 	text_9: autoDraw = False
85.7489 	EXP 	image_5: autoDraw = False
85.7489 	EXP 	text_10: text = 'What is class they are in and what is the day’s lecture about?'
85.7489 	EXP 	text_11: text = 'Dean of Academic Studies'
85.7489 	EXP 	image_6: image = 'dean.jpg'
85.7489 	EXP 	text_10: autoDraw = True
85.7489 	EXP 	text_11: autoDraw = True
85.7489 	EXP 	image_6: autoDraw = True
86.0504 	DATA 	Keypress: space
86.1103 	EXP 	text_10: autoDraw = False
86.1103 	EXP 	text_11: autoDraw = False
86.1103 	EXP 	image_6: autoDraw = False
86.1103 	EXP 	text_13: text = 'What is something taught in lecture?\n'
86.1103 	EXP 	text_14: text = 'Dean of Academic Studies'
86.1103 	EXP 	image_7: image = 'dean.jpg'
86.1103 	EXP 	text_13: autoDraw = True
86.1103 	EXP 	text_14: autoDraw = True
86.1103 	EXP 	image_7: autoDraw = True
86.7335 	DATA 	Keypress: space
86.7932 	EXP 	text_13: autoDraw = False
86.7932 	EXP 	text_14: autoDraw = False
86.7932 	EXP 	image_7: autoDraw = False
86.7932 	EXP 	text_15: text = 'When is the next assessment in the class?'
86.7932 	EXP 	text_16: text = 'Dean of Academic Studies'
86.7932 	EXP 	image_8: image = 'dean.jpg'
86.7932 	EXP 	text_15: autoDraw = True
86.7932 	EXP 	text_16: autoDraw = True
86.7932 	EXP 	image_8: autoDraw = True
87.4342 	DATA 	Keypress: space
87.4396 	EXP 	Created unnamed ImageStim = ImageStim(__class__=<class 'psychopy.visual.image.ImageStim'>, autoLog=True, color=array([1., 1., 1.]), colorSpace='rgb', contrast=1.0, depth=0, flipHoriz=False, flipVert=False, image='checkmark.png', interpolate=False, mask=None, maskParams=None, name='unnamed ImageStim', opacity=1.0, ori=0.0, pos=array([0., 0.]), size=array([0.2703125 , 0.47222222]), texRes=128, units='norm', win=Window(...))
87.5389 	EXP 	Created unnamed ImageStim = ImageStim(__class__=<class 'psychopy.visual.image.ImageStim'>, autoLog=True, color=array([1., 1., 1.]), colorSpace='rgb', contrast=1.0, depth=0, flipHoriz=False, flipVert=False, image='redx.png', interpolate=False, mask=None, maskParams=None, name='unnamed ImageStim', opacity=1.0, ori=0.0, pos=array([0., 0.]), size=array([1.5625    , 2.77777778]), texRes=128, units='norm', win=Window(...))
87.5509 	EXP 	Created unnamed ImageStim = ImageStim(__class__=<class 'psychopy.visual.image.ImageStim'>, autoLog=True, color=array([1., 1., 1.]), colorSpace='rgb', contrast=1.0, depth=0, flipHoriz=False, flipVert=False, image='thumbsup.png', interpolate=False, mask=None, maskParams=None, name='unnamed ImageStim', opacity=1.0, ori=0.0, pos=array([0., 0.]), size=array([0.375 , 0.7125]), texRes=128, units='norm', win=Window(...))
87.6164 	EXP 	text_15: autoDraw = False
87.6164 	EXP 	text_16: autoDraw = False
87.6164 	EXP 	image_8: autoDraw = False
87.6164 	EXP 	question1: text = '1: What is class they are in and what is the day’s lecture about?'
87.6164 	EXP 	question2: text = '2: What is the lecture hall like?\n'
87.6164 	EXP 	question3: text = '3: When is the next assessment in the class?'
87.6164 	EXP 	question4: text = '4: Are the students paying attention?'
87.6164 	EXP 	question5: text = '5: What is something taught in lecture?\n'
87.6164 	EXP 	question6: text = '6: Are the desks comfortable?'
87.6164 	EXP 	question1: autoDraw = True
87.6164 	EXP 	question2: autoDraw = True
87.6164 	EXP 	question3: autoDraw = True
87.6164 	EXP 	question4: autoDraw = True
87.6164 	EXP 	question5: autoDraw = True
87.6164 	EXP 	question6: autoDraw = True
90.7856 	DATA 	Keypress: 1
91.8690 	DATA 	Keypress: 2
93.2201 	DATA 	Keypress: 3
95.3712 	DATA 	Keypress: 5
95.3719 	EXP 	New trial (rep=1, index=0): None
95.4027 	EXP 	question1: autoDraw = False
95.4027 	EXP 	question2: autoDraw = False
95.4027 	EXP 	question3: autoDraw = False
95.4027 	EXP 	question4: autoDraw = False
95.4027 	EXP 	question5: autoDraw = False
95.4027 	EXP 	question6: autoDraw = False
95.4027 	EXP 	text_8: text = 'What is the lecture hall like?\n'
95.4027 	EXP 	text_9: text = 'Dean of Academic Studies'
95.4027 	EXP 	image_5: image = 'dean.jpg'
95.4027 	EXP 	text_8: autoDraw = True
95.4027 	EXP 	text_9: autoDraw = True
95.4027 	EXP 	image_5: autoDraw = True
97.3542 	DATA 	Keypress: space
97.3858 	EXP 	text_8: autoDraw = False
97.3858 	EXP 	text_9: autoDraw = False
97.3858 	EXP 	image_5: autoDraw = False
97.3858 	EXP 	text_10: text = 'What is class they are in and what is the day’s lecture about?'
97.3858 	EXP 	text_11: text = 'Dean of Academic Studies'
97.3858 	EXP 	image_6: image = 'dean.jpg'
97.3858 	EXP 	text_10: autoDraw = True
97.3858 	EXP 	text_11: autoDraw = True
97.3858 	EXP 	image_6: autoDraw = True
98.0725 	DATA 	Keypress: space
98.1194 	EXP 	text_10: autoDraw = False
98.1194 	EXP 	text_11: autoDraw = False
98.1194 	EXP 	image_6: autoDraw = False
98.1194 	EXP 	text_13: text = 'What is something taught in lecture?\n'
98.1194 	EXP 	text_14: text = 'Dean of Academic Studies'
98.1194 	EXP 	image_7: image = 'dean.jpg'
98.1194 	EXP 	text_13: autoDraw = True
98.1194 	EXP 	text_14: autoDraw = True
98.1194 	EXP 	image_7: autoDraw = True
98.6888 	DATA 	Keypress: space
98.7207 	EXP 	text_13: autoDraw = False
98.7207 	EXP 	text_14: autoDraw = False
98.7207 	EXP 	image_7: autoDraw = False
98.7207 	EXP 	text_15: text = 'When is the next assessment in the class?'
98.7207 	EXP 	text_16: text = 'Dean of Academic Studies'
98.7207 	EXP 	image_8: image = 'dean.jpg'
98.7207 	EXP 	text_15: autoDraw = True
98.7207 	EXP 	text_16: autoDraw = True
98.7207 	EXP 	image_8: autoDraw = True
99.2549 	DATA 	Keypress: space
99.2601 	EXP 	Created unnamed ImageStim = ImageStim(__class__=<class 'psychopy.visual.image.ImageStim'>, autoLog=True, color=array([1., 1., 1.]), colorSpace='rgb', contrast=1.0, depth=0, flipHoriz=False, flipVert=False, image='checkmark.png', interpolate=False, mask=None, maskParams=None, name='unnamed ImageStim', opacity=1.0, ori=0.0, pos=array([0., 0.]), size=array([0.2703125 , 0.47222222]), texRes=128, units='norm', win=Window(...))
99.3630 	EXP 	Created unnamed ImageStim = ImageStim(__class__=<class 'psychopy.visual.image.ImageStim'>, autoLog=True, color=array([1., 1., 1.]), colorSpace='rgb', contrast=1.0, depth=0, flipHoriz=False, flipVert=False, image='redx.png', interpolate=False, mask=None, maskParams=None, name='unnamed ImageStim', opacity=1.0, ori=0.0, pos=array([0., 0.]), size=array([1.5625    , 2.77777778]), texRes=128, units='norm', win=Window(...))
99.3749 	EXP 	Created unnamed ImageStim = ImageStim(__class__=<class 'psychopy.visual.image.ImageStim'>, autoLog=True, color=array([1., 1., 1.]), colorSpace='rgb', contrast=1.0, depth=0, flipHoriz=False, flipVert=False, image='thumbsup.png', interpolate=False, mask=None, maskParams=None, name='unnamed ImageStim', opacity=1.0, ori=0.0, pos=array([0., 0.]), size=array([0.375 , 0.7125]), texRes=128, units='norm', win=Window(...))
99.4044 	EXP 	text_15: autoDraw = False
99.4044 	EXP 	text_16: autoDraw = False
99.4044 	EXP 	image_8: autoDraw = False
99.4044 	EXP 	question1: text = '1: What is class they are in and what is the day’s lecture about?'
99.4044 	EXP 	question2: text = '2: Are the students paying attention?'
99.4044 	EXP 	question3: text = '3: When is the next assessment in the class?'
99.4044 	EXP 	question4: text = '4: What is the lecture hall like?\n'
99.4044 	EXP 	question5: text = '5: What is something taught in lecture?\n'
99.4044 	EXP 	question6: text = '6: Are the desks comfortable?'
99.4044 	EXP 	question1: autoDraw = True
99.4044 	EXP 	question2: autoDraw = True
99.4044 	EXP 	question3: autoDraw = True
99.4044 	EXP 	question4: autoDraw = True
99.4044 	EXP 	question5: autoDraw = True
99.4044 	EXP 	question6: autoDraw = True
118.6444 	DATA 	Keypress: 1
120.3153 	DATA 	Keypress: 3
121.7324 	DATA 	Keypress: 4
122.9952 	DATA 	Keypress: 5
125.0298 	EXP 	New trial (rep=0, index=4): OrderedDict([('Q1', 'How is the restaurant decorated?'), ('Q2', 'What are the menus like?'), ('Q3', 'What do the clients order?\n'), ('Q4', 'How do the clients like the food?'), ('D1', 'How old is the waiter?'), ('D2', 'What meal is being served?'), ('roleName', 'Restaurant Critic'), ('rolePic', 'restaurant_critic.jpg')])
125.0301 	EXP 	Created sequence: sequential, trialTypes=1, nReps=5, seed=None
125.0302 	EXP 	New trial (rep=0, index=0): None
125.0958 	EXP 	question1: autoDraw = False
125.0958 	EXP 	question2: autoDraw = False
125.0958 	EXP 	question3: autoDraw = False
125.0958 	EXP 	question4: autoDraw = False
125.0958 	EXP 	question5: autoDraw = False
125.0958 	EXP 	question6: autoDraw = False
125.0958 	EXP 	text_8: text = 'How is the restaurant decorated?'
125.0958 	EXP 	text_9: text = 'Restaurant Critic'
125.0958 	EXP 	image_5: image = 'restaurant_critic.jpg'
125.0958 	EXP 	text_8: autoDraw = True
125.0958 	EXP 	text_9: autoDraw = True
125.0958 	EXP 	image_5: autoDraw = True
127.0630 	DATA 	Keypress: space
127.0949 	EXP 	text_8: autoDraw = False
127.0949 	EXP 	text_9: autoDraw = False
127.0949 	EXP 	image_5: autoDraw = False
127.0949 	EXP 	text_10: text = 'What are the menus like?'
127.0949 	EXP 	text_11: text = 'Restaurant Critic'
127.0949 	EXP 	image_6: image = 'restaurant_critic.jpg'
127.0949 	EXP 	text_10: autoDraw = True
127.0949 	EXP 	text_11: autoDraw = True
127.0949 	EXP 	image_6: autoDraw = True
127.9798 	DATA 	Keypress: space
128.0123 	EXP 	text_10: autoDraw = False
128.0123 	EXP 	text_11: autoDraw = False
128.0123 	EXP 	image_6: autoDraw = False
128.0123 	EXP 	text_13: text = 'What do the clients order?\n'
128.0123 	EXP 	text_14: text = 'Restaurant Critic'
128.0123 	EXP 	image_7: image = 'restaurant_critic.jpg'
128.0123 	EXP 	text_13: autoDraw = True
128.0123 	EXP 	text_14: autoDraw = True
128.0123 	EXP 	image_7: autoDraw = True
128.4984 	DATA 	Keypress: space
128.5301 	EXP 	text_13: autoDraw = False
128.5301 	EXP 	text_14: autoDraw = False
128.5301 	EXP 	image_7: autoDraw = False
128.5301 	EXP 	text_15: text = 'How do the clients like the food?'
128.5301 	EXP 	text_16: text = 'Restaurant Critic'
128.5301 	EXP 	image_8: image = 'restaurant_critic.jpg'
128.5301 	EXP 	text_15: autoDraw = True
128.5301 	EXP 	text_16: autoDraw = True
128.5301 	EXP 	image_8: autoDraw = True
128.9150 	DATA 	Keypress: space
128.9203 	EXP 	Created unnamed ImageStim = ImageStim(__class__=<class 'psychopy.visual.image.ImageStim'>, autoLog=True, color=array([1., 1., 1.]), colorSpace='rgb', contrast=1.0, depth=0, flipHoriz=False, flipVert=False, image='checkmark.png', interpolate=False, mask=None, maskParams=None, name='unnamed ImageStim', opacity=1.0, ori=0.0, pos=array([0., 0.]), size=array([0.2703125 , 0.47222222]), texRes=128, units='norm', win=Window(...))
129.0218 	EXP 	Created unnamed ImageStim = ImageStim(__class__=<class 'psychopy.visual.image.ImageStim'>, autoLog=True, color=array([1., 1., 1.]), colorSpace='rgb', contrast=1.0, depth=0, flipHoriz=False, flipVert=False, image='redx.png', interpolate=False, mask=None, maskParams=None, name='unnamed ImageStim', opacity=1.0, ori=0.0, pos=array([0., 0.]), size=array([1.5625    , 2.77777778]), texRes=128, units='norm', win=Window(...))
129.0336 	EXP 	Created unnamed ImageStim = ImageStim(__class__=<class 'psychopy.visual.image.ImageStim'>, autoLog=True, color=array([1., 1., 1.]), colorSpace='rgb', contrast=1.0, depth=0, flipHoriz=False, flipVert=False, image='thumbsup.png', interpolate=False, mask=None, maskParams=None, name='unnamed ImageStim', opacity=1.0, ori=0.0, pos=array([0., 0.]), size=array([0.375 , 0.7125]), texRes=128, units='norm', win=Window(...))
129.0934 	EXP 	text_15: autoDraw = False
129.0934 	EXP 	text_16: autoDraw = False
129.0934 	EXP 	image_8: autoDraw = False
129.0934 	EXP 	question1: text = '1: What meal is being served?'
129.0934 	EXP 	question2: text = '2: What do the clients order?\n'
129.0934 	EXP 	question3: text = '3: How do the clients like the food?'
129.0934 	EXP 	question4: text = '4: What are the menus like?'
129.0934 	EXP 	question5: text = '5: How is the restaurant decorated?'
129.0934 	EXP 	question6: text = '6: How old is the waiter?'
129.0934 	EXP 	question1: autoDraw = True
129.0934 	EXP 	question2: autoDraw = True
129.0934 	EXP 	question3: autoDraw = True
129.0934 	EXP 	question4: autoDraw = True
129.0934 	EXP 	question5: autoDraw = True
129.0934 	EXP 	question6: autoDraw = True
131.2313 	DATA 	Keypress: 2
132.5153 	DATA 	Keypress: 3
133.8374 	DATA 	Keypress: 4
135.2212 	DATA 	Keypress: 5
137.2668 	EXP 	New trial (rep=0, index=5): OrderedDict([('Q1', 'What industry are the business people in?'), ('Q2', 'What is being negotiated and how much money is at stake?'), ('Q3', 'What is the response to the proposed deal?'), ('Q4', 'What comes about from the business proposal?'), ('D1', 'Is the deal fair?'), ('D2', 'How long does it take to make the deal?'), ('roleName', 'Business Reporter'), ('rolePic', 'business_reporter.jpg')])
137.2671 	EXP 	Created sequence: sequential, trialTypes=1, nReps=5, seed=None
137.2673 	EXP 	New trial (rep=0, index=0): None
137.3149 	EXP 	question1: autoDraw = False
137.3149 	EXP 	question2: autoDraw = False
137.3149 	EXP 	question3: autoDraw = False
137.3149 	EXP 	question4: autoDraw = False
137.3149 	EXP 	question5: autoDraw = False
137.3149 	EXP 	question6: autoDraw = False
137.3149 	EXP 	text_8: text = 'What industry are the business people in?'
137.3149 	EXP 	text_9: text = 'Business Reporter'
137.3149 	EXP 	image_5: image = 'business_reporter.jpg'
137.3149 	EXP 	text_8: autoDraw = True
137.3149 	EXP 	text_9: autoDraw = True
137.3149 	EXP 	image_5: autoDraw = True
138.7506 	DATA 	Keypress: space
138.8001 	EXP 	text_8: autoDraw = False
138.8001 	EXP 	text_9: autoDraw = False
138.8001 	EXP 	image_5: autoDraw = False
138.8001 	EXP 	text_10: text = 'What is being negotiated and how much money is at stake?'
138.8001 	EXP 	text_11: text = 'Business Reporter'
138.8001 	EXP 	image_6: image = 'business_reporter.jpg'
138.8001 	EXP 	text_10: autoDraw = True
138.8001 	EXP 	text_11: autoDraw = True
138.8001 	EXP 	image_6: autoDraw = True
139.6843 	DATA 	Keypress: space
139.7337 	EXP 	text_10: autoDraw = False
139.7337 	EXP 	text_11: autoDraw = False
139.7337 	EXP 	image_6: autoDraw = False
139.7337 	EXP 	text_13: text = 'What is the response to the proposed deal?'
139.7337 	EXP 	text_14: text = 'Business Reporter'
139.7337 	EXP 	image_7: image = 'business_reporter.jpg'
139.7337 	EXP 	text_13: autoDraw = True
139.7337 	EXP 	text_14: autoDraw = True
139.7337 	EXP 	image_7: autoDraw = True
140.3349 	DATA 	Keypress: space
140.3839 	EXP 	text_13: autoDraw = False
140.3839 	EXP 	text_14: autoDraw = False
140.3839 	EXP 	image_7: autoDraw = False
140.3839 	EXP 	text_15: text = 'What comes about from the business proposal?'
140.3839 	EXP 	text_16: text = 'Business Reporter'
140.3839 	EXP 	image_8: image = 'business_reporter.jpg'
140.3839 	EXP 	text_15: autoDraw = True
140.3839 	EXP 	text_16: autoDraw = True
140.3839 	EXP 	image_8: autoDraw = True
141.8513 	DATA 	Keypress: space
141.8564 	EXP 	Created unnamed ImageStim = ImageStim(__class__=<class 'psychopy.visual.image.ImageStim'>, autoLog=True, color=array([1., 1., 1.]), colorSpace='rgb', contrast=1.0, depth=0, flipHoriz=False, flipVert=False, image='checkmark.png', interpolate=False, mask=None, maskParams=None, name='unnamed ImageStim', opacity=1.0, ori=0.0, pos=array([0., 0.]), size=array([0.2703125 , 0.47222222]), texRes=128, units='norm', win=Window(...))
141.9584 	EXP 	Created unnamed ImageStim = ImageStim(__class__=<class 'psychopy.visual.image.ImageStim'>, autoLog=True, color=array([1., 1., 1.]), colorSpace='rgb', contrast=1.0, depth=0, flipHoriz=False, flipVert=False, image='redx.png', interpolate=False, mask=None, maskParams=None, name='unnamed ImageStim', opacity=1.0, ori=0.0, pos=array([0., 0.]), size=array([1.5625    , 2.77777778]), texRes=128, units='norm', win=Window(...))
141.9703 	EXP 	Created unnamed ImageStim = ImageStim(__class__=<class 'psychopy.visual.image.ImageStim'>, autoLog=True, color=array([1., 1., 1.]), colorSpace='rgb', contrast=1.0, depth=0, flipHoriz=False, flipVert=False, image='thumbsup.png', interpolate=False, mask=None, maskParams=None, name='unnamed ImageStim', opacity=1.0, ori=0.0, pos=array([0., 0.]), size=array([0.375 , 0.7125]), texRes=128, units='norm', win=Window(...))
142.0330 	EXP 	text_15: autoDraw = False
142.0330 	EXP 	text_16: autoDraw = False
142.0330 	EXP 	image_8: autoDraw = False
142.0330 	EXP 	question1: text = '1: What comes about from the business proposal?'
142.0330 	EXP 	question2: text = '2: What is the response to the proposed deal?'
142.0330 	EXP 	question3: text = '3: Is the deal fair?'
142.0330 	EXP 	question4: text = '4: What is being negotiated and how much money is at stake?'
142.0330 	EXP 	question5: text = '5: How long does it take to make the deal?'
142.0330 	EXP 	question6: text = '6: What industry are the business people in?'
142.0330 	EXP 	question1: autoDraw = True
142.0330 	EXP 	question2: autoDraw = True
142.0330 	EXP 	question3: autoDraw = True
142.0330 	EXP 	question4: autoDraw = True
142.0330 	EXP 	question5: autoDraw = True
142.0330 	EXP 	question6: autoDraw = True
143.8527 	DATA 	Keypress: 1
148.9379 	DATA 	Keypress: 2
150.5207 	DATA 	Keypress: 4
152.1418 	DATA 	Keypress: 5
154.1721 	EXP 	New trial (rep=1, index=0): None
154.2042 	EXP 	question1: autoDraw = False
154.2042 	EXP 	question2: autoDraw = False
154.2042 	EXP 	question3: autoDraw = False
154.2042 	EXP 	question4: autoDraw = False
154.2042 	EXP 	question5: autoDraw = False
154.2042 	EXP 	question6: autoDraw = False
154.2042 	EXP 	text_8: text = 'What industry are the business people in?'
154.2042 	EXP 	text_9: text = 'Business Reporter'
154.2042 	EXP 	image_5: image = 'business_reporter.jpg'
154.2042 	EXP 	text_8: autoDraw = True
154.2042 	EXP 	text_9: autoDraw = True
154.2042 	EXP 	image_5: autoDraw = True
154.7564 	DATA 	Keypress: space
154.7884 	EXP 	text_8: autoDraw = False
154.7884 	EXP 	text_9: autoDraw = False
154.7884 	EXP 	image_5: autoDraw = False
154.7884 	EXP 	text_10: text = 'What is being negotiated and how much money is at stake?'
154.7884 	EXP 	text_11: text = 'Business Reporter'
154.7884 	EXP 	image_6: image = 'business_reporter.jpg'
154.7884 	EXP 	text_10: autoDraw = True
154.7884 	EXP 	text_11: autoDraw = True
154.7884 	EXP 	image_6: autoDraw = True
155.1729 	DATA 	Keypress: space
155.2048 	EXP 	text_10: autoDraw = False
155.2048 	EXP 	text_11: autoDraw = False
155.2048 	EXP 	image_6: autoDraw = False
155.2048 	EXP 	text_13: text = 'What is the response to the proposed deal?'
155.2048 	EXP 	text_14: text = 'Business Reporter'
155.2048 	EXP 	image_7: image = 'business_reporter.jpg'
155.2048 	EXP 	text_13: autoDraw = True
155.2048 	EXP 	text_14: autoDraw = True
155.2048 	EXP 	image_7: autoDraw = True
155.6399 	DATA 	Keypress: space
155.6721 	EXP 	text_13: autoDraw = False
155.6721 	EXP 	text_14: autoDraw = False
155.6721 	EXP 	image_7: autoDraw = False
155.6721 	EXP 	text_15: text = 'What comes about from the business proposal?'
155.6721 	EXP 	text_16: text = 'Business Reporter'
155.6721 	EXP 	image_8: image = 'business_reporter.jpg'
155.6721 	EXP 	text_15: autoDraw = True
155.6721 	EXP 	text_16: autoDraw = True
155.6721 	EXP 	image_8: autoDraw = True
156.2055 	DATA 	Keypress: space
156.2106 	EXP 	Created unnamed ImageStim = ImageStim(__class__=<class 'psychopy.visual.image.ImageStim'>, autoLog=True, color=array([1., 1., 1.]), colorSpace='rgb', contrast=1.0, depth=0, flipHoriz=False, flipVert=False, image='checkmark.png', interpolate=False, mask=None, maskParams=None, name='unnamed ImageStim', opacity=1.0, ori=0.0, pos=array([0., 0.]), size=array([0.2703125 , 0.47222222]), texRes=128, units='norm', win=Window(...))
156.3123 	EXP 	Created unnamed ImageStim = ImageStim(__class__=<class 'psychopy.visual.image.ImageStim'>, autoLog=True, color=array([1., 1., 1.]), colorSpace='rgb', contrast=1.0, depth=0, flipHoriz=False, flipVert=False, image='redx.png', interpolate=False, mask=None, maskParams=None, name='unnamed ImageStim', opacity=1.0, ori=0.0, pos=array([0., 0.]), size=array([1.5625    , 2.77777778]), texRes=128, units='norm', win=Window(...))
156.3244 	EXP 	Created unnamed ImageStim = ImageStim(__class__=<class 'psychopy.visual.image.ImageStim'>, autoLog=True, color=array([1., 1., 1.]), colorSpace='rgb', contrast=1.0, depth=0, flipHoriz=False, flipVert=False, image='thumbsup.png', interpolate=False, mask=None, maskParams=None, name='unnamed ImageStim', opacity=1.0, ori=0.0, pos=array([0., 0.]), size=array([0.375 , 0.7125]), texRes=128, units='norm', win=Window(...))
156.3708 	EXP 	text_15: autoDraw = False
156.3708 	EXP 	text_16: autoDraw = False
156.3708 	EXP 	image_8: autoDraw = False
156.3708 	EXP 	question1: text = '1: What comes about from the business proposal?'
156.3708 	EXP 	question2: text = '2: How long does it take to make the deal?'
156.3708 	EXP 	question3: text = '3: What is the response to the proposed deal?'
156.3708 	EXP 	question4: text = '4: What is being negotiated and how much money is at stake?'
156.3708 	EXP 	question5: text = '5: What industry are the business people in?'
156.3708 	EXP 	question6: text = '6: Is the deal fair?'
156.3708 	EXP 	question1: autoDraw = True
156.3708 	EXP 	question2: autoDraw = True
156.3708 	EXP 	question3: autoDraw = True
156.3708 	EXP 	question4: autoDraw = True
156.3708 	EXP 	question5: autoDraw = True
156.3708 	EXP 	question6: autoDraw = True
157.9565 	DATA 	Keypress: 1
160.0577 	DATA 	Keypress: 3
163.3796 	DATA 	Keypress: 4
164.2095 	DATA 	Keypress: 5
166.4433 	EXP 	New trial (rep=0, index=6): OrderedDict([('Q1', 'When the clients arrive at the airport, how much time do they have to go through?\n'), ('Q2', 'What do the clients have do at security to comply with the security check?\n'), ('Q3', 'How do the clients feel when they are \xa0walking to the gates?\n'), ('Q4', 'Where does each client sit on the plane?'), ('D1', 'Are the security guides friendly or rude?'), ('D2', 'Are the airport restrooms clean?'), ('roleName', 'Airport Customer Experience Manager'), ('rolePic', 'acem.jpg')])
166.4436 	EXP 	Created sequence: sequential, trialTypes=1, nReps=5, seed=None
166.4437 	EXP 	New trial (rep=0, index=0): None
166.5053 	EXP 	question1: autoDraw = False
166.5053 	EXP 	question2: autoDraw = False
166.5053 	EXP 	question3: autoDraw = False
166.5053 	EXP 	question4: autoDraw = False
166.5053 	EXP 	question5: autoDraw = False
166.5053 	EXP 	question6: autoDraw = False
166.5053 	EXP 	text_8: text = 'When the clients arrive at the airport, how much time do they have to go through?\n'
166.5053 	EXP 	text_9: text = 'Airport Customer Experience Manager'
166.5053 	EXP 	image_5: image = 'acem.jpg'
166.5053 	EXP 	text_8: autoDraw = True
166.5053 	EXP 	text_9: autoDraw = True
166.5053 	EXP 	image_5: autoDraw = True
168.6776 	DATA 	Keypress: space
168.7252 	EXP 	text_8: autoDraw = False
168.7252 	EXP 	text_9: autoDraw = False
168.7252 	EXP 	image_5: autoDraw = False
168.7252 	EXP 	text_10: text = 'What do the clients have do at security to comply with the security check?\n'
168.7252 	EXP 	text_11: text = 'Airport Customer Experience Manager'
168.7252 	EXP 	image_6: image = 'acem.jpg'
168.7252 	EXP 	text_10: autoDraw = True
168.7252 	EXP 	text_11: autoDraw = True
168.7252 	EXP 	image_6: autoDraw = True
169.4102 	DATA 	Keypress: space
169.4596 	EXP 	text_10: autoDraw = False
169.4596 	EXP 	text_11: autoDraw = False
169.4596 	EXP 	image_6: autoDraw = False
169.4596 	EXP 	text_13: text = 'How do the clients feel when they are \xa0walking to the gates?\n'
169.4596 	EXP 	text_14: text = 'Airport Customer Experience Manager'
169.4596 	EXP 	image_7: image = 'acem.jpg'
169.4596 	EXP 	text_13: autoDraw = True
169.4596 	EXP 	text_14: autoDraw = True
169.4596 	EXP 	image_7: autoDraw = True
170.6607 	DATA 	Keypress: space
170.7095 	EXP 	text_13: autoDraw = False
170.7095 	EXP 	text_14: autoDraw = False
170.7095 	EXP 	image_7: autoDraw = False
170.7095 	EXP 	text_15: text = 'Where does each client sit on the plane?'
170.7095 	EXP 	text_16: text = 'Airport Customer Experience Manager'
170.7095 	EXP 	image_8: image = 'acem.jpg'
170.7095 	EXP 	text_15: autoDraw = True
170.7095 	EXP 	text_16: autoDraw = True
170.7095 	EXP 	image_8: autoDraw = True
171.2112 	DATA 	Keypress: space
171.2167 	EXP 	Created unnamed ImageStim = ImageStim(__class__=<class 'psychopy.visual.image.ImageStim'>, autoLog=True, color=array([1., 1., 1.]), colorSpace='rgb', contrast=1.0, depth=0, flipHoriz=False, flipVert=False, image='checkmark.png', interpolate=False, mask=None, maskParams=None, name='unnamed ImageStim', opacity=1.0, ori=0.0, pos=array([0., 0.]), size=array([0.2703125 , 0.47222222]), texRes=128, units='norm', win=Window(...))
171.3205 	EXP 	Created unnamed ImageStim = ImageStim(__class__=<class 'psychopy.visual.image.ImageStim'>, autoLog=True, color=array([1., 1., 1.]), colorSpace='rgb', contrast=1.0, depth=0, flipHoriz=False, flipVert=False, image='redx.png', interpolate=False, mask=None, maskParams=None, name='unnamed ImageStim', opacity=1.0, ori=0.0, pos=array([0., 0.]), size=array([1.5625    , 2.77777778]), texRes=128, units='norm', win=Window(...))
171.3325 	EXP 	Created unnamed ImageStim = ImageStim(__class__=<class 'psychopy.visual.image.ImageStim'>, autoLog=True, color=array([1., 1., 1.]), colorSpace='rgb', contrast=1.0, depth=0, flipHoriz=False, flipVert=False, image='thumbsup.png', interpolate=False, mask=None, maskParams=None, name='unnamed ImageStim', opacity=1.0, ori=0.0, pos=array([0., 0.]), size=array([0.375 , 0.7125]), texRes=128, units='norm', win=Window(...))
171.4090 	EXP 	text_15: autoDraw = False
171.4090 	EXP 	text_16: autoDraw = False
171.4090 	EXP 	image_8: autoDraw = False
171.4090 	EXP 	question1: text = '1: How do the clients feel when they are \xa0walking to the gates?\n'
171.4090 	EXP 	question2: text = '2: Are the security guides friendly or rude?'
171.4090 	EXP 	question3: text = '3: What do the clients have do at security to comply with the security check?\n'
171.4090 	EXP 	question4: text = '4: Where does each client sit on the plane?'
171.4090 	EXP 	question5: text = '5: When the clients arrive at the airport, how much time do they have to go through?\n'
171.4090 	EXP 	question6: text = '6: Are the airport restrooms clean?'
171.4090 	EXP 	question1: autoDraw = True
171.4090 	EXP 	question2: autoDraw = True
171.4090 	EXP 	question3: autoDraw = True
171.4090 	EXP 	question4: autoDraw = True
171.4090 	EXP 	question5: autoDraw = True
171.4090 	EXP 	question6: autoDraw = True
173.7620 	DATA 	Keypress: 1
180.3018 	DATA 	Keypress: 3
182.3309 	DATA 	Keypress: 4
183.8488 	DATA 	Keypress: 5
185.8815 	EXP 	New trial (rep=0, index=7): OrderedDict([('Q1', 'What is the grocery store like upon entering?\n'), ('Q2', 'What items do the clients pick out?\n'), ('Q3', 'How is the checkout line and how long do the clients wait in line?\n'), ('Q4', 'How much are the groceries and what method of payment do the clients use?\n'), ('D1', 'How long does it take for the cashier to scan all of the customers’ groceries?'), ('D2', 'What type of grocery bags do the clients use?'), ('roleName', 'Grocery Store Customer Experience Manager\n'), ('rolePic', 'gscem.jpg')])
185.8818 	EXP 	Created sequence: sequential, trialTypes=1, nReps=5, seed=None
185.8820 	EXP 	New trial (rep=0, index=0): None
186.3474 	EXP 	question1: autoDraw = False
186.3474 	EXP 	question2: autoDraw = False
186.3474 	EXP 	question3: autoDraw = False
186.3474 	EXP 	question4: autoDraw = False
186.3474 	EXP 	question5: autoDraw = False
186.3474 	EXP 	question6: autoDraw = False
186.3474 	EXP 	text_8: text = 'What is the grocery store like upon entering?\n'
186.3474 	EXP 	text_9: text = 'Grocery Store Customer Experience Manager\n'
186.3474 	EXP 	image_5: image = 'gscem.jpg'
186.3474 	EXP 	text_8: autoDraw = True
186.3474 	EXP 	text_9: autoDraw = True
186.3474 	EXP 	image_5: autoDraw = True
199.9206 	DATA 	Keypress: escape
200.1985 	EXP 	window1: mouseVisible = True
