4.1281 	WARNING 	User requested fullscreen with size [1024  768], but screen is actually [2560, 1440]. Using actual size
4.7933 	EXP 	Created window1 = Window(allowGUI=False, allowStencil=False, args=UNKNOWN, autoLog=True, bitsMode=UNKNOWN, blendMode='avg', color=array([0., 0., 0.]), colorSpace='rgb', fullscr=<method-wrapper '__getattribute__' of attributeSetter object at 0x124d39da0>, gamma=None, kwargs=UNKNOWN, lms=UNKNOWN, monitor=<psychopy.monitors.calibTools.Monitor object at 0x12422b940>, multiSample=False, name='window1', numSamples=2, pos=[0.0, 0.0], screen=0, size=array([5120, 2880]), stereo=False, units='norm', useFBO=True, useRetina=True, viewOri=0.0, viewPos=None, viewScale=None, waitBlanking=True, winType='pyglet')
4.7933 	EXP 	window1: recordFrameIntervals = False
4.9583 	EXP 	window1: recordFrameIntervals = True
5.1426 	EXP 	window1: recordFrameIntervals = False
5.2086 	EXP 	Created welcome = TextStim(__class__=<class 'psychopy.visual.text.TextStim'>, alignHoriz='center', alignVert='center', antialias=True, autoLog=True, bold=False, color='white', colorSpace='named', contrast=1.0, depth=0.0, flipHoriz=False, flipVert=False, font='Arial', fontFiles=[], height=0.1, italic=False, languageStyle='LTR', name='welcome', opacity=1.0, ori=0, pos=array([0., 0.]), rgb=array([255., 255., 255.]), text='default text', units='norm', win=Window(...), wrapWidth=1)
5.2121 	EXP 	Created text_12 = TextStim(__class__=<class 'psychopy.visual.text.TextStim'>, alignHoriz='center', alignVert='center', antialias=True, autoLog=True, bold=False, color='white', colorSpace='named', contrast=1.0, depth=-2.0, flipHoriz=False, flipVert=False, font='Arial', fontFiles=[], height=0.1, italic=False, languageStyle='LTR', name='text_12', opacity=1.0, ori=0, pos=array([ 0. , -0.6]), rgb=array([255., 255., 255.]), text='default text', units='norm', win=Window(...), wrapWidth=1)
5.2137 	EXP 	Created image = ImageStim(__class__=<class 'psychopy.visual.image.ImageStim'>, autoLog=True, color=array([1., 1., 1.]), colorSpace='rgb', contrast=1.0, depth=0.0, flipHoriz=False, flipVert=False, image='sin', interpolate=True, mask=None, maskParams=None, name='image', opacity=1.0, ori=0.0, pos=array([0., 0.]), size=array([0.5, 0.5]), texRes=128, units='norm', win=Window(...))
5.2172 	EXP 	Created text_2 = TextStim(__class__=<class 'psychopy.visual.text.TextStim'>, alignHoriz='center', alignVert='center', antialias=True, autoLog=True, bold=False, color='white', colorSpace='named', contrast=1.0, depth=-2.0, flipHoriz=False, flipVert=False, font='Arial', fontFiles=[], height=0.1, italic=False, languageStyle='LTR', name='text_2', opacity=1.0, ori=0, pos=array([ 0. , -0.5]), rgb=array([255., 255., 255.]), text='default text', units='norm', win=Window(...), wrapWidth=1)
5.2206 	EXP 	Created welcome = TextStim(__class__=<class 'psychopy.visual.text.TextStim'>, alignHoriz='center', alignVert='center', antialias=True, autoLog=True, bold=False, color='white', colorSpace='named', contrast=1.0, depth=0.0, flipHoriz=False, flipVert=False, font='Arial', fontFiles=[], height=0.1, italic=False, languageStyle='LTR', name='welcome', opacity=1.0, ori=0, pos=array([0., 0.]), rgb=array([255., 255., 255.]), text='default text', units='norm', win=Window(...), wrapWidth=1)
5.2244 	EXP 	Created text_12 = TextStim(__class__=<class 'psychopy.visual.text.TextStim'>, alignHoriz='center', alignVert='center', antialias=True, autoLog=True, bold=False, color='white', colorSpace='named', contrast=1.0, depth=-2.0, flipHoriz=False, flipVert=False, font='Arial', fontFiles=[], height=0.1, italic=False, languageStyle='LTR', name='text_12', opacity=1.0, ori=0, pos=array([ 0. , -0.6]), rgb=array([255., 255., 255.]), text='default text', units='norm', win=Window(...), wrapWidth=1)
5.2278 	EXP 	Created text_8 = TextStim(__class__=<class 'psychopy.visual.text.TextStim'>, alignHoriz='center', alignVert='center', antialias=True, autoLog=True, bold=False, color='white', colorSpace='named', contrast=1.0, depth=0.0, flipHoriz=False, flipVert=False, font='Arial', fontFiles=[], height=0.1, italic=False, languageStyle='LTR', name='text_8', opacity=1.0, ori=0, pos=array([ 0. , -0.4]), rgb=array([255., 255., 255.]), text='default text', units='norm', win=Window(...), wrapWidth=1)
5.2312 	EXP 	Created text_9 = TextStim(__class__=<class 'psychopy.visual.text.TextStim'>, alignHoriz='center', alignVert='center', antialias=True, autoLog=True, bold=False, color='white', colorSpace='named', contrast=1.0, depth=-1.0, flipHoriz=False, flipVert=False, font='Arial', fontFiles=[], height=0.1, italic=False, languageStyle='LTR', name='text_9', opacity=1.0, ori=0, pos=array([-0.25,  0.25]), rgb=array([255., 255., 255.]), text='default text', units='norm', win=Window(...), wrapWidth=0.5)
5.2325 	EXP 	Created image_5 = ImageStim(__class__=<class 'psychopy.visual.image.ImageStim'>, autoLog=True, color=array([1., 1., 1.]), colorSpace='rgb', contrast=1.0, depth=-2.0, flipHoriz=False, flipVert=False, image='sin', interpolate=True, mask=None, maskParams=None, name='image_5', opacity=1.0, ori=0.0, pos=array([0.25, 0.25]), size=array([0.5, 0.5]), texRes=128, units='norm', win=Window(...))
5.2362 	EXP 	Created text_10 = TextStim(__class__=<class 'psychopy.visual.text.TextStim'>, alignHoriz='center', alignVert='center', antialias=True, autoLog=True, bold=False, color='white', colorSpace='named', contrast=1.0, depth=0.0, flipHoriz=False, flipVert=False, font='Arial', fontFiles=[], height=0.1, italic=False, languageStyle='LTR', name='text_10', opacity=1.0, ori=0, pos=array([ 0. , -0.4]), rgb=array([255., 255., 255.]), text='default text', units='norm', win=Window(...), wrapWidth=1)
5.2398 	EXP 	Created text_11 = TextStim(__class__=<class 'psychopy.visual.text.TextStim'>, alignHoriz='center', alignVert='center', antialias=True, autoLog=True, bold=False, color='white', colorSpace='named', contrast=1.0, depth=-1.0, flipHoriz=False, flipVert=False, font='Arial', fontFiles=[], height=0.1, italic=False, languageStyle='LTR', name='text_11', opacity=1.0, ori=0, pos=array([-0.25,  0.25]), rgb=array([255., 255., 255.]), text='default text', units='norm', win=Window(...), wrapWidth=0.5)
5.2411 	EXP 	Created image_6 = ImageStim(__class__=<class 'psychopy.visual.image.ImageStim'>, autoLog=True, color=array([1., 1., 1.]), colorSpace='rgb', contrast=1.0, depth=-2.0, flipHoriz=False, flipVert=False, image='sin', interpolate=True, mask=None, maskParams=None, name='image_6', opacity=1.0, ori=0.0, pos=array([0.25, 0.25]), size=array([0.5, 0.5]), texRes=128, units='norm', win=Window(...))
5.2448 	EXP 	Created text_13 = TextStim(__class__=<class 'psychopy.visual.text.TextStim'>, alignHoriz='center', alignVert='center', antialias=True, autoLog=True, bold=False, color='white', colorSpace='named', contrast=1.0, depth=0.0, flipHoriz=False, flipVert=False, font='Arial', fontFiles=[], height=0.1, italic=False, languageStyle='LTR', name='text_13', opacity=1.0, ori=0, pos=array([ 0. , -0.4]), rgb=array([255., 255., 255.]), text='default text', units='norm', win=Window(...), wrapWidth=1)
5.2483 	EXP 	Created text_14 = TextStim(__class__=<class 'psychopy.visual.text.TextStim'>, alignHoriz='center', alignVert='center', antialias=True, autoLog=True, bold=False, color='white', colorSpace='named', contrast=1.0, depth=-1.0, flipHoriz=False, flipVert=False, font='Arial', fontFiles=[], height=0.1, italic=False, languageStyle='LTR', name='text_14', opacity=1.0, ori=0, pos=array([-0.25,  0.25]), rgb=array([255., 255., 255.]), text='default text', units='norm', win=Window(...), wrapWidth=0.5)
5.2496 	EXP 	Created image_7 = ImageStim(__class__=<class 'psychopy.visual.image.ImageStim'>, autoLog=True, color=array([1., 1., 1.]), colorSpace='rgb', contrast=1.0, depth=-2.0, flipHoriz=False, flipVert=False, image='sin', interpolate=True, mask=None, maskParams=None, name='image_7', opacity=1.0, ori=0.0, pos=array([0.25, 0.25]), size=array([0.5, 0.5]), texRes=128, units='norm', win=Window(...))
5.2531 	EXP 	Created text_15 = TextStim(__class__=<class 'psychopy.visual.text.TextStim'>, alignHoriz='center', alignVert='center', antialias=True, autoLog=True, bold=False, color='white', colorSpace='named', contrast=1.0, depth=0.0, flipHoriz=False, flipVert=False, font='Arial', fontFiles=[], height=0.1, italic=False, languageStyle='LTR', name='text_15', opacity=1.0, ori=0, pos=array([ 0. , -0.4]), rgb=array([255., 255., 255.]), text='default text', units='norm', win=Window(...), wrapWidth=1)
5.2566 	EXP 	Created text_16 = TextStim(__class__=<class 'psychopy.visual.text.TextStim'>, alignHoriz='center', alignVert='center', antialias=True, autoLog=True, bold=False, color='white', colorSpace='named', contrast=1.0, depth=-1.0, flipHoriz=False, flipVert=False, font='Arial', fontFiles=[], height=0.1, italic=False, languageStyle='LTR', name='text_16', opacity=1.0, ori=0, pos=array([-0.25,  0.25]), rgb=array([255., 255., 255.]), text='default text', units='norm', win=Window(...), wrapWidth=0.5)
5.2579 	EXP 	Created image_8 = ImageStim(__class__=<class 'psychopy.visual.image.ImageStim'>, autoLog=True, color=array([1., 1., 1.]), colorSpace='rgb', contrast=1.0, depth=-2.0, flipHoriz=False, flipVert=False, image='sin', interpolate=True, mask=None, maskParams=None, name='image_8', opacity=1.0, ori=0.0, pos=array([0.25, 0.25]), size=array([0.5, 0.5]), texRes=128, units='norm', win=Window(...))
5.2630 	EXP 	Created question1 = TextStim(__class__=<class 'psychopy.visual.text.TextStim'>, alignHoriz='center', alignVert='center', antialias=True, autoLog=True, bold=False, color='white', colorSpace='named', contrast=1.0, depth=-1.0, flipHoriz=False, flipVert=False, font='Arial', fontFiles=[], height=0.1, italic=False, languageStyle='LTR', name='question1', opacity=1.0, ori=0, pos=array([0. , 0.6]), rgb=array([255., 255., 255.]), text='default text', units='norm', win=Window(...), wrapWidth=2)
5.2665 	EXP 	Created question2 = TextStim(__class__=<class 'psychopy.visual.text.TextStim'>, alignHoriz='center', alignVert='center', antialias=True, autoLog=True, bold=False, color='white', colorSpace='named', contrast=1.0, depth=-1.0, flipHoriz=False, flipVert=False, font='Arial', fontFiles=[], height=0.1, italic=False, languageStyle='LTR', name='question2', opacity=1.0, ori=0, pos=array([0.  , 0.35]), rgb=array([255., 255., 255.]), text='default text', units='norm', win=Window(...), wrapWidth=2)
5.2699 	EXP 	Created question3 = TextStim(__class__=<class 'psychopy.visual.text.TextStim'>, alignHoriz='center', alignVert='center', antialias=True, autoLog=True, bold=False, color='white', colorSpace='named', contrast=1.0, depth=-1.0, flipHoriz=False, flipVert=False, font='Arial', fontFiles=[], height=0.1, italic=False, languageStyle='LTR', name='question3', opacity=1.0, ori=0, pos=array([0.  , 0.12]), rgb=array([255., 255., 255.]), text='default text', units='norm', win=Window(...), wrapWidth=2)
5.2733 	EXP 	Created question4 = TextStim(__class__=<class 'psychopy.visual.text.TextStim'>, alignHoriz='center', alignVert='center', antialias=True, autoLog=True, bold=False, color='white', colorSpace='named', contrast=1.0, depth=-1.0, flipHoriz=False, flipVert=False, font='Arial', fontFiles=[], height=0.1, italic=False, languageStyle='LTR', name='question4', opacity=1.0, ori=0, pos=array([ 0.  , -0.12]), rgb=array([255., 255., 255.]), text='default text', units='norm', win=Window(...), wrapWidth=2)
5.2767 	EXP 	Created question5 = TextStim(__class__=<class 'psychopy.visual.text.TextStim'>, alignHoriz='center', alignVert='center', antialias=True, autoLog=True, bold=False, color='white', colorSpace='named', contrast=1.0, depth=-1.0, flipHoriz=False, flipVert=False, font='Arial', fontFiles=[], height=0.1, italic=False, languageStyle='LTR', name='question5', opacity=1.0, ori=0, pos=array([ 0.  , -0.35]), rgb=array([255., 255., 255.]), text='default text', units='norm', win=Window(...), wrapWidth=2)
5.2804 	EXP 	Created question6 = TextStim(__class__=<class 'psychopy.visual.text.TextStim'>, alignHoriz='center', alignVert='center', antialias=True, autoLog=True, bold=False, color='white', colorSpace='named', contrast=1.0, depth=-1.0, flipHoriz=False, flipVert=False, font='Arial', fontFiles=[], height=0.1, italic=False, languageStyle='LTR', name='question6', opacity=1.0, ori=0, pos=array([ 0. , -0.6]), rgb=array([255., 255., 255.]), text='default text', units='norm', win=Window(...), wrapWidth=2)
5.2875 	EXP 	Created text_3 = TextStim(__class__=<class 'psychopy.visual.text.TextStim'>, alignHoriz='center', alignVert='center', antialias=True, autoLog=True, bold=False, color='white', colorSpace='named', contrast=1.0, depth=0.0, flipHoriz=False, flipVert=False, font='Arial', fontFiles=[], height=0.1, italic=False, languageStyle='LTR', name='text_3', opacity=1.0, ori=0, pos=array([0., 0.]), rgb=array([255., 255., 255.]), text='Final Tests', units='norm', win=Window(...), wrapWidth=1)
5.2889 	EXP 	Created image_2 = ImageStim(__class__=<class 'psychopy.visual.image.ImageStim'>, autoLog=True, color=array([1., 1., 1.]), colorSpace='rgb', contrast=1.0, depth=0.0, flipHoriz=False, flipVert=False, image='sin', interpolate=True, mask=None, maskParams=None, name='image_2', opacity=1.0, ori=0.0, pos=array([0., 0.]), size=array([0.5, 0.5]), texRes=128, units='norm', win=Window(...))
5.2924 	EXP 	Created text_4 = TextStim(__class__=<class 'psychopy.visual.text.TextStim'>, alignHoriz='center', alignVert='center', antialias=True, autoLog=True, bold=False, color='white', colorSpace='named', contrast=1.0, depth=-2.0, flipHoriz=False, flipVert=False, font='Arial', fontFiles=[], height=0.1, italic=False, languageStyle='LTR', name='text_4', opacity=1.0, ori=0, pos=array([ 0. , -0.5]), rgb=array([255., 255., 255.]), text='default text', units='norm', win=Window(...), wrapWidth=1)
5.2961 	EXP 	Created question1 = TextStim(__class__=<class 'psychopy.visual.text.TextStim'>, alignHoriz='center', alignVert='center', antialias=True, autoLog=True, bold=False, color='white', colorSpace='named', contrast=1.0, depth=-1.0, flipHoriz=False, flipVert=False, font='Arial', fontFiles=[], height=0.1, italic=False, languageStyle='LTR', name='question1', opacity=1.0, ori=0, pos=array([0. , 0.6]), rgb=array([255., 255., 255.]), text='default text', units='norm', win=Window(...), wrapWidth=2)
5.2996 	EXP 	Created question2 = TextStim(__class__=<class 'psychopy.visual.text.TextStim'>, alignHoriz='center', alignVert='center', antialias=True, autoLog=True, bold=False, color='white', colorSpace='named', contrast=1.0, depth=-1.0, flipHoriz=False, flipVert=False, font='Arial', fontFiles=[], height=0.1, italic=False, languageStyle='LTR', name='question2', opacity=1.0, ori=0, pos=array([0.  , 0.35]), rgb=array([255., 255., 255.]), text='default text', units='norm', win=Window(...), wrapWidth=2)
5.3031 	EXP 	Created question3 = TextStim(__class__=<class 'psychopy.visual.text.TextStim'>, alignHoriz='center', alignVert='center', antialias=True, autoLog=True, bold=False, color='white', colorSpace='named', contrast=1.0, depth=-1.0, flipHoriz=False, flipVert=False, font='Arial', fontFiles=[], height=0.1, italic=False, languageStyle='LTR', name='question3', opacity=1.0, ori=0, pos=array([0.  , 0.12]), rgb=array([255., 255., 255.]), text='default text', units='norm', win=Window(...), wrapWidth=2)
5.3065 	EXP 	Created question4 = TextStim(__class__=<class 'psychopy.visual.text.TextStim'>, alignHoriz='center', alignVert='center', antialias=True, autoLog=True, bold=False, color='white', colorSpace='named', contrast=1.0, depth=-1.0, flipHoriz=False, flipVert=False, font='Arial', fontFiles=[], height=0.1, italic=False, languageStyle='LTR', name='question4', opacity=1.0, ori=0, pos=array([ 0.  , -0.12]), rgb=array([255., 255., 255.]), text='default text', units='norm', win=Window(...), wrapWidth=2)
5.3099 	EXP 	Created question5 = TextStim(__class__=<class 'psychopy.visual.text.TextStim'>, alignHoriz='center', alignVert='center', antialias=True, autoLog=True, bold=False, color='white', colorSpace='named', contrast=1.0, depth=-1.0, flipHoriz=False, flipVert=False, font='Arial', fontFiles=[], height=0.1, italic=False, languageStyle='LTR', name='question5', opacity=1.0, ori=0, pos=array([ 0.  , -0.35]), rgb=array([255., 255., 255.]), text='default text', units='norm', win=Window(...), wrapWidth=2)
5.3135 	EXP 	Created question6 = TextStim(__class__=<class 'psychopy.visual.text.TextStim'>, alignHoriz='center', alignVert='center', antialias=True, autoLog=True, bold=False, color='white', colorSpace='named', contrast=1.0, depth=-1.0, flipHoriz=False, flipVert=False, font='Arial', fontFiles=[], height=0.1, italic=False, languageStyle='LTR', name='question6', opacity=1.0, ori=0, pos=array([ 0. , -0.6]), rgb=array([255., 255., 255.]), text='default text', units='norm', win=Window(...), wrapWidth=2)
5.3197 	EXP 	Created text = TextStim(__class__=<class 'psychopy.visual.text.TextStim'>, alignHoriz='center', alignVert='center', antialias=True, autoLog=True, bold=False, color='white', colorSpace='named', contrast=1.0, depth=0.0, flipHoriz=False, flipVert=False, font='Arial', fontFiles=[], height=0.1, italic=False, languageStyle='LTR', name='text', opacity=1.0, ori=0, pos=array([0., 0.]), rgb=array([255., 255., 255.]), text='end of introduction', units='norm', win=Window(...), wrapWidth=1)
5.3270 	EXP 	Imported instructions.xlsx as conditions, 6 conditions, 2 params
5.3272 	EXP 	Created sequence: sequential, trialTypes=6, nReps=1, seed=None
5.3275 	EXP 	New trial (rep=0, index=0): OrderedDict([('instruct_text', 'Welcome to the Job Simulator Task!'), ('instruct_text2', '(press the space bar to continue)')])
5.3590 	EXP 	welcome: text = 'Welcome to the Job Simulator Task!'
5.3590 	EXP 	text_12: text = '(press the space bar to continue)'
5.3590 	EXP 	welcome: autoDraw = True
5.3590 	EXP 	text_12: autoDraw = True
5.7283 	DATA 	Keypress: space
5.7291 	EXP 	New trial (rep=0, index=1): OrderedDict([('instruct_text', 'In this task, you will read 16 stories. During each one you will simulate having one job.\n'), ('instruct_text2', None)])
5.7751 	EXP 	welcome: autoDraw = False
5.7751 	EXP 	text_12: autoDraw = False
5.7751 	EXP 	welcome: text = 'In this task, you will read 16 stories. During each one you will simulate having one job.\n'
5.7751 	EXP 	text_12: text = '(press the space bar to continue)'
5.7751 	EXP 	welcome: autoDraw = True
5.7751 	EXP 	text_12: autoDraw = True
6.2102 	DATA 	Keypress: space
6.2109 	EXP 	New trial (rep=0, index=2): OrderedDict([('instruct_text', 'This job will be assigned to you before each story. '), ('instruct_text2', None)])
6.2426 	EXP 	welcome: autoDraw = False
6.2426 	EXP 	text_12: autoDraw = False
6.2426 	EXP 	welcome: text = 'This job will be assigned to you before each story. '
6.2426 	EXP 	text_12: text = '(press the space bar to continue)'
6.2426 	EXP 	welcome: autoDraw = True
6.2426 	EXP 	text_12: autoDraw = True
6.6431 	DATA 	Keypress: space
6.6439 	EXP 	New trial (rep=0, index=3): OrderedDict([('instruct_text', 'While reading each story, you should imagine yourself as having that job. '), ('instruct_text2', None)])
6.6749 	EXP 	welcome: autoDraw = False
6.6749 	EXP 	text_12: autoDraw = False
6.6749 	EXP 	welcome: text = 'While reading each story, you should imagine yourself as having that job. '
6.6749 	EXP 	text_12: text = '(press the space bar to continue)'
6.6749 	EXP 	welcome: autoDraw = True
6.6749 	EXP 	text_12: autoDraw = True
7.0765 	DATA 	Keypress: space
7.0771 	EXP 	New trial (rep=0, index=4): OrderedDict([('instruct_text', 'There are 8 possible jobs you could be asked to simulate.'), ('instruct_text2', None)])
7.1085 	EXP 	welcome: autoDraw = False
7.1085 	EXP 	text_12: autoDraw = False
7.1085 	EXP 	welcome: text = 'There are 8 possible jobs you could be asked to simulate.'
7.1085 	EXP 	text_12: text = '(press the space bar to continue)'
7.1085 	EXP 	welcome: autoDraw = True
7.1085 	EXP 	text_12: autoDraw = True
7.4935 	DATA 	Keypress: space
7.4942 	EXP 	New trial (rep=0, index=5): OrderedDict([('instruct_text', 'These jobs are as follows:'), ('instruct_text2', None)])
7.5255 	EXP 	welcome: autoDraw = False
7.5255 	EXP 	text_12: autoDraw = False
7.5255 	EXP 	welcome: text = 'These jobs are as follows:'
7.5255 	EXP 	text_12: text = '(press the space bar to continue)'
7.5255 	EXP 	welcome: autoDraw = True
7.5255 	EXP 	text_12: autoDraw = True
7.9436 	DATA 	Keypress: space
7.9486 	EXP 	Imported jobsPics.xlsx as conditions, 8 conditions, 2 params
7.9488 	EXP 	Created sequence: random, trialTypes=8, nReps=1, seed=None
7.9490 	EXP 	New trial (rep=0, index=0): OrderedDict([('rolePic', 'dean.jpg'), ('job', 'Dean of Academic Studies')])
8.0399 	EXP 	welcome: autoDraw = False
8.0399 	EXP 	text_12: autoDraw = False
8.0399 	EXP 	image: image = 'dean.jpg'
8.0399 	EXP 	text_2: text = 'Dean of Academic Studies'
8.0399 	EXP 	image: autoDraw = True
8.0399 	EXP 	text_2: autoDraw = True
8.6434 	DATA 	Keypress: space
8.6442 	EXP 	New trial (rep=0, index=1): OrderedDict([('rolePic', 'gscem.jpg'), ('job', 'Grocery Store Customer Experience Manager\n')])
8.9600 	EXP 	image: autoDraw = False
8.9600 	EXP 	text_2: autoDraw = False
8.9600 	EXP 	image: image = 'gscem.jpg'
8.9600 	EXP 	text_2: text = 'Grocery Store Customer Experience Manager\n'
8.9600 	EXP 	image: autoDraw = True
8.9600 	EXP 	text_2: autoDraw = True
9.3619 	DATA 	Keypress: space
9.3626 	EXP 	New trial (rep=0, index=2): OrderedDict([('rolePic', 'restaurant_critic.jpg'), ('job', 'Restaurant Critic')])
9.4096 	EXP 	image: autoDraw = False
9.4096 	EXP 	text_2: autoDraw = False
9.4096 	EXP 	image: image = 'restaurant_critic.jpg'
9.4096 	EXP 	text_2: text = 'Restaurant Critic'
9.4096 	EXP 	image: autoDraw = True
9.4096 	EXP 	text_2: autoDraw = True
9.9945 	DATA 	Keypress: space
9.9951 	EXP 	New trial (rep=0, index=3): OrderedDict([('rolePic', 'weddingplanner.jpg'), ('job', 'Wedding Planner')])
10.3276 	EXP 	image: autoDraw = False
10.3276 	EXP 	text_2: autoDraw = False
10.3276 	EXP 	image: image = 'weddingplanner.jpg'
10.3276 	EXP 	text_2: text = 'Wedding Planner'
10.3276 	EXP 	image: autoDraw = True
10.3276 	EXP 	text_2: autoDraw = True
10.6952 	DATA 	Keypress: space
10.6959 	EXP 	New trial (rep=0, index=4): OrderedDict([('rolePic', 'business_reporter.jpg'), ('job', 'Business Reporter')])
10.7442 	EXP 	image: autoDraw = False
10.7442 	EXP 	text_2: autoDraw = False
10.7442 	EXP 	image: image = 'business_reporter.jpg'
10.7442 	EXP 	text_2: text = 'Business Reporter'
10.7442 	EXP 	image: autoDraw = True
10.7442 	EXP 	text_2: autoDraw = True
11.2117 	DATA 	Keypress: space
11.2124 	EXP 	New trial (rep=0, index=5): OrderedDict([('rolePic', 'couples.jpeg'), ('job', 'Couples Therapist\n')])
11.2598 	EXP 	image: autoDraw = False
11.2598 	EXP 	text_2: autoDraw = False
11.2598 	EXP 	image: image = 'couples.jpeg'
11.2598 	EXP 	text_2: text = 'Couples Therapist\n'
11.2598 	EXP 	image: autoDraw = True
11.2598 	EXP 	text_2: autoDraw = True
11.7618 	DATA 	Keypress: space
11.7626 	EXP 	New trial (rep=0, index=6): OrderedDict([('rolePic', 'matchmaker.jpg'), ('job', 'Matchmaker')])
11.7939 	EXP 	image: autoDraw = False
11.7939 	EXP 	text_2: autoDraw = False
11.7939 	EXP 	image: image = 'matchmaker.jpg'
11.7939 	EXP 	text_2: text = 'Matchmaker'
11.7939 	EXP 	image: autoDraw = True
11.7939 	EXP 	text_2: autoDraw = True
12.2954 	DATA 	Keypress: space
12.3112 	EXP 	New trial (rep=0, index=7): OrderedDict([('rolePic', 'acem.jpg'), ('job', 'Airport Customer Experience Manager')])
12.3438 	EXP 	image: autoDraw = False
12.3438 	EXP 	text_2: autoDraw = False
12.3438 	EXP 	image: image = 'acem.jpg'
12.3438 	EXP 	text_2: text = 'Airport Customer Experience Manager'
12.3438 	EXP 	image: autoDraw = True
12.3438 	EXP 	text_2: autoDraw = True
12.8623 	DATA 	Keypress: space
12.8675 	EXP 	Imported instructions2.xlsx as conditions, 7 conditions, 2 params
12.8677 	EXP 	Created sequence: sequential, trialTypes=7, nReps=1, seed=None
12.8679 	EXP 	New trial (rep=0, index=0): OrderedDict([('instruct_text', 'In addition, your task will be to answer job-related questions.\n'), ('instruct_text2', '(press the space bar to continue)')])
12.8937 	EXP 	image: autoDraw = False
12.8937 	EXP 	text_2: autoDraw = False
12.8937 	EXP 	welcome: text = 'In addition, your task will be to answer job-related questions.\n'
12.8937 	EXP 	text_12: text = '(press the space bar to continue)'
12.8937 	EXP 	welcome: autoDraw = True
12.8937 	EXP 	text_12: autoDraw = True
13.7954 	DATA 	Keypress: space
13.7963 	EXP 	New trial (rep=0, index=1): OrderedDict([('instruct_text', 'There are four question per job.'), ('instruct_text2', None)])
13.8290 	EXP 	welcome: autoDraw = False
13.8290 	EXP 	text_12: autoDraw = False
13.8290 	EXP 	welcome: text = 'There are four question per job.'
13.8290 	EXP 	text_12: text = '(press the space bar to continue)'
13.8290 	EXP 	welcome: autoDraw = True
13.8290 	EXP 	text_12: autoDraw = True
14.2133 	DATA 	Keypress: space
14.2140 	EXP 	New trial (rep=0, index=2): OrderedDict([('instruct_text', 'You will have to try to memorize these questions and then remember your answers to the questions.'), ('instruct_text2', None)])
14.2453 	EXP 	welcome: autoDraw = False
14.2453 	EXP 	text_12: autoDraw = False
14.2453 	EXP 	welcome: text = 'You will have to try to memorize these questions and then remember your answers to the questions.'
14.2453 	EXP 	text_12: text = '(press the space bar to continue)'
14.2453 	EXP 	welcome: autoDraw = True
14.2453 	EXP 	text_12: autoDraw = True
14.5460 	DATA 	Keypress: space
14.5467 	EXP 	New trial (rep=0, index=3): OrderedDict([('instruct_text', 'You will be asked about the answers to these questions at end of the experiment. '), ('instruct_text2', None)])
14.5788 	EXP 	welcome: autoDraw = False
14.5788 	EXP 	text_12: autoDraw = False
14.5788 	EXP 	welcome: text = 'You will be asked about the answers to these questions at end of the experiment. '
14.5788 	EXP 	text_12: text = '(press the space bar to continue)'
14.5788 	EXP 	welcome: autoDraw = True
14.5788 	EXP 	text_12: autoDraw = True
14.8961 	DATA 	Keypress: space
14.8968 	EXP 	New trial (rep=0, index=4): OrderedDict([('instruct_text', 'In order to help you memorize the questions, there will be a short quiz on them before the actual task begins.'), ('instruct_text2', None)])
14.9285 	EXP 	welcome: autoDraw = False
14.9285 	EXP 	text_12: autoDraw = False
14.9285 	EXP 	welcome: text = 'In order to help you memorize the questions, there will be a short quiz on them before the actual task begins.'
14.9285 	EXP 	text_12: text = '(press the space bar to continue)'
14.9285 	EXP 	welcome: autoDraw = True
14.9285 	EXP 	text_12: autoDraw = True
15.2462 	DATA 	Keypress: space
15.2470 	EXP 	New trial (rep=0, index=5): OrderedDict([('instruct_text', 'In addition, before each story, there will be a reminder of what these questions are.  '), ('instruct_text2', None)])
15.2786 	EXP 	welcome: autoDraw = False
15.2786 	EXP 	text_12: autoDraw = False
15.2786 	EXP 	welcome: text = 'In addition, before each story, there will be a reminder of what these questions are.  '
15.2786 	EXP 	text_12: text = '(press the space bar to continue)'
15.2786 	EXP 	welcome: autoDraw = True
15.2786 	EXP 	text_12: autoDraw = True
15.6638 	DATA 	Keypress: space
15.6644 	EXP 	New trial (rep=0, index=6): OrderedDict([('instruct_text', 'Press the space bar to begin learning the jobs and the questions for each one.'), ('instruct_text2', None)])
15.6947 	EXP 	welcome: autoDraw = False
15.6947 	EXP 	text_12: autoDraw = False
15.6947 	EXP 	welcome: text = 'Press the space bar to begin learning the jobs and the questions for each one.'
15.6947 	EXP 	text_12: text = '(press the space bar to continue)'
15.6947 	EXP 	welcome: autoDraw = True
15.6947 	EXP 	text_12: autoDraw = True
16.1967 	DATA 	Keypress: space
16.2043 	EXP 	Imported whichRole.xlsx as conditions, 8 conditions, 8 params
16.2047 	EXP 	Created sequence: random, trialTypes=8, nReps=1, seed=None
16.2050 	EXP 	New trial (rep=0, index=0): OrderedDict([('Q1', 'When the clients arrive at the airport, how much time do they have to go through?\n'), ('Q2', 'What do the clients have do at security to comply with the security check?\n'), ('Q3', 'How do the clients feel when they are \xa0walking to the gates?\n'), ('Q4', 'Where does each client sit on the plane?'), ('D1', 'Are the security guides friendly or rude?'), ('D2', 'Are the airport restrooms clean?'), ('roleName', 'Airport Customer Experience Manager'), ('rolePic', 'acem.jpg')])
16.2053 	EXP 	Created sequence: sequential, trialTypes=1, nReps=5, seed=None
16.2054 	EXP 	New trial (rep=0, index=0): None
16.2612 	EXP 	welcome: autoDraw = False
16.2612 	EXP 	text_12: autoDraw = False
16.2612 	EXP 	text_8: text = 'When the clients arrive at the airport, how much time do they have to go through?\n'
16.2612 	EXP 	text_9: text = 'Airport Customer Experience Manager'
16.2612 	EXP 	image_5: image = 'acem.jpg'
16.2612 	EXP 	text_8: autoDraw = True
16.2612 	EXP 	text_9: autoDraw = True
16.2612 	EXP 	image_5: autoDraw = True
17.3136 	DATA 	Keypress: space
17.3722 	EXP 	text_8: autoDraw = False
17.3722 	EXP 	text_9: autoDraw = False
17.3722 	EXP 	image_5: autoDraw = False
17.3722 	EXP 	text_10: text = 'What do the clients have do at security to comply with the security check?\n'
17.3722 	EXP 	text_11: text = 'Airport Customer Experience Manager'
17.3722 	EXP 	image_6: image = 'acem.jpg'
17.3722 	EXP 	text_10: autoDraw = True
17.3722 	EXP 	text_11: autoDraw = True
17.3722 	EXP 	image_6: autoDraw = True
17.6964 	DATA 	Keypress: space
17.7561 	EXP 	text_10: autoDraw = False
17.7561 	EXP 	text_11: autoDraw = False
17.7561 	EXP 	image_6: autoDraw = False
17.7561 	EXP 	text_13: text = 'How do the clients feel when they are \xa0walking to the gates?\n'
17.7561 	EXP 	text_14: text = 'Airport Customer Experience Manager'
17.7561 	EXP 	image_7: image = 'acem.jpg'
17.7561 	EXP 	text_13: autoDraw = True
17.7561 	EXP 	text_14: autoDraw = True
17.7561 	EXP 	image_7: autoDraw = True
18.0639 	DATA 	Keypress: space
18.1119 	EXP 	text_13: autoDraw = False
18.1119 	EXP 	text_14: autoDraw = False
18.1119 	EXP 	image_7: autoDraw = False
18.1119 	EXP 	text_15: text = 'Where does each client sit on the plane?'
18.1119 	EXP 	text_16: text = 'Airport Customer Experience Manager'
18.1119 	EXP 	image_8: image = 'acem.jpg'
18.1119 	EXP 	text_15: autoDraw = True
18.1119 	EXP 	text_16: autoDraw = True
18.1119 	EXP 	image_8: autoDraw = True
18.6633 	DATA 	Keypress: space
18.6711 	EXP 	Created unnamed ImageStim = ImageStim(__class__=<class 'psychopy.visual.image.ImageStim'>, autoLog=True, color=array([1., 1., 1.]), colorSpace='rgb', contrast=1.0, depth=0, flipHoriz=False, flipVert=False, image='checkmark.png', interpolate=False, mask=None, maskParams=None, name='unnamed ImageStim', opacity=1.0, ori=0.0, pos=array([0., 0.]), size=array([0.2703125 , 0.47222222]), texRes=128, units='norm', win=Window(...))
18.7909 	EXP 	Created unnamed ImageStim = ImageStim(__class__=<class 'psychopy.visual.image.ImageStim'>, autoLog=True, color=array([1., 1., 1.]), colorSpace='rgb', contrast=1.0, depth=0, flipHoriz=False, flipVert=False, image='redx.png', interpolate=False, mask=None, maskParams=None, name='unnamed ImageStim', opacity=1.0, ori=0.0, pos=array([0., 0.]), size=array([1.5625    , 2.77777778]), texRes=128, units='norm', win=Window(...))
18.8028 	EXP 	Created unnamed ImageStim = ImageStim(__class__=<class 'psychopy.visual.image.ImageStim'>, autoLog=True, color=array([1., 1., 1.]), colorSpace='rgb', contrast=1.0, depth=0, flipHoriz=False, flipVert=False, image='thumbsup.png', interpolate=False, mask=None, maskParams=None, name='unnamed ImageStim', opacity=1.0, ori=0.0, pos=array([0., 0.]), size=array([0.375 , 0.7125]), texRes=128, units='norm', win=Window(...))
18.8966 	EXP 	text_15: autoDraw = False
18.8966 	EXP 	text_16: autoDraw = False
18.8966 	EXP 	image_8: autoDraw = False
18.8966 	EXP 	question1: text = '1: How do the clients feel when they are \xa0walking to the gates?\n'
18.8966 	EXP 	question2: text = '2: Are the security guides friendly or rude?'
18.8966 	EXP 	question3: text = '3: Where does each client sit on the plane?'
18.8966 	EXP 	question4: text = '4: Are the airport restrooms clean?'
18.8966 	EXP 	question5: text = '5: What do the clients have do at security to comply with the security check?\n'
18.8966 	EXP 	question6: text = '6: When the clients arrive at the airport, how much time do they have to go through?\n'
18.8966 	EXP 	question1: autoDraw = True
18.8966 	EXP 	question2: autoDraw = True
18.8966 	EXP 	question3: autoDraw = True
18.8966 	EXP 	question4: autoDraw = True
18.8966 	EXP 	question5: autoDraw = True
18.8966 	EXP 	question6: autoDraw = True
20.3157 	DATA 	Keypress: q
20.5866 	EXP 	window1: mouseVisible = True
4.0997 	WARNING 	User requested fullscreen with size [1024  768], but screen is actually [2560, 1440]. Using actual size
4.7646 	EXP 	Created window1 = Window(allowGUI=False, allowStencil=False, args=UNKNOWN, autoLog=True, bitsMode=UNKNOWN, blendMode='avg', color=array([0., 0., 0.]), colorSpace='rgb', fullscr=<method-wrapper '__getattribute__' of attributeSetter object at 0x124047da0>, gamma=None, kwargs=UNKNOWN, lms=UNKNOWN, monitor=<psychopy.monitors.calibTools.Monitor object at 0x12426b940>, multiSample=False, name='window1', numSamples=2, pos=[0.0, 0.0], screen=0, size=array([5120, 2880]), stereo=False, units='norm', useFBO=True, useRetina=True, viewOri=0.0, viewPos=None, viewScale=None, waitBlanking=True, winType='pyglet')
4.7647 	EXP 	window1: recordFrameIntervals = False
4.9310 	EXP 	window1: recordFrameIntervals = True
5.1146 	EXP 	window1: recordFrameIntervals = False
5.1801 	EXP 	Created welcome = TextStim(__class__=<class 'psychopy.visual.text.TextStim'>, alignHoriz='center', alignVert='center', antialias=True, autoLog=True, bold=False, color='white', colorSpace='named', contrast=1.0, depth=0.0, flipHoriz=False, flipVert=False, font='Arial', fontFiles=[], height=0.1, italic=False, languageStyle='LTR', name='welcome', opacity=1.0, ori=0, pos=array([0., 0.]), rgb=array([255., 255., 255.]), text='default text', units='norm', win=Window(...), wrapWidth=1)
5.1835 	EXP 	Created text_12 = TextStim(__class__=<class 'psychopy.visual.text.TextStim'>, alignHoriz='center', alignVert='center', antialias=True, autoLog=True, bold=False, color='white', colorSpace='named', contrast=1.0, depth=-2.0, flipHoriz=False, flipVert=False, font='Arial', fontFiles=[], height=0.1, italic=False, languageStyle='LTR', name='text_12', opacity=1.0, ori=0, pos=array([ 0. , -0.6]), rgb=array([255., 255., 255.]), text='default text', units='norm', win=Window(...), wrapWidth=1)
5.1851 	EXP 	Created image = ImageStim(__class__=<class 'psychopy.visual.image.ImageStim'>, autoLog=True, color=array([1., 1., 1.]), colorSpace='rgb', contrast=1.0, depth=0.0, flipHoriz=False, flipVert=False, image='sin', interpolate=True, mask=None, maskParams=None, name='image', opacity=1.0, ori=0.0, pos=array([0., 0.]), size=array([0.5, 0.5]), texRes=128, units='norm', win=Window(...))
5.1886 	EXP 	Created text_2 = TextStim(__class__=<class 'psychopy.visual.text.TextStim'>, alignHoriz='center', alignVert='center', antialias=True, autoLog=True, bold=False, color='white', colorSpace='named', contrast=1.0, depth=-2.0, flipHoriz=False, flipVert=False, font='Arial', fontFiles=[], height=0.1, italic=False, languageStyle='LTR', name='text_2', opacity=1.0, ori=0, pos=array([ 0. , -0.5]), rgb=array([255., 255., 255.]), text='default text', units='norm', win=Window(...), wrapWidth=1)
5.1920 	EXP 	Created welcome = TextStim(__class__=<class 'psychopy.visual.text.TextStim'>, alignHoriz='center', alignVert='center', antialias=True, autoLog=True, bold=False, color='white', colorSpace='named', contrast=1.0, depth=0.0, flipHoriz=False, flipVert=False, font='Arial', fontFiles=[], height=0.1, italic=False, languageStyle='LTR', name='welcome', opacity=1.0, ori=0, pos=array([0., 0.]), rgb=array([255., 255., 255.]), text='default text', units='norm', win=Window(...), wrapWidth=1)
5.1956 	EXP 	Created text_12 = TextStim(__class__=<class 'psychopy.visual.text.TextStim'>, alignHoriz='center', alignVert='center', antialias=True, autoLog=True, bold=False, color='white', colorSpace='named', contrast=1.0, depth=-2.0, flipHoriz=False, flipVert=False, font='Arial', fontFiles=[], height=0.1, italic=False, languageStyle='LTR', name='text_12', opacity=1.0, ori=0, pos=array([ 0. , -0.6]), rgb=array([255., 255., 255.]), text='default text', units='norm', win=Window(...), wrapWidth=1)
5.1990 	EXP 	Created text_8 = TextStim(__class__=<class 'psychopy.visual.text.TextStim'>, alignHoriz='center', alignVert='center', antialias=True, autoLog=True, bold=False, color='white', colorSpace='named', contrast=1.0, depth=0.0, flipHoriz=False, flipVert=False, font='Arial', fontFiles=[], height=0.1, italic=False, languageStyle='LTR', name='text_8', opacity=1.0, ori=0, pos=array([ 0. , -0.4]), rgb=array([255., 255., 255.]), text='default text', units='norm', win=Window(...), wrapWidth=1)
5.2025 	EXP 	Created text_9 = TextStim(__class__=<class 'psychopy.visual.text.TextStim'>, alignHoriz='center', alignVert='center', antialias=True, autoLog=True, bold=False, color='white', colorSpace='named', contrast=1.0, depth=-1.0, flipHoriz=False, flipVert=False, font='Arial', fontFiles=[], height=0.1, italic=False, languageStyle='LTR', name='text_9', opacity=1.0, ori=0, pos=array([-0.25,  0.25]), rgb=array([255., 255., 255.]), text='default text', units='norm', win=Window(...), wrapWidth=0.5)
5.2038 	EXP 	Created image_5 = ImageStim(__class__=<class 'psychopy.visual.image.ImageStim'>, autoLog=True, color=array([1., 1., 1.]), colorSpace='rgb', contrast=1.0, depth=-2.0, flipHoriz=False, flipVert=False, image='sin', interpolate=True, mask=None, maskParams=None, name='image_5', opacity=1.0, ori=0.0, pos=array([0.25, 0.25]), size=array([0.5, 0.5]), texRes=128, units='norm', win=Window(...))
5.2074 	EXP 	Created text_10 = TextStim(__class__=<class 'psychopy.visual.text.TextStim'>, alignHoriz='center', alignVert='center', antialias=True, autoLog=True, bold=False, color='white', colorSpace='named', contrast=1.0, depth=0.0, flipHoriz=False, flipVert=False, font='Arial', fontFiles=[], height=0.1, italic=False, languageStyle='LTR', name='text_10', opacity=1.0, ori=0, pos=array([ 0. , -0.4]), rgb=array([255., 255., 255.]), text='default text', units='norm', win=Window(...), wrapWidth=1)
5.2111 	EXP 	Created text_11 = TextStim(__class__=<class 'psychopy.visual.text.TextStim'>, alignHoriz='center', alignVert='center', antialias=True, autoLog=True, bold=False, color='white', colorSpace='named', contrast=1.0, depth=-1.0, flipHoriz=False, flipVert=False, font='Arial', fontFiles=[], height=0.1, italic=False, languageStyle='LTR', name='text_11', opacity=1.0, ori=0, pos=array([-0.25,  0.25]), rgb=array([255., 255., 255.]), text='default text', units='norm', win=Window(...), wrapWidth=0.5)
5.2124 	EXP 	Created image_6 = ImageStim(__class__=<class 'psychopy.visual.image.ImageStim'>, autoLog=True, color=array([1., 1., 1.]), colorSpace='rgb', contrast=1.0, depth=-2.0, flipHoriz=False, flipVert=False, image='sin', interpolate=True, mask=None, maskParams=None, name='image_6', opacity=1.0, ori=0.0, pos=array([0.25, 0.25]), size=array([0.5, 0.5]), texRes=128, units='norm', win=Window(...))
5.2159 	EXP 	Created text_13 = TextStim(__class__=<class 'psychopy.visual.text.TextStim'>, alignHoriz='center', alignVert='center', antialias=True, autoLog=True, bold=False, color='white', colorSpace='named', contrast=1.0, depth=0.0, flipHoriz=False, flipVert=False, font='Arial', fontFiles=[], height=0.1, italic=False, languageStyle='LTR', name='text_13', opacity=1.0, ori=0, pos=array([ 0. , -0.4]), rgb=array([255., 255., 255.]), text='default text', units='norm', win=Window(...), wrapWidth=1)
5.2192 	EXP 	Created text_14 = TextStim(__class__=<class 'psychopy.visual.text.TextStim'>, alignHoriz='center', alignVert='center', antialias=True, autoLog=True, bold=False, color='white', colorSpace='named', contrast=1.0, depth=-1.0, flipHoriz=False, flipVert=False, font='Arial', fontFiles=[], height=0.1, italic=False, languageStyle='LTR', name='text_14', opacity=1.0, ori=0, pos=array([-0.25,  0.25]), rgb=array([255., 255., 255.]), text='default text', units='norm', win=Window(...), wrapWidth=0.5)
5.2206 	EXP 	Created image_7 = ImageStim(__class__=<class 'psychopy.visual.image.ImageStim'>, autoLog=True, color=array([1., 1., 1.]), colorSpace='rgb', contrast=1.0, depth=-2.0, flipHoriz=False, flipVert=False, image='sin', interpolate=True, mask=None, maskParams=None, name='image_7', opacity=1.0, ori=0.0, pos=array([0.25, 0.25]), size=array([0.5, 0.5]), texRes=128, units='norm', win=Window(...))
5.2244 	EXP 	Created text_15 = TextStim(__class__=<class 'psychopy.visual.text.TextStim'>, alignHoriz='center', alignVert='center', antialias=True, autoLog=True, bold=False, color='white', colorSpace='named', contrast=1.0, depth=0.0, flipHoriz=False, flipVert=False, font='Arial', fontFiles=[], height=0.1, italic=False, languageStyle='LTR', name='text_15', opacity=1.0, ori=0, pos=array([ 0. , -0.4]), rgb=array([255., 255., 255.]), text='default text', units='norm', win=Window(...), wrapWidth=1)
5.2279 	EXP 	Created text_16 = TextStim(__class__=<class 'psychopy.visual.text.TextStim'>, alignHoriz='center', alignVert='center', antialias=True, autoLog=True, bold=False, color='white', colorSpace='named', contrast=1.0, depth=-1.0, flipHoriz=False, flipVert=False, font='Arial', fontFiles=[], height=0.1, italic=False, languageStyle='LTR', name='text_16', opacity=1.0, ori=0, pos=array([-0.25,  0.25]), rgb=array([255., 255., 255.]), text='default text', units='norm', win=Window(...), wrapWidth=0.5)
5.2293 	EXP 	Created image_8 = ImageStim(__class__=<class 'psychopy.visual.image.ImageStim'>, autoLog=True, color=array([1., 1., 1.]), colorSpace='rgb', contrast=1.0, depth=-2.0, flipHoriz=False, flipVert=False, image='sin', interpolate=True, mask=None, maskParams=None, name='image_8', opacity=1.0, ori=0.0, pos=array([0.25, 0.25]), size=array([0.5, 0.5]), texRes=128, units='norm', win=Window(...))
5.2342 	EXP 	Created question1 = TextStim(__class__=<class 'psychopy.visual.text.TextStim'>, alignHoriz='center', alignVert='center', antialias=True, autoLog=True, bold=False, color='white', colorSpace='named', contrast=1.0, depth=-1.0, flipHoriz=False, flipVert=False, font='Arial', fontFiles=[], height=0.1, italic=False, languageStyle='LTR', name='question1', opacity=1.0, ori=0, pos=array([0. , 0.6]), rgb=array([255., 255., 255.]), text='default text', units='norm', win=Window(...), wrapWidth=2)
5.2378 	EXP 	Created question2 = TextStim(__class__=<class 'psychopy.visual.text.TextStim'>, alignHoriz='center', alignVert='center', antialias=True, autoLog=True, bold=False, color='white', colorSpace='named', contrast=1.0, depth=-1.0, flipHoriz=False, flipVert=False, font='Arial', fontFiles=[], height=0.1, italic=False, languageStyle='LTR', name='question2', opacity=1.0, ori=0, pos=array([0.  , 0.35]), rgb=array([255., 255., 255.]), text='default text', units='norm', win=Window(...), wrapWidth=2)
5.2414 	EXP 	Created question3 = TextStim(__class__=<class 'psychopy.visual.text.TextStim'>, alignHoriz='center', alignVert='center', antialias=True, autoLog=True, bold=False, color='white', colorSpace='named', contrast=1.0, depth=-1.0, flipHoriz=False, flipVert=False, font='Arial', fontFiles=[], height=0.1, italic=False, languageStyle='LTR', name='question3', opacity=1.0, ori=0, pos=array([0.  , 0.12]), rgb=array([255., 255., 255.]), text='default text', units='norm', win=Window(...), wrapWidth=2)
5.2450 	EXP 	Created question4 = TextStim(__class__=<class 'psychopy.visual.text.TextStim'>, alignHoriz='center', alignVert='center', antialias=True, autoLog=True, bold=False, color='white', colorSpace='named', contrast=1.0, depth=-1.0, flipHoriz=False, flipVert=False, font='Arial', fontFiles=[], height=0.1, italic=False, languageStyle='LTR', name='question4', opacity=1.0, ori=0, pos=array([ 0.  , -0.12]), rgb=array([255., 255., 255.]), text='default text', units='norm', win=Window(...), wrapWidth=2)
5.2486 	EXP 	Created question5 = TextStim(__class__=<class 'psychopy.visual.text.TextStim'>, alignHoriz='center', alignVert='center', antialias=True, autoLog=True, bold=False, color='white', colorSpace='named', contrast=1.0, depth=-1.0, flipHoriz=False, flipVert=False, font='Arial', fontFiles=[], height=0.1, italic=False, languageStyle='LTR', name='question5', opacity=1.0, ori=0, pos=array([ 0.  , -0.35]), rgb=array([255., 255., 255.]), text='default text', units='norm', win=Window(...), wrapWidth=2)
5.2523 	EXP 	Created question6 = TextStim(__class__=<class 'psychopy.visual.text.TextStim'>, alignHoriz='center', alignVert='center', antialias=True, autoLog=True, bold=False, color='white', colorSpace='named', contrast=1.0, depth=-1.0, flipHoriz=False, flipVert=False, font='Arial', fontFiles=[], height=0.1, italic=False, languageStyle='LTR', name='question6', opacity=1.0, ori=0, pos=array([ 0. , -0.6]), rgb=array([255., 255., 255.]), text='default text', units='norm', win=Window(...), wrapWidth=2)
5.2593 	EXP 	Created text_3 = TextStim(__class__=<class 'psychopy.visual.text.TextStim'>, alignHoriz='center', alignVert='center', antialias=True, autoLog=True, bold=False, color='white', colorSpace='named', contrast=1.0, depth=0.0, flipHoriz=False, flipVert=False, font='Arial', fontFiles=[], height=0.1, italic=False, languageStyle='LTR', name='text_3', opacity=1.0, ori=0, pos=array([0., 0.]), rgb=array([255., 255., 255.]), text='Final Tests', units='norm', win=Window(...), wrapWidth=1)
5.2606 	EXP 	Created image_2 = ImageStim(__class__=<class 'psychopy.visual.image.ImageStim'>, autoLog=True, color=array([1., 1., 1.]), colorSpace='rgb', contrast=1.0, depth=0.0, flipHoriz=False, flipVert=False, image='sin', interpolate=True, mask=None, maskParams=None, name='image_2', opacity=1.0, ori=0.0, pos=array([0., 0.]), size=array([0.5, 0.5]), texRes=128, units='norm', win=Window(...))
5.2642 	EXP 	Created text_4 = TextStim(__class__=<class 'psychopy.visual.text.TextStim'>, alignHoriz='center', alignVert='center', antialias=True, autoLog=True, bold=False, color='white', colorSpace='named', contrast=1.0, depth=-2.0, flipHoriz=False, flipVert=False, font='Arial', fontFiles=[], height=0.1, italic=False, languageStyle='LTR', name='text_4', opacity=1.0, ori=0, pos=array([ 0. , -0.5]), rgb=array([255., 255., 255.]), text='default text', units='norm', win=Window(...), wrapWidth=1)
5.2678 	EXP 	Created question1 = TextStim(__class__=<class 'psychopy.visual.text.TextStim'>, alignHoriz='center', alignVert='center', antialias=True, autoLog=True, bold=False, color='white', colorSpace='named', contrast=1.0, depth=-1.0, flipHoriz=False, flipVert=False, font='Arial', fontFiles=[], height=0.1, italic=False, languageStyle='LTR', name='question1', opacity=1.0, ori=0, pos=array([0. , 0.6]), rgb=array([255., 255., 255.]), text='default text', units='norm', win=Window(...), wrapWidth=2)
5.2712 	EXP 	Created question2 = TextStim(__class__=<class 'psychopy.visual.text.TextStim'>, alignHoriz='center', alignVert='center', antialias=True, autoLog=True, bold=False, color='white', colorSpace='named', contrast=1.0, depth=-1.0, flipHoriz=False, flipVert=False, font='Arial', fontFiles=[], height=0.1, italic=False, languageStyle='LTR', name='question2', opacity=1.0, ori=0, pos=array([0.  , 0.35]), rgb=array([255., 255., 255.]), text='default text', units='norm', win=Window(...), wrapWidth=2)
5.2745 	EXP 	Created question3 = TextStim(__class__=<class 'psychopy.visual.text.TextStim'>, alignHoriz='center', alignVert='center', antialias=True, autoLog=True, bold=False, color='white', colorSpace='named', contrast=1.0, depth=-1.0, flipHoriz=False, flipVert=False, font='Arial', fontFiles=[], height=0.1, italic=False, languageStyle='LTR', name='question3', opacity=1.0, ori=0, pos=array([0.  , 0.12]), rgb=array([255., 255., 255.]), text='default text', units='norm', win=Window(...), wrapWidth=2)
5.2779 	EXP 	Created question4 = TextStim(__class__=<class 'psychopy.visual.text.TextStim'>, alignHoriz='center', alignVert='center', antialias=True, autoLog=True, bold=False, color='white', colorSpace='named', contrast=1.0, depth=-1.0, flipHoriz=False, flipVert=False, font='Arial', fontFiles=[], height=0.1, italic=False, languageStyle='LTR', name='question4', opacity=1.0, ori=0, pos=array([ 0.  , -0.12]), rgb=array([255., 255., 255.]), text='default text', units='norm', win=Window(...), wrapWidth=2)
5.2813 	EXP 	Created question5 = TextStim(__class__=<class 'psychopy.visual.text.TextStim'>, alignHoriz='center', alignVert='center', antialias=True, autoLog=True, bold=False, color='white', colorSpace='named', contrast=1.0, depth=-1.0, flipHoriz=False, flipVert=False, font='Arial', fontFiles=[], height=0.1, italic=False, languageStyle='LTR', name='question5', opacity=1.0, ori=0, pos=array([ 0.  , -0.35]), rgb=array([255., 255., 255.]), text='default text', units='norm', win=Window(...), wrapWidth=2)
5.2848 	EXP 	Created question6 = TextStim(__class__=<class 'psychopy.visual.text.TextStim'>, alignHoriz='center', alignVert='center', antialias=True, autoLog=True, bold=False, color='white', colorSpace='named', contrast=1.0, depth=-1.0, flipHoriz=False, flipVert=False, font='Arial', fontFiles=[], height=0.1, italic=False, languageStyle='LTR', name='question6', opacity=1.0, ori=0, pos=array([ 0. , -0.6]), rgb=array([255., 255., 255.]), text='default text', units='norm', win=Window(...), wrapWidth=2)
5.2910 	EXP 	Created text = TextStim(__class__=<class 'psychopy.visual.text.TextStim'>, alignHoriz='center', alignVert='center', antialias=True, autoLog=True, bold=False, color='white', colorSpace='named', contrast=1.0, depth=0.0, flipHoriz=False, flipVert=False, font='Arial', fontFiles=[], height=0.1, italic=False, languageStyle='LTR', name='text', opacity=1.0, ori=0, pos=array([0., 0.]), rgb=array([255., 255., 255.]), text='end of introduction', units='norm', win=Window(...), wrapWidth=1)
5.2982 	EXP 	Imported instructions.xlsx as conditions, 6 conditions, 2 params
5.2984 	EXP 	Created sequence: sequential, trialTypes=6, nReps=1, seed=None
5.2987 	EXP 	New trial (rep=0, index=0): OrderedDict([('instruct_text', 'Welcome to the Job Simulator Task!'), ('instruct_text2', '(press the space bar to continue)')])
5.3311 	EXP 	welcome: text = 'Welcome to the Job Simulator Task!'
5.3311 	EXP 	text_12: text = '(press the space bar to continue)'
5.3311 	EXP 	welcome: autoDraw = True
5.3311 	EXP 	text_12: autoDraw = True
5.6172 	DATA 	Keypress: space
5.6180 	EXP 	New trial (rep=0, index=1): OrderedDict([('instruct_text', 'In this task, you will read 16 stories. During each one you will simulate having one job.\n'), ('instruct_text2', None)])
5.6646 	EXP 	welcome: autoDraw = False
5.6646 	EXP 	text_12: autoDraw = False
5.6646 	EXP 	welcome: text = 'In this task, you will read 16 stories. During each one you will simulate having one job.\n'
5.6646 	EXP 	text_12: text = '(press the space bar to continue)'
5.6646 	EXP 	welcome: autoDraw = True
5.6646 	EXP 	text_12: autoDraw = True
5.7659 	DATA 	Keypress: space
5.7666 	EXP 	New trial (rep=0, index=2): OrderedDict([('instruct_text', 'This job will be assigned to you before each story. '), ('instruct_text2', None)])
5.7979 	EXP 	welcome: autoDraw = False
5.7979 	EXP 	text_12: autoDraw = False
5.7979 	EXP 	welcome: text = 'This job will be assigned to you before each story. '
5.7979 	EXP 	text_12: text = '(press the space bar to continue)'
5.7979 	EXP 	welcome: autoDraw = True
5.7979 	EXP 	text_12: autoDraw = True
5.9327 	DATA 	Keypress: space
5.9334 	EXP 	New trial (rep=0, index=3): OrderedDict([('instruct_text', 'While reading each story, you should imagine yourself as having that job. '), ('instruct_text2', None)])
5.9643 	EXP 	welcome: autoDraw = False
5.9643 	EXP 	text_12: autoDraw = False
5.9643 	EXP 	welcome: text = 'While reading each story, you should imagine yourself as having that job. '
5.9643 	EXP 	text_12: text = '(press the space bar to continue)'
5.9643 	EXP 	welcome: autoDraw = True
5.9643 	EXP 	text_12: autoDraw = True
6.0834 	DATA 	Keypress: space
6.0840 	EXP 	New trial (rep=0, index=4): OrderedDict([('instruct_text', 'There are 8 possible jobs you could be asked to simulate.'), ('instruct_text2', None)])
6.1145 	EXP 	welcome: autoDraw = False
6.1145 	EXP 	text_12: autoDraw = False
6.1145 	EXP 	welcome: text = 'There are 8 possible jobs you could be asked to simulate.'
6.1145 	EXP 	text_12: text = '(press the space bar to continue)'
6.1145 	EXP 	welcome: autoDraw = True
6.1145 	EXP 	text_12: autoDraw = True
6.2159 	DATA 	Keypress: space
6.2166 	EXP 	New trial (rep=0, index=5): OrderedDict([('instruct_text', 'These jobs are as follows:'), ('instruct_text2', None)])
6.2482 	EXP 	welcome: autoDraw = False
6.2482 	EXP 	text_12: autoDraw = False
6.2482 	EXP 	welcome: text = 'These jobs are as follows:'
6.2482 	EXP 	text_12: text = '(press the space bar to continue)'
6.2482 	EXP 	welcome: autoDraw = True
6.2482 	EXP 	text_12: autoDraw = True
6.3493 	DATA 	Keypress: space
6.3542 	EXP 	Imported jobsPics.xlsx as conditions, 8 conditions, 2 params
6.3545 	EXP 	Created sequence: random, trialTypes=8, nReps=1, seed=None
6.3547 	EXP 	New trial (rep=0, index=0): OrderedDict([('rolePic', 'business_reporter.jpg'), ('job', 'Business Reporter')])
6.4313 	EXP 	welcome: autoDraw = False
6.4313 	EXP 	text_12: autoDraw = False
6.4313 	EXP 	image: image = 'business_reporter.jpg'
6.4313 	EXP 	text_2: text = 'Business Reporter'
6.4313 	EXP 	image: autoDraw = True
6.4313 	EXP 	text_2: autoDraw = True
6.4841 	DATA 	Keypress: space
6.4988 	EXP 	New trial (rep=0, index=1): OrderedDict([('rolePic', 'acem.jpg'), ('job', 'Airport Customer Experience Manager')])
6.5314 	EXP 	image: autoDraw = False
6.5314 	EXP 	text_2: autoDraw = False
6.5314 	EXP 	image: image = 'acem.jpg'
6.5314 	EXP 	text_2: text = 'Airport Customer Experience Manager'
6.5314 	EXP 	image: autoDraw = True
6.5314 	EXP 	text_2: autoDraw = True
6.6841 	DATA 	Keypress: space
6.6851 	EXP 	New trial (rep=0, index=2): OrderedDict([('rolePic', 'gscem.jpg'), ('job', 'Grocery Store Customer Experience Manager\n')])
6.9669 	DATA 	Keypress: space
6.9682 	DATA 	Keypress: space
6.9820 	EXP 	image: autoDraw = False
6.9820 	EXP 	text_2: autoDraw = False
6.9820 	EXP 	image: image = 'gscem.jpg'
6.9820 	EXP 	text_2: text = 'Grocery Store Customer Experience Manager\n'
6.9820 	EXP 	image: autoDraw = True
6.9820 	EXP 	text_2: autoDraw = True
7.1001 	DATA 	Keypress: space
7.1008 	EXP 	New trial (rep=0, index=3): OrderedDict([('rolePic', 'restaurant_critic.jpg'), ('job', 'Restaurant Critic')])
7.1489 	EXP 	image: autoDraw = False
7.1489 	EXP 	text_2: autoDraw = False
7.1489 	EXP 	image: image = 'restaurant_critic.jpg'
7.1489 	EXP 	text_2: text = 'Restaurant Critic'
7.1489 	EXP 	image: autoDraw = True
7.1489 	EXP 	text_2: autoDraw = True
7.2509 	DATA 	Keypress: space
7.2516 	EXP 	New trial (rep=0, index=4): OrderedDict([('rolePic', 'matchmaker.jpg'), ('job', 'Matchmaker')])
7.2827 	EXP 	image: autoDraw = False
7.2827 	EXP 	text_2: autoDraw = False
7.2827 	EXP 	image: image = 'matchmaker.jpg'
7.2827 	EXP 	text_2: text = 'Matchmaker'
7.2827 	EXP 	image: autoDraw = True
7.2827 	EXP 	text_2: autoDraw = True
7.4178 	DATA 	Keypress: space
7.4335 	EXP 	New trial (rep=0, index=5): OrderedDict([('rolePic', 'dean.jpg'), ('job', 'Dean of Academic Studies')])
7.4660 	EXP 	image: autoDraw = False
7.4660 	EXP 	text_2: autoDraw = False
7.4660 	EXP 	image: image = 'dean.jpg'
7.4660 	EXP 	text_2: text = 'Dean of Academic Studies'
7.4660 	EXP 	image: autoDraw = True
7.4660 	EXP 	text_2: autoDraw = True
7.5669 	DATA 	Keypress: space
7.5676 	EXP 	New trial (rep=0, index=6): OrderedDict([('rolePic', 'couples.jpeg'), ('job', 'Couples Therapist\n')])
7.6163 	EXP 	image: autoDraw = False
7.6163 	EXP 	text_2: autoDraw = False
7.6163 	EXP 	image: image = 'couples.jpeg'
7.6163 	EXP 	text_2: text = 'Couples Therapist\n'
7.6163 	EXP 	image: autoDraw = True
7.6163 	EXP 	text_2: autoDraw = True
7.7345 	DATA 	Keypress: space
7.7352 	EXP 	New trial (rep=0, index=7): OrderedDict([('rolePic', 'weddingplanner.jpg'), ('job', 'Wedding Planner')])
8.0449 	DATA 	Keypress: space
8.0462 	DATA 	Keypress: space
8.0663 	EXP 	image: autoDraw = False
8.0663 	EXP 	text_2: autoDraw = False
8.0663 	EXP 	image: image = 'weddingplanner.jpg'
8.0663 	EXP 	text_2: text = 'Wedding Planner'
8.0663 	EXP 	image: autoDraw = True
8.0663 	EXP 	text_2: autoDraw = True
8.2004 	DATA 	Keypress: space
8.2055 	EXP 	Imported instructions2.xlsx as conditions, 7 conditions, 2 params
8.2057 	EXP 	Created sequence: sequential, trialTypes=7, nReps=1, seed=None
8.2059 	EXP 	New trial (rep=0, index=0): OrderedDict([('instruct_text', 'In addition, your task will be to answer job-related questions.\n'), ('instruct_text2', '(press the space bar to continue)')])
8.2324 	EXP 	image: autoDraw = False
8.2324 	EXP 	text_2: autoDraw = False
8.2324 	EXP 	welcome: text = 'In addition, your task will be to answer job-related questions.\n'
8.2324 	EXP 	text_12: text = '(press the space bar to continue)'
8.2324 	EXP 	welcome: autoDraw = True
8.2324 	EXP 	text_12: autoDraw = True
8.3856 	DATA 	Keypress: space
8.3997 	EXP 	New trial (rep=0, index=1): OrderedDict([('instruct_text', 'There are four question per job.'), ('instruct_text2', None)])
8.4338 	EXP 	welcome: autoDraw = False
8.4338 	EXP 	text_12: autoDraw = False
8.4338 	EXP 	welcome: text = 'There are four question per job.'
8.4338 	EXP 	text_12: text = '(press the space bar to continue)'
8.4338 	EXP 	welcome: autoDraw = True
8.4338 	EXP 	text_12: autoDraw = True
8.5680 	DATA 	Keypress: space
8.5687 	EXP 	New trial (rep=0, index=2): OrderedDict([('instruct_text', 'You will have to try to memorize these questions and then remember your answers to the questions.'), ('instruct_text2', None)])
8.5994 	EXP 	welcome: autoDraw = False
8.5994 	EXP 	text_12: autoDraw = False
8.5994 	EXP 	welcome: text = 'You will have to try to memorize these questions and then remember your answers to the questions.'
8.5994 	EXP 	text_12: text = '(press the space bar to continue)'
8.5994 	EXP 	welcome: autoDraw = True
8.5994 	EXP 	text_12: autoDraw = True
8.9338 	DATA 	Keypress: space
8.9345 	EXP 	New trial (rep=0, index=3): OrderedDict([('instruct_text', 'You will be asked about the answers to these questions at end of the experiment. '), ('instruct_text2', None)])
8.9667 	EXP 	welcome: autoDraw = False
8.9667 	EXP 	text_12: autoDraw = False
8.9667 	EXP 	welcome: text = 'You will be asked about the answers to these questions at end of the experiment. '
8.9667 	EXP 	text_12: text = '(press the space bar to continue)'
8.9667 	EXP 	welcome: autoDraw = True
8.9667 	EXP 	text_12: autoDraw = True
9.1171 	DATA 	Keypress: space
9.1178 	EXP 	New trial (rep=0, index=4): OrderedDict([('instruct_text', 'In order to help you memorize the questions, there will be a short quiz on them before the actual task begins.'), ('instruct_text2', None)])
9.1488 	EXP 	welcome: autoDraw = False
9.1488 	EXP 	text_12: autoDraw = False
9.1488 	EXP 	welcome: text = 'In order to help you memorize the questions, there will be a short quiz on them before the actual task begins.'
9.1488 	EXP 	text_12: text = '(press the space bar to continue)'
9.1488 	EXP 	welcome: autoDraw = True
9.1488 	EXP 	text_12: autoDraw = True
9.5176 	DATA 	Keypress: space
9.5183 	EXP 	New trial (rep=0, index=5): OrderedDict([('instruct_text', 'In addition, before each story, there will be a reminder of what these questions are.  '), ('instruct_text2', None)])
9.5491 	EXP 	welcome: autoDraw = False
9.5491 	EXP 	text_12: autoDraw = False
9.5491 	EXP 	welcome: text = 'In addition, before each story, there will be a reminder of what these questions are.  '
9.5491 	EXP 	text_12: text = '(press the space bar to continue)'
9.5491 	EXP 	welcome: autoDraw = True
9.5491 	EXP 	text_12: autoDraw = True
9.7019 	DATA 	Keypress: space
9.7172 	EXP 	New trial (rep=0, index=6): OrderedDict([('instruct_text', 'Press the space bar to begin learning the jobs and the questions for each one.'), ('instruct_text2', None)])
9.7491 	EXP 	welcome: autoDraw = False
9.7491 	EXP 	text_12: autoDraw = False
9.7491 	EXP 	welcome: text = 'Press the space bar to begin learning the jobs and the questions for each one.'
9.7491 	EXP 	text_12: text = '(press the space bar to continue)'
9.7491 	EXP 	welcome: autoDraw = True
9.7491 	EXP 	text_12: autoDraw = True
10.0840 	DATA 	Keypress: space
10.0919 	EXP 	Imported whichRole.xlsx as conditions, 8 conditions, 8 params
10.0921 	EXP 	Created sequence: random, trialTypes=8, nReps=1, seed=None
10.0924 	EXP 	New trial (rep=0, index=0): OrderedDict([('Q1', 'When the clients arrive at the airport, how much time do they have to go through?\n'), ('Q2', 'What do the clients have do at security to comply with the security check?\n'), ('Q3', 'How do the clients feel when they are \xa0walking to the gates?\n'), ('Q4', 'Where does each client sit on the plane?'), ('D1', 'Are the security guides friendly or rude?'), ('D2', 'Are the airport restrooms clean?'), ('roleName', 'Airport Customer Experience Manager'), ('rolePic', 'acem.jpg')])
10.0926 	EXP 	Created sequence: sequential, trialTypes=1, nReps=5, seed=None
10.0928 	EXP 	New trial (rep=0, index=0): None
10.1491 	EXP 	welcome: autoDraw = False
10.1491 	EXP 	text_12: autoDraw = False
10.1491 	EXP 	text_8: text = 'When the clients arrive at the airport, how much time do they have to go through?\n'
10.1491 	EXP 	text_9: text = 'Airport Customer Experience Manager'
10.1491 	EXP 	image_5: image = 'acem.jpg'
10.1491 	EXP 	text_8: autoDraw = True
10.1491 	EXP 	text_9: autoDraw = True
10.1491 	EXP 	image_5: autoDraw = True
10.6016 	DATA 	Keypress: space
10.6599 	EXP 	text_8: autoDraw = False
10.6599 	EXP 	text_9: autoDraw = False
10.6599 	EXP 	image_5: autoDraw = False
10.6599 	EXP 	text_10: text = 'What do the clients have do at security to comply with the security check?\n'
10.6599 	EXP 	text_11: text = 'Airport Customer Experience Manager'
10.6599 	EXP 	image_6: image = 'acem.jpg'
10.6599 	EXP 	text_10: autoDraw = True
10.6599 	EXP 	text_11: autoDraw = True
10.6599 	EXP 	image_6: autoDraw = True
10.8843 	DATA 	Keypress: space
10.9332 	EXP 	text_10: autoDraw = False
10.9332 	EXP 	text_11: autoDraw = False
10.9332 	EXP 	image_6: autoDraw = False
10.9332 	EXP 	text_13: text = 'How do the clients feel when they are \xa0walking to the gates?\n'
10.9332 	EXP 	text_14: text = 'Airport Customer Experience Manager'
10.9332 	EXP 	image_7: image = 'acem.jpg'
10.9332 	EXP 	text_13: autoDraw = True
10.9332 	EXP 	text_14: autoDraw = True
10.9332 	EXP 	image_7: autoDraw = True
11.2181 	DATA 	Keypress: space
11.2664 	EXP 	text_13: autoDraw = False
11.2664 	EXP 	text_14: autoDraw = False
11.2664 	EXP 	image_7: autoDraw = False
11.2664 	EXP 	text_15: text = 'Where does each client sit on the plane?'
11.2664 	EXP 	text_16: text = 'Airport Customer Experience Manager'
11.2664 	EXP 	image_8: image = 'acem.jpg'
11.2664 	EXP 	text_15: autoDraw = True
11.2664 	EXP 	text_16: autoDraw = True
11.2664 	EXP 	image_8: autoDraw = True
12.0191 	DATA 	Keypress: space
12.0397 	EXP 	Created unnamed ImageStim = ImageStim(__class__=<class 'psychopy.visual.image.ImageStim'>, autoLog=True, color=array([1., 1., 1.]), colorSpace='rgb', contrast=1.0, depth=0, flipHoriz=False, flipVert=False, image='checkmark.png', interpolate=False, mask=None, maskParams=None, name='unnamed ImageStim', opacity=1.0, ori=0.0, pos=array([0., 0.]), size=array([0.2703125 , 0.47222222]), texRes=128, units='norm', win=Window(...))
12.1509 	EXP 	Created unnamed ImageStim = ImageStim(__class__=<class 'psychopy.visual.image.ImageStim'>, autoLog=True, color=array([1., 1., 1.]), colorSpace='rgb', contrast=1.0, depth=0, flipHoriz=False, flipVert=False, image='redx.png', interpolate=False, mask=None, maskParams=None, name='unnamed ImageStim', opacity=1.0, ori=0.0, pos=array([0., 0.]), size=array([1.5625    , 2.77777778]), texRes=128, units='norm', win=Window(...))
12.1630 	EXP 	Created unnamed ImageStim = ImageStim(__class__=<class 'psychopy.visual.image.ImageStim'>, autoLog=True, color=array([1., 1., 1.]), colorSpace='rgb', contrast=1.0, depth=0, flipHoriz=False, flipVert=False, image='thumbsup.png', interpolate=False, mask=None, maskParams=None, name='unnamed ImageStim', opacity=1.0, ori=0.0, pos=array([0., 0.]), size=array([0.375 , 0.7125]), texRes=128, units='norm', win=Window(...))
12.2501 	EXP 	text_15: autoDraw = False
12.2501 	EXP 	text_16: autoDraw = False
12.2501 	EXP 	image_8: autoDraw = False
12.2501 	EXP 	question1: text = '1: When the clients arrive at the airport, how much time do they have to go through?\n'
12.2501 	EXP 	question2: text = '2: What do the clients have do at security to comply with the security check?\n'
12.2501 	EXP 	question3: text = '3: Where does each client sit on the plane?'
12.2501 	EXP 	question4: text = '4: Are the security guides friendly or rude?'
12.2501 	EXP 	question5: text = '5: How do the clients feel when they are \xa0walking to the gates?\n'
12.2501 	EXP 	question6: text = '6: Are the airport restrooms clean?'
12.2501 	EXP 	question1: autoDraw = True
12.2501 	EXP 	question2: autoDraw = True
12.2501 	EXP 	question3: autoDraw = True
12.2501 	EXP 	question4: autoDraw = True
12.2501 	EXP 	question5: autoDraw = True
12.2501 	EXP 	question6: autoDraw = True
13.7356 	DATA 	Keypress: q
13.7515 	EXP 	question1: autoDraw = False
13.7515 	EXP 	question2: autoDraw = False
13.7515 	EXP 	question3: autoDraw = False
13.7515 	EXP 	question4: autoDraw = False
13.7515 	EXP 	question5: autoDraw = False
13.7515 	EXP 	question6: autoDraw = False
13.7515 	EXP 	text_3: autoDraw = True
14.7407 	EXP 	Imported whichRole.xlsx as conditions, 8 conditions, 8 params
14.7409 	EXP 	Created sequence: sequential, trialTypes=8, nReps=1, seed=None
14.7412 	EXP 	New trial (rep=0, index=0): OrderedDict([('Q1', 'What industry are the business people in?'), ('Q2', 'What is being negotiated and how much money is at stake?'), ('Q3', 'What is the response to the proposed deal?'), ('Q4', 'What comes about from the business proposal?'), ('D1', 'Is the deal fair?'), ('D2', 'How long does it take to make the deal?'), ('roleName', 'Business Reporter'), ('rolePic', 'business_reporter.jpg')])
14.7676 	EXP 	text_3: autoDraw = False
14.7676 	EXP 	text_3: autoDraw = False
14.7676 	EXP 	image_2: image = 'business_reporter.jpg'
14.7676 	EXP 	text_4: text = 'Business Reporter'
14.7676 	EXP 	image_2: autoDraw = True
14.7676 	EXP 	text_4: autoDraw = True
15.7697 	DATA 	Keypress: space
15.7750 	EXP 	Created unnamed ImageStim = ImageStim(__class__=<class 'psychopy.visual.image.ImageStim'>, autoLog=True, color=array([1., 1., 1.]), colorSpace='rgb', contrast=1.0, depth=0, flipHoriz=False, flipVert=False, image='checkmark.png', interpolate=False, mask=None, maskParams=None, name='unnamed ImageStim', opacity=1.0, ori=0.0, pos=array([0., 0.]), size=array([0.2703125 , 0.47222222]), texRes=128, units='norm', win=Window(...))
15.8849 	EXP 	Created unnamed ImageStim = ImageStim(__class__=<class 'psychopy.visual.image.ImageStim'>, autoLog=True, color=array([1., 1., 1.]), colorSpace='rgb', contrast=1.0, depth=0, flipHoriz=False, flipVert=False, image='redx.png', interpolate=False, mask=None, maskParams=None, name='unnamed ImageStim', opacity=1.0, ori=0.0, pos=array([0., 0.]), size=array([1.5625    , 2.77777778]), texRes=128, units='norm', win=Window(...))
15.8968 	EXP 	Created unnamed ImageStim = ImageStim(__class__=<class 'psychopy.visual.image.ImageStim'>, autoLog=True, color=array([1., 1., 1.]), colorSpace='rgb', contrast=1.0, depth=0, flipHoriz=False, flipVert=False, image='thumbsup.png', interpolate=False, mask=None, maskParams=None, name='unnamed ImageStim', opacity=1.0, ori=0.0, pos=array([0., 0.]), size=array([0.375 , 0.7125]), texRes=128, units='norm', win=Window(...))
15.9677 	EXP 	image_2: autoDraw = False
15.9677 	EXP 	text_4: autoDraw = False
15.9677 	EXP 	question1: text = '1: What industry are the business people in?'
15.9677 	EXP 	question2: text = '2: What is being negotiated and how much money is at stake?'
15.9677 	EXP 	question3: text = '3: How long does it take to make the deal?'
15.9677 	EXP 	question4: text = '4: What comes about from the business proposal?'
15.9677 	EXP 	question5: text = '5: Is the deal fair?'
15.9677 	EXP 	question6: text = '6: What is the response to the proposed deal?'
15.9677 	EXP 	question1: autoDraw = True
15.9677 	EXP 	question2: autoDraw = True
15.9677 	EXP 	question3: autoDraw = True
15.9677 	EXP 	question4: autoDraw = True
15.9677 	EXP 	question5: autoDraw = True
15.9677 	EXP 	question6: autoDraw = True
20.3205 	DATA 	Keypress: space
21.0710 	DATA 	Keypress: 1
21.6222 	DATA 	Keypress: 2
22.1048 	DATA 	Keypress: 3
24.1219 	EXP 	New trial (rep=0, index=1): OrderedDict([('Q1', 'How is the restaurant decorated?'), ('Q2', 'What are the menus like?'), ('Q3', 'What do the clients order?\n'), ('Q4', 'How do the clients like the food?'), ('D1', 'How old is the waiter?'), ('D2', 'What meal is being served?'), ('roleName', 'Restaurant Critic'), ('rolePic', 'restaurant_critic.jpg')])
24.1537 	EXP 	question1: autoDraw = False
24.1537 	EXP 	question2: autoDraw = False
24.1537 	EXP 	question3: autoDraw = False
24.1537 	EXP 	question4: autoDraw = False
24.1537 	EXP 	question5: autoDraw = False
24.1537 	EXP 	question6: autoDraw = False
24.1537 	EXP 	image_2: image = 'restaurant_critic.jpg'
24.1537 	EXP 	text_4: text = 'Restaurant Critic'
24.1537 	EXP 	image_2: autoDraw = True
24.1537 	EXP 	text_4: autoDraw = True
26.3891 	DATA 	Keypress: 1
26.7734 	DATA 	Keypress: 2
27.2410 	DATA 	Keypress: 3
27.5907 	DATA 	Keypress: 4
28.1074 	DATA 	Keypress: escape
28.3809 	EXP 	window1: mouseVisible = True
