7.9488 	EXP 	Created window1 = Window(allowGUI=False, allowStencil=False, args=UNKNOWN, autoLog=True, bitsMode=UNKNOWN, blendMode='avg', color=array([0., 0., 0.]), colorSpace='rgb', fullscr=<method-wrapper '__getattribute__' of attributeSetter object at 0x1191dcef0>, gamma=None, gammaErrorPolicy='raise', kwargs=UNKNOWN, lms=UNKNOWN, monitor=<psychopy.monitors.calibTools.Monitor object at 0x119104d68>, multiSample=False, name='window1', numSamples=2, pos=[0.0, 0.0], screen=0, size=array([1440,  900]), stereo=False, units='height', useFBO=True, useRetina=False, viewOri=0.0, viewPos=None, viewScale=None, waitBlanking=True, winType='pyglet')
7.9489 	EXP 	window1: recordFrameIntervals = False
8.1145 	EXP 	window1: recordFrameIntervals = True
8.2980 	EXP 	window1: recordFrameIntervals = False
8.6561 	EXP 	Created text_18 = TextStim(__class__=<class 'psychopy.visual.text.TextStim'>, alignHoriz='center', alignVert='center', antialias=True, autoLog=True, bold=False, color='white', colorSpace='named', contrast=1.0, depth=0.0, flipHoriz=False, flipVert=False, font='Arial', fontFiles=[], height=0.15, italic=False, languageStyle='LTR', name='text_18', opacity=1.0, ori=0, pos=array([-0.5 ,  0.25]), rgb=array([255., 255., 255.]), text='default text', units='height', win=Window(...), wrapWidth=0.5)
8.6592 	EXP 	Created image_9 = ImageStim(__class__=<class 'psychopy.visual.image.ImageStim'>, autoLog=True, color=array([1., 1., 1.]), colorSpace='rgb', contrast=1.0, depth=-1.0, flipHoriz=False, flipVert=False, image='sin', interpolate=True, mask=None, maskParams=None, name='image_9', opacity=1.0, ori=0.0, pos=array([0.25, 0.25]), size=array([0.85, 0.75]), texRes=128, units='height', win=Window(...))
8.7120 	EXP 	Created text_8 = TextStim(__class__=<class 'psychopy.visual.text.TextStim'>, alignHoriz='center', alignVert='center', antialias=True, autoLog=True, bold=False, color='white', colorSpace='named', contrast=1.0, depth=0.0, flipHoriz=False, flipVert=False, font='Arial', fontFiles=[], height=0.1, italic=False, languageStyle='LTR', name='text_8', opacity=1.0, ori=0, pos=array([ 0. , -0.6]), rgb=array([255., 255., 255.]), text='default text', units='height', win=Window(...), wrapWidth=1)
8.7227 	EXP 	Created text_9 = TextStim(__class__=<class 'psychopy.visual.text.TextStim'>, alignHoriz='center', alignVert='center', antialias=True, autoLog=True, bold=False, color='white', colorSpace='named', contrast=1.0, depth=-1.0, flipHoriz=False, flipVert=False, font='Arial', fontFiles=[], height=0.15, italic=False, languageStyle='LTR', name='text_9', opacity=1.0, ori=0, pos=array([-0.5 ,  0.25]), rgb=array([255., 255., 255.]), text='default text', units='height', win=Window(...), wrapWidth=0.5)
8.7270 	EXP 	Created image_5 = ImageStim(__class__=<class 'psychopy.visual.image.ImageStim'>, autoLog=True, color=array([1., 1., 1.]), colorSpace='rgb', contrast=1.0, depth=-2.0, flipHoriz=False, flipVert=False, image='sin', interpolate=True, mask=None, maskParams=None, name='image_5', opacity=1.0, ori=0.0, pos=array([0.25, 0.25]), size=array([0.85, 0.75]), texRes=128, units='height', win=Window(...))
8.7928 	EXP 	Created text_10 = TextStim(__class__=<class 'psychopy.visual.text.TextStim'>, alignHoriz='center', alignVert='center', antialias=True, autoLog=True, bold=False, color='white', colorSpace='named', contrast=1.0, depth=0.0, flipHoriz=False, flipVert=False, font='Arial', fontFiles=[], height=0.1, italic=False, languageStyle='LTR', name='text_10', opacity=1.0, ori=0, pos=array([ 0. , -0.6]), rgb=array([255., 255., 255.]), text='default text', units='height', win=Window(...), wrapWidth=1)
8.8035 	EXP 	Created text_11 = TextStim(__class__=<class 'psychopy.visual.text.TextStim'>, alignHoriz='center', alignVert='center', antialias=True, autoLog=True, bold=False, color='white', colorSpace='named', contrast=1.0, depth=-1.0, flipHoriz=False, flipVert=False, font='Arial', fontFiles=[], height=0.15, italic=False, languageStyle='LTR', name='text_11', opacity=1.0, ori=0, pos=array([-0.5 ,  0.25]), rgb=array([255., 255., 255.]), text='default text', units='height', win=Window(...), wrapWidth=0.5)
8.8064 	EXP 	Created image_6 = ImageStim(__class__=<class 'psychopy.visual.image.ImageStim'>, autoLog=True, color=array([1., 1., 1.]), colorSpace='rgb', contrast=1.0, depth=-2.0, flipHoriz=False, flipVert=False, image='sin', interpolate=True, mask=None, maskParams=None, name='image_6', opacity=1.0, ori=0.0, pos=array([0.25, 0.25]), size=array([0.85, 0.75]), texRes=128, units='height', win=Window(...))
8.8500 	EXP 	Created text_13 = TextStim(__class__=<class 'psychopy.visual.text.TextStim'>, alignHoriz='center', alignVert='center', antialias=True, autoLog=True, bold=False, color='white', colorSpace='named', contrast=1.0, depth=0.0, flipHoriz=False, flipVert=False, font='Arial', fontFiles=[], height=0.1, italic=False, languageStyle='LTR', name='text_13', opacity=1.0, ori=0, pos=array([ 0. , -0.6]), rgb=array([255., 255., 255.]), text='default text', units='height', win=Window(...), wrapWidth=1)
8.8562 	EXP 	Created text_14 = TextStim(__class__=<class 'psychopy.visual.text.TextStim'>, alignHoriz='center', alignVert='center', antialias=True, autoLog=True, bold=False, color='white', colorSpace='named', contrast=1.0, depth=-1.0, flipHoriz=False, flipVert=False, font='Arial', fontFiles=[], height=0.15, italic=False, languageStyle='LTR', name='text_14', opacity=1.0, ori=0, pos=array([-0.5 ,  0.25]), rgb=array([255., 255., 255.]), text='default text', units='height', win=Window(...), wrapWidth=0.5)
8.8590 	EXP 	Created image_7 = ImageStim(__class__=<class 'psychopy.visual.image.ImageStim'>, autoLog=True, color=array([1., 1., 1.]), colorSpace='rgb', contrast=1.0, depth=-2.0, flipHoriz=False, flipVert=False, image='sin', interpolate=True, mask=None, maskParams=None, name='image_7', opacity=1.0, ori=0.0, pos=array([0.25, 0.25]), size=array([0.85, 0.75]), texRes=128, units='height', win=Window(...))
8.9028 	EXP 	Created text_15 = TextStim(__class__=<class 'psychopy.visual.text.TextStim'>, alignHoriz='center', alignVert='center', antialias=True, autoLog=True, bold=False, color='white', colorSpace='named', contrast=1.0, depth=0.0, flipHoriz=False, flipVert=False, font='Arial', fontFiles=[], height=0.1, italic=False, languageStyle='LTR', name='text_15', opacity=1.0, ori=0, pos=array([ 0. , -0.6]), rgb=array([255., 255., 255.]), text='default text', units='height', win=Window(...), wrapWidth=1)
8.9090 	EXP 	Created text_16 = TextStim(__class__=<class 'psychopy.visual.text.TextStim'>, alignHoriz='center', alignVert='center', antialias=True, autoLog=True, bold=False, color='white', colorSpace='named', contrast=1.0, depth=-1.0, flipHoriz=False, flipVert=False, font='Arial', fontFiles=[], height=0.15, italic=False, languageStyle='LTR', name='text_16', opacity=1.0, ori=0, pos=array([-0.5 ,  0.25]), rgb=array([255., 255., 255.]), text='default text', units='height', win=Window(...), wrapWidth=0.5)
8.9119 	EXP 	Created image_8 = ImageStim(__class__=<class 'psychopy.visual.image.ImageStim'>, autoLog=True, color=array([1., 1., 1.]), colorSpace='rgb', contrast=1.0, depth=-2.0, flipHoriz=False, flipVert=False, image='sin', interpolate=True, mask=None, maskParams=None, name='image_8', opacity=1.0, ori=0.0, pos=array([0.25, 0.25]), size=array([0.85, 0.75]), texRes=128, units='height', win=Window(...))
8.9854 	EXP 	Created text_5 = TextStim(__class__=<class 'psychopy.visual.text.TextStim'>, alignHoriz='center', alignVert='center', antialias=True, autoLog=True, bold=False, color='white', colorSpace='named', contrast=1.0, depth=0.0, flipHoriz=False, flipVert=False, font='Arial', fontFiles=[], height=0.1, italic=False, languageStyle='LTR', name='text_5', opacity=1.0, ori=0, pos=array([0., 0.]), rgb=array([255., 255., 255.]), text=str(...), units='height', win=Window(...), wrapWidth=1)
9.0302 	EXP 	Created question1_2 = TextStim(__class__=<class 'psychopy.visual.text.TextStim'>, alignHoriz='center', alignVert='center', antialias=True, autoLog=True, bold=False, color='white', colorSpace='named', contrast=1.0, depth=-1.0, flipHoriz=False, flipVert=False, font='Arial', fontFiles=[], height=0.08, italic=False, languageStyle='LTR', name='question1_2', opacity=1.0, ori=0, pos=array([0. , 0.7]), rgb=array([255., 255., 255.]), text='default text', units='height', win=Window(...), wrapWidth=2)
9.0364 	EXP 	Created question2_2 = TextStim(__class__=<class 'psychopy.visual.text.TextStim'>, alignHoriz='center', alignVert='center', antialias=True, autoLog=True, bold=False, color='white', colorSpace='named', contrast=1.0, depth=-2.0, flipHoriz=False, flipVert=False, font='Arial', fontFiles=[], height=0.08, italic=False, languageStyle='LTR', name='question2_2', opacity=1.0, ori=0, pos=array([0.  , 0.45]), rgb=array([255., 255., 255.]), text='default text', units='height', win=Window(...), wrapWidth=2)
9.0456 	EXP 	Created question3_2 = TextStim(__class__=<class 'psychopy.visual.text.TextStim'>, alignHoriz='center', alignVert='center', antialias=True, autoLog=True, bold=False, color='white', colorSpace='named', contrast=1.0, depth=-3.0, flipHoriz=False, flipVert=False, font='Arial', fontFiles=[], height=0.08, italic=False, languageStyle='LTR', name='question3_2', opacity=1.0, ori=0, pos=array([0.  , 0.16]), rgb=array([255., 255., 255.]), text='default text', units='height', win=Window(...), wrapWidth=2)
9.0535 	EXP 	Created question4_2 = TextStim(__class__=<class 'psychopy.visual.text.TextStim'>, alignHoriz='center', alignVert='center', antialias=True, autoLog=True, bold=False, color='white', colorSpace='named', contrast=1.0, depth=-4.0, flipHoriz=False, flipVert=False, font='Arial', fontFiles=[], height=0.08, italic=False, languageStyle='LTR', name='question4_2', opacity=1.0, ori=0, pos=array([ 0.  , -0.12]), rgb=array([255., 255., 255.]), text='default text', units='height', win=Window(...), wrapWidth=2)
9.0606 	EXP 	Created question5_2 = TextStim(__class__=<class 'psychopy.visual.text.TextStim'>, alignHoriz='center', alignVert='center', antialias=True, autoLog=True, bold=False, color='white', colorSpace='named', contrast=1.0, depth=-5.0, flipHoriz=False, flipVert=False, font='Arial', fontFiles=[], height=0.08, italic=False, languageStyle='LTR', name='question5_2', opacity=1.0, ori=0, pos=array([ 0.  , -0.35]), rgb=array([255., 255., 255.]), text='default text', units='height', win=Window(...), wrapWidth=2)
9.0719 	EXP 	Created question6_2 = TextStim(__class__=<class 'psychopy.visual.text.TextStim'>, alignHoriz='center', alignVert='center', antialias=True, autoLog=True, bold=False, color='white', colorSpace='named', contrast=1.0, depth=-6.0, flipHoriz=False, flipVert=False, font='Arial', fontFiles=[], height=0.08, italic=False, languageStyle='LTR', name='question6_2', opacity=1.0, ori=0, pos=array([ 0. , -0.6]), rgb=array([255., 255., 255.]), text='default text', units='height', win=Window(...), wrapWidth=2)
9.0754 	EXP 	Created image_3 = ImageStim(__class__=<class 'psychopy.visual.image.ImageStim'>, autoLog=True, color=array([1., 1., 1.]), colorSpace='rgb', contrast=1.0, depth=-8.0, flipHoriz=False, flipVert=False, image='sin', interpolate=True, mask=None, maskParams=None, name='image_3', opacity=1.0, ori=0.0, pos=array([ 0.  , -0.85]), size=array([0.25 , 0.125]), texRes=128, units='height', win=Window(...))
9.1046 	EXP 	Imported whichRole.xlsx as conditions, 8 conditions, 8 params
9.1070 	EXP 	Created sequence: random, trialTypes=8, nReps=1, seed=None
9.1080 	EXP 	New trial (rep=0, index=0): OrderedDict([('Q1', 'What is the grocery store like upon entering?\n'), ('Q2', 'What items do the clients pick out to buy?'), ('Q3', 'How many checkout lanes are open, and which one do the clients step into?\n'), ('Q4', 'How much are the groceries, and what method of payment do the clients use?\n'), ('D1', 'How long does it take for the cashier to scan all of the customers’ groceries?'), ('D2', 'What type of grocery bags do the clients use?'), ('roleName', 'Grocery Store Customer Experience Manager\n'), ('rolePic', 'jobphotos/gscem.jpg')])
9.2977 	EXP 	text_18: text = 'Grocery Store Customer Experience Manager\n'
9.2977 	EXP 	image_9: image = 'jobphotos/gscem.jpg'
10.2313 	EXP 	text_18: autoDraw = True
10.2313 	EXP 	image_9: autoDraw = True
12.3505 	DATA 	Keypress: space
12.3647 	EXP 	text_18: autoDraw = False
12.3647 	EXP 	image_9: autoDraw = False
12.3647 	EXP 	text_8: text = 'A: What is the grocery store like upon entering?\n'
12.3647 	EXP 	text_9: text = 'Grocery Store Customer Experience Manager\n'
12.3647 	EXP 	image_5: image = 'jobphotos/gscem.jpg'
12.4146 	EXP 	text_8: autoDraw = True
12.4146 	EXP 	text_9: autoDraw = True
12.4146 	EXP 	image_5: autoDraw = True
13.0268 	DATA 	Keypress: space
13.0479 	EXP 	text_8: autoDraw = False
13.0479 	EXP 	text_9: autoDraw = False
13.0479 	EXP 	image_5: autoDraw = False
13.0479 	EXP 	text_10: text = 'B: What items do the clients pick out to buy?'
13.0479 	EXP 	text_11: text = 'Grocery Store Customer Experience Manager\n'
13.0479 	EXP 	image_6: image = 'jobphotos/gscem.jpg'
13.0980 	EXP 	text_10: autoDraw = True
13.0980 	EXP 	text_11: autoDraw = True
13.0980 	EXP 	image_6: autoDraw = True
13.4174 	DATA 	Keypress: space
13.4315 	EXP 	text_10: autoDraw = False
13.4315 	EXP 	text_11: autoDraw = False
13.4315 	EXP 	image_6: autoDraw = False
13.4315 	EXP 	text_13: text = 'C: How many checkout lanes are open, and which one do the clients step into?\n'
13.4315 	EXP 	text_14: text = 'Grocery Store Customer Experience Manager\n'
13.4315 	EXP 	image_7: image = 'jobphotos/gscem.jpg'
13.4981 	EXP 	text_13: autoDraw = True
13.4981 	EXP 	text_14: autoDraw = True
13.4981 	EXP 	image_7: autoDraw = True
13.6338 	DATA 	Keypress: space
13.6482 	EXP 	text_13: autoDraw = False
13.6482 	EXP 	text_14: autoDraw = False
13.6482 	EXP 	image_7: autoDraw = False
13.6482 	EXP 	text_15: text = 'D: How much are the groceries, and what method of payment do the clients use?\n'
13.6482 	EXP 	text_16: text = 'Grocery Store Customer Experience Manager\n'
13.6482 	EXP 	image_8: image = 'jobphotos/gscem.jpg'
13.6981 	EXP 	text_15: autoDraw = True
13.6981 	EXP 	text_16: autoDraw = True
13.6981 	EXP 	image_8: autoDraw = True
14.1019 	DATA 	Keypress: escape
14.5175 	EXP 	window1: mouseVisible = True
