5.1978 	WARNING 	User requested fullscreen with size [1440  900], but screen is actually [1680, 1050]. Using actual size
6.0048 	EXP 	Created window1 = Window(allowGUI=False, allowStencil=False, args=UNKNOWN, autoLog=True, bitsMode=UNKNOWN, blendMode='avg', color=array([0., 0., 0.]), colorSpace='rgb', fullscr=<method-wrapper '__getattribute__' of attributeSetter object at 0x110a02dd8>, gamma=None, gammaErrorPolicy='raise', kwargs=UNKNOWN, lms=UNKNOWN, monitor=<psychopy.monitors.calibTools.Monitor object at 0x112ebd5f8>, multiSample=False, name='window1', numSamples=2, pos=[420.0, 262.5], screen=0, size=array([3360, 2100]), stereo=False, units='norm', useFBO=True, useRetina=True, viewOri=0.0, viewPos=None, viewScale=None, waitBlanking=True, winType='pyglet')
6.0048 	EXP 	window1: recordFrameIntervals = False
6.1718 	EXP 	window1: recordFrameIntervals = True
6.3548 	EXP 	window1: recordFrameIntervals = False
6.8094 	EXP 	Created text = TextStim(__class__=<class 'psychopy.visual.text.TextStim'>, alignHoriz='center', alignVert='center', antialias=True, autoLog=True, bold=False, color='white', colorSpace='named', contrast=1.0, depth=0.0, flipHoriz=False, flipVert=False, font='Arial', fontFiles=[], height=0.1, italic=False, languageStyle='LTR', name='text', opacity=1.0, ori=0, pos=array([0., 0.]), rgb=array([255., 255., 255.]), text='default text', units='norm', win=Window(...), wrapWidth=1)
6.8352 	EXP 	Created text = TextStim(__class__=<class 'psychopy.visual.text.TextStim'>, alignHoriz='center', alignVert='center', antialias=True, autoLog=True, bold=False, color='white', colorSpace='named', contrast=1.0, depth=0.0, flipHoriz=False, flipVert=False, font='Arial', fontFiles=[], height=0.1, italic=False, languageStyle='LTR', name='text', opacity=1.0, ori=0, pos=array([0., 0.]), rgb=array([255., 255., 255.]), text='default text', units='norm', win=Window(...), wrapWidth=1)
6.8586 	EXP 	Created text = TextStim(__class__=<class 'psychopy.visual.text.TextStim'>, alignHoriz='center', alignVert='center', antialias=True, autoLog=True, bold=False, color='white', colorSpace='named', contrast=1.0, depth=0.0, flipHoriz=False, flipVert=False, font='Arial', fontFiles=[], height=0.1, italic=False, languageStyle='LTR', name='text', opacity=1.0, ori=0, pos=array([0., 0.]), rgb=array([255., 255., 255.]), text='default text', units='norm', win=Window(...), wrapWidth=1)
6.9216 	EXP 	Created text_12 = TextStim(__class__=<class 'psychopy.visual.text.TextStim'>, alignHoriz='center', alignVert='center', antialias=True, autoLog=True, bold=False, color='white', colorSpace='named', contrast=1.0, depth=-1.0, flipHoriz=False, flipVert=False, font='Arial', fontFiles=[], height=0.1, italic=False, languageStyle='LTR', name='text_12', opacity=1.0, ori=0, pos=array([0. , 0.5]), rgb=array([255., 255., 255.]), text=str(...), units='norm', win=Window(...), wrapWidth=1)
6.9692 	EXP 	Created image_11 = ImageStim(__class__=<class 'psychopy.visual.image.ImageStim'>, autoLog=True, color=array([1., 1., 1.]), colorSpace='rgb', contrast=1.0, depth=-2.0, flipHoriz=False, flipVert=False, image='icon/intro_faces.jpg', interpolate=True, mask=None, maskParams=None, name='image_11', opacity=1.0, ori=0.0, pos=array([ 0. , -0.5]), size=array([0.85, 0.75]), texRes=128, units='norm', win=Window(...))
6.9722 	EXP 	Created text = TextStim(__class__=<class 'psychopy.visual.text.TextStim'>, alignHoriz='center', alignVert='center', antialias=True, autoLog=True, bold=False, color='white', colorSpace='named', contrast=1.0, depth=0.0, flipHoriz=False, flipVert=False, font='Arial', fontFiles=[], height=0.1, italic=False, languageStyle='LTR', name='text', opacity=1.0, ori=0, pos=array([0., 0.]), rgb=array([255., 255., 255.]), text='default text', units='norm', win=Window(...), wrapWidth=1)
6.9948 	EXP 	Created image_12 = ImageStim(__class__=<class 'psychopy.visual.image.ImageStim'>, autoLog=True, color=array([1., 1., 1.]), colorSpace='rgb', contrast=1.0, depth=0.0, flipHoriz=False, flipVert=False, image='sin', interpolate=True, mask=None, maskParams=None, name='image_12', opacity=1.0, ori=0.0, pos=array([0., 0.]), size=array([0.85, 0.75]), texRes=128, units='norm', win=Window(...))
7.0014 	EXP 	Created text_17 = TextStim(__class__=<class 'psychopy.visual.text.TextStim'>, alignHoriz='center', alignVert='center', antialias=True, autoLog=True, bold=False, color='white', colorSpace='named', contrast=1.0, depth=-1.0, flipHoriz=False, flipVert=False, font='Arial', fontFiles=[], height=0.15, italic=False, languageStyle='LTR', name='text_17', opacity=1.0, ori=0, pos=array([ 0. , -0.7]), rgb=array([255., 255., 255.]), text='default text', units='norm', win=Window(...), wrapWidth=1)
7.0263 	EXP 	Created text = TextStim(__class__=<class 'psychopy.visual.text.TextStim'>, alignHoriz='center', alignVert='center', antialias=True, autoLog=True, bold=False, color='white', colorSpace='named', contrast=1.0, depth=0.0, flipHoriz=False, flipVert=False, font='Arial', fontFiles=[], height=0.1, italic=False, languageStyle='LTR', name='text', opacity=1.0, ori=0, pos=array([0., 0.]), rgb=array([255., 255., 255.]), text='default text', units='norm', win=Window(...), wrapWidth=1)
7.0507 	EXP 	Created text_18 = TextStim(__class__=<class 'psychopy.visual.text.TextStim'>, alignHoriz='center', alignVert='center', antialias=True, autoLog=True, bold=False, color='white', colorSpace='named', contrast=1.0, depth=0.0, flipHoriz=False, flipVert=False, font='Arial', fontFiles=[], height=0.15, italic=False, languageStyle='LTR', name='text_18', opacity=1.0, ori=0, pos=array([-0.5 ,  0.25]), rgb=array([255., 255., 255.]), text='default text', units='norm', win=Window(...), wrapWidth=0.5)
7.0518 	EXP 	Created image_9 = ImageStim(__class__=<class 'psychopy.visual.image.ImageStim'>, autoLog=True, color=array([1., 1., 1.]), colorSpace='rgb', contrast=1.0, depth=-1.0, flipHoriz=False, flipVert=False, image='sin', interpolate=True, mask=None, maskParams=None, name='image_9', opacity=1.0, ori=0.0, pos=array([0.25, 0.25]), size=array([0.85, 0.75]), texRes=128, units='norm', win=Window(...))
7.0765 	EXP 	Created text_8 = TextStim(__class__=<class 'psychopy.visual.text.TextStim'>, alignHoriz='center', alignVert='center', antialias=True, autoLog=True, bold=False, color='white', colorSpace='named', contrast=1.0, depth=0.0, flipHoriz=False, flipVert=False, font='Arial', fontFiles=[], height=0.1, italic=False, languageStyle='LTR', name='text_8', opacity=1.0, ori=0, pos=array([ 0. , -0.6]), rgb=array([255., 255., 255.]), text='default text', units='norm', win=Window(...), wrapWidth=1)
7.0794 	EXP 	Created text_9 = TextStim(__class__=<class 'psychopy.visual.text.TextStim'>, alignHoriz='center', alignVert='center', antialias=True, autoLog=True, bold=False, color='white', colorSpace='named', contrast=1.0, depth=-1.0, flipHoriz=False, flipVert=False, font='Arial', fontFiles=[], height=0.15, italic=False, languageStyle='LTR', name='text_9', opacity=1.0, ori=0, pos=array([-0.5 ,  0.25]), rgb=array([255., 255., 255.]), text='default text', units='norm', win=Window(...), wrapWidth=0.5)
7.0805 	EXP 	Created image_5 = ImageStim(__class__=<class 'psychopy.visual.image.ImageStim'>, autoLog=True, color=array([1., 1., 1.]), colorSpace='rgb', contrast=1.0, depth=-2.0, flipHoriz=False, flipVert=False, image='sin', interpolate=True, mask=None, maskParams=None, name='image_5', opacity=1.0, ori=0.0, pos=array([0.25, 0.25]), size=array([0.85, 0.75]), texRes=128, units='norm', win=Window(...))
7.1047 	EXP 	Created text_10 = TextStim(__class__=<class 'psychopy.visual.text.TextStim'>, alignHoriz='center', alignVert='center', antialias=True, autoLog=True, bold=False, color='white', colorSpace='named', contrast=1.0, depth=0.0, flipHoriz=False, flipVert=False, font='Arial', fontFiles=[], height=0.1, italic=False, languageStyle='LTR', name='text_10', opacity=1.0, ori=0, pos=array([ 0. , -0.6]), rgb=array([255., 255., 255.]), text='default text', units='norm', win=Window(...), wrapWidth=1)
7.1076 	EXP 	Created text_11 = TextStim(__class__=<class 'psychopy.visual.text.TextStim'>, alignHoriz='center', alignVert='center', antialias=True, autoLog=True, bold=False, color='white', colorSpace='named', contrast=1.0, depth=-1.0, flipHoriz=False, flipVert=False, font='Arial', fontFiles=[], height=0.15, italic=False, languageStyle='LTR', name='text_11', opacity=1.0, ori=0, pos=array([-0.5 ,  0.25]), rgb=array([255., 255., 255.]), text='default text', units='norm', win=Window(...), wrapWidth=0.5)
7.1087 	EXP 	Created image_6 = ImageStim(__class__=<class 'psychopy.visual.image.ImageStim'>, autoLog=True, color=array([1., 1., 1.]), colorSpace='rgb', contrast=1.0, depth=-2.0, flipHoriz=False, flipVert=False, image='sin', interpolate=True, mask=None, maskParams=None, name='image_6', opacity=1.0, ori=0.0, pos=array([0.25, 0.25]), size=array([0.85, 0.75]), texRes=128, units='norm', win=Window(...))
7.1330 	EXP 	Created text_13 = TextStim(__class__=<class 'psychopy.visual.text.TextStim'>, alignHoriz='center', alignVert='center', antialias=True, autoLog=True, bold=False, color='white', colorSpace='named', contrast=1.0, depth=0.0, flipHoriz=False, flipVert=False, font='Arial', fontFiles=[], height=0.1, italic=False, languageStyle='LTR', name='text_13', opacity=1.0, ori=0, pos=array([ 0. , -0.6]), rgb=array([255., 255., 255.]), text='default text', units='norm', win=Window(...), wrapWidth=1)
7.1359 	EXP 	Created text_14 = TextStim(__class__=<class 'psychopy.visual.text.TextStim'>, alignHoriz='center', alignVert='center', antialias=True, autoLog=True, bold=False, color='white', colorSpace='named', contrast=1.0, depth=-1.0, flipHoriz=False, flipVert=False, font='Arial', fontFiles=[], height=0.15, italic=False, languageStyle='LTR', name='text_14', opacity=1.0, ori=0, pos=array([-0.5 ,  0.25]), rgb=array([255., 255., 255.]), text='default text', units='norm', win=Window(...), wrapWidth=0.5)
7.1370 	EXP 	Created image_7 = ImageStim(__class__=<class 'psychopy.visual.image.ImageStim'>, autoLog=True, color=array([1., 1., 1.]), colorSpace='rgb', contrast=1.0, depth=-2.0, flipHoriz=False, flipVert=False, image='sin', interpolate=True, mask=None, maskParams=None, name='image_7', opacity=1.0, ori=0.0, pos=array([0.25, 0.25]), size=array([0.85, 0.75]), texRes=128, units='norm', win=Window(...))
7.1608 	EXP 	Created text_15 = TextStim(__class__=<class 'psychopy.visual.text.TextStim'>, alignHoriz='center', alignVert='center', antialias=True, autoLog=True, bold=False, color='white', colorSpace='named', contrast=1.0, depth=0.0, flipHoriz=False, flipVert=False, font='Arial', fontFiles=[], height=0.1, italic=False, languageStyle='LTR', name='text_15', opacity=1.0, ori=0, pos=array([ 0. , -0.6]), rgb=array([255., 255., 255.]), text='default text', units='norm', win=Window(...), wrapWidth=1)
7.1637 	EXP 	Created text_16 = TextStim(__class__=<class 'psychopy.visual.text.TextStim'>, alignHoriz='center', alignVert='center', antialias=True, autoLog=True, bold=False, color='white', colorSpace='named', contrast=1.0, depth=-1.0, flipHoriz=False, flipVert=False, font='Arial', fontFiles=[], height=0.15, italic=False, languageStyle='LTR', name='text_16', opacity=1.0, ori=0, pos=array([-0.5 ,  0.25]), rgb=array([255., 255., 255.]), text='default text', units='norm', win=Window(...), wrapWidth=0.5)
7.1649 	EXP 	Created image_8 = ImageStim(__class__=<class 'psychopy.visual.image.ImageStim'>, autoLog=True, color=array([1., 1., 1.]), colorSpace='rgb', contrast=1.0, depth=-2.0, flipHoriz=False, flipVert=False, image='sin', interpolate=True, mask=None, maskParams=None, name='image_8', opacity=1.0, ori=0.0, pos=array([0.25, 0.25]), size=array([0.85, 0.75]), texRes=128, units='norm', win=Window(...))
7.1983 	EXP 	Created text_5 = TextStim(__class__=<class 'psychopy.visual.text.TextStim'>, alignHoriz='center', alignVert='center', antialias=True, autoLog=True, bold=False, color='white', colorSpace='named', contrast=1.0, depth=0.0, flipHoriz=False, flipVert=False, font='Arial', fontFiles=[], height=0.1, italic=False, languageStyle='LTR', name='text_5', opacity=1.0, ori=0, pos=array([0., 0.]), rgb=array([255., 255., 255.]), text=str(...), units='norm', win=Window(...), wrapWidth=1)
7.2263 	EXP 	Created question1_2 = TextStim(__class__=<class 'psychopy.visual.text.TextStim'>, alignHoriz='center', alignVert='center', antialias=True, autoLog=True, bold=False, color='white', colorSpace='named', contrast=1.0, depth=-1.0, flipHoriz=False, flipVert=False, font='Arial', fontFiles=[], height=0.08, italic=False, languageStyle='LTR', name='question1_2', opacity=1.0, ori=0, pos=array([0. , 0.7]), rgb=array([255., 255., 255.]), text='default text', units='norm', win=Window(...), wrapWidth=2)
7.2292 	EXP 	Created question2_2 = TextStim(__class__=<class 'psychopy.visual.text.TextStim'>, alignHoriz='center', alignVert='center', antialias=True, autoLog=True, bold=False, color='white', colorSpace='named', contrast=1.0, depth=-2.0, flipHoriz=False, flipVert=False, font='Arial', fontFiles=[], height=0.08, italic=False, languageStyle='LTR', name='question2_2', opacity=1.0, ori=0, pos=array([0.  , 0.45]), rgb=array([255., 255., 255.]), text='default text', units='norm', win=Window(...), wrapWidth=2)
7.2322 	EXP 	Created question3_2 = TextStim(__class__=<class 'psychopy.visual.text.TextStim'>, alignHoriz='center', alignVert='center', antialias=True, autoLog=True, bold=False, color='white', colorSpace='named', contrast=1.0, depth=-3.0, flipHoriz=False, flipVert=False, font='Arial', fontFiles=[], height=0.08, italic=False, languageStyle='LTR', name='question3_2', opacity=1.0, ori=0, pos=array([0.  , 0.16]), rgb=array([255., 255., 255.]), text='default text', units='norm', win=Window(...), wrapWidth=2)
7.2350 	EXP 	Created question4_2 = TextStim(__class__=<class 'psychopy.visual.text.TextStim'>, alignHoriz='center', alignVert='center', antialias=True, autoLog=True, bold=False, color='white', colorSpace='named', contrast=1.0, depth=-4.0, flipHoriz=False, flipVert=False, font='Arial', fontFiles=[], height=0.08, italic=False, languageStyle='LTR', name='question4_2', opacity=1.0, ori=0, pos=array([ 0.  , -0.12]), rgb=array([255., 255., 255.]), text='default text', units='norm', win=Window(...), wrapWidth=2)
7.2378 	EXP 	Created question5_2 = TextStim(__class__=<class 'psychopy.visual.text.TextStim'>, alignHoriz='center', alignVert='center', antialias=True, autoLog=True, bold=False, color='white', colorSpace='named', contrast=1.0, depth=-5.0, flipHoriz=False, flipVert=False, font='Arial', fontFiles=[], height=0.08, italic=False, languageStyle='LTR', name='question5_2', opacity=1.0, ori=0, pos=array([ 0.  , -0.35]), rgb=array([255., 255., 255.]), text='default text', units='norm', win=Window(...), wrapWidth=2)
7.2407 	EXP 	Created question6_2 = TextStim(__class__=<class 'psychopy.visual.text.TextStim'>, alignHoriz='center', alignVert='center', antialias=True, autoLog=True, bold=False, color='white', colorSpace='named', contrast=1.0, depth=-6.0, flipHoriz=False, flipVert=False, font='Arial', fontFiles=[], height=0.08, italic=False, languageStyle='LTR', name='question6_2', opacity=1.0, ori=0, pos=array([ 0. , -0.6]), rgb=array([255., 255., 255.]), text='default text', units='norm', win=Window(...), wrapWidth=2)
7.2419 	EXP 	Created image_3 = ImageStim(__class__=<class 'psychopy.visual.image.ImageStim'>, autoLog=True, color=array([1., 1., 1.]), colorSpace='rgb', contrast=1.0, depth=-8.0, flipHoriz=False, flipVert=False, image='sin', interpolate=True, mask=None, maskParams=None, name='image_3', opacity=1.0, ori=0.0, pos=array([ 0.  , -0.85]), size=array([0.25 , 0.125]), texRes=128, units='norm', win=Window(...))
7.2459 	EXP 	Created text_3 = TextStim(__class__=<class 'psychopy.visual.text.TextStim'>, alignHoriz='center', alignVert='center', antialias=True, autoLog=True, bold=False, color='white', colorSpace='named', contrast=1.0, depth=0.0, flipHoriz=False, flipVert=False, font='Arial', fontFiles=[], height=0.1, italic=False, languageStyle='LTR', name='text_3', opacity=1.0, ori=0, pos=array([0., 0.]), rgb=array([255., 255., 255.]), text='Final Tests', units='norm', win=Window(...), wrapWidth=1)
7.2470 	EXP 	Created image_2 = ImageStim(__class__=<class 'psychopy.visual.image.ImageStim'>, autoLog=True, color=array([1., 1., 1.]), colorSpace='rgb', contrast=1.0, depth=0.0, flipHoriz=False, flipVert=False, image='sin', interpolate=True, mask=None, maskParams=None, name='image_2', opacity=1.0, ori=0.0, pos=array([0., 0.]), size=array([0.85, 0.75]), texRes=128, units='norm', win=Window(...))
7.2703 	EXP 	Created text_4 = TextStim(__class__=<class 'psychopy.visual.text.TextStim'>, alignHoriz='center', alignVert='center', antialias=True, autoLog=True, bold=False, color='white', colorSpace='named', contrast=1.0, depth=-2.0, flipHoriz=False, flipVert=False, font='Arial', fontFiles=[], height=0.15, italic=False, languageStyle='LTR', name='text_4', opacity=1.0, ori=0, pos=array([ 0. , -0.7]), rgb=array([255., 255., 255.]), text='default text', units='norm', win=Window(...), wrapWidth=1)
7.2732 	EXP 	Created question1_3 = TextStim(__class__=<class 'psychopy.visual.text.TextStim'>, alignHoriz='center', alignVert='center', antialias=True, autoLog=True, bold=False, color='white', colorSpace='named', contrast=1.0, depth=-1.0, flipHoriz=False, flipVert=False, font='Arial', fontFiles=[], height=0.08, italic=False, languageStyle='LTR', name='question1_3', opacity=1.0, ori=0, pos=array([0. , 0.7]), rgb=array([255., 255., 255.]), text='default text', units='norm', win=Window(...), wrapWidth=2)
7.2761 	EXP 	Created question2_3 = TextStim(__class__=<class 'psychopy.visual.text.TextStim'>, alignHoriz='center', alignVert='center', antialias=True, autoLog=True, bold=False, color='white', colorSpace='named', contrast=1.0, depth=-2.0, flipHoriz=False, flipVert=False, font='Arial', fontFiles=[], height=0.08, italic=False, languageStyle='LTR', name='question2_3', opacity=1.0, ori=0, pos=array([0.  , 0.45]), rgb=array([255., 255., 255.]), text='default text', units='norm', win=Window(...), wrapWidth=2)
7.2791 	EXP 	Created question3_3 = TextStim(__class__=<class 'psychopy.visual.text.TextStim'>, alignHoriz='center', alignVert='center', antialias=True, autoLog=True, bold=False, color='white', colorSpace='named', contrast=1.0, depth=-3.0, flipHoriz=False, flipVert=False, font='Arial', fontFiles=[], height=0.08, italic=False, languageStyle='LTR', name='question3_3', opacity=1.0, ori=0, pos=array([0.  , 0.16]), rgb=array([255., 255., 255.]), text='default text', units='norm', win=Window(...), wrapWidth=2)
7.2821 	EXP 	Created question4_3 = TextStim(__class__=<class 'psychopy.visual.text.TextStim'>, alignHoriz='center', alignVert='center', antialias=True, autoLog=True, bold=False, color='white', colorSpace='named', contrast=1.0, depth=-4.0, flipHoriz=False, flipVert=False, font='Arial', fontFiles=[], height=0.08, italic=False, languageStyle='LTR', name='question4_3', opacity=1.0, ori=0, pos=array([ 0.  , -0.12]), rgb=array([255., 255., 255.]), text='default text', units='norm', win=Window(...), wrapWidth=2)
7.2849 	EXP 	Created question5_3 = TextStim(__class__=<class 'psychopy.visual.text.TextStim'>, alignHoriz='center', alignVert='center', antialias=True, autoLog=True, bold=False, color='white', colorSpace='named', contrast=1.0, depth=-5.0, flipHoriz=False, flipVert=False, font='Arial', fontFiles=[], height=0.08, italic=False, languageStyle='LTR', name='question5_3', opacity=1.0, ori=0, pos=array([ 0.  , -0.35]), rgb=array([255., 255., 255.]), text='default text', units='norm', win=Window(...), wrapWidth=2)
7.2878 	EXP 	Created question6_3 = TextStim(__class__=<class 'psychopy.visual.text.TextStim'>, alignHoriz='center', alignVert='center', antialias=True, autoLog=True, bold=False, color='white', colorSpace='named', contrast=1.0, depth=-6.0, flipHoriz=False, flipVert=False, font='Arial', fontFiles=[], height=0.08, italic=False, languageStyle='LTR', name='question6_3', opacity=1.0, ori=0, pos=array([ 0. , -0.6]), rgb=array([255., 255., 255.]), text='default text', units='norm', win=Window(...), wrapWidth=2)
7.2889 	EXP 	Created image_4 = ImageStim(__class__=<class 'psychopy.visual.image.ImageStim'>, autoLog=True, color=array([1., 1., 1.]), colorSpace='rgb', contrast=1.0, depth=-8.0, flipHoriz=False, flipVert=False, image='sin', interpolate=True, mask=None, maskParams=None, name='image_4', opacity=1.0, ori=0.0, pos=array([ 0.  , -0.85]), size=array([0.25 , 0.125]), texRes=128, units='norm', win=Window(...))
7.2920 	EXP 	Created text_2 = TextStim(__class__=<class 'psychopy.visual.text.TextStim'>, alignHoriz='center', alignVert='center', antialias=True, autoLog=True, bold=False, color='white', colorSpace='named', contrast=1.0, depth=0.0, flipHoriz=False, flipVert=False, font='Arial', fontFiles=[], height=0.1, italic=False, languageStyle='LTR', name='text_2', opacity=1.0, ori=0, pos=array([0., 0.]), rgb=array([255., 255., 255.]), text='end of training', units='norm', win=Window(...), wrapWidth=1)
7.3041 	EXP 	Imported fmri_instruct1.xlsx as conditions, 5 conditions, 1 params
7.3042 	EXP 	Created sequence: sequential, trialTypes=5, nReps=1, seed=None
7.3044 	EXP 	New trial (rep=0, index=0): OrderedDict([('instruct_text', 'Welcome to the job simulator task! ')])
7.3219 	EXP 	text: text = 'Welcome to the job simulator task! '
7.3219 	EXP 	text: autoDraw = True
8.0550 	EXP 	New trial (rep=0, index=1): OrderedDict([('instruct_text', 'In this experiment you will listen to 12 short stories. ')])
8.0681 	DATA 	Keypress: space
8.0882 	EXP 	text: autoDraw = False
8.0882 	EXP 	text: text = 'In this experiment you will listen to 12 short stories. '
8.0882 	EXP 	text: autoDraw = True
8.6557 	EXP 	New trial (rep=0, index=2): OrderedDict([('instruct_text', 'During some of these stories, we will ask you to take on the perspective of a type of job. ')])
8.6670 	DATA 	Keypress: space
8.6713 	EXP 	text: autoDraw = False
8.6713 	EXP 	text: text = 'During some of these stories, we will ask you to take on the perspective of a type of job. '
8.6713 	EXP 	text: autoDraw = True
9.1051 	EXP 	New trial (rep=0, index=3): OrderedDict([('instruct_text', 'In other words, you should try to listen to the story from the perspective of that job. This is called “job simulation.”')])
9.1212 	DATA 	Keypress: space
9.1382 	EXP 	text: autoDraw = False
9.1382 	EXP 	text: text = 'In other words, you should try to listen to the story from the perspective of that job. This is called “job simulation.”'
9.1382 	EXP 	text: autoDraw = True
9.4888 	EXP 	New trial (rep=0, index=4): OrderedDict([('instruct_text', 'You will be told the job to simulate before each story. ')])
9.4976 	DATA 	Keypress: space
9.5045 	EXP 	text: autoDraw = False
9.5045 	EXP 	text: text = 'You will be told the job to simulate before each story. '
9.5045 	EXP 	text: autoDraw = True
9.9106 	EXP 	Imported fmri_instruct3.xlsx as conditions, 3 conditions, 1 params
9.9108 	EXP 	Created sequence: sequential, trialTypes=3, nReps=1, seed=None
9.9110 	EXP 	New trial (rep=0, index=0): OrderedDict([('instruct_text', 'Some stories, however, will not have any job assigned to them, and you can simply listen to the story.')])
9.9223 	DATA 	Keypress: space
9.9383 	EXP 	text: autoDraw = False
9.9383 	EXP 	text: text = 'Some stories, however, will not have any job assigned to them, and you can simply listen to the story.'
9.9383 	EXP 	text: autoDraw = True
10.2889 	EXP 	New trial (rep=0, index=1): OrderedDict([('instruct_text', 'In this part of the experiment outside of the scanner, we will introduce you to four perspectives you will be asked to take on.')])
10.3016 	DATA 	Keypress: space
10.3216 	EXP 	text: autoDraw = False
10.3216 	EXP 	text: text = 'In this part of the experiment outside of the scanner, we will introduce you to four perspectives you will be asked to take on.'
10.3216 	EXP 	text: autoDraw = True
10.6891 	EXP 	New trial (rep=0, index=2): OrderedDict([('instruct_text', "For each perspective, you'll also learn 4 questions associated with it to use when listening to a story.")])
10.7023 	DATA 	Keypress: space
10.7223 	EXP 	text: autoDraw = False
10.7223 	EXP 	text: text = "For each perspective, you'll also learn 4 questions associated with it to use when listening to a story."
10.7223 	EXP 	text: autoDraw = True
11.1102 	EXP 	Imported fmri_instruct4.xlsx as conditions, 2 conditions, 1 params
11.1104 	EXP 	Created sequence: sequential, trialTypes=2, nReps=1, seed=None
11.1106 	EXP 	New trial (rep=0, index=0): OrderedDict([('instruct_text', 'We encourage you to keep these questions in mind while listening to the story and simulating the associated perspective.')])
11.1226 	DATA 	Keypress: space
11.1384 	EXP 	text: autoDraw = False
11.1384 	EXP 	text: text = 'We encourage you to keep these questions in mind while listening to the story and simulating the associated perspective.'
11.1384 	EXP 	text: autoDraw = True
11.5393 	EXP 	New trial (rep=0, index=1): OrderedDict([('instruct_text', 'When you are in the scanner, you will listen to the 12 short stories.')])
11.5486 	DATA 	Keypress: space
11.5545 	EXP 	text: autoDraw = False
11.5545 	EXP 	text: text = 'When you are in the scanner, you will listen to the 12 short stories.'
11.5545 	EXP 	text: autoDraw = True
11.9270 	DATA 	Keypress: space
11.9381 	EXP 	text: autoDraw = False
11.9381 	EXP 	text_12: autoDraw = True
11.9381 	EXP 	image_11: autoDraw = True
12.6263 	EXP 	Imported fmri_instruct5.xlsx as conditions, 6 conditions, 1 params
12.6265 	EXP 	Created sequence: sequential, trialTypes=6, nReps=1, seed=None
12.6267 	EXP 	New trial (rep=0, index=0): OrderedDict([('instruct_text', 'Before listening to each story, you may be assigned one of the perspectives to take on while listening to it.')])
12.6454 	DATA 	Keypress: space
12.6542 	EXP 	text_12: autoDraw = False
12.6542 	EXP 	image_11: autoDraw = False
12.6542 	EXP 	text: text = 'Before listening to each story, you may be assigned one of the perspectives to take on while listening to it.'
12.6542 	EXP 	text: autoDraw = True
13.1719 	EXP 	New trial (rep=0, index=1): OrderedDict([('instruct_text', 'If a perspective is assigned, you’ll be quizzed on the 4 questions associated with it before listening.')])
13.1843 	DATA 	Keypress: space
13.2045 	EXP 	text: autoDraw = False
13.2045 	EXP 	text: text = 'If a perspective is assigned, you’ll be quizzed on the 4 questions associated with it before listening.'
13.2045 	EXP 	text: autoDraw = True
13.5884 	EXP 	New trial (rep=0, index=2): OrderedDict([('instruct_text', 'You must pass this quiz to move on to the story.')])
13.5958 	DATA 	Keypress: space
13.6037 	EXP 	text: autoDraw = False
13.6037 	EXP 	text: text = 'You must pass this quiz to move on to the story.'
13.6037 	EXP 	text: autoDraw = True
14.1882 	EXP 	New trial (rep=0, index=3): OrderedDict([('instruct_text', 'There will be additional tasks after the story listening, but we will explain them when we come to them.')])
14.1993 	DATA 	Keypress: space
14.2043 	EXP 	text: autoDraw = False
14.2043 	EXP 	text: text = 'There will be additional tasks after the story listening, but we will explain them when we come to them.'
14.2043 	EXP 	text: autoDraw = True
14.6213 	EXP 	New trial (rep=0, index=4): OrderedDict([('instruct_text', 'Are you reading to begin the training on the perspectives?')])
14.6310 	DATA 	Keypress: space
14.6379 	EXP 	text: autoDraw = False
14.6379 	EXP 	text: text = 'Are you reading to begin the training on the perspectives?'
14.6379 	EXP 	text: autoDraw = True
15.0890 	EXP 	New trial (rep=0, index=5): OrderedDict([('instruct_text', 'The four perspectives are as follows:')])
15.0958 	DATA 	Keypress: space
15.1047 	EXP 	text: autoDraw = False
15.1047 	EXP 	text: text = 'The four perspectives are as follows:'
15.1047 	EXP 	text: autoDraw = True
15.5772 	EXP 	Imported count_0123.xlsx as conditions, 4 conditions, 1 params
15.5782 	EXP 	Created sequence: random, trialTypes=4, nReps=1, seed=None
15.5784 	EXP 	New trial (rep=0, index=0): OrderedDict([('count', 2)])
15.5849 	EXP 	Imported intro_roles/l0.xlsx as conditions, 1 conditions, 8 params
15.5851 	EXP 	Created sequence: sequential, trialTypes=1, nReps=1, seed=None
15.5854 	EXP 	New trial (rep=0, index=0): OrderedDict([('Q1', 'How is the restaurant decorated?'), ('Q2', 'What are the menus like?'), ('Q3', 'What does each client order?\n'), ('Q4', 'How do the clients like the food?'), ('D1', 'How is the restaurant supplied?'), ('D2', 'How do the clients like the chairs?'), ('roleName', 'Restaurant Critic'), ('rolePic', 'jobphotos/restaurant_critic.jpg')])
15.6080 	DATA 	Keypress: space
15.6224 	EXP 	text: autoDraw = False
15.6224 	EXP 	image_12: image = 'jobphotos/restaurant_critic.jpg'
15.6224 	EXP 	text_17: text = 'Restaurant Critic'
15.6224 	EXP 	image_12: autoDraw = True
15.6224 	EXP 	text_17: autoDraw = True
16.1060 	EXP 	New trial (rep=0, index=1): OrderedDict([('count', 3)])
16.1132 	EXP 	Imported intro_roles/l1.xlsx as conditions, 1 conditions, 8 params
16.1134 	EXP 	Created sequence: sequential, trialTypes=1, nReps=1, seed=None
16.1137 	EXP 	New trial (rep=0, index=0): OrderedDict([('Q1', 'When the clients arrive at the airport, how much time do they have until their flight departs?\n'), ('Q2', 'What is the reason for the hold-up at security?'), ('Q3', 'Toward which gate are the clients walking?\n'), ('Q4', 'What section and seat does each client sit in on the plane?\n'), ('D1', 'Toward which security line are the clients walking?'), ('D2', 'What section and seat are roped off on the plane?'), ('roleName', 'Airport Customer Experience Manager'), ('rolePic', 'jobphotos/acem.jpg')])
16.1356 	DATA 	Keypress: space
16.1556 	EXP 	image_12: autoDraw = False
16.1556 	EXP 	text_17: autoDraw = False
16.1556 	EXP 	image_12: image = 'jobphotos/acem.jpg'
16.1556 	EXP 	text_17: text = 'Airport Customer Experience Manager'
16.1556 	EXP 	image_12: autoDraw = True
16.1556 	EXP 	text_17: autoDraw = True
16.6052 	EXP 	New trial (rep=0, index=2): OrderedDict([('count', 0)])
16.6408 	EXP 	Imported intro_roles/s0.xlsx as conditions, 1 conditions, 8 params
16.6410 	EXP 	Created sequence: sequential, trialTypes=1, nReps=1, seed=None
16.6413 	EXP 	New trial (rep=0, index=0): OrderedDict([('Q1', 'For how long has the initiator of the breakup been thinking about breaking up with his/her partner?'), ('Q2', 'What is the initial reason stated by the initiator for why he/she is breaking up?\n'), ('Q3', 'Does the person who is being broken up with want to break up, and what’s the reason stated by them for this?'), ('Q4', 'Who wants what items back as a result of the breakup?'), ('D1', 'What is the initial reason stated by the initiator for why he/she wanted to meet?'), ('D2', 'Who wants how many letters burned as a result of the breakup?'), ('roleName', 'Couples Therapist\n'), ('rolePic', 'jobphotos/couples.jpg')])
16.6607 	DATA 	Keypress: space
16.6714 	EXP 	image_12: autoDraw = False
16.6714 	EXP 	text_17: autoDraw = False
16.6714 	EXP 	image_12: image = 'jobphotos/couples.jpg'
16.6714 	EXP 	text_17: text = 'Couples Therapist\n'
16.6714 	EXP 	image_12: autoDraw = True
16.6714 	EXP 	text_17: autoDraw = True
17.0382 	EXP 	New trial (rep=0, index=3): OrderedDict([('count', 1)])
17.0446 	EXP 	Imported intro_roles/s1.xlsx as conditions, 1 conditions, 8 params
17.0448 	EXP 	Created sequence: sequential, trialTypes=1, nReps=1, seed=None
17.0450 	EXP 	New trial (rep=0, index=0): OrderedDict([('Q1', 'For how long has the couple been dating?'), ('Q2', 'How many diamonds are on the ring, and what is the diamond color?'), ('Q3', 'In/on what item is the ring presented?\n'), ('Q4', 'Who does the new fiancee text first?\n'), ('D1', 'For how long has the couple known the other was going to propose?'), ('D2', 'Who does the new fiancee hug first?'), ('roleName', 'Wedding Planner'), ('rolePic', 'jobphotos/weddingplanner.jpg')])
17.0664 	DATA 	Keypress: space
17.0713 	EXP 	image_12: autoDraw = False
17.0713 	EXP 	text_17: autoDraw = False
17.0713 	EXP 	image_12: image = 'jobphotos/weddingplanner.jpg'
17.0713 	EXP 	text_17: text = 'Wedding Planner'
17.0713 	EXP 	image_12: autoDraw = True
17.0713 	EXP 	text_17: autoDraw = True
17.4941 	EXP 	Imported fmri_instruct6.xlsx as conditions, 7 conditions, 1 params
17.4943 	EXP 	Created sequence: sequential, trialTypes=7, nReps=1, seed=None
17.4945 	EXP 	New trial (rep=0, index=0): OrderedDict([('instruct_text', 'You’ll become acquainted with them more in learning the 4 questions associated with each perspective.')])
17.5055 	DATA 	Keypress: space
17.5215 	EXP 	image_12: autoDraw = False
17.5215 	EXP 	text_17: autoDraw = False
17.5215 	EXP 	text: text = 'You’ll become acquainted with them more in learning the 4 questions associated with each perspective.'
17.5215 	EXP 	text: autoDraw = True
17.9382 	EXP 	New trial (rep=0, index=1): OrderedDict([('instruct_text', "For each perspective, you'll go through all four questions in a sequence.")])
17.9472 	DATA 	Keypress: space
17.9539 	EXP 	text: autoDraw = False
17.9539 	EXP 	text: text = "For each perspective, you'll go through all four questions in a sequence."
17.9539 	EXP 	text: autoDraw = True
18.4052 	EXP 	New trial (rep=0, index=2): OrderedDict([('instruct_text', "Then you'll be presented with a quiz and have to indicate which questions you saw in the order in which they appeared in the sequence.")])
18.4199 	DATA 	Keypress: space
18.4384 	EXP 	text: autoDraw = False
18.4384 	EXP 	text: text = "Then you'll be presented with a quiz and have to indicate which questions you saw in the order in which they appeared in the sequence."
18.4384 	EXP 	text: autoDraw = True
18.8380 	EXP 	New trial (rep=0, index=3): OrderedDict([('instruct_text', "You'll indicate the question you select by pressing the number key corresponding to the number in front of the question.")])
18.8516 	DATA 	Keypress: space
18.8714 	EXP 	text: autoDraw = False
18.8714 	EXP 	text: text = "You'll indicate the question you select by pressing the number key corresponding to the number in front of the question."
18.8714 	EXP 	text: autoDraw = True
19.2549 	EXP 	New trial (rep=0, index=4): OrderedDict([('instruct_text', "If you make the wrong selection, you'll get the 4 questions presented in the correct order again and restart the quiz.")])
19.2673 	DATA 	Keypress: space
19.2875 	EXP 	text: autoDraw = False
19.2875 	EXP 	text: text = "If you make the wrong selection, you'll get the 4 questions presented in the correct order again and restart the quiz."
19.2875 	EXP 	text: autoDraw = True
19.6557 	EXP 	New trial (rep=0, index=5): OrderedDict([('instruct_text', "After you've passed the quizzes for each perspective, you'll do all of them a final time, but without seeing the correct order of the questions beforehand.")])
19.6707 	DATA 	Keypress: space
19.6876 	EXP 	text: autoDraw = False
19.6876 	EXP 	text: text = "After you've passed the quizzes for each perspective, you'll do all of them a final time, but without seeing the correct order of the questions beforehand."
19.6876 	EXP 	text: autoDraw = True
20.0718 	EXP 	New trial (rep=0, index=6): OrderedDict([('instruct_text', 'Press space to begin!')])
20.0779 	DATA 	Keypress: space
20.0882 	EXP 	text: autoDraw = False
20.0882 	EXP 	text: text = 'Press space to begin!'
20.0882 	EXP 	text: autoDraw = True
20.5790 	EXP 	Imported count_0123.xlsx as conditions, 4 conditions, 1 params
20.5793 	EXP 	Created sequence: random, trialTypes=4, nReps=1, seed=None
20.5795 	EXP 	New trial (rep=0, index=0): OrderedDict([('count', 2)])
20.5859 	EXP 	Imported intro_roles/l0.xlsx as conditions, 1 conditions, 8 params
20.5861 	EXP 	Created sequence: sequential, trialTypes=1, nReps=7, seed=None
20.5865 	EXP 	New trial (rep=0, index=0): OrderedDict([('Q1', 'How is the restaurant decorated?'), ('Q2', 'What are the menus like?'), ('Q3', 'What does each client order?\n'), ('Q4', 'How do the clients like the food?'), ('D1', 'How is the restaurant supplied?'), ('D2', 'How do the clients like the chairs?'), ('roleName', 'Restaurant Critic'), ('rolePic', 'jobphotos/restaurant_critic.jpg')])
20.6088 	DATA 	Keypress: space
20.6222 	EXP 	text: autoDraw = False
20.6222 	EXP 	text_18: text = 'Restaurant Critic'
20.6222 	EXP 	image_9: image = 'jobphotos/restaurant_critic.jpg'
20.6222 	EXP 	text_18: autoDraw = True
20.6222 	EXP 	image_9: autoDraw = True
21.0761 	DATA 	Keypress: space
21.0880 	EXP 	text_18: autoDraw = False
21.0880 	EXP 	image_9: autoDraw = False
21.0880 	EXP 	text_8: text = 'A: How is the restaurant decorated?'
21.0880 	EXP 	text_9: text = 'Restaurant Critic'
21.0880 	EXP 	image_5: image = 'jobphotos/restaurant_critic.jpg'
21.0880 	EXP 	text_8: autoDraw = True
21.0880 	EXP 	text_9: autoDraw = True
21.0880 	EXP 	image_5: autoDraw = True
21.5357 	DATA 	Keypress: space
21.5546 	EXP 	text_8: autoDraw = False
21.5546 	EXP 	text_9: autoDraw = False
21.5546 	EXP 	image_5: autoDraw = False
21.5546 	EXP 	text_10: text = 'B: What are the menus like?'
21.5546 	EXP 	text_11: text = 'Restaurant Critic'
21.5546 	EXP 	image_6: image = 'jobphotos/restaurant_critic.jpg'
21.5546 	EXP 	text_10: autoDraw = True
21.5546 	EXP 	text_11: autoDraw = True
21.5546 	EXP 	image_6: autoDraw = True
21.9563 	DATA 	Keypress: space
21.9714 	EXP 	text_10: autoDraw = False
21.9714 	EXP 	text_11: autoDraw = False
21.9714 	EXP 	image_6: autoDraw = False
21.9714 	EXP 	text_13: text = 'C: What does each client order?\n'
21.9714 	EXP 	text_14: text = 'Restaurant Critic'
21.9714 	EXP 	image_7: image = 'jobphotos/restaurant_critic.jpg'
21.9714 	EXP 	text_13: autoDraw = True
21.9714 	EXP 	text_14: autoDraw = True
21.9714 	EXP 	image_7: autoDraw = True
22.3535 	DATA 	Keypress: space
22.3722 	EXP 	text_13: autoDraw = False
22.3722 	EXP 	text_14: autoDraw = False
22.3722 	EXP 	image_7: autoDraw = False
22.3722 	EXP 	text_15: text = 'D: How do the clients like the food?'
22.3722 	EXP 	text_16: text = 'Restaurant Critic'
22.3722 	EXP 	image_8: image = 'jobphotos/restaurant_critic.jpg'
22.3722 	EXP 	text_15: autoDraw = True
22.3722 	EXP 	text_16: autoDraw = True
22.3722 	EXP 	image_8: autoDraw = True
22.7261 	DATA 	Keypress: space
22.7387 	EXP 	text_15: autoDraw = False
22.7387 	EXP 	text_16: autoDraw = False
22.7387 	EXP 	image_8: autoDraw = False
22.7387 	EXP 	text_5: autoDraw = True
23.2816 	EXP 	Created unnamed ImageStim = ImageStim(__class__=<class 'psychopy.visual.image.ImageStim'>, autoLog=True, color=array([1., 1., 1.]), colorSpace='rgb', contrast=1.0, depth=0, flipHoriz=False, flipVert=False, image='icon/checkmark.png', interpolate=False, mask=None, maskParams=None, name='unnamed ImageStim', opacity=1.0, ori=0.0, pos=array([0., 0.]), size=array([0.41190476, 0.64761905]), texRes=128, units='norm', win=Window(...))
23.2883 	EXP 	Created unnamed ImageStim = ImageStim(__class__=<class 'psychopy.visual.image.ImageStim'>, autoLog=True, color=array([1., 1., 1.]), colorSpace='rgb', contrast=1.0, depth=0, flipHoriz=False, flipVert=False, image='icon/redx.png', interpolate=False, mask=None, maskParams=None, name='unnamed ImageStim', opacity=1.0, ori=0.0, pos=array([0., 0.]), size=array([0.42857143, 0.68571429]), texRes=128, units='norm', win=Window(...))
23.3030 	EXP 	Created unnamed ImageStim = ImageStim(__class__=<class 'psychopy.visual.image.ImageStim'>, autoLog=True, color=array([1., 1., 1.]), colorSpace='rgb', contrast=1.0, depth=0, flipHoriz=False, flipVert=False, image='icon/thumbsup.png', interpolate=False, mask=None, maskParams=None, name='unnamed ImageStim', opacity=1.0, ori=0.0, pos=array([0., 0.]), size=array([0.57142857, 0.97714286]), texRes=128, units='norm', win=Window(...))
23.3414 	DATA 	Keypress: space
23.3888 	EXP 	text_5: autoDraw = False
23.3888 	EXP 	question1_2: text = '1: How is the restaurant supplied?'
23.3888 	EXP 	question2_2: text = '2: What does each client order?\n'
23.3888 	EXP 	question3_2: text = '3: What are the menus like?'
23.3888 	EXP 	question4_2: text = '4: How do the clients like the food?'
23.3888 	EXP 	question5_2: text = '5: How do the clients like the chairs?'
23.3888 	EXP 	question6_2: text = '6: How is the restaurant decorated?'
23.3888 	EXP 	question1_2: autoDraw = True
23.3888 	EXP 	question2_2: autoDraw = True
23.3888 	EXP 	question3_2: autoDraw = True
23.3888 	EXP 	question4_2: autoDraw = True
23.3888 	EXP 	question5_2: autoDraw = True
23.3888 	EXP 	question6_2: autoDraw = True
23.3888 	EXP 	image_3: autoDraw = True
27.2122 	DATA 	Keypress: 6
32.3987 	DATA 	Keypress: 3
34.7037 	DATA 	Keypress: 2
42.7309 	DATA 	Keypress: 4
44.4800 	EXP 	New trial (rep=0, index=1): OrderedDict([('count', 0)])
44.4872 	EXP 	Imported intro_roles/s0.xlsx as conditions, 1 conditions, 8 params
44.4874 	EXP 	Created sequence: sequential, trialTypes=1, nReps=7, seed=None
44.4888 	EXP 	New trial (rep=0, index=0): OrderedDict([('Q1', 'For how long has the initiator of the breakup been thinking about breaking up with his/her partner?'), ('Q2', 'What is the initial reason stated by the initiator for why he/she is breaking up?\n'), ('Q3', 'Does the person who is being broken up with want to break up, and what’s the reason stated by them for this?'), ('Q4', 'Who wants what items back as a result of the breakup?'), ('D1', 'What is the initial reason stated by the initiator for why he/she wanted to meet?'), ('D2', 'Who wants how many letters burned as a result of the breakup?'), ('roleName', 'Couples Therapist\n'), ('rolePic', 'jobphotos/couples.jpg')])
44.5218 	EXP 	question1_2: autoDraw = False
44.5218 	EXP 	question2_2: autoDraw = False
44.5218 	EXP 	question3_2: autoDraw = False
44.5218 	EXP 	question4_2: autoDraw = False
44.5218 	EXP 	question5_2: autoDraw = False
44.5218 	EXP 	question6_2: autoDraw = False
44.5218 	EXP 	image_3: autoDraw = False
44.5218 	EXP 	text_18: text = 'Couples Therapist\n'
44.5218 	EXP 	image_9: image = 'jobphotos/couples.jpg'
44.5218 	EXP 	text_18: autoDraw = True
44.5218 	EXP 	image_9: autoDraw = True
44.6230 	DATA 	Keypress: backspace
45.0468 	DATA 	Keypress: space
45.0549 	EXP 	text_18: autoDraw = False
45.0549 	EXP 	image_9: autoDraw = False
45.0549 	EXP 	text_8: text = 'A: For how long has the initiator of the breakup been thinking about breaking up with his/her partner?'
45.0549 	EXP 	text_9: text = 'Couples Therapist\n'
45.0549 	EXP 	image_5: image = 'jobphotos/couples.jpg'
45.0549 	EXP 	text_8: autoDraw = True
45.0549 	EXP 	text_9: autoDraw = True
45.0549 	EXP 	image_5: autoDraw = True
45.5608 	DATA 	Keypress: space
45.5718 	EXP 	text_8: autoDraw = False
45.5718 	EXP 	text_9: autoDraw = False
45.5718 	EXP 	image_5: autoDraw = False
45.5718 	EXP 	text_10: text = 'B: What is the initial reason stated by the initiator for why he/she is breaking up?\n'
45.5718 	EXP 	text_11: text = 'Couples Therapist\n'
45.5718 	EXP 	image_6: image = 'jobphotos/couples.jpg'
45.5718 	EXP 	text_10: autoDraw = True
45.5718 	EXP 	text_11: autoDraw = True
45.5718 	EXP 	image_6: autoDraw = True
45.9456 	DATA 	Keypress: space
45.9550 	EXP 	text_10: autoDraw = False
45.9550 	EXP 	text_11: autoDraw = False
45.9550 	EXP 	image_6: autoDraw = False
45.9550 	EXP 	text_13: text = 'C: Does the person who is being broken up with want to break up, and what’s the reason stated by them for this?'
45.9550 	EXP 	text_14: text = 'Couples Therapist\n'
45.9550 	EXP 	image_7: image = 'jobphotos/couples.jpg'
45.9550 	EXP 	text_13: autoDraw = True
45.9550 	EXP 	text_14: autoDraw = True
45.9550 	EXP 	image_7: autoDraw = True
46.3403 	DATA 	Keypress: space
46.3559 	EXP 	text_13: autoDraw = False
46.3559 	EXP 	text_14: autoDraw = False
46.3559 	EXP 	image_7: autoDraw = False
46.3559 	EXP 	text_15: text = 'D: Who wants what items back as a result of the breakup?'
46.3559 	EXP 	text_16: text = 'Couples Therapist\n'
46.3559 	EXP 	image_8: image = 'jobphotos/couples.jpg'
46.3559 	EXP 	text_15: autoDraw = True
46.3559 	EXP 	text_16: autoDraw = True
46.3559 	EXP 	image_8: autoDraw = True
46.6935 	DATA 	Keypress: space
46.7047 	EXP 	text_15: autoDraw = False
46.7047 	EXP 	text_16: autoDraw = False
46.7047 	EXP 	image_8: autoDraw = False
46.7047 	EXP 	text_5: autoDraw = True
47.1114 	EXP 	Created unnamed ImageStim = ImageStim(__class__=<class 'psychopy.visual.image.ImageStim'>, autoLog=True, color=array([1., 1., 1.]), colorSpace='rgb', contrast=1.0, depth=0, flipHoriz=False, flipVert=False, image='icon/checkmark.png', interpolate=False, mask=None, maskParams=None, name='unnamed ImageStim', opacity=1.0, ori=0.0, pos=array([0., 0.]), size=array([0.41190476, 0.64761905]), texRes=128, units='norm', win=Window(...))
47.1165 	EXP 	Created unnamed ImageStim = ImageStim(__class__=<class 'psychopy.visual.image.ImageStim'>, autoLog=True, color=array([1., 1., 1.]), colorSpace='rgb', contrast=1.0, depth=0, flipHoriz=False, flipVert=False, image='icon/redx.png', interpolate=False, mask=None, maskParams=None, name='unnamed ImageStim', opacity=1.0, ori=0.0, pos=array([0., 0.]), size=array([0.42857143, 0.68571429]), texRes=128, units='norm', win=Window(...))
47.1297 	EXP 	Created unnamed ImageStim = ImageStim(__class__=<class 'psychopy.visual.image.ImageStim'>, autoLog=True, color=array([1., 1., 1.]), colorSpace='rgb', contrast=1.0, depth=0, flipHoriz=False, flipVert=False, image='icon/thumbsup.png', interpolate=False, mask=None, maskParams=None, name='unnamed ImageStim', opacity=1.0, ori=0.0, pos=array([0., 0.]), size=array([0.57142857, 0.97714286]), texRes=128, units='norm', win=Window(...))
47.1819 	DATA 	Keypress: space
47.2217 	EXP 	text_5: autoDraw = False
47.2217 	EXP 	question1_2: text = '1: What is the initial reason stated by the initiator for why he/she wanted to meet?'
47.2217 	EXP 	question2_2: text = '2: For how long has the initiator of the breakup been thinking about breaking up with his/her partner?'
47.2217 	EXP 	question3_2: text = '3: What is the initial reason stated by the initiator for why he/she is breaking up?\n'
47.2217 	EXP 	question4_2: text = '4: Who wants what items back as a result of the breakup?'
47.2217 	EXP 	question5_2: text = '5: Does the person who is being broken up with want to break up, and what’s the reason stated by them for this?'
47.2217 	EXP 	question6_2: text = '6: Who wants how many letters burned as a result of the breakup?'
47.2217 	EXP 	question1_2: autoDraw = True
47.2217 	EXP 	question2_2: autoDraw = True
47.2217 	EXP 	question3_2: autoDraw = True
47.2217 	EXP 	question4_2: autoDraw = True
47.2217 	EXP 	question5_2: autoDraw = True
47.2217 	EXP 	question6_2: autoDraw = True
47.2217 	EXP 	image_3: autoDraw = True
52.3243 	DATA 	Keypress: 2
54.3818 	DATA 	Keypress: 3
62.5584 	DATA 	Keypress: 5
65.9362 	DATA 	Keypress: 4
67.4754 	DATA 	Keypress: p
67.6943 	EXP 	New trial (rep=0, index=2): OrderedDict([('count', 3)])
67.7043 	EXP 	Imported intro_roles/l1.xlsx as conditions, 1 conditions, 8 params
67.7045 	EXP 	Created sequence: sequential, trialTypes=1, nReps=7, seed=None
67.7075 	EXP 	New trial (rep=0, index=0): OrderedDict([('Q1', 'When the clients arrive at the airport, how much time do they have until their flight departs?\n'), ('Q2', 'What is the reason for the hold-up at security?'), ('Q3', 'Toward which gate are the clients walking?\n'), ('Q4', 'What section and seat does each client sit in on the plane?\n'), ('D1', 'Toward which security line are the clients walking?'), ('D2', 'What section and seat are roped off on the plane?'), ('roleName', 'Airport Customer Experience Manager'), ('rolePic', 'jobphotos/acem.jpg')])
67.7383 	EXP 	question1_2: autoDraw = False
67.7383 	EXP 	question2_2: autoDraw = False
67.7383 	EXP 	question3_2: autoDraw = False
67.7383 	EXP 	question4_2: autoDraw = False
67.7383 	EXP 	question5_2: autoDraw = False
67.7383 	EXP 	question6_2: autoDraw = False
67.7383 	EXP 	image_3: autoDraw = False
67.7383 	EXP 	text_18: text = 'Airport Customer Experience Manager'
67.7383 	EXP 	image_9: image = 'jobphotos/acem.jpg'
67.7383 	EXP 	text_18: autoDraw = True
67.7383 	EXP 	image_9: autoDraw = True
68.2439 	DATA 	Keypress: space
68.2544 	EXP 	text_18: autoDraw = False
68.2544 	EXP 	image_9: autoDraw = False
68.2544 	EXP 	text_8: text = 'A: When the clients arrive at the airport, how much time do they have until their flight departs?\n'
68.2544 	EXP 	text_9: text = 'Airport Customer Experience Manager'
68.2544 	EXP 	image_5: image = 'jobphotos/acem.jpg'
68.2544 	EXP 	text_8: autoDraw = True
68.2544 	EXP 	text_9: autoDraw = True
68.2544 	EXP 	image_5: autoDraw = True
68.5926 	DATA 	Keypress: space
68.6054 	EXP 	text_8: autoDraw = False
68.6054 	EXP 	text_9: autoDraw = False
68.6054 	EXP 	image_5: autoDraw = False
68.6054 	EXP 	text_10: text = 'B: What is the reason for the hold-up at security?'
68.6054 	EXP 	text_11: text = 'Airport Customer Experience Manager'
68.6054 	EXP 	image_6: image = 'jobphotos/acem.jpg'
68.6054 	EXP 	text_10: autoDraw = True
68.6054 	EXP 	text_11: autoDraw = True
68.6054 	EXP 	image_6: autoDraw = True
68.9235 	DATA 	Keypress: space
68.9386 	EXP 	text_10: autoDraw = False
68.9386 	EXP 	text_11: autoDraw = False
68.9386 	EXP 	image_6: autoDraw = False
68.9386 	EXP 	text_13: text = 'C: Toward which gate are the clients walking?\n'
68.9386 	EXP 	text_14: text = 'Airport Customer Experience Manager'
68.9386 	EXP 	image_7: image = 'jobphotos/acem.jpg'
68.9386 	EXP 	text_13: autoDraw = True
68.9386 	EXP 	text_14: autoDraw = True
68.9386 	EXP 	image_7: autoDraw = True
69.2909 	DATA 	Keypress: space
69.3045 	EXP 	text_13: autoDraw = False
69.3045 	EXP 	text_14: autoDraw = False
69.3045 	EXP 	image_7: autoDraw = False
69.3045 	EXP 	text_15: text = 'D: What section and seat does each client sit in on the plane?\n'
69.3045 	EXP 	text_16: text = 'Airport Customer Experience Manager'
69.3045 	EXP 	image_8: image = 'jobphotos/acem.jpg'
69.3045 	EXP 	text_15: autoDraw = True
69.3045 	EXP 	text_16: autoDraw = True
69.3045 	EXP 	image_8: autoDraw = True
69.6428 	DATA 	Keypress: space
69.6544 	EXP 	text_15: autoDraw = False
69.6544 	EXP 	text_16: autoDraw = False
69.6544 	EXP 	image_8: autoDraw = False
69.6544 	EXP 	text_5: autoDraw = True
70.2107 	EXP 	Created unnamed ImageStim = ImageStim(__class__=<class 'psychopy.visual.image.ImageStim'>, autoLog=True, color=array([1., 1., 1.]), colorSpace='rgb', contrast=1.0, depth=0, flipHoriz=False, flipVert=False, image='icon/checkmark.png', interpolate=False, mask=None, maskParams=None, name='unnamed ImageStim', opacity=1.0, ori=0.0, pos=array([0., 0.]), size=array([0.41190476, 0.64761905]), texRes=128, units='norm', win=Window(...))
70.2158 	EXP 	Created unnamed ImageStim = ImageStim(__class__=<class 'psychopy.visual.image.ImageStim'>, autoLog=True, color=array([1., 1., 1.]), colorSpace='rgb', contrast=1.0, depth=0, flipHoriz=False, flipVert=False, image='icon/redx.png', interpolate=False, mask=None, maskParams=None, name='unnamed ImageStim', opacity=1.0, ori=0.0, pos=array([0., 0.]), size=array([0.42857143, 0.68571429]), texRes=128, units='norm', win=Window(...))
70.2289 	EXP 	Created unnamed ImageStim = ImageStim(__class__=<class 'psychopy.visual.image.ImageStim'>, autoLog=True, color=array([1., 1., 1.]), colorSpace='rgb', contrast=1.0, depth=0, flipHoriz=False, flipVert=False, image='icon/thumbsup.png', interpolate=False, mask=None, maskParams=None, name='unnamed ImageStim', opacity=1.0, ori=0.0, pos=array([0., 0.]), size=array([0.57142857, 0.97714286]), texRes=128, units='norm', win=Window(...))
70.2722 	DATA 	Keypress: space
70.3047 	EXP 	text_5: autoDraw = False
70.3047 	EXP 	question1_2: text = '1: When the clients arrive at the airport, how much time do they have until their flight departs?\n'
70.3047 	EXP 	question2_2: text = '2: Toward which gate are the clients walking?\n'
70.3047 	EXP 	question3_2: text = '3: What section and seat are roped off on the plane?'
70.3047 	EXP 	question4_2: text = '4: What is the reason for the hold-up at security?'
70.3047 	EXP 	question5_2: text = '5: Toward which security line are the clients walking?'
70.3047 	EXP 	question6_2: text = '6: What section and seat does each client sit in on the plane?\n'
70.3047 	EXP 	question1_2: autoDraw = True
70.3047 	EXP 	question2_2: autoDraw = True
70.3047 	EXP 	question3_2: autoDraw = True
70.3047 	EXP 	question4_2: autoDraw = True
70.3047 	EXP 	question5_2: autoDraw = True
70.3047 	EXP 	question6_2: autoDraw = True
70.3047 	EXP 	image_3: autoDraw = True
73.7393 	DATA 	Keypress: 1
76.7558 	DATA 	Keypress: 4
79.0161 	DATA 	Keypress: 2
81.2822 	DATA 	Keypress: 6
83.0307 	EXP 	New trial (rep=0, index=3): OrderedDict([('count', 1)])
83.0531 	EXP 	Imported intro_roles/s1.xlsx as conditions, 1 conditions, 8 params
83.0533 	EXP 	Created sequence: sequential, trialTypes=1, nReps=7, seed=None
83.0537 	EXP 	New trial (rep=0, index=0): OrderedDict([('Q1', 'For how long has the couple been dating?'), ('Q2', 'How many diamonds are on the ring, and what is the diamond color?'), ('Q3', 'In/on what item is the ring presented?\n'), ('Q4', 'Who does the new fiancee text first?\n'), ('D1', 'For how long has the couple known the other was going to propose?'), ('D2', 'Who does the new fiancee hug first?'), ('roleName', 'Wedding Planner'), ('rolePic', 'jobphotos/weddingplanner.jpg')])
83.0887 	EXP 	question1_2: autoDraw = False
83.0887 	EXP 	question2_2: autoDraw = False
83.0887 	EXP 	question3_2: autoDraw = False
83.0887 	EXP 	question4_2: autoDraw = False
83.0887 	EXP 	question5_2: autoDraw = False
83.0887 	EXP 	question6_2: autoDraw = False
83.0887 	EXP 	image_3: autoDraw = False
83.0887 	EXP 	text_18: text = 'Wedding Planner'
83.0887 	EXP 	image_9: image = 'jobphotos/weddingplanner.jpg'
83.0887 	EXP 	text_18: autoDraw = True
83.0887 	EXP 	image_9: autoDraw = True
83.5251 	DATA 	Keypress: space
83.5388 	EXP 	text_18: autoDraw = False
83.5388 	EXP 	image_9: autoDraw = False
83.5388 	EXP 	text_8: text = 'A: For how long has the couple been dating?'
83.5388 	EXP 	text_9: text = 'Wedding Planner'
83.5388 	EXP 	image_5: image = 'jobphotos/weddingplanner.jpg'
83.5388 	EXP 	text_8: autoDraw = True
83.5388 	EXP 	text_9: autoDraw = True
83.5388 	EXP 	image_5: autoDraw = True
83.8072 	DATA 	Keypress: space
83.8219 	EXP 	text_8: autoDraw = False
83.8219 	EXP 	text_9: autoDraw = False
83.8219 	EXP 	image_5: autoDraw = False
83.8219 	EXP 	text_10: text = 'B: How many diamonds are on the ring, and what is the diamond color?'
83.8219 	EXP 	text_11: text = 'Wedding Planner'
83.8219 	EXP 	image_6: image = 'jobphotos/weddingplanner.jpg'
83.8219 	EXP 	text_10: autoDraw = True
83.8219 	EXP 	text_11: autoDraw = True
83.8219 	EXP 	image_6: autoDraw = True
84.0921 	DATA 	Keypress: space
84.1052 	EXP 	text_10: autoDraw = False
84.1052 	EXP 	text_11: autoDraw = False
84.1052 	EXP 	image_6: autoDraw = False
84.1052 	EXP 	text_13: text = 'C: In/on what item is the ring presented?\n'
84.1052 	EXP 	text_14: text = 'Wedding Planner'
84.1052 	EXP 	image_7: image = 'jobphotos/weddingplanner.jpg'
84.1052 	EXP 	text_13: autoDraw = True
84.1052 	EXP 	text_14: autoDraw = True
84.1052 	EXP 	image_7: autoDraw = True
84.3574 	DATA 	Keypress: space
84.3720 	EXP 	text_13: autoDraw = False
84.3720 	EXP 	text_14: autoDraw = False
84.3720 	EXP 	image_7: autoDraw = False
84.3720 	EXP 	text_15: text = 'D: Who does the new fiancee text first?\n'
84.3720 	EXP 	text_16: text = 'Wedding Planner'
84.3720 	EXP 	image_8: image = 'jobphotos/weddingplanner.jpg'
84.3720 	EXP 	text_15: autoDraw = True
84.3720 	EXP 	text_16: autoDraw = True
84.3720 	EXP 	image_8: autoDraw = True
84.5923 	DATA 	Keypress: space
84.6041 	EXP 	text_15: autoDraw = False
84.6041 	EXP 	text_16: autoDraw = False
84.6041 	EXP 	image_8: autoDraw = False
84.6041 	EXP 	text_5: autoDraw = True
85.0787 	EXP 	Created unnamed ImageStim = ImageStim(__class__=<class 'psychopy.visual.image.ImageStim'>, autoLog=True, color=array([1., 1., 1.]), colorSpace='rgb', contrast=1.0, depth=0, flipHoriz=False, flipVert=False, image='icon/checkmark.png', interpolate=False, mask=None, maskParams=None, name='unnamed ImageStim', opacity=1.0, ori=0.0, pos=array([0., 0.]), size=array([0.41190476, 0.64761905]), texRes=128, units='norm', win=Window(...))
85.0838 	EXP 	Created unnamed ImageStim = ImageStim(__class__=<class 'psychopy.visual.image.ImageStim'>, autoLog=True, color=array([1., 1., 1.]), colorSpace='rgb', contrast=1.0, depth=0, flipHoriz=False, flipVert=False, image='icon/redx.png', interpolate=False, mask=None, maskParams=None, name='unnamed ImageStim', opacity=1.0, ori=0.0, pos=array([0., 0.]), size=array([0.42857143, 0.68571429]), texRes=128, units='norm', win=Window(...))
85.0969 	EXP 	Created unnamed ImageStim = ImageStim(__class__=<class 'psychopy.visual.image.ImageStim'>, autoLog=True, color=array([1., 1., 1.]), colorSpace='rgb', contrast=1.0, depth=0, flipHoriz=False, flipVert=False, image='icon/thumbsup.png', interpolate=False, mask=None, maskParams=None, name='unnamed ImageStim', opacity=1.0, ori=0.0, pos=array([0., 0.]), size=array([0.57142857, 0.97714286]), texRes=128, units='norm', win=Window(...))
85.1338 	DATA 	Keypress: space
85.1717 	EXP 	text_5: autoDraw = False
85.1717 	EXP 	question1_2: text = '1: Who does the new fiancee text first?\n'
85.1717 	EXP 	question2_2: text = '2: In/on what item is the ring presented?\n'
85.1717 	EXP 	question3_2: text = '3: How many diamonds are on the ring, and what is the diamond color?'
85.1717 	EXP 	question4_2: text = '4: For how long has the couple been dating?'
85.1717 	EXP 	question5_2: text = '5: For how long has the couple known the other was going to propose?'
85.1717 	EXP 	question6_2: text = '6: Who does the new fiancee hug first?'
85.1717 	EXP 	question1_2: autoDraw = True
85.1717 	EXP 	question2_2: autoDraw = True
85.1717 	EXP 	question3_2: autoDraw = True
85.1717 	EXP 	question4_2: autoDraw = True
85.1717 	EXP 	question5_2: autoDraw = True
85.1717 	EXP 	question6_2: autoDraw = True
85.1717 	EXP 	image_3: autoDraw = True
95.4519 	DATA 	Keypress: 4
109.1502 	DATA 	Keypress: 3
110.8410 	DATA 	Keypress: 2
112.0823 	DATA 	Keypress: 1
113.8376 	EXP 	question1_2: autoDraw = False
113.8376 	EXP 	question2_2: autoDraw = False
113.8376 	EXP 	question3_2: autoDraw = False
113.8376 	EXP 	question4_2: autoDraw = False
113.8376 	EXP 	question5_2: autoDraw = False
113.8376 	EXP 	question6_2: autoDraw = False
113.8376 	EXP 	image_3: autoDraw = False
113.8376 	EXP 	text_3: autoDraw = True
114.3061 	DATA 	Keypress: space
114.8449 	EXP 	Imported count_0123.xlsx as conditions, 4 conditions, 1 params
114.8451 	EXP 	Created sequence: random, trialTypes=4, nReps=1, seed=None
114.8455 	EXP 	New trial (rep=0, index=0): OrderedDict([('count', 1)])
114.8517 	EXP 	Imported intro_roles/s1.xlsx as conditions, 1 conditions, 8 params
114.8519 	EXP 	Created sequence: sequential, trialTypes=1, nReps=7, seed=None
114.8523 	EXP 	New trial (rep=0, index=0): OrderedDict([('Q1', 'For how long has the couple been dating?'), ('Q2', 'How many diamonds are on the ring, and what is the diamond color?'), ('Q3', 'In/on what item is the ring presented?\n'), ('Q4', 'Who does the new fiancee text first?\n'), ('D1', 'For how long has the couple known the other was going to propose?'), ('D2', 'Who does the new fiancee hug first?'), ('roleName', 'Wedding Planner'), ('rolePic', 'jobphotos/weddingplanner.jpg')])
114.8880 	EXP 	text_3: autoDraw = False
114.8880 	EXP 	text_3: autoDraw = False
114.8880 	EXP 	image_2: image = 'jobphotos/weddingplanner.jpg'
114.8880 	EXP 	text_4: text = 'Wedding Planner'
114.8880 	EXP 	image_2: autoDraw = True
114.8880 	EXP 	text_4: autoDraw = True
115.3450 	EXP 	Created unnamed ImageStim = ImageStim(__class__=<class 'psychopy.visual.image.ImageStim'>, autoLog=True, color=array([1., 1., 1.]), colorSpace='rgb', contrast=1.0, depth=0, flipHoriz=False, flipVert=False, image='icon/checkmark.png', interpolate=False, mask=None, maskParams=None, name='unnamed ImageStim', opacity=1.0, ori=0.0, pos=array([0., 0.]), size=array([0.41190476, 0.64761905]), texRes=128, units='norm', win=Window(...))
115.3501 	EXP 	Created unnamed ImageStim = ImageStim(__class__=<class 'psychopy.visual.image.ImageStim'>, autoLog=True, color=array([1., 1., 1.]), colorSpace='rgb', contrast=1.0, depth=0, flipHoriz=False, flipVert=False, image='icon/redx.png', interpolate=False, mask=None, maskParams=None, name='unnamed ImageStim', opacity=1.0, ori=0.0, pos=array([0., 0.]), size=array([0.42857143, 0.68571429]), texRes=128, units='norm', win=Window(...))
115.3633 	EXP 	Created unnamed ImageStim = ImageStim(__class__=<class 'psychopy.visual.image.ImageStim'>, autoLog=True, color=array([1., 1., 1.]), colorSpace='rgb', contrast=1.0, depth=0, flipHoriz=False, flipVert=False, image='icon/thumbsup.png', interpolate=False, mask=None, maskParams=None, name='unnamed ImageStim', opacity=1.0, ori=0.0, pos=array([0., 0.]), size=array([0.57142857, 0.97714286]), texRes=128, units='norm', win=Window(...))
115.4003 	DATA 	Keypress: space
115.4378 	EXP 	image_2: autoDraw = False
115.4378 	EXP 	text_4: autoDraw = False
115.4378 	EXP 	question1_3: text = '1: For how long has the couple known the other was going to propose?'
115.4378 	EXP 	question2_3: text = '2: Who does the new fiancee text first?\n'
115.4378 	EXP 	question3_3: text = '3: How many diamonds are on the ring, and what is the diamond color?'
115.4378 	EXP 	question4_3: text = '4: Who does the new fiancee hug first?'
115.4378 	EXP 	question5_3: text = '5: In/on what item is the ring presented?\n'
115.4378 	EXP 	question6_3: text = '6: For how long has the couple been dating?'
115.4378 	EXP 	question1_3: autoDraw = True
115.4378 	EXP 	question2_3: autoDraw = True
115.4378 	EXP 	question3_3: autoDraw = True
115.4378 	EXP 	question4_3: autoDraw = True
115.4378 	EXP 	question5_3: autoDraw = True
115.4378 	EXP 	question6_3: autoDraw = True
115.4378 	EXP 	image_4: autoDraw = True
121.2544 	DATA 	Keypress: 6
124.1124 	DATA 	Keypress: 3
125.2647 	DATA 	Keypress: 5
136.8894 	DATA 	Keypress: 2
138.6280 	EXP 	New trial (rep=0, index=1): OrderedDict([('count', 2)])
138.6483 	EXP 	Imported intro_roles/l0.xlsx as conditions, 1 conditions, 8 params
138.6485 	EXP 	Created sequence: sequential, trialTypes=1, nReps=7, seed=None
138.6488 	EXP 	New trial (rep=0, index=0): OrderedDict([('Q1', 'How is the restaurant decorated?'), ('Q2', 'What are the menus like?'), ('Q3', 'What does each client order?\n'), ('Q4', 'How do the clients like the food?'), ('D1', 'How is the restaurant supplied?'), ('D2', 'How do the clients like the chairs?'), ('roleName', 'Restaurant Critic'), ('rolePic', 'jobphotos/restaurant_critic.jpg')])
138.6866 	EXP 	question1_3: autoDraw = False
138.6866 	EXP 	question2_3: autoDraw = False
138.6866 	EXP 	question3_3: autoDraw = False
138.6866 	EXP 	question4_3: autoDraw = False
138.6866 	EXP 	question5_3: autoDraw = False
138.6866 	EXP 	question6_3: autoDraw = False
138.6866 	EXP 	image_4: autoDraw = False
138.6866 	EXP 	image_2: image = 'jobphotos/restaurant_critic.jpg'
138.6866 	EXP 	text_4: text = 'Restaurant Critic'
138.6866 	EXP 	image_2: autoDraw = True
138.6866 	EXP 	text_4: autoDraw = True
139.1950 	EXP 	Created unnamed ImageStim = ImageStim(__class__=<class 'psychopy.visual.image.ImageStim'>, autoLog=True, color=array([1., 1., 1.]), colorSpace='rgb', contrast=1.0, depth=0, flipHoriz=False, flipVert=False, image='icon/checkmark.png', interpolate=False, mask=None, maskParams=None, name='unnamed ImageStim', opacity=1.0, ori=0.0, pos=array([0., 0.]), size=array([0.41190476, 0.64761905]), texRes=128, units='norm', win=Window(...))
139.2000 	EXP 	Created unnamed ImageStim = ImageStim(__class__=<class 'psychopy.visual.image.ImageStim'>, autoLog=True, color=array([1., 1., 1.]), colorSpace='rgb', contrast=1.0, depth=0, flipHoriz=False, flipVert=False, image='icon/redx.png', interpolate=False, mask=None, maskParams=None, name='unnamed ImageStim', opacity=1.0, ori=0.0, pos=array([0., 0.]), size=array([0.42857143, 0.68571429]), texRes=128, units='norm', win=Window(...))
139.2132 	EXP 	Created unnamed ImageStim = ImageStim(__class__=<class 'psychopy.visual.image.ImageStim'>, autoLog=True, color=array([1., 1., 1.]), colorSpace='rgb', contrast=1.0, depth=0, flipHoriz=False, flipVert=False, image='icon/thumbsup.png', interpolate=False, mask=None, maskParams=None, name='unnamed ImageStim', opacity=1.0, ori=0.0, pos=array([0., 0.]), size=array([0.57142857, 0.97714286]), texRes=128, units='norm', win=Window(...))
139.2442 	DATA 	Keypress: space
139.2866 	EXP 	image_2: autoDraw = False
139.2866 	EXP 	text_4: autoDraw = False
139.2866 	EXP 	question1_3: text = '1: How do the clients like the chairs?'
139.2866 	EXP 	question2_3: text = '2: What are the menus like?'
139.2866 	EXP 	question3_3: text = '3: How is the restaurant supplied?'
139.2866 	EXP 	question4_3: text = '4: How do the clients like the food?'
139.2866 	EXP 	question5_3: text = '5: What does each client order?\n'
139.2866 	EXP 	question6_3: text = '6: How is the restaurant decorated?'
139.2866 	EXP 	question1_3: autoDraw = True
139.2866 	EXP 	question2_3: autoDraw = True
139.2866 	EXP 	question3_3: autoDraw = True
139.2866 	EXP 	question4_3: autoDraw = True
139.2866 	EXP 	question5_3: autoDraw = True
139.2866 	EXP 	question6_3: autoDraw = True
139.2866 	EXP 	image_4: autoDraw = True
169.2473 	DATA 	Keypress: 6
183.2612 	DATA 	Keypress: space
183.7829 	DATA 	Keypress: space
191.0623 	DATA 	Keypress: 2
198.0845 	DATA 	Keypress: 5
201.3804 	DATA 	Keypress: 4
203.1288 	EXP 	New trial (rep=0, index=2): OrderedDict([('count', 3)])
203.1560 	EXP 	Imported intro_roles/l1.xlsx as conditions, 1 conditions, 8 params
203.1562 	EXP 	Created sequence: sequential, trialTypes=1, nReps=7, seed=None
203.1564 	EXP 	New trial (rep=0, index=0): OrderedDict([('Q1', 'When the clients arrive at the airport, how much time do they have until their flight departs?\n'), ('Q2', 'What is the reason for the hold-up at security?'), ('Q3', 'Toward which gate are the clients walking?\n'), ('Q4', 'What section and seat does each client sit in on the plane?\n'), ('D1', 'Toward which security line are the clients walking?'), ('D2', 'What section and seat are roped off on the plane?'), ('roleName', 'Airport Customer Experience Manager'), ('rolePic', 'jobphotos/acem.jpg')])
203.1850 	EXP 	question1_3: autoDraw = False
203.1850 	EXP 	question2_3: autoDraw = False
203.1850 	EXP 	question3_3: autoDraw = False
203.1850 	EXP 	question4_3: autoDraw = False
203.1850 	EXP 	question5_3: autoDraw = False
203.1850 	EXP 	question6_3: autoDraw = False
203.1850 	EXP 	image_4: autoDraw = False
203.1850 	EXP 	image_2: image = 'jobphotos/acem.jpg'
203.1850 	EXP 	text_4: text = 'Airport Customer Experience Manager'
203.1850 	EXP 	image_2: autoDraw = True
203.1850 	EXP 	text_4: autoDraw = True
203.7135 	EXP 	Created unnamed ImageStim = ImageStim(__class__=<class 'psychopy.visual.image.ImageStim'>, autoLog=True, color=array([1., 1., 1.]), colorSpace='rgb', contrast=1.0, depth=0, flipHoriz=False, flipVert=False, image='icon/checkmark.png', interpolate=False, mask=None, maskParams=None, name='unnamed ImageStim', opacity=1.0, ori=0.0, pos=array([0., 0.]), size=array([0.41190476, 0.64761905]), texRes=128, units='norm', win=Window(...))
203.7186 	EXP 	Created unnamed ImageStim = ImageStim(__class__=<class 'psychopy.visual.image.ImageStim'>, autoLog=True, color=array([1., 1., 1.]), colorSpace='rgb', contrast=1.0, depth=0, flipHoriz=False, flipVert=False, image='icon/redx.png', interpolate=False, mask=None, maskParams=None, name='unnamed ImageStim', opacity=1.0, ori=0.0, pos=array([0., 0.]), size=array([0.42857143, 0.68571429]), texRes=128, units='norm', win=Window(...))
203.7318 	EXP 	Created unnamed ImageStim = ImageStim(__class__=<class 'psychopy.visual.image.ImageStim'>, autoLog=True, color=array([1., 1., 1.]), colorSpace='rgb', contrast=1.0, depth=0, flipHoriz=False, flipVert=False, image='icon/thumbsup.png', interpolate=False, mask=None, maskParams=None, name='unnamed ImageStim', opacity=1.0, ori=0.0, pos=array([0., 0.]), size=array([0.57142857, 0.97714286]), texRes=128, units='norm', win=Window(...))
203.7716 	DATA 	Keypress: space
203.8195 	EXP 	image_2: autoDraw = False
203.8195 	EXP 	text_4: autoDraw = False
203.8195 	EXP 	question1_3: text = '1: When the clients arrive at the airport, how much time do they have until their flight departs?\n'
203.8195 	EXP 	question2_3: text = '2: What section and seat are roped off on the plane?'
203.8195 	EXP 	question3_3: text = '3: What section and seat does each client sit in on the plane?\n'
203.8195 	EXP 	question4_3: text = '4: What is the reason for the hold-up at security?'
203.8195 	EXP 	question5_3: text = '5: Toward which security line are the clients walking?'
203.8195 	EXP 	question6_3: text = '6: Toward which gate are the clients walking?\n'
203.8195 	EXP 	question1_3: autoDraw = True
203.8195 	EXP 	question2_3: autoDraw = True
203.8195 	EXP 	question3_3: autoDraw = True
203.8195 	EXP 	question4_3: autoDraw = True
203.8195 	EXP 	question5_3: autoDraw = True
203.8195 	EXP 	question6_3: autoDraw = True
203.8195 	EXP 	image_4: autoDraw = True
206.1803 	DATA 	Keypress: 1
215.3826 	DATA 	Keypress: 4
221.9549 	DATA 	Keypress: 5
222.9931 	EXP 	New trial (rep=1, index=0): OrderedDict([('Q1', 'When the clients arrive at the airport, how much time do they have until their flight departs?\n'), ('Q2', 'What is the reason for the hold-up at security?'), ('Q3', 'Toward which gate are the clients walking?\n'), ('Q4', 'What section and seat does each client sit in on the plane?\n'), ('D1', 'Toward which security line are the clients walking?'), ('D2', 'What section and seat are roped off on the plane?'), ('roleName', 'Airport Customer Experience Manager'), ('rolePic', 'jobphotos/acem.jpg')])
223.0200 	EXP 	question1_3: autoDraw = False
223.0200 	EXP 	question2_3: autoDraw = False
223.0200 	EXP 	question3_3: autoDraw = False
223.0200 	EXP 	question4_3: autoDraw = False
223.0200 	EXP 	question5_3: autoDraw = False
223.0200 	EXP 	question6_3: autoDraw = False
223.0200 	EXP 	image_4: autoDraw = False
223.0200 	EXP 	image_2: image = 'jobphotos/acem.jpg'
223.0200 	EXP 	text_4: text = 'Airport Customer Experience Manager'
223.0200 	EXP 	image_2: autoDraw = True
223.0200 	EXP 	text_4: autoDraw = True
224.7923 	EXP 	Created unnamed ImageStim = ImageStim(__class__=<class 'psychopy.visual.image.ImageStim'>, autoLog=True, color=array([1., 1., 1.]), colorSpace='rgb', contrast=1.0, depth=0, flipHoriz=False, flipVert=False, image='icon/checkmark.png', interpolate=False, mask=None, maskParams=None, name='unnamed ImageStim', opacity=1.0, ori=0.0, pos=array([0., 0.]), size=array([0.41190476, 0.64761905]), texRes=128, units='norm', win=Window(...))
224.7974 	EXP 	Created unnamed ImageStim = ImageStim(__class__=<class 'psychopy.visual.image.ImageStim'>, autoLog=True, color=array([1., 1., 1.]), colorSpace='rgb', contrast=1.0, depth=0, flipHoriz=False, flipVert=False, image='icon/redx.png', interpolate=False, mask=None, maskParams=None, name='unnamed ImageStim', opacity=1.0, ori=0.0, pos=array([0., 0.]), size=array([0.42857143, 0.68571429]), texRes=128, units='norm', win=Window(...))
224.8106 	EXP 	Created unnamed ImageStim = ImageStim(__class__=<class 'psychopy.visual.image.ImageStim'>, autoLog=True, color=array([1., 1., 1.]), colorSpace='rgb', contrast=1.0, depth=0, flipHoriz=False, flipVert=False, image='icon/thumbsup.png', interpolate=False, mask=None, maskParams=None, name='unnamed ImageStim', opacity=1.0, ori=0.0, pos=array([0., 0.]), size=array([0.57142857, 0.97714286]), texRes=128, units='norm', win=Window(...))
224.8649 	DATA 	Keypress: space
224.9031 	EXP 	image_2: autoDraw = False
224.9031 	EXP 	text_4: autoDraw = False
224.9031 	EXP 	question1_3: text = '1: What section and seat does each client sit in on the plane?\n'
224.9031 	EXP 	question2_3: text = '2: What is the reason for the hold-up at security?'
224.9031 	EXP 	question3_3: text = '3: Toward which gate are the clients walking?\n'
224.9031 	EXP 	question4_3: text = '4: Toward which security line are the clients walking?'
224.9031 	EXP 	question5_3: text = '5: When the clients arrive at the airport, how much time do they have until their flight departs?\n'
224.9031 	EXP 	question6_3: text = '6: What section and seat are roped off on the plane?'
224.9031 	EXP 	question1_3: autoDraw = True
224.9031 	EXP 	question2_3: autoDraw = True
224.9031 	EXP 	question3_3: autoDraw = True
224.9031 	EXP 	question4_3: autoDraw = True
224.9031 	EXP 	question5_3: autoDraw = True
224.9031 	EXP 	question6_3: autoDraw = True
224.9031 	EXP 	image_4: autoDraw = True
235.9031 	DATA 	Keypress: 5
267.1453 	DATA 	Keypress: 2
268.8705 	DATA 	Keypress: 3
272.3301 	DATA 	Keypress: 1
274.0786 	EXP 	New trial (rep=0, index=3): OrderedDict([('count', 0)])
274.0968 	EXP 	Imported intro_roles/s0.xlsx as conditions, 1 conditions, 8 params
274.0970 	EXP 	Created sequence: sequential, trialTypes=1, nReps=7, seed=None
274.0976 	EXP 	New trial (rep=0, index=0): OrderedDict([('Q1', 'For how long has the initiator of the breakup been thinking about breaking up with his/her partner?'), ('Q2', 'What is the initial reason stated by the initiator for why he/she is breaking up?\n'), ('Q3', 'Does the person who is being broken up with want to break up, and what’s the reason stated by them for this?'), ('Q4', 'Who wants what items back as a result of the breakup?'), ('D1', 'What is the initial reason stated by the initiator for why he/she wanted to meet?'), ('D2', 'Who wants how many letters burned as a result of the breakup?'), ('roleName', 'Couples Therapist\n'), ('rolePic', 'jobphotos/couples.jpg')])
274.1358 	EXP 	question1_3: autoDraw = False
274.1358 	EXP 	question2_3: autoDraw = False
274.1358 	EXP 	question3_3: autoDraw = False
274.1358 	EXP 	question4_3: autoDraw = False
274.1358 	EXP 	question5_3: autoDraw = False
274.1358 	EXP 	question6_3: autoDraw = False
274.1358 	EXP 	image_4: autoDraw = False
274.1358 	EXP 	image_2: image = 'jobphotos/couples.jpg'
274.1358 	EXP 	text_4: text = 'Couples Therapist\n'
274.1358 	EXP 	image_2: autoDraw = True
274.1358 	EXP 	text_4: autoDraw = True
275.5252 	EXP 	Created unnamed ImageStim = ImageStim(__class__=<class 'psychopy.visual.image.ImageStim'>, autoLog=True, color=array([1., 1., 1.]), colorSpace='rgb', contrast=1.0, depth=0, flipHoriz=False, flipVert=False, image='icon/checkmark.png', interpolate=False, mask=None, maskParams=None, name='unnamed ImageStim', opacity=1.0, ori=0.0, pos=array([0., 0.]), size=array([0.41190476, 0.64761905]), texRes=128, units='norm', win=Window(...))
275.5302 	EXP 	Created unnamed ImageStim = ImageStim(__class__=<class 'psychopy.visual.image.ImageStim'>, autoLog=True, color=array([1., 1., 1.]), colorSpace='rgb', contrast=1.0, depth=0, flipHoriz=False, flipVert=False, image='icon/redx.png', interpolate=False, mask=None, maskParams=None, name='unnamed ImageStim', opacity=1.0, ori=0.0, pos=array([0., 0.]), size=array([0.42857143, 0.68571429]), texRes=128, units='norm', win=Window(...))
275.5435 	EXP 	Created unnamed ImageStim = ImageStim(__class__=<class 'psychopy.visual.image.ImageStim'>, autoLog=True, color=array([1., 1., 1.]), colorSpace='rgb', contrast=1.0, depth=0, flipHoriz=False, flipVert=False, image='icon/thumbsup.png', interpolate=False, mask=None, maskParams=None, name='unnamed ImageStim', opacity=1.0, ori=0.0, pos=array([0., 0.]), size=array([0.57142857, 0.97714286]), texRes=128, units='norm', win=Window(...))
275.5929 	DATA 	Keypress: space
275.6349 	EXP 	image_2: autoDraw = False
275.6349 	EXP 	text_4: autoDraw = False
275.6349 	EXP 	question1_3: text = '1: For how long has the initiator of the breakup been thinking about breaking up with his/her partner?'
275.6349 	EXP 	question2_3: text = '2: Does the person who is being broken up with want to break up, and what’s the reason stated by them for this?'
275.6349 	EXP 	question3_3: text = '3: What is the initial reason stated by the initiator for why he/she is breaking up?\n'
275.6349 	EXP 	question4_3: text = '4: Who wants how many letters burned as a result of the breakup?'
275.6349 	EXP 	question5_3: text = '5: Who wants what items back as a result of the breakup?'
275.6349 	EXP 	question6_3: text = '6: What is the initial reason stated by the initiator for why he/she wanted to meet?'
275.6349 	EXP 	question1_3: autoDraw = True
275.6349 	EXP 	question2_3: autoDraw = True
275.6349 	EXP 	question3_3: autoDraw = True
275.6349 	EXP 	question4_3: autoDraw = True
275.6349 	EXP 	question5_3: autoDraw = True
275.6349 	EXP 	question6_3: autoDraw = True
275.6349 	EXP 	image_4: autoDraw = True
294.7973 	DATA 	Keypress: 1
299.6551 	DATA 	Keypress: 6
300.6928 	EXP 	New trial (rep=1, index=0): OrderedDict([('Q1', 'For how long has the initiator of the breakup been thinking about breaking up with his/her partner?'), ('Q2', 'What is the initial reason stated by the initiator for why he/she is breaking up?\n'), ('Q3', 'Does the person who is being broken up with want to break up, and what’s the reason stated by them for this?'), ('Q4', 'Who wants what items back as a result of the breakup?'), ('D1', 'What is the initial reason stated by the initiator for why he/she wanted to meet?'), ('D2', 'Who wants how many letters burned as a result of the breakup?'), ('roleName', 'Couples Therapist\n'), ('rolePic', 'jobphotos/couples.jpg')])
300.7186 	EXP 	question1_3: autoDraw = False
300.7186 	EXP 	question2_3: autoDraw = False
300.7186 	EXP 	question3_3: autoDraw = False
300.7186 	EXP 	question4_3: autoDraw = False
300.7186 	EXP 	question5_3: autoDraw = False
300.7186 	EXP 	question6_3: autoDraw = False
300.7186 	EXP 	image_4: autoDraw = False
300.7186 	EXP 	image_2: image = 'jobphotos/couples.jpg'
300.7186 	EXP 	text_4: text = 'Couples Therapist\n'
300.7186 	EXP 	image_2: autoDraw = True
300.7186 	EXP 	text_4: autoDraw = True
301.5604 	EXP 	Created unnamed ImageStim = ImageStim(__class__=<class 'psychopy.visual.image.ImageStim'>, autoLog=True, color=array([1., 1., 1.]), colorSpace='rgb', contrast=1.0, depth=0, flipHoriz=False, flipVert=False, image='icon/checkmark.png', interpolate=False, mask=None, maskParams=None, name='unnamed ImageStim', opacity=1.0, ori=0.0, pos=array([0., 0.]), size=array([0.41190476, 0.64761905]), texRes=128, units='norm', win=Window(...))
301.5654 	EXP 	Created unnamed ImageStim = ImageStim(__class__=<class 'psychopy.visual.image.ImageStim'>, autoLog=True, color=array([1., 1., 1.]), colorSpace='rgb', contrast=1.0, depth=0, flipHoriz=False, flipVert=False, image='icon/redx.png', interpolate=False, mask=None, maskParams=None, name='unnamed ImageStim', opacity=1.0, ori=0.0, pos=array([0., 0.]), size=array([0.42857143, 0.68571429]), texRes=128, units='norm', win=Window(...))
301.5786 	EXP 	Created unnamed ImageStim = ImageStim(__class__=<class 'psychopy.visual.image.ImageStim'>, autoLog=True, color=array([1., 1., 1.]), colorSpace='rgb', contrast=1.0, depth=0, flipHoriz=False, flipVert=False, image='icon/thumbsup.png', interpolate=False, mask=None, maskParams=None, name='unnamed ImageStim', opacity=1.0, ori=0.0, pos=array([0., 0.]), size=array([0.57142857, 0.97714286]), texRes=128, units='norm', win=Window(...))
301.6441 	DATA 	Keypress: space
301.6855 	EXP 	image_2: autoDraw = False
301.6855 	EXP 	text_4: autoDraw = False
301.6855 	EXP 	question1_3: text = '1: What is the initial reason stated by the initiator for why he/she wanted to meet?'
301.6855 	EXP 	question2_3: text = '2: What is the initial reason stated by the initiator for why he/she is breaking up?\n'
301.6855 	EXP 	question3_3: text = '3: Who wants how many letters burned as a result of the breakup?'
301.6855 	EXP 	question4_3: text = '4: Who wants what items back as a result of the breakup?'
301.6855 	EXP 	question5_3: text = '5: For how long has the initiator of the breakup been thinking about breaking up with his/her partner?'
301.6855 	EXP 	question6_3: text = '6: Does the person who is being broken up with want to break up, and what’s the reason stated by them for this?'
301.6855 	EXP 	question1_3: autoDraw = True
301.6855 	EXP 	question2_3: autoDraw = True
301.6855 	EXP 	question3_3: autoDraw = True
301.6855 	EXP 	question4_3: autoDraw = True
301.6855 	EXP 	question5_3: autoDraw = True
301.6855 	EXP 	question6_3: autoDraw = True
301.6855 	EXP 	image_4: autoDraw = True
309.1776 	DATA 	Keypress: 5
311.1543 	DATA 	Keypress: 2
314.7115 	DATA 	Keypress: 6
317.4028 	DATA 	Keypress: 4
319.1506 	EXP 	question1_3: autoDraw = False
319.1506 	EXP 	question2_3: autoDraw = False
319.1506 	EXP 	question3_3: autoDraw = False
319.1506 	EXP 	question4_3: autoDraw = False
319.1506 	EXP 	question5_3: autoDraw = False
319.1506 	EXP 	question6_3: autoDraw = False
319.1506 	EXP 	image_4: autoDraw = False
319.1506 	EXP 	text_2: autoDraw = True
319.6533 	DATA 	Keypress: space
324.1515 	EXP 	text_2: autoDraw = False
324.1515 	EXP 	text_2: autoDraw = False
324.4544 	EXP 	window1: mouseVisible = True
